<?xml version="1.0" encoding="UTF-8"?>
<testsuite xmlns:xsi="http://www.w3.org/2001/XMLSchema-instance" xsi:noNamespaceSchemaLocation="https://maven.apache.org/surefire/maven-surefire-plugin/xsd/surefire-test-report.xsd" name="TestSuite" time="46.993" tests="2" errors="0" skipped="0" failures="1">
  <properties>
    <property name="java.runtime.name" value="Java(TM) SE Runtime Environment"/>
    <property name="sun.boot.library.path" value="D:\app\Java\jdk1.8.0_111\jre\bin"/>
    <property name="java.vm.version" value="25.111-b14"/>
    <property name="java.vm.vendor" value="Oracle Corporation"/>
    <property name="maven.multiModuleProjectDirectory" value="D:\selenium_java"/>
    <property name="java.vendor.url" value="http://java.oracle.com/"/>
    <property name="path.separator" value=";"/>
    <property name="guice.disable.misplaced.annotation.check" value="true"/>
    <property name="java.vm.name" value="Java HotSpot(TM) 64-Bit Server VM"/>
    <property name="file.encoding.pkg" value="sun.io"/>
    <property name="user.script" value=""/>
    <property name="user.country" value="CN"/>
    <property name="sun.java.launcher" value="SUN_STANDARD"/>
    <property name="sun.os.patch.level" value="Service Pack 1"/>
    <property name="java.vm.specification.name" value="Java Virtual Machine Specification"/>
    <property name="user.dir" value="D:\selenium_java"/>
    <property name="java.runtime.version" value="1.8.0_111-b14"/>
    <property name="java.awt.graphicsenv" value="sun.awt.Win32GraphicsEnvironment"/>
    <property name="java.endorsed.dirs" value="D:\app\Java\jdk1.8.0_111\jre\lib\endorsed"/>
    <property name="os.arch" value="amd64"/>
    <property name="java.io.tmpdir" value="C:\Users\SWX458~1\AppData\Local\Temp\"/>
    <property name="line.separator" value="&#10;"/>
    <property name="java.vm.specification.vendor" value="Oracle Corporation"/>
    <property name="user.variant" value=""/>
    <property name="os.name" value="Windows 7"/>
    <property name="classworlds.conf" value="D:\app\apache-maven-3.5.0\bin\..\bin\m2.conf"/>
    <property name="sun.jnu.encoding" value="GBK"/>
    <property name="java.library.path" value="D:\app\Java\jdk1.8.0_111\bin;C:\Windows\Sun\Java\bin;C:\Windows\system32;C:\Windows;C:\ProgramData\Oracle\Java\javapath;C:\Windows\system32;C:\Windows;C:\Windows\System32\Wbem;C:\Windows\System32\WindowsPowerShell\v1.0\;C:\Program Files\OpenVPN\bin;D:\app\Java\jdk1.8.0_111\bin;D:\app\Python34;D:\app\Python34\Scripts;D:\app\PICT\;D:\app\TortoiseSVN\bin;D:\app\mysql-5.7.17-winx64\bin;D:\app\apache-maven-3.5.0\bin;C:\Program Files\Oracle\VirtualBox\;D:\app\apache-maven-3.5.0\bin;%ADB_HOME%;D:\app\nodejs\;D:\app\Java\jdk1.8.0_111\bin;D:\app\Java\jdk1.8.0_111\jre\bin;D:\app\android-sdk\platform-tools;D:\app\android-sdk\tools;C:\Program Files\Git\cmd;C:\ProgramData\Oracle\Java\javapath;C:\Windows\system32;C:\Windows;C:\Windows\System32\Wbem;C:\Windows\System32\WindowsPowerShell\v1.0\;C:\Program Files\OpenVPN\bin;D:\app\Java\jdk1.8.0_111\bin;D:\app\ApkToolkit\bin;D:\app\Python34;D:\app\Python34\Scripts;D:\app\PICT\;D:\app\TortoiseSVN\bin;D:\app\mysql-5.7.17-winx64\bin;C:\Program Files (x86)\Spoon\Cmd;C:\Users\swx458348\.babun;C:\Users\swx458348\AppData\Roaming\npm;C:\Program Files\Docker Toolbox;."/>
    <property name="maven.conf" value="D:\app\apache-maven-3.5.0\bin\../conf"/>
    <property name="java.specification.name" value="Java Platform API Specification"/>
    <property name="java.class.version" value="52.0"/>
    <property name="sun.management.compiler" value="HotSpot 64-Bit Tiered Compilers"/>
    <property name="os.version" value="6.1"/>
    <property name="library.jansi.path" value="D:\app\apache-maven-3.5.0\bin\..\lib\jansi-native\windows64"/>
    <property name="user.home" value="C:\Users\swx458348"/>
    <property name="user.timezone" value="Asia/Shanghai"/>
    <property name="java.awt.printerjob" value="sun.awt.windows.WPrinterJob"/>
    <property name="java.specification.version" value="1.8"/>
    <property name="file.encoding" value="GBK"/>
    <property name="user.name" value="sWX458348"/>
    <property name="java.class.path" value="D:\app\apache-maven-3.5.0\bin\..\boot\plexus-classworlds-2.5.2.jar"/>
    <property name="java.vm.specification.version" value="1.8"/>
    <property name="sun.arch.data.model" value="64"/>
    <property name="java.home" value="D:\app\Java\jdk1.8.0_111\jre"/>
    <property name="sun.java.command" value="org.codehaus.plexus.classworlds.launcher.Launcher test"/>
    <property name="java.specification.vendor" value="Oracle Corporation"/>
    <property name="user.language" value="zh"/>
    <property name="awt.toolkit" value="sun.awt.windows.WToolkit"/>
    <property name="java.vm.info" value="mixed mode"/>
    <property name="java.version" value="1.8.0_111"/>
    <property name="java.ext.dirs" value="D:\app\Java\jdk1.8.0_111\jre\lib\ext;C:\Windows\Sun\Java\lib\ext"/>
    <property name="sun.boot.class.path" value="D:\app\Java\jdk1.8.0_111\jre\lib\resources.jar;D:\app\Java\jdk1.8.0_111\jre\lib\rt.jar;D:\app\Java\jdk1.8.0_111\jre\lib\sunrsasign.jar;D:\app\Java\jdk1.8.0_111\jre\lib\jsse.jar;D:\app\Java\jdk1.8.0_111\jre\lib\jce.jar;D:\app\Java\jdk1.8.0_111\jre\lib\charsets.jar;D:\app\Java\jdk1.8.0_111\jre\lib\jfr.jar;D:\app\Java\jdk1.8.0_111\jre\classes"/>
    <property name="sun.stderr.encoding" value="ms936"/>
    <property name="java.vendor" value="Oracle Corporation"/>
    <property name="maven.home" value="D:\app\apache-maven-3.5.0\bin\.."/>
    <property name="file.separator" value="\"/>
    <property name="java.vendor.url.bug" value="http://bugreport.sun.com/bugreport/"/>
    <property name="sun.cpu.endian" value="little"/>
    <property name="sun.io.unicode.encoding" value="UnicodeLittle"/>
    <property name="sun.stdout.encoding" value="ms936"/>
    <property name="sun.desktop" value="windows"/>
    <property name="sun.cpu.isalist" value="amd64"/>
  </properties>
  <testcase name="testLogin" classname="test.LoginTest" time="7.957"/>
  <testcase name="testApplyContinue" classname="test.ApplyContinueTest" time="28.575">
    <failure message="Expected condition failed: waiting for presence of element located by: By.xpath: //*[@id=&quot;wiseoper-content&quot;]/div[3]/div/div[1]/span[3] (tried for 10 second(s) with 500 MILLISECONDS interval)" type="org.openqa.selenium.TimeoutException">org.openqa.selenium.TimeoutException: Expected condition failed: waiting for presence of element located by: By.xpath: //*[@id="wiseoper-content"]/div[3]/div/div[1]/span[3] (tried for 10 second(s) with 500 MILLISECONDS interval)
	at test.ApplyContinueTest.testApplyContinue(ApplyContinueTest.java:32)
Caused by: org.openqa.selenium.NoSuchElementException: 
Cannot locate an element using By.xpath: //*[@id="wiseoper-content"]/div[3]/div/div[1]/span[3]
For documentation on this error, please visit: http://seleniumhq.org/exceptions/no_such_element.html
Build info: version: '3.4.0', revision: 'unknown', time: 'unknown'
System info: host: '4CV65290DX', ip: '192.168.1.180', os.name: 'Windows 7', os.arch: 'amd64', os.version: '6.1', java.version: '1.8.0_111'
Driver info: driver.version: unknown
	at test.ApplyContinueTest.testApplyContinue(ApplyContinueTest.java:32)
</failure>
    <system-out><![CDATA[[DEBUG] 2017-07-05 17:47:42,223 method:org.apache.http.client.protocol.RequestAddCookies.process(RequestAddCookies.java:123)
CookieSpec selected: default
[DEBUG] 2017-07-05 17:47:42,223 method:org.apache.http.client.protocol.RequestAuthCache.process(RequestAuthCache.java:77)
Auth cache not set in the context
[DEBUG] 2017-07-05 17:47:42,223 method:org.apache.http.impl.conn.PoolingHttpClientConnectionManager.requestConnection(PoolingHttpClientConnectionManager.java:255)
Connection request: [route: {}->http://localhost:24480][total kept alive: 0; route allocated: 0 of 2000; total allocated: 0 of 2000]
[DEBUG] 2017-07-05 17:47:42,224 method:org.apache.http.impl.conn.PoolingHttpClientConnectionManager.leaseConnection(PoolingHttpClientConnectionManager.java:288)
Connection leased: [id: 21][route: {}->http://localhost:24480][total kept alive: 0; route allocated: 1 of 2000; total allocated: 1 of 2000]
[DEBUG] 2017-07-05 17:47:42,224 method:org.apache.http.impl.execchain.MainClientExec.execute(MainClientExec.java:235)
Opening connection {}->http://localhost:24480
[DEBUG] 2017-07-05 17:47:42,224 method:org.apache.http.impl.conn.DefaultHttpClientConnectionOperator.connect(DefaultHttpClientConnectionOperator.java:139)
Connecting to localhost/127.0.0.1:24480
[DEBUG] 2017-07-05 17:47:42,225 method:org.apache.http.impl.conn.DefaultHttpClientConnectionOperator.connect(DefaultHttpClientConnectionOperator.java:146)
Connection established 127.0.0.1:63092<->127.0.0.1:24480
[DEBUG] 2017-07-05 17:47:42,225 method:org.apache.http.impl.conn.LoggingManagedHttpClientConnection.setSocketTimeout(LoggingManagedHttpClientConnection.java:88)
http-outgoing-21: set socket timeout to 10800000
[DEBUG] 2017-07-05 17:47:42,225 method:org.apache.http.impl.execchain.MainClientExec.execute(MainClientExec.java:256)
Executing request DELETE /session/e3c171d769c9cc9797ba84aed566d935 HTTP/1.1
[DEBUG] 2017-07-05 17:47:42,226 method:org.apache.http.impl.execchain.MainClientExec.execute(MainClientExec.java:261)
Target auth state: UNCHALLENGED
[DEBUG] 2017-07-05 17:47:42,226 method:org.apache.http.impl.execchain.MainClientExec.execute(MainClientExec.java:267)
Proxy auth state: UNCHALLENGED
[DEBUG] 2017-07-05 17:47:42,226 method:org.apache.http.impl.conn.LoggingManagedHttpClientConnection.onRequestSubmitted(LoggingManagedHttpClientConnection.java:133)
http-outgoing-21 >> DELETE /session/e3c171d769c9cc9797ba84aed566d935 HTTP/1.1
[DEBUG] 2017-07-05 17:47:42,226 method:org.apache.http.impl.conn.LoggingManagedHttpClientConnection.onRequestSubmitted(LoggingManagedHttpClientConnection.java:136)
http-outgoing-21 >> Host: localhost:24480
[DEBUG] 2017-07-05 17:47:42,226 method:org.apache.http.impl.conn.LoggingManagedHttpClientConnection.onRequestSubmitted(LoggingManagedHttpClientConnection.java:136)
http-outgoing-21 >> Connection: Keep-Alive
[DEBUG] 2017-07-05 17:47:42,226 method:org.apache.http.impl.conn.LoggingManagedHttpClientConnection.onRequestSubmitted(LoggingManagedHttpClientConnection.java:136)
http-outgoing-21 >> User-Agent: Apache-HttpClient/4.5.3 (Java/1.8.0_111)
[DEBUG] 2017-07-05 17:47:42,226 method:org.apache.http.impl.conn.LoggingManagedHttpClientConnection.onRequestSubmitted(LoggingManagedHttpClientConnection.java:136)
http-outgoing-21 >> Accept-Encoding: gzip,deflate
[DEBUG] 2017-07-05 17:47:42,227 method:org.apache.http.impl.conn.Wire.wire(Wire.java:73)
http-outgoing-21 >> "DELETE /session/e3c171d769c9cc9797ba84aed566d935 HTTP/1.1[\r][\n]"
[DEBUG] 2017-07-05 17:47:42,227 method:org.apache.http.impl.conn.Wire.wire(Wire.java:73)
http-outgoing-21 >> "Host: localhost:24480[\r][\n]"
[DEBUG] 2017-07-05 17:47:42,227 method:org.apache.http.impl.conn.Wire.wire(Wire.java:73)
http-outgoing-21 >> "Connection: Keep-Alive[\r][\n]"
[DEBUG] 2017-07-05 17:47:42,227 method:org.apache.http.impl.conn.Wire.wire(Wire.java:73)
http-outgoing-21 >> "User-Agent: Apache-HttpClient/4.5.3 (Java/1.8.0_111)[\r][\n]"
[DEBUG] 2017-07-05 17:47:42,227 method:org.apache.http.impl.conn.Wire.wire(Wire.java:73)
http-outgoing-21 >> "Accept-Encoding: gzip,deflate[\r][\n]"
[DEBUG] 2017-07-05 17:47:42,227 method:org.apache.http.impl.conn.Wire.wire(Wire.java:73)
http-outgoing-21 >> "[\r][\n]"
[DEBUG] 2017-07-05 17:47:42,255 method:org.apache.http.impl.conn.Wire.wire(Wire.java:73)
http-outgoing-21 << "HTTP/1.1 200 OK[\r][\n]"
[DEBUG] 2017-07-05 17:47:42,256 method:org.apache.http.impl.conn.Wire.wire(Wire.java:73)
http-outgoing-21 << "Content-Length:72[\r][\n]"
[DEBUG] 2017-07-05 17:47:42,257 method:org.apache.http.impl.conn.Wire.wire(Wire.java:73)
http-outgoing-21 << "Content-Type:application/json; charset=utf-8[\r][\n]"
[DEBUG] 2017-07-05 17:47:42,257 method:org.apache.http.impl.conn.Wire.wire(Wire.java:73)
http-outgoing-21 << "Connection:close[\r][\n]"
[DEBUG] 2017-07-05 17:47:42,257 method:org.apache.http.impl.conn.Wire.wire(Wire.java:73)
http-outgoing-21 << "[\r][\n]"
[DEBUG] 2017-07-05 17:47:42,257 method:org.apache.http.impl.conn.Wire.wire(Wire.java:87)
http-outgoing-21 << "{"sessionId":"e3c171d769c9cc9797ba84aed566d935","status":0,"value":null}"
[DEBUG] 2017-07-05 17:47:42,257 method:org.apache.http.impl.conn.LoggingManagedHttpClientConnection.onResponseReceived(LoggingManagedHttpClientConnection.java:122)
http-outgoing-21 << HTTP/1.1 200 OK
[DEBUG] 2017-07-05 17:47:42,257 method:org.apache.http.impl.conn.LoggingManagedHttpClientConnection.onResponseReceived(LoggingManagedHttpClientConnection.java:125)
http-outgoing-21 << Content-Length:72
[DEBUG] 2017-07-05 17:47:42,257 method:org.apache.http.impl.conn.LoggingManagedHttpClientConnection.onResponseReceived(LoggingManagedHttpClientConnection.java:125)
http-outgoing-21 << Content-Type:application/json; charset=utf-8
[DEBUG] 2017-07-05 17:47:42,257 method:org.apache.http.impl.conn.LoggingManagedHttpClientConnection.onResponseReceived(LoggingManagedHttpClientConnection.java:125)
http-outgoing-21 << Connection:close
[DEBUG] 2017-07-05 17:47:42,258 method:org.apache.http.impl.conn.LoggingManagedHttpClientConnection.close(LoggingManagedHttpClientConnection.java:79)
http-outgoing-21: Close connection
[DEBUG] 2017-07-05 17:47:42,258 method:org.apache.http.impl.execchain.ConnectionHolder.releaseConnection(ConnectionHolder.java:104)
Connection discarded
[DEBUG] 2017-07-05 17:47:42,258 method:org.apache.http.impl.conn.PoolingHttpClientConnectionManager.releaseConnection(PoolingHttpClientConnectionManager.java:326)
Connection released: [id: 21][route: {}->http://localhost:24480][total kept alive: 0; route allocated: 0 of 2000; total allocated: 0 of 2000]
[DEBUG] 2017-07-05 17:47:42,264 method:org.apache.http.impl.conn.PoolingHttpClientConnectionManager.closeIdleConnections(PoolingHttpClientConnectionManager.java:407)
Closing connections idle longer than 0 SECONDS
[DEBUG] 2017-07-05 17:47:43,062 method:freemarker.log._Log4jLoggerFactory$Log4jLogger.debug(_Log4jLoggerFactory.java:45)
Couldn't find template in cache for "index.ftl"("en", UTF-8, parsed); will try to load it.
[DEBUG] 2017-07-05 17:47:43,063 method:freemarker.log._Log4jLoggerFactory$Log4jLogger.debug(_Log4jLoggerFactory.java:45)
TemplateLoader.findTemplateSource("index_en.ftl"): Not found
[DEBUG] 2017-07-05 17:47:43,064 method:freemarker.log._Log4jLoggerFactory$Log4jLogger.debug(_Log4jLoggerFactory.java:45)
TemplateLoader.findTemplateSource("index.ftl"): Found
[DEBUG] 2017-07-05 17:47:43,065 method:freemarker.log._Log4jLoggerFactory$Log4jLogger.debug(_Log4jLoggerFactory.java:45)
Loading template for "index.ftl"("en", UTF-8, parsed) from "jar:file:/D:/maven/repository/com/aventstack/extentreports/3.0.5/extentreports-3.0.5.jar!/com/aventstack/extentreports/view/html-report/index.ftl"
[DEBUG] 2017-07-05 17:47:43,216 method:freemarker.log._Log4jLoggerFactory$Log4jLogger.debug(_Log4jLoggerFactory.java:45)
Couldn't find template in cache for "head.ftl"("en", UTF-8, parsed); will try to load it.
[DEBUG] 2017-07-05 17:47:43,216 method:freemarker.log._Log4jLoggerFactory$Log4jLogger.debug(_Log4jLoggerFactory.java:45)
TemplateLoader.findTemplateSource("head_en.ftl"): Not found
[DEBUG] 2017-07-05 17:47:43,216 method:freemarker.log._Log4jLoggerFactory$Log4jLogger.debug(_Log4jLoggerFactory.java:45)
TemplateLoader.findTemplateSource("head.ftl"): Found
[DEBUG] 2017-07-05 17:47:43,216 method:freemarker.log._Log4jLoggerFactory$Log4jLogger.debug(_Log4jLoggerFactory.java:45)
Loading template for "head.ftl"("en", UTF-8, parsed) from "jar:file:/D:/maven/repository/com/aventstack/extentreports/3.0.5/extentreports-3.0.5.jar!/com/aventstack/extentreports/view/html-report/head.ftl"
[DEBUG] 2017-07-05 17:47:43,219 method:freemarker.log._Log4jLoggerFactory$Log4jLogger.debug(_Log4jLoggerFactory.java:45)
Couldn't find template in cache for "nav.ftl"("en", UTF-8, parsed); will try to load it.
[DEBUG] 2017-07-05 17:47:43,219 method:freemarker.log._Log4jLoggerFactory$Log4jLogger.debug(_Log4jLoggerFactory.java:45)
TemplateLoader.findTemplateSource("nav_en.ftl"): Not found
[DEBUG] 2017-07-05 17:47:43,220 method:freemarker.log._Log4jLoggerFactory$Log4jLogger.debug(_Log4jLoggerFactory.java:45)
TemplateLoader.findTemplateSource("nav.ftl"): Found
[DEBUG] 2017-07-05 17:47:43,220 method:freemarker.log._Log4jLoggerFactory$Log4jLogger.debug(_Log4jLoggerFactory.java:45)
Loading template for "nav.ftl"("en", UTF-8, parsed) from "jar:file:/D:/maven/repository/com/aventstack/extentreports/3.0.5/extentreports-3.0.5.jar!/com/aventstack/extentreports/view/html-report/nav.ftl"
[DEBUG] 2017-07-05 17:47:43,225 method:freemarker.log._Log4jLoggerFactory$Log4jLogger.debug(_Log4jLoggerFactory.java:45)
Couldn't find template in cache for "test-view/test-view.ftl"("en", UTF-8, parsed); will try to load it.
[DEBUG] 2017-07-05 17:47:43,225 method:freemarker.log._Log4jLoggerFactory$Log4jLogger.debug(_Log4jLoggerFactory.java:45)
TemplateLoader.findTemplateSource("test-view/test-view_en.ftl"): Not found
[DEBUG] 2017-07-05 17:47:43,225 method:freemarker.log._Log4jLoggerFactory$Log4jLogger.debug(_Log4jLoggerFactory.java:45)
TemplateLoader.findTemplateSource("test-view/test-view.ftl"): Found
[DEBUG] 2017-07-05 17:47:43,225 method:freemarker.log._Log4jLoggerFactory$Log4jLogger.debug(_Log4jLoggerFactory.java:45)
Loading template for "test-view/test-view.ftl"("en", UTF-8, parsed) from "jar:file:/D:/maven/repository/com/aventstack/extentreports/3.0.5/extentreports-3.0.5.jar!/com/aventstack/extentreports/view/html-report/test-view/test-view.ftl"
[DEBUG] 2017-07-05 17:47:43,238 method:freemarker.log._Log4jLoggerFactory$Log4jLogger.debug(_Log4jLoggerFactory.java:45)
Couldn't find template in cache for "test-view/standard.ftl"("en", UTF-8, parsed); will try to load it.
[DEBUG] 2017-07-05 17:47:43,238 method:freemarker.log._Log4jLoggerFactory$Log4jLogger.debug(_Log4jLoggerFactory.java:45)
TemplateLoader.findTemplateSource("test-view/standard_en.ftl"): Not found
[DEBUG] 2017-07-05 17:47:43,238 method:freemarker.log._Log4jLoggerFactory$Log4jLogger.debug(_Log4jLoggerFactory.java:45)
TemplateLoader.findTemplateSource("test-view/standard.ftl"): Found
[DEBUG] 2017-07-05 17:47:43,238 method:freemarker.log._Log4jLoggerFactory$Log4jLogger.debug(_Log4jLoggerFactory.java:45)
Loading template for "test-view/standard.ftl"("en", UTF-8, parsed) from "jar:file:/D:/maven/repository/com/aventstack/extentreports/3.0.5/extentreports-3.0.5.jar!/com/aventstack/extentreports/view/html-report/test-view/standard.ftl"
[DEBUG] 2017-07-05 17:47:43,248 method:freemarker.log._Log4jLoggerFactory$Log4jLogger.debug(_Log4jLoggerFactory.java:45)
Couldn't find template in cache for "test-view/test-view-charts.ftl"("en", UTF-8, parsed); will try to load it.
[DEBUG] 2017-07-05 17:47:43,248 method:freemarker.log._Log4jLoggerFactory$Log4jLogger.debug(_Log4jLoggerFactory.java:45)
TemplateLoader.findTemplateSource("test-view/test-view-charts_en.ftl"): Not found
[DEBUG] 2017-07-05 17:47:43,249 method:freemarker.log._Log4jLoggerFactory$Log4jLogger.debug(_Log4jLoggerFactory.java:45)
TemplateLoader.findTemplateSource("test-view/test-view-charts.ftl"): Found
[DEBUG] 2017-07-05 17:47:43,249 method:freemarker.log._Log4jLoggerFactory$Log4jLogger.debug(_Log4jLoggerFactory.java:45)
Loading template for "test-view/test-view-charts.ftl"("en", UTF-8, parsed) from "jar:file:/D:/maven/repository/com/aventstack/extentreports/3.0.5/extentreports-3.0.5.jar!/com/aventstack/extentreports/view/html-report/test-view/test-view-charts.ftl"
[DEBUG] 2017-07-05 17:47:43,253 method:freemarker.log._Log4jLoggerFactory$Log4jLogger.debug(_Log4jLoggerFactory.java:45)
Couldn't find template in cache for "category-view/category-view.ftl"("en", UTF-8, parsed); will try to load it.
[DEBUG] 2017-07-05 17:47:43,253 method:freemarker.log._Log4jLoggerFactory$Log4jLogger.debug(_Log4jLoggerFactory.java:45)
TemplateLoader.findTemplateSource("category-view/category-view_en.ftl"): Not found
[DEBUG] 2017-07-05 17:47:43,253 method:freemarker.log._Log4jLoggerFactory$Log4jLogger.debug(_Log4jLoggerFactory.java:45)
TemplateLoader.findTemplateSource("category-view/category-view.ftl"): Found
[DEBUG] 2017-07-05 17:47:43,254 method:freemarker.log._Log4jLoggerFactory$Log4jLogger.debug(_Log4jLoggerFactory.java:45)
Loading template for "category-view/category-view.ftl"("en", UTF-8, parsed) from "jar:file:/D:/maven/repository/com/aventstack/extentreports/3.0.5/extentreports-3.0.5.jar!/com/aventstack/extentreports/view/html-report/category-view/category-view.ftl"
[DEBUG] 2017-07-05 17:47:43,256 method:freemarker.log._Log4jLoggerFactory$Log4jLogger.debug(_Log4jLoggerFactory.java:45)
Couldn't find template in cache for "exception-view/exception-view.ftl"("en", UTF-8, parsed); will try to load it.
[DEBUG] 2017-07-05 17:47:43,257 method:freemarker.log._Log4jLoggerFactory$Log4jLogger.debug(_Log4jLoggerFactory.java:45)
TemplateLoader.findTemplateSource("exception-view/exception-view_en.ftl"): Not found
[DEBUG] 2017-07-05 17:47:43,257 method:freemarker.log._Log4jLoggerFactory$Log4jLogger.debug(_Log4jLoggerFactory.java:45)
TemplateLoader.findTemplateSource("exception-view/exception-view.ftl"): Found
[DEBUG] 2017-07-05 17:47:43,257 method:freemarker.log._Log4jLoggerFactory$Log4jLogger.debug(_Log4jLoggerFactory.java:45)
Loading template for "exception-view/exception-view.ftl"("en", UTF-8, parsed) from "jar:file:/D:/maven/repository/com/aventstack/extentreports/3.0.5/extentreports-3.0.5.jar!/com/aventstack/extentreports/view/html-report/exception-view/exception-view.ftl"
[DEBUG] 2017-07-05 17:47:43,259 method:freemarker.log._Log4jLoggerFactory$Log4jLogger.debug(_Log4jLoggerFactory.java:45)
Couldn't find template in cache for "dashboard-view/dashboard-view.ftl"("en", UTF-8, parsed); will try to load it.
[DEBUG] 2017-07-05 17:47:43,260 method:freemarker.log._Log4jLoggerFactory$Log4jLogger.debug(_Log4jLoggerFactory.java:45)
TemplateLoader.findTemplateSource("dashboard-view/dashboard-view_en.ftl"): Not found
[DEBUG] 2017-07-05 17:47:43,260 method:freemarker.log._Log4jLoggerFactory$Log4jLogger.debug(_Log4jLoggerFactory.java:45)
TemplateLoader.findTemplateSource("dashboard-view/dashboard-view.ftl"): Found
[DEBUG] 2017-07-05 17:47:43,260 method:freemarker.log._Log4jLoggerFactory$Log4jLogger.debug(_Log4jLoggerFactory.java:45)
Loading template for "dashboard-view/dashboard-view.ftl"("en", UTF-8, parsed) from "jar:file:/D:/maven/repository/com/aventstack/extentreports/3.0.5/extentreports-3.0.5.jar!/com/aventstack/extentreports/view/html-report/dashboard-view/dashboard-view.ftl"
[DEBUG] 2017-07-05 17:47:43,263 method:freemarker.log._Log4jLoggerFactory$Log4jLogger.debug(_Log4jLoggerFactory.java:45)
Couldn't find template in cache for "logs-view/testrunner-logs-view.ftl"("en", UTF-8, parsed); will try to load it.
[DEBUG] 2017-07-05 17:47:43,263 method:freemarker.log._Log4jLoggerFactory$Log4jLogger.debug(_Log4jLoggerFactory.java:45)
TemplateLoader.findTemplateSource("logs-view/testrunner-logs-view_en.ftl"): Not found
[DEBUG] 2017-07-05 17:47:43,264 method:freemarker.log._Log4jLoggerFactory$Log4jLogger.debug(_Log4jLoggerFactory.java:45)
TemplateLoader.findTemplateSource("logs-view/testrunner-logs-view.ftl"): Found
[DEBUG] 2017-07-05 17:47:43,264 method:freemarker.log._Log4jLoggerFactory$Log4jLogger.debug(_Log4jLoggerFactory.java:45)
Loading template for "logs-view/testrunner-logs-view.ftl"("en", UTF-8, parsed) from "jar:file:/D:/maven/repository/com/aventstack/extentreports/3.0.5/extentreports-3.0.5.jar!/com/aventstack/extentreports/view/html-report/logs-view/testrunner-logs-view.ftl"
[INFO ] 2017-07-05 17:47:43,267 method:util.TestMonitor.onFinish(TestMonitor.java:17)
Test 登录 Ends
[INFO ] 2017-07-05 17:47:43,267 method:util.TestMonitor.onFinish(TestMonitor.java:18)
---------------------------------------------------------
[INFO ] 2017-07-05 17:47:43,272 method:util.TestMonitor.onStart(TestMonitor.java:24)
Test 账号延期 Starts
[DEBUG] 2017-07-05 17:47:43,797 method:org.apache.http.client.protocol.RequestAddCookies.process(RequestAddCookies.java:123)
CookieSpec selected: default
[DEBUG] 2017-07-05 17:47:43,797 method:org.apache.http.client.protocol.RequestAuthCache.process(RequestAuthCache.java:77)
Auth cache not set in the context
[DEBUG] 2017-07-05 17:47:43,798 method:org.apache.http.impl.conn.PoolingHttpClientConnectionManager.requestConnection(PoolingHttpClientConnectionManager.java:255)
Connection request: [route: {}->http://localhost:5726][total kept alive: 0; route allocated: 0 of 2000; total allocated: 0 of 2000]
[DEBUG] 2017-07-05 17:47:43,798 method:org.apache.http.impl.conn.PoolingHttpClientConnectionManager.leaseConnection(PoolingHttpClientConnectionManager.java:288)
Connection leased: [id: 22][route: {}->http://localhost:5726][total kept alive: 0; route allocated: 1 of 2000; total allocated: 1 of 2000]
[DEBUG] 2017-07-05 17:47:43,798 method:org.apache.http.impl.execchain.MainClientExec.execute(MainClientExec.java:235)
Opening connection {}->http://localhost:5726
[DEBUG] 2017-07-05 17:47:43,798 method:org.apache.http.impl.conn.DefaultHttpClientConnectionOperator.connect(DefaultHttpClientConnectionOperator.java:139)
Connecting to localhost/127.0.0.1:5726
[DEBUG] 2017-07-05 17:47:43,799 method:org.apache.http.impl.conn.DefaultHttpClientConnectionOperator.connect(DefaultHttpClientConnectionOperator.java:146)
Connection established 127.0.0.1:63097<->127.0.0.1:5726
[DEBUG] 2017-07-05 17:47:43,799 method:org.apache.http.impl.conn.LoggingManagedHttpClientConnection.setSocketTimeout(LoggingManagedHttpClientConnection.java:88)
http-outgoing-22: set socket timeout to 10800000
[DEBUG] 2017-07-05 17:47:43,799 method:org.apache.http.impl.execchain.MainClientExec.execute(MainClientExec.java:256)
Executing request POST /session HTTP/1.1
[DEBUG] 2017-07-05 17:47:43,800 method:org.apache.http.impl.execchain.MainClientExec.execute(MainClientExec.java:261)
Target auth state: UNCHALLENGED
[DEBUG] 2017-07-05 17:47:43,800 method:org.apache.http.impl.execchain.MainClientExec.execute(MainClientExec.java:267)
Proxy auth state: UNCHALLENGED
[DEBUG] 2017-07-05 17:47:43,800 method:org.apache.http.impl.conn.LoggingManagedHttpClientConnection.onRequestSubmitted(LoggingManagedHttpClientConnection.java:133)
http-outgoing-22 >> POST /session HTTP/1.1
[DEBUG] 2017-07-05 17:47:43,800 method:org.apache.http.impl.conn.LoggingManagedHttpClientConnection.onRequestSubmitted(LoggingManagedHttpClientConnection.java:136)
http-outgoing-22 >> Content-Type: application/json; charset=utf-8
[DEBUG] 2017-07-05 17:47:43,800 method:org.apache.http.impl.conn.LoggingManagedHttpClientConnection.onRequestSubmitted(LoggingManagedHttpClientConnection.java:136)
http-outgoing-22 >> Content-Length: 550
[DEBUG] 2017-07-05 17:47:43,800 method:org.apache.http.impl.conn.LoggingManagedHttpClientConnection.onRequestSubmitted(LoggingManagedHttpClientConnection.java:136)
http-outgoing-22 >> Host: localhost:5726
[DEBUG] 2017-07-05 17:47:43,801 method:org.apache.http.impl.conn.LoggingManagedHttpClientConnection.onRequestSubmitted(LoggingManagedHttpClientConnection.java:136)
http-outgoing-22 >> Connection: Keep-Alive
[DEBUG] 2017-07-05 17:47:43,801 method:org.apache.http.impl.conn.LoggingManagedHttpClientConnection.onRequestSubmitted(LoggingManagedHttpClientConnection.java:136)
http-outgoing-22 >> User-Agent: Apache-HttpClient/4.5.3 (Java/1.8.0_111)
[DEBUG] 2017-07-05 17:47:43,801 method:org.apache.http.impl.conn.LoggingManagedHttpClientConnection.onRequestSubmitted(LoggingManagedHttpClientConnection.java:136)
http-outgoing-22 >> Accept-Encoding: gzip,deflate
[DEBUG] 2017-07-05 17:47:43,801 method:org.apache.http.impl.conn.Wire.wire(Wire.java:73)
http-outgoing-22 >> "POST /session HTTP/1.1[\r][\n]"
[DEBUG] 2017-07-05 17:47:43,801 method:org.apache.http.impl.conn.Wire.wire(Wire.java:73)
http-outgoing-22 >> "Content-Type: application/json; charset=utf-8[\r][\n]"
[DEBUG] 2017-07-05 17:47:43,801 method:org.apache.http.impl.conn.Wire.wire(Wire.java:73)
http-outgoing-22 >> "Content-Length: 550[\r][\n]"
[DEBUG] 2017-07-05 17:47:43,802 method:org.apache.http.impl.conn.Wire.wire(Wire.java:73)
http-outgoing-22 >> "Host: localhost:5726[\r][\n]"
[DEBUG] 2017-07-05 17:47:43,802 method:org.apache.http.impl.conn.Wire.wire(Wire.java:73)
http-outgoing-22 >> "Connection: Keep-Alive[\r][\n]"
[DEBUG] 2017-07-05 17:47:43,802 method:org.apache.http.impl.conn.Wire.wire(Wire.java:73)
http-outgoing-22 >> "User-Agent: Apache-HttpClient/4.5.3 (Java/1.8.0_111)[\r][\n]"
[DEBUG] 2017-07-05 17:47:43,802 method:org.apache.http.impl.conn.Wire.wire(Wire.java:73)
http-outgoing-22 >> "Accept-Encoding: gzip,deflate[\r][\n]"
[DEBUG] 2017-07-05 17:47:43,802 method:org.apache.http.impl.conn.Wire.wire(Wire.java:73)
http-outgoing-22 >> "[\r][\n]"
[DEBUG] 2017-07-05 17:47:43,802 method:org.apache.http.impl.conn.Wire.wire(Wire.java:73)
http-outgoing-22 >> "{[\n]"
[DEBUG] 2017-07-05 17:47:43,802 method:org.apache.http.impl.conn.Wire.wire(Wire.java:73)
http-outgoing-22 >> "  "desiredCapabilities": {[\n]"
[DEBUG] 2017-07-05 17:47:43,802 method:org.apache.http.impl.conn.Wire.wire(Wire.java:73)
http-outgoing-22 >> "    "browserName": "chrome",[\n]"
[DEBUG] 2017-07-05 17:47:43,803 method:org.apache.http.impl.conn.Wire.wire(Wire.java:73)
http-outgoing-22 >> "    "chromeOptions": {[\n]"
[DEBUG] 2017-07-05 17:47:43,803 method:org.apache.http.impl.conn.Wire.wire(Wire.java:73)
http-outgoing-22 >> "      "args": [],[\n]"
[DEBUG] 2017-07-05 17:47:43,803 method:org.apache.http.impl.conn.Wire.wire(Wire.java:73)
http-outgoing-22 >> "      "extensions": [][\n]"
[DEBUG] 2017-07-05 17:47:43,803 method:org.apache.http.impl.conn.Wire.wire(Wire.java:73)
http-outgoing-22 >> "    },[\n]"
[DEBUG] 2017-07-05 17:47:43,803 method:org.apache.http.impl.conn.Wire.wire(Wire.java:73)
http-outgoing-22 >> "    "version": "",[\n]"
[DEBUG] 2017-07-05 17:47:43,803 method:org.apache.http.impl.conn.Wire.wire(Wire.java:73)
http-outgoing-22 >> "    "platform": "ANY"[\n]"
[DEBUG] 2017-07-05 17:47:43,803 method:org.apache.http.impl.conn.Wire.wire(Wire.java:73)
http-outgoing-22 >> "  },[\n]"
[DEBUG] 2017-07-05 17:47:43,803 method:org.apache.http.impl.conn.Wire.wire(Wire.java:73)
http-outgoing-22 >> "  "requiredCapabilities": {},[\n]"
[DEBUG] 2017-07-05 17:47:43,803 method:org.apache.http.impl.conn.Wire.wire(Wire.java:73)
http-outgoing-22 >> "  "capabilities": {[\n]"
[DEBUG] 2017-07-05 17:47:43,803 method:org.apache.http.impl.conn.Wire.wire(Wire.java:73)
http-outgoing-22 >> "    "desiredCapabilities": {[\n]"
[DEBUG] 2017-07-05 17:47:43,803 method:org.apache.http.impl.conn.Wire.wire(Wire.java:73)
http-outgoing-22 >> "      "browserName": "chrome",[\n]"
[DEBUG] 2017-07-05 17:47:43,804 method:org.apache.http.impl.conn.Wire.wire(Wire.java:73)
http-outgoing-22 >> "      "chromeOptions": {[\n]"
[DEBUG] 2017-07-05 17:47:43,804 method:org.apache.http.impl.conn.Wire.wire(Wire.java:73)
http-outgoing-22 >> "        "args": [],[\n]"
[DEBUG] 2017-07-05 17:47:43,804 method:org.apache.http.impl.conn.Wire.wire(Wire.java:73)
http-outgoing-22 >> "        "extensions": [][\n]"
[DEBUG] 2017-07-05 17:47:43,804 method:org.apache.http.impl.conn.Wire.wire(Wire.java:73)
http-outgoing-22 >> "      },[\n]"
[DEBUG] 2017-07-05 17:47:43,804 method:org.apache.http.impl.conn.Wire.wire(Wire.java:73)
http-outgoing-22 >> "      "version": "",[\n]"
[DEBUG] 2017-07-05 17:47:43,804 method:org.apache.http.impl.conn.Wire.wire(Wire.java:73)
http-outgoing-22 >> "      "platform": "ANY"[\n]"
[DEBUG] 2017-07-05 17:47:43,804 method:org.apache.http.impl.conn.Wire.wire(Wire.java:73)
http-outgoing-22 >> "    },[\n]"
[DEBUG] 2017-07-05 17:47:43,804 method:org.apache.http.impl.conn.Wire.wire(Wire.java:73)
http-outgoing-22 >> "    "requiredCapabilities": {},[\n]"
[DEBUG] 2017-07-05 17:47:43,804 method:org.apache.http.impl.conn.Wire.wire(Wire.java:73)
http-outgoing-22 >> "    "alwaysMatch": {},[\n]"
[DEBUG] 2017-07-05 17:47:43,804 method:org.apache.http.impl.conn.Wire.wire(Wire.java:73)
http-outgoing-22 >> "    "firstMatch": [[\n]"
[DEBUG] 2017-07-05 17:47:43,804 method:org.apache.http.impl.conn.Wire.wire(Wire.java:73)
http-outgoing-22 >> "      {[\n]"
[DEBUG] 2017-07-05 17:47:43,805 method:org.apache.http.impl.conn.Wire.wire(Wire.java:73)
http-outgoing-22 >> "        "browserName": "chrome"[\n]"
[DEBUG] 2017-07-05 17:47:43,805 method:org.apache.http.impl.conn.Wire.wire(Wire.java:73)
http-outgoing-22 >> "      }[\n]"
[DEBUG] 2017-07-05 17:47:43,805 method:org.apache.http.impl.conn.Wire.wire(Wire.java:73)
http-outgoing-22 >> "    ][\n]"
[DEBUG] 2017-07-05 17:47:43,805 method:org.apache.http.impl.conn.Wire.wire(Wire.java:73)
http-outgoing-22 >> "  }[\n]"
[DEBUG] 2017-07-05 17:47:43,805 method:org.apache.http.impl.conn.Wire.wire(Wire.java:87)
http-outgoing-22 >> "}"
[DEBUG] 2017-07-05 17:47:44,479 method:org.apache.http.impl.conn.Wire.wire(Wire.java:73)
http-outgoing-22 << "HTTP/1.1 200 OK[\r][\n]"
[DEBUG] 2017-07-05 17:47:44,479 method:org.apache.http.impl.conn.Wire.wire(Wire.java:73)
http-outgoing-22 << "Content-Length:781[\r][\n]"
[DEBUG] 2017-07-05 17:47:44,480 method:org.apache.http.impl.conn.Wire.wire(Wire.java:73)
http-outgoing-22 << "Content-Type:application/json; charset=utf-8[\r][\n]"
[DEBUG] 2017-07-05 17:47:44,480 method:org.apache.http.impl.conn.Wire.wire(Wire.java:73)
http-outgoing-22 << "Connection:close[\r][\n]"
[DEBUG] 2017-07-05 17:47:44,480 method:org.apache.http.impl.conn.Wire.wire(Wire.java:73)
http-outgoing-22 << "[\r][\n]"
[DEBUG] 2017-07-05 17:47:44,480 method:org.apache.http.impl.conn.Wire.wire(Wire.java:87)
http-outgoing-22 << "{"sessionId":"e397bb8b4943a2405e3c8c0263ada937","status":0,"value":{"acceptSslCerts":true,"applicationCacheEnabled":false,"browserConnectionEnabled":false,"browserName":"chrome","chrome":{"chromedriverVersion":"2.29.461591 (62ebf098771772160f391d75e589dc567915b233)","userDataDir":"C:\\Users\\SWX458~1\\AppData\\Local\\Temp\\scoped_dir14868_2026"},"cssSelectorsEnabled":true,"databaseEnabled":false,"handlesAlerts":true,"hasTouchScreen":false,"javascriptEnabled":true,"locationContextEnabled":true,"mobileEmulationEnabled":false,"nativeEvents":true,"networkConnectionEnabled":false,"pageLoadStrategy":"normal","platform":"Windows NT","rotatable":false,"takesHeapSnapshot":true,"takesScreenshot":true,"unexpectedAlertBehaviour":"","version":"57.0.2987.98","webStorageEnabled":true}}"
[DEBUG] 2017-07-05 17:47:44,480 method:org.apache.http.impl.conn.LoggingManagedHttpClientConnection.onResponseReceived(LoggingManagedHttpClientConnection.java:122)
http-outgoing-22 << HTTP/1.1 200 OK
[DEBUG] 2017-07-05 17:47:44,480 method:org.apache.http.impl.conn.LoggingManagedHttpClientConnection.onResponseReceived(LoggingManagedHttpClientConnection.java:125)
http-outgoing-22 << Content-Length:781
[DEBUG] 2017-07-05 17:47:44,480 method:org.apache.http.impl.conn.LoggingManagedHttpClientConnection.onResponseReceived(LoggingManagedHttpClientConnection.java:125)
http-outgoing-22 << Content-Type:application/json; charset=utf-8
[DEBUG] 2017-07-05 17:47:44,480 method:org.apache.http.impl.conn.LoggingManagedHttpClientConnection.onResponseReceived(LoggingManagedHttpClientConnection.java:125)
http-outgoing-22 << Connection:close
[DEBUG] 2017-07-05 17:47:44,481 method:org.apache.http.impl.conn.LoggingManagedHttpClientConnection.close(LoggingManagedHttpClientConnection.java:79)
http-outgoing-22: Close connection
[DEBUG] 2017-07-05 17:47:44,481 method:org.apache.http.impl.execchain.ConnectionHolder.releaseConnection(ConnectionHolder.java:104)
Connection discarded
[DEBUG] 2017-07-05 17:47:44,481 method:org.apache.http.impl.conn.PoolingHttpClientConnectionManager.releaseConnection(PoolingHttpClientConnectionManager.java:326)
Connection released: [id: 22][route: {}->http://localhost:5726][total kept alive: 0; route allocated: 0 of 2000; total allocated: 0 of 2000]
[DEBUG] 2017-07-05 17:47:44,486 method:org.apache.http.client.protocol.RequestAddCookies.process(RequestAddCookies.java:123)
CookieSpec selected: default
[DEBUG] 2017-07-05 17:47:44,487 method:org.apache.http.client.protocol.RequestAuthCache.process(RequestAuthCache.java:77)
Auth cache not set in the context
[DEBUG] 2017-07-05 17:47:44,487 method:org.apache.http.impl.conn.PoolingHttpClientConnectionManager.requestConnection(PoolingHttpClientConnectionManager.java:255)
Connection request: [route: {}->http://localhost:5726][total kept alive: 0; route allocated: 0 of 2000; total allocated: 0 of 2000]
[DEBUG] 2017-07-05 17:47:44,488 method:org.apache.http.impl.conn.PoolingHttpClientConnectionManager.leaseConnection(PoolingHttpClientConnectionManager.java:288)
Connection leased: [id: 23][route: {}->http://localhost:5726][total kept alive: 0; route allocated: 1 of 2000; total allocated: 1 of 2000]
[DEBUG] 2017-07-05 17:47:44,488 method:org.apache.http.impl.execchain.MainClientExec.execute(MainClientExec.java:235)
Opening connection {}->http://localhost:5726
[DEBUG] 2017-07-05 17:47:44,488 method:org.apache.http.impl.conn.DefaultHttpClientConnectionOperator.connect(DefaultHttpClientConnectionOperator.java:139)
Connecting to localhost/127.0.0.1:5726
[DEBUG] 2017-07-05 17:47:44,489 method:org.apache.http.impl.conn.DefaultHttpClientConnectionOperator.connect(DefaultHttpClientConnectionOperator.java:146)
Connection established 127.0.0.1:63103<->127.0.0.1:5726
[DEBUG] 2017-07-05 17:47:44,489 method:org.apache.http.impl.conn.LoggingManagedHttpClientConnection.setSocketTimeout(LoggingManagedHttpClientConnection.java:88)
http-outgoing-23: set socket timeout to 10800000
[DEBUG] 2017-07-05 17:47:44,489 method:org.apache.http.impl.execchain.MainClientExec.execute(MainClientExec.java:256)
Executing request POST /session/e397bb8b4943a2405e3c8c0263ada937/window/current/maximize HTTP/1.1
[DEBUG] 2017-07-05 17:47:44,489 method:org.apache.http.impl.execchain.MainClientExec.execute(MainClientExec.java:261)
Target auth state: UNCHALLENGED
[DEBUG] 2017-07-05 17:47:44,489 method:org.apache.http.impl.execchain.MainClientExec.execute(MainClientExec.java:267)
Proxy auth state: UNCHALLENGED
[DEBUG] 2017-07-05 17:47:44,489 method:org.apache.http.impl.conn.LoggingManagedHttpClientConnection.onRequestSubmitted(LoggingManagedHttpClientConnection.java:133)
http-outgoing-23 >> POST /session/e397bb8b4943a2405e3c8c0263ada937/window/current/maximize HTTP/1.1
[DEBUG] 2017-07-05 17:47:44,489 method:org.apache.http.impl.conn.LoggingManagedHttpClientConnection.onRequestSubmitted(LoggingManagedHttpClientConnection.java:136)
http-outgoing-23 >> Content-Type: application/json; charset=utf-8
[DEBUG] 2017-07-05 17:47:44,489 method:org.apache.http.impl.conn.LoggingManagedHttpClientConnection.onRequestSubmitted(LoggingManagedHttpClientConnection.java:136)
http-outgoing-23 >> Content-Length: 45
[DEBUG] 2017-07-05 17:47:44,489 method:org.apache.http.impl.conn.LoggingManagedHttpClientConnection.onRequestSubmitted(LoggingManagedHttpClientConnection.java:136)
http-outgoing-23 >> Host: localhost:5726
[DEBUG] 2017-07-05 17:47:44,490 method:org.apache.http.impl.conn.LoggingManagedHttpClientConnection.onRequestSubmitted(LoggingManagedHttpClientConnection.java:136)
http-outgoing-23 >> Connection: Keep-Alive
[DEBUG] 2017-07-05 17:47:44,490 method:org.apache.http.impl.conn.LoggingManagedHttpClientConnection.onRequestSubmitted(LoggingManagedHttpClientConnection.java:136)
http-outgoing-23 >> User-Agent: Apache-HttpClient/4.5.3 (Java/1.8.0_111)
[DEBUG] 2017-07-05 17:47:44,490 method:org.apache.http.impl.conn.LoggingManagedHttpClientConnection.onRequestSubmitted(LoggingManagedHttpClientConnection.java:136)
http-outgoing-23 >> Accept-Encoding: gzip,deflate
[DEBUG] 2017-07-05 17:47:44,490 method:org.apache.http.impl.conn.Wire.wire(Wire.java:73)
http-outgoing-23 >> "POST /session/e397bb8b4943a2405e3c8c0263ada937/window/current/maximize HTTP/1.1[\r][\n]"
[DEBUG] 2017-07-05 17:47:44,490 method:org.apache.http.impl.conn.Wire.wire(Wire.java:73)
http-outgoing-23 >> "Content-Type: application/json; charset=utf-8[\r][\n]"
[DEBUG] 2017-07-05 17:47:44,490 method:org.apache.http.impl.conn.Wire.wire(Wire.java:73)
http-outgoing-23 >> "Content-Length: 45[\r][\n]"
[DEBUG] 2017-07-05 17:47:44,490 method:org.apache.http.impl.conn.Wire.wire(Wire.java:73)
http-outgoing-23 >> "Host: localhost:5726[\r][\n]"
[DEBUG] 2017-07-05 17:47:44,490 method:org.apache.http.impl.conn.Wire.wire(Wire.java:73)
http-outgoing-23 >> "Connection: Keep-Alive[\r][\n]"
[DEBUG] 2017-07-05 17:47:44,490 method:org.apache.http.impl.conn.Wire.wire(Wire.java:73)
http-outgoing-23 >> "User-Agent: Apache-HttpClient/4.5.3 (Java/1.8.0_111)[\r][\n]"
[DEBUG] 2017-07-05 17:47:44,490 method:org.apache.http.impl.conn.Wire.wire(Wire.java:73)
http-outgoing-23 >> "Accept-Encoding: gzip,deflate[\r][\n]"
[DEBUG] 2017-07-05 17:47:44,490 method:org.apache.http.impl.conn.Wire.wire(Wire.java:73)
http-outgoing-23 >> "[\r][\n]"
[DEBUG] 2017-07-05 17:47:44,490 method:org.apache.http.impl.conn.Wire.wire(Wire.java:87)
http-outgoing-23 >> "{"windowHandle":"current","handle":"current"}"
[DEBUG] 2017-07-05 17:47:44,680 method:org.apache.http.impl.conn.Wire.wire(Wire.java:73)
http-outgoing-23 << "HTTP/1.1 200 OK[\r][\n]"
[DEBUG] 2017-07-05 17:47:44,681 method:org.apache.http.impl.conn.Wire.wire(Wire.java:73)
http-outgoing-23 << "Content-Length:72[\r][\n]"
[DEBUG] 2017-07-05 17:47:44,681 method:org.apache.http.impl.conn.Wire.wire(Wire.java:73)
http-outgoing-23 << "Content-Type:application/json; charset=utf-8[\r][\n]"
[DEBUG] 2017-07-05 17:47:44,681 method:org.apache.http.impl.conn.Wire.wire(Wire.java:73)
http-outgoing-23 << "Connection:close[\r][\n]"
[DEBUG] 2017-07-05 17:47:44,681 method:org.apache.http.impl.conn.Wire.wire(Wire.java:73)
http-outgoing-23 << "[\r][\n]"
[DEBUG] 2017-07-05 17:47:44,682 method:org.apache.http.impl.conn.Wire.wire(Wire.java:87)
http-outgoing-23 << "{"sessionId":"e397bb8b4943a2405e3c8c0263ada937","status":0,"value":null}"
[DEBUG] 2017-07-05 17:47:44,682 method:org.apache.http.impl.conn.LoggingManagedHttpClientConnection.onResponseReceived(LoggingManagedHttpClientConnection.java:122)
http-outgoing-23 << HTTP/1.1 200 OK
[DEBUG] 2017-07-05 17:47:44,682 method:org.apache.http.impl.conn.LoggingManagedHttpClientConnection.onResponseReceived(LoggingManagedHttpClientConnection.java:125)
http-outgoing-23 << Content-Length:72
[DEBUG] 2017-07-05 17:47:44,682 method:org.apache.http.impl.conn.LoggingManagedHttpClientConnection.onResponseReceived(LoggingManagedHttpClientConnection.java:125)
http-outgoing-23 << Content-Type:application/json; charset=utf-8
[DEBUG] 2017-07-05 17:47:44,683 method:org.apache.http.impl.conn.LoggingManagedHttpClientConnection.onResponseReceived(LoggingManagedHttpClientConnection.java:125)
http-outgoing-23 << Connection:close
[DEBUG] 2017-07-05 17:47:44,683 method:org.apache.http.impl.conn.LoggingManagedHttpClientConnection.close(LoggingManagedHttpClientConnection.java:79)
http-outgoing-23: Close connection
[DEBUG] 2017-07-05 17:47:44,684 method:org.apache.http.impl.execchain.ConnectionHolder.releaseConnection(ConnectionHolder.java:104)
Connection discarded
[DEBUG] 2017-07-05 17:47:44,684 method:org.apache.http.impl.conn.PoolingHttpClientConnectionManager.releaseConnection(PoolingHttpClientConnectionManager.java:326)
Connection released: [id: 23][route: {}->http://localhost:5726][total kept alive: 0; route allocated: 0 of 2000; total allocated: 0 of 2000]
[DEBUG] 2017-07-05 17:47:44,687 method:org.apache.http.client.protocol.RequestAddCookies.process(RequestAddCookies.java:123)
CookieSpec selected: default
[DEBUG] 2017-07-05 17:47:44,687 method:org.apache.http.client.protocol.RequestAuthCache.process(RequestAuthCache.java:77)
Auth cache not set in the context
[DEBUG] 2017-07-05 17:47:44,687 method:org.apache.http.impl.conn.PoolingHttpClientConnectionManager.requestConnection(PoolingHttpClientConnectionManager.java:255)
Connection request: [route: {}->http://localhost:5726][total kept alive: 0; route allocated: 0 of 2000; total allocated: 0 of 2000]
[DEBUG] 2017-07-05 17:47:44,688 method:org.apache.http.impl.conn.PoolingHttpClientConnectionManager.leaseConnection(PoolingHttpClientConnectionManager.java:288)
Connection leased: [id: 24][route: {}->http://localhost:5726][total kept alive: 0; route allocated: 1 of 2000; total allocated: 1 of 2000]
[DEBUG] 2017-07-05 17:47:44,688 method:org.apache.http.impl.execchain.MainClientExec.execute(MainClientExec.java:235)
Opening connection {}->http://localhost:5726
[DEBUG] 2017-07-05 17:47:44,688 method:org.apache.http.impl.conn.DefaultHttpClientConnectionOperator.connect(DefaultHttpClientConnectionOperator.java:139)
Connecting to localhost/127.0.0.1:5726
[DEBUG] 2017-07-05 17:47:44,689 method:org.apache.http.impl.conn.DefaultHttpClientConnectionOperator.connect(DefaultHttpClientConnectionOperator.java:146)
Connection established 127.0.0.1:63105<->127.0.0.1:5726
[DEBUG] 2017-07-05 17:47:44,690 method:org.apache.http.impl.conn.LoggingManagedHttpClientConnection.setSocketTimeout(LoggingManagedHttpClientConnection.java:88)
http-outgoing-24: set socket timeout to 10800000
[DEBUG] 2017-07-05 17:47:44,690 method:org.apache.http.impl.execchain.MainClientExec.execute(MainClientExec.java:256)
Executing request POST /session/e397bb8b4943a2405e3c8c0263ada937/url HTTP/1.1
[DEBUG] 2017-07-05 17:47:44,690 method:org.apache.http.impl.execchain.MainClientExec.execute(MainClientExec.java:261)
Target auth state: UNCHALLENGED
[DEBUG] 2017-07-05 17:47:44,690 method:org.apache.http.impl.execchain.MainClientExec.execute(MainClientExec.java:267)
Proxy auth state: UNCHALLENGED
[DEBUG] 2017-07-05 17:47:44,691 method:org.apache.http.impl.conn.LoggingManagedHttpClientConnection.onRequestSubmitted(LoggingManagedHttpClientConnection.java:133)
http-outgoing-24 >> POST /session/e397bb8b4943a2405e3c8c0263ada937/url HTTP/1.1
[DEBUG] 2017-07-05 17:47:44,691 method:org.apache.http.impl.conn.LoggingManagedHttpClientConnection.onRequestSubmitted(LoggingManagedHttpClientConnection.java:136)
http-outgoing-24 >> Content-Type: application/json; charset=utf-8
[DEBUG] 2017-07-05 17:47:44,691 method:org.apache.http.impl.conn.LoggingManagedHttpClientConnection.onRequestSubmitted(LoggingManagedHttpClientConnection.java:136)
http-outgoing-24 >> Content-Length: 62
[DEBUG] 2017-07-05 17:47:44,691 method:org.apache.http.impl.conn.LoggingManagedHttpClientConnection.onRequestSubmitted(LoggingManagedHttpClientConnection.java:136)
http-outgoing-24 >> Host: localhost:5726
[DEBUG] 2017-07-05 17:47:44,691 method:org.apache.http.impl.conn.LoggingManagedHttpClientConnection.onRequestSubmitted(LoggingManagedHttpClientConnection.java:136)
http-outgoing-24 >> Connection: Keep-Alive
[DEBUG] 2017-07-05 17:47:44,692 method:org.apache.http.impl.conn.LoggingManagedHttpClientConnection.onRequestSubmitted(LoggingManagedHttpClientConnection.java:136)
http-outgoing-24 >> User-Agent: Apache-HttpClient/4.5.3 (Java/1.8.0_111)
[DEBUG] 2017-07-05 17:47:44,692 method:org.apache.http.impl.conn.LoggingManagedHttpClientConnection.onRequestSubmitted(LoggingManagedHttpClientConnection.java:136)
http-outgoing-24 >> Accept-Encoding: gzip,deflate
[DEBUG] 2017-07-05 17:47:44,692 method:org.apache.http.impl.conn.Wire.wire(Wire.java:73)
http-outgoing-24 >> "POST /session/e397bb8b4943a2405e3c8c0263ada937/url HTTP/1.1[\r][\n]"
[DEBUG] 2017-07-05 17:47:44,693 method:org.apache.http.impl.conn.Wire.wire(Wire.java:73)
http-outgoing-24 >> "Content-Type: application/json; charset=utf-8[\r][\n]"
[DEBUG] 2017-07-05 17:47:44,693 method:org.apache.http.impl.conn.Wire.wire(Wire.java:73)
http-outgoing-24 >> "Content-Length: 62[\r][\n]"
[DEBUG] 2017-07-05 17:47:44,694 method:org.apache.http.impl.conn.Wire.wire(Wire.java:73)
http-outgoing-24 >> "Host: localhost:5726[\r][\n]"
[DEBUG] 2017-07-05 17:47:44,694 method:org.apache.http.impl.conn.Wire.wire(Wire.java:73)
http-outgoing-24 >> "Connection: Keep-Alive[\r][\n]"
[DEBUG] 2017-07-05 17:47:44,694 method:org.apache.http.impl.conn.Wire.wire(Wire.java:73)
http-outgoing-24 >> "User-Agent: Apache-HttpClient/4.5.3 (Java/1.8.0_111)[\r][\n]"
[DEBUG] 2017-07-05 17:47:44,694 method:org.apache.http.impl.conn.Wire.wire(Wire.java:73)
http-outgoing-24 >> "Accept-Encoding: gzip,deflate[\r][\n]"
[DEBUG] 2017-07-05 17:47:44,695 method:org.apache.http.impl.conn.Wire.wire(Wire.java:73)
http-outgoing-24 >> "[\r][\n]"
[DEBUG] 2017-07-05 17:47:44,695 method:org.apache.http.impl.conn.Wire.wire(Wire.java:87)
http-outgoing-24 >> "{"url":"https://lfwiseopertest02.hwcloudtest.cn:8443/#/login"}"
[DEBUG] 2017-07-05 17:47:47,207 method:org.apache.http.impl.conn.Wire.wire(Wire.java:73)
http-outgoing-24 << "HTTP/1.1 200 OK[\r][\n]"
[DEBUG] 2017-07-05 17:47:47,207 method:org.apache.http.impl.conn.Wire.wire(Wire.java:73)
http-outgoing-24 << "Content-Length:72[\r][\n]"
[DEBUG] 2017-07-05 17:47:47,207 method:org.apache.http.impl.conn.Wire.wire(Wire.java:73)
http-outgoing-24 << "Content-Type:application/json; charset=utf-8[\r][\n]"
[DEBUG] 2017-07-05 17:47:47,208 method:org.apache.http.impl.conn.Wire.wire(Wire.java:73)
http-outgoing-24 << "Connection:close[\r][\n]"
[DEBUG] 2017-07-05 17:47:47,208 method:org.apache.http.impl.conn.Wire.wire(Wire.java:73)
http-outgoing-24 << "[\r][\n]"
[DEBUG] 2017-07-05 17:47:47,208 method:org.apache.http.impl.conn.Wire.wire(Wire.java:87)
http-outgoing-24 << "{"sessionId":"e397bb8b4943a2405e3c8c0263ada937","status":0,"value":null}"
[DEBUG] 2017-07-05 17:47:47,208 method:org.apache.http.impl.conn.LoggingManagedHttpClientConnection.onResponseReceived(LoggingManagedHttpClientConnection.java:122)
http-outgoing-24 << HTTP/1.1 200 OK
[DEBUG] 2017-07-05 17:47:47,208 method:org.apache.http.impl.conn.LoggingManagedHttpClientConnection.onResponseReceived(LoggingManagedHttpClientConnection.java:125)
http-outgoing-24 << Content-Length:72
[DEBUG] 2017-07-05 17:47:47,208 method:org.apache.http.impl.conn.LoggingManagedHttpClientConnection.onResponseReceived(LoggingManagedHttpClientConnection.java:125)
http-outgoing-24 << Content-Type:application/json; charset=utf-8
[DEBUG] 2017-07-05 17:47:47,209 method:org.apache.http.impl.conn.LoggingManagedHttpClientConnection.onResponseReceived(LoggingManagedHttpClientConnection.java:125)
http-outgoing-24 << Connection:close
[DEBUG] 2017-07-05 17:47:47,209 method:org.apache.http.impl.conn.LoggingManagedHttpClientConnection.close(LoggingManagedHttpClientConnection.java:79)
http-outgoing-24: Close connection
[DEBUG] 2017-07-05 17:47:47,209 method:org.apache.http.impl.execchain.ConnectionHolder.releaseConnection(ConnectionHolder.java:104)
Connection discarded
[DEBUG] 2017-07-05 17:47:47,210 method:org.apache.http.impl.conn.PoolingHttpClientConnectionManager.releaseConnection(PoolingHttpClientConnectionManager.java:326)
Connection released: [id: 24][route: {}->http://localhost:5726][total kept alive: 0; route allocated: 0 of 2000; total allocated: 0 of 2000]
[INFO ] 2017-07-05 17:47:47,212 method:util.TestMonitor.onTestStart(TestMonitor.java:50)
Test Method testApplyContinue executing...
[DEBUG] 2017-07-05 17:47:47,218 method:org.apache.http.client.protocol.RequestAddCookies.process(RequestAddCookies.java:123)
CookieSpec selected: default
[DEBUG] 2017-07-05 17:47:47,219 method:org.apache.http.client.protocol.RequestAuthCache.process(RequestAuthCache.java:77)
Auth cache not set in the context
[DEBUG] 2017-07-05 17:47:47,219 method:org.apache.http.impl.conn.PoolingHttpClientConnectionManager.requestConnection(PoolingHttpClientConnectionManager.java:255)
Connection request: [route: {}->http://localhost:5726][total kept alive: 0; route allocated: 0 of 2000; total allocated: 0 of 2000]
[DEBUG] 2017-07-05 17:47:47,219 method:org.apache.http.impl.conn.PoolingHttpClientConnectionManager.leaseConnection(PoolingHttpClientConnectionManager.java:288)
Connection leased: [id: 25][route: {}->http://localhost:5726][total kept alive: 0; route allocated: 1 of 2000; total allocated: 1 of 2000]
[DEBUG] 2017-07-05 17:47:47,219 method:org.apache.http.impl.execchain.MainClientExec.execute(MainClientExec.java:235)
Opening connection {}->http://localhost:5726
[DEBUG] 2017-07-05 17:47:47,219 method:org.apache.http.impl.conn.DefaultHttpClientConnectionOperator.connect(DefaultHttpClientConnectionOperator.java:139)
Connecting to localhost/127.0.0.1:5726
[DEBUG] 2017-07-05 17:47:47,220 method:org.apache.http.impl.conn.DefaultHttpClientConnectionOperator.connect(DefaultHttpClientConnectionOperator.java:146)
Connection established 127.0.0.1:63112<->127.0.0.1:5726
[DEBUG] 2017-07-05 17:47:47,221 method:org.apache.http.impl.conn.LoggingManagedHttpClientConnection.setSocketTimeout(LoggingManagedHttpClientConnection.java:88)
http-outgoing-25: set socket timeout to 10800000
[DEBUG] 2017-07-05 17:47:47,221 method:org.apache.http.impl.execchain.MainClientExec.execute(MainClientExec.java:256)
Executing request POST /session/e397bb8b4943a2405e3c8c0263ada937/elements HTTP/1.1
[DEBUG] 2017-07-05 17:47:47,221 method:org.apache.http.impl.execchain.MainClientExec.execute(MainClientExec.java:261)
Target auth state: UNCHALLENGED
[DEBUG] 2017-07-05 17:47:47,222 method:org.apache.http.impl.execchain.MainClientExec.execute(MainClientExec.java:267)
Proxy auth state: UNCHALLENGED
[DEBUG] 2017-07-05 17:47:47,222 method:org.apache.http.impl.conn.LoggingManagedHttpClientConnection.onRequestSubmitted(LoggingManagedHttpClientConnection.java:133)
http-outgoing-25 >> POST /session/e397bb8b4943a2405e3c8c0263ada937/elements HTTP/1.1
[DEBUG] 2017-07-05 17:47:47,222 method:org.apache.http.impl.conn.LoggingManagedHttpClientConnection.onRequestSubmitted(LoggingManagedHttpClientConnection.java:136)
http-outgoing-25 >> Content-Type: application/json; charset=utf-8
[DEBUG] 2017-07-05 17:47:47,223 method:org.apache.http.impl.conn.LoggingManagedHttpClientConnection.onRequestSubmitted(LoggingManagedHttpClientConnection.java:136)
http-outgoing-25 >> Content-Length: 34
[DEBUG] 2017-07-05 17:47:47,223 method:org.apache.http.impl.conn.LoggingManagedHttpClientConnection.onRequestSubmitted(LoggingManagedHttpClientConnection.java:136)
http-outgoing-25 >> Host: localhost:5726
[DEBUG] 2017-07-05 17:47:47,223 method:org.apache.http.impl.conn.LoggingManagedHttpClientConnection.onRequestSubmitted(LoggingManagedHttpClientConnection.java:136)
http-outgoing-25 >> Connection: Keep-Alive
[DEBUG] 2017-07-05 17:47:47,223 method:org.apache.http.impl.conn.LoggingManagedHttpClientConnection.onRequestSubmitted(LoggingManagedHttpClientConnection.java:136)
http-outgoing-25 >> User-Agent: Apache-HttpClient/4.5.3 (Java/1.8.0_111)
[DEBUG] 2017-07-05 17:47:47,223 method:org.apache.http.impl.conn.LoggingManagedHttpClientConnection.onRequestSubmitted(LoggingManagedHttpClientConnection.java:136)
http-outgoing-25 >> Accept-Encoding: gzip,deflate
[DEBUG] 2017-07-05 17:47:47,223 method:org.apache.http.impl.conn.Wire.wire(Wire.java:73)
http-outgoing-25 >> "POST /session/e397bb8b4943a2405e3c8c0263ada937/elements HTTP/1.1[\r][\n]"
[DEBUG] 2017-07-05 17:47:47,223 method:org.apache.http.impl.conn.Wire.wire(Wire.java:73)
http-outgoing-25 >> "Content-Type: application/json; charset=utf-8[\r][\n]"
[DEBUG] 2017-07-05 17:47:47,224 method:org.apache.http.impl.conn.Wire.wire(Wire.java:73)
http-outgoing-25 >> "Content-Length: 34[\r][\n]"
[DEBUG] 2017-07-05 17:47:47,224 method:org.apache.http.impl.conn.Wire.wire(Wire.java:73)
http-outgoing-25 >> "Host: localhost:5726[\r][\n]"
[DEBUG] 2017-07-05 17:47:47,224 method:org.apache.http.impl.conn.Wire.wire(Wire.java:73)
http-outgoing-25 >> "Connection: Keep-Alive[\r][\n]"
[DEBUG] 2017-07-05 17:47:47,224 method:org.apache.http.impl.conn.Wire.wire(Wire.java:73)
http-outgoing-25 >> "User-Agent: Apache-HttpClient/4.5.3 (Java/1.8.0_111)[\r][\n]"
[DEBUG] 2017-07-05 17:47:47,224 method:org.apache.http.impl.conn.Wire.wire(Wire.java:73)
http-outgoing-25 >> "Accept-Encoding: gzip,deflate[\r][\n]"
[DEBUG] 2017-07-05 17:47:47,224 method:org.apache.http.impl.conn.Wire.wire(Wire.java:73)
http-outgoing-25 >> "[\r][\n]"
[DEBUG] 2017-07-05 17:47:47,224 method:org.apache.http.impl.conn.Wire.wire(Wire.java:87)
http-outgoing-25 >> "{"using":"name","value":"account"}"
[DEBUG] 2017-07-05 17:47:47,274 method:org.apache.http.impl.conn.Wire.wire(Wire.java:73)
http-outgoing-25 << "HTTP/1.1 200 OK[\r][\n]"
[DEBUG] 2017-07-05 17:47:47,275 method:org.apache.http.impl.conn.Wire.wire(Wire.java:73)
http-outgoing-25 << "Content-Length:70[\r][\n]"
[DEBUG] 2017-07-05 17:47:47,275 method:org.apache.http.impl.conn.Wire.wire(Wire.java:73)
http-outgoing-25 << "Content-Type:application/json; charset=utf-8[\r][\n]"
[DEBUG] 2017-07-05 17:47:47,275 method:org.apache.http.impl.conn.Wire.wire(Wire.java:73)
http-outgoing-25 << "Connection:close[\r][\n]"
[DEBUG] 2017-07-05 17:47:47,275 method:org.apache.http.impl.conn.Wire.wire(Wire.java:73)
http-outgoing-25 << "[\r][\n]"
[DEBUG] 2017-07-05 17:47:47,275 method:org.apache.http.impl.conn.Wire.wire(Wire.java:87)
http-outgoing-25 << "{"sessionId":"e397bb8b4943a2405e3c8c0263ada937","status":0,"value":[]}"
[DEBUG] 2017-07-05 17:47:47,276 method:org.apache.http.impl.conn.LoggingManagedHttpClientConnection.onResponseReceived(LoggingManagedHttpClientConnection.java:122)
http-outgoing-25 << HTTP/1.1 200 OK
[DEBUG] 2017-07-05 17:47:47,276 method:org.apache.http.impl.conn.LoggingManagedHttpClientConnection.onResponseReceived(LoggingManagedHttpClientConnection.java:125)
http-outgoing-25 << Content-Length:70
[DEBUG] 2017-07-05 17:47:47,276 method:org.apache.http.impl.conn.LoggingManagedHttpClientConnection.onResponseReceived(LoggingManagedHttpClientConnection.java:125)
http-outgoing-25 << Content-Type:application/json; charset=utf-8
[DEBUG] 2017-07-05 17:47:47,276 method:org.apache.http.impl.conn.LoggingManagedHttpClientConnection.onResponseReceived(LoggingManagedHttpClientConnection.java:125)
http-outgoing-25 << Connection:close
[DEBUG] 2017-07-05 17:47:47,276 method:org.apache.http.impl.conn.LoggingManagedHttpClientConnection.close(LoggingManagedHttpClientConnection.java:79)
http-outgoing-25: Close connection
[DEBUG] 2017-07-05 17:47:47,276 method:org.apache.http.impl.execchain.ConnectionHolder.releaseConnection(ConnectionHolder.java:104)
Connection discarded
[DEBUG] 2017-07-05 17:47:47,277 method:org.apache.http.impl.conn.PoolingHttpClientConnectionManager.releaseConnection(PoolingHttpClientConnectionManager.java:326)
Connection released: [id: 25][route: {}->http://localhost:5726][total kept alive: 0; route allocated: 0 of 2000; total allocated: 0 of 2000]
[DEBUG] 2017-07-05 17:47:47,779 method:org.apache.http.client.protocol.RequestAddCookies.process(RequestAddCookies.java:123)
CookieSpec selected: default
[DEBUG] 2017-07-05 17:47:47,780 method:org.apache.http.client.protocol.RequestAuthCache.process(RequestAuthCache.java:77)
Auth cache not set in the context
[DEBUG] 2017-07-05 17:47:47,780 method:org.apache.http.impl.conn.PoolingHttpClientConnectionManager.requestConnection(PoolingHttpClientConnectionManager.java:255)
Connection request: [route: {}->http://localhost:5726][total kept alive: 0; route allocated: 0 of 2000; total allocated: 0 of 2000]
[DEBUG] 2017-07-05 17:47:47,781 method:org.apache.http.impl.conn.PoolingHttpClientConnectionManager.leaseConnection(PoolingHttpClientConnectionManager.java:288)
Connection leased: [id: 26][route: {}->http://localhost:5726][total kept alive: 0; route allocated: 1 of 2000; total allocated: 1 of 2000]
[DEBUG] 2017-07-05 17:47:47,781 method:org.apache.http.impl.execchain.MainClientExec.execute(MainClientExec.java:235)
Opening connection {}->http://localhost:5726
[DEBUG] 2017-07-05 17:47:47,781 method:org.apache.http.impl.conn.DefaultHttpClientConnectionOperator.connect(DefaultHttpClientConnectionOperator.java:139)
Connecting to localhost/127.0.0.1:5726
[DEBUG] 2017-07-05 17:47:47,783 method:org.apache.http.impl.conn.DefaultHttpClientConnectionOperator.connect(DefaultHttpClientConnectionOperator.java:146)
Connection established 127.0.0.1:63113<->127.0.0.1:5726
[DEBUG] 2017-07-05 17:47:47,783 method:org.apache.http.impl.conn.LoggingManagedHttpClientConnection.setSocketTimeout(LoggingManagedHttpClientConnection.java:88)
http-outgoing-26: set socket timeout to 10800000
[DEBUG] 2017-07-05 17:47:47,784 method:org.apache.http.impl.execchain.MainClientExec.execute(MainClientExec.java:256)
Executing request POST /session/e397bb8b4943a2405e3c8c0263ada937/elements HTTP/1.1
[DEBUG] 2017-07-05 17:47:47,784 method:org.apache.http.impl.execchain.MainClientExec.execute(MainClientExec.java:261)
Target auth state: UNCHALLENGED
[DEBUG] 2017-07-05 17:47:47,784 method:org.apache.http.impl.execchain.MainClientExec.execute(MainClientExec.java:267)
Proxy auth state: UNCHALLENGED
[DEBUG] 2017-07-05 17:47:47,785 method:org.apache.http.impl.conn.LoggingManagedHttpClientConnection.onRequestSubmitted(LoggingManagedHttpClientConnection.java:133)
http-outgoing-26 >> POST /session/e397bb8b4943a2405e3c8c0263ada937/elements HTTP/1.1
[DEBUG] 2017-07-05 17:47:47,785 method:org.apache.http.impl.conn.LoggingManagedHttpClientConnection.onRequestSubmitted(LoggingManagedHttpClientConnection.java:136)
http-outgoing-26 >> Content-Type: application/json; charset=utf-8
[DEBUG] 2017-07-05 17:47:47,785 method:org.apache.http.impl.conn.LoggingManagedHttpClientConnection.onRequestSubmitted(LoggingManagedHttpClientConnection.java:136)
http-outgoing-26 >> Content-Length: 34
[DEBUG] 2017-07-05 17:47:47,786 method:org.apache.http.impl.conn.LoggingManagedHttpClientConnection.onRequestSubmitted(LoggingManagedHttpClientConnection.java:136)
http-outgoing-26 >> Host: localhost:5726
[DEBUG] 2017-07-05 17:47:47,786 method:org.apache.http.impl.conn.LoggingManagedHttpClientConnection.onRequestSubmitted(LoggingManagedHttpClientConnection.java:136)
http-outgoing-26 >> Connection: Keep-Alive
[DEBUG] 2017-07-05 17:47:47,786 method:org.apache.http.impl.conn.LoggingManagedHttpClientConnection.onRequestSubmitted(LoggingManagedHttpClientConnection.java:136)
http-outgoing-26 >> User-Agent: Apache-HttpClient/4.5.3 (Java/1.8.0_111)
[DEBUG] 2017-07-05 17:47:47,786 method:org.apache.http.impl.conn.LoggingManagedHttpClientConnection.onRequestSubmitted(LoggingManagedHttpClientConnection.java:136)
http-outgoing-26 >> Accept-Encoding: gzip,deflate
[DEBUG] 2017-07-05 17:47:47,787 method:org.apache.http.impl.conn.Wire.wire(Wire.java:73)
http-outgoing-26 >> "POST /session/e397bb8b4943a2405e3c8c0263ada937/elements HTTP/1.1[\r][\n]"
[DEBUG] 2017-07-05 17:47:47,787 method:org.apache.http.impl.conn.Wire.wire(Wire.java:73)
http-outgoing-26 >> "Content-Type: application/json; charset=utf-8[\r][\n]"
[DEBUG] 2017-07-05 17:47:47,787 method:org.apache.http.impl.conn.Wire.wire(Wire.java:73)
http-outgoing-26 >> "Content-Length: 34[\r][\n]"
[DEBUG] 2017-07-05 17:47:47,788 method:org.apache.http.impl.conn.Wire.wire(Wire.java:73)
http-outgoing-26 >> "Host: localhost:5726[\r][\n]"
[DEBUG] 2017-07-05 17:47:47,788 method:org.apache.http.impl.conn.Wire.wire(Wire.java:73)
http-outgoing-26 >> "Connection: Keep-Alive[\r][\n]"
[DEBUG] 2017-07-05 17:47:47,788 method:org.apache.http.impl.conn.Wire.wire(Wire.java:73)
http-outgoing-26 >> "User-Agent: Apache-HttpClient/4.5.3 (Java/1.8.0_111)[\r][\n]"
[DEBUG] 2017-07-05 17:47:47,788 method:org.apache.http.impl.conn.Wire.wire(Wire.java:73)
http-outgoing-26 >> "Accept-Encoding: gzip,deflate[\r][\n]"
[DEBUG] 2017-07-05 17:47:47,789 method:org.apache.http.impl.conn.Wire.wire(Wire.java:73)
http-outgoing-26 >> "[\r][\n]"
[DEBUG] 2017-07-05 17:47:47,789 method:org.apache.http.impl.conn.Wire.wire(Wire.java:87)
http-outgoing-26 >> "{"using":"name","value":"account"}"
[DEBUG] 2017-07-05 17:47:47,808 method:org.apache.http.impl.conn.Wire.wire(Wire.java:73)
http-outgoing-26 << "HTTP/1.1 200 OK[\r][\n]"
[DEBUG] 2017-07-05 17:47:47,808 method:org.apache.http.impl.conn.Wire.wire(Wire.java:73)
http-outgoing-26 << "Content-Length:103[\r][\n]"
[DEBUG] 2017-07-05 17:47:47,809 method:org.apache.http.impl.conn.Wire.wire(Wire.java:73)
http-outgoing-26 << "Content-Type:application/json; charset=utf-8[\r][\n]"
[DEBUG] 2017-07-05 17:47:47,809 method:org.apache.http.impl.conn.Wire.wire(Wire.java:73)
http-outgoing-26 << "Connection:close[\r][\n]"
[DEBUG] 2017-07-05 17:47:47,809 method:org.apache.http.impl.conn.Wire.wire(Wire.java:73)
http-outgoing-26 << "[\r][\n]"
[DEBUG] 2017-07-05 17:47:47,810 method:org.apache.http.impl.conn.Wire.wire(Wire.java:87)
http-outgoing-26 << "{"sessionId":"e397bb8b4943a2405e3c8c0263ada937","status":0,"value":[{"ELEMENT":"0.627503067106427-1"}]}"
[DEBUG] 2017-07-05 17:47:47,810 method:org.apache.http.impl.conn.LoggingManagedHttpClientConnection.onResponseReceived(LoggingManagedHttpClientConnection.java:122)
http-outgoing-26 << HTTP/1.1 200 OK
[DEBUG] 2017-07-05 17:47:47,810 method:org.apache.http.impl.conn.LoggingManagedHttpClientConnection.onResponseReceived(LoggingManagedHttpClientConnection.java:125)
http-outgoing-26 << Content-Length:103
[DEBUG] 2017-07-05 17:47:47,811 method:org.apache.http.impl.conn.LoggingManagedHttpClientConnection.onResponseReceived(LoggingManagedHttpClientConnection.java:125)
http-outgoing-26 << Content-Type:application/json; charset=utf-8
[DEBUG] 2017-07-05 17:47:47,811 method:org.apache.http.impl.conn.LoggingManagedHttpClientConnection.onResponseReceived(LoggingManagedHttpClientConnection.java:125)
http-outgoing-26 << Connection:close
[DEBUG] 2017-07-05 17:47:47,811 method:org.apache.http.impl.conn.LoggingManagedHttpClientConnection.close(LoggingManagedHttpClientConnection.java:79)
http-outgoing-26: Close connection
[DEBUG] 2017-07-05 17:47:47,812 method:org.apache.http.impl.execchain.ConnectionHolder.releaseConnection(ConnectionHolder.java:104)
Connection discarded
[DEBUG] 2017-07-05 17:47:47,812 method:org.apache.http.impl.conn.PoolingHttpClientConnectionManager.releaseConnection(PoolingHttpClientConnectionManager.java:326)
Connection released: [id: 26][route: {}->http://localhost:5726][total kept alive: 0; route allocated: 0 of 2000; total allocated: 0 of 2000]
[DEBUG] 2017-07-05 17:47:48,616 method:org.apache.http.client.protocol.RequestAddCookies.process(RequestAddCookies.java:123)
CookieSpec selected: default
[DEBUG] 2017-07-05 17:47:48,617 method:org.apache.http.client.protocol.RequestAuthCache.process(RequestAuthCache.java:77)
Auth cache not set in the context
[DEBUG] 2017-07-05 17:47:48,617 method:org.apache.http.impl.conn.PoolingHttpClientConnectionManager.requestConnection(PoolingHttpClientConnectionManager.java:255)
Connection request: [route: {}->http://localhost:5726][total kept alive: 0; route allocated: 0 of 2000; total allocated: 0 of 2000]
[DEBUG] 2017-07-05 17:47:48,618 method:org.apache.http.impl.conn.PoolingHttpClientConnectionManager.leaseConnection(PoolingHttpClientConnectionManager.java:288)
Connection leased: [id: 27][route: {}->http://localhost:5726][total kept alive: 0; route allocated: 1 of 2000; total allocated: 1 of 2000]
[DEBUG] 2017-07-05 17:47:48,618 method:org.apache.http.impl.execchain.MainClientExec.execute(MainClientExec.java:235)
Opening connection {}->http://localhost:5726
[DEBUG] 2017-07-05 17:47:48,618 method:org.apache.http.impl.conn.DefaultHttpClientConnectionOperator.connect(DefaultHttpClientConnectionOperator.java:139)
Connecting to localhost/127.0.0.1:5726
[DEBUG] 2017-07-05 17:47:48,620 method:org.apache.http.impl.conn.DefaultHttpClientConnectionOperator.connect(DefaultHttpClientConnectionOperator.java:146)
Connection established 127.0.0.1:63114<->127.0.0.1:5726
[DEBUG] 2017-07-05 17:47:48,620 method:org.apache.http.impl.conn.LoggingManagedHttpClientConnection.setSocketTimeout(LoggingManagedHttpClientConnection.java:88)
http-outgoing-27: set socket timeout to 10800000
[DEBUG] 2017-07-05 17:47:48,621 method:org.apache.http.impl.execchain.MainClientExec.execute(MainClientExec.java:256)
Executing request POST /session/e397bb8b4943a2405e3c8c0263ada937/element HTTP/1.1
[DEBUG] 2017-07-05 17:47:48,621 method:org.apache.http.impl.execchain.MainClientExec.execute(MainClientExec.java:261)
Target auth state: UNCHALLENGED
[DEBUG] 2017-07-05 17:47:48,621 method:org.apache.http.impl.execchain.MainClientExec.execute(MainClientExec.java:267)
Proxy auth state: UNCHALLENGED
[DEBUG] 2017-07-05 17:47:48,622 method:org.apache.http.impl.conn.LoggingManagedHttpClientConnection.onRequestSubmitted(LoggingManagedHttpClientConnection.java:133)
http-outgoing-27 >> POST /session/e397bb8b4943a2405e3c8c0263ada937/element HTTP/1.1
[DEBUG] 2017-07-05 17:47:48,622 method:org.apache.http.impl.conn.LoggingManagedHttpClientConnection.onRequestSubmitted(LoggingManagedHttpClientConnection.java:136)
http-outgoing-27 >> Content-Type: application/json; charset=utf-8
[DEBUG] 2017-07-05 17:47:48,622 method:org.apache.http.impl.conn.LoggingManagedHttpClientConnection.onRequestSubmitted(LoggingManagedHttpClientConnection.java:136)
http-outgoing-27 >> Content-Length: 34
[DEBUG] 2017-07-05 17:47:48,622 method:org.apache.http.impl.conn.LoggingManagedHttpClientConnection.onRequestSubmitted(LoggingManagedHttpClientConnection.java:136)
http-outgoing-27 >> Host: localhost:5726
[DEBUG] 2017-07-05 17:47:48,623 method:org.apache.http.impl.conn.LoggingManagedHttpClientConnection.onRequestSubmitted(LoggingManagedHttpClientConnection.java:136)
http-outgoing-27 >> Connection: Keep-Alive
[DEBUG] 2017-07-05 17:47:48,623 method:org.apache.http.impl.conn.LoggingManagedHttpClientConnection.onRequestSubmitted(LoggingManagedHttpClientConnection.java:136)
http-outgoing-27 >> User-Agent: Apache-HttpClient/4.5.3 (Java/1.8.0_111)
[DEBUG] 2017-07-05 17:47:48,623 method:org.apache.http.impl.conn.LoggingManagedHttpClientConnection.onRequestSubmitted(LoggingManagedHttpClientConnection.java:136)
http-outgoing-27 >> Accept-Encoding: gzip,deflate
[DEBUG] 2017-07-05 17:47:48,624 method:org.apache.http.impl.conn.Wire.wire(Wire.java:73)
http-outgoing-27 >> "POST /session/e397bb8b4943a2405e3c8c0263ada937/element HTTP/1.1[\r][\n]"
[DEBUG] 2017-07-05 17:47:48,624 method:org.apache.http.impl.conn.Wire.wire(Wire.java:73)
http-outgoing-27 >> "Content-Type: application/json; charset=utf-8[\r][\n]"
[DEBUG] 2017-07-05 17:47:48,624 method:org.apache.http.impl.conn.Wire.wire(Wire.java:73)
http-outgoing-27 >> "Content-Length: 34[\r][\n]"
[DEBUG] 2017-07-05 17:47:48,625 method:org.apache.http.impl.conn.Wire.wire(Wire.java:73)
http-outgoing-27 >> "Host: localhost:5726[\r][\n]"
[DEBUG] 2017-07-05 17:47:48,625 method:org.apache.http.impl.conn.Wire.wire(Wire.java:73)
http-outgoing-27 >> "Connection: Keep-Alive[\r][\n]"
[DEBUG] 2017-07-05 17:47:48,625 method:org.apache.http.impl.conn.Wire.wire(Wire.java:73)
http-outgoing-27 >> "User-Agent: Apache-HttpClient/4.5.3 (Java/1.8.0_111)[\r][\n]"
[DEBUG] 2017-07-05 17:47:48,625 method:org.apache.http.impl.conn.Wire.wire(Wire.java:73)
http-outgoing-27 >> "Accept-Encoding: gzip,deflate[\r][\n]"
[DEBUG] 2017-07-05 17:47:48,626 method:org.apache.http.impl.conn.Wire.wire(Wire.java:73)
http-outgoing-27 >> "[\r][\n]"
[DEBUG] 2017-07-05 17:47:48,626 method:org.apache.http.impl.conn.Wire.wire(Wire.java:87)
http-outgoing-27 >> "{"using":"name","value":"account"}"
[DEBUG] 2017-07-05 17:47:48,655 method:org.apache.http.impl.conn.Wire.wire(Wire.java:73)
http-outgoing-27 << "HTTP/1.1 200 OK[\r][\n]"
[DEBUG] 2017-07-05 17:47:48,655 method:org.apache.http.impl.conn.Wire.wire(Wire.java:73)
http-outgoing-27 << "Content-Length:101[\r][\n]"
[DEBUG] 2017-07-05 17:47:48,656 method:org.apache.http.impl.conn.Wire.wire(Wire.java:73)
http-outgoing-27 << "Content-Type:application/json; charset=utf-8[\r][\n]"
[DEBUG] 2017-07-05 17:47:48,656 method:org.apache.http.impl.conn.Wire.wire(Wire.java:73)
http-outgoing-27 << "Connection:close[\r][\n]"
[DEBUG] 2017-07-05 17:47:48,656 method:org.apache.http.impl.conn.Wire.wire(Wire.java:73)
http-outgoing-27 << "[\r][\n]"
[DEBUG] 2017-07-05 17:47:48,656 method:org.apache.http.impl.conn.Wire.wire(Wire.java:87)
http-outgoing-27 << "{"sessionId":"e397bb8b4943a2405e3c8c0263ada937","status":0,"value":{"ELEMENT":"0.627503067106427-1"}}"
[DEBUG] 2017-07-05 17:47:48,656 method:org.apache.http.impl.conn.LoggingManagedHttpClientConnection.onResponseReceived(LoggingManagedHttpClientConnection.java:122)
http-outgoing-27 << HTTP/1.1 200 OK
[DEBUG] 2017-07-05 17:47:48,657 method:org.apache.http.impl.conn.LoggingManagedHttpClientConnection.onResponseReceived(LoggingManagedHttpClientConnection.java:125)
http-outgoing-27 << Content-Length:101
[DEBUG] 2017-07-05 17:47:48,657 method:org.apache.http.impl.conn.LoggingManagedHttpClientConnection.onResponseReceived(LoggingManagedHttpClientConnection.java:125)
http-outgoing-27 << Content-Type:application/json; charset=utf-8
[DEBUG] 2017-07-05 17:47:48,657 method:org.apache.http.impl.conn.LoggingManagedHttpClientConnection.onResponseReceived(LoggingManagedHttpClientConnection.java:125)
http-outgoing-27 << Connection:close
[DEBUG] 2017-07-05 17:47:48,657 method:org.apache.http.impl.conn.LoggingManagedHttpClientConnection.close(LoggingManagedHttpClientConnection.java:79)
http-outgoing-27: Close connection
[DEBUG] 2017-07-05 17:47:48,657 method:org.apache.http.impl.execchain.ConnectionHolder.releaseConnection(ConnectionHolder.java:104)
Connection discarded
[DEBUG] 2017-07-05 17:47:48,657 method:org.apache.http.impl.conn.PoolingHttpClientConnectionManager.releaseConnection(PoolingHttpClientConnectionManager.java:326)
Connection released: [id: 27][route: {}->http://localhost:5726][total kept alive: 0; route allocated: 0 of 2000; total allocated: 0 of 2000]
[DEBUG] 2017-07-05 17:47:48,659 method:org.apache.http.client.protocol.RequestAddCookies.process(RequestAddCookies.java:123)
CookieSpec selected: default
[DEBUG] 2017-07-05 17:47:48,659 method:org.apache.http.client.protocol.RequestAuthCache.process(RequestAuthCache.java:77)
Auth cache not set in the context
[DEBUG] 2017-07-05 17:47:48,660 method:org.apache.http.impl.conn.PoolingHttpClientConnectionManager.requestConnection(PoolingHttpClientConnectionManager.java:255)
Connection request: [route: {}->http://localhost:5726][total kept alive: 0; route allocated: 0 of 2000; total allocated: 0 of 2000]
[DEBUG] 2017-07-05 17:47:48,660 method:org.apache.http.impl.conn.PoolingHttpClientConnectionManager.leaseConnection(PoolingHttpClientConnectionManager.java:288)
Connection leased: [id: 28][route: {}->http://localhost:5726][total kept alive: 0; route allocated: 1 of 2000; total allocated: 1 of 2000]
[DEBUG] 2017-07-05 17:47:48,660 method:org.apache.http.impl.execchain.MainClientExec.execute(MainClientExec.java:235)
Opening connection {}->http://localhost:5726
[DEBUG] 2017-07-05 17:47:48,660 method:org.apache.http.impl.conn.DefaultHttpClientConnectionOperator.connect(DefaultHttpClientConnectionOperator.java:139)
Connecting to localhost/127.0.0.1:5726
[DEBUG] 2017-07-05 17:47:48,661 method:org.apache.http.impl.conn.DefaultHttpClientConnectionOperator.connect(DefaultHttpClientConnectionOperator.java:146)
Connection established 127.0.0.1:63115<->127.0.0.1:5726
[DEBUG] 2017-07-05 17:47:48,661 method:org.apache.http.impl.conn.LoggingManagedHttpClientConnection.setSocketTimeout(LoggingManagedHttpClientConnection.java:88)
http-outgoing-28: set socket timeout to 10800000
[DEBUG] 2017-07-05 17:47:48,661 method:org.apache.http.impl.execchain.MainClientExec.execute(MainClientExec.java:256)
Executing request POST /session/e397bb8b4943a2405e3c8c0263ada937/element/0.627503067106427-1/value HTTP/1.1
[DEBUG] 2017-07-05 17:47:48,661 method:org.apache.http.impl.execchain.MainClientExec.execute(MainClientExec.java:261)
Target auth state: UNCHALLENGED
[DEBUG] 2017-07-05 17:47:48,661 method:org.apache.http.impl.execchain.MainClientExec.execute(MainClientExec.java:267)
Proxy auth state: UNCHALLENGED
[DEBUG] 2017-07-05 17:47:48,661 method:org.apache.http.impl.conn.LoggingManagedHttpClientConnection.onRequestSubmitted(LoggingManagedHttpClientConnection.java:133)
http-outgoing-28 >> POST /session/e397bb8b4943a2405e3c8c0263ada937/element/0.627503067106427-1/value HTTP/1.1
[DEBUG] 2017-07-05 17:47:48,661 method:org.apache.http.impl.conn.LoggingManagedHttpClientConnection.onRequestSubmitted(LoggingManagedHttpClientConnection.java:136)
http-outgoing-28 >> Content-Type: application/json; charset=utf-8
[DEBUG] 2017-07-05 17:47:48,661 method:org.apache.http.impl.conn.LoggingManagedHttpClientConnection.onRequestSubmitted(LoggingManagedHttpClientConnection.java:136)
http-outgoing-28 >> Content-Length: 50
[DEBUG] 2017-07-05 17:47:48,661 method:org.apache.http.impl.conn.LoggingManagedHttpClientConnection.onRequestSubmitted(LoggingManagedHttpClientConnection.java:136)
http-outgoing-28 >> Host: localhost:5726
[DEBUG] 2017-07-05 17:47:48,662 method:org.apache.http.impl.conn.LoggingManagedHttpClientConnection.onRequestSubmitted(LoggingManagedHttpClientConnection.java:136)
http-outgoing-28 >> Connection: Keep-Alive
[DEBUG] 2017-07-05 17:47:48,662 method:org.apache.http.impl.conn.LoggingManagedHttpClientConnection.onRequestSubmitted(LoggingManagedHttpClientConnection.java:136)
http-outgoing-28 >> User-Agent: Apache-HttpClient/4.5.3 (Java/1.8.0_111)
[DEBUG] 2017-07-05 17:47:48,662 method:org.apache.http.impl.conn.LoggingManagedHttpClientConnection.onRequestSubmitted(LoggingManagedHttpClientConnection.java:136)
http-outgoing-28 >> Accept-Encoding: gzip,deflate
[DEBUG] 2017-07-05 17:47:48,662 method:org.apache.http.impl.conn.Wire.wire(Wire.java:73)
http-outgoing-28 >> "POST /session/e397bb8b4943a2405e3c8c0263ada937/element/0.627503067106427-1/value HTTP/1.1[\r][\n]"
[DEBUG] 2017-07-05 17:47:48,662 method:org.apache.http.impl.conn.Wire.wire(Wire.java:73)
http-outgoing-28 >> "Content-Type: application/json; charset=utf-8[\r][\n]"
[DEBUG] 2017-07-05 17:47:48,662 method:org.apache.http.impl.conn.Wire.wire(Wire.java:73)
http-outgoing-28 >> "Content-Length: 50[\r][\n]"
[DEBUG] 2017-07-05 17:47:48,662 method:org.apache.http.impl.conn.Wire.wire(Wire.java:73)
http-outgoing-28 >> "Host: localhost:5726[\r][\n]"
[DEBUG] 2017-07-05 17:47:48,662 method:org.apache.http.impl.conn.Wire.wire(Wire.java:73)
http-outgoing-28 >> "Connection: Keep-Alive[\r][\n]"
[DEBUG] 2017-07-05 17:47:48,662 method:org.apache.http.impl.conn.Wire.wire(Wire.java:73)
http-outgoing-28 >> "User-Agent: Apache-HttpClient/4.5.3 (Java/1.8.0_111)[\r][\n]"
[DEBUG] 2017-07-05 17:47:48,662 method:org.apache.http.impl.conn.Wire.wire(Wire.java:73)
http-outgoing-28 >> "Accept-Encoding: gzip,deflate[\r][\n]"
[DEBUG] 2017-07-05 17:47:48,662 method:org.apache.http.impl.conn.Wire.wire(Wire.java:73)
http-outgoing-28 >> "[\r][\n]"
[DEBUG] 2017-07-05 17:47:48,662 method:org.apache.http.impl.conn.Wire.wire(Wire.java:87)
http-outgoing-28 >> "{"id":"0.627503067106427-1","value":["swx458348"]}"
[DEBUG] 2017-07-05 17:47:48,757 method:org.apache.http.impl.conn.Wire.wire(Wire.java:73)
http-outgoing-28 << "HTTP/1.1 200 OK[\r][\n]"
[DEBUG] 2017-07-05 17:47:48,757 method:org.apache.http.impl.conn.Wire.wire(Wire.java:73)
http-outgoing-28 << "Content-Length:72[\r][\n]"
[DEBUG] 2017-07-05 17:47:48,757 method:org.apache.http.impl.conn.Wire.wire(Wire.java:73)
http-outgoing-28 << "Content-Type:application/json; charset=utf-8[\r][\n]"
[DEBUG] 2017-07-05 17:47:48,757 method:org.apache.http.impl.conn.Wire.wire(Wire.java:73)
http-outgoing-28 << "Connection:close[\r][\n]"
[DEBUG] 2017-07-05 17:47:48,757 method:org.apache.http.impl.conn.Wire.wire(Wire.java:73)
http-outgoing-28 << "[\r][\n]"
[DEBUG] 2017-07-05 17:47:48,757 method:org.apache.http.impl.conn.Wire.wire(Wire.java:87)
http-outgoing-28 << "{"sessionId":"e397bb8b4943a2405e3c8c0263ada937","status":0,"value":null}"
[DEBUG] 2017-07-05 17:47:48,757 method:org.apache.http.impl.conn.LoggingManagedHttpClientConnection.onResponseReceived(LoggingManagedHttpClientConnection.java:122)
http-outgoing-28 << HTTP/1.1 200 OK
[DEBUG] 2017-07-05 17:47:48,758 method:org.apache.http.impl.conn.LoggingManagedHttpClientConnection.onResponseReceived(LoggingManagedHttpClientConnection.java:125)
http-outgoing-28 << Content-Length:72
[DEBUG] 2017-07-05 17:47:48,758 method:org.apache.http.impl.conn.LoggingManagedHttpClientConnection.onResponseReceived(LoggingManagedHttpClientConnection.java:125)
http-outgoing-28 << Content-Type:application/json; charset=utf-8
[DEBUG] 2017-07-05 17:47:48,758 method:org.apache.http.impl.conn.LoggingManagedHttpClientConnection.onResponseReceived(LoggingManagedHttpClientConnection.java:125)
http-outgoing-28 << Connection:close
[DEBUG] 2017-07-05 17:47:48,758 method:org.apache.http.impl.conn.LoggingManagedHttpClientConnection.close(LoggingManagedHttpClientConnection.java:79)
http-outgoing-28: Close connection
[DEBUG] 2017-07-05 17:47:48,758 method:org.apache.http.impl.execchain.ConnectionHolder.releaseConnection(ConnectionHolder.java:104)
Connection discarded
[DEBUG] 2017-07-05 17:47:48,758 method:org.apache.http.impl.conn.PoolingHttpClientConnectionManager.releaseConnection(PoolingHttpClientConnectionManager.java:326)
Connection released: [id: 28][route: {}->http://localhost:5726][total kept alive: 0; route allocated: 0 of 2000; total allocated: 0 of 2000]
account:输入内容==swx458348
[DEBUG] 2017-07-05 17:47:48,760 method:org.apache.http.client.protocol.RequestAddCookies.process(RequestAddCookies.java:123)
CookieSpec selected: default
[DEBUG] 2017-07-05 17:47:48,760 method:org.apache.http.client.protocol.RequestAuthCache.process(RequestAuthCache.java:77)
Auth cache not set in the context
[DEBUG] 2017-07-05 17:47:48,760 method:org.apache.http.impl.conn.PoolingHttpClientConnectionManager.requestConnection(PoolingHttpClientConnectionManager.java:255)
Connection request: [route: {}->http://localhost:5726][total kept alive: 0; route allocated: 0 of 2000; total allocated: 0 of 2000]
[DEBUG] 2017-07-05 17:47:48,761 method:org.apache.http.impl.conn.PoolingHttpClientConnectionManager.leaseConnection(PoolingHttpClientConnectionManager.java:288)
Connection leased: [id: 29][route: {}->http://localhost:5726][total kept alive: 0; route allocated: 1 of 2000; total allocated: 1 of 2000]
[DEBUG] 2017-07-05 17:47:48,761 method:org.apache.http.impl.execchain.MainClientExec.execute(MainClientExec.java:235)
Opening connection {}->http://localhost:5726
[DEBUG] 2017-07-05 17:47:48,761 method:org.apache.http.impl.conn.DefaultHttpClientConnectionOperator.connect(DefaultHttpClientConnectionOperator.java:139)
Connecting to localhost/127.0.0.1:5726
[DEBUG] 2017-07-05 17:47:48,762 method:org.apache.http.impl.conn.DefaultHttpClientConnectionOperator.connect(DefaultHttpClientConnectionOperator.java:146)
Connection established 127.0.0.1:63116<->127.0.0.1:5726
[DEBUG] 2017-07-05 17:47:48,762 method:org.apache.http.impl.conn.LoggingManagedHttpClientConnection.setSocketTimeout(LoggingManagedHttpClientConnection.java:88)
http-outgoing-29: set socket timeout to 10800000
[DEBUG] 2017-07-05 17:47:48,762 method:org.apache.http.impl.execchain.MainClientExec.execute(MainClientExec.java:256)
Executing request POST /session/e397bb8b4943a2405e3c8c0263ada937/elements HTTP/1.1
[DEBUG] 2017-07-05 17:47:48,762 method:org.apache.http.impl.execchain.MainClientExec.execute(MainClientExec.java:261)
Target auth state: UNCHALLENGED
[DEBUG] 2017-07-05 17:47:48,762 method:org.apache.http.impl.execchain.MainClientExec.execute(MainClientExec.java:267)
Proxy auth state: UNCHALLENGED
[DEBUG] 2017-07-05 17:47:48,762 method:org.apache.http.impl.conn.LoggingManagedHttpClientConnection.onRequestSubmitted(LoggingManagedHttpClientConnection.java:133)
http-outgoing-29 >> POST /session/e397bb8b4943a2405e3c8c0263ada937/elements HTTP/1.1
[DEBUG] 2017-07-05 17:47:48,762 method:org.apache.http.impl.conn.LoggingManagedHttpClientConnection.onRequestSubmitted(LoggingManagedHttpClientConnection.java:136)
http-outgoing-29 >> Content-Type: application/json; charset=utf-8
[DEBUG] 2017-07-05 17:47:48,762 method:org.apache.http.impl.conn.LoggingManagedHttpClientConnection.onRequestSubmitted(LoggingManagedHttpClientConnection.java:136)
http-outgoing-29 >> Content-Length: 39
[DEBUG] 2017-07-05 17:47:48,762 method:org.apache.http.impl.conn.LoggingManagedHttpClientConnection.onRequestSubmitted(LoggingManagedHttpClientConnection.java:136)
http-outgoing-29 >> Host: localhost:5726
[DEBUG] 2017-07-05 17:47:48,763 method:org.apache.http.impl.conn.LoggingManagedHttpClientConnection.onRequestSubmitted(LoggingManagedHttpClientConnection.java:136)
http-outgoing-29 >> Connection: Keep-Alive
[DEBUG] 2017-07-05 17:47:48,763 method:org.apache.http.impl.conn.LoggingManagedHttpClientConnection.onRequestSubmitted(LoggingManagedHttpClientConnection.java:136)
http-outgoing-29 >> User-Agent: Apache-HttpClient/4.5.3 (Java/1.8.0_111)
[DEBUG] 2017-07-05 17:47:48,763 method:org.apache.http.impl.conn.LoggingManagedHttpClientConnection.onRequestSubmitted(LoggingManagedHttpClientConnection.java:136)
http-outgoing-29 >> Accept-Encoding: gzip,deflate
[DEBUG] 2017-07-05 17:47:48,763 method:org.apache.http.impl.conn.Wire.wire(Wire.java:73)
http-outgoing-29 >> "POST /session/e397bb8b4943a2405e3c8c0263ada937/elements HTTP/1.1[\r][\n]"
[DEBUG] 2017-07-05 17:47:48,763 method:org.apache.http.impl.conn.Wire.wire(Wire.java:73)
http-outgoing-29 >> "Content-Type: application/json; charset=utf-8[\r][\n]"
[DEBUG] 2017-07-05 17:47:48,763 method:org.apache.http.impl.conn.Wire.wire(Wire.java:73)
http-outgoing-29 >> "Content-Length: 39[\r][\n]"
[DEBUG] 2017-07-05 17:47:48,763 method:org.apache.http.impl.conn.Wire.wire(Wire.java:73)
http-outgoing-29 >> "Host: localhost:5726[\r][\n]"
[DEBUG] 2017-07-05 17:47:48,763 method:org.apache.http.impl.conn.Wire.wire(Wire.java:73)
http-outgoing-29 >> "Connection: Keep-Alive[\r][\n]"
[DEBUG] 2017-07-05 17:47:48,763 method:org.apache.http.impl.conn.Wire.wire(Wire.java:73)
http-outgoing-29 >> "User-Agent: Apache-HttpClient/4.5.3 (Java/1.8.0_111)[\r][\n]"
[DEBUG] 2017-07-05 17:47:48,763 method:org.apache.http.impl.conn.Wire.wire(Wire.java:73)
http-outgoing-29 >> "Accept-Encoding: gzip,deflate[\r][\n]"
[DEBUG] 2017-07-05 17:47:48,764 method:org.apache.http.impl.conn.Wire.wire(Wire.java:73)
http-outgoing-29 >> "[\r][\n]"
[DEBUG] 2017-07-05 17:47:48,764 method:org.apache.http.impl.conn.Wire.wire(Wire.java:87)
http-outgoing-29 >> "{"using":"name","value":"wiseopernice"}"
[DEBUG] 2017-07-05 17:47:48,788 method:org.apache.http.impl.conn.Wire.wire(Wire.java:73)
http-outgoing-29 << "HTTP/1.1 200 OK[\r][\n]"
[DEBUG] 2017-07-05 17:47:48,789 method:org.apache.http.impl.conn.Wire.wire(Wire.java:73)
http-outgoing-29 << "Content-Length:103[\r][\n]"
[DEBUG] 2017-07-05 17:47:48,789 method:org.apache.http.impl.conn.Wire.wire(Wire.java:73)
http-outgoing-29 << "Content-Type:application/json; charset=utf-8[\r][\n]"
[DEBUG] 2017-07-05 17:47:48,789 method:org.apache.http.impl.conn.Wire.wire(Wire.java:73)
http-outgoing-29 << "Connection:close[\r][\n]"
[DEBUG] 2017-07-05 17:47:48,789 method:org.apache.http.impl.conn.Wire.wire(Wire.java:73)
http-outgoing-29 << "[\r][\n]"
[DEBUG] 2017-07-05 17:47:48,789 method:org.apache.http.impl.conn.Wire.wire(Wire.java:87)
http-outgoing-29 << "{"sessionId":"e397bb8b4943a2405e3c8c0263ada937","status":0,"value":[{"ELEMENT":"0.627503067106427-2"}]}"
[DEBUG] 2017-07-05 17:47:48,789 method:org.apache.http.impl.conn.LoggingManagedHttpClientConnection.onResponseReceived(LoggingManagedHttpClientConnection.java:122)
http-outgoing-29 << HTTP/1.1 200 OK
[DEBUG] 2017-07-05 17:47:48,790 method:org.apache.http.impl.conn.LoggingManagedHttpClientConnection.onResponseReceived(LoggingManagedHttpClientConnection.java:125)
http-outgoing-29 << Content-Length:103
[DEBUG] 2017-07-05 17:47:48,790 method:org.apache.http.impl.conn.LoggingManagedHttpClientConnection.onResponseReceived(LoggingManagedHttpClientConnection.java:125)
http-outgoing-29 << Content-Type:application/json; charset=utf-8
[DEBUG] 2017-07-05 17:47:48,790 method:org.apache.http.impl.conn.LoggingManagedHttpClientConnection.onResponseReceived(LoggingManagedHttpClientConnection.java:125)
http-outgoing-29 << Connection:close
[DEBUG] 2017-07-05 17:47:48,790 method:org.apache.http.impl.conn.LoggingManagedHttpClientConnection.close(LoggingManagedHttpClientConnection.java:79)
http-outgoing-29: Close connection
[DEBUG] 2017-07-05 17:47:48,791 method:org.apache.http.impl.execchain.ConnectionHolder.releaseConnection(ConnectionHolder.java:104)
Connection discarded
[DEBUG] 2017-07-05 17:47:48,791 method:org.apache.http.impl.conn.PoolingHttpClientConnectionManager.releaseConnection(PoolingHttpClientConnectionManager.java:326)
Connection released: [id: 29][route: {}->http://localhost:5726][total kept alive: 0; route allocated: 0 of 2000; total allocated: 0 of 2000]
[DEBUG] 2017-07-05 17:47:49,601 method:org.apache.http.client.protocol.RequestAddCookies.process(RequestAddCookies.java:123)
CookieSpec selected: default
[DEBUG] 2017-07-05 17:47:49,601 method:org.apache.http.client.protocol.RequestAuthCache.process(RequestAuthCache.java:77)
Auth cache not set in the context
[DEBUG] 2017-07-05 17:47:49,601 method:org.apache.http.impl.conn.PoolingHttpClientConnectionManager.requestConnection(PoolingHttpClientConnectionManager.java:255)
Connection request: [route: {}->http://localhost:5726][total kept alive: 0; route allocated: 0 of 2000; total allocated: 0 of 2000]
[DEBUG] 2017-07-05 17:47:49,601 method:org.apache.http.impl.conn.PoolingHttpClientConnectionManager.leaseConnection(PoolingHttpClientConnectionManager.java:288)
Connection leased: [id: 30][route: {}->http://localhost:5726][total kept alive: 0; route allocated: 1 of 2000; total allocated: 1 of 2000]
[DEBUG] 2017-07-05 17:47:49,601 method:org.apache.http.impl.execchain.MainClientExec.execute(MainClientExec.java:235)
Opening connection {}->http://localhost:5726
[DEBUG] 2017-07-05 17:47:49,601 method:org.apache.http.impl.conn.DefaultHttpClientConnectionOperator.connect(DefaultHttpClientConnectionOperator.java:139)
Connecting to localhost/127.0.0.1:5726
[DEBUG] 2017-07-05 17:47:49,601 method:org.apache.http.impl.conn.DefaultHttpClientConnectionOperator.connect(DefaultHttpClientConnectionOperator.java:146)
Connection established 127.0.0.1:63117<->127.0.0.1:5726
[DEBUG] 2017-07-05 17:47:49,601 method:org.apache.http.impl.conn.LoggingManagedHttpClientConnection.setSocketTimeout(LoggingManagedHttpClientConnection.java:88)
http-outgoing-30: set socket timeout to 10800000
[DEBUG] 2017-07-05 17:47:49,601 method:org.apache.http.impl.execchain.MainClientExec.execute(MainClientExec.java:256)
Executing request POST /session/e397bb8b4943a2405e3c8c0263ada937/element HTTP/1.1
[DEBUG] 2017-07-05 17:47:49,601 method:org.apache.http.impl.execchain.MainClientExec.execute(MainClientExec.java:261)
Target auth state: UNCHALLENGED
[DEBUG] 2017-07-05 17:47:49,601 method:org.apache.http.impl.execchain.MainClientExec.execute(MainClientExec.java:267)
Proxy auth state: UNCHALLENGED
[DEBUG] 2017-07-05 17:47:49,601 method:org.apache.http.impl.conn.LoggingManagedHttpClientConnection.onRequestSubmitted(LoggingManagedHttpClientConnection.java:133)
http-outgoing-30 >> POST /session/e397bb8b4943a2405e3c8c0263ada937/element HTTP/1.1
[DEBUG] 2017-07-05 17:47:49,601 method:org.apache.http.impl.conn.LoggingManagedHttpClientConnection.onRequestSubmitted(LoggingManagedHttpClientConnection.java:136)
http-outgoing-30 >> Content-Type: application/json; charset=utf-8
[DEBUG] 2017-07-05 17:47:49,601 method:org.apache.http.impl.conn.LoggingManagedHttpClientConnection.onRequestSubmitted(LoggingManagedHttpClientConnection.java:136)
http-outgoing-30 >> Content-Length: 39
[DEBUG] 2017-07-05 17:47:49,601 method:org.apache.http.impl.conn.LoggingManagedHttpClientConnection.onRequestSubmitted(LoggingManagedHttpClientConnection.java:136)
http-outgoing-30 >> Host: localhost:5726
[DEBUG] 2017-07-05 17:47:49,601 method:org.apache.http.impl.conn.LoggingManagedHttpClientConnection.onRequestSubmitted(LoggingManagedHttpClientConnection.java:136)
http-outgoing-30 >> Connection: Keep-Alive
[DEBUG] 2017-07-05 17:47:49,601 method:org.apache.http.impl.conn.LoggingManagedHttpClientConnection.onRequestSubmitted(LoggingManagedHttpClientConnection.java:136)
http-outgoing-30 >> User-Agent: Apache-HttpClient/4.5.3 (Java/1.8.0_111)
[DEBUG] 2017-07-05 17:47:49,601 method:org.apache.http.impl.conn.LoggingManagedHttpClientConnection.onRequestSubmitted(LoggingManagedHttpClientConnection.java:136)
http-outgoing-30 >> Accept-Encoding: gzip,deflate
[DEBUG] 2017-07-05 17:47:49,601 method:org.apache.http.impl.conn.Wire.wire(Wire.java:73)
http-outgoing-30 >> "POST /session/e397bb8b4943a2405e3c8c0263ada937/element HTTP/1.1[\r][\n]"
[DEBUG] 2017-07-05 17:47:49,601 method:org.apache.http.impl.conn.Wire.wire(Wire.java:73)
http-outgoing-30 >> "Content-Type: application/json; charset=utf-8[\r][\n]"
[DEBUG] 2017-07-05 17:47:49,601 method:org.apache.http.impl.conn.Wire.wire(Wire.java:73)
http-outgoing-30 >> "Content-Length: 39[\r][\n]"
[DEBUG] 2017-07-05 17:47:49,601 method:org.apache.http.impl.conn.Wire.wire(Wire.java:73)
http-outgoing-30 >> "Host: localhost:5726[\r][\n]"
[DEBUG] 2017-07-05 17:47:49,601 method:org.apache.http.impl.conn.Wire.wire(Wire.java:73)
http-outgoing-30 >> "Connection: Keep-Alive[\r][\n]"
[DEBUG] 2017-07-05 17:47:49,601 method:org.apache.http.impl.conn.Wire.wire(Wire.java:73)
http-outgoing-30 >> "User-Agent: Apache-HttpClient/4.5.3 (Java/1.8.0_111)[\r][\n]"
[DEBUG] 2017-07-05 17:47:49,601 method:org.apache.http.impl.conn.Wire.wire(Wire.java:73)
http-outgoing-30 >> "Accept-Encoding: gzip,deflate[\r][\n]"
[DEBUG] 2017-07-05 17:47:49,601 method:org.apache.http.impl.conn.Wire.wire(Wire.java:73)
http-outgoing-30 >> "[\r][\n]"
[DEBUG] 2017-07-05 17:47:49,601 method:org.apache.http.impl.conn.Wire.wire(Wire.java:87)
http-outgoing-30 >> "{"using":"name","value":"wiseopernice"}"
[DEBUG] 2017-07-05 17:47:49,632 method:org.apache.http.impl.conn.Wire.wire(Wire.java:73)
http-outgoing-30 << "HTTP/1.1 200 OK[\r][\n]"
[DEBUG] 2017-07-05 17:47:49,632 method:org.apache.http.impl.conn.Wire.wire(Wire.java:73)
http-outgoing-30 << "Content-Length:101[\r][\n]"
[DEBUG] 2017-07-05 17:47:49,632 method:org.apache.http.impl.conn.Wire.wire(Wire.java:73)
http-outgoing-30 << "Content-Type:application/json; charset=utf-8[\r][\n]"
[DEBUG] 2017-07-05 17:47:49,632 method:org.apache.http.impl.conn.Wire.wire(Wire.java:73)
http-outgoing-30 << "Connection:close[\r][\n]"
[DEBUG] 2017-07-05 17:47:49,632 method:org.apache.http.impl.conn.Wire.wire(Wire.java:73)
http-outgoing-30 << "[\r][\n]"
[DEBUG] 2017-07-05 17:47:49,632 method:org.apache.http.impl.conn.Wire.wire(Wire.java:87)
http-outgoing-30 << "{"sessionId":"e397bb8b4943a2405e3c8c0263ada937","status":0,"value":{"ELEMENT":"0.627503067106427-2"}}"
[DEBUG] 2017-07-05 17:47:49,632 method:org.apache.http.impl.conn.LoggingManagedHttpClientConnection.onResponseReceived(LoggingManagedHttpClientConnection.java:122)
http-outgoing-30 << HTTP/1.1 200 OK
[DEBUG] 2017-07-05 17:47:49,632 method:org.apache.http.impl.conn.LoggingManagedHttpClientConnection.onResponseReceived(LoggingManagedHttpClientConnection.java:125)
http-outgoing-30 << Content-Length:101
[DEBUG] 2017-07-05 17:47:49,632 method:org.apache.http.impl.conn.LoggingManagedHttpClientConnection.onResponseReceived(LoggingManagedHttpClientConnection.java:125)
http-outgoing-30 << Content-Type:application/json; charset=utf-8
[DEBUG] 2017-07-05 17:47:49,632 method:org.apache.http.impl.conn.LoggingManagedHttpClientConnection.onResponseReceived(LoggingManagedHttpClientConnection.java:125)
http-outgoing-30 << Connection:close
[DEBUG] 2017-07-05 17:47:49,632 method:org.apache.http.impl.conn.LoggingManagedHttpClientConnection.close(LoggingManagedHttpClientConnection.java:79)
http-outgoing-30: Close connection
[DEBUG] 2017-07-05 17:47:49,632 method:org.apache.http.impl.execchain.ConnectionHolder.releaseConnection(ConnectionHolder.java:104)
Connection discarded
[DEBUG] 2017-07-05 17:47:49,632 method:org.apache.http.impl.conn.PoolingHttpClientConnectionManager.releaseConnection(PoolingHttpClientConnectionManager.java:326)
Connection released: [id: 30][route: {}->http://localhost:5726][total kept alive: 0; route allocated: 0 of 2000; total allocated: 0 of 2000]
[DEBUG] 2017-07-05 17:47:49,632 method:org.apache.http.client.protocol.RequestAddCookies.process(RequestAddCookies.java:123)
CookieSpec selected: default
[DEBUG] 2017-07-05 17:47:49,632 method:org.apache.http.client.protocol.RequestAuthCache.process(RequestAuthCache.java:77)
Auth cache not set in the context
[DEBUG] 2017-07-05 17:47:49,632 method:org.apache.http.impl.conn.PoolingHttpClientConnectionManager.requestConnection(PoolingHttpClientConnectionManager.java:255)
Connection request: [route: {}->http://localhost:5726][total kept alive: 0; route allocated: 0 of 2000; total allocated: 0 of 2000]
[DEBUG] 2017-07-05 17:47:49,632 method:org.apache.http.impl.conn.PoolingHttpClientConnectionManager.leaseConnection(PoolingHttpClientConnectionManager.java:288)
Connection leased: [id: 31][route: {}->http://localhost:5726][total kept alive: 0; route allocated: 1 of 2000; total allocated: 1 of 2000]
[DEBUG] 2017-07-05 17:47:49,632 method:org.apache.http.impl.execchain.MainClientExec.execute(MainClientExec.java:235)
Opening connection {}->http://localhost:5726
[DEBUG] 2017-07-05 17:47:49,632 method:org.apache.http.impl.conn.DefaultHttpClientConnectionOperator.connect(DefaultHttpClientConnectionOperator.java:139)
Connecting to localhost/127.0.0.1:5726
[DEBUG] 2017-07-05 17:47:49,632 method:org.apache.http.impl.conn.DefaultHttpClientConnectionOperator.connect(DefaultHttpClientConnectionOperator.java:146)
Connection established 127.0.0.1:63118<->127.0.0.1:5726
[DEBUG] 2017-07-05 17:47:49,632 method:org.apache.http.impl.conn.LoggingManagedHttpClientConnection.setSocketTimeout(LoggingManagedHttpClientConnection.java:88)
http-outgoing-31: set socket timeout to 10800000
[DEBUG] 2017-07-05 17:47:49,632 method:org.apache.http.impl.execchain.MainClientExec.execute(MainClientExec.java:256)
Executing request POST /session/e397bb8b4943a2405e3c8c0263ada937/element/0.627503067106427-2/value HTTP/1.1
[DEBUG] 2017-07-05 17:47:49,648 method:org.apache.http.impl.execchain.MainClientExec.execute(MainClientExec.java:261)
Target auth state: UNCHALLENGED
[DEBUG] 2017-07-05 17:47:49,648 method:org.apache.http.impl.execchain.MainClientExec.execute(MainClientExec.java:267)
Proxy auth state: UNCHALLENGED
[DEBUG] 2017-07-05 17:47:49,648 method:org.apache.http.impl.conn.LoggingManagedHttpClientConnection.onRequestSubmitted(LoggingManagedHttpClientConnection.java:133)
http-outgoing-31 >> POST /session/e397bb8b4943a2405e3c8c0263ada937/element/0.627503067106427-2/value HTTP/1.1
[DEBUG] 2017-07-05 17:47:49,648 method:org.apache.http.impl.conn.LoggingManagedHttpClientConnection.onRequestSubmitted(LoggingManagedHttpClientConnection.java:136)
http-outgoing-31 >> Content-Type: application/json; charset=utf-8
[DEBUG] 2017-07-05 17:47:49,648 method:org.apache.http.impl.conn.LoggingManagedHttpClientConnection.onRequestSubmitted(LoggingManagedHttpClientConnection.java:136)
http-outgoing-31 >> Content-Length: 52
[DEBUG] 2017-07-05 17:47:49,648 method:org.apache.http.impl.conn.LoggingManagedHttpClientConnection.onRequestSubmitted(LoggingManagedHttpClientConnection.java:136)
http-outgoing-31 >> Host: localhost:5726
[DEBUG] 2017-07-05 17:47:49,648 method:org.apache.http.impl.conn.LoggingManagedHttpClientConnection.onRequestSubmitted(LoggingManagedHttpClientConnection.java:136)
http-outgoing-31 >> Connection: Keep-Alive
[DEBUG] 2017-07-05 17:47:49,648 method:org.apache.http.impl.conn.LoggingManagedHttpClientConnection.onRequestSubmitted(LoggingManagedHttpClientConnection.java:136)
http-outgoing-31 >> User-Agent: Apache-HttpClient/4.5.3 (Java/1.8.0_111)
[DEBUG] 2017-07-05 17:47:49,648 method:org.apache.http.impl.conn.LoggingManagedHttpClientConnection.onRequestSubmitted(LoggingManagedHttpClientConnection.java:136)
http-outgoing-31 >> Accept-Encoding: gzip,deflate
[DEBUG] 2017-07-05 17:47:49,648 method:org.apache.http.impl.conn.Wire.wire(Wire.java:73)
http-outgoing-31 >> "POST /session/e397bb8b4943a2405e3c8c0263ada937/element/0.627503067106427-2/value HTTP/1.1[\r][\n]"
[DEBUG] 2017-07-05 17:47:49,648 method:org.apache.http.impl.conn.Wire.wire(Wire.java:73)
http-outgoing-31 >> "Content-Type: application/json; charset=utf-8[\r][\n]"
[DEBUG] 2017-07-05 17:47:49,648 method:org.apache.http.impl.conn.Wire.wire(Wire.java:73)
http-outgoing-31 >> "Content-Length: 52[\r][\n]"
[DEBUG] 2017-07-05 17:47:49,648 method:org.apache.http.impl.conn.Wire.wire(Wire.java:73)
http-outgoing-31 >> "Host: localhost:5726[\r][\n]"
[DEBUG] 2017-07-05 17:47:49,648 method:org.apache.http.impl.conn.Wire.wire(Wire.java:73)
http-outgoing-31 >> "Connection: Keep-Alive[\r][\n]"
[DEBUG] 2017-07-05 17:47:49,648 method:org.apache.http.impl.conn.Wire.wire(Wire.java:73)
http-outgoing-31 >> "User-Agent: Apache-HttpClient/4.5.3 (Java/1.8.0_111)[\r][\n]"
[DEBUG] 2017-07-05 17:47:49,648 method:org.apache.http.impl.conn.Wire.wire(Wire.java:73)
http-outgoing-31 >> "Accept-Encoding: gzip,deflate[\r][\n]"
[DEBUG] 2017-07-05 17:47:49,648 method:org.apache.http.impl.conn.Wire.wire(Wire.java:73)
http-outgoing-31 >> "[\r][\n]"
[DEBUG] 2017-07-05 17:47:49,648 method:org.apache.http.impl.conn.Wire.wire(Wire.java:87)
http-outgoing-31 >> "{"id":"0.627503067106427-2","value":["~shikun1989"]}"
[DEBUG] 2017-07-05 17:47:49,728 method:org.apache.http.impl.conn.Wire.wire(Wire.java:73)
http-outgoing-31 << "HTTP/1.1 200 OK[\r][\n]"
[DEBUG] 2017-07-05 17:47:49,728 method:org.apache.http.impl.conn.Wire.wire(Wire.java:73)
http-outgoing-31 << "Content-Length:72[\r][\n]"
[DEBUG] 2017-07-05 17:47:49,728 method:org.apache.http.impl.conn.Wire.wire(Wire.java:73)
http-outgoing-31 << "Content-Type:application/json; charset=utf-8[\r][\n]"
[DEBUG] 2017-07-05 17:47:49,728 method:org.apache.http.impl.conn.Wire.wire(Wire.java:73)
http-outgoing-31 << "Connection:close[\r][\n]"
[DEBUG] 2017-07-05 17:47:49,729 method:org.apache.http.impl.conn.Wire.wire(Wire.java:73)
http-outgoing-31 << "[\r][\n]"
[DEBUG] 2017-07-05 17:47:49,729 method:org.apache.http.impl.conn.Wire.wire(Wire.java:87)
http-outgoing-31 << "{"sessionId":"e397bb8b4943a2405e3c8c0263ada937","status":0,"value":null}"
[DEBUG] 2017-07-05 17:47:49,729 method:org.apache.http.impl.conn.LoggingManagedHttpClientConnection.onResponseReceived(LoggingManagedHttpClientConnection.java:122)
http-outgoing-31 << HTTP/1.1 200 OK
[DEBUG] 2017-07-05 17:47:49,729 method:org.apache.http.impl.conn.LoggingManagedHttpClientConnection.onResponseReceived(LoggingManagedHttpClientConnection.java:125)
http-outgoing-31 << Content-Length:72
[DEBUG] 2017-07-05 17:47:49,729 method:org.apache.http.impl.conn.LoggingManagedHttpClientConnection.onResponseReceived(LoggingManagedHttpClientConnection.java:125)
http-outgoing-31 << Content-Type:application/json; charset=utf-8
[DEBUG] 2017-07-05 17:47:49,729 method:org.apache.http.impl.conn.LoggingManagedHttpClientConnection.onResponseReceived(LoggingManagedHttpClientConnection.java:125)
http-outgoing-31 << Connection:close
[DEBUG] 2017-07-05 17:47:49,729 method:org.apache.http.impl.conn.LoggingManagedHttpClientConnection.close(LoggingManagedHttpClientConnection.java:79)
http-outgoing-31: Close connection
[DEBUG] 2017-07-05 17:47:49,730 method:org.apache.http.impl.execchain.ConnectionHolder.releaseConnection(ConnectionHolder.java:104)
Connection discarded
[DEBUG] 2017-07-05 17:47:49,730 method:org.apache.http.impl.conn.PoolingHttpClientConnectionManager.releaseConnection(PoolingHttpClientConnectionManager.java:326)
Connection released: [id: 31][route: {}->http://localhost:5726][total kept alive: 0; route allocated: 0 of 2000; total allocated: 0 of 2000]
wiseopernice:输入内容==~shikun1989
[DEBUG] 2017-07-05 17:47:49,732 method:org.apache.http.client.protocol.RequestAddCookies.process(RequestAddCookies.java:123)
CookieSpec selected: default
[DEBUG] 2017-07-05 17:47:49,732 method:org.apache.http.client.protocol.RequestAuthCache.process(RequestAuthCache.java:77)
Auth cache not set in the context
[DEBUG] 2017-07-05 17:47:49,732 method:org.apache.http.impl.conn.PoolingHttpClientConnectionManager.requestConnection(PoolingHttpClientConnectionManager.java:255)
Connection request: [route: {}->http://localhost:5726][total kept alive: 0; route allocated: 0 of 2000; total allocated: 0 of 2000]
[DEBUG] 2017-07-05 17:47:49,732 method:org.apache.http.impl.conn.PoolingHttpClientConnectionManager.leaseConnection(PoolingHttpClientConnectionManager.java:288)
Connection leased: [id: 32][route: {}->http://localhost:5726][total kept alive: 0; route allocated: 1 of 2000; total allocated: 1 of 2000]
[DEBUG] 2017-07-05 17:47:49,733 method:org.apache.http.impl.execchain.MainClientExec.execute(MainClientExec.java:235)
Opening connection {}->http://localhost:5726
[DEBUG] 2017-07-05 17:47:49,733 method:org.apache.http.impl.conn.DefaultHttpClientConnectionOperator.connect(DefaultHttpClientConnectionOperator.java:139)
Connecting to localhost/127.0.0.1:5726
[DEBUG] 2017-07-05 17:47:49,734 method:org.apache.http.impl.conn.DefaultHttpClientConnectionOperator.connect(DefaultHttpClientConnectionOperator.java:146)
Connection established 127.0.0.1:63119<->127.0.0.1:5726
[DEBUG] 2017-07-05 17:47:49,734 method:org.apache.http.impl.conn.LoggingManagedHttpClientConnection.setSocketTimeout(LoggingManagedHttpClientConnection.java:88)
http-outgoing-32: set socket timeout to 10800000
[DEBUG] 2017-07-05 17:47:49,734 method:org.apache.http.impl.execchain.MainClientExec.execute(MainClientExec.java:256)
Executing request POST /session/e397bb8b4943a2405e3c8c0263ada937/elements HTTP/1.1
[DEBUG] 2017-07-05 17:47:49,734 method:org.apache.http.impl.execchain.MainClientExec.execute(MainClientExec.java:261)
Target auth state: UNCHALLENGED
[DEBUG] 2017-07-05 17:47:49,734 method:org.apache.http.impl.execchain.MainClientExec.execute(MainClientExec.java:267)
Proxy auth state: UNCHALLENGED
[DEBUG] 2017-07-05 17:47:49,734 method:org.apache.http.impl.conn.LoggingManagedHttpClientConnection.onRequestSubmitted(LoggingManagedHttpClientConnection.java:133)
http-outgoing-32 >> POST /session/e397bb8b4943a2405e3c8c0263ada937/elements HTTP/1.1
[DEBUG] 2017-07-05 17:47:49,735 method:org.apache.http.impl.conn.LoggingManagedHttpClientConnection.onRequestSubmitted(LoggingManagedHttpClientConnection.java:136)
http-outgoing-32 >> Content-Type: application/json; charset=utf-8
[DEBUG] 2017-07-05 17:47:49,735 method:org.apache.http.impl.conn.LoggingManagedHttpClientConnection.onRequestSubmitted(LoggingManagedHttpClientConnection.java:136)
http-outgoing-32 >> Content-Length: 75
[DEBUG] 2017-07-05 17:47:49,735 method:org.apache.http.impl.conn.LoggingManagedHttpClientConnection.onRequestSubmitted(LoggingManagedHttpClientConnection.java:136)
http-outgoing-32 >> Host: localhost:5726
[DEBUG] 2017-07-05 17:47:49,735 method:org.apache.http.impl.conn.LoggingManagedHttpClientConnection.onRequestSubmitted(LoggingManagedHttpClientConnection.java:136)
http-outgoing-32 >> Connection: Keep-Alive
[DEBUG] 2017-07-05 17:47:49,736 method:org.apache.http.impl.conn.LoggingManagedHttpClientConnection.onRequestSubmitted(LoggingManagedHttpClientConnection.java:136)
http-outgoing-32 >> User-Agent: Apache-HttpClient/4.5.3 (Java/1.8.0_111)
[DEBUG] 2017-07-05 17:47:49,736 method:org.apache.http.impl.conn.LoggingManagedHttpClientConnection.onRequestSubmitted(LoggingManagedHttpClientConnection.java:136)
http-outgoing-32 >> Accept-Encoding: gzip,deflate
[DEBUG] 2017-07-05 17:47:49,736 method:org.apache.http.impl.conn.Wire.wire(Wire.java:73)
http-outgoing-32 >> "POST /session/e397bb8b4943a2405e3c8c0263ada937/elements HTTP/1.1[\r][\n]"
[DEBUG] 2017-07-05 17:47:49,736 method:org.apache.http.impl.conn.Wire.wire(Wire.java:73)
http-outgoing-32 >> "Content-Type: application/json; charset=utf-8[\r][\n]"
[DEBUG] 2017-07-05 17:47:49,737 method:org.apache.http.impl.conn.Wire.wire(Wire.java:73)
http-outgoing-32 >> "Content-Length: 75[\r][\n]"
[DEBUG] 2017-07-05 17:47:49,737 method:org.apache.http.impl.conn.Wire.wire(Wire.java:73)
http-outgoing-32 >> "Host: localhost:5726[\r][\n]"
[DEBUG] 2017-07-05 17:47:49,737 method:org.apache.http.impl.conn.Wire.wire(Wire.java:73)
http-outgoing-32 >> "Connection: Keep-Alive[\r][\n]"
[DEBUG] 2017-07-05 17:47:49,737 method:org.apache.http.impl.conn.Wire.wire(Wire.java:73)
http-outgoing-32 >> "User-Agent: Apache-HttpClient/4.5.3 (Java/1.8.0_111)[\r][\n]"
[DEBUG] 2017-07-05 17:47:49,737 method:org.apache.http.impl.conn.Wire.wire(Wire.java:73)
http-outgoing-32 >> "Accept-Encoding: gzip,deflate[\r][\n]"
[DEBUG] 2017-07-05 17:47:49,737 method:org.apache.http.impl.conn.Wire.wire(Wire.java:73)
http-outgoing-32 >> "[\r][\n]"
[DEBUG] 2017-07-05 17:47:49,737 method:org.apache.http.impl.conn.Wire.wire(Wire.java:87)
http-outgoing-32 >> "{"using":"xpath","value":"//*[@id=\"login\"]/div[1]/div[2]/form/button[1]"}"
[DEBUG] 2017-07-05 17:47:49,760 method:org.apache.http.impl.conn.Wire.wire(Wire.java:73)
http-outgoing-32 << "HTTP/1.1 200 OK[\r][\n]"
[DEBUG] 2017-07-05 17:47:49,760 method:org.apache.http.impl.conn.Wire.wire(Wire.java:73)
http-outgoing-32 << "Content-Length:103[\r][\n]"
[DEBUG] 2017-07-05 17:47:49,760 method:org.apache.http.impl.conn.Wire.wire(Wire.java:73)
http-outgoing-32 << "Content-Type:application/json; charset=utf-8[\r][\n]"
[DEBUG] 2017-07-05 17:47:49,760 method:org.apache.http.impl.conn.Wire.wire(Wire.java:73)
http-outgoing-32 << "Connection:close[\r][\n]"
[DEBUG] 2017-07-05 17:47:49,760 method:org.apache.http.impl.conn.Wire.wire(Wire.java:73)
http-outgoing-32 << "[\r][\n]"
[DEBUG] 2017-07-05 17:47:49,761 method:org.apache.http.impl.conn.Wire.wire(Wire.java:87)
http-outgoing-32 << "{"sessionId":"e397bb8b4943a2405e3c8c0263ada937","status":0,"value":[{"ELEMENT":"0.627503067106427-3"}]}"
[DEBUG] 2017-07-05 17:47:49,761 method:org.apache.http.impl.conn.LoggingManagedHttpClientConnection.onResponseReceived(LoggingManagedHttpClientConnection.java:122)
http-outgoing-32 << HTTP/1.1 200 OK
[DEBUG] 2017-07-05 17:47:49,761 method:org.apache.http.impl.conn.LoggingManagedHttpClientConnection.onResponseReceived(LoggingManagedHttpClientConnection.java:125)
http-outgoing-32 << Content-Length:103
[DEBUG] 2017-07-05 17:47:49,761 method:org.apache.http.impl.conn.LoggingManagedHttpClientConnection.onResponseReceived(LoggingManagedHttpClientConnection.java:125)
http-outgoing-32 << Content-Type:application/json; charset=utf-8
[DEBUG] 2017-07-05 17:47:49,761 method:org.apache.http.impl.conn.LoggingManagedHttpClientConnection.onResponseReceived(LoggingManagedHttpClientConnection.java:125)
http-outgoing-32 << Connection:close
[DEBUG] 2017-07-05 17:47:49,761 method:org.apache.http.impl.conn.LoggingManagedHttpClientConnection.close(LoggingManagedHttpClientConnection.java:79)
http-outgoing-32: Close connection
[DEBUG] 2017-07-05 17:47:49,762 method:org.apache.http.impl.execchain.ConnectionHolder.releaseConnection(ConnectionHolder.java:104)
Connection discarded
[DEBUG] 2017-07-05 17:47:49,762 method:org.apache.http.impl.conn.PoolingHttpClientConnectionManager.releaseConnection(PoolingHttpClientConnectionManager.java:326)
Connection released: [id: 32][route: {}->http://localhost:5726][total kept alive: 0; route allocated: 0 of 2000; total allocated: 0 of 2000]
[DEBUG] 2017-07-05 17:47:50,565 method:org.apache.http.client.protocol.RequestAddCookies.process(RequestAddCookies.java:123)
CookieSpec selected: default
[DEBUG] 2017-07-05 17:47:50,565 method:org.apache.http.client.protocol.RequestAuthCache.process(RequestAuthCache.java:77)
Auth cache not set in the context
[DEBUG] 2017-07-05 17:47:50,565 method:org.apache.http.impl.conn.PoolingHttpClientConnectionManager.requestConnection(PoolingHttpClientConnectionManager.java:255)
Connection request: [route: {}->http://localhost:5726][total kept alive: 0; route allocated: 0 of 2000; total allocated: 0 of 2000]
[DEBUG] 2017-07-05 17:47:50,566 method:org.apache.http.impl.conn.PoolingHttpClientConnectionManager.leaseConnection(PoolingHttpClientConnectionManager.java:288)
Connection leased: [id: 33][route: {}->http://localhost:5726][total kept alive: 0; route allocated: 1 of 2000; total allocated: 1 of 2000]
[DEBUG] 2017-07-05 17:47:50,566 method:org.apache.http.impl.execchain.MainClientExec.execute(MainClientExec.java:235)
Opening connection {}->http://localhost:5726
[DEBUG] 2017-07-05 17:47:50,566 method:org.apache.http.impl.conn.DefaultHttpClientConnectionOperator.connect(DefaultHttpClientConnectionOperator.java:139)
Connecting to localhost/127.0.0.1:5726
[DEBUG] 2017-07-05 17:47:50,567 method:org.apache.http.impl.conn.DefaultHttpClientConnectionOperator.connect(DefaultHttpClientConnectionOperator.java:146)
Connection established 127.0.0.1:63120<->127.0.0.1:5726
[DEBUG] 2017-07-05 17:47:50,567 method:org.apache.http.impl.conn.LoggingManagedHttpClientConnection.setSocketTimeout(LoggingManagedHttpClientConnection.java:88)
http-outgoing-33: set socket timeout to 10800000
[DEBUG] 2017-07-05 17:47:50,567 method:org.apache.http.impl.execchain.MainClientExec.execute(MainClientExec.java:256)
Executing request POST /session/e397bb8b4943a2405e3c8c0263ada937/element HTTP/1.1
[DEBUG] 2017-07-05 17:47:50,567 method:org.apache.http.impl.execchain.MainClientExec.execute(MainClientExec.java:261)
Target auth state: UNCHALLENGED
[DEBUG] 2017-07-05 17:47:50,568 method:org.apache.http.impl.execchain.MainClientExec.execute(MainClientExec.java:267)
Proxy auth state: UNCHALLENGED
[DEBUG] 2017-07-05 17:47:50,568 method:org.apache.http.impl.conn.LoggingManagedHttpClientConnection.onRequestSubmitted(LoggingManagedHttpClientConnection.java:133)
http-outgoing-33 >> POST /session/e397bb8b4943a2405e3c8c0263ada937/element HTTP/1.1
[DEBUG] 2017-07-05 17:47:50,568 method:org.apache.http.impl.conn.LoggingManagedHttpClientConnection.onRequestSubmitted(LoggingManagedHttpClientConnection.java:136)
http-outgoing-33 >> Content-Type: application/json; charset=utf-8
[DEBUG] 2017-07-05 17:47:50,568 method:org.apache.http.impl.conn.LoggingManagedHttpClientConnection.onRequestSubmitted(LoggingManagedHttpClientConnection.java:136)
http-outgoing-33 >> Content-Length: 75
[DEBUG] 2017-07-05 17:47:50,568 method:org.apache.http.impl.conn.LoggingManagedHttpClientConnection.onRequestSubmitted(LoggingManagedHttpClientConnection.java:136)
http-outgoing-33 >> Host: localhost:5726
[DEBUG] 2017-07-05 17:47:50,569 method:org.apache.http.impl.conn.LoggingManagedHttpClientConnection.onRequestSubmitted(LoggingManagedHttpClientConnection.java:136)
http-outgoing-33 >> Connection: Keep-Alive
[DEBUG] 2017-07-05 17:47:50,569 method:org.apache.http.impl.conn.LoggingManagedHttpClientConnection.onRequestSubmitted(LoggingManagedHttpClientConnection.java:136)
http-outgoing-33 >> User-Agent: Apache-HttpClient/4.5.3 (Java/1.8.0_111)
[DEBUG] 2017-07-05 17:47:50,569 method:org.apache.http.impl.conn.LoggingManagedHttpClientConnection.onRequestSubmitted(LoggingManagedHttpClientConnection.java:136)
http-outgoing-33 >> Accept-Encoding: gzip,deflate
[DEBUG] 2017-07-05 17:47:50,569 method:org.apache.http.impl.conn.Wire.wire(Wire.java:73)
http-outgoing-33 >> "POST /session/e397bb8b4943a2405e3c8c0263ada937/element HTTP/1.1[\r][\n]"
[DEBUG] 2017-07-05 17:47:50,569 method:org.apache.http.impl.conn.Wire.wire(Wire.java:73)
http-outgoing-33 >> "Content-Type: application/json; charset=utf-8[\r][\n]"
[DEBUG] 2017-07-05 17:47:50,569 method:org.apache.http.impl.conn.Wire.wire(Wire.java:73)
http-outgoing-33 >> "Content-Length: 75[\r][\n]"
[DEBUG] 2017-07-05 17:47:50,570 method:org.apache.http.impl.conn.Wire.wire(Wire.java:73)
http-outgoing-33 >> "Host: localhost:5726[\r][\n]"
[DEBUG] 2017-07-05 17:47:50,570 method:org.apache.http.impl.conn.Wire.wire(Wire.java:73)
http-outgoing-33 >> "Connection: Keep-Alive[\r][\n]"
[DEBUG] 2017-07-05 17:47:50,570 method:org.apache.http.impl.conn.Wire.wire(Wire.java:73)
http-outgoing-33 >> "User-Agent: Apache-HttpClient/4.5.3 (Java/1.8.0_111)[\r][\n]"
[DEBUG] 2017-07-05 17:47:50,570 method:org.apache.http.impl.conn.Wire.wire(Wire.java:73)
http-outgoing-33 >> "Accept-Encoding: gzip,deflate[\r][\n]"
[DEBUG] 2017-07-05 17:47:50,570 method:org.apache.http.impl.conn.Wire.wire(Wire.java:73)
http-outgoing-33 >> "[\r][\n]"
[DEBUG] 2017-07-05 17:47:50,570 method:org.apache.http.impl.conn.Wire.wire(Wire.java:87)
http-outgoing-33 >> "{"using":"xpath","value":"//*[@id=\"login\"]/div[1]/div[2]/form/button[1]"}"
[DEBUG] 2017-07-05 17:47:50,601 method:org.apache.http.impl.conn.Wire.wire(Wire.java:73)
http-outgoing-33 << "HTTP/1.1 200 OK[\r][\n]"
[DEBUG] 2017-07-05 17:47:50,602 method:org.apache.http.impl.conn.Wire.wire(Wire.java:73)
http-outgoing-33 << "Content-Length:101[\r][\n]"
[DEBUG] 2017-07-05 17:47:50,602 method:org.apache.http.impl.conn.Wire.wire(Wire.java:73)
http-outgoing-33 << "Content-Type:application/json; charset=utf-8[\r][\n]"
[DEBUG] 2017-07-05 17:47:50,602 method:org.apache.http.impl.conn.Wire.wire(Wire.java:73)
http-outgoing-33 << "Connection:close[\r][\n]"
[DEBUG] 2017-07-05 17:47:50,602 method:org.apache.http.impl.conn.Wire.wire(Wire.java:73)
http-outgoing-33 << "[\r][\n]"
[DEBUG] 2017-07-05 17:47:50,602 method:org.apache.http.impl.conn.Wire.wire(Wire.java:87)
http-outgoing-33 << "{"sessionId":"e397bb8b4943a2405e3c8c0263ada937","status":0,"value":{"ELEMENT":"0.627503067106427-3"}}"
[DEBUG] 2017-07-05 17:47:50,603 method:org.apache.http.impl.conn.LoggingManagedHttpClientConnection.onResponseReceived(LoggingManagedHttpClientConnection.java:122)
http-outgoing-33 << HTTP/1.1 200 OK
[DEBUG] 2017-07-05 17:47:50,603 method:org.apache.http.impl.conn.LoggingManagedHttpClientConnection.onResponseReceived(LoggingManagedHttpClientConnection.java:125)
http-outgoing-33 << Content-Length:101
[DEBUG] 2017-07-05 17:47:50,603 method:org.apache.http.impl.conn.LoggingManagedHttpClientConnection.onResponseReceived(LoggingManagedHttpClientConnection.java:125)
http-outgoing-33 << Content-Type:application/json; charset=utf-8
[DEBUG] 2017-07-05 17:47:50,603 method:org.apache.http.impl.conn.LoggingManagedHttpClientConnection.onResponseReceived(LoggingManagedHttpClientConnection.java:125)
http-outgoing-33 << Connection:close
[DEBUG] 2017-07-05 17:47:50,604 method:org.apache.http.impl.conn.LoggingManagedHttpClientConnection.close(LoggingManagedHttpClientConnection.java:79)
http-outgoing-33: Close connection
[DEBUG] 2017-07-05 17:47:50,604 method:org.apache.http.impl.execchain.ConnectionHolder.releaseConnection(ConnectionHolder.java:104)
Connection discarded
[DEBUG] 2017-07-05 17:47:50,604 method:org.apache.http.impl.conn.PoolingHttpClientConnectionManager.releaseConnection(PoolingHttpClientConnectionManager.java:326)
Connection released: [id: 33][route: {}->http://localhost:5726][total kept alive: 0; route allocated: 0 of 2000; total allocated: 0 of 2000]
[DEBUG] 2017-07-05 17:47:50,607 method:org.apache.http.client.protocol.RequestAddCookies.process(RequestAddCookies.java:123)
CookieSpec selected: default
[DEBUG] 2017-07-05 17:47:50,607 method:org.apache.http.client.protocol.RequestAuthCache.process(RequestAuthCache.java:77)
Auth cache not set in the context
[DEBUG] 2017-07-05 17:47:50,607 method:org.apache.http.impl.conn.PoolingHttpClientConnectionManager.requestConnection(PoolingHttpClientConnectionManager.java:255)
Connection request: [route: {}->http://localhost:5726][total kept alive: 0; route allocated: 0 of 2000; total allocated: 0 of 2000]
[DEBUG] 2017-07-05 17:47:50,607 method:org.apache.http.impl.conn.PoolingHttpClientConnectionManager.leaseConnection(PoolingHttpClientConnectionManager.java:288)
Connection leased: [id: 34][route: {}->http://localhost:5726][total kept alive: 0; route allocated: 1 of 2000; total allocated: 1 of 2000]
[DEBUG] 2017-07-05 17:47:50,607 method:org.apache.http.impl.execchain.MainClientExec.execute(MainClientExec.java:235)
Opening connection {}->http://localhost:5726
[DEBUG] 2017-07-05 17:47:50,607 method:org.apache.http.impl.conn.DefaultHttpClientConnectionOperator.connect(DefaultHttpClientConnectionOperator.java:139)
Connecting to localhost/127.0.0.1:5726
[DEBUG] 2017-07-05 17:47:50,608 method:org.apache.http.impl.conn.DefaultHttpClientConnectionOperator.connect(DefaultHttpClientConnectionOperator.java:146)
Connection established 127.0.0.1:63121<->127.0.0.1:5726
[DEBUG] 2017-07-05 17:47:50,608 method:org.apache.http.impl.conn.LoggingManagedHttpClientConnection.setSocketTimeout(LoggingManagedHttpClientConnection.java:88)
http-outgoing-34: set socket timeout to 10800000
[DEBUG] 2017-07-05 17:47:50,608 method:org.apache.http.impl.execchain.MainClientExec.execute(MainClientExec.java:256)
Executing request POST /session/e397bb8b4943a2405e3c8c0263ada937/element/0.627503067106427-3/click HTTP/1.1
[DEBUG] 2017-07-05 17:47:50,608 method:org.apache.http.impl.execchain.MainClientExec.execute(MainClientExec.java:261)
Target auth state: UNCHALLENGED
[DEBUG] 2017-07-05 17:47:50,608 method:org.apache.http.impl.execchain.MainClientExec.execute(MainClientExec.java:267)
Proxy auth state: UNCHALLENGED
[DEBUG] 2017-07-05 17:47:50,609 method:org.apache.http.impl.conn.LoggingManagedHttpClientConnection.onRequestSubmitted(LoggingManagedHttpClientConnection.java:133)
http-outgoing-34 >> POST /session/e397bb8b4943a2405e3c8c0263ada937/element/0.627503067106427-3/click HTTP/1.1
[DEBUG] 2017-07-05 17:47:50,609 method:org.apache.http.impl.conn.LoggingManagedHttpClientConnection.onRequestSubmitted(LoggingManagedHttpClientConnection.java:136)
http-outgoing-34 >> Content-Type: application/json; charset=utf-8
[DEBUG] 2017-07-05 17:47:50,609 method:org.apache.http.impl.conn.LoggingManagedHttpClientConnection.onRequestSubmitted(LoggingManagedHttpClientConnection.java:136)
http-outgoing-34 >> Content-Length: 28
[DEBUG] 2017-07-05 17:47:50,609 method:org.apache.http.impl.conn.LoggingManagedHttpClientConnection.onRequestSubmitted(LoggingManagedHttpClientConnection.java:136)
http-outgoing-34 >> Host: localhost:5726
[DEBUG] 2017-07-05 17:47:50,609 method:org.apache.http.impl.conn.LoggingManagedHttpClientConnection.onRequestSubmitted(LoggingManagedHttpClientConnection.java:136)
http-outgoing-34 >> Connection: Keep-Alive
[DEBUG] 2017-07-05 17:47:50,609 method:org.apache.http.impl.conn.LoggingManagedHttpClientConnection.onRequestSubmitted(LoggingManagedHttpClientConnection.java:136)
http-outgoing-34 >> User-Agent: Apache-HttpClient/4.5.3 (Java/1.8.0_111)
[DEBUG] 2017-07-05 17:47:50,609 method:org.apache.http.impl.conn.LoggingManagedHttpClientConnection.onRequestSubmitted(LoggingManagedHttpClientConnection.java:136)
http-outgoing-34 >> Accept-Encoding: gzip,deflate
[DEBUG] 2017-07-05 17:47:50,609 method:org.apache.http.impl.conn.Wire.wire(Wire.java:73)
http-outgoing-34 >> "POST /session/e397bb8b4943a2405e3c8c0263ada937/element/0.627503067106427-3/click HTTP/1.1[\r][\n]"
[DEBUG] 2017-07-05 17:47:50,609 method:org.apache.http.impl.conn.Wire.wire(Wire.java:73)
http-outgoing-34 >> "Content-Type: application/json; charset=utf-8[\r][\n]"
[DEBUG] 2017-07-05 17:47:50,609 method:org.apache.http.impl.conn.Wire.wire(Wire.java:73)
http-outgoing-34 >> "Content-Length: 28[\r][\n]"
[DEBUG] 2017-07-05 17:47:50,609 method:org.apache.http.impl.conn.Wire.wire(Wire.java:73)
http-outgoing-34 >> "Host: localhost:5726[\r][\n]"
[DEBUG] 2017-07-05 17:47:50,610 method:org.apache.http.impl.conn.Wire.wire(Wire.java:73)
http-outgoing-34 >> "Connection: Keep-Alive[\r][\n]"
[DEBUG] 2017-07-05 17:47:50,610 method:org.apache.http.impl.conn.Wire.wire(Wire.java:73)
http-outgoing-34 >> "User-Agent: Apache-HttpClient/4.5.3 (Java/1.8.0_111)[\r][\n]"
[DEBUG] 2017-07-05 17:47:50,610 method:org.apache.http.impl.conn.Wire.wire(Wire.java:73)
http-outgoing-34 >> "Accept-Encoding: gzip,deflate[\r][\n]"
[DEBUG] 2017-07-05 17:47:50,610 method:org.apache.http.impl.conn.Wire.wire(Wire.java:73)
http-outgoing-34 >> "[\r][\n]"
[DEBUG] 2017-07-05 17:47:50,610 method:org.apache.http.impl.conn.Wire.wire(Wire.java:87)
http-outgoing-34 >> "{"id":"0.627503067106427-3"}"
[DEBUG] 2017-07-05 17:47:50,663 method:org.apache.http.impl.conn.Wire.wire(Wire.java:73)
http-outgoing-34 << "HTTP/1.1 200 OK[\r][\n]"
[DEBUG] 2017-07-05 17:47:50,663 method:org.apache.http.impl.conn.Wire.wire(Wire.java:73)
http-outgoing-34 << "Content-Length:72[\r][\n]"
[DEBUG] 2017-07-05 17:47:50,663 method:org.apache.http.impl.conn.Wire.wire(Wire.java:73)
http-outgoing-34 << "Content-Type:application/json; charset=utf-8[\r][\n]"
[DEBUG] 2017-07-05 17:47:50,663 method:org.apache.http.impl.conn.Wire.wire(Wire.java:73)
http-outgoing-34 << "Connection:close[\r][\n]"
[DEBUG] 2017-07-05 17:47:50,664 method:org.apache.http.impl.conn.Wire.wire(Wire.java:73)
http-outgoing-34 << "[\r][\n]"
[DEBUG] 2017-07-05 17:47:50,664 method:org.apache.http.impl.conn.Wire.wire(Wire.java:87)
http-outgoing-34 << "{"sessionId":"e397bb8b4943a2405e3c8c0263ada937","status":0,"value":null}"
[DEBUG] 2017-07-05 17:47:50,664 method:org.apache.http.impl.conn.LoggingManagedHttpClientConnection.onResponseReceived(LoggingManagedHttpClientConnection.java:122)
http-outgoing-34 << HTTP/1.1 200 OK
[DEBUG] 2017-07-05 17:47:50,664 method:org.apache.http.impl.conn.LoggingManagedHttpClientConnection.onResponseReceived(LoggingManagedHttpClientConnection.java:125)
http-outgoing-34 << Content-Length:72
[DEBUG] 2017-07-05 17:47:50,664 method:org.apache.http.impl.conn.LoggingManagedHttpClientConnection.onResponseReceived(LoggingManagedHttpClientConnection.java:125)
http-outgoing-34 << Content-Type:application/json; charset=utf-8
[DEBUG] 2017-07-05 17:47:50,664 method:org.apache.http.impl.conn.LoggingManagedHttpClientConnection.onResponseReceived(LoggingManagedHttpClientConnection.java:125)
http-outgoing-34 << Connection:close
[DEBUG] 2017-07-05 17:47:50,665 method:org.apache.http.impl.conn.LoggingManagedHttpClientConnection.close(LoggingManagedHttpClientConnection.java:79)
http-outgoing-34: Close connection
[DEBUG] 2017-07-05 17:47:50,665 method:org.apache.http.impl.execchain.ConnectionHolder.releaseConnection(ConnectionHolder.java:104)
Connection discarded
[DEBUG] 2017-07-05 17:47:50,665 method:org.apache.http.impl.conn.PoolingHttpClientConnectionManager.releaseConnection(PoolingHttpClientConnectionManager.java:326)
Connection released: [id: 34][route: {}->http://localhost:5726][total kept alive: 0; route allocated: 0 of 2000; total allocated: 0 of 2000]
点击了==//*[@id="login"]/div[1]/div[2]/form/button[1]
[{element_info=//*[@id="setting"]/a, find_type=xpath, operate_type=click}, {element_info=//*[@id="J_left_div"]/div[1]/ul/li[14]/li/div/p, find_type=xpath, operate_type=click}, {element_info=//*[@id="personInformation"]/div[2]/div[1]/p[5]/a, find_type=xpath, operate_type=click, frame=lfwiseopertest02.hwcloudtest.cn}]
[DEBUG] 2017-07-05 17:47:50,676 method:org.apache.http.client.protocol.RequestAddCookies.process(RequestAddCookies.java:123)
CookieSpec selected: default
[DEBUG] 2017-07-05 17:47:50,676 method:org.apache.http.client.protocol.RequestAuthCache.process(RequestAuthCache.java:77)
Auth cache not set in the context
[DEBUG] 2017-07-05 17:47:50,676 method:org.apache.http.impl.conn.PoolingHttpClientConnectionManager.requestConnection(PoolingHttpClientConnectionManager.java:255)
Connection request: [route: {}->http://localhost:5726][total kept alive: 0; route allocated: 0 of 2000; total allocated: 0 of 2000]
[DEBUG] 2017-07-05 17:47:50,676 method:org.apache.http.impl.conn.PoolingHttpClientConnectionManager.leaseConnection(PoolingHttpClientConnectionManager.java:288)
Connection leased: [id: 35][route: {}->http://localhost:5726][total kept alive: 0; route allocated: 1 of 2000; total allocated: 1 of 2000]
[DEBUG] 2017-07-05 17:47:50,677 method:org.apache.http.impl.execchain.MainClientExec.execute(MainClientExec.java:235)
Opening connection {}->http://localhost:5726
[DEBUG] 2017-07-05 17:47:50,677 method:org.apache.http.impl.conn.DefaultHttpClientConnectionOperator.connect(DefaultHttpClientConnectionOperator.java:139)
Connecting to localhost/127.0.0.1:5726
[DEBUG] 2017-07-05 17:47:50,678 method:org.apache.http.impl.conn.DefaultHttpClientConnectionOperator.connect(DefaultHttpClientConnectionOperator.java:146)
Connection established 127.0.0.1:63122<->127.0.0.1:5726
[DEBUG] 2017-07-05 17:47:50,678 method:org.apache.http.impl.conn.LoggingManagedHttpClientConnection.setSocketTimeout(LoggingManagedHttpClientConnection.java:88)
http-outgoing-35: set socket timeout to 10800000
[DEBUG] 2017-07-05 17:47:50,678 method:org.apache.http.impl.execchain.MainClientExec.execute(MainClientExec.java:256)
Executing request POST /session/e397bb8b4943a2405e3c8c0263ada937/elements HTTP/1.1
[DEBUG] 2017-07-05 17:47:50,678 method:org.apache.http.impl.execchain.MainClientExec.execute(MainClientExec.java:261)
Target auth state: UNCHALLENGED
[DEBUG] 2017-07-05 17:47:50,678 method:org.apache.http.impl.execchain.MainClientExec.execute(MainClientExec.java:267)
Proxy auth state: UNCHALLENGED
[DEBUG] 2017-07-05 17:47:50,679 method:org.apache.http.impl.conn.LoggingManagedHttpClientConnection.onRequestSubmitted(LoggingManagedHttpClientConnection.java:133)
http-outgoing-35 >> POST /session/e397bb8b4943a2405e3c8c0263ada937/elements HTTP/1.1
[DEBUG] 2017-07-05 17:47:50,679 method:org.apache.http.impl.conn.LoggingManagedHttpClientConnection.onRequestSubmitted(LoggingManagedHttpClientConnection.java:136)
http-outgoing-35 >> Content-Type: application/json; charset=utf-8
[DEBUG] 2017-07-05 17:47:50,679 method:org.apache.http.impl.conn.LoggingManagedHttpClientConnection.onRequestSubmitted(LoggingManagedHttpClientConnection.java:136)
http-outgoing-35 >> Content-Length: 50
[DEBUG] 2017-07-05 17:47:50,679 method:org.apache.http.impl.conn.LoggingManagedHttpClientConnection.onRequestSubmitted(LoggingManagedHttpClientConnection.java:136)
http-outgoing-35 >> Host: localhost:5726
[DEBUG] 2017-07-05 17:47:50,679 method:org.apache.http.impl.conn.LoggingManagedHttpClientConnection.onRequestSubmitted(LoggingManagedHttpClientConnection.java:136)
http-outgoing-35 >> Connection: Keep-Alive
[DEBUG] 2017-07-05 17:47:50,679 method:org.apache.http.impl.conn.LoggingManagedHttpClientConnection.onRequestSubmitted(LoggingManagedHttpClientConnection.java:136)
http-outgoing-35 >> User-Agent: Apache-HttpClient/4.5.3 (Java/1.8.0_111)
[DEBUG] 2017-07-05 17:47:50,679 method:org.apache.http.impl.conn.LoggingManagedHttpClientConnection.onRequestSubmitted(LoggingManagedHttpClientConnection.java:136)
http-outgoing-35 >> Accept-Encoding: gzip,deflate
[DEBUG] 2017-07-05 17:47:50,679 method:org.apache.http.impl.conn.Wire.wire(Wire.java:73)
http-outgoing-35 >> "POST /session/e397bb8b4943a2405e3c8c0263ada937/elements HTTP/1.1[\r][\n]"
[DEBUG] 2017-07-05 17:47:50,680 method:org.apache.http.impl.conn.Wire.wire(Wire.java:73)
http-outgoing-35 >> "Content-Type: application/json; charset=utf-8[\r][\n]"
[DEBUG] 2017-07-05 17:47:50,680 method:org.apache.http.impl.conn.Wire.wire(Wire.java:73)
http-outgoing-35 >> "Content-Length: 50[\r][\n]"
[DEBUG] 2017-07-05 17:47:50,680 method:org.apache.http.impl.conn.Wire.wire(Wire.java:73)
http-outgoing-35 >> "Host: localhost:5726[\r][\n]"
[DEBUG] 2017-07-05 17:47:50,680 method:org.apache.http.impl.conn.Wire.wire(Wire.java:73)
http-outgoing-35 >> "Connection: Keep-Alive[\r][\n]"
[DEBUG] 2017-07-05 17:47:50,680 method:org.apache.http.impl.conn.Wire.wire(Wire.java:73)
http-outgoing-35 >> "User-Agent: Apache-HttpClient/4.5.3 (Java/1.8.0_111)[\r][\n]"
[DEBUG] 2017-07-05 17:47:50,680 method:org.apache.http.impl.conn.Wire.wire(Wire.java:73)
http-outgoing-35 >> "Accept-Encoding: gzip,deflate[\r][\n]"
[DEBUG] 2017-07-05 17:47:50,680 method:org.apache.http.impl.conn.Wire.wire(Wire.java:73)
http-outgoing-35 >> "[\r][\n]"
[DEBUG] 2017-07-05 17:47:50,680 method:org.apache.http.impl.conn.Wire.wire(Wire.java:87)
http-outgoing-35 >> "{"using":"xpath","value":"//*[@id=\"setting\"]/a"}"
[DEBUG] 2017-07-05 17:47:50,700 method:org.apache.http.impl.conn.Wire.wire(Wire.java:73)
http-outgoing-35 << "HTTP/1.1 200 OK[\r][\n]"
[DEBUG] 2017-07-05 17:47:50,700 method:org.apache.http.impl.conn.Wire.wire(Wire.java:73)
http-outgoing-35 << "Content-Length:70[\r][\n]"
[DEBUG] 2017-07-05 17:47:50,700 method:org.apache.http.impl.conn.Wire.wire(Wire.java:73)
http-outgoing-35 << "Content-Type:application/json; charset=utf-8[\r][\n]"
[DEBUG] 2017-07-05 17:47:50,700 method:org.apache.http.impl.conn.Wire.wire(Wire.java:73)
http-outgoing-35 << "Connection:close[\r][\n]"
[DEBUG] 2017-07-05 17:47:50,700 method:org.apache.http.impl.conn.Wire.wire(Wire.java:73)
http-outgoing-35 << "[\r][\n]"
[DEBUG] 2017-07-05 17:47:50,701 method:org.apache.http.impl.conn.Wire.wire(Wire.java:87)
http-outgoing-35 << "{"sessionId":"e397bb8b4943a2405e3c8c0263ada937","status":0,"value":[]}"
[DEBUG] 2017-07-05 17:47:50,701 method:org.apache.http.impl.conn.LoggingManagedHttpClientConnection.onResponseReceived(LoggingManagedHttpClientConnection.java:122)
http-outgoing-35 << HTTP/1.1 200 OK
[DEBUG] 2017-07-05 17:47:50,701 method:org.apache.http.impl.conn.LoggingManagedHttpClientConnection.onResponseReceived(LoggingManagedHttpClientConnection.java:125)
http-outgoing-35 << Content-Length:70
[DEBUG] 2017-07-05 17:47:50,701 method:org.apache.http.impl.conn.LoggingManagedHttpClientConnection.onResponseReceived(LoggingManagedHttpClientConnection.java:125)
http-outgoing-35 << Content-Type:application/json; charset=utf-8
[DEBUG] 2017-07-05 17:47:50,701 method:org.apache.http.impl.conn.LoggingManagedHttpClientConnection.onResponseReceived(LoggingManagedHttpClientConnection.java:125)
http-outgoing-35 << Connection:close
[DEBUG] 2017-07-05 17:47:50,701 method:org.apache.http.impl.conn.LoggingManagedHttpClientConnection.close(LoggingManagedHttpClientConnection.java:79)
http-outgoing-35: Close connection
[DEBUG] 2017-07-05 17:47:50,702 method:org.apache.http.impl.execchain.ConnectionHolder.releaseConnection(ConnectionHolder.java:104)
Connection discarded
[DEBUG] 2017-07-05 17:47:50,702 method:org.apache.http.impl.conn.PoolingHttpClientConnectionManager.releaseConnection(PoolingHttpClientConnectionManager.java:326)
Connection released: [id: 35][route: {}->http://localhost:5726][total kept alive: 0; route allocated: 0 of 2000; total allocated: 0 of 2000]
[DEBUG] 2017-07-05 17:47:51,204 method:org.apache.http.client.protocol.RequestAddCookies.process(RequestAddCookies.java:123)
CookieSpec selected: default
[DEBUG] 2017-07-05 17:47:51,205 method:org.apache.http.client.protocol.RequestAuthCache.process(RequestAuthCache.java:77)
Auth cache not set in the context
[DEBUG] 2017-07-05 17:47:51,205 method:org.apache.http.impl.conn.PoolingHttpClientConnectionManager.requestConnection(PoolingHttpClientConnectionManager.java:255)
Connection request: [route: {}->http://localhost:5726][total kept alive: 0; route allocated: 0 of 2000; total allocated: 0 of 2000]
[DEBUG] 2017-07-05 17:47:51,205 method:org.apache.http.impl.conn.PoolingHttpClientConnectionManager.leaseConnection(PoolingHttpClientConnectionManager.java:288)
Connection leased: [id: 36][route: {}->http://localhost:5726][total kept alive: 0; route allocated: 1 of 2000; total allocated: 1 of 2000]
[DEBUG] 2017-07-05 17:47:51,206 method:org.apache.http.impl.execchain.MainClientExec.execute(MainClientExec.java:235)
Opening connection {}->http://localhost:5726
[DEBUG] 2017-07-05 17:47:51,206 method:org.apache.http.impl.conn.DefaultHttpClientConnectionOperator.connect(DefaultHttpClientConnectionOperator.java:139)
Connecting to localhost/127.0.0.1:5726
[DEBUG] 2017-07-05 17:47:51,208 method:org.apache.http.impl.conn.DefaultHttpClientConnectionOperator.connect(DefaultHttpClientConnectionOperator.java:146)
Connection established 127.0.0.1:63123<->127.0.0.1:5726
[DEBUG] 2017-07-05 17:47:51,208 method:org.apache.http.impl.conn.LoggingManagedHttpClientConnection.setSocketTimeout(LoggingManagedHttpClientConnection.java:88)
http-outgoing-36: set socket timeout to 10800000
[DEBUG] 2017-07-05 17:47:51,209 method:org.apache.http.impl.execchain.MainClientExec.execute(MainClientExec.java:256)
Executing request POST /session/e397bb8b4943a2405e3c8c0263ada937/elements HTTP/1.1
[DEBUG] 2017-07-05 17:47:51,209 method:org.apache.http.impl.execchain.MainClientExec.execute(MainClientExec.java:261)
Target auth state: UNCHALLENGED
[DEBUG] 2017-07-05 17:47:51,209 method:org.apache.http.impl.execchain.MainClientExec.execute(MainClientExec.java:267)
Proxy auth state: UNCHALLENGED
[DEBUG] 2017-07-05 17:47:51,210 method:org.apache.http.impl.conn.LoggingManagedHttpClientConnection.onRequestSubmitted(LoggingManagedHttpClientConnection.java:133)
http-outgoing-36 >> POST /session/e397bb8b4943a2405e3c8c0263ada937/elements HTTP/1.1
[DEBUG] 2017-07-05 17:47:51,210 method:org.apache.http.impl.conn.LoggingManagedHttpClientConnection.onRequestSubmitted(LoggingManagedHttpClientConnection.java:136)
http-outgoing-36 >> Content-Type: application/json; charset=utf-8
[DEBUG] 2017-07-05 17:47:51,210 method:org.apache.http.impl.conn.LoggingManagedHttpClientConnection.onRequestSubmitted(LoggingManagedHttpClientConnection.java:136)
http-outgoing-36 >> Content-Length: 50
[DEBUG] 2017-07-05 17:47:51,211 method:org.apache.http.impl.conn.LoggingManagedHttpClientConnection.onRequestSubmitted(LoggingManagedHttpClientConnection.java:136)
http-outgoing-36 >> Host: localhost:5726
[DEBUG] 2017-07-05 17:47:51,211 method:org.apache.http.impl.conn.LoggingManagedHttpClientConnection.onRequestSubmitted(LoggingManagedHttpClientConnection.java:136)
http-outgoing-36 >> Connection: Keep-Alive
[DEBUG] 2017-07-05 17:47:51,211 method:org.apache.http.impl.conn.LoggingManagedHttpClientConnection.onRequestSubmitted(LoggingManagedHttpClientConnection.java:136)
http-outgoing-36 >> User-Agent: Apache-HttpClient/4.5.3 (Java/1.8.0_111)
[DEBUG] 2017-07-05 17:47:51,212 method:org.apache.http.impl.conn.LoggingManagedHttpClientConnection.onRequestSubmitted(LoggingManagedHttpClientConnection.java:136)
http-outgoing-36 >> Accept-Encoding: gzip,deflate
[DEBUG] 2017-07-05 17:47:51,212 method:org.apache.http.impl.conn.Wire.wire(Wire.java:73)
http-outgoing-36 >> "POST /session/e397bb8b4943a2405e3c8c0263ada937/elements HTTP/1.1[\r][\n]"
[DEBUG] 2017-07-05 17:47:51,213 method:org.apache.http.impl.conn.Wire.wire(Wire.java:73)
http-outgoing-36 >> "Content-Type: application/json; charset=utf-8[\r][\n]"
[DEBUG] 2017-07-05 17:47:51,213 method:org.apache.http.impl.conn.Wire.wire(Wire.java:73)
http-outgoing-36 >> "Content-Length: 50[\r][\n]"
[DEBUG] 2017-07-05 17:47:51,213 method:org.apache.http.impl.conn.Wire.wire(Wire.java:73)
http-outgoing-36 >> "Host: localhost:5726[\r][\n]"
[DEBUG] 2017-07-05 17:47:51,214 method:org.apache.http.impl.conn.Wire.wire(Wire.java:73)
http-outgoing-36 >> "Connection: Keep-Alive[\r][\n]"
[DEBUG] 2017-07-05 17:47:51,214 method:org.apache.http.impl.conn.Wire.wire(Wire.java:73)
http-outgoing-36 >> "User-Agent: Apache-HttpClient/4.5.3 (Java/1.8.0_111)[\r][\n]"
[DEBUG] 2017-07-05 17:47:51,215 method:org.apache.http.impl.conn.Wire.wire(Wire.java:73)
http-outgoing-36 >> "Accept-Encoding: gzip,deflate[\r][\n]"
[DEBUG] 2017-07-05 17:47:51,215 method:org.apache.http.impl.conn.Wire.wire(Wire.java:73)
http-outgoing-36 >> "[\r][\n]"
[DEBUG] 2017-07-05 17:47:51,215 method:org.apache.http.impl.conn.Wire.wire(Wire.java:87)
http-outgoing-36 >> "{"using":"xpath","value":"//*[@id=\"setting\"]/a"}"
[DEBUG] 2017-07-05 17:47:51,234 method:org.apache.http.impl.conn.Wire.wire(Wire.java:73)
http-outgoing-36 << "HTTP/1.1 200 OK[\r][\n]"
[DEBUG] 2017-07-05 17:47:51,234 method:org.apache.http.impl.conn.Wire.wire(Wire.java:73)
http-outgoing-36 << "Content-Length:70[\r][\n]"
[DEBUG] 2017-07-05 17:47:51,235 method:org.apache.http.impl.conn.Wire.wire(Wire.java:73)
http-outgoing-36 << "Content-Type:application/json; charset=utf-8[\r][\n]"
[DEBUG] 2017-07-05 17:47:51,235 method:org.apache.http.impl.conn.Wire.wire(Wire.java:73)
http-outgoing-36 << "Connection:close[\r][\n]"
[DEBUG] 2017-07-05 17:47:51,236 method:org.apache.http.impl.conn.Wire.wire(Wire.java:73)
http-outgoing-36 << "[\r][\n]"
[DEBUG] 2017-07-05 17:47:51,236 method:org.apache.http.impl.conn.Wire.wire(Wire.java:87)
http-outgoing-36 << "{"sessionId":"e397bb8b4943a2405e3c8c0263ada937","status":0,"value":[]}"
[DEBUG] 2017-07-05 17:47:51,236 method:org.apache.http.impl.conn.LoggingManagedHttpClientConnection.onResponseReceived(LoggingManagedHttpClientConnection.java:122)
http-outgoing-36 << HTTP/1.1 200 OK
[DEBUG] 2017-07-05 17:47:51,237 method:org.apache.http.impl.conn.LoggingManagedHttpClientConnection.onResponseReceived(LoggingManagedHttpClientConnection.java:125)
http-outgoing-36 << Content-Length:70
[DEBUG] 2017-07-05 17:47:51,237 method:org.apache.http.impl.conn.LoggingManagedHttpClientConnection.onResponseReceived(LoggingManagedHttpClientConnection.java:125)
http-outgoing-36 << Content-Type:application/json; charset=utf-8
[DEBUG] 2017-07-05 17:47:51,237 method:org.apache.http.impl.conn.LoggingManagedHttpClientConnection.onResponseReceived(LoggingManagedHttpClientConnection.java:125)
http-outgoing-36 << Connection:close
[DEBUG] 2017-07-05 17:47:51,237 method:org.apache.http.impl.conn.LoggingManagedHttpClientConnection.close(LoggingManagedHttpClientConnection.java:79)
http-outgoing-36: Close connection
[DEBUG] 2017-07-05 17:47:51,238 method:org.apache.http.impl.execchain.ConnectionHolder.releaseConnection(ConnectionHolder.java:104)
Connection discarded
[DEBUG] 2017-07-05 17:47:51,238 method:org.apache.http.impl.conn.PoolingHttpClientConnectionManager.releaseConnection(PoolingHttpClientConnectionManager.java:326)
Connection released: [id: 36][route: {}->http://localhost:5726][total kept alive: 0; route allocated: 0 of 2000; total allocated: 0 of 2000]
[DEBUG] 2017-07-05 17:47:51,740 method:org.apache.http.client.protocol.RequestAddCookies.process(RequestAddCookies.java:123)
CookieSpec selected: default
[DEBUG] 2017-07-05 17:47:51,741 method:org.apache.http.client.protocol.RequestAuthCache.process(RequestAuthCache.java:77)
Auth cache not set in the context
[DEBUG] 2017-07-05 17:47:51,741 method:org.apache.http.impl.conn.PoolingHttpClientConnectionManager.requestConnection(PoolingHttpClientConnectionManager.java:255)
Connection request: [route: {}->http://localhost:5726][total kept alive: 0; route allocated: 0 of 2000; total allocated: 0 of 2000]
[DEBUG] 2017-07-05 17:47:51,742 method:org.apache.http.impl.conn.PoolingHttpClientConnectionManager.leaseConnection(PoolingHttpClientConnectionManager.java:288)
Connection leased: [id: 37][route: {}->http://localhost:5726][total kept alive: 0; route allocated: 1 of 2000; total allocated: 1 of 2000]
[DEBUG] 2017-07-05 17:47:51,742 method:org.apache.http.impl.execchain.MainClientExec.execute(MainClientExec.java:235)
Opening connection {}->http://localhost:5726
[DEBUG] 2017-07-05 17:47:51,742 method:org.apache.http.impl.conn.DefaultHttpClientConnectionOperator.connect(DefaultHttpClientConnectionOperator.java:139)
Connecting to localhost/127.0.0.1:5726
[DEBUG] 2017-07-05 17:47:51,744 method:org.apache.http.impl.conn.DefaultHttpClientConnectionOperator.connect(DefaultHttpClientConnectionOperator.java:146)
Connection established 127.0.0.1:63124<->127.0.0.1:5726
[DEBUG] 2017-07-05 17:47:51,744 method:org.apache.http.impl.conn.LoggingManagedHttpClientConnection.setSocketTimeout(LoggingManagedHttpClientConnection.java:88)
http-outgoing-37: set socket timeout to 10800000
[DEBUG] 2017-07-05 17:47:51,745 method:org.apache.http.impl.execchain.MainClientExec.execute(MainClientExec.java:256)
Executing request POST /session/e397bb8b4943a2405e3c8c0263ada937/elements HTTP/1.1
[DEBUG] 2017-07-05 17:47:51,745 method:org.apache.http.impl.execchain.MainClientExec.execute(MainClientExec.java:261)
Target auth state: UNCHALLENGED
[DEBUG] 2017-07-05 17:47:51,745 method:org.apache.http.impl.execchain.MainClientExec.execute(MainClientExec.java:267)
Proxy auth state: UNCHALLENGED
[DEBUG] 2017-07-05 17:47:51,746 method:org.apache.http.impl.conn.LoggingManagedHttpClientConnection.onRequestSubmitted(LoggingManagedHttpClientConnection.java:133)
http-outgoing-37 >> POST /session/e397bb8b4943a2405e3c8c0263ada937/elements HTTP/1.1
[DEBUG] 2017-07-05 17:47:51,746 method:org.apache.http.impl.conn.LoggingManagedHttpClientConnection.onRequestSubmitted(LoggingManagedHttpClientConnection.java:136)
http-outgoing-37 >> Content-Type: application/json; charset=utf-8
[DEBUG] 2017-07-05 17:47:51,747 method:org.apache.http.impl.conn.LoggingManagedHttpClientConnection.onRequestSubmitted(LoggingManagedHttpClientConnection.java:136)
http-outgoing-37 >> Content-Length: 50
[DEBUG] 2017-07-05 17:47:51,747 method:org.apache.http.impl.conn.LoggingManagedHttpClientConnection.onRequestSubmitted(LoggingManagedHttpClientConnection.java:136)
http-outgoing-37 >> Host: localhost:5726
[DEBUG] 2017-07-05 17:47:51,747 method:org.apache.http.impl.conn.LoggingManagedHttpClientConnection.onRequestSubmitted(LoggingManagedHttpClientConnection.java:136)
http-outgoing-37 >> Connection: Keep-Alive
[DEBUG] 2017-07-05 17:47:51,747 method:org.apache.http.impl.conn.LoggingManagedHttpClientConnection.onRequestSubmitted(LoggingManagedHttpClientConnection.java:136)
http-outgoing-37 >> User-Agent: Apache-HttpClient/4.5.3 (Java/1.8.0_111)
[DEBUG] 2017-07-05 17:47:51,748 method:org.apache.http.impl.conn.LoggingManagedHttpClientConnection.onRequestSubmitted(LoggingManagedHttpClientConnection.java:136)
http-outgoing-37 >> Accept-Encoding: gzip,deflate
[DEBUG] 2017-07-05 17:47:51,748 method:org.apache.http.impl.conn.Wire.wire(Wire.java:73)
http-outgoing-37 >> "POST /session/e397bb8b4943a2405e3c8c0263ada937/elements HTTP/1.1[\r][\n]"
[DEBUG] 2017-07-05 17:47:51,748 method:org.apache.http.impl.conn.Wire.wire(Wire.java:73)
http-outgoing-37 >> "Content-Type: application/json; charset=utf-8[\r][\n]"
[DEBUG] 2017-07-05 17:47:51,749 method:org.apache.http.impl.conn.Wire.wire(Wire.java:73)
http-outgoing-37 >> "Content-Length: 50[\r][\n]"
[DEBUG] 2017-07-05 17:47:51,749 method:org.apache.http.impl.conn.Wire.wire(Wire.java:73)
http-outgoing-37 >> "Host: localhost:5726[\r][\n]"
[DEBUG] 2017-07-05 17:47:51,749 method:org.apache.http.impl.conn.Wire.wire(Wire.java:73)
http-outgoing-37 >> "Connection: Keep-Alive[\r][\n]"
[DEBUG] 2017-07-05 17:47:51,749 method:org.apache.http.impl.conn.Wire.wire(Wire.java:73)
http-outgoing-37 >> "User-Agent: Apache-HttpClient/4.5.3 (Java/1.8.0_111)[\r][\n]"
[DEBUG] 2017-07-05 17:47:51,750 method:org.apache.http.impl.conn.Wire.wire(Wire.java:73)
http-outgoing-37 >> "Accept-Encoding: gzip,deflate[\r][\n]"
[DEBUG] 2017-07-05 17:47:51,750 method:org.apache.http.impl.conn.Wire.wire(Wire.java:73)
http-outgoing-37 >> "[\r][\n]"
[DEBUG] 2017-07-05 17:47:51,750 method:org.apache.http.impl.conn.Wire.wire(Wire.java:87)
http-outgoing-37 >> "{"using":"xpath","value":"//*[@id=\"setting\"]/a"}"
[DEBUG] 2017-07-05 17:47:51,769 method:org.apache.http.impl.conn.Wire.wire(Wire.java:73)
http-outgoing-37 << "HTTP/1.1 200 OK[\r][\n]"
[DEBUG] 2017-07-05 17:47:51,770 method:org.apache.http.impl.conn.Wire.wire(Wire.java:73)
http-outgoing-37 << "Content-Length:70[\r][\n]"
[DEBUG] 2017-07-05 17:47:51,770 method:org.apache.http.impl.conn.Wire.wire(Wire.java:73)
http-outgoing-37 << "Content-Type:application/json; charset=utf-8[\r][\n]"
[DEBUG] 2017-07-05 17:47:51,771 method:org.apache.http.impl.conn.Wire.wire(Wire.java:73)
http-outgoing-37 << "Connection:close[\r][\n]"
[DEBUG] 2017-07-05 17:47:51,771 method:org.apache.http.impl.conn.Wire.wire(Wire.java:73)
http-outgoing-37 << "[\r][\n]"
[DEBUG] 2017-07-05 17:47:51,771 method:org.apache.http.impl.conn.Wire.wire(Wire.java:87)
http-outgoing-37 << "{"sessionId":"e397bb8b4943a2405e3c8c0263ada937","status":0,"value":[]}"
[DEBUG] 2017-07-05 17:47:51,772 method:org.apache.http.impl.conn.LoggingManagedHttpClientConnection.onResponseReceived(LoggingManagedHttpClientConnection.java:122)
http-outgoing-37 << HTTP/1.1 200 OK
[DEBUG] 2017-07-05 17:47:51,772 method:org.apache.http.impl.conn.LoggingManagedHttpClientConnection.onResponseReceived(LoggingManagedHttpClientConnection.java:125)
http-outgoing-37 << Content-Length:70
[DEBUG] 2017-07-05 17:47:51,772 method:org.apache.http.impl.conn.LoggingManagedHttpClientConnection.onResponseReceived(LoggingManagedHttpClientConnection.java:125)
http-outgoing-37 << Content-Type:application/json; charset=utf-8
[DEBUG] 2017-07-05 17:47:51,772 method:org.apache.http.impl.conn.LoggingManagedHttpClientConnection.onResponseReceived(LoggingManagedHttpClientConnection.java:125)
http-outgoing-37 << Connection:close
[DEBUG] 2017-07-05 17:47:51,773 method:org.apache.http.impl.conn.LoggingManagedHttpClientConnection.close(LoggingManagedHttpClientConnection.java:79)
http-outgoing-37: Close connection
[DEBUG] 2017-07-05 17:47:51,773 method:org.apache.http.impl.execchain.ConnectionHolder.releaseConnection(ConnectionHolder.java:104)
Connection discarded
[DEBUG] 2017-07-05 17:47:51,774 method:org.apache.http.impl.conn.PoolingHttpClientConnectionManager.releaseConnection(PoolingHttpClientConnectionManager.java:326)
Connection released: [id: 37][route: {}->http://localhost:5726][total kept alive: 0; route allocated: 0 of 2000; total allocated: 0 of 2000]
[DEBUG] 2017-07-05 17:47:52,276 method:org.apache.http.client.protocol.RequestAddCookies.process(RequestAddCookies.java:123)
CookieSpec selected: default
[DEBUG] 2017-07-05 17:47:52,277 method:org.apache.http.client.protocol.RequestAuthCache.process(RequestAuthCache.java:77)
Auth cache not set in the context
[DEBUG] 2017-07-05 17:47:52,277 method:org.apache.http.impl.conn.PoolingHttpClientConnectionManager.requestConnection(PoolingHttpClientConnectionManager.java:255)
Connection request: [route: {}->http://localhost:5726][total kept alive: 0; route allocated: 0 of 2000; total allocated: 0 of 2000]
[DEBUG] 2017-07-05 17:47:52,278 method:org.apache.http.impl.conn.PoolingHttpClientConnectionManager.leaseConnection(PoolingHttpClientConnectionManager.java:288)
Connection leased: [id: 38][route: {}->http://localhost:5726][total kept alive: 0; route allocated: 1 of 2000; total allocated: 1 of 2000]
[DEBUG] 2017-07-05 17:47:52,278 method:org.apache.http.impl.execchain.MainClientExec.execute(MainClientExec.java:235)
Opening connection {}->http://localhost:5726
[DEBUG] 2017-07-05 17:47:52,279 method:org.apache.http.impl.conn.DefaultHttpClientConnectionOperator.connect(DefaultHttpClientConnectionOperator.java:139)
Connecting to localhost/127.0.0.1:5726
[DEBUG] 2017-07-05 17:47:52,280 method:org.apache.http.impl.conn.DefaultHttpClientConnectionOperator.connect(DefaultHttpClientConnectionOperator.java:146)
Connection established 127.0.0.1:63125<->127.0.0.1:5726
[DEBUG] 2017-07-05 17:47:52,281 method:org.apache.http.impl.conn.LoggingManagedHttpClientConnection.setSocketTimeout(LoggingManagedHttpClientConnection.java:88)
http-outgoing-38: set socket timeout to 10800000
[DEBUG] 2017-07-05 17:47:52,281 method:org.apache.http.impl.execchain.MainClientExec.execute(MainClientExec.java:256)
Executing request POST /session/e397bb8b4943a2405e3c8c0263ada937/elements HTTP/1.1
[DEBUG] 2017-07-05 17:47:52,281 method:org.apache.http.impl.execchain.MainClientExec.execute(MainClientExec.java:261)
Target auth state: UNCHALLENGED
[DEBUG] 2017-07-05 17:47:52,281 method:org.apache.http.impl.execchain.MainClientExec.execute(MainClientExec.java:267)
Proxy auth state: UNCHALLENGED
[DEBUG] 2017-07-05 17:47:52,282 method:org.apache.http.impl.conn.LoggingManagedHttpClientConnection.onRequestSubmitted(LoggingManagedHttpClientConnection.java:133)
http-outgoing-38 >> POST /session/e397bb8b4943a2405e3c8c0263ada937/elements HTTP/1.1
[DEBUG] 2017-07-05 17:47:52,282 method:org.apache.http.impl.conn.LoggingManagedHttpClientConnection.onRequestSubmitted(LoggingManagedHttpClientConnection.java:136)
http-outgoing-38 >> Content-Type: application/json; charset=utf-8
[DEBUG] 2017-07-05 17:47:52,282 method:org.apache.http.impl.conn.LoggingManagedHttpClientConnection.onRequestSubmitted(LoggingManagedHttpClientConnection.java:136)
http-outgoing-38 >> Content-Length: 50
[DEBUG] 2017-07-05 17:47:52,283 method:org.apache.http.impl.conn.LoggingManagedHttpClientConnection.onRequestSubmitted(LoggingManagedHttpClientConnection.java:136)
http-outgoing-38 >> Host: localhost:5726
[DEBUG] 2017-07-05 17:47:52,283 method:org.apache.http.impl.conn.LoggingManagedHttpClientConnection.onRequestSubmitted(LoggingManagedHttpClientConnection.java:136)
http-outgoing-38 >> Connection: Keep-Alive
[DEBUG] 2017-07-05 17:47:52,283 method:org.apache.http.impl.conn.LoggingManagedHttpClientConnection.onRequestSubmitted(LoggingManagedHttpClientConnection.java:136)
http-outgoing-38 >> User-Agent: Apache-HttpClient/4.5.3 (Java/1.8.0_111)
[DEBUG] 2017-07-05 17:47:52,284 method:org.apache.http.impl.conn.LoggingManagedHttpClientConnection.onRequestSubmitted(LoggingManagedHttpClientConnection.java:136)
http-outgoing-38 >> Accept-Encoding: gzip,deflate
[DEBUG] 2017-07-05 17:47:52,284 method:org.apache.http.impl.conn.Wire.wire(Wire.java:73)
http-outgoing-38 >> "POST /session/e397bb8b4943a2405e3c8c0263ada937/elements HTTP/1.1[\r][\n]"
[DEBUG] 2017-07-05 17:47:52,284 method:org.apache.http.impl.conn.Wire.wire(Wire.java:73)
http-outgoing-38 >> "Content-Type: application/json; charset=utf-8[\r][\n]"
[DEBUG] 2017-07-05 17:47:52,285 method:org.apache.http.impl.conn.Wire.wire(Wire.java:73)
http-outgoing-38 >> "Content-Length: 50[\r][\n]"
[DEBUG] 2017-07-05 17:47:52,285 method:org.apache.http.impl.conn.Wire.wire(Wire.java:73)
http-outgoing-38 >> "Host: localhost:5726[\r][\n]"
[DEBUG] 2017-07-05 17:47:52,285 method:org.apache.http.impl.conn.Wire.wire(Wire.java:73)
http-outgoing-38 >> "Connection: Keep-Alive[\r][\n]"
[DEBUG] 2017-07-05 17:47:52,286 method:org.apache.http.impl.conn.Wire.wire(Wire.java:73)
http-outgoing-38 >> "User-Agent: Apache-HttpClient/4.5.3 (Java/1.8.0_111)[\r][\n]"
[DEBUG] 2017-07-05 17:47:52,286 method:org.apache.http.impl.conn.Wire.wire(Wire.java:73)
http-outgoing-38 >> "Accept-Encoding: gzip,deflate[\r][\n]"
[DEBUG] 2017-07-05 17:47:52,286 method:org.apache.http.impl.conn.Wire.wire(Wire.java:73)
http-outgoing-38 >> "[\r][\n]"
[DEBUG] 2017-07-05 17:47:52,287 method:org.apache.http.impl.conn.Wire.wire(Wire.java:87)
http-outgoing-38 >> "{"using":"xpath","value":"//*[@id=\"setting\"]/a"}"
[DEBUG] 2017-07-05 17:47:52,298 method:org.apache.http.impl.conn.Wire.wire(Wire.java:73)
http-outgoing-38 << "HTTP/1.1 200 OK[\r][\n]"
[DEBUG] 2017-07-05 17:47:52,299 method:org.apache.http.impl.conn.Wire.wire(Wire.java:73)
http-outgoing-38 << "Content-Length:70[\r][\n]"
[DEBUG] 2017-07-05 17:47:52,299 method:org.apache.http.impl.conn.Wire.wire(Wire.java:73)
http-outgoing-38 << "Content-Type:application/json; charset=utf-8[\r][\n]"
[DEBUG] 2017-07-05 17:47:52,299 method:org.apache.http.impl.conn.Wire.wire(Wire.java:73)
http-outgoing-38 << "Connection:close[\r][\n]"
[DEBUG] 2017-07-05 17:47:52,299 method:org.apache.http.impl.conn.Wire.wire(Wire.java:73)
http-outgoing-38 << "[\r][\n]"
[DEBUG] 2017-07-05 17:47:52,300 method:org.apache.http.impl.conn.Wire.wire(Wire.java:87)
http-outgoing-38 << "{"sessionId":"e397bb8b4943a2405e3c8c0263ada937","status":0,"value":[]}"
[DEBUG] 2017-07-05 17:47:52,300 method:org.apache.http.impl.conn.LoggingManagedHttpClientConnection.onResponseReceived(LoggingManagedHttpClientConnection.java:122)
http-outgoing-38 << HTTP/1.1 200 OK
[DEBUG] 2017-07-05 17:47:52,300 method:org.apache.http.impl.conn.LoggingManagedHttpClientConnection.onResponseReceived(LoggingManagedHttpClientConnection.java:125)
http-outgoing-38 << Content-Length:70
[DEBUG] 2017-07-05 17:47:52,300 method:org.apache.http.impl.conn.LoggingManagedHttpClientConnection.onResponseReceived(LoggingManagedHttpClientConnection.java:125)
http-outgoing-38 << Content-Type:application/json; charset=utf-8
[DEBUG] 2017-07-05 17:47:52,300 method:org.apache.http.impl.conn.LoggingManagedHttpClientConnection.onResponseReceived(LoggingManagedHttpClientConnection.java:125)
http-outgoing-38 << Connection:close
[DEBUG] 2017-07-05 17:47:52,301 method:org.apache.http.impl.conn.LoggingManagedHttpClientConnection.close(LoggingManagedHttpClientConnection.java:79)
http-outgoing-38: Close connection
[DEBUG] 2017-07-05 17:47:52,301 method:org.apache.http.impl.execchain.ConnectionHolder.releaseConnection(ConnectionHolder.java:104)
Connection discarded
[DEBUG] 2017-07-05 17:47:52,301 method:org.apache.http.impl.conn.PoolingHttpClientConnectionManager.releaseConnection(PoolingHttpClientConnectionManager.java:326)
Connection released: [id: 38][route: {}->http://localhost:5726][total kept alive: 0; route allocated: 0 of 2000; total allocated: 0 of 2000]
[DEBUG] 2017-07-05 17:47:52,803 method:org.apache.http.client.protocol.RequestAddCookies.process(RequestAddCookies.java:123)
CookieSpec selected: default
[DEBUG] 2017-07-05 17:47:52,803 method:org.apache.http.client.protocol.RequestAuthCache.process(RequestAuthCache.java:77)
Auth cache not set in the context
[DEBUG] 2017-07-05 17:47:52,804 method:org.apache.http.impl.conn.PoolingHttpClientConnectionManager.requestConnection(PoolingHttpClientConnectionManager.java:255)
Connection request: [route: {}->http://localhost:5726][total kept alive: 0; route allocated: 0 of 2000; total allocated: 0 of 2000]
[DEBUG] 2017-07-05 17:47:52,804 method:org.apache.http.impl.conn.PoolingHttpClientConnectionManager.leaseConnection(PoolingHttpClientConnectionManager.java:288)
Connection leased: [id: 39][route: {}->http://localhost:5726][total kept alive: 0; route allocated: 1 of 2000; total allocated: 1 of 2000]
[DEBUG] 2017-07-05 17:47:52,804 method:org.apache.http.impl.execchain.MainClientExec.execute(MainClientExec.java:235)
Opening connection {}->http://localhost:5726
[DEBUG] 2017-07-05 17:47:52,805 method:org.apache.http.impl.conn.DefaultHttpClientConnectionOperator.connect(DefaultHttpClientConnectionOperator.java:139)
Connecting to localhost/127.0.0.1:5726
[DEBUG] 2017-07-05 17:47:52,806 method:org.apache.http.impl.conn.DefaultHttpClientConnectionOperator.connect(DefaultHttpClientConnectionOperator.java:146)
Connection established 127.0.0.1:63126<->127.0.0.1:5726
[DEBUG] 2017-07-05 17:47:52,806 method:org.apache.http.impl.conn.LoggingManagedHttpClientConnection.setSocketTimeout(LoggingManagedHttpClientConnection.java:88)
http-outgoing-39: set socket timeout to 10800000
[DEBUG] 2017-07-05 17:47:52,810 method:org.apache.http.impl.execchain.MainClientExec.execute(MainClientExec.java:256)
Executing request POST /session/e397bb8b4943a2405e3c8c0263ada937/elements HTTP/1.1
[DEBUG] 2017-07-05 17:47:52,812 method:org.apache.http.impl.execchain.MainClientExec.execute(MainClientExec.java:261)
Target auth state: UNCHALLENGED
[DEBUG] 2017-07-05 17:47:52,813 method:org.apache.http.impl.execchain.MainClientExec.execute(MainClientExec.java:267)
Proxy auth state: UNCHALLENGED
[DEBUG] 2017-07-05 17:47:52,814 method:org.apache.http.impl.conn.LoggingManagedHttpClientConnection.onRequestSubmitted(LoggingManagedHttpClientConnection.java:133)
http-outgoing-39 >> POST /session/e397bb8b4943a2405e3c8c0263ada937/elements HTTP/1.1
[DEBUG] 2017-07-05 17:47:52,815 method:org.apache.http.impl.conn.LoggingManagedHttpClientConnection.onRequestSubmitted(LoggingManagedHttpClientConnection.java:136)
http-outgoing-39 >> Content-Type: application/json; charset=utf-8
[DEBUG] 2017-07-05 17:47:52,815 method:org.apache.http.impl.conn.LoggingManagedHttpClientConnection.onRequestSubmitted(LoggingManagedHttpClientConnection.java:136)
http-outgoing-39 >> Content-Length: 50
[DEBUG] 2017-07-05 17:47:52,815 method:org.apache.http.impl.conn.LoggingManagedHttpClientConnection.onRequestSubmitted(LoggingManagedHttpClientConnection.java:136)
http-outgoing-39 >> Host: localhost:5726
[DEBUG] 2017-07-05 17:47:52,815 method:org.apache.http.impl.conn.LoggingManagedHttpClientConnection.onRequestSubmitted(LoggingManagedHttpClientConnection.java:136)
http-outgoing-39 >> Connection: Keep-Alive
[DEBUG] 2017-07-05 17:47:52,816 method:org.apache.http.impl.conn.LoggingManagedHttpClientConnection.onRequestSubmitted(LoggingManagedHttpClientConnection.java:136)
http-outgoing-39 >> User-Agent: Apache-HttpClient/4.5.3 (Java/1.8.0_111)
[DEBUG] 2017-07-05 17:47:52,816 method:org.apache.http.impl.conn.LoggingManagedHttpClientConnection.onRequestSubmitted(LoggingManagedHttpClientConnection.java:136)
http-outgoing-39 >> Accept-Encoding: gzip,deflate
[DEBUG] 2017-07-05 17:47:52,816 method:org.apache.http.impl.conn.Wire.wire(Wire.java:73)
http-outgoing-39 >> "POST /session/e397bb8b4943a2405e3c8c0263ada937/elements HTTP/1.1[\r][\n]"
[DEBUG] 2017-07-05 17:47:52,816 method:org.apache.http.impl.conn.Wire.wire(Wire.java:73)
http-outgoing-39 >> "Content-Type: application/json; charset=utf-8[\r][\n]"
[DEBUG] 2017-07-05 17:47:52,817 method:org.apache.http.impl.conn.Wire.wire(Wire.java:73)
http-outgoing-39 >> "Content-Length: 50[\r][\n]"
[DEBUG] 2017-07-05 17:47:52,817 method:org.apache.http.impl.conn.Wire.wire(Wire.java:73)
http-outgoing-39 >> "Host: localhost:5726[\r][\n]"
[DEBUG] 2017-07-05 17:47:52,817 method:org.apache.http.impl.conn.Wire.wire(Wire.java:73)
http-outgoing-39 >> "Connection: Keep-Alive[\r][\n]"
[DEBUG] 2017-07-05 17:47:52,817 method:org.apache.http.impl.conn.Wire.wire(Wire.java:73)
http-outgoing-39 >> "User-Agent: Apache-HttpClient/4.5.3 (Java/1.8.0_111)[\r][\n]"
[DEBUG] 2017-07-05 17:47:52,818 method:org.apache.http.impl.conn.Wire.wire(Wire.java:73)
http-outgoing-39 >> "Accept-Encoding: gzip,deflate[\r][\n]"
[DEBUG] 2017-07-05 17:47:52,818 method:org.apache.http.impl.conn.Wire.wire(Wire.java:73)
http-outgoing-39 >> "[\r][\n]"
[DEBUG] 2017-07-05 17:47:52,818 method:org.apache.http.impl.conn.Wire.wire(Wire.java:87)
http-outgoing-39 >> "{"using":"xpath","value":"//*[@id=\"setting\"]/a"}"
[DEBUG] 2017-07-05 17:47:52,832 method:org.apache.http.impl.conn.Wire.wire(Wire.java:73)
http-outgoing-39 << "HTTP/1.1 200 OK[\r][\n]"
[DEBUG] 2017-07-05 17:47:52,832 method:org.apache.http.impl.conn.Wire.wire(Wire.java:73)
http-outgoing-39 << "Content-Length:70[\r][\n]"
[DEBUG] 2017-07-05 17:47:52,832 method:org.apache.http.impl.conn.Wire.wire(Wire.java:73)
http-outgoing-39 << "Content-Type:application/json; charset=utf-8[\r][\n]"
[DEBUG] 2017-07-05 17:47:52,832 method:org.apache.http.impl.conn.Wire.wire(Wire.java:73)
http-outgoing-39 << "Connection:close[\r][\n]"
[DEBUG] 2017-07-05 17:47:52,833 method:org.apache.http.impl.conn.Wire.wire(Wire.java:73)
http-outgoing-39 << "[\r][\n]"
[DEBUG] 2017-07-05 17:47:52,833 method:org.apache.http.impl.conn.Wire.wire(Wire.java:87)
http-outgoing-39 << "{"sessionId":"e397bb8b4943a2405e3c8c0263ada937","status":0,"value":[]}"
[DEBUG] 2017-07-05 17:47:52,833 method:org.apache.http.impl.conn.LoggingManagedHttpClientConnection.onResponseReceived(LoggingManagedHttpClientConnection.java:122)
http-outgoing-39 << HTTP/1.1 200 OK
[DEBUG] 2017-07-05 17:47:52,833 method:org.apache.http.impl.conn.LoggingManagedHttpClientConnection.onResponseReceived(LoggingManagedHttpClientConnection.java:125)
http-outgoing-39 << Content-Length:70
[DEBUG] 2017-07-05 17:47:52,833 method:org.apache.http.impl.conn.LoggingManagedHttpClientConnection.onResponseReceived(LoggingManagedHttpClientConnection.java:125)
http-outgoing-39 << Content-Type:application/json; charset=utf-8
[DEBUG] 2017-07-05 17:47:52,834 method:org.apache.http.impl.conn.LoggingManagedHttpClientConnection.onResponseReceived(LoggingManagedHttpClientConnection.java:125)
http-outgoing-39 << Connection:close
[DEBUG] 2017-07-05 17:47:52,834 method:org.apache.http.impl.conn.LoggingManagedHttpClientConnection.close(LoggingManagedHttpClientConnection.java:79)
http-outgoing-39: Close connection
[DEBUG] 2017-07-05 17:47:52,834 method:org.apache.http.impl.execchain.ConnectionHolder.releaseConnection(ConnectionHolder.java:104)
Connection discarded
[DEBUG] 2017-07-05 17:47:52,835 method:org.apache.http.impl.conn.PoolingHttpClientConnectionManager.releaseConnection(PoolingHttpClientConnectionManager.java:326)
Connection released: [id: 39][route: {}->http://localhost:5726][total kept alive: 0; route allocated: 0 of 2000; total allocated: 0 of 2000]
[DEBUG] 2017-07-05 17:47:53,337 method:org.apache.http.client.protocol.RequestAddCookies.process(RequestAddCookies.java:123)
CookieSpec selected: default
[DEBUG] 2017-07-05 17:47:53,337 method:org.apache.http.client.protocol.RequestAuthCache.process(RequestAuthCache.java:77)
Auth cache not set in the context
[DEBUG] 2017-07-05 17:47:53,338 method:org.apache.http.impl.conn.PoolingHttpClientConnectionManager.requestConnection(PoolingHttpClientConnectionManager.java:255)
Connection request: [route: {}->http://localhost:5726][total kept alive: 0; route allocated: 0 of 2000; total allocated: 0 of 2000]
[DEBUG] 2017-07-05 17:47:53,338 method:org.apache.http.impl.conn.PoolingHttpClientConnectionManager.leaseConnection(PoolingHttpClientConnectionManager.java:288)
Connection leased: [id: 40][route: {}->http://localhost:5726][total kept alive: 0; route allocated: 1 of 2000; total allocated: 1 of 2000]
[DEBUG] 2017-07-05 17:47:53,339 method:org.apache.http.impl.execchain.MainClientExec.execute(MainClientExec.java:235)
Opening connection {}->http://localhost:5726
[DEBUG] 2017-07-05 17:47:53,339 method:org.apache.http.impl.conn.DefaultHttpClientConnectionOperator.connect(DefaultHttpClientConnectionOperator.java:139)
Connecting to localhost/127.0.0.1:5726
[DEBUG] 2017-07-05 17:47:53,341 method:org.apache.http.impl.conn.DefaultHttpClientConnectionOperator.connect(DefaultHttpClientConnectionOperator.java:146)
Connection established 127.0.0.1:63127<->127.0.0.1:5726
[DEBUG] 2017-07-05 17:47:53,341 method:org.apache.http.impl.conn.LoggingManagedHttpClientConnection.setSocketTimeout(LoggingManagedHttpClientConnection.java:88)
http-outgoing-40: set socket timeout to 10800000
[DEBUG] 2017-07-05 17:47:53,341 method:org.apache.http.impl.execchain.MainClientExec.execute(MainClientExec.java:256)
Executing request POST /session/e397bb8b4943a2405e3c8c0263ada937/elements HTTP/1.1
[DEBUG] 2017-07-05 17:47:53,342 method:org.apache.http.impl.execchain.MainClientExec.execute(MainClientExec.java:261)
Target auth state: UNCHALLENGED
[DEBUG] 2017-07-05 17:47:53,342 method:org.apache.http.impl.execchain.MainClientExec.execute(MainClientExec.java:267)
Proxy auth state: UNCHALLENGED
[DEBUG] 2017-07-05 17:47:53,342 method:org.apache.http.impl.conn.LoggingManagedHttpClientConnection.onRequestSubmitted(LoggingManagedHttpClientConnection.java:133)
http-outgoing-40 >> POST /session/e397bb8b4943a2405e3c8c0263ada937/elements HTTP/1.1
[DEBUG] 2017-07-05 17:47:53,343 method:org.apache.http.impl.conn.LoggingManagedHttpClientConnection.onRequestSubmitted(LoggingManagedHttpClientConnection.java:136)
http-outgoing-40 >> Content-Type: application/json; charset=utf-8
[DEBUG] 2017-07-05 17:47:53,343 method:org.apache.http.impl.conn.LoggingManagedHttpClientConnection.onRequestSubmitted(LoggingManagedHttpClientConnection.java:136)
http-outgoing-40 >> Content-Length: 50
[DEBUG] 2017-07-05 17:47:53,343 method:org.apache.http.impl.conn.LoggingManagedHttpClientConnection.onRequestSubmitted(LoggingManagedHttpClientConnection.java:136)
http-outgoing-40 >> Host: localhost:5726
[DEBUG] 2017-07-05 17:47:53,344 method:org.apache.http.impl.conn.LoggingManagedHttpClientConnection.onRequestSubmitted(LoggingManagedHttpClientConnection.java:136)
http-outgoing-40 >> Connection: Keep-Alive
[DEBUG] 2017-07-05 17:47:53,344 method:org.apache.http.impl.conn.LoggingManagedHttpClientConnection.onRequestSubmitted(LoggingManagedHttpClientConnection.java:136)
http-outgoing-40 >> User-Agent: Apache-HttpClient/4.5.3 (Java/1.8.0_111)
[DEBUG] 2017-07-05 17:47:53,344 method:org.apache.http.impl.conn.LoggingManagedHttpClientConnection.onRequestSubmitted(LoggingManagedHttpClientConnection.java:136)
http-outgoing-40 >> Accept-Encoding: gzip,deflate
[DEBUG] 2017-07-05 17:47:53,345 method:org.apache.http.impl.conn.Wire.wire(Wire.java:73)
http-outgoing-40 >> "POST /session/e397bb8b4943a2405e3c8c0263ada937/elements HTTP/1.1[\r][\n]"
[DEBUG] 2017-07-05 17:47:53,345 method:org.apache.http.impl.conn.Wire.wire(Wire.java:73)
http-outgoing-40 >> "Content-Type: application/json; charset=utf-8[\r][\n]"
[DEBUG] 2017-07-05 17:47:53,346 method:org.apache.http.impl.conn.Wire.wire(Wire.java:73)
http-outgoing-40 >> "Content-Length: 50[\r][\n]"
[DEBUG] 2017-07-05 17:47:53,346 method:org.apache.http.impl.conn.Wire.wire(Wire.java:73)
http-outgoing-40 >> "Host: localhost:5726[\r][\n]"
[DEBUG] 2017-07-05 17:47:53,346 method:org.apache.http.impl.conn.Wire.wire(Wire.java:73)
http-outgoing-40 >> "Connection: Keep-Alive[\r][\n]"
[DEBUG] 2017-07-05 17:47:53,347 method:org.apache.http.impl.conn.Wire.wire(Wire.java:73)
http-outgoing-40 >> "User-Agent: Apache-HttpClient/4.5.3 (Java/1.8.0_111)[\r][\n]"
[DEBUG] 2017-07-05 17:47:53,347 method:org.apache.http.impl.conn.Wire.wire(Wire.java:73)
http-outgoing-40 >> "Accept-Encoding: gzip,deflate[\r][\n]"
[DEBUG] 2017-07-05 17:47:53,348 method:org.apache.http.impl.conn.Wire.wire(Wire.java:73)
http-outgoing-40 >> "[\r][\n]"
[DEBUG] 2017-07-05 17:47:53,348 method:org.apache.http.impl.conn.Wire.wire(Wire.java:87)
http-outgoing-40 >> "{"using":"xpath","value":"//*[@id=\"setting\"]/a"}"
[DEBUG] 2017-07-05 17:47:53,588 method:org.apache.http.impl.conn.Wire.wire(Wire.java:73)
http-outgoing-40 << "HTTP/1.1 200 OK[\r][\n]"
[DEBUG] 2017-07-05 17:47:53,589 method:org.apache.http.impl.conn.Wire.wire(Wire.java:73)
http-outgoing-40 << "Content-Length:70[\r][\n]"
[DEBUG] 2017-07-05 17:47:53,589 method:org.apache.http.impl.conn.Wire.wire(Wire.java:73)
http-outgoing-40 << "Content-Type:application/json; charset=utf-8[\r][\n]"
[DEBUG] 2017-07-05 17:47:53,589 method:org.apache.http.impl.conn.Wire.wire(Wire.java:73)
http-outgoing-40 << "Connection:close[\r][\n]"
[DEBUG] 2017-07-05 17:47:53,589 method:org.apache.http.impl.conn.Wire.wire(Wire.java:73)
http-outgoing-40 << "[\r][\n]"
[DEBUG] 2017-07-05 17:47:53,589 method:org.apache.http.impl.conn.Wire.wire(Wire.java:87)
http-outgoing-40 << "{"sessionId":"e397bb8b4943a2405e3c8c0263ada937","status":0,"value":[]}"
[DEBUG] 2017-07-05 17:47:53,589 method:org.apache.http.impl.conn.LoggingManagedHttpClientConnection.onResponseReceived(LoggingManagedHttpClientConnection.java:122)
http-outgoing-40 << HTTP/1.1 200 OK
[DEBUG] 2017-07-05 17:47:53,589 method:org.apache.http.impl.conn.LoggingManagedHttpClientConnection.onResponseReceived(LoggingManagedHttpClientConnection.java:125)
http-outgoing-40 << Content-Length:70
[DEBUG] 2017-07-05 17:47:53,589 method:org.apache.http.impl.conn.LoggingManagedHttpClientConnection.onResponseReceived(LoggingManagedHttpClientConnection.java:125)
http-outgoing-40 << Content-Type:application/json; charset=utf-8
[DEBUG] 2017-07-05 17:47:53,590 method:org.apache.http.impl.conn.LoggingManagedHttpClientConnection.onResponseReceived(LoggingManagedHttpClientConnection.java:125)
http-outgoing-40 << Connection:close
[DEBUG] 2017-07-05 17:47:53,590 method:org.apache.http.impl.conn.LoggingManagedHttpClientConnection.close(LoggingManagedHttpClientConnection.java:79)
http-outgoing-40: Close connection
[DEBUG] 2017-07-05 17:47:53,590 method:org.apache.http.impl.execchain.ConnectionHolder.releaseConnection(ConnectionHolder.java:104)
Connection discarded
[DEBUG] 2017-07-05 17:47:53,590 method:org.apache.http.impl.conn.PoolingHttpClientConnectionManager.releaseConnection(PoolingHttpClientConnectionManager.java:326)
Connection released: [id: 40][route: {}->http://localhost:5726][total kept alive: 0; route allocated: 0 of 2000; total allocated: 0 of 2000]
[DEBUG] 2017-07-05 17:47:54,091 method:org.apache.http.client.protocol.RequestAddCookies.process(RequestAddCookies.java:123)
CookieSpec selected: default
[DEBUG] 2017-07-05 17:47:54,091 method:org.apache.http.client.protocol.RequestAuthCache.process(RequestAuthCache.java:77)
Auth cache not set in the context
[DEBUG] 2017-07-05 17:47:54,092 method:org.apache.http.impl.conn.PoolingHttpClientConnectionManager.requestConnection(PoolingHttpClientConnectionManager.java:255)
Connection request: [route: {}->http://localhost:5726][total kept alive: 0; route allocated: 0 of 2000; total allocated: 0 of 2000]
[DEBUG] 2017-07-05 17:47:54,092 method:org.apache.http.impl.conn.PoolingHttpClientConnectionManager.leaseConnection(PoolingHttpClientConnectionManager.java:288)
Connection leased: [id: 41][route: {}->http://localhost:5726][total kept alive: 0; route allocated: 1 of 2000; total allocated: 1 of 2000]
[DEBUG] 2017-07-05 17:47:54,092 method:org.apache.http.impl.execchain.MainClientExec.execute(MainClientExec.java:235)
Opening connection {}->http://localhost:5726
[DEBUG] 2017-07-05 17:47:54,092 method:org.apache.http.impl.conn.DefaultHttpClientConnectionOperator.connect(DefaultHttpClientConnectionOperator.java:139)
Connecting to localhost/127.0.0.1:5726
[DEBUG] 2017-07-05 17:47:54,093 method:org.apache.http.impl.conn.DefaultHttpClientConnectionOperator.connect(DefaultHttpClientConnectionOperator.java:146)
Connection established 127.0.0.1:63128<->127.0.0.1:5726
[DEBUG] 2017-07-05 17:47:54,093 method:org.apache.http.impl.conn.LoggingManagedHttpClientConnection.setSocketTimeout(LoggingManagedHttpClientConnection.java:88)
http-outgoing-41: set socket timeout to 10800000
[DEBUG] 2017-07-05 17:47:54,093 method:org.apache.http.impl.execchain.MainClientExec.execute(MainClientExec.java:256)
Executing request POST /session/e397bb8b4943a2405e3c8c0263ada937/elements HTTP/1.1
[DEBUG] 2017-07-05 17:47:54,093 method:org.apache.http.impl.execchain.MainClientExec.execute(MainClientExec.java:261)
Target auth state: UNCHALLENGED
[DEBUG] 2017-07-05 17:47:54,094 method:org.apache.http.impl.execchain.MainClientExec.execute(MainClientExec.java:267)
Proxy auth state: UNCHALLENGED
[DEBUG] 2017-07-05 17:47:54,094 method:org.apache.http.impl.conn.LoggingManagedHttpClientConnection.onRequestSubmitted(LoggingManagedHttpClientConnection.java:133)
http-outgoing-41 >> POST /session/e397bb8b4943a2405e3c8c0263ada937/elements HTTP/1.1
[DEBUG] 2017-07-05 17:47:54,094 method:org.apache.http.impl.conn.LoggingManagedHttpClientConnection.onRequestSubmitted(LoggingManagedHttpClientConnection.java:136)
http-outgoing-41 >> Content-Type: application/json; charset=utf-8
[DEBUG] 2017-07-05 17:47:54,094 method:org.apache.http.impl.conn.LoggingManagedHttpClientConnection.onRequestSubmitted(LoggingManagedHttpClientConnection.java:136)
http-outgoing-41 >> Content-Length: 50
[DEBUG] 2017-07-05 17:47:54,094 method:org.apache.http.impl.conn.LoggingManagedHttpClientConnection.onRequestSubmitted(LoggingManagedHttpClientConnection.java:136)
http-outgoing-41 >> Host: localhost:5726
[DEBUG] 2017-07-05 17:47:54,094 method:org.apache.http.impl.conn.LoggingManagedHttpClientConnection.onRequestSubmitted(LoggingManagedHttpClientConnection.java:136)
http-outgoing-41 >> Connection: Keep-Alive
[DEBUG] 2017-07-05 17:47:54,094 method:org.apache.http.impl.conn.LoggingManagedHttpClientConnection.onRequestSubmitted(LoggingManagedHttpClientConnection.java:136)
http-outgoing-41 >> User-Agent: Apache-HttpClient/4.5.3 (Java/1.8.0_111)
[DEBUG] 2017-07-05 17:47:54,094 method:org.apache.http.impl.conn.LoggingManagedHttpClientConnection.onRequestSubmitted(LoggingManagedHttpClientConnection.java:136)
http-outgoing-41 >> Accept-Encoding: gzip,deflate
[DEBUG] 2017-07-05 17:47:54,094 method:org.apache.http.impl.conn.Wire.wire(Wire.java:73)
http-outgoing-41 >> "POST /session/e397bb8b4943a2405e3c8c0263ada937/elements HTTP/1.1[\r][\n]"
[DEBUG] 2017-07-05 17:47:54,094 method:org.apache.http.impl.conn.Wire.wire(Wire.java:73)
http-outgoing-41 >> "Content-Type: application/json; charset=utf-8[\r][\n]"
[DEBUG] 2017-07-05 17:47:54,095 method:org.apache.http.impl.conn.Wire.wire(Wire.java:73)
http-outgoing-41 >> "Content-Length: 50[\r][\n]"
[DEBUG] 2017-07-05 17:47:54,095 method:org.apache.http.impl.conn.Wire.wire(Wire.java:73)
http-outgoing-41 >> "Host: localhost:5726[\r][\n]"
[DEBUG] 2017-07-05 17:47:54,095 method:org.apache.http.impl.conn.Wire.wire(Wire.java:73)
http-outgoing-41 >> "Connection: Keep-Alive[\r][\n]"
[DEBUG] 2017-07-05 17:47:54,095 method:org.apache.http.impl.conn.Wire.wire(Wire.java:73)
http-outgoing-41 >> "User-Agent: Apache-HttpClient/4.5.3 (Java/1.8.0_111)[\r][\n]"
[DEBUG] 2017-07-05 17:47:54,095 method:org.apache.http.impl.conn.Wire.wire(Wire.java:73)
http-outgoing-41 >> "Accept-Encoding: gzip,deflate[\r][\n]"
[DEBUG] 2017-07-05 17:47:54,095 method:org.apache.http.impl.conn.Wire.wire(Wire.java:73)
http-outgoing-41 >> "[\r][\n]"
[DEBUG] 2017-07-05 17:47:54,095 method:org.apache.http.impl.conn.Wire.wire(Wire.java:87)
http-outgoing-41 >> "{"using":"xpath","value":"//*[@id=\"setting\"]/a"}"
[DEBUG] 2017-07-05 17:47:54,106 method:org.apache.http.impl.conn.Wire.wire(Wire.java:73)
http-outgoing-41 << "HTTP/1.1 200 OK[\r][\n]"
[DEBUG] 2017-07-05 17:47:54,107 method:org.apache.http.impl.conn.Wire.wire(Wire.java:73)
http-outgoing-41 << "Content-Length:70[\r][\n]"
[DEBUG] 2017-07-05 17:47:54,107 method:org.apache.http.impl.conn.Wire.wire(Wire.java:73)
http-outgoing-41 << "Content-Type:application/json; charset=utf-8[\r][\n]"
[DEBUG] 2017-07-05 17:47:54,107 method:org.apache.http.impl.conn.Wire.wire(Wire.java:73)
http-outgoing-41 << "Connection:close[\r][\n]"
[DEBUG] 2017-07-05 17:47:54,107 method:org.apache.http.impl.conn.Wire.wire(Wire.java:73)
http-outgoing-41 << "[\r][\n]"
[DEBUG] 2017-07-05 17:47:54,107 method:org.apache.http.impl.conn.Wire.wire(Wire.java:87)
http-outgoing-41 << "{"sessionId":"e397bb8b4943a2405e3c8c0263ada937","status":0,"value":[]}"
[DEBUG] 2017-07-05 17:47:54,108 method:org.apache.http.impl.conn.LoggingManagedHttpClientConnection.onResponseReceived(LoggingManagedHttpClientConnection.java:122)
http-outgoing-41 << HTTP/1.1 200 OK
[DEBUG] 2017-07-05 17:47:54,108 method:org.apache.http.impl.conn.LoggingManagedHttpClientConnection.onResponseReceived(LoggingManagedHttpClientConnection.java:125)
http-outgoing-41 << Content-Length:70
[DEBUG] 2017-07-05 17:47:54,108 method:org.apache.http.impl.conn.LoggingManagedHttpClientConnection.onResponseReceived(LoggingManagedHttpClientConnection.java:125)
http-outgoing-41 << Content-Type:application/json; charset=utf-8
[DEBUG] 2017-07-05 17:47:54,108 method:org.apache.http.impl.conn.LoggingManagedHttpClientConnection.onResponseReceived(LoggingManagedHttpClientConnection.java:125)
http-outgoing-41 << Connection:close
[DEBUG] 2017-07-05 17:47:54,109 method:org.apache.http.impl.conn.LoggingManagedHttpClientConnection.close(LoggingManagedHttpClientConnection.java:79)
http-outgoing-41: Close connection
[DEBUG] 2017-07-05 17:47:54,109 method:org.apache.http.impl.execchain.ConnectionHolder.releaseConnection(ConnectionHolder.java:104)
Connection discarded
[DEBUG] 2017-07-05 17:47:54,109 method:org.apache.http.impl.conn.PoolingHttpClientConnectionManager.releaseConnection(PoolingHttpClientConnectionManager.java:326)
Connection released: [id: 41][route: {}->http://localhost:5726][total kept alive: 0; route allocated: 0 of 2000; total allocated: 0 of 2000]
[DEBUG] 2017-07-05 17:47:54,611 method:org.apache.http.client.protocol.RequestAddCookies.process(RequestAddCookies.java:123)
CookieSpec selected: default
[DEBUG] 2017-07-05 17:47:54,611 method:org.apache.http.client.protocol.RequestAuthCache.process(RequestAuthCache.java:77)
Auth cache not set in the context
[DEBUG] 2017-07-05 17:47:54,611 method:org.apache.http.impl.conn.PoolingHttpClientConnectionManager.requestConnection(PoolingHttpClientConnectionManager.java:255)
Connection request: [route: {}->http://localhost:5726][total kept alive: 0; route allocated: 0 of 2000; total allocated: 0 of 2000]
[DEBUG] 2017-07-05 17:47:54,611 method:org.apache.http.impl.conn.PoolingHttpClientConnectionManager.leaseConnection(PoolingHttpClientConnectionManager.java:288)
Connection leased: [id: 42][route: {}->http://localhost:5726][total kept alive: 0; route allocated: 1 of 2000; total allocated: 1 of 2000]
[DEBUG] 2017-07-05 17:47:54,612 method:org.apache.http.impl.execchain.MainClientExec.execute(MainClientExec.java:235)
Opening connection {}->http://localhost:5726
[DEBUG] 2017-07-05 17:47:54,612 method:org.apache.http.impl.conn.DefaultHttpClientConnectionOperator.connect(DefaultHttpClientConnectionOperator.java:139)
Connecting to localhost/127.0.0.1:5726
[DEBUG] 2017-07-05 17:47:54,613 method:org.apache.http.impl.conn.DefaultHttpClientConnectionOperator.connect(DefaultHttpClientConnectionOperator.java:146)
Connection established 127.0.0.1:63129<->127.0.0.1:5726
[DEBUG] 2017-07-05 17:47:54,613 method:org.apache.http.impl.conn.LoggingManagedHttpClientConnection.setSocketTimeout(LoggingManagedHttpClientConnection.java:88)
http-outgoing-42: set socket timeout to 10800000
[DEBUG] 2017-07-05 17:47:54,613 method:org.apache.http.impl.execchain.MainClientExec.execute(MainClientExec.java:256)
Executing request POST /session/e397bb8b4943a2405e3c8c0263ada937/elements HTTP/1.1
[DEBUG] 2017-07-05 17:47:54,613 method:org.apache.http.impl.execchain.MainClientExec.execute(MainClientExec.java:261)
Target auth state: UNCHALLENGED
[DEBUG] 2017-07-05 17:47:54,613 method:org.apache.http.impl.execchain.MainClientExec.execute(MainClientExec.java:267)
Proxy auth state: UNCHALLENGED
[DEBUG] 2017-07-05 17:47:54,614 method:org.apache.http.impl.conn.LoggingManagedHttpClientConnection.onRequestSubmitted(LoggingManagedHttpClientConnection.java:133)
http-outgoing-42 >> POST /session/e397bb8b4943a2405e3c8c0263ada937/elements HTTP/1.1
[DEBUG] 2017-07-05 17:47:54,614 method:org.apache.http.impl.conn.LoggingManagedHttpClientConnection.onRequestSubmitted(LoggingManagedHttpClientConnection.java:136)
http-outgoing-42 >> Content-Type: application/json; charset=utf-8
[DEBUG] 2017-07-05 17:47:54,614 method:org.apache.http.impl.conn.LoggingManagedHttpClientConnection.onRequestSubmitted(LoggingManagedHttpClientConnection.java:136)
http-outgoing-42 >> Content-Length: 50
[DEBUG] 2017-07-05 17:47:54,614 method:org.apache.http.impl.conn.LoggingManagedHttpClientConnection.onRequestSubmitted(LoggingManagedHttpClientConnection.java:136)
http-outgoing-42 >> Host: localhost:5726
[DEBUG] 2017-07-05 17:47:54,615 method:org.apache.http.impl.conn.LoggingManagedHttpClientConnection.onRequestSubmitted(LoggingManagedHttpClientConnection.java:136)
http-outgoing-42 >> Connection: Keep-Alive
[DEBUG] 2017-07-05 17:47:54,615 method:org.apache.http.impl.conn.LoggingManagedHttpClientConnection.onRequestSubmitted(LoggingManagedHttpClientConnection.java:136)
http-outgoing-42 >> User-Agent: Apache-HttpClient/4.5.3 (Java/1.8.0_111)
[DEBUG] 2017-07-05 17:47:54,615 method:org.apache.http.impl.conn.LoggingManagedHttpClientConnection.onRequestSubmitted(LoggingManagedHttpClientConnection.java:136)
http-outgoing-42 >> Accept-Encoding: gzip,deflate
[DEBUG] 2017-07-05 17:47:54,615 method:org.apache.http.impl.conn.Wire.wire(Wire.java:73)
http-outgoing-42 >> "POST /session/e397bb8b4943a2405e3c8c0263ada937/elements HTTP/1.1[\r][\n]"
[DEBUG] 2017-07-05 17:47:54,615 method:org.apache.http.impl.conn.Wire.wire(Wire.java:73)
http-outgoing-42 >> "Content-Type: application/json; charset=utf-8[\r][\n]"
[DEBUG] 2017-07-05 17:47:54,616 method:org.apache.http.impl.conn.Wire.wire(Wire.java:73)
http-outgoing-42 >> "Content-Length: 50[\r][\n]"
[DEBUG] 2017-07-05 17:47:54,616 method:org.apache.http.impl.conn.Wire.wire(Wire.java:73)
http-outgoing-42 >> "Host: localhost:5726[\r][\n]"
[DEBUG] 2017-07-05 17:47:54,616 method:org.apache.http.impl.conn.Wire.wire(Wire.java:73)
http-outgoing-42 >> "Connection: Keep-Alive[\r][\n]"
[DEBUG] 2017-07-05 17:47:54,616 method:org.apache.http.impl.conn.Wire.wire(Wire.java:73)
http-outgoing-42 >> "User-Agent: Apache-HttpClient/4.5.3 (Java/1.8.0_111)[\r][\n]"
[DEBUG] 2017-07-05 17:47:54,616 method:org.apache.http.impl.conn.Wire.wire(Wire.java:73)
http-outgoing-42 >> "Accept-Encoding: gzip,deflate[\r][\n]"
[DEBUG] 2017-07-05 17:47:54,616 method:org.apache.http.impl.conn.Wire.wire(Wire.java:73)
http-outgoing-42 >> "[\r][\n]"
[DEBUG] 2017-07-05 17:47:54,617 method:org.apache.http.impl.conn.Wire.wire(Wire.java:87)
http-outgoing-42 >> "{"using":"xpath","value":"//*[@id=\"setting\"]/a"}"
[DEBUG] 2017-07-05 17:47:54,629 method:org.apache.http.impl.conn.Wire.wire(Wire.java:73)
http-outgoing-42 << "HTTP/1.1 200 OK[\r][\n]"
[DEBUG] 2017-07-05 17:47:54,629 method:org.apache.http.impl.conn.Wire.wire(Wire.java:73)
http-outgoing-42 << "Content-Length:105[\r][\n]"
[DEBUG] 2017-07-05 17:47:54,630 method:org.apache.http.impl.conn.Wire.wire(Wire.java:73)
http-outgoing-42 << "Content-Type:application/json; charset=utf-8[\r][\n]"
[DEBUG] 2017-07-05 17:47:54,630 method:org.apache.http.impl.conn.Wire.wire(Wire.java:73)
http-outgoing-42 << "Connection:close[\r][\n]"
[DEBUG] 2017-07-05 17:47:54,630 method:org.apache.http.impl.conn.Wire.wire(Wire.java:73)
http-outgoing-42 << "[\r][\n]"
[DEBUG] 2017-07-05 17:47:54,630 method:org.apache.http.impl.conn.Wire.wire(Wire.java:87)
http-outgoing-42 << "{"sessionId":"e397bb8b4943a2405e3c8c0263ada937","status":0,"value":[{"ELEMENT":"0.17472881585222777-1"}]}"
[DEBUG] 2017-07-05 17:47:54,630 method:org.apache.http.impl.conn.LoggingManagedHttpClientConnection.onResponseReceived(LoggingManagedHttpClientConnection.java:122)
http-outgoing-42 << HTTP/1.1 200 OK
[DEBUG] 2017-07-05 17:47:54,630 method:org.apache.http.impl.conn.LoggingManagedHttpClientConnection.onResponseReceived(LoggingManagedHttpClientConnection.java:125)
http-outgoing-42 << Content-Length:105
[DEBUG] 2017-07-05 17:47:54,631 method:org.apache.http.impl.conn.LoggingManagedHttpClientConnection.onResponseReceived(LoggingManagedHttpClientConnection.java:125)
http-outgoing-42 << Content-Type:application/json; charset=utf-8
[DEBUG] 2017-07-05 17:47:54,631 method:org.apache.http.impl.conn.LoggingManagedHttpClientConnection.onResponseReceived(LoggingManagedHttpClientConnection.java:125)
http-outgoing-42 << Connection:close
[DEBUG] 2017-07-05 17:47:54,631 method:org.apache.http.impl.conn.LoggingManagedHttpClientConnection.close(LoggingManagedHttpClientConnection.java:79)
http-outgoing-42: Close connection
[DEBUG] 2017-07-05 17:47:54,632 method:org.apache.http.impl.execchain.ConnectionHolder.releaseConnection(ConnectionHolder.java:104)
Connection discarded
[DEBUG] 2017-07-05 17:47:54,632 method:org.apache.http.impl.conn.PoolingHttpClientConnectionManager.releaseConnection(PoolingHttpClientConnectionManager.java:326)
Connection released: [id: 42][route: {}->http://localhost:5726][total kept alive: 0; route allocated: 0 of 2000; total allocated: 0 of 2000]
[DEBUG] 2017-07-05 17:47:55,434 method:org.apache.http.client.protocol.RequestAddCookies.process(RequestAddCookies.java:123)
CookieSpec selected: default
[DEBUG] 2017-07-05 17:47:55,435 method:org.apache.http.client.protocol.RequestAuthCache.process(RequestAuthCache.java:77)
Auth cache not set in the context
[DEBUG] 2017-07-05 17:47:55,435 method:org.apache.http.impl.conn.PoolingHttpClientConnectionManager.requestConnection(PoolingHttpClientConnectionManager.java:255)
Connection request: [route: {}->http://localhost:5726][total kept alive: 0; route allocated: 0 of 2000; total allocated: 0 of 2000]
[DEBUG] 2017-07-05 17:47:55,435 method:org.apache.http.impl.conn.PoolingHttpClientConnectionManager.leaseConnection(PoolingHttpClientConnectionManager.java:288)
Connection leased: [id: 43][route: {}->http://localhost:5726][total kept alive: 0; route allocated: 1 of 2000; total allocated: 1 of 2000]
[DEBUG] 2017-07-05 17:47:55,436 method:org.apache.http.impl.execchain.MainClientExec.execute(MainClientExec.java:235)
Opening connection {}->http://localhost:5726
[DEBUG] 2017-07-05 17:47:55,436 method:org.apache.http.impl.conn.DefaultHttpClientConnectionOperator.connect(DefaultHttpClientConnectionOperator.java:139)
Connecting to localhost/127.0.0.1:5726
[DEBUG] 2017-07-05 17:47:55,437 method:org.apache.http.impl.conn.DefaultHttpClientConnectionOperator.connect(DefaultHttpClientConnectionOperator.java:146)
Connection established 127.0.0.1:63130<->127.0.0.1:5726
[DEBUG] 2017-07-05 17:47:55,438 method:org.apache.http.impl.conn.LoggingManagedHttpClientConnection.setSocketTimeout(LoggingManagedHttpClientConnection.java:88)
http-outgoing-43: set socket timeout to 10800000
[DEBUG] 2017-07-05 17:47:55,438 method:org.apache.http.impl.execchain.MainClientExec.execute(MainClientExec.java:256)
Executing request POST /session/e397bb8b4943a2405e3c8c0263ada937/element HTTP/1.1
[DEBUG] 2017-07-05 17:47:55,438 method:org.apache.http.impl.execchain.MainClientExec.execute(MainClientExec.java:261)
Target auth state: UNCHALLENGED
[DEBUG] 2017-07-05 17:47:55,439 method:org.apache.http.impl.execchain.MainClientExec.execute(MainClientExec.java:267)
Proxy auth state: UNCHALLENGED
[DEBUG] 2017-07-05 17:47:55,439 method:org.apache.http.impl.conn.LoggingManagedHttpClientConnection.onRequestSubmitted(LoggingManagedHttpClientConnection.java:133)
http-outgoing-43 >> POST /session/e397bb8b4943a2405e3c8c0263ada937/element HTTP/1.1
[DEBUG] 2017-07-05 17:47:55,439 method:org.apache.http.impl.conn.LoggingManagedHttpClientConnection.onRequestSubmitted(LoggingManagedHttpClientConnection.java:136)
http-outgoing-43 >> Content-Type: application/json; charset=utf-8
[DEBUG] 2017-07-05 17:47:55,440 method:org.apache.http.impl.conn.LoggingManagedHttpClientConnection.onRequestSubmitted(LoggingManagedHttpClientConnection.java:136)
http-outgoing-43 >> Content-Length: 50
[DEBUG] 2017-07-05 17:47:55,440 method:org.apache.http.impl.conn.LoggingManagedHttpClientConnection.onRequestSubmitted(LoggingManagedHttpClientConnection.java:136)
http-outgoing-43 >> Host: localhost:5726
[DEBUG] 2017-07-05 17:47:55,440 method:org.apache.http.impl.conn.LoggingManagedHttpClientConnection.onRequestSubmitted(LoggingManagedHttpClientConnection.java:136)
http-outgoing-43 >> Connection: Keep-Alive
[DEBUG] 2017-07-05 17:47:55,440 method:org.apache.http.impl.conn.LoggingManagedHttpClientConnection.onRequestSubmitted(LoggingManagedHttpClientConnection.java:136)
http-outgoing-43 >> User-Agent: Apache-HttpClient/4.5.3 (Java/1.8.0_111)
[DEBUG] 2017-07-05 17:47:55,441 method:org.apache.http.impl.conn.LoggingManagedHttpClientConnection.onRequestSubmitted(LoggingManagedHttpClientConnection.java:136)
http-outgoing-43 >> Accept-Encoding: gzip,deflate
[DEBUG] 2017-07-05 17:47:55,441 method:org.apache.http.impl.conn.Wire.wire(Wire.java:73)
http-outgoing-43 >> "POST /session/e397bb8b4943a2405e3c8c0263ada937/element HTTP/1.1[\r][\n]"
[DEBUG] 2017-07-05 17:47:55,441 method:org.apache.http.impl.conn.Wire.wire(Wire.java:73)
http-outgoing-43 >> "Content-Type: application/json; charset=utf-8[\r][\n]"
[DEBUG] 2017-07-05 17:47:55,442 method:org.apache.http.impl.conn.Wire.wire(Wire.java:73)
http-outgoing-43 >> "Content-Length: 50[\r][\n]"
[DEBUG] 2017-07-05 17:47:55,442 method:org.apache.http.impl.conn.Wire.wire(Wire.java:73)
http-outgoing-43 >> "Host: localhost:5726[\r][\n]"
[DEBUG] 2017-07-05 17:47:55,442 method:org.apache.http.impl.conn.Wire.wire(Wire.java:73)
http-outgoing-43 >> "Connection: Keep-Alive[\r][\n]"
[DEBUG] 2017-07-05 17:47:55,443 method:org.apache.http.impl.conn.Wire.wire(Wire.java:73)
http-outgoing-43 >> "User-Agent: Apache-HttpClient/4.5.3 (Java/1.8.0_111)[\r][\n]"
[DEBUG] 2017-07-05 17:47:55,443 method:org.apache.http.impl.conn.Wire.wire(Wire.java:73)
http-outgoing-43 >> "Accept-Encoding: gzip,deflate[\r][\n]"
[DEBUG] 2017-07-05 17:47:55,443 method:org.apache.http.impl.conn.Wire.wire(Wire.java:73)
http-outgoing-43 >> "[\r][\n]"
[DEBUG] 2017-07-05 17:47:55,443 method:org.apache.http.impl.conn.Wire.wire(Wire.java:87)
http-outgoing-43 >> "{"using":"xpath","value":"//*[@id=\"setting\"]/a"}"
[DEBUG] 2017-07-05 17:47:55,481 method:org.apache.http.impl.conn.Wire.wire(Wire.java:73)
http-outgoing-43 << "HTTP/1.1 200 OK[\r][\n]"
[DEBUG] 2017-07-05 17:47:55,481 method:org.apache.http.impl.conn.Wire.wire(Wire.java:73)
http-outgoing-43 << "Content-Length:103[\r][\n]"
[DEBUG] 2017-07-05 17:47:55,482 method:org.apache.http.impl.conn.Wire.wire(Wire.java:73)
http-outgoing-43 << "Content-Type:application/json; charset=utf-8[\r][\n]"
[DEBUG] 2017-07-05 17:47:55,482 method:org.apache.http.impl.conn.Wire.wire(Wire.java:73)
http-outgoing-43 << "Connection:close[\r][\n]"
[DEBUG] 2017-07-05 17:47:55,482 method:org.apache.http.impl.conn.Wire.wire(Wire.java:73)
http-outgoing-43 << "[\r][\n]"
[DEBUG] 2017-07-05 17:47:55,482 method:org.apache.http.impl.conn.Wire.wire(Wire.java:87)
http-outgoing-43 << "{"sessionId":"e397bb8b4943a2405e3c8c0263ada937","status":0,"value":{"ELEMENT":"0.17472881585222777-1"}}"
[DEBUG] 2017-07-05 17:47:55,482 method:org.apache.http.impl.conn.LoggingManagedHttpClientConnection.onResponseReceived(LoggingManagedHttpClientConnection.java:122)
http-outgoing-43 << HTTP/1.1 200 OK
[DEBUG] 2017-07-05 17:47:55,482 method:org.apache.http.impl.conn.LoggingManagedHttpClientConnection.onResponseReceived(LoggingManagedHttpClientConnection.java:125)
http-outgoing-43 << Content-Length:103
[DEBUG] 2017-07-05 17:47:55,482 method:org.apache.http.impl.conn.LoggingManagedHttpClientConnection.onResponseReceived(LoggingManagedHttpClientConnection.java:125)
http-outgoing-43 << Content-Type:application/json; charset=utf-8
[DEBUG] 2017-07-05 17:47:55,483 method:org.apache.http.impl.conn.LoggingManagedHttpClientConnection.onResponseReceived(LoggingManagedHttpClientConnection.java:125)
http-outgoing-43 << Connection:close
[DEBUG] 2017-07-05 17:47:55,483 method:org.apache.http.impl.conn.LoggingManagedHttpClientConnection.close(LoggingManagedHttpClientConnection.java:79)
http-outgoing-43: Close connection
[DEBUG] 2017-07-05 17:47:55,483 method:org.apache.http.impl.execchain.ConnectionHolder.releaseConnection(ConnectionHolder.java:104)
Connection discarded
[DEBUG] 2017-07-05 17:47:55,483 method:org.apache.http.impl.conn.PoolingHttpClientConnectionManager.releaseConnection(PoolingHttpClientConnectionManager.java:326)
Connection released: [id: 43][route: {}->http://localhost:5726][total kept alive: 0; route allocated: 0 of 2000; total allocated: 0 of 2000]
[DEBUG] 2017-07-05 17:47:55,485 method:org.apache.http.client.protocol.RequestAddCookies.process(RequestAddCookies.java:123)
CookieSpec selected: default
[DEBUG] 2017-07-05 17:47:55,485 method:org.apache.http.client.protocol.RequestAuthCache.process(RequestAuthCache.java:77)
Auth cache not set in the context
[DEBUG] 2017-07-05 17:47:55,485 method:org.apache.http.impl.conn.PoolingHttpClientConnectionManager.requestConnection(PoolingHttpClientConnectionManager.java:255)
Connection request: [route: {}->http://localhost:5726][total kept alive: 0; route allocated: 0 of 2000; total allocated: 0 of 2000]
[DEBUG] 2017-07-05 17:47:55,485 method:org.apache.http.impl.conn.PoolingHttpClientConnectionManager.leaseConnection(PoolingHttpClientConnectionManager.java:288)
Connection leased: [id: 44][route: {}->http://localhost:5726][total kept alive: 0; route allocated: 1 of 2000; total allocated: 1 of 2000]
[DEBUG] 2017-07-05 17:47:55,486 method:org.apache.http.impl.execchain.MainClientExec.execute(MainClientExec.java:235)
Opening connection {}->http://localhost:5726
[DEBUG] 2017-07-05 17:47:55,486 method:org.apache.http.impl.conn.DefaultHttpClientConnectionOperator.connect(DefaultHttpClientConnectionOperator.java:139)
Connecting to localhost/127.0.0.1:5726
[DEBUG] 2017-07-05 17:47:55,486 method:org.apache.http.impl.conn.DefaultHttpClientConnectionOperator.connect(DefaultHttpClientConnectionOperator.java:146)
Connection established 127.0.0.1:63131<->127.0.0.1:5726
[DEBUG] 2017-07-05 17:47:55,487 method:org.apache.http.impl.conn.LoggingManagedHttpClientConnection.setSocketTimeout(LoggingManagedHttpClientConnection.java:88)
http-outgoing-44: set socket timeout to 10800000
[DEBUG] 2017-07-05 17:47:55,487 method:org.apache.http.impl.execchain.MainClientExec.execute(MainClientExec.java:256)
Executing request POST /session/e397bb8b4943a2405e3c8c0263ada937/element/0.17472881585222777-1/click HTTP/1.1
[DEBUG] 2017-07-05 17:47:55,487 method:org.apache.http.impl.execchain.MainClientExec.execute(MainClientExec.java:261)
Target auth state: UNCHALLENGED
[DEBUG] 2017-07-05 17:47:55,487 method:org.apache.http.impl.execchain.MainClientExec.execute(MainClientExec.java:267)
Proxy auth state: UNCHALLENGED
[DEBUG] 2017-07-05 17:47:55,487 method:org.apache.http.impl.conn.LoggingManagedHttpClientConnection.onRequestSubmitted(LoggingManagedHttpClientConnection.java:133)
http-outgoing-44 >> POST /session/e397bb8b4943a2405e3c8c0263ada937/element/0.17472881585222777-1/click HTTP/1.1
[DEBUG] 2017-07-05 17:47:55,487 method:org.apache.http.impl.conn.LoggingManagedHttpClientConnection.onRequestSubmitted(LoggingManagedHttpClientConnection.java:136)
http-outgoing-44 >> Content-Type: application/json; charset=utf-8
[DEBUG] 2017-07-05 17:47:55,487 method:org.apache.http.impl.conn.LoggingManagedHttpClientConnection.onRequestSubmitted(LoggingManagedHttpClientConnection.java:136)
http-outgoing-44 >> Content-Length: 30
[DEBUG] 2017-07-05 17:47:55,488 method:org.apache.http.impl.conn.LoggingManagedHttpClientConnection.onRequestSubmitted(LoggingManagedHttpClientConnection.java:136)
http-outgoing-44 >> Host: localhost:5726
[DEBUG] 2017-07-05 17:47:55,488 method:org.apache.http.impl.conn.LoggingManagedHttpClientConnection.onRequestSubmitted(LoggingManagedHttpClientConnection.java:136)
http-outgoing-44 >> Connection: Keep-Alive
[DEBUG] 2017-07-05 17:47:55,488 method:org.apache.http.impl.conn.LoggingManagedHttpClientConnection.onRequestSubmitted(LoggingManagedHttpClientConnection.java:136)
http-outgoing-44 >> User-Agent: Apache-HttpClient/4.5.3 (Java/1.8.0_111)
[DEBUG] 2017-07-05 17:47:55,488 method:org.apache.http.impl.conn.LoggingManagedHttpClientConnection.onRequestSubmitted(LoggingManagedHttpClientConnection.java:136)
http-outgoing-44 >> Accept-Encoding: gzip,deflate
[DEBUG] 2017-07-05 17:47:55,488 method:org.apache.http.impl.conn.Wire.wire(Wire.java:73)
http-outgoing-44 >> "POST /session/e397bb8b4943a2405e3c8c0263ada937/element/0.17472881585222777-1/click HTTP/1.1[\r][\n]"
[DEBUG] 2017-07-05 17:47:55,488 method:org.apache.http.impl.conn.Wire.wire(Wire.java:73)
http-outgoing-44 >> "Content-Type: application/json; charset=utf-8[\r][\n]"
[DEBUG] 2017-07-05 17:47:55,488 method:org.apache.http.impl.conn.Wire.wire(Wire.java:73)
http-outgoing-44 >> "Content-Length: 30[\r][\n]"
[DEBUG] 2017-07-05 17:47:55,489 method:org.apache.http.impl.conn.Wire.wire(Wire.java:73)
http-outgoing-44 >> "Host: localhost:5726[\r][\n]"
[DEBUG] 2017-07-05 17:47:55,489 method:org.apache.http.impl.conn.Wire.wire(Wire.java:73)
http-outgoing-44 >> "Connection: Keep-Alive[\r][\n]"
[DEBUG] 2017-07-05 17:47:55,489 method:org.apache.http.impl.conn.Wire.wire(Wire.java:73)
http-outgoing-44 >> "User-Agent: Apache-HttpClient/4.5.3 (Java/1.8.0_111)[\r][\n]"
[DEBUG] 2017-07-05 17:47:55,489 method:org.apache.http.impl.conn.Wire.wire(Wire.java:73)
http-outgoing-44 >> "Accept-Encoding: gzip,deflate[\r][\n]"
[DEBUG] 2017-07-05 17:47:55,489 method:org.apache.http.impl.conn.Wire.wire(Wire.java:73)
http-outgoing-44 >> "[\r][\n]"
[DEBUG] 2017-07-05 17:47:55,489 method:org.apache.http.impl.conn.Wire.wire(Wire.java:87)
http-outgoing-44 >> "{"id":"0.17472881585222777-1"}"
[DEBUG] 2017-07-05 17:47:55,549 method:org.apache.http.impl.conn.Wire.wire(Wire.java:73)
http-outgoing-44 << "HTTP/1.1 200 OK[\r][\n]"
[DEBUG] 2017-07-05 17:47:55,549 method:org.apache.http.impl.conn.Wire.wire(Wire.java:73)
http-outgoing-44 << "Content-Length:72[\r][\n]"
[DEBUG] 2017-07-05 17:47:55,549 method:org.apache.http.impl.conn.Wire.wire(Wire.java:73)
http-outgoing-44 << "Content-Type:application/json; charset=utf-8[\r][\n]"
[DEBUG] 2017-07-05 17:47:55,549 method:org.apache.http.impl.conn.Wire.wire(Wire.java:73)
http-outgoing-44 << "Connection:close[\r][\n]"
[DEBUG] 2017-07-05 17:47:55,549 method:org.apache.http.impl.conn.Wire.wire(Wire.java:73)
http-outgoing-44 << "[\r][\n]"
[DEBUG] 2017-07-05 17:47:55,550 method:org.apache.http.impl.conn.Wire.wire(Wire.java:87)
http-outgoing-44 << "{"sessionId":"e397bb8b4943a2405e3c8c0263ada937","status":0,"value":null}"
[DEBUG] 2017-07-05 17:47:55,550 method:org.apache.http.impl.conn.LoggingManagedHttpClientConnection.onResponseReceived(LoggingManagedHttpClientConnection.java:122)
http-outgoing-44 << HTTP/1.1 200 OK
[DEBUG] 2017-07-05 17:47:55,550 method:org.apache.http.impl.conn.LoggingManagedHttpClientConnection.onResponseReceived(LoggingManagedHttpClientConnection.java:125)
http-outgoing-44 << Content-Length:72
[DEBUG] 2017-07-05 17:47:55,550 method:org.apache.http.impl.conn.LoggingManagedHttpClientConnection.onResponseReceived(LoggingManagedHttpClientConnection.java:125)
http-outgoing-44 << Content-Type:application/json; charset=utf-8
[DEBUG] 2017-07-05 17:47:55,550 method:org.apache.http.impl.conn.LoggingManagedHttpClientConnection.onResponseReceived(LoggingManagedHttpClientConnection.java:125)
http-outgoing-44 << Connection:close
[DEBUG] 2017-07-05 17:47:55,550 method:org.apache.http.impl.conn.LoggingManagedHttpClientConnection.close(LoggingManagedHttpClientConnection.java:79)
http-outgoing-44: Close connection
[DEBUG] 2017-07-05 17:47:55,550 method:org.apache.http.impl.execchain.ConnectionHolder.releaseConnection(ConnectionHolder.java:104)
Connection discarded
[DEBUG] 2017-07-05 17:47:55,551 method:org.apache.http.impl.conn.PoolingHttpClientConnectionManager.releaseConnection(PoolingHttpClientConnectionManager.java:326)
Connection released: [id: 44][route: {}->http://localhost:5726][total kept alive: 0; route allocated: 0 of 2000; total allocated: 0 of 2000]
点击了==//*[@id="setting"]/a
[DEBUG] 2017-07-05 17:47:55,552 method:org.apache.http.client.protocol.RequestAddCookies.process(RequestAddCookies.java:123)
CookieSpec selected: default
[DEBUG] 2017-07-05 17:47:55,552 method:org.apache.http.client.protocol.RequestAuthCache.process(RequestAuthCache.java:77)
Auth cache not set in the context
[DEBUG] 2017-07-05 17:47:55,552 method:org.apache.http.impl.conn.PoolingHttpClientConnectionManager.requestConnection(PoolingHttpClientConnectionManager.java:255)
Connection request: [route: {}->http://localhost:5726][total kept alive: 0; route allocated: 0 of 2000; total allocated: 0 of 2000]
[DEBUG] 2017-07-05 17:47:55,553 method:org.apache.http.impl.conn.PoolingHttpClientConnectionManager.leaseConnection(PoolingHttpClientConnectionManager.java:288)
Connection leased: [id: 45][route: {}->http://localhost:5726][total kept alive: 0; route allocated: 1 of 2000; total allocated: 1 of 2000]
[DEBUG] 2017-07-05 17:47:55,553 method:org.apache.http.impl.execchain.MainClientExec.execute(MainClientExec.java:235)
Opening connection {}->http://localhost:5726
[DEBUG] 2017-07-05 17:47:55,553 method:org.apache.http.impl.conn.DefaultHttpClientConnectionOperator.connect(DefaultHttpClientConnectionOperator.java:139)
Connecting to localhost/127.0.0.1:5726
[DEBUG] 2017-07-05 17:47:55,554 method:org.apache.http.impl.conn.DefaultHttpClientConnectionOperator.connect(DefaultHttpClientConnectionOperator.java:146)
Connection established 127.0.0.1:63132<->127.0.0.1:5726
[DEBUG] 2017-07-05 17:47:55,554 method:org.apache.http.impl.conn.LoggingManagedHttpClientConnection.setSocketTimeout(LoggingManagedHttpClientConnection.java:88)
http-outgoing-45: set socket timeout to 10800000
[DEBUG] 2017-07-05 17:47:55,554 method:org.apache.http.impl.execchain.MainClientExec.execute(MainClientExec.java:256)
Executing request POST /session/e397bb8b4943a2405e3c8c0263ada937/elements HTTP/1.1
[DEBUG] 2017-07-05 17:47:55,554 method:org.apache.http.impl.execchain.MainClientExec.execute(MainClientExec.java:261)
Target auth state: UNCHALLENGED
[DEBUG] 2017-07-05 17:47:55,554 method:org.apache.http.impl.execchain.MainClientExec.execute(MainClientExec.java:267)
Proxy auth state: UNCHALLENGED
[DEBUG] 2017-07-05 17:47:55,554 method:org.apache.http.impl.conn.LoggingManagedHttpClientConnection.onRequestSubmitted(LoggingManagedHttpClientConnection.java:133)
http-outgoing-45 >> POST /session/e397bb8b4943a2405e3c8c0263ada937/elements HTTP/1.1
[DEBUG] 2017-07-05 17:47:55,555 method:org.apache.http.impl.conn.LoggingManagedHttpClientConnection.onRequestSubmitted(LoggingManagedHttpClientConnection.java:136)
http-outgoing-45 >> Content-Type: application/json; charset=utf-8
[DEBUG] 2017-07-05 17:47:55,555 method:org.apache.http.impl.conn.LoggingManagedHttpClientConnection.onRequestSubmitted(LoggingManagedHttpClientConnection.java:136)
http-outgoing-45 >> Content-Length: 77
[DEBUG] 2017-07-05 17:47:55,555 method:org.apache.http.impl.conn.LoggingManagedHttpClientConnection.onRequestSubmitted(LoggingManagedHttpClientConnection.java:136)
http-outgoing-45 >> Host: localhost:5726
[DEBUG] 2017-07-05 17:47:55,555 method:org.apache.http.impl.conn.LoggingManagedHttpClientConnection.onRequestSubmitted(LoggingManagedHttpClientConnection.java:136)
http-outgoing-45 >> Connection: Keep-Alive
[DEBUG] 2017-07-05 17:47:55,555 method:org.apache.http.impl.conn.LoggingManagedHttpClientConnection.onRequestSubmitted(LoggingManagedHttpClientConnection.java:136)
http-outgoing-45 >> User-Agent: Apache-HttpClient/4.5.3 (Java/1.8.0_111)
[DEBUG] 2017-07-05 17:47:55,555 method:org.apache.http.impl.conn.LoggingManagedHttpClientConnection.onRequestSubmitted(LoggingManagedHttpClientConnection.java:136)
http-outgoing-45 >> Accept-Encoding: gzip,deflate
[DEBUG] 2017-07-05 17:47:55,555 method:org.apache.http.impl.conn.Wire.wire(Wire.java:73)
http-outgoing-45 >> "POST /session/e397bb8b4943a2405e3c8c0263ada937/elements HTTP/1.1[\r][\n]"
[DEBUG] 2017-07-05 17:47:55,556 method:org.apache.http.impl.conn.Wire.wire(Wire.java:73)
http-outgoing-45 >> "Content-Type: application/json; charset=utf-8[\r][\n]"
[DEBUG] 2017-07-05 17:47:55,556 method:org.apache.http.impl.conn.Wire.wire(Wire.java:73)
http-outgoing-45 >> "Content-Length: 77[\r][\n]"
[DEBUG] 2017-07-05 17:47:55,556 method:org.apache.http.impl.conn.Wire.wire(Wire.java:73)
http-outgoing-45 >> "Host: localhost:5726[\r][\n]"
[DEBUG] 2017-07-05 17:47:55,556 method:org.apache.http.impl.conn.Wire.wire(Wire.java:73)
http-outgoing-45 >> "Connection: Keep-Alive[\r][\n]"
[DEBUG] 2017-07-05 17:47:55,556 method:org.apache.http.impl.conn.Wire.wire(Wire.java:73)
http-outgoing-45 >> "User-Agent: Apache-HttpClient/4.5.3 (Java/1.8.0_111)[\r][\n]"
[DEBUG] 2017-07-05 17:47:55,557 method:org.apache.http.impl.conn.Wire.wire(Wire.java:73)
http-outgoing-45 >> "Accept-Encoding: gzip,deflate[\r][\n]"
[DEBUG] 2017-07-05 17:47:55,557 method:org.apache.http.impl.conn.Wire.wire(Wire.java:73)
http-outgoing-45 >> "[\r][\n]"
[DEBUG] 2017-07-05 17:47:55,557 method:org.apache.http.impl.conn.Wire.wire(Wire.java:87)
http-outgoing-45 >> "{"using":"xpath","value":"//*[@id=\"J_left_div\"]/div[1]/ul/li[14]/li/div/p"}"
[DEBUG] 2017-07-05 17:47:55,588 method:org.apache.http.impl.conn.Wire.wire(Wire.java:73)
http-outgoing-45 << "HTTP/1.1 200 OK[\r][\n]"
[DEBUG] 2017-07-05 17:47:55,589 method:org.apache.http.impl.conn.Wire.wire(Wire.java:73)
http-outgoing-45 << "Content-Length:70[\r][\n]"
[DEBUG] 2017-07-05 17:47:55,589 method:org.apache.http.impl.conn.Wire.wire(Wire.java:73)
http-outgoing-45 << "Content-Type:application/json; charset=utf-8[\r][\n]"
[DEBUG] 2017-07-05 17:47:55,589 method:org.apache.http.impl.conn.Wire.wire(Wire.java:73)
http-outgoing-45 << "Connection:close[\r][\n]"
[DEBUG] 2017-07-05 17:47:55,590 method:org.apache.http.impl.conn.Wire.wire(Wire.java:73)
http-outgoing-45 << "[\r][\n]"
[DEBUG] 2017-07-05 17:47:55,590 method:org.apache.http.impl.conn.Wire.wire(Wire.java:87)
http-outgoing-45 << "{"sessionId":"e397bb8b4943a2405e3c8c0263ada937","status":0,"value":[]}"
[DEBUG] 2017-07-05 17:47:55,590 method:org.apache.http.impl.conn.LoggingManagedHttpClientConnection.onResponseReceived(LoggingManagedHttpClientConnection.java:122)
http-outgoing-45 << HTTP/1.1 200 OK
[DEBUG] 2017-07-05 17:47:55,590 method:org.apache.http.impl.conn.LoggingManagedHttpClientConnection.onResponseReceived(LoggingManagedHttpClientConnection.java:125)
http-outgoing-45 << Content-Length:70
[DEBUG] 2017-07-05 17:47:55,590 method:org.apache.http.impl.conn.LoggingManagedHttpClientConnection.onResponseReceived(LoggingManagedHttpClientConnection.java:125)
http-outgoing-45 << Content-Type:application/json; charset=utf-8
[DEBUG] 2017-07-05 17:47:55,591 method:org.apache.http.impl.conn.LoggingManagedHttpClientConnection.onResponseReceived(LoggingManagedHttpClientConnection.java:125)
http-outgoing-45 << Connection:close
[DEBUG] 2017-07-05 17:47:55,591 method:org.apache.http.impl.conn.LoggingManagedHttpClientConnection.close(LoggingManagedHttpClientConnection.java:79)
http-outgoing-45: Close connection
[DEBUG] 2017-07-05 17:47:55,592 method:org.apache.http.impl.execchain.ConnectionHolder.releaseConnection(ConnectionHolder.java:104)
Connection discarded
[DEBUG] 2017-07-05 17:47:55,592 method:org.apache.http.impl.conn.PoolingHttpClientConnectionManager.releaseConnection(PoolingHttpClientConnectionManager.java:326)
Connection released: [id: 45][route: {}->http://localhost:5726][total kept alive: 0; route allocated: 0 of 2000; total allocated: 0 of 2000]
[DEBUG] 2017-07-05 17:47:56,094 method:org.apache.http.client.protocol.RequestAddCookies.process(RequestAddCookies.java:123)
CookieSpec selected: default
[DEBUG] 2017-07-05 17:47:56,094 method:org.apache.http.client.protocol.RequestAuthCache.process(RequestAuthCache.java:77)
Auth cache not set in the context
[DEBUG] 2017-07-05 17:47:56,094 method:org.apache.http.impl.conn.PoolingHttpClientConnectionManager.requestConnection(PoolingHttpClientConnectionManager.java:255)
Connection request: [route: {}->http://localhost:5726][total kept alive: 0; route allocated: 0 of 2000; total allocated: 0 of 2000]
[DEBUG] 2017-07-05 17:47:56,094 method:org.apache.http.impl.conn.PoolingHttpClientConnectionManager.leaseConnection(PoolingHttpClientConnectionManager.java:288)
Connection leased: [id: 46][route: {}->http://localhost:5726][total kept alive: 0; route allocated: 1 of 2000; total allocated: 1 of 2000]
[DEBUG] 2017-07-05 17:47:56,095 method:org.apache.http.impl.execchain.MainClientExec.execute(MainClientExec.java:235)
Opening connection {}->http://localhost:5726
[DEBUG] 2017-07-05 17:47:56,095 method:org.apache.http.impl.conn.DefaultHttpClientConnectionOperator.connect(DefaultHttpClientConnectionOperator.java:139)
Connecting to localhost/127.0.0.1:5726
[DEBUG] 2017-07-05 17:47:56,096 method:org.apache.http.impl.conn.DefaultHttpClientConnectionOperator.connect(DefaultHttpClientConnectionOperator.java:146)
Connection established 127.0.0.1:63133<->127.0.0.1:5726
[DEBUG] 2017-07-05 17:47:56,096 method:org.apache.http.impl.conn.LoggingManagedHttpClientConnection.setSocketTimeout(LoggingManagedHttpClientConnection.java:88)
http-outgoing-46: set socket timeout to 10800000
[DEBUG] 2017-07-05 17:47:56,096 method:org.apache.http.impl.execchain.MainClientExec.execute(MainClientExec.java:256)
Executing request POST /session/e397bb8b4943a2405e3c8c0263ada937/elements HTTP/1.1
[DEBUG] 2017-07-05 17:47:56,097 method:org.apache.http.impl.execchain.MainClientExec.execute(MainClientExec.java:261)
Target auth state: UNCHALLENGED
[DEBUG] 2017-07-05 17:47:56,097 method:org.apache.http.impl.execchain.MainClientExec.execute(MainClientExec.java:267)
Proxy auth state: UNCHALLENGED
[DEBUG] 2017-07-05 17:47:56,097 method:org.apache.http.impl.conn.LoggingManagedHttpClientConnection.onRequestSubmitted(LoggingManagedHttpClientConnection.java:133)
http-outgoing-46 >> POST /session/e397bb8b4943a2405e3c8c0263ada937/elements HTTP/1.1
[DEBUG] 2017-07-05 17:47:56,097 method:org.apache.http.impl.conn.LoggingManagedHttpClientConnection.onRequestSubmitted(LoggingManagedHttpClientConnection.java:136)
http-outgoing-46 >> Content-Type: application/json; charset=utf-8
[DEBUG] 2017-07-05 17:47:56,097 method:org.apache.http.impl.conn.LoggingManagedHttpClientConnection.onRequestSubmitted(LoggingManagedHttpClientConnection.java:136)
http-outgoing-46 >> Content-Length: 77
[DEBUG] 2017-07-05 17:47:56,097 method:org.apache.http.impl.conn.LoggingManagedHttpClientConnection.onRequestSubmitted(LoggingManagedHttpClientConnection.java:136)
http-outgoing-46 >> Host: localhost:5726
[DEBUG] 2017-07-05 17:47:56,097 method:org.apache.http.impl.conn.LoggingManagedHttpClientConnection.onRequestSubmitted(LoggingManagedHttpClientConnection.java:136)
http-outgoing-46 >> Connection: Keep-Alive
[DEBUG] 2017-07-05 17:47:56,097 method:org.apache.http.impl.conn.LoggingManagedHttpClientConnection.onRequestSubmitted(LoggingManagedHttpClientConnection.java:136)
http-outgoing-46 >> User-Agent: Apache-HttpClient/4.5.3 (Java/1.8.0_111)
[DEBUG] 2017-07-05 17:47:56,097 method:org.apache.http.impl.conn.LoggingManagedHttpClientConnection.onRequestSubmitted(LoggingManagedHttpClientConnection.java:136)
http-outgoing-46 >> Accept-Encoding: gzip,deflate
[DEBUG] 2017-07-05 17:47:56,098 method:org.apache.http.impl.conn.Wire.wire(Wire.java:73)
http-outgoing-46 >> "POST /session/e397bb8b4943a2405e3c8c0263ada937/elements HTTP/1.1[\r][\n]"
[DEBUG] 2017-07-05 17:47:56,098 method:org.apache.http.impl.conn.Wire.wire(Wire.java:73)
http-outgoing-46 >> "Content-Type: application/json; charset=utf-8[\r][\n]"
[DEBUG] 2017-07-05 17:47:56,098 method:org.apache.http.impl.conn.Wire.wire(Wire.java:73)
http-outgoing-46 >> "Content-Length: 77[\r][\n]"
[DEBUG] 2017-07-05 17:47:56,098 method:org.apache.http.impl.conn.Wire.wire(Wire.java:73)
http-outgoing-46 >> "Host: localhost:5726[\r][\n]"
[DEBUG] 2017-07-05 17:47:56,098 method:org.apache.http.impl.conn.Wire.wire(Wire.java:73)
http-outgoing-46 >> "Connection: Keep-Alive[\r][\n]"
[DEBUG] 2017-07-05 17:47:56,098 method:org.apache.http.impl.conn.Wire.wire(Wire.java:73)
http-outgoing-46 >> "User-Agent: Apache-HttpClient/4.5.3 (Java/1.8.0_111)[\r][\n]"
[DEBUG] 2017-07-05 17:47:56,098 method:org.apache.http.impl.conn.Wire.wire(Wire.java:73)
http-outgoing-46 >> "Accept-Encoding: gzip,deflate[\r][\n]"
[DEBUG] 2017-07-05 17:47:56,098 method:org.apache.http.impl.conn.Wire.wire(Wire.java:73)
http-outgoing-46 >> "[\r][\n]"
[DEBUG] 2017-07-05 17:47:56,098 method:org.apache.http.impl.conn.Wire.wire(Wire.java:87)
http-outgoing-46 >> "{"using":"xpath","value":"//*[@id=\"J_left_div\"]/div[1]/ul/li[14]/li/div/p"}"
[DEBUG] 2017-07-05 17:47:56,109 method:org.apache.http.impl.conn.Wire.wire(Wire.java:73)
http-outgoing-46 << "HTTP/1.1 200 OK[\r][\n]"
[DEBUG] 2017-07-05 17:47:56,110 method:org.apache.http.impl.conn.Wire.wire(Wire.java:73)
http-outgoing-46 << "Content-Length:105[\r][\n]"
[DEBUG] 2017-07-05 17:47:56,111 method:org.apache.http.impl.conn.Wire.wire(Wire.java:73)
http-outgoing-46 << "Content-Type:application/json; charset=utf-8[\r][\n]"
[DEBUG] 2017-07-05 17:47:56,111 method:org.apache.http.impl.conn.Wire.wire(Wire.java:73)
http-outgoing-46 << "Connection:close[\r][\n]"
[DEBUG] 2017-07-05 17:47:56,111 method:org.apache.http.impl.conn.Wire.wire(Wire.java:73)
http-outgoing-46 << "[\r][\n]"
[DEBUG] 2017-07-05 17:47:56,111 method:org.apache.http.impl.conn.Wire.wire(Wire.java:87)
http-outgoing-46 << "{"sessionId":"e397bb8b4943a2405e3c8c0263ada937","status":0,"value":[{"ELEMENT":"0.17472881585222777-2"}]}"
[DEBUG] 2017-07-05 17:47:56,111 method:org.apache.http.impl.conn.LoggingManagedHttpClientConnection.onResponseReceived(LoggingManagedHttpClientConnection.java:122)
http-outgoing-46 << HTTP/1.1 200 OK
[DEBUG] 2017-07-05 17:47:56,112 method:org.apache.http.impl.conn.LoggingManagedHttpClientConnection.onResponseReceived(LoggingManagedHttpClientConnection.java:125)
http-outgoing-46 << Content-Length:105
[DEBUG] 2017-07-05 17:47:56,112 method:org.apache.http.impl.conn.LoggingManagedHttpClientConnection.onResponseReceived(LoggingManagedHttpClientConnection.java:125)
http-outgoing-46 << Content-Type:application/json; charset=utf-8
[DEBUG] 2017-07-05 17:47:56,112 method:org.apache.http.impl.conn.LoggingManagedHttpClientConnection.onResponseReceived(LoggingManagedHttpClientConnection.java:125)
http-outgoing-46 << Connection:close
[DEBUG] 2017-07-05 17:47:56,112 method:org.apache.http.impl.conn.LoggingManagedHttpClientConnection.close(LoggingManagedHttpClientConnection.java:79)
http-outgoing-46: Close connection
[DEBUG] 2017-07-05 17:47:56,113 method:org.apache.http.impl.execchain.ConnectionHolder.releaseConnection(ConnectionHolder.java:104)
Connection discarded
[DEBUG] 2017-07-05 17:47:56,113 method:org.apache.http.impl.conn.PoolingHttpClientConnectionManager.releaseConnection(PoolingHttpClientConnectionManager.java:326)
Connection released: [id: 46][route: {}->http://localhost:5726][total kept alive: 0; route allocated: 0 of 2000; total allocated: 0 of 2000]
[DEBUG] 2017-07-05 17:47:56,917 method:org.apache.http.client.protocol.RequestAddCookies.process(RequestAddCookies.java:123)
CookieSpec selected: default
[DEBUG] 2017-07-05 17:47:56,917 method:org.apache.http.client.protocol.RequestAuthCache.process(RequestAuthCache.java:77)
Auth cache not set in the context
[DEBUG] 2017-07-05 17:47:56,918 method:org.apache.http.impl.conn.PoolingHttpClientConnectionManager.requestConnection(PoolingHttpClientConnectionManager.java:255)
Connection request: [route: {}->http://localhost:5726][total kept alive: 0; route allocated: 0 of 2000; total allocated: 0 of 2000]
[DEBUG] 2017-07-05 17:47:56,918 method:org.apache.http.impl.conn.PoolingHttpClientConnectionManager.leaseConnection(PoolingHttpClientConnectionManager.java:288)
Connection leased: [id: 47][route: {}->http://localhost:5726][total kept alive: 0; route allocated: 1 of 2000; total allocated: 1 of 2000]
[DEBUG] 2017-07-05 17:47:56,918 method:org.apache.http.impl.execchain.MainClientExec.execute(MainClientExec.java:235)
Opening connection {}->http://localhost:5726
[DEBUG] 2017-07-05 17:47:56,919 method:org.apache.http.impl.conn.DefaultHttpClientConnectionOperator.connect(DefaultHttpClientConnectionOperator.java:139)
Connecting to localhost/127.0.0.1:5726
[DEBUG] 2017-07-05 17:47:56,920 method:org.apache.http.impl.conn.DefaultHttpClientConnectionOperator.connect(DefaultHttpClientConnectionOperator.java:146)
Connection established 127.0.0.1:63134<->127.0.0.1:5726
[DEBUG] 2017-07-05 17:47:56,921 method:org.apache.http.impl.conn.LoggingManagedHttpClientConnection.setSocketTimeout(LoggingManagedHttpClientConnection.java:88)
http-outgoing-47: set socket timeout to 10800000
[DEBUG] 2017-07-05 17:47:56,921 method:org.apache.http.impl.execchain.MainClientExec.execute(MainClientExec.java:256)
Executing request POST /session/e397bb8b4943a2405e3c8c0263ada937/element HTTP/1.1
[DEBUG] 2017-07-05 17:47:56,921 method:org.apache.http.impl.execchain.MainClientExec.execute(MainClientExec.java:261)
Target auth state: UNCHALLENGED
[DEBUG] 2017-07-05 17:47:56,922 method:org.apache.http.impl.execchain.MainClientExec.execute(MainClientExec.java:267)
Proxy auth state: UNCHALLENGED
[DEBUG] 2017-07-05 17:47:56,922 method:org.apache.http.impl.conn.LoggingManagedHttpClientConnection.onRequestSubmitted(LoggingManagedHttpClientConnection.java:133)
http-outgoing-47 >> POST /session/e397bb8b4943a2405e3c8c0263ada937/element HTTP/1.1
[DEBUG] 2017-07-05 17:47:56,922 method:org.apache.http.impl.conn.LoggingManagedHttpClientConnection.onRequestSubmitted(LoggingManagedHttpClientConnection.java:136)
http-outgoing-47 >> Content-Type: application/json; charset=utf-8
[DEBUG] 2017-07-05 17:47:56,923 method:org.apache.http.impl.conn.LoggingManagedHttpClientConnection.onRequestSubmitted(LoggingManagedHttpClientConnection.java:136)
http-outgoing-47 >> Content-Length: 77
[DEBUG] 2017-07-05 17:47:56,923 method:org.apache.http.impl.conn.LoggingManagedHttpClientConnection.onRequestSubmitted(LoggingManagedHttpClientConnection.java:136)
http-outgoing-47 >> Host: localhost:5726
[DEBUG] 2017-07-05 17:47:56,923 method:org.apache.http.impl.conn.LoggingManagedHttpClientConnection.onRequestSubmitted(LoggingManagedHttpClientConnection.java:136)
http-outgoing-47 >> Connection: Keep-Alive
[DEBUG] 2017-07-05 17:47:56,923 method:org.apache.http.impl.conn.LoggingManagedHttpClientConnection.onRequestSubmitted(LoggingManagedHttpClientConnection.java:136)
http-outgoing-47 >> User-Agent: Apache-HttpClient/4.5.3 (Java/1.8.0_111)
[DEBUG] 2017-07-05 17:47:56,924 method:org.apache.http.impl.conn.LoggingManagedHttpClientConnection.onRequestSubmitted(LoggingManagedHttpClientConnection.java:136)
http-outgoing-47 >> Accept-Encoding: gzip,deflate
[DEBUG] 2017-07-05 17:47:56,924 method:org.apache.http.impl.conn.Wire.wire(Wire.java:73)
http-outgoing-47 >> "POST /session/e397bb8b4943a2405e3c8c0263ada937/element HTTP/1.1[\r][\n]"
[DEBUG] 2017-07-05 17:47:56,924 method:org.apache.http.impl.conn.Wire.wire(Wire.java:73)
http-outgoing-47 >> "Content-Type: application/json; charset=utf-8[\r][\n]"
[DEBUG] 2017-07-05 17:47:56,925 method:org.apache.http.impl.conn.Wire.wire(Wire.java:73)
http-outgoing-47 >> "Content-Length: 77[\r][\n]"
[DEBUG] 2017-07-05 17:47:56,925 method:org.apache.http.impl.conn.Wire.wire(Wire.java:73)
http-outgoing-47 >> "Host: localhost:5726[\r][\n]"
[DEBUG] 2017-07-05 17:47:56,925 method:org.apache.http.impl.conn.Wire.wire(Wire.java:73)
http-outgoing-47 >> "Connection: Keep-Alive[\r][\n]"
[DEBUG] 2017-07-05 17:47:56,926 method:org.apache.http.impl.conn.Wire.wire(Wire.java:73)
http-outgoing-47 >> "User-Agent: Apache-HttpClient/4.5.3 (Java/1.8.0_111)[\r][\n]"
[DEBUG] 2017-07-05 17:47:56,926 method:org.apache.http.impl.conn.Wire.wire(Wire.java:73)
http-outgoing-47 >> "Accept-Encoding: gzip,deflate[\r][\n]"
[DEBUG] 2017-07-05 17:47:56,926 method:org.apache.http.impl.conn.Wire.wire(Wire.java:73)
http-outgoing-47 >> "[\r][\n]"
[DEBUG] 2017-07-05 17:47:56,927 method:org.apache.http.impl.conn.Wire.wire(Wire.java:87)
http-outgoing-47 >> "{"using":"xpath","value":"//*[@id=\"J_left_div\"]/div[1]/ul/li[14]/li/div/p"}"
[DEBUG] 2017-07-05 17:47:56,961 method:org.apache.http.impl.conn.Wire.wire(Wire.java:73)
http-outgoing-47 << "HTTP/1.1 200 OK[\r][\n]"
[DEBUG] 2017-07-05 17:47:56,961 method:org.apache.http.impl.conn.Wire.wire(Wire.java:73)
http-outgoing-47 << "Content-Length:103[\r][\n]"
[DEBUG] 2017-07-05 17:47:56,961 method:org.apache.http.impl.conn.Wire.wire(Wire.java:73)
http-outgoing-47 << "Content-Type:application/json; charset=utf-8[\r][\n]"
[DEBUG] 2017-07-05 17:47:56,962 method:org.apache.http.impl.conn.Wire.wire(Wire.java:73)
http-outgoing-47 << "Connection:close[\r][\n]"
[DEBUG] 2017-07-05 17:47:56,962 method:org.apache.http.impl.conn.Wire.wire(Wire.java:73)
http-outgoing-47 << "[\r][\n]"
[DEBUG] 2017-07-05 17:47:56,962 method:org.apache.http.impl.conn.Wire.wire(Wire.java:87)
http-outgoing-47 << "{"sessionId":"e397bb8b4943a2405e3c8c0263ada937","status":0,"value":{"ELEMENT":"0.17472881585222777-2"}}"
[DEBUG] 2017-07-05 17:47:56,962 method:org.apache.http.impl.conn.LoggingManagedHttpClientConnection.onResponseReceived(LoggingManagedHttpClientConnection.java:122)
http-outgoing-47 << HTTP/1.1 200 OK
[DEBUG] 2017-07-05 17:47:56,962 method:org.apache.http.impl.conn.LoggingManagedHttpClientConnection.onResponseReceived(LoggingManagedHttpClientConnection.java:125)
http-outgoing-47 << Content-Length:103
[DEBUG] 2017-07-05 17:47:56,962 method:org.apache.http.impl.conn.LoggingManagedHttpClientConnection.onResponseReceived(LoggingManagedHttpClientConnection.java:125)
http-outgoing-47 << Content-Type:application/json; charset=utf-8
[DEBUG] 2017-07-05 17:47:56,963 method:org.apache.http.impl.conn.LoggingManagedHttpClientConnection.onResponseReceived(LoggingManagedHttpClientConnection.java:125)
http-outgoing-47 << Connection:close
[DEBUG] 2017-07-05 17:47:56,963 method:org.apache.http.impl.conn.LoggingManagedHttpClientConnection.close(LoggingManagedHttpClientConnection.java:79)
http-outgoing-47: Close connection
[DEBUG] 2017-07-05 17:47:56,963 method:org.apache.http.impl.execchain.ConnectionHolder.releaseConnection(ConnectionHolder.java:104)
Connection discarded
[DEBUG] 2017-07-05 17:47:56,963 method:org.apache.http.impl.conn.PoolingHttpClientConnectionManager.releaseConnection(PoolingHttpClientConnectionManager.java:326)
Connection released: [id: 47][route: {}->http://localhost:5726][total kept alive: 0; route allocated: 0 of 2000; total allocated: 0 of 2000]
[DEBUG] 2017-07-05 17:47:56,965 method:org.apache.http.client.protocol.RequestAddCookies.process(RequestAddCookies.java:123)
CookieSpec selected: default
[DEBUG] 2017-07-05 17:47:56,965 method:org.apache.http.client.protocol.RequestAuthCache.process(RequestAuthCache.java:77)
Auth cache not set in the context
[DEBUG] 2017-07-05 17:47:56,965 method:org.apache.http.impl.conn.PoolingHttpClientConnectionManager.requestConnection(PoolingHttpClientConnectionManager.java:255)
Connection request: [route: {}->http://localhost:5726][total kept alive: 0; route allocated: 0 of 2000; total allocated: 0 of 2000]
[DEBUG] 2017-07-05 17:47:56,966 method:org.apache.http.impl.conn.PoolingHttpClientConnectionManager.leaseConnection(PoolingHttpClientConnectionManager.java:288)
Connection leased: [id: 48][route: {}->http://localhost:5726][total kept alive: 0; route allocated: 1 of 2000; total allocated: 1 of 2000]
[DEBUG] 2017-07-05 17:47:56,966 method:org.apache.http.impl.execchain.MainClientExec.execute(MainClientExec.java:235)
Opening connection {}->http://localhost:5726
[DEBUG] 2017-07-05 17:47:56,966 method:org.apache.http.impl.conn.DefaultHttpClientConnectionOperator.connect(DefaultHttpClientConnectionOperator.java:139)
Connecting to localhost/127.0.0.1:5726
[DEBUG] 2017-07-05 17:47:56,967 method:org.apache.http.impl.conn.DefaultHttpClientConnectionOperator.connect(DefaultHttpClientConnectionOperator.java:146)
Connection established 127.0.0.1:63135<->127.0.0.1:5726
[DEBUG] 2017-07-05 17:47:56,967 method:org.apache.http.impl.conn.LoggingManagedHttpClientConnection.setSocketTimeout(LoggingManagedHttpClientConnection.java:88)
http-outgoing-48: set socket timeout to 10800000
[DEBUG] 2017-07-05 17:47:56,967 method:org.apache.http.impl.execchain.MainClientExec.execute(MainClientExec.java:256)
Executing request POST /session/e397bb8b4943a2405e3c8c0263ada937/element/0.17472881585222777-2/click HTTP/1.1
[DEBUG] 2017-07-05 17:47:56,967 method:org.apache.http.impl.execchain.MainClientExec.execute(MainClientExec.java:261)
Target auth state: UNCHALLENGED
[DEBUG] 2017-07-05 17:47:56,967 method:org.apache.http.impl.execchain.MainClientExec.execute(MainClientExec.java:267)
Proxy auth state: UNCHALLENGED
[DEBUG] 2017-07-05 17:47:56,967 method:org.apache.http.impl.conn.LoggingManagedHttpClientConnection.onRequestSubmitted(LoggingManagedHttpClientConnection.java:133)
http-outgoing-48 >> POST /session/e397bb8b4943a2405e3c8c0263ada937/element/0.17472881585222777-2/click HTTP/1.1
[DEBUG] 2017-07-05 17:47:56,968 method:org.apache.http.impl.conn.LoggingManagedHttpClientConnection.onRequestSubmitted(LoggingManagedHttpClientConnection.java:136)
http-outgoing-48 >> Content-Type: application/json; charset=utf-8
[DEBUG] 2017-07-05 17:47:56,968 method:org.apache.http.impl.conn.LoggingManagedHttpClientConnection.onRequestSubmitted(LoggingManagedHttpClientConnection.java:136)
http-outgoing-48 >> Content-Length: 30
[DEBUG] 2017-07-05 17:47:56,968 method:org.apache.http.impl.conn.LoggingManagedHttpClientConnection.onRequestSubmitted(LoggingManagedHttpClientConnection.java:136)
http-outgoing-48 >> Host: localhost:5726
[DEBUG] 2017-07-05 17:47:56,968 method:org.apache.http.impl.conn.LoggingManagedHttpClientConnection.onRequestSubmitted(LoggingManagedHttpClientConnection.java:136)
http-outgoing-48 >> Connection: Keep-Alive
[DEBUG] 2017-07-05 17:47:56,968 method:org.apache.http.impl.conn.LoggingManagedHttpClientConnection.onRequestSubmitted(LoggingManagedHttpClientConnection.java:136)
http-outgoing-48 >> User-Agent: Apache-HttpClient/4.5.3 (Java/1.8.0_111)
[DEBUG] 2017-07-05 17:47:56,968 method:org.apache.http.impl.conn.LoggingManagedHttpClientConnection.onRequestSubmitted(LoggingManagedHttpClientConnection.java:136)
http-outgoing-48 >> Accept-Encoding: gzip,deflate
[DEBUG] 2017-07-05 17:47:56,968 method:org.apache.http.impl.conn.Wire.wire(Wire.java:73)
http-outgoing-48 >> "POST /session/e397bb8b4943a2405e3c8c0263ada937/element/0.17472881585222777-2/click HTTP/1.1[\r][\n]"
[DEBUG] 2017-07-05 17:47:56,968 method:org.apache.http.impl.conn.Wire.wire(Wire.java:73)
http-outgoing-48 >> "Content-Type: application/json; charset=utf-8[\r][\n]"
[DEBUG] 2017-07-05 17:47:56,968 method:org.apache.http.impl.conn.Wire.wire(Wire.java:73)
http-outgoing-48 >> "Content-Length: 30[\r][\n]"
[DEBUG] 2017-07-05 17:47:56,969 method:org.apache.http.impl.conn.Wire.wire(Wire.java:73)
http-outgoing-48 >> "Host: localhost:5726[\r][\n]"
[DEBUG] 2017-07-05 17:47:56,969 method:org.apache.http.impl.conn.Wire.wire(Wire.java:73)
http-outgoing-48 >> "Connection: Keep-Alive[\r][\n]"
[DEBUG] 2017-07-05 17:47:56,969 method:org.apache.http.impl.conn.Wire.wire(Wire.java:73)
http-outgoing-48 >> "User-Agent: Apache-HttpClient/4.5.3 (Java/1.8.0_111)[\r][\n]"
[DEBUG] 2017-07-05 17:47:56,969 method:org.apache.http.impl.conn.Wire.wire(Wire.java:73)
http-outgoing-48 >> "Accept-Encoding: gzip,deflate[\r][\n]"
[DEBUG] 2017-07-05 17:47:56,969 method:org.apache.http.impl.conn.Wire.wire(Wire.java:73)
http-outgoing-48 >> "[\r][\n]"
[DEBUG] 2017-07-05 17:47:56,969 method:org.apache.http.impl.conn.Wire.wire(Wire.java:87)
http-outgoing-48 >> "{"id":"0.17472881585222777-2"}"
[DEBUG] 2017-07-05 17:47:57,026 method:org.apache.http.impl.conn.Wire.wire(Wire.java:73)
http-outgoing-48 << "HTTP/1.1 200 OK[\r][\n]"
[DEBUG] 2017-07-05 17:47:57,026 method:org.apache.http.impl.conn.Wire.wire(Wire.java:73)
http-outgoing-48 << "Content-Length:72[\r][\n]"
[DEBUG] 2017-07-05 17:47:57,026 method:org.apache.http.impl.conn.Wire.wire(Wire.java:73)
http-outgoing-48 << "Content-Type:application/json; charset=utf-8[\r][\n]"
[DEBUG] 2017-07-05 17:47:57,027 method:org.apache.http.impl.conn.Wire.wire(Wire.java:73)
http-outgoing-48 << "Connection:close[\r][\n]"
[DEBUG] 2017-07-05 17:47:57,027 method:org.apache.http.impl.conn.Wire.wire(Wire.java:73)
http-outgoing-48 << "[\r][\n]"
[DEBUG] 2017-07-05 17:47:57,027 method:org.apache.http.impl.conn.Wire.wire(Wire.java:87)
http-outgoing-48 << "{"sessionId":"e397bb8b4943a2405e3c8c0263ada937","status":0,"value":null}"
[DEBUG] 2017-07-05 17:47:57,027 method:org.apache.http.impl.conn.LoggingManagedHttpClientConnection.onResponseReceived(LoggingManagedHttpClientConnection.java:122)
http-outgoing-48 << HTTP/1.1 200 OK
[DEBUG] 2017-07-05 17:47:57,027 method:org.apache.http.impl.conn.LoggingManagedHttpClientConnection.onResponseReceived(LoggingManagedHttpClientConnection.java:125)
http-outgoing-48 << Content-Length:72
[DEBUG] 2017-07-05 17:47:57,027 method:org.apache.http.impl.conn.LoggingManagedHttpClientConnection.onResponseReceived(LoggingManagedHttpClientConnection.java:125)
http-outgoing-48 << Content-Type:application/json; charset=utf-8
[DEBUG] 2017-07-05 17:47:57,027 method:org.apache.http.impl.conn.LoggingManagedHttpClientConnection.onResponseReceived(LoggingManagedHttpClientConnection.java:125)
http-outgoing-48 << Connection:close
[DEBUG] 2017-07-05 17:47:57,028 method:org.apache.http.impl.conn.LoggingManagedHttpClientConnection.close(LoggingManagedHttpClientConnection.java:79)
http-outgoing-48: Close connection
[DEBUG] 2017-07-05 17:47:57,028 method:org.apache.http.impl.execchain.ConnectionHolder.releaseConnection(ConnectionHolder.java:104)
Connection discarded
[DEBUG] 2017-07-05 17:47:57,029 method:org.apache.http.impl.conn.PoolingHttpClientConnectionManager.releaseConnection(PoolingHttpClientConnectionManager.java:326)
Connection released: [id: 48][route: {}->http://localhost:5726][total kept alive: 0; route allocated: 0 of 2000; total allocated: 0 of 2000]
点击了==//*[@id="J_left_div"]/div[1]/ul/li[14]/li/div/p
[DEBUG] 2017-07-05 17:47:57,033 method:org.apache.http.client.protocol.RequestAddCookies.process(RequestAddCookies.java:123)
CookieSpec selected: default
[DEBUG] 2017-07-05 17:47:57,034 method:org.apache.http.client.protocol.RequestAuthCache.process(RequestAuthCache.java:77)
Auth cache not set in the context
[DEBUG] 2017-07-05 17:47:57,034 method:org.apache.http.impl.conn.PoolingHttpClientConnectionManager.requestConnection(PoolingHttpClientConnectionManager.java:255)
Connection request: [route: {}->http://localhost:5726][total kept alive: 0; route allocated: 0 of 2000; total allocated: 0 of 2000]
[DEBUG] 2017-07-05 17:47:57,034 method:org.apache.http.impl.conn.PoolingHttpClientConnectionManager.leaseConnection(PoolingHttpClientConnectionManager.java:288)
Connection leased: [id: 49][route: {}->http://localhost:5726][total kept alive: 0; route allocated: 1 of 2000; total allocated: 1 of 2000]
[DEBUG] 2017-07-05 17:47:57,034 method:org.apache.http.impl.execchain.MainClientExec.execute(MainClientExec.java:235)
Opening connection {}->http://localhost:5726
[DEBUG] 2017-07-05 17:47:57,035 method:org.apache.http.impl.conn.DefaultHttpClientConnectionOperator.connect(DefaultHttpClientConnectionOperator.java:139)
Connecting to localhost/127.0.0.1:5726
[DEBUG] 2017-07-05 17:47:57,036 method:org.apache.http.impl.conn.DefaultHttpClientConnectionOperator.connect(DefaultHttpClientConnectionOperator.java:146)
Connection established 127.0.0.1:63136<->127.0.0.1:5726
[DEBUG] 2017-07-05 17:47:57,036 method:org.apache.http.impl.conn.LoggingManagedHttpClientConnection.setSocketTimeout(LoggingManagedHttpClientConnection.java:88)
http-outgoing-49: set socket timeout to 10800000
[DEBUG] 2017-07-05 17:47:57,036 method:org.apache.http.impl.execchain.MainClientExec.execute(MainClientExec.java:256)
Executing request POST /session/e397bb8b4943a2405e3c8c0263ada937/elements HTTP/1.1
[DEBUG] 2017-07-05 17:47:57,036 method:org.apache.http.impl.execchain.MainClientExec.execute(MainClientExec.java:261)
Target auth state: UNCHALLENGED
[DEBUG] 2017-07-05 17:47:57,036 method:org.apache.http.impl.execchain.MainClientExec.execute(MainClientExec.java:267)
Proxy auth state: UNCHALLENGED
[DEBUG] 2017-07-05 17:47:57,037 method:org.apache.http.impl.conn.LoggingManagedHttpClientConnection.onRequestSubmitted(LoggingManagedHttpClientConnection.java:133)
http-outgoing-49 >> POST /session/e397bb8b4943a2405e3c8c0263ada937/elements HTTP/1.1
[DEBUG] 2017-07-05 17:47:57,037 method:org.apache.http.impl.conn.LoggingManagedHttpClientConnection.onRequestSubmitted(LoggingManagedHttpClientConnection.java:136)
http-outgoing-49 >> Content-Type: application/json; charset=utf-8
[DEBUG] 2017-07-05 17:47:57,037 method:org.apache.http.impl.conn.LoggingManagedHttpClientConnection.onRequestSubmitted(LoggingManagedHttpClientConnection.java:136)
http-outgoing-49 >> Content-Length: 79
[DEBUG] 2017-07-05 17:47:57,037 method:org.apache.http.impl.conn.LoggingManagedHttpClientConnection.onRequestSubmitted(LoggingManagedHttpClientConnection.java:136)
http-outgoing-49 >> Host: localhost:5726
[DEBUG] 2017-07-05 17:47:57,037 method:org.apache.http.impl.conn.LoggingManagedHttpClientConnection.onRequestSubmitted(LoggingManagedHttpClientConnection.java:136)
http-outgoing-49 >> Connection: Keep-Alive
[DEBUG] 2017-07-05 17:47:57,037 method:org.apache.http.impl.conn.LoggingManagedHttpClientConnection.onRequestSubmitted(LoggingManagedHttpClientConnection.java:136)
http-outgoing-49 >> User-Agent: Apache-HttpClient/4.5.3 (Java/1.8.0_111)
[DEBUG] 2017-07-05 17:47:57,038 method:org.apache.http.impl.conn.LoggingManagedHttpClientConnection.onRequestSubmitted(LoggingManagedHttpClientConnection.java:136)
http-outgoing-49 >> Accept-Encoding: gzip,deflate
[DEBUG] 2017-07-05 17:47:57,038 method:org.apache.http.impl.conn.Wire.wire(Wire.java:73)
http-outgoing-49 >> "POST /session/e397bb8b4943a2405e3c8c0263ada937/elements HTTP/1.1[\r][\n]"
[DEBUG] 2017-07-05 17:47:57,039 method:org.apache.http.impl.conn.Wire.wire(Wire.java:73)
http-outgoing-49 >> "Content-Type: application/json; charset=utf-8[\r][\n]"
[DEBUG] 2017-07-05 17:47:57,039 method:org.apache.http.impl.conn.Wire.wire(Wire.java:73)
http-outgoing-49 >> "Content-Length: 79[\r][\n]"
[DEBUG] 2017-07-05 17:47:57,039 method:org.apache.http.impl.conn.Wire.wire(Wire.java:73)
http-outgoing-49 >> "Host: localhost:5726[\r][\n]"
[DEBUG] 2017-07-05 17:47:57,039 method:org.apache.http.impl.conn.Wire.wire(Wire.java:73)
http-outgoing-49 >> "Connection: Keep-Alive[\r][\n]"
[DEBUG] 2017-07-05 17:47:57,039 method:org.apache.http.impl.conn.Wire.wire(Wire.java:73)
http-outgoing-49 >> "User-Agent: Apache-HttpClient/4.5.3 (Java/1.8.0_111)[\r][\n]"
[DEBUG] 2017-07-05 17:47:57,040 method:org.apache.http.impl.conn.Wire.wire(Wire.java:73)
http-outgoing-49 >> "Accept-Encoding: gzip,deflate[\r][\n]"
[DEBUG] 2017-07-05 17:47:57,040 method:org.apache.http.impl.conn.Wire.wire(Wire.java:73)
http-outgoing-49 >> "[\r][\n]"
[DEBUG] 2017-07-05 17:47:57,040 method:org.apache.http.impl.conn.Wire.wire(Wire.java:87)
http-outgoing-49 >> "{"using":"xpath","value":"//*[@id=\"personInformation\"]/div[2]/div[1]/p[5]/a"}"
[DEBUG] 2017-07-05 17:47:57,067 method:org.apache.http.impl.conn.Wire.wire(Wire.java:73)
http-outgoing-49 << "HTTP/1.1 200 OK[\r][\n]"
[DEBUG] 2017-07-05 17:47:57,067 method:org.apache.http.impl.conn.Wire.wire(Wire.java:73)
http-outgoing-49 << "Content-Length:70[\r][\n]"
[DEBUG] 2017-07-05 17:47:57,067 method:org.apache.http.impl.conn.Wire.wire(Wire.java:73)
http-outgoing-49 << "Content-Type:application/json; charset=utf-8[\r][\n]"
[DEBUG] 2017-07-05 17:47:57,068 method:org.apache.http.impl.conn.Wire.wire(Wire.java:73)
http-outgoing-49 << "Connection:close[\r][\n]"
[DEBUG] 2017-07-05 17:47:57,068 method:org.apache.http.impl.conn.Wire.wire(Wire.java:73)
http-outgoing-49 << "[\r][\n]"
[DEBUG] 2017-07-05 17:47:57,068 method:org.apache.http.impl.conn.Wire.wire(Wire.java:87)
http-outgoing-49 << "{"sessionId":"e397bb8b4943a2405e3c8c0263ada937","status":0,"value":[]}"
[DEBUG] 2017-07-05 17:47:57,068 method:org.apache.http.impl.conn.LoggingManagedHttpClientConnection.onResponseReceived(LoggingManagedHttpClientConnection.java:122)
http-outgoing-49 << HTTP/1.1 200 OK
[DEBUG] 2017-07-05 17:47:57,068 method:org.apache.http.impl.conn.LoggingManagedHttpClientConnection.onResponseReceived(LoggingManagedHttpClientConnection.java:125)
http-outgoing-49 << Content-Length:70
[DEBUG] 2017-07-05 17:47:57,068 method:org.apache.http.impl.conn.LoggingManagedHttpClientConnection.onResponseReceived(LoggingManagedHttpClientConnection.java:125)
http-outgoing-49 << Content-Type:application/json; charset=utf-8
[DEBUG] 2017-07-05 17:47:57,069 method:org.apache.http.impl.conn.LoggingManagedHttpClientConnection.onResponseReceived(LoggingManagedHttpClientConnection.java:125)
http-outgoing-49 << Connection:close
[DEBUG] 2017-07-05 17:47:57,069 method:org.apache.http.impl.conn.LoggingManagedHttpClientConnection.close(LoggingManagedHttpClientConnection.java:79)
http-outgoing-49: Close connection
[DEBUG] 2017-07-05 17:47:57,069 method:org.apache.http.impl.execchain.ConnectionHolder.releaseConnection(ConnectionHolder.java:104)
Connection discarded
[DEBUG] 2017-07-05 17:47:57,069 method:org.apache.http.impl.conn.PoolingHttpClientConnectionManager.releaseConnection(PoolingHttpClientConnectionManager.java:326)
Connection released: [id: 49][route: {}->http://localhost:5726][total kept alive: 0; route allocated: 0 of 2000; total allocated: 0 of 2000]
[DEBUG] 2017-07-05 17:47:57,572 method:org.apache.http.client.protocol.RequestAddCookies.process(RequestAddCookies.java:123)
CookieSpec selected: default
[DEBUG] 2017-07-05 17:47:57,572 method:org.apache.http.client.protocol.RequestAuthCache.process(RequestAuthCache.java:77)
Auth cache not set in the context
[DEBUG] 2017-07-05 17:47:57,573 method:org.apache.http.impl.conn.PoolingHttpClientConnectionManager.requestConnection(PoolingHttpClientConnectionManager.java:255)
Connection request: [route: {}->http://localhost:5726][total kept alive: 0; route allocated: 0 of 2000; total allocated: 0 of 2000]
[DEBUG] 2017-07-05 17:47:57,573 method:org.apache.http.impl.conn.PoolingHttpClientConnectionManager.leaseConnection(PoolingHttpClientConnectionManager.java:288)
Connection leased: [id: 50][route: {}->http://localhost:5726][total kept alive: 0; route allocated: 1 of 2000; total allocated: 1 of 2000]
[DEBUG] 2017-07-05 17:47:57,573 method:org.apache.http.impl.execchain.MainClientExec.execute(MainClientExec.java:235)
Opening connection {}->http://localhost:5726
[DEBUG] 2017-07-05 17:47:57,574 method:org.apache.http.impl.conn.DefaultHttpClientConnectionOperator.connect(DefaultHttpClientConnectionOperator.java:139)
Connecting to localhost/127.0.0.1:5726
[DEBUG] 2017-07-05 17:47:57,575 method:org.apache.http.impl.conn.DefaultHttpClientConnectionOperator.connect(DefaultHttpClientConnectionOperator.java:146)
Connection established 127.0.0.1:63137<->127.0.0.1:5726
[DEBUG] 2017-07-05 17:47:57,576 method:org.apache.http.impl.conn.LoggingManagedHttpClientConnection.setSocketTimeout(LoggingManagedHttpClientConnection.java:88)
http-outgoing-50: set socket timeout to 10800000
[DEBUG] 2017-07-05 17:47:57,576 method:org.apache.http.impl.execchain.MainClientExec.execute(MainClientExec.java:256)
Executing request POST /session/e397bb8b4943a2405e3c8c0263ada937/elements HTTP/1.1
[DEBUG] 2017-07-05 17:47:57,576 method:org.apache.http.impl.execchain.MainClientExec.execute(MainClientExec.java:261)
Target auth state: UNCHALLENGED
[DEBUG] 2017-07-05 17:47:57,577 method:org.apache.http.impl.execchain.MainClientExec.execute(MainClientExec.java:267)
Proxy auth state: UNCHALLENGED
[DEBUG] 2017-07-05 17:47:57,577 method:org.apache.http.impl.conn.LoggingManagedHttpClientConnection.onRequestSubmitted(LoggingManagedHttpClientConnection.java:133)
http-outgoing-50 >> POST /session/e397bb8b4943a2405e3c8c0263ada937/elements HTTP/1.1
[DEBUG] 2017-07-05 17:47:57,577 method:org.apache.http.impl.conn.LoggingManagedHttpClientConnection.onRequestSubmitted(LoggingManagedHttpClientConnection.java:136)
http-outgoing-50 >> Content-Type: application/json; charset=utf-8
[DEBUG] 2017-07-05 17:47:57,577 method:org.apache.http.impl.conn.LoggingManagedHttpClientConnection.onRequestSubmitted(LoggingManagedHttpClientConnection.java:136)
http-outgoing-50 >> Content-Length: 79
[DEBUG] 2017-07-05 17:47:57,578 method:org.apache.http.impl.conn.LoggingManagedHttpClientConnection.onRequestSubmitted(LoggingManagedHttpClientConnection.java:136)
http-outgoing-50 >> Host: localhost:5726
[DEBUG] 2017-07-05 17:47:57,578 method:org.apache.http.impl.conn.LoggingManagedHttpClientConnection.onRequestSubmitted(LoggingManagedHttpClientConnection.java:136)
http-outgoing-50 >> Connection: Keep-Alive
[DEBUG] 2017-07-05 17:47:57,578 method:org.apache.http.impl.conn.LoggingManagedHttpClientConnection.onRequestSubmitted(LoggingManagedHttpClientConnection.java:136)
http-outgoing-50 >> User-Agent: Apache-HttpClient/4.5.3 (Java/1.8.0_111)
[DEBUG] 2017-07-05 17:47:57,579 method:org.apache.http.impl.conn.LoggingManagedHttpClientConnection.onRequestSubmitted(LoggingManagedHttpClientConnection.java:136)
http-outgoing-50 >> Accept-Encoding: gzip,deflate
[DEBUG] 2017-07-05 17:47:57,579 method:org.apache.http.impl.conn.Wire.wire(Wire.java:73)
http-outgoing-50 >> "POST /session/e397bb8b4943a2405e3c8c0263ada937/elements HTTP/1.1[\r][\n]"
[DEBUG] 2017-07-05 17:47:57,579 method:org.apache.http.impl.conn.Wire.wire(Wire.java:73)
http-outgoing-50 >> "Content-Type: application/json; charset=utf-8[\r][\n]"
[DEBUG] 2017-07-05 17:47:57,580 method:org.apache.http.impl.conn.Wire.wire(Wire.java:73)
http-outgoing-50 >> "Content-Length: 79[\r][\n]"
[DEBUG] 2017-07-05 17:47:57,580 method:org.apache.http.impl.conn.Wire.wire(Wire.java:73)
http-outgoing-50 >> "Host: localhost:5726[\r][\n]"
[DEBUG] 2017-07-05 17:47:57,580 method:org.apache.http.impl.conn.Wire.wire(Wire.java:73)
http-outgoing-50 >> "Connection: Keep-Alive[\r][\n]"
[DEBUG] 2017-07-05 17:47:57,581 method:org.apache.http.impl.conn.Wire.wire(Wire.java:73)
http-outgoing-50 >> "User-Agent: Apache-HttpClient/4.5.3 (Java/1.8.0_111)[\r][\n]"
[DEBUG] 2017-07-05 17:47:57,581 method:org.apache.http.impl.conn.Wire.wire(Wire.java:73)
http-outgoing-50 >> "Accept-Encoding: gzip,deflate[\r][\n]"
[DEBUG] 2017-07-05 17:47:57,581 method:org.apache.http.impl.conn.Wire.wire(Wire.java:73)
http-outgoing-50 >> "[\r][\n]"
[DEBUG] 2017-07-05 17:47:57,582 method:org.apache.http.impl.conn.Wire.wire(Wire.java:87)
http-outgoing-50 >> "{"using":"xpath","value":"//*[@id=\"personInformation\"]/div[2]/div[1]/p[5]/a"}"
[DEBUG] 2017-07-05 17:47:57,603 method:org.apache.http.impl.conn.Wire.wire(Wire.java:73)
http-outgoing-50 << "HTTP/1.1 200 OK[\r][\n]"
[DEBUG] 2017-07-05 17:47:57,603 method:org.apache.http.impl.conn.Wire.wire(Wire.java:73)
http-outgoing-50 << "Content-Length:105[\r][\n]"
[DEBUG] 2017-07-05 17:47:57,604 method:org.apache.http.impl.conn.Wire.wire(Wire.java:73)
http-outgoing-50 << "Content-Type:application/json; charset=utf-8[\r][\n]"
[DEBUG] 2017-07-05 17:47:57,604 method:org.apache.http.impl.conn.Wire.wire(Wire.java:73)
http-outgoing-50 << "Connection:close[\r][\n]"
[DEBUG] 2017-07-05 17:47:57,604 method:org.apache.http.impl.conn.Wire.wire(Wire.java:73)
http-outgoing-50 << "[\r][\n]"
[DEBUG] 2017-07-05 17:47:57,604 method:org.apache.http.impl.conn.Wire.wire(Wire.java:87)
http-outgoing-50 << "{"sessionId":"e397bb8b4943a2405e3c8c0263ada937","status":0,"value":[{"ELEMENT":"0.17472881585222777-3"}]}"
[DEBUG] 2017-07-05 17:47:57,604 method:org.apache.http.impl.conn.LoggingManagedHttpClientConnection.onResponseReceived(LoggingManagedHttpClientConnection.java:122)
http-outgoing-50 << HTTP/1.1 200 OK
[DEBUG] 2017-07-05 17:47:57,604 method:org.apache.http.impl.conn.LoggingManagedHttpClientConnection.onResponseReceived(LoggingManagedHttpClientConnection.java:125)
http-outgoing-50 << Content-Length:105
[DEBUG] 2017-07-05 17:47:57,604 method:org.apache.http.impl.conn.LoggingManagedHttpClientConnection.onResponseReceived(LoggingManagedHttpClientConnection.java:125)
http-outgoing-50 << Content-Type:application/json; charset=utf-8
[DEBUG] 2017-07-05 17:47:57,605 method:org.apache.http.impl.conn.LoggingManagedHttpClientConnection.onResponseReceived(LoggingManagedHttpClientConnection.java:125)
http-outgoing-50 << Connection:close
[DEBUG] 2017-07-05 17:47:57,605 method:org.apache.http.impl.conn.LoggingManagedHttpClientConnection.close(LoggingManagedHttpClientConnection.java:79)
http-outgoing-50: Close connection
[DEBUG] 2017-07-05 17:47:57,605 method:org.apache.http.impl.execchain.ConnectionHolder.releaseConnection(ConnectionHolder.java:104)
Connection discarded
[DEBUG] 2017-07-05 17:47:57,605 method:org.apache.http.impl.conn.PoolingHttpClientConnectionManager.releaseConnection(PoolingHttpClientConnectionManager.java:326)
Connection released: [id: 50][route: {}->http://localhost:5726][total kept alive: 0; route allocated: 0 of 2000; total allocated: 0 of 2000]
[DEBUG] 2017-07-05 17:47:58,407 method:org.apache.http.client.protocol.RequestAddCookies.process(RequestAddCookies.java:123)
CookieSpec selected: default
[DEBUG] 2017-07-05 17:47:58,408 method:org.apache.http.client.protocol.RequestAuthCache.process(RequestAuthCache.java:77)
Auth cache not set in the context
[DEBUG] 2017-07-05 17:47:58,408 method:org.apache.http.impl.conn.PoolingHttpClientConnectionManager.requestConnection(PoolingHttpClientConnectionManager.java:255)
Connection request: [route: {}->http://localhost:5726][total kept alive: 0; route allocated: 0 of 2000; total allocated: 0 of 2000]
[DEBUG] 2017-07-05 17:47:58,408 method:org.apache.http.impl.conn.PoolingHttpClientConnectionManager.leaseConnection(PoolingHttpClientConnectionManager.java:288)
Connection leased: [id: 51][route: {}->http://localhost:5726][total kept alive: 0; route allocated: 1 of 2000; total allocated: 1 of 2000]
[DEBUG] 2017-07-05 17:47:58,409 method:org.apache.http.impl.execchain.MainClientExec.execute(MainClientExec.java:235)
Opening connection {}->http://localhost:5726
[DEBUG] 2017-07-05 17:47:58,409 method:org.apache.http.impl.conn.DefaultHttpClientConnectionOperator.connect(DefaultHttpClientConnectionOperator.java:139)
Connecting to localhost/127.0.0.1:5726
[DEBUG] 2017-07-05 17:47:58,410 method:org.apache.http.impl.conn.DefaultHttpClientConnectionOperator.connect(DefaultHttpClientConnectionOperator.java:146)
Connection established 127.0.0.1:63138<->127.0.0.1:5726
[DEBUG] 2017-07-05 17:47:58,411 method:org.apache.http.impl.conn.LoggingManagedHttpClientConnection.setSocketTimeout(LoggingManagedHttpClientConnection.java:88)
http-outgoing-51: set socket timeout to 10800000
[DEBUG] 2017-07-05 17:47:58,411 method:org.apache.http.impl.execchain.MainClientExec.execute(MainClientExec.java:256)
Executing request POST /session/e397bb8b4943a2405e3c8c0263ada937/element HTTP/1.1
[DEBUG] 2017-07-05 17:47:58,411 method:org.apache.http.impl.execchain.MainClientExec.execute(MainClientExec.java:261)
Target auth state: UNCHALLENGED
[DEBUG] 2017-07-05 17:47:58,411 method:org.apache.http.impl.execchain.MainClientExec.execute(MainClientExec.java:267)
Proxy auth state: UNCHALLENGED
[DEBUG] 2017-07-05 17:47:58,412 method:org.apache.http.impl.conn.LoggingManagedHttpClientConnection.onRequestSubmitted(LoggingManagedHttpClientConnection.java:133)
http-outgoing-51 >> POST /session/e397bb8b4943a2405e3c8c0263ada937/element HTTP/1.1
[DEBUG] 2017-07-05 17:47:58,412 method:org.apache.http.impl.conn.LoggingManagedHttpClientConnection.onRequestSubmitted(LoggingManagedHttpClientConnection.java:136)
http-outgoing-51 >> Content-Type: application/json; charset=utf-8
[DEBUG] 2017-07-05 17:47:58,412 method:org.apache.http.impl.conn.LoggingManagedHttpClientConnection.onRequestSubmitted(LoggingManagedHttpClientConnection.java:136)
http-outgoing-51 >> Content-Length: 79
[DEBUG] 2017-07-05 17:47:58,412 method:org.apache.http.impl.conn.LoggingManagedHttpClientConnection.onRequestSubmitted(LoggingManagedHttpClientConnection.java:136)
http-outgoing-51 >> Host: localhost:5726
[DEBUG] 2017-07-05 17:47:58,413 method:org.apache.http.impl.conn.LoggingManagedHttpClientConnection.onRequestSubmitted(LoggingManagedHttpClientConnection.java:136)
http-outgoing-51 >> Connection: Keep-Alive
[DEBUG] 2017-07-05 17:47:58,413 method:org.apache.http.impl.conn.LoggingManagedHttpClientConnection.onRequestSubmitted(LoggingManagedHttpClientConnection.java:136)
http-outgoing-51 >> User-Agent: Apache-HttpClient/4.5.3 (Java/1.8.0_111)
[DEBUG] 2017-07-05 17:47:58,413 method:org.apache.http.impl.conn.LoggingManagedHttpClientConnection.onRequestSubmitted(LoggingManagedHttpClientConnection.java:136)
http-outgoing-51 >> Accept-Encoding: gzip,deflate
[DEBUG] 2017-07-05 17:47:58,414 method:org.apache.http.impl.conn.Wire.wire(Wire.java:73)
http-outgoing-51 >> "POST /session/e397bb8b4943a2405e3c8c0263ada937/element HTTP/1.1[\r][\n]"
[DEBUG] 2017-07-05 17:47:58,414 method:org.apache.http.impl.conn.Wire.wire(Wire.java:73)
http-outgoing-51 >> "Content-Type: application/json; charset=utf-8[\r][\n]"
[DEBUG] 2017-07-05 17:47:58,414 method:org.apache.http.impl.conn.Wire.wire(Wire.java:73)
http-outgoing-51 >> "Content-Length: 79[\r][\n]"
[DEBUG] 2017-07-05 17:47:58,414 method:org.apache.http.impl.conn.Wire.wire(Wire.java:73)
http-outgoing-51 >> "Host: localhost:5726[\r][\n]"
[DEBUG] 2017-07-05 17:47:58,415 method:org.apache.http.impl.conn.Wire.wire(Wire.java:73)
http-outgoing-51 >> "Connection: Keep-Alive[\r][\n]"
[DEBUG] 2017-07-05 17:47:58,415 method:org.apache.http.impl.conn.Wire.wire(Wire.java:73)
http-outgoing-51 >> "User-Agent: Apache-HttpClient/4.5.3 (Java/1.8.0_111)[\r][\n]"
[DEBUG] 2017-07-05 17:47:58,415 method:org.apache.http.impl.conn.Wire.wire(Wire.java:73)
http-outgoing-51 >> "Accept-Encoding: gzip,deflate[\r][\n]"
[DEBUG] 2017-07-05 17:47:58,416 method:org.apache.http.impl.conn.Wire.wire(Wire.java:73)
http-outgoing-51 >> "[\r][\n]"
[DEBUG] 2017-07-05 17:47:58,416 method:org.apache.http.impl.conn.Wire.wire(Wire.java:87)
http-outgoing-51 >> "{"using":"xpath","value":"//*[@id=\"personInformation\"]/div[2]/div[1]/p[5]/a"}"
[DEBUG] 2017-07-05 17:47:58,450 method:org.apache.http.impl.conn.Wire.wire(Wire.java:73)
http-outgoing-51 << "HTTP/1.1 200 OK[\r][\n]"
[DEBUG] 2017-07-05 17:47:58,450 method:org.apache.http.impl.conn.Wire.wire(Wire.java:73)
http-outgoing-51 << "Content-Length:103[\r][\n]"
[DEBUG] 2017-07-05 17:47:58,451 method:org.apache.http.impl.conn.Wire.wire(Wire.java:73)
http-outgoing-51 << "Content-Type:application/json; charset=utf-8[\r][\n]"
[DEBUG] 2017-07-05 17:47:58,451 method:org.apache.http.impl.conn.Wire.wire(Wire.java:73)
http-outgoing-51 << "Connection:close[\r][\n]"
[DEBUG] 2017-07-05 17:47:58,451 method:org.apache.http.impl.conn.Wire.wire(Wire.java:73)
http-outgoing-51 << "[\r][\n]"
[DEBUG] 2017-07-05 17:47:58,451 method:org.apache.http.impl.conn.Wire.wire(Wire.java:87)
http-outgoing-51 << "{"sessionId":"e397bb8b4943a2405e3c8c0263ada937","status":0,"value":{"ELEMENT":"0.17472881585222777-3"}}"
[DEBUG] 2017-07-05 17:47:58,451 method:org.apache.http.impl.conn.LoggingManagedHttpClientConnection.onResponseReceived(LoggingManagedHttpClientConnection.java:122)
http-outgoing-51 << HTTP/1.1 200 OK
[DEBUG] 2017-07-05 17:47:58,451 method:org.apache.http.impl.conn.LoggingManagedHttpClientConnection.onResponseReceived(LoggingManagedHttpClientConnection.java:125)
http-outgoing-51 << Content-Length:103
[DEBUG] 2017-07-05 17:47:58,451 method:org.apache.http.impl.conn.LoggingManagedHttpClientConnection.onResponseReceived(LoggingManagedHttpClientConnection.java:125)
http-outgoing-51 << Content-Type:application/json; charset=utf-8
[DEBUG] 2017-07-05 17:47:58,452 method:org.apache.http.impl.conn.LoggingManagedHttpClientConnection.onResponseReceived(LoggingManagedHttpClientConnection.java:125)
http-outgoing-51 << Connection:close
[DEBUG] 2017-07-05 17:47:58,452 method:org.apache.http.impl.conn.LoggingManagedHttpClientConnection.close(LoggingManagedHttpClientConnection.java:79)
http-outgoing-51: Close connection
[DEBUG] 2017-07-05 17:47:58,452 method:org.apache.http.impl.execchain.ConnectionHolder.releaseConnection(ConnectionHolder.java:104)
Connection discarded
[DEBUG] 2017-07-05 17:47:58,452 method:org.apache.http.impl.conn.PoolingHttpClientConnectionManager.releaseConnection(PoolingHttpClientConnectionManager.java:326)
Connection released: [id: 51][route: {}->http://localhost:5726][total kept alive: 0; route allocated: 0 of 2000; total allocated: 0 of 2000]
[DEBUG] 2017-07-05 17:47:58,454 method:org.apache.http.client.protocol.RequestAddCookies.process(RequestAddCookies.java:123)
CookieSpec selected: default
[DEBUG] 2017-07-05 17:47:58,454 method:org.apache.http.client.protocol.RequestAuthCache.process(RequestAuthCache.java:77)
Auth cache not set in the context
[DEBUG] 2017-07-05 17:47:58,454 method:org.apache.http.impl.conn.PoolingHttpClientConnectionManager.requestConnection(PoolingHttpClientConnectionManager.java:255)
Connection request: [route: {}->http://localhost:5726][total kept alive: 0; route allocated: 0 of 2000; total allocated: 0 of 2000]
[DEBUG] 2017-07-05 17:47:58,454 method:org.apache.http.impl.conn.PoolingHttpClientConnectionManager.leaseConnection(PoolingHttpClientConnectionManager.java:288)
Connection leased: [id: 52][route: {}->http://localhost:5726][total kept alive: 0; route allocated: 1 of 2000; total allocated: 1 of 2000]
[DEBUG] 2017-07-05 17:47:58,454 method:org.apache.http.impl.execchain.MainClientExec.execute(MainClientExec.java:235)
Opening connection {}->http://localhost:5726
[DEBUG] 2017-07-05 17:47:58,455 method:org.apache.http.impl.conn.DefaultHttpClientConnectionOperator.connect(DefaultHttpClientConnectionOperator.java:139)
Connecting to localhost/127.0.0.1:5726
[DEBUG] 2017-07-05 17:47:58,455 method:org.apache.http.impl.conn.DefaultHttpClientConnectionOperator.connect(DefaultHttpClientConnectionOperator.java:146)
Connection established 127.0.0.1:63139<->127.0.0.1:5726
[DEBUG] 2017-07-05 17:47:58,455 method:org.apache.http.impl.conn.LoggingManagedHttpClientConnection.setSocketTimeout(LoggingManagedHttpClientConnection.java:88)
http-outgoing-52: set socket timeout to 10800000
[DEBUG] 2017-07-05 17:47:58,456 method:org.apache.http.impl.execchain.MainClientExec.execute(MainClientExec.java:256)
Executing request POST /session/e397bb8b4943a2405e3c8c0263ada937/element/0.17472881585222777-3/click HTTP/1.1
[DEBUG] 2017-07-05 17:47:58,456 method:org.apache.http.impl.execchain.MainClientExec.execute(MainClientExec.java:261)
Target auth state: UNCHALLENGED
[DEBUG] 2017-07-05 17:47:58,456 method:org.apache.http.impl.execchain.MainClientExec.execute(MainClientExec.java:267)
Proxy auth state: UNCHALLENGED
[DEBUG] 2017-07-05 17:47:58,456 method:org.apache.http.impl.conn.LoggingManagedHttpClientConnection.onRequestSubmitted(LoggingManagedHttpClientConnection.java:133)
http-outgoing-52 >> POST /session/e397bb8b4943a2405e3c8c0263ada937/element/0.17472881585222777-3/click HTTP/1.1
[DEBUG] 2017-07-05 17:47:58,456 method:org.apache.http.impl.conn.LoggingManagedHttpClientConnection.onRequestSubmitted(LoggingManagedHttpClientConnection.java:136)
http-outgoing-52 >> Content-Type: application/json; charset=utf-8
[DEBUG] 2017-07-05 17:47:58,456 method:org.apache.http.impl.conn.LoggingManagedHttpClientConnection.onRequestSubmitted(LoggingManagedHttpClientConnection.java:136)
http-outgoing-52 >> Content-Length: 30
[DEBUG] 2017-07-05 17:47:58,456 method:org.apache.http.impl.conn.LoggingManagedHttpClientConnection.onRequestSubmitted(LoggingManagedHttpClientConnection.java:136)
http-outgoing-52 >> Host: localhost:5726
[DEBUG] 2017-07-05 17:47:58,456 method:org.apache.http.impl.conn.LoggingManagedHttpClientConnection.onRequestSubmitted(LoggingManagedHttpClientConnection.java:136)
http-outgoing-52 >> Connection: Keep-Alive
[DEBUG] 2017-07-05 17:47:58,457 method:org.apache.http.impl.conn.LoggingManagedHttpClientConnection.onRequestSubmitted(LoggingManagedHttpClientConnection.java:136)
http-outgoing-52 >> User-Agent: Apache-HttpClient/4.5.3 (Java/1.8.0_111)
[DEBUG] 2017-07-05 17:47:58,457 method:org.apache.http.impl.conn.LoggingManagedHttpClientConnection.onRequestSubmitted(LoggingManagedHttpClientConnection.java:136)
http-outgoing-52 >> Accept-Encoding: gzip,deflate
[DEBUG] 2017-07-05 17:47:58,457 method:org.apache.http.impl.conn.Wire.wire(Wire.java:73)
http-outgoing-52 >> "POST /session/e397bb8b4943a2405e3c8c0263ada937/element/0.17472881585222777-3/click HTTP/1.1[\r][\n]"
[DEBUG] 2017-07-05 17:47:58,457 method:org.apache.http.impl.conn.Wire.wire(Wire.java:73)
http-outgoing-52 >> "Content-Type: application/json; charset=utf-8[\r][\n]"
[DEBUG] 2017-07-05 17:47:58,457 method:org.apache.http.impl.conn.Wire.wire(Wire.java:73)
http-outgoing-52 >> "Content-Length: 30[\r][\n]"
[DEBUG] 2017-07-05 17:47:58,457 method:org.apache.http.impl.conn.Wire.wire(Wire.java:73)
http-outgoing-52 >> "Host: localhost:5726[\r][\n]"
[DEBUG] 2017-07-05 17:47:58,457 method:org.apache.http.impl.conn.Wire.wire(Wire.java:73)
http-outgoing-52 >> "Connection: Keep-Alive[\r][\n]"
[DEBUG] 2017-07-05 17:47:58,457 method:org.apache.http.impl.conn.Wire.wire(Wire.java:73)
http-outgoing-52 >> "User-Agent: Apache-HttpClient/4.5.3 (Java/1.8.0_111)[\r][\n]"
[DEBUG] 2017-07-05 17:47:58,457 method:org.apache.http.impl.conn.Wire.wire(Wire.java:73)
http-outgoing-52 >> "Accept-Encoding: gzip,deflate[\r][\n]"
[DEBUG] 2017-07-05 17:47:58,458 method:org.apache.http.impl.conn.Wire.wire(Wire.java:73)
http-outgoing-52 >> "[\r][\n]"
[DEBUG] 2017-07-05 17:47:58,458 method:org.apache.http.impl.conn.Wire.wire(Wire.java:87)
http-outgoing-52 >> "{"id":"0.17472881585222777-3"}"
[DEBUG] 2017-07-05 17:47:58,510 method:org.apache.http.impl.conn.Wire.wire(Wire.java:73)
http-outgoing-52 << "HTTP/1.1 200 OK[\r][\n]"
[DEBUG] 2017-07-05 17:47:58,510 method:org.apache.http.impl.conn.Wire.wire(Wire.java:73)
http-outgoing-52 << "Content-Length:72[\r][\n]"
[DEBUG] 2017-07-05 17:47:58,510 method:org.apache.http.impl.conn.Wire.wire(Wire.java:73)
http-outgoing-52 << "Content-Type:application/json; charset=utf-8[\r][\n]"
[DEBUG] 2017-07-05 17:47:58,510 method:org.apache.http.impl.conn.Wire.wire(Wire.java:73)
http-outgoing-52 << "Connection:close[\r][\n]"
[DEBUG] 2017-07-05 17:47:58,511 method:org.apache.http.impl.conn.Wire.wire(Wire.java:73)
http-outgoing-52 << "[\r][\n]"
[DEBUG] 2017-07-05 17:47:58,511 method:org.apache.http.impl.conn.Wire.wire(Wire.java:87)
http-outgoing-52 << "{"sessionId":"e397bb8b4943a2405e3c8c0263ada937","status":0,"value":null}"
[DEBUG] 2017-07-05 17:47:58,511 method:org.apache.http.impl.conn.LoggingManagedHttpClientConnection.onResponseReceived(LoggingManagedHttpClientConnection.java:122)
http-outgoing-52 << HTTP/1.1 200 OK
[DEBUG] 2017-07-05 17:47:58,511 method:org.apache.http.impl.conn.LoggingManagedHttpClientConnection.onResponseReceived(LoggingManagedHttpClientConnection.java:125)
http-outgoing-52 << Content-Length:72
[DEBUG] 2017-07-05 17:47:58,511 method:org.apache.http.impl.conn.LoggingManagedHttpClientConnection.onResponseReceived(LoggingManagedHttpClientConnection.java:125)
http-outgoing-52 << Content-Type:application/json; charset=utf-8
[DEBUG] 2017-07-05 17:47:58,511 method:org.apache.http.impl.conn.LoggingManagedHttpClientConnection.onResponseReceived(LoggingManagedHttpClientConnection.java:125)
http-outgoing-52 << Connection:close
[DEBUG] 2017-07-05 17:47:58,511 method:org.apache.http.impl.conn.LoggingManagedHttpClientConnection.close(LoggingManagedHttpClientConnection.java:79)
http-outgoing-52: Close connection
[DEBUG] 2017-07-05 17:47:58,512 method:org.apache.http.impl.execchain.ConnectionHolder.releaseConnection(ConnectionHolder.java:104)
Connection discarded
[DEBUG] 2017-07-05 17:47:58,512 method:org.apache.http.impl.conn.PoolingHttpClientConnectionManager.releaseConnection(PoolingHttpClientConnectionManager.java:326)
Connection released: [id: 52][route: {}->http://localhost:5726][total kept alive: 0; route allocated: 0 of 2000; total allocated: 0 of 2000]
点击了==//*[@id="personInformation"]/div[2]/div[1]/p[5]/a
[DEBUG] 2017-07-05 17:47:59,514 method:org.apache.http.client.protocol.RequestAddCookies.process(RequestAddCookies.java:123)
CookieSpec selected: default
[DEBUG] 2017-07-05 17:47:59,515 method:org.apache.http.client.protocol.RequestAuthCache.process(RequestAuthCache.java:77)
Auth cache not set in the context
[DEBUG] 2017-07-05 17:47:59,515 method:org.apache.http.impl.conn.PoolingHttpClientConnectionManager.requestConnection(PoolingHttpClientConnectionManager.java:255)
Connection request: [route: {}->http://localhost:5726][total kept alive: 0; route allocated: 0 of 2000; total allocated: 0 of 2000]
[DEBUG] 2017-07-05 17:47:59,515 method:org.apache.http.impl.conn.PoolingHttpClientConnectionManager.leaseConnection(PoolingHttpClientConnectionManager.java:288)
Connection leased: [id: 53][route: {}->http://localhost:5726][total kept alive: 0; route allocated: 1 of 2000; total allocated: 1 of 2000]
[DEBUG] 2017-07-05 17:47:59,515 method:org.apache.http.impl.execchain.MainClientExec.execute(MainClientExec.java:235)
Opening connection {}->http://localhost:5726
[DEBUG] 2017-07-05 17:47:59,515 method:org.apache.http.impl.conn.DefaultHttpClientConnectionOperator.connect(DefaultHttpClientConnectionOperator.java:139)
Connecting to localhost/127.0.0.1:5726
[DEBUG] 2017-07-05 17:47:59,516 method:org.apache.http.impl.conn.DefaultHttpClientConnectionOperator.connect(DefaultHttpClientConnectionOperator.java:146)
Connection established 127.0.0.1:63141<->127.0.0.1:5726
[DEBUG] 2017-07-05 17:47:59,516 method:org.apache.http.impl.conn.LoggingManagedHttpClientConnection.setSocketTimeout(LoggingManagedHttpClientConnection.java:88)
http-outgoing-53: set socket timeout to 10800000
[DEBUG] 2017-07-05 17:47:59,516 method:org.apache.http.impl.execchain.MainClientExec.execute(MainClientExec.java:256)
Executing request POST /session/e397bb8b4943a2405e3c8c0263ada937/elements HTTP/1.1
[DEBUG] 2017-07-05 17:47:59,517 method:org.apache.http.impl.execchain.MainClientExec.execute(MainClientExec.java:261)
Target auth state: UNCHALLENGED
[DEBUG] 2017-07-05 17:47:59,517 method:org.apache.http.impl.execchain.MainClientExec.execute(MainClientExec.java:267)
Proxy auth state: UNCHALLENGED
[DEBUG] 2017-07-05 17:47:59,517 method:org.apache.http.impl.conn.LoggingManagedHttpClientConnection.onRequestSubmitted(LoggingManagedHttpClientConnection.java:133)
http-outgoing-53 >> POST /session/e397bb8b4943a2405e3c8c0263ada937/elements HTTP/1.1
[DEBUG] 2017-07-05 17:47:59,517 method:org.apache.http.impl.conn.LoggingManagedHttpClientConnection.onRequestSubmitted(LoggingManagedHttpClientConnection.java:136)
http-outgoing-53 >> Content-Type: application/json; charset=utf-8
[DEBUG] 2017-07-05 17:47:59,517 method:org.apache.http.impl.conn.LoggingManagedHttpClientConnection.onRequestSubmitted(LoggingManagedHttpClientConnection.java:136)
http-outgoing-53 >> Content-Length: 135
[DEBUG] 2017-07-05 17:47:59,517 method:org.apache.http.impl.conn.LoggingManagedHttpClientConnection.onRequestSubmitted(LoggingManagedHttpClientConnection.java:136)
http-outgoing-53 >> Host: localhost:5726
[DEBUG] 2017-07-05 17:47:59,517 method:org.apache.http.impl.conn.LoggingManagedHttpClientConnection.onRequestSubmitted(LoggingManagedHttpClientConnection.java:136)
http-outgoing-53 >> Connection: Keep-Alive
[DEBUG] 2017-07-05 17:47:59,517 method:org.apache.http.impl.conn.LoggingManagedHttpClientConnection.onRequestSubmitted(LoggingManagedHttpClientConnection.java:136)
http-outgoing-53 >> User-Agent: Apache-HttpClient/4.5.3 (Java/1.8.0_111)
[DEBUG] 2017-07-05 17:47:59,517 method:org.apache.http.impl.conn.LoggingManagedHttpClientConnection.onRequestSubmitted(LoggingManagedHttpClientConnection.java:136)
http-outgoing-53 >> Accept-Encoding: gzip,deflate
[DEBUG] 2017-07-05 17:47:59,517 method:org.apache.http.impl.conn.Wire.wire(Wire.java:73)
http-outgoing-53 >> "POST /session/e397bb8b4943a2405e3c8c0263ada937/elements HTTP/1.1[\r][\n]"
[DEBUG] 2017-07-05 17:47:59,517 method:org.apache.http.impl.conn.Wire.wire(Wire.java:73)
http-outgoing-53 >> "Content-Type: application/json; charset=utf-8[\r][\n]"
[DEBUG] 2017-07-05 17:47:59,518 method:org.apache.http.impl.conn.Wire.wire(Wire.java:73)
http-outgoing-53 >> "Content-Length: 135[\r][\n]"
[DEBUG] 2017-07-05 17:47:59,518 method:org.apache.http.impl.conn.Wire.wire(Wire.java:73)
http-outgoing-53 >> "Host: localhost:5726[\r][\n]"
[DEBUG] 2017-07-05 17:47:59,518 method:org.apache.http.impl.conn.Wire.wire(Wire.java:73)
http-outgoing-53 >> "Connection: Keep-Alive[\r][\n]"
[DEBUG] 2017-07-05 17:47:59,518 method:org.apache.http.impl.conn.Wire.wire(Wire.java:73)
http-outgoing-53 >> "User-Agent: Apache-HttpClient/4.5.3 (Java/1.8.0_111)[\r][\n]"
[DEBUG] 2017-07-05 17:47:59,518 method:org.apache.http.impl.conn.Wire.wire(Wire.java:73)
http-outgoing-53 >> "Accept-Encoding: gzip,deflate[\r][\n]"
[DEBUG] 2017-07-05 17:47:59,518 method:org.apache.http.impl.conn.Wire.wire(Wire.java:73)
http-outgoing-53 >> "[\r][\n]"
[DEBUG] 2017-07-05 17:47:59,518 method:org.apache.http.impl.conn.Wire.wire(Wire.java:87)
http-outgoing-53 >> "{"using":"css selector","value":"frame[name='lfwiseopertest02\\.hwcloudtest\\.cn'],iframe[name='lfwiseopertest02\\.hwcloudtest\\.cn']"}"
[DEBUG] 2017-07-05 17:47:59,736 method:org.apache.http.impl.conn.Wire.wire(Wire.java:73)
http-outgoing-53 << "HTTP/1.1 200 OK[\r][\n]"
[DEBUG] 2017-07-05 17:47:59,736 method:org.apache.http.impl.conn.Wire.wire(Wire.java:73)
http-outgoing-53 << "Content-Length:105[\r][\n]"
[DEBUG] 2017-07-05 17:47:59,736 method:org.apache.http.impl.conn.Wire.wire(Wire.java:73)
http-outgoing-53 << "Content-Type:application/json; charset=utf-8[\r][\n]"
[DEBUG] 2017-07-05 17:47:59,736 method:org.apache.http.impl.conn.Wire.wire(Wire.java:73)
http-outgoing-53 << "Connection:close[\r][\n]"
[DEBUG] 2017-07-05 17:47:59,736 method:org.apache.http.impl.conn.Wire.wire(Wire.java:73)
http-outgoing-53 << "[\r][\n]"
[DEBUG] 2017-07-05 17:47:59,736 method:org.apache.http.impl.conn.Wire.wire(Wire.java:87)
http-outgoing-53 << "{"sessionId":"e397bb8b4943a2405e3c8c0263ada937","status":0,"value":[{"ELEMENT":"0.17472881585222777-4"}]}"
[DEBUG] 2017-07-05 17:47:59,736 method:org.apache.http.impl.conn.LoggingManagedHttpClientConnection.onResponseReceived(LoggingManagedHttpClientConnection.java:122)
http-outgoing-53 << HTTP/1.1 200 OK
[DEBUG] 2017-07-05 17:47:59,737 method:org.apache.http.impl.conn.LoggingManagedHttpClientConnection.onResponseReceived(LoggingManagedHttpClientConnection.java:125)
http-outgoing-53 << Content-Length:105
[DEBUG] 2017-07-05 17:47:59,737 method:org.apache.http.impl.conn.LoggingManagedHttpClientConnection.onResponseReceived(LoggingManagedHttpClientConnection.java:125)
http-outgoing-53 << Content-Type:application/json; charset=utf-8
[DEBUG] 2017-07-05 17:47:59,737 method:org.apache.http.impl.conn.LoggingManagedHttpClientConnection.onResponseReceived(LoggingManagedHttpClientConnection.java:125)
http-outgoing-53 << Connection:close
[DEBUG] 2017-07-05 17:47:59,737 method:org.apache.http.impl.conn.LoggingManagedHttpClientConnection.close(LoggingManagedHttpClientConnection.java:79)
http-outgoing-53: Close connection
[DEBUG] 2017-07-05 17:47:59,737 method:org.apache.http.impl.execchain.ConnectionHolder.releaseConnection(ConnectionHolder.java:104)
Connection discarded
[DEBUG] 2017-07-05 17:47:59,738 method:org.apache.http.impl.conn.PoolingHttpClientConnectionManager.releaseConnection(PoolingHttpClientConnectionManager.java:326)
Connection released: [id: 53][route: {}->http://localhost:5726][total kept alive: 0; route allocated: 0 of 2000; total allocated: 0 of 2000]
[DEBUG] 2017-07-05 17:47:59,741 method:org.apache.http.client.protocol.RequestAddCookies.process(RequestAddCookies.java:123)
CookieSpec selected: default
[DEBUG] 2017-07-05 17:47:59,741 method:org.apache.http.client.protocol.RequestAuthCache.process(RequestAuthCache.java:77)
Auth cache not set in the context
[DEBUG] 2017-07-05 17:47:59,742 method:org.apache.http.impl.conn.PoolingHttpClientConnectionManager.requestConnection(PoolingHttpClientConnectionManager.java:255)
Connection request: [route: {}->http://localhost:5726][total kept alive: 0; route allocated: 0 of 2000; total allocated: 0 of 2000]
[DEBUG] 2017-07-05 17:47:59,742 method:org.apache.http.impl.conn.PoolingHttpClientConnectionManager.leaseConnection(PoolingHttpClientConnectionManager.java:288)
Connection leased: [id: 54][route: {}->http://localhost:5726][total kept alive: 0; route allocated: 1 of 2000; total allocated: 1 of 2000]
[DEBUG] 2017-07-05 17:47:59,742 method:org.apache.http.impl.execchain.MainClientExec.execute(MainClientExec.java:235)
Opening connection {}->http://localhost:5726
[DEBUG] 2017-07-05 17:47:59,742 method:org.apache.http.impl.conn.DefaultHttpClientConnectionOperator.connect(DefaultHttpClientConnectionOperator.java:139)
Connecting to localhost/127.0.0.1:5726
[DEBUG] 2017-07-05 17:47:59,743 method:org.apache.http.impl.conn.DefaultHttpClientConnectionOperator.connect(DefaultHttpClientConnectionOperator.java:146)
Connection established 127.0.0.1:63142<->127.0.0.1:5726
[DEBUG] 2017-07-05 17:47:59,743 method:org.apache.http.impl.conn.LoggingManagedHttpClientConnection.setSocketTimeout(LoggingManagedHttpClientConnection.java:88)
http-outgoing-54: set socket timeout to 10800000
[DEBUG] 2017-07-05 17:47:59,743 method:org.apache.http.impl.execchain.MainClientExec.execute(MainClientExec.java:256)
Executing request POST /session/e397bb8b4943a2405e3c8c0263ada937/frame HTTP/1.1
[DEBUG] 2017-07-05 17:47:59,743 method:org.apache.http.impl.execchain.MainClientExec.execute(MainClientExec.java:261)
Target auth state: UNCHALLENGED
[DEBUG] 2017-07-05 17:47:59,743 method:org.apache.http.impl.execchain.MainClientExec.execute(MainClientExec.java:267)
Proxy auth state: UNCHALLENGED
[DEBUG] 2017-07-05 17:47:59,743 method:org.apache.http.impl.conn.LoggingManagedHttpClientConnection.onRequestSubmitted(LoggingManagedHttpClientConnection.java:133)
http-outgoing-54 >> POST /session/e397bb8b4943a2405e3c8c0263ada937/frame HTTP/1.1
[DEBUG] 2017-07-05 17:47:59,743 method:org.apache.http.impl.conn.LoggingManagedHttpClientConnection.onRequestSubmitted(LoggingManagedHttpClientConnection.java:136)
http-outgoing-54 >> Content-Type: application/json; charset=utf-8
[DEBUG] 2017-07-05 17:47:59,744 method:org.apache.http.impl.conn.LoggingManagedHttpClientConnection.onRequestSubmitted(LoggingManagedHttpClientConnection.java:136)
http-outgoing-54 >> Content-Length: 104
[DEBUG] 2017-07-05 17:47:59,744 method:org.apache.http.impl.conn.LoggingManagedHttpClientConnection.onRequestSubmitted(LoggingManagedHttpClientConnection.java:136)
http-outgoing-54 >> Host: localhost:5726
[DEBUG] 2017-07-05 17:47:59,744 method:org.apache.http.impl.conn.LoggingManagedHttpClientConnection.onRequestSubmitted(LoggingManagedHttpClientConnection.java:136)
http-outgoing-54 >> Connection: Keep-Alive
[DEBUG] 2017-07-05 17:47:59,744 method:org.apache.http.impl.conn.LoggingManagedHttpClientConnection.onRequestSubmitted(LoggingManagedHttpClientConnection.java:136)
http-outgoing-54 >> User-Agent: Apache-HttpClient/4.5.3 (Java/1.8.0_111)
[DEBUG] 2017-07-05 17:47:59,744 method:org.apache.http.impl.conn.LoggingManagedHttpClientConnection.onRequestSubmitted(LoggingManagedHttpClientConnection.java:136)
http-outgoing-54 >> Accept-Encoding: gzip,deflate
[DEBUG] 2017-07-05 17:47:59,744 method:org.apache.http.impl.conn.Wire.wire(Wire.java:73)
http-outgoing-54 >> "POST /session/e397bb8b4943a2405e3c8c0263ada937/frame HTTP/1.1[\r][\n]"
[DEBUG] 2017-07-05 17:47:59,744 method:org.apache.http.impl.conn.Wire.wire(Wire.java:73)
http-outgoing-54 >> "Content-Type: application/json; charset=utf-8[\r][\n]"
[DEBUG] 2017-07-05 17:47:59,745 method:org.apache.http.impl.conn.Wire.wire(Wire.java:73)
http-outgoing-54 >> "Content-Length: 104[\r][\n]"
[DEBUG] 2017-07-05 17:47:59,745 method:org.apache.http.impl.conn.Wire.wire(Wire.java:73)
http-outgoing-54 >> "Host: localhost:5726[\r][\n]"
[DEBUG] 2017-07-05 17:47:59,745 method:org.apache.http.impl.conn.Wire.wire(Wire.java:73)
http-outgoing-54 >> "Connection: Keep-Alive[\r][\n]"
[DEBUG] 2017-07-05 17:47:59,745 method:org.apache.http.impl.conn.Wire.wire(Wire.java:73)
http-outgoing-54 >> "User-Agent: Apache-HttpClient/4.5.3 (Java/1.8.0_111)[\r][\n]"
[DEBUG] 2017-07-05 17:47:59,745 method:org.apache.http.impl.conn.Wire.wire(Wire.java:73)
http-outgoing-54 >> "Accept-Encoding: gzip,deflate[\r][\n]"
[DEBUG] 2017-07-05 17:47:59,745 method:org.apache.http.impl.conn.Wire.wire(Wire.java:73)
http-outgoing-54 >> "[\r][\n]"
[DEBUG] 2017-07-05 17:47:59,745 method:org.apache.http.impl.conn.Wire.wire(Wire.java:87)
http-outgoing-54 >> "{"id":{"ELEMENT":"0.17472881585222777-4","element-6066-11e4-a52e-4f735466cecf":"0.17472881585222777-4"}}"
[DEBUG] 2017-07-05 17:47:59,774 method:org.apache.http.impl.conn.Wire.wire(Wire.java:73)
http-outgoing-54 << "HTTP/1.1 200 OK[\r][\n]"
[DEBUG] 2017-07-05 17:47:59,774 method:org.apache.http.impl.conn.Wire.wire(Wire.java:73)
http-outgoing-54 << "Content-Length:72[\r][\n]"
[DEBUG] 2017-07-05 17:47:59,774 method:org.apache.http.impl.conn.Wire.wire(Wire.java:73)
http-outgoing-54 << "Content-Type:application/json; charset=utf-8[\r][\n]"
[DEBUG] 2017-07-05 17:47:59,774 method:org.apache.http.impl.conn.Wire.wire(Wire.java:73)
http-outgoing-54 << "Connection:close[\r][\n]"
[DEBUG] 2017-07-05 17:47:59,774 method:org.apache.http.impl.conn.Wire.wire(Wire.java:73)
http-outgoing-54 << "[\r][\n]"
[DEBUG] 2017-07-05 17:47:59,774 method:org.apache.http.impl.conn.Wire.wire(Wire.java:87)
http-outgoing-54 << "{"sessionId":"e397bb8b4943a2405e3c8c0263ada937","status":0,"value":null}"
[DEBUG] 2017-07-05 17:47:59,775 method:org.apache.http.impl.conn.LoggingManagedHttpClientConnection.onResponseReceived(LoggingManagedHttpClientConnection.java:122)
http-outgoing-54 << HTTP/1.1 200 OK
[DEBUG] 2017-07-05 17:47:59,775 method:org.apache.http.impl.conn.LoggingManagedHttpClientConnection.onResponseReceived(LoggingManagedHttpClientConnection.java:125)
http-outgoing-54 << Content-Length:72
[DEBUG] 2017-07-05 17:47:59,775 method:org.apache.http.impl.conn.LoggingManagedHttpClientConnection.onResponseReceived(LoggingManagedHttpClientConnection.java:125)
http-outgoing-54 << Content-Type:application/json; charset=utf-8
[DEBUG] 2017-07-05 17:47:59,775 method:org.apache.http.impl.conn.LoggingManagedHttpClientConnection.onResponseReceived(LoggingManagedHttpClientConnection.java:125)
http-outgoing-54 << Connection:close
[DEBUG] 2017-07-05 17:47:59,775 method:org.apache.http.impl.conn.LoggingManagedHttpClientConnection.close(LoggingManagedHttpClientConnection.java:79)
http-outgoing-54: Close connection
[DEBUG] 2017-07-05 17:47:59,775 method:org.apache.http.impl.execchain.ConnectionHolder.releaseConnection(ConnectionHolder.java:104)
Connection discarded
[DEBUG] 2017-07-05 17:47:59,776 method:org.apache.http.impl.conn.PoolingHttpClientConnectionManager.releaseConnection(PoolingHttpClientConnectionManager.java:326)
Connection released: [id: 54][route: {}->http://localhost:5726][total kept alive: 0; route allocated: 0 of 2000; total allocated: 0 of 2000]
-------------getFrame--------------------
lfwiseopertest02.hwcloudtest.cn
[DEBUG] 2017-07-05 17:47:59,779 method:org.apache.http.client.protocol.RequestAddCookies.process(RequestAddCookies.java:123)
CookieSpec selected: default
[DEBUG] 2017-07-05 17:47:59,779 method:org.apache.http.client.protocol.RequestAuthCache.process(RequestAuthCache.java:77)
Auth cache not set in the context
[DEBUG] 2017-07-05 17:47:59,779 method:org.apache.http.impl.conn.PoolingHttpClientConnectionManager.requestConnection(PoolingHttpClientConnectionManager.java:255)
Connection request: [route: {}->http://localhost:5726][total kept alive: 0; route allocated: 0 of 2000; total allocated: 0 of 2000]
[DEBUG] 2017-07-05 17:47:59,779 method:org.apache.http.impl.conn.PoolingHttpClientConnectionManager.leaseConnection(PoolingHttpClientConnectionManager.java:288)
Connection leased: [id: 55][route: {}->http://localhost:5726][total kept alive: 0; route allocated: 1 of 2000; total allocated: 1 of 2000]
[DEBUG] 2017-07-05 17:47:59,780 method:org.apache.http.impl.execchain.MainClientExec.execute(MainClientExec.java:235)
Opening connection {}->http://localhost:5726
[DEBUG] 2017-07-05 17:47:59,780 method:org.apache.http.impl.conn.DefaultHttpClientConnectionOperator.connect(DefaultHttpClientConnectionOperator.java:139)
Connecting to localhost/127.0.0.1:5726
[DEBUG] 2017-07-05 17:47:59,780 method:org.apache.http.impl.conn.DefaultHttpClientConnectionOperator.connect(DefaultHttpClientConnectionOperator.java:146)
Connection established 127.0.0.1:63143<->127.0.0.1:5726
[DEBUG] 2017-07-05 17:47:59,780 method:org.apache.http.impl.conn.LoggingManagedHttpClientConnection.setSocketTimeout(LoggingManagedHttpClientConnection.java:88)
http-outgoing-55: set socket timeout to 10800000
[DEBUG] 2017-07-05 17:47:59,780 method:org.apache.http.impl.execchain.MainClientExec.execute(MainClientExec.java:256)
Executing request POST /session/e397bb8b4943a2405e3c8c0263ada937/elements HTTP/1.1
[DEBUG] 2017-07-05 17:47:59,780 method:org.apache.http.impl.execchain.MainClientExec.execute(MainClientExec.java:261)
Target auth state: UNCHALLENGED
[DEBUG] 2017-07-05 17:47:59,781 method:org.apache.http.impl.execchain.MainClientExec.execute(MainClientExec.java:267)
Proxy auth state: UNCHALLENGED
[DEBUG] 2017-07-05 17:47:59,781 method:org.apache.http.impl.conn.LoggingManagedHttpClientConnection.onRequestSubmitted(LoggingManagedHttpClientConnection.java:133)
http-outgoing-55 >> POST /session/e397bb8b4943a2405e3c8c0263ada937/elements HTTP/1.1
[DEBUG] 2017-07-05 17:47:59,781 method:org.apache.http.impl.conn.LoggingManagedHttpClientConnection.onRequestSubmitted(LoggingManagedHttpClientConnection.java:136)
http-outgoing-55 >> Content-Type: application/json; charset=utf-8
[DEBUG] 2017-07-05 17:47:59,781 method:org.apache.http.impl.conn.LoggingManagedHttpClientConnection.onRequestSubmitted(LoggingManagedHttpClientConnection.java:136)
http-outgoing-55 >> Content-Length: 37
[DEBUG] 2017-07-05 17:47:59,781 method:org.apache.http.impl.conn.LoggingManagedHttpClientConnection.onRequestSubmitted(LoggingManagedHttpClientConnection.java:136)
http-outgoing-55 >> Host: localhost:5726
[DEBUG] 2017-07-05 17:47:59,781 method:org.apache.http.impl.conn.LoggingManagedHttpClientConnection.onRequestSubmitted(LoggingManagedHttpClientConnection.java:136)
http-outgoing-55 >> Connection: Keep-Alive
[DEBUG] 2017-07-05 17:47:59,781 method:org.apache.http.impl.conn.LoggingManagedHttpClientConnection.onRequestSubmitted(LoggingManagedHttpClientConnection.java:136)
http-outgoing-55 >> User-Agent: Apache-HttpClient/4.5.3 (Java/1.8.0_111)
[DEBUG] 2017-07-05 17:47:59,781 method:org.apache.http.impl.conn.LoggingManagedHttpClientConnection.onRequestSubmitted(LoggingManagedHttpClientConnection.java:136)
http-outgoing-55 >> Accept-Encoding: gzip,deflate
[DEBUG] 2017-07-05 17:47:59,782 method:org.apache.http.impl.conn.Wire.wire(Wire.java:73)
http-outgoing-55 >> "POST /session/e397bb8b4943a2405e3c8c0263ada937/elements HTTP/1.1[\r][\n]"
[DEBUG] 2017-07-05 17:47:59,782 method:org.apache.http.impl.conn.Wire.wire(Wire.java:73)
http-outgoing-55 >> "Content-Type: application/json; charset=utf-8[\r][\n]"
[DEBUG] 2017-07-05 17:47:59,782 method:org.apache.http.impl.conn.Wire.wire(Wire.java:73)
http-outgoing-55 >> "Content-Length: 37[\r][\n]"
[DEBUG] 2017-07-05 17:47:59,782 method:org.apache.http.impl.conn.Wire.wire(Wire.java:73)
http-outgoing-55 >> "Host: localhost:5726[\r][\n]"
[DEBUG] 2017-07-05 17:47:59,782 method:org.apache.http.impl.conn.Wire.wire(Wire.java:73)
http-outgoing-55 >> "Connection: Keep-Alive[\r][\n]"
[DEBUG] 2017-07-05 17:47:59,782 method:org.apache.http.impl.conn.Wire.wire(Wire.java:73)
http-outgoing-55 >> "User-Agent: Apache-HttpClient/4.5.3 (Java/1.8.0_111)[\r][\n]"
[DEBUG] 2017-07-05 17:47:59,782 method:org.apache.http.impl.conn.Wire.wire(Wire.java:73)
http-outgoing-55 >> "Accept-Encoding: gzip,deflate[\r][\n]"
[DEBUG] 2017-07-05 17:47:59,782 method:org.apache.http.impl.conn.Wire.wire(Wire.java:73)
http-outgoing-55 >> "[\r][\n]"
[DEBUG] 2017-07-05 17:47:59,783 method:org.apache.http.impl.conn.Wire.wire(Wire.java:87)
http-outgoing-55 >> "{"using":"name","value":"applyReson"}"
[DEBUG] 2017-07-05 17:47:59,804 method:org.apache.http.impl.conn.Wire.wire(Wire.java:73)
http-outgoing-55 << "HTTP/1.1 200 OK[\r][\n]"
[DEBUG] 2017-07-05 17:47:59,804 method:org.apache.http.impl.conn.Wire.wire(Wire.java:73)
http-outgoing-55 << "Content-Length:70[\r][\n]"
[DEBUG] 2017-07-05 17:47:59,805 method:org.apache.http.impl.conn.Wire.wire(Wire.java:73)
http-outgoing-55 << "Content-Type:application/json; charset=utf-8[\r][\n]"
[DEBUG] 2017-07-05 17:47:59,805 method:org.apache.http.impl.conn.Wire.wire(Wire.java:73)
http-outgoing-55 << "Connection:close[\r][\n]"
[DEBUG] 2017-07-05 17:47:59,805 method:org.apache.http.impl.conn.Wire.wire(Wire.java:73)
http-outgoing-55 << "[\r][\n]"
[DEBUG] 2017-07-05 17:47:59,805 method:org.apache.http.impl.conn.Wire.wire(Wire.java:87)
http-outgoing-55 << "{"sessionId":"e397bb8b4943a2405e3c8c0263ada937","status":0,"value":[]}"
[DEBUG] 2017-07-05 17:47:59,805 method:org.apache.http.impl.conn.LoggingManagedHttpClientConnection.onResponseReceived(LoggingManagedHttpClientConnection.java:122)
http-outgoing-55 << HTTP/1.1 200 OK
[DEBUG] 2017-07-05 17:47:59,805 method:org.apache.http.impl.conn.LoggingManagedHttpClientConnection.onResponseReceived(LoggingManagedHttpClientConnection.java:125)
http-outgoing-55 << Content-Length:70
[DEBUG] 2017-07-05 17:47:59,805 method:org.apache.http.impl.conn.LoggingManagedHttpClientConnection.onResponseReceived(LoggingManagedHttpClientConnection.java:125)
http-outgoing-55 << Content-Type:application/json; charset=utf-8
[DEBUG] 2017-07-05 17:47:59,806 method:org.apache.http.impl.conn.LoggingManagedHttpClientConnection.onResponseReceived(LoggingManagedHttpClientConnection.java:125)
http-outgoing-55 << Connection:close
[DEBUG] 2017-07-05 17:47:59,806 method:org.apache.http.impl.conn.LoggingManagedHttpClientConnection.close(LoggingManagedHttpClientConnection.java:79)
http-outgoing-55: Close connection
[DEBUG] 2017-07-05 17:47:59,806 method:org.apache.http.impl.execchain.ConnectionHolder.releaseConnection(ConnectionHolder.java:104)
Connection discarded
[DEBUG] 2017-07-05 17:47:59,806 method:org.apache.http.impl.conn.PoolingHttpClientConnectionManager.releaseConnection(PoolingHttpClientConnectionManager.java:326)
Connection released: [id: 55][route: {}->http://localhost:5726][total kept alive: 0; route allocated: 0 of 2000; total allocated: 0 of 2000]
[DEBUG] 2017-07-05 17:48:00,309 method:org.apache.http.client.protocol.RequestAddCookies.process(RequestAddCookies.java:123)
CookieSpec selected: default
[DEBUG] 2017-07-05 17:48:00,309 method:org.apache.http.client.protocol.RequestAuthCache.process(RequestAuthCache.java:77)
Auth cache not set in the context
[DEBUG] 2017-07-05 17:48:00,310 method:org.apache.http.impl.conn.PoolingHttpClientConnectionManager.requestConnection(PoolingHttpClientConnectionManager.java:255)
Connection request: [route: {}->http://localhost:5726][total kept alive: 0; route allocated: 0 of 2000; total allocated: 0 of 2000]
[DEBUG] 2017-07-05 17:48:00,310 method:org.apache.http.impl.conn.PoolingHttpClientConnectionManager.leaseConnection(PoolingHttpClientConnectionManager.java:288)
Connection leased: [id: 56][route: {}->http://localhost:5726][total kept alive: 0; route allocated: 1 of 2000; total allocated: 1 of 2000]
[DEBUG] 2017-07-05 17:48:00,310 method:org.apache.http.impl.execchain.MainClientExec.execute(MainClientExec.java:235)
Opening connection {}->http://localhost:5726
[DEBUG] 2017-07-05 17:48:00,313 method:org.apache.http.impl.conn.DefaultHttpClientConnectionOperator.connect(DefaultHttpClientConnectionOperator.java:139)
Connecting to localhost/127.0.0.1:5726
[DEBUG] 2017-07-05 17:48:00,314 method:org.apache.http.impl.conn.DefaultHttpClientConnectionOperator.connect(DefaultHttpClientConnectionOperator.java:146)
Connection established 127.0.0.1:63145<->127.0.0.1:5726
[DEBUG] 2017-07-05 17:48:00,315 method:org.apache.http.impl.conn.LoggingManagedHttpClientConnection.setSocketTimeout(LoggingManagedHttpClientConnection.java:88)
http-outgoing-56: set socket timeout to 10800000
[DEBUG] 2017-07-05 17:48:00,315 method:org.apache.http.impl.execchain.MainClientExec.execute(MainClientExec.java:256)
Executing request POST /session/e397bb8b4943a2405e3c8c0263ada937/elements HTTP/1.1
[DEBUG] 2017-07-05 17:48:00,315 method:org.apache.http.impl.execchain.MainClientExec.execute(MainClientExec.java:261)
Target auth state: UNCHALLENGED
[DEBUG] 2017-07-05 17:48:00,316 method:org.apache.http.impl.execchain.MainClientExec.execute(MainClientExec.java:267)
Proxy auth state: UNCHALLENGED
[DEBUG] 2017-07-05 17:48:00,316 method:org.apache.http.impl.conn.LoggingManagedHttpClientConnection.onRequestSubmitted(LoggingManagedHttpClientConnection.java:133)
http-outgoing-56 >> POST /session/e397bb8b4943a2405e3c8c0263ada937/elements HTTP/1.1
[DEBUG] 2017-07-05 17:48:00,317 method:org.apache.http.impl.conn.LoggingManagedHttpClientConnection.onRequestSubmitted(LoggingManagedHttpClientConnection.java:136)
http-outgoing-56 >> Content-Type: application/json; charset=utf-8
[DEBUG] 2017-07-05 17:48:00,317 method:org.apache.http.impl.conn.LoggingManagedHttpClientConnection.onRequestSubmitted(LoggingManagedHttpClientConnection.java:136)
http-outgoing-56 >> Content-Length: 37
[DEBUG] 2017-07-05 17:48:00,317 method:org.apache.http.impl.conn.LoggingManagedHttpClientConnection.onRequestSubmitted(LoggingManagedHttpClientConnection.java:136)
http-outgoing-56 >> Host: localhost:5726
[DEBUG] 2017-07-05 17:48:00,317 method:org.apache.http.impl.conn.LoggingManagedHttpClientConnection.onRequestSubmitted(LoggingManagedHttpClientConnection.java:136)
http-outgoing-56 >> Connection: Keep-Alive
[DEBUG] 2017-07-05 17:48:00,318 method:org.apache.http.impl.conn.LoggingManagedHttpClientConnection.onRequestSubmitted(LoggingManagedHttpClientConnection.java:136)
http-outgoing-56 >> User-Agent: Apache-HttpClient/4.5.3 (Java/1.8.0_111)
[DEBUG] 2017-07-05 17:48:00,318 method:org.apache.http.impl.conn.LoggingManagedHttpClientConnection.onRequestSubmitted(LoggingManagedHttpClientConnection.java:136)
http-outgoing-56 >> Accept-Encoding: gzip,deflate
[DEBUG] 2017-07-05 17:48:00,318 method:org.apache.http.impl.conn.Wire.wire(Wire.java:73)
http-outgoing-56 >> "POST /session/e397bb8b4943a2405e3c8c0263ada937/elements HTTP/1.1[\r][\n]"
[DEBUG] 2017-07-05 17:48:00,318 method:org.apache.http.impl.conn.Wire.wire(Wire.java:73)
http-outgoing-56 >> "Content-Type: application/json; charset=utf-8[\r][\n]"
[DEBUG] 2017-07-05 17:48:00,319 method:org.apache.http.impl.conn.Wire.wire(Wire.java:73)
http-outgoing-56 >> "Content-Length: 37[\r][\n]"
[DEBUG] 2017-07-05 17:48:00,319 method:org.apache.http.impl.conn.Wire.wire(Wire.java:73)
http-outgoing-56 >> "Host: localhost:5726[\r][\n]"
[DEBUG] 2017-07-05 17:48:00,319 method:org.apache.http.impl.conn.Wire.wire(Wire.java:73)
http-outgoing-56 >> "Connection: Keep-Alive[\r][\n]"
[DEBUG] 2017-07-05 17:48:00,320 method:org.apache.http.impl.conn.Wire.wire(Wire.java:73)
http-outgoing-56 >> "User-Agent: Apache-HttpClient/4.5.3 (Java/1.8.0_111)[\r][\n]"
[DEBUG] 2017-07-05 17:48:00,320 method:org.apache.http.impl.conn.Wire.wire(Wire.java:73)
http-outgoing-56 >> "Accept-Encoding: gzip,deflate[\r][\n]"
[DEBUG] 2017-07-05 17:48:00,320 method:org.apache.http.impl.conn.Wire.wire(Wire.java:73)
http-outgoing-56 >> "[\r][\n]"
[DEBUG] 2017-07-05 17:48:00,321 method:org.apache.http.impl.conn.Wire.wire(Wire.java:87)
http-outgoing-56 >> "{"using":"name","value":"applyReson"}"
[DEBUG] 2017-07-05 17:48:00,327 method:org.apache.http.impl.conn.Wire.wire(Wire.java:73)
http-outgoing-56 << "HTTP/1.1 200 OK[\r][\n]"
[DEBUG] 2017-07-05 17:48:00,327 method:org.apache.http.impl.conn.Wire.wire(Wire.java:73)
http-outgoing-56 << "Content-Length:105[\r][\n]"
[DEBUG] 2017-07-05 17:48:00,327 method:org.apache.http.impl.conn.Wire.wire(Wire.java:73)
http-outgoing-56 << "Content-Type:application/json; charset=utf-8[\r][\n]"
[DEBUG] 2017-07-05 17:48:00,327 method:org.apache.http.impl.conn.Wire.wire(Wire.java:73)
http-outgoing-56 << "Connection:close[\r][\n]"
[DEBUG] 2017-07-05 17:48:00,327 method:org.apache.http.impl.conn.Wire.wire(Wire.java:73)
http-outgoing-56 << "[\r][\n]"
[DEBUG] 2017-07-05 17:48:00,327 method:org.apache.http.impl.conn.Wire.wire(Wire.java:87)
http-outgoing-56 << "{"sessionId":"e397bb8b4943a2405e3c8c0263ada937","status":0,"value":[{"ELEMENT":"0.19886073136270266-1"}]}"
[DEBUG] 2017-07-05 17:48:00,327 method:org.apache.http.impl.conn.LoggingManagedHttpClientConnection.onResponseReceived(LoggingManagedHttpClientConnection.java:122)
http-outgoing-56 << HTTP/1.1 200 OK
[DEBUG] 2017-07-05 17:48:00,327 method:org.apache.http.impl.conn.LoggingManagedHttpClientConnection.onResponseReceived(LoggingManagedHttpClientConnection.java:125)
http-outgoing-56 << Content-Length:105
[DEBUG] 2017-07-05 17:48:00,327 method:org.apache.http.impl.conn.LoggingManagedHttpClientConnection.onResponseReceived(LoggingManagedHttpClientConnection.java:125)
http-outgoing-56 << Content-Type:application/json; charset=utf-8
[DEBUG] 2017-07-05 17:48:00,327 method:org.apache.http.impl.conn.LoggingManagedHttpClientConnection.onResponseReceived(LoggingManagedHttpClientConnection.java:125)
http-outgoing-56 << Connection:close
[DEBUG] 2017-07-05 17:48:00,327 method:org.apache.http.impl.conn.LoggingManagedHttpClientConnection.close(LoggingManagedHttpClientConnection.java:79)
http-outgoing-56: Close connection
[DEBUG] 2017-07-05 17:48:00,327 method:org.apache.http.impl.execchain.ConnectionHolder.releaseConnection(ConnectionHolder.java:104)
Connection discarded
[DEBUG] 2017-07-05 17:48:00,327 method:org.apache.http.impl.conn.PoolingHttpClientConnectionManager.releaseConnection(PoolingHttpClientConnectionManager.java:326)
Connection released: [id: 56][route: {}->http://localhost:5726][total kept alive: 0; route allocated: 0 of 2000; total allocated: 0 of 2000]
[DEBUG] 2017-07-05 17:48:01,128 method:org.apache.http.client.protocol.RequestAddCookies.process(RequestAddCookies.java:123)
CookieSpec selected: default
[DEBUG] 2017-07-05 17:48:01,128 method:org.apache.http.client.protocol.RequestAuthCache.process(RequestAuthCache.java:77)
Auth cache not set in the context
[DEBUG] 2017-07-05 17:48:01,129 method:org.apache.http.impl.conn.PoolingHttpClientConnectionManager.requestConnection(PoolingHttpClientConnectionManager.java:255)
Connection request: [route: {}->http://localhost:5726][total kept alive: 0; route allocated: 0 of 2000; total allocated: 0 of 2000]
[DEBUG] 2017-07-05 17:48:01,129 method:org.apache.http.impl.conn.PoolingHttpClientConnectionManager.leaseConnection(PoolingHttpClientConnectionManager.java:288)
Connection leased: [id: 57][route: {}->http://localhost:5726][total kept alive: 0; route allocated: 1 of 2000; total allocated: 1 of 2000]
[DEBUG] 2017-07-05 17:48:01,129 method:org.apache.http.impl.execchain.MainClientExec.execute(MainClientExec.java:235)
Opening connection {}->http://localhost:5726
[DEBUG] 2017-07-05 17:48:01,130 method:org.apache.http.impl.conn.DefaultHttpClientConnectionOperator.connect(DefaultHttpClientConnectionOperator.java:139)
Connecting to localhost/127.0.0.1:5726
[DEBUG] 2017-07-05 17:48:01,131 method:org.apache.http.impl.conn.DefaultHttpClientConnectionOperator.connect(DefaultHttpClientConnectionOperator.java:146)
Connection established 127.0.0.1:63146<->127.0.0.1:5726
[DEBUG] 2017-07-05 17:48:01,131 method:org.apache.http.impl.conn.LoggingManagedHttpClientConnection.setSocketTimeout(LoggingManagedHttpClientConnection.java:88)
http-outgoing-57: set socket timeout to 10800000
[DEBUG] 2017-07-05 17:48:01,132 method:org.apache.http.impl.execchain.MainClientExec.execute(MainClientExec.java:256)
Executing request POST /session/e397bb8b4943a2405e3c8c0263ada937/element HTTP/1.1
[DEBUG] 2017-07-05 17:48:01,132 method:org.apache.http.impl.execchain.MainClientExec.execute(MainClientExec.java:261)
Target auth state: UNCHALLENGED
[DEBUG] 2017-07-05 17:48:01,132 method:org.apache.http.impl.execchain.MainClientExec.execute(MainClientExec.java:267)
Proxy auth state: UNCHALLENGED
[DEBUG] 2017-07-05 17:48:01,132 method:org.apache.http.impl.conn.LoggingManagedHttpClientConnection.onRequestSubmitted(LoggingManagedHttpClientConnection.java:133)
http-outgoing-57 >> POST /session/e397bb8b4943a2405e3c8c0263ada937/element HTTP/1.1
[DEBUG] 2017-07-05 17:48:01,133 method:org.apache.http.impl.conn.LoggingManagedHttpClientConnection.onRequestSubmitted(LoggingManagedHttpClientConnection.java:136)
http-outgoing-57 >> Content-Type: application/json; charset=utf-8
[DEBUG] 2017-07-05 17:48:01,133 method:org.apache.http.impl.conn.LoggingManagedHttpClientConnection.onRequestSubmitted(LoggingManagedHttpClientConnection.java:136)
http-outgoing-57 >> Content-Length: 37
[DEBUG] 2017-07-05 17:48:01,133 method:org.apache.http.impl.conn.LoggingManagedHttpClientConnection.onRequestSubmitted(LoggingManagedHttpClientConnection.java:136)
http-outgoing-57 >> Host: localhost:5726
[DEBUG] 2017-07-05 17:48:01,133 method:org.apache.http.impl.conn.LoggingManagedHttpClientConnection.onRequestSubmitted(LoggingManagedHttpClientConnection.java:136)
http-outgoing-57 >> Connection: Keep-Alive
[DEBUG] 2017-07-05 17:48:01,134 method:org.apache.http.impl.conn.LoggingManagedHttpClientConnection.onRequestSubmitted(LoggingManagedHttpClientConnection.java:136)
http-outgoing-57 >> User-Agent: Apache-HttpClient/4.5.3 (Java/1.8.0_111)
[DEBUG] 2017-07-05 17:48:01,134 method:org.apache.http.impl.conn.LoggingManagedHttpClientConnection.onRequestSubmitted(LoggingManagedHttpClientConnection.java:136)
http-outgoing-57 >> Accept-Encoding: gzip,deflate
[DEBUG] 2017-07-05 17:48:01,134 method:org.apache.http.impl.conn.Wire.wire(Wire.java:73)
http-outgoing-57 >> "POST /session/e397bb8b4943a2405e3c8c0263ada937/element HTTP/1.1[\r][\n]"
[DEBUG] 2017-07-05 17:48:01,135 method:org.apache.http.impl.conn.Wire.wire(Wire.java:73)
http-outgoing-57 >> "Content-Type: application/json; charset=utf-8[\r][\n]"
[DEBUG] 2017-07-05 17:48:01,135 method:org.apache.http.impl.conn.Wire.wire(Wire.java:73)
http-outgoing-57 >> "Content-Length: 37[\r][\n]"
[DEBUG] 2017-07-05 17:48:01,135 method:org.apache.http.impl.conn.Wire.wire(Wire.java:73)
http-outgoing-57 >> "Host: localhost:5726[\r][\n]"
[DEBUG] 2017-07-05 17:48:01,135 method:org.apache.http.impl.conn.Wire.wire(Wire.java:73)
http-outgoing-57 >> "Connection: Keep-Alive[\r][\n]"
[DEBUG] 2017-07-05 17:48:01,136 method:org.apache.http.impl.conn.Wire.wire(Wire.java:73)
http-outgoing-57 >> "User-Agent: Apache-HttpClient/4.5.3 (Java/1.8.0_111)[\r][\n]"
[DEBUG] 2017-07-05 17:48:01,136 method:org.apache.http.impl.conn.Wire.wire(Wire.java:73)
http-outgoing-57 >> "Accept-Encoding: gzip,deflate[\r][\n]"
[DEBUG] 2017-07-05 17:48:01,136 method:org.apache.http.impl.conn.Wire.wire(Wire.java:73)
http-outgoing-57 >> "[\r][\n]"
[DEBUG] 2017-07-05 17:48:01,136 method:org.apache.http.impl.conn.Wire.wire(Wire.java:87)
http-outgoing-57 >> "{"using":"name","value":"applyReson"}"
[DEBUG] 2017-07-05 17:48:01,175 method:org.apache.http.impl.conn.Wire.wire(Wire.java:73)
http-outgoing-57 << "HTTP/1.1 200 OK[\r][\n]"
[DEBUG] 2017-07-05 17:48:01,175 method:org.apache.http.impl.conn.Wire.wire(Wire.java:73)
http-outgoing-57 << "Content-Length:103[\r][\n]"
[DEBUG] 2017-07-05 17:48:01,175 method:org.apache.http.impl.conn.Wire.wire(Wire.java:73)
http-outgoing-57 << "Content-Type:application/json; charset=utf-8[\r][\n]"
[DEBUG] 2017-07-05 17:48:01,175 method:org.apache.http.impl.conn.Wire.wire(Wire.java:73)
http-outgoing-57 << "Connection:close[\r][\n]"
[DEBUG] 2017-07-05 17:48:01,176 method:org.apache.http.impl.conn.Wire.wire(Wire.java:73)
http-outgoing-57 << "[\r][\n]"
[DEBUG] 2017-07-05 17:48:01,176 method:org.apache.http.impl.conn.Wire.wire(Wire.java:87)
http-outgoing-57 << "{"sessionId":"e397bb8b4943a2405e3c8c0263ada937","status":0,"value":{"ELEMENT":"0.19886073136270266-1"}}"
[DEBUG] 2017-07-05 17:48:01,176 method:org.apache.http.impl.conn.LoggingManagedHttpClientConnection.onResponseReceived(LoggingManagedHttpClientConnection.java:122)
http-outgoing-57 << HTTP/1.1 200 OK
[DEBUG] 2017-07-05 17:48:01,176 method:org.apache.http.impl.conn.LoggingManagedHttpClientConnection.onResponseReceived(LoggingManagedHttpClientConnection.java:125)
http-outgoing-57 << Content-Length:103
[DEBUG] 2017-07-05 17:48:01,176 method:org.apache.http.impl.conn.LoggingManagedHttpClientConnection.onResponseReceived(LoggingManagedHttpClientConnection.java:125)
http-outgoing-57 << Content-Type:application/json; charset=utf-8
[DEBUG] 2017-07-05 17:48:01,176 method:org.apache.http.impl.conn.LoggingManagedHttpClientConnection.onResponseReceived(LoggingManagedHttpClientConnection.java:125)
http-outgoing-57 << Connection:close
[DEBUG] 2017-07-05 17:48:01,177 method:org.apache.http.impl.conn.LoggingManagedHttpClientConnection.close(LoggingManagedHttpClientConnection.java:79)
http-outgoing-57: Close connection
[DEBUG] 2017-07-05 17:48:01,177 method:org.apache.http.impl.execchain.ConnectionHolder.releaseConnection(ConnectionHolder.java:104)
Connection discarded
[DEBUG] 2017-07-05 17:48:01,177 method:org.apache.http.impl.conn.PoolingHttpClientConnectionManager.releaseConnection(PoolingHttpClientConnectionManager.java:326)
Connection released: [id: 57][route: {}->http://localhost:5726][total kept alive: 0; route allocated: 0 of 2000; total allocated: 0 of 2000]
[DEBUG] 2017-07-05 17:48:01,179 method:org.apache.http.client.protocol.RequestAddCookies.process(RequestAddCookies.java:123)
CookieSpec selected: default
[DEBUG] 2017-07-05 17:48:01,179 method:org.apache.http.client.protocol.RequestAuthCache.process(RequestAuthCache.java:77)
Auth cache not set in the context
[DEBUG] 2017-07-05 17:48:01,179 method:org.apache.http.impl.conn.PoolingHttpClientConnectionManager.requestConnection(PoolingHttpClientConnectionManager.java:255)
Connection request: [route: {}->http://localhost:5726][total kept alive: 0; route allocated: 0 of 2000; total allocated: 0 of 2000]
[DEBUG] 2017-07-05 17:48:01,180 method:org.apache.http.impl.conn.PoolingHttpClientConnectionManager.leaseConnection(PoolingHttpClientConnectionManager.java:288)
Connection leased: [id: 58][route: {}->http://localhost:5726][total kept alive: 0; route allocated: 1 of 2000; total allocated: 1 of 2000]
[DEBUG] 2017-07-05 17:48:01,180 method:org.apache.http.impl.execchain.MainClientExec.execute(MainClientExec.java:235)
Opening connection {}->http://localhost:5726
[DEBUG] 2017-07-05 17:48:01,180 method:org.apache.http.impl.conn.DefaultHttpClientConnectionOperator.connect(DefaultHttpClientConnectionOperator.java:139)
Connecting to localhost/127.0.0.1:5726
[DEBUG] 2017-07-05 17:48:01,181 method:org.apache.http.impl.conn.DefaultHttpClientConnectionOperator.connect(DefaultHttpClientConnectionOperator.java:146)
Connection established 127.0.0.1:63147<->127.0.0.1:5726
[DEBUG] 2017-07-05 17:48:01,181 method:org.apache.http.impl.conn.LoggingManagedHttpClientConnection.setSocketTimeout(LoggingManagedHttpClientConnection.java:88)
http-outgoing-58: set socket timeout to 10800000
[DEBUG] 2017-07-05 17:48:01,181 method:org.apache.http.impl.execchain.MainClientExec.execute(MainClientExec.java:256)
Executing request POST /session/e397bb8b4943a2405e3c8c0263ada937/element/0.19886073136270266-1/value HTTP/1.1
[DEBUG] 2017-07-05 17:48:01,181 method:org.apache.http.impl.execchain.MainClientExec.execute(MainClientExec.java:261)
Target auth state: UNCHALLENGED
[DEBUG] 2017-07-05 17:48:01,181 method:org.apache.http.impl.execchain.MainClientExec.execute(MainClientExec.java:267)
Proxy auth state: UNCHALLENGED
[DEBUG] 2017-07-05 17:48:01,182 method:org.apache.http.impl.conn.LoggingManagedHttpClientConnection.onRequestSubmitted(LoggingManagedHttpClientConnection.java:133)
http-outgoing-58 >> POST /session/e397bb8b4943a2405e3c8c0263ada937/element/0.19886073136270266-1/value HTTP/1.1
[DEBUG] 2017-07-05 17:48:01,182 method:org.apache.http.impl.conn.LoggingManagedHttpClientConnection.onRequestSubmitted(LoggingManagedHttpClientConnection.java:136)
http-outgoing-58 >> Content-Type: application/json; charset=utf-8
[DEBUG] 2017-07-05 17:48:01,182 method:org.apache.http.impl.conn.LoggingManagedHttpClientConnection.onRequestSubmitted(LoggingManagedHttpClientConnection.java:136)
http-outgoing-58 >> Content-Length: 49
[DEBUG] 2017-07-05 17:48:01,182 method:org.apache.http.impl.conn.LoggingManagedHttpClientConnection.onRequestSubmitted(LoggingManagedHttpClientConnection.java:136)
http-outgoing-58 >> Host: localhost:5726
[DEBUG] 2017-07-05 17:48:01,182 method:org.apache.http.impl.conn.LoggingManagedHttpClientConnection.onRequestSubmitted(LoggingManagedHttpClientConnection.java:136)
http-outgoing-58 >> Connection: Keep-Alive
[DEBUG] 2017-07-05 17:48:01,182 method:org.apache.http.impl.conn.LoggingManagedHttpClientConnection.onRequestSubmitted(LoggingManagedHttpClientConnection.java:136)
http-outgoing-58 >> User-Agent: Apache-HttpClient/4.5.3 (Java/1.8.0_111)
[DEBUG] 2017-07-05 17:48:01,182 method:org.apache.http.impl.conn.LoggingManagedHttpClientConnection.onRequestSubmitted(LoggingManagedHttpClientConnection.java:136)
http-outgoing-58 >> Accept-Encoding: gzip,deflate
[DEBUG] 2017-07-05 17:48:01,182 method:org.apache.http.impl.conn.Wire.wire(Wire.java:73)
http-outgoing-58 >> "POST /session/e397bb8b4943a2405e3c8c0263ada937/element/0.19886073136270266-1/value HTTP/1.1[\r][\n]"
[DEBUG] 2017-07-05 17:48:01,182 method:org.apache.http.impl.conn.Wire.wire(Wire.java:73)
http-outgoing-58 >> "Content-Type: application/json; charset=utf-8[\r][\n]"
[DEBUG] 2017-07-05 17:48:01,183 method:org.apache.http.impl.conn.Wire.wire(Wire.java:73)
http-outgoing-58 >> "Content-Length: 49[\r][\n]"
[DEBUG] 2017-07-05 17:48:01,183 method:org.apache.http.impl.conn.Wire.wire(Wire.java:73)
http-outgoing-58 >> "Host: localhost:5726[\r][\n]"
[DEBUG] 2017-07-05 17:48:01,183 method:org.apache.http.impl.conn.Wire.wire(Wire.java:73)
http-outgoing-58 >> "Connection: Keep-Alive[\r][\n]"
[DEBUG] 2017-07-05 17:48:01,183 method:org.apache.http.impl.conn.Wire.wire(Wire.java:73)
http-outgoing-58 >> "User-Agent: Apache-HttpClient/4.5.3 (Java/1.8.0_111)[\r][\n]"
[DEBUG] 2017-07-05 17:48:01,183 method:org.apache.http.impl.conn.Wire.wire(Wire.java:73)
http-outgoing-58 >> "Accept-Encoding: gzip,deflate[\r][\n]"
[DEBUG] 2017-07-05 17:48:01,183 method:org.apache.http.impl.conn.Wire.wire(Wire.java:73)
http-outgoing-58 >> "[\r][\n]"
[DEBUG] 2017-07-05 17:48:01,183 method:org.apache.http.impl.conn.Wire.wire(Wire.java:87)
http-outgoing-58 >> "{"id":"0.19886073136270266-1","value":["333333"]}"
[DEBUG] 2017-07-05 17:48:01,253 method:org.apache.http.impl.conn.Wire.wire(Wire.java:73)
http-outgoing-58 << "HTTP/1.1 200 OK[\r][\n]"
[DEBUG] 2017-07-05 17:48:01,253 method:org.apache.http.impl.conn.Wire.wire(Wire.java:73)
http-outgoing-58 << "Content-Length:72[\r][\n]"
[DEBUG] 2017-07-05 17:48:01,253 method:org.apache.http.impl.conn.Wire.wire(Wire.java:73)
http-outgoing-58 << "Content-Type:application/json; charset=utf-8[\r][\n]"
[DEBUG] 2017-07-05 17:48:01,253 method:org.apache.http.impl.conn.Wire.wire(Wire.java:73)
http-outgoing-58 << "Connection:close[\r][\n]"
[DEBUG] 2017-07-05 17:48:01,253 method:org.apache.http.impl.conn.Wire.wire(Wire.java:73)
http-outgoing-58 << "[\r][\n]"
[DEBUG] 2017-07-05 17:48:01,254 method:org.apache.http.impl.conn.Wire.wire(Wire.java:87)
http-outgoing-58 << "{"sessionId":"e397bb8b4943a2405e3c8c0263ada937","status":0,"value":null}"
[DEBUG] 2017-07-05 17:48:01,254 method:org.apache.http.impl.conn.LoggingManagedHttpClientConnection.onResponseReceived(LoggingManagedHttpClientConnection.java:122)
http-outgoing-58 << HTTP/1.1 200 OK
[DEBUG] 2017-07-05 17:48:01,254 method:org.apache.http.impl.conn.LoggingManagedHttpClientConnection.onResponseReceived(LoggingManagedHttpClientConnection.java:125)
http-outgoing-58 << Content-Length:72
[DEBUG] 2017-07-05 17:48:01,254 method:org.apache.http.impl.conn.LoggingManagedHttpClientConnection.onResponseReceived(LoggingManagedHttpClientConnection.java:125)
http-outgoing-58 << Content-Type:application/json; charset=utf-8
[DEBUG] 2017-07-05 17:48:01,254 method:org.apache.http.impl.conn.LoggingManagedHttpClientConnection.onResponseReceived(LoggingManagedHttpClientConnection.java:125)
http-outgoing-58 << Connection:close
[DEBUG] 2017-07-05 17:48:01,254 method:org.apache.http.impl.conn.LoggingManagedHttpClientConnection.close(LoggingManagedHttpClientConnection.java:79)
http-outgoing-58: Close connection
[DEBUG] 2017-07-05 17:48:01,254 method:org.apache.http.impl.execchain.ConnectionHolder.releaseConnection(ConnectionHolder.java:104)
Connection discarded
[DEBUG] 2017-07-05 17:48:01,255 method:org.apache.http.impl.conn.PoolingHttpClientConnectionManager.releaseConnection(PoolingHttpClientConnectionManager.java:326)
Connection released: [id: 58][route: {}->http://localhost:5726][total kept alive: 0; route allocated: 0 of 2000; total allocated: 0 of 2000]
applyReson:输入内容==333333
[DEBUG] 2017-07-05 17:48:02,256 method:org.apache.http.client.protocol.RequestAddCookies.process(RequestAddCookies.java:123)
CookieSpec selected: default
[DEBUG] 2017-07-05 17:48:02,256 method:org.apache.http.client.protocol.RequestAuthCache.process(RequestAuthCache.java:77)
Auth cache not set in the context
[DEBUG] 2017-07-05 17:48:02,256 method:org.apache.http.impl.conn.PoolingHttpClientConnectionManager.requestConnection(PoolingHttpClientConnectionManager.java:255)
Connection request: [route: {}->http://localhost:5726][total kept alive: 0; route allocated: 0 of 2000; total allocated: 0 of 2000]
[DEBUG] 2017-07-05 17:48:02,257 method:org.apache.http.impl.conn.PoolingHttpClientConnectionManager.leaseConnection(PoolingHttpClientConnectionManager.java:288)
Connection leased: [id: 59][route: {}->http://localhost:5726][total kept alive: 0; route allocated: 1 of 2000; total allocated: 1 of 2000]
[DEBUG] 2017-07-05 17:48:02,257 method:org.apache.http.impl.execchain.MainClientExec.execute(MainClientExec.java:235)
Opening connection {}->http://localhost:5726
[DEBUG] 2017-07-05 17:48:02,257 method:org.apache.http.impl.conn.DefaultHttpClientConnectionOperator.connect(DefaultHttpClientConnectionOperator.java:139)
Connecting to localhost/127.0.0.1:5726
[DEBUG] 2017-07-05 17:48:02,259 method:org.apache.http.impl.conn.DefaultHttpClientConnectionOperator.connect(DefaultHttpClientConnectionOperator.java:146)
Connection established 127.0.0.1:63148<->127.0.0.1:5726
[DEBUG] 2017-07-05 17:48:02,259 method:org.apache.http.impl.conn.LoggingManagedHttpClientConnection.setSocketTimeout(LoggingManagedHttpClientConnection.java:88)
http-outgoing-59: set socket timeout to 10800000
[DEBUG] 2017-07-05 17:48:02,260 method:org.apache.http.impl.execchain.MainClientExec.execute(MainClientExec.java:256)
Executing request POST /session/e397bb8b4943a2405e3c8c0263ada937/frame HTTP/1.1
[DEBUG] 2017-07-05 17:48:02,260 method:org.apache.http.impl.execchain.MainClientExec.execute(MainClientExec.java:261)
Target auth state: UNCHALLENGED
[DEBUG] 2017-07-05 17:48:02,260 method:org.apache.http.impl.execchain.MainClientExec.execute(MainClientExec.java:267)
Proxy auth state: UNCHALLENGED
[DEBUG] 2017-07-05 17:48:02,260 method:org.apache.http.impl.conn.LoggingManagedHttpClientConnection.onRequestSubmitted(LoggingManagedHttpClientConnection.java:133)
http-outgoing-59 >> POST /session/e397bb8b4943a2405e3c8c0263ada937/frame HTTP/1.1
[DEBUG] 2017-07-05 17:48:02,261 method:org.apache.http.impl.conn.LoggingManagedHttpClientConnection.onRequestSubmitted(LoggingManagedHttpClientConnection.java:136)
http-outgoing-59 >> Content-Type: application/json; charset=utf-8
[DEBUG] 2017-07-05 17:48:02,261 method:org.apache.http.impl.conn.LoggingManagedHttpClientConnection.onRequestSubmitted(LoggingManagedHttpClientConnection.java:136)
http-outgoing-59 >> Content-Length: 11
[DEBUG] 2017-07-05 17:48:02,261 method:org.apache.http.impl.conn.LoggingManagedHttpClientConnection.onRequestSubmitted(LoggingManagedHttpClientConnection.java:136)
http-outgoing-59 >> Host: localhost:5726
[DEBUG] 2017-07-05 17:48:02,261 method:org.apache.http.impl.conn.LoggingManagedHttpClientConnection.onRequestSubmitted(LoggingManagedHttpClientConnection.java:136)
http-outgoing-59 >> Connection: Keep-Alive
[DEBUG] 2017-07-05 17:48:02,261 method:org.apache.http.impl.conn.LoggingManagedHttpClientConnection.onRequestSubmitted(LoggingManagedHttpClientConnection.java:136)
http-outgoing-59 >> User-Agent: Apache-HttpClient/4.5.3 (Java/1.8.0_111)
[DEBUG] 2017-07-05 17:48:02,262 method:org.apache.http.impl.conn.LoggingManagedHttpClientConnection.onRequestSubmitted(LoggingManagedHttpClientConnection.java:136)
http-outgoing-59 >> Accept-Encoding: gzip,deflate
[DEBUG] 2017-07-05 17:48:02,262 method:org.apache.http.impl.conn.Wire.wire(Wire.java:73)
http-outgoing-59 >> "POST /session/e397bb8b4943a2405e3c8c0263ada937/frame HTTP/1.1[\r][\n]"
[DEBUG] 2017-07-05 17:48:02,262 method:org.apache.http.impl.conn.Wire.wire(Wire.java:73)
http-outgoing-59 >> "Content-Type: application/json; charset=utf-8[\r][\n]"
[DEBUG] 2017-07-05 17:48:02,262 method:org.apache.http.impl.conn.Wire.wire(Wire.java:73)
http-outgoing-59 >> "Content-Length: 11[\r][\n]"
[DEBUG] 2017-07-05 17:48:02,263 method:org.apache.http.impl.conn.Wire.wire(Wire.java:73)
http-outgoing-59 >> "Host: localhost:5726[\r][\n]"
[DEBUG] 2017-07-05 17:48:02,263 method:org.apache.http.impl.conn.Wire.wire(Wire.java:73)
http-outgoing-59 >> "Connection: Keep-Alive[\r][\n]"
[DEBUG] 2017-07-05 17:48:02,263 method:org.apache.http.impl.conn.Wire.wire(Wire.java:73)
http-outgoing-59 >> "User-Agent: Apache-HttpClient/4.5.3 (Java/1.8.0_111)[\r][\n]"
[DEBUG] 2017-07-05 17:48:02,263 method:org.apache.http.impl.conn.Wire.wire(Wire.java:73)
http-outgoing-59 >> "Accept-Encoding: gzip,deflate[\r][\n]"
[DEBUG] 2017-07-05 17:48:02,264 method:org.apache.http.impl.conn.Wire.wire(Wire.java:73)
http-outgoing-59 >> "[\r][\n]"
[DEBUG] 2017-07-05 17:48:02,264 method:org.apache.http.impl.conn.Wire.wire(Wire.java:87)
http-outgoing-59 >> "{"id":null}"
[DEBUG] 2017-07-05 17:48:02,274 method:org.apache.http.impl.conn.Wire.wire(Wire.java:73)
http-outgoing-59 << "HTTP/1.1 200 OK[\r][\n]"
[DEBUG] 2017-07-05 17:48:02,274 method:org.apache.http.impl.conn.Wire.wire(Wire.java:73)
http-outgoing-59 << "Content-Length:72[\r][\n]"
[DEBUG] 2017-07-05 17:48:02,275 method:org.apache.http.impl.conn.Wire.wire(Wire.java:73)
http-outgoing-59 << "Content-Type:application/json; charset=utf-8[\r][\n]"
[DEBUG] 2017-07-05 17:48:02,275 method:org.apache.http.impl.conn.Wire.wire(Wire.java:73)
http-outgoing-59 << "Connection:close[\r][\n]"
[DEBUG] 2017-07-05 17:48:02,275 method:org.apache.http.impl.conn.Wire.wire(Wire.java:73)
http-outgoing-59 << "[\r][\n]"
[DEBUG] 2017-07-05 17:48:02,275 method:org.apache.http.impl.conn.Wire.wire(Wire.java:87)
http-outgoing-59 << "{"sessionId":"e397bb8b4943a2405e3c8c0263ada937","status":0,"value":null}"
[DEBUG] 2017-07-05 17:48:02,276 method:org.apache.http.impl.conn.LoggingManagedHttpClientConnection.onResponseReceived(LoggingManagedHttpClientConnection.java:122)
http-outgoing-59 << HTTP/1.1 200 OK
[DEBUG] 2017-07-05 17:48:02,276 method:org.apache.http.impl.conn.LoggingManagedHttpClientConnection.onResponseReceived(LoggingManagedHttpClientConnection.java:125)
http-outgoing-59 << Content-Length:72
[DEBUG] 2017-07-05 17:48:02,276 method:org.apache.http.impl.conn.LoggingManagedHttpClientConnection.onResponseReceived(LoggingManagedHttpClientConnection.java:125)
http-outgoing-59 << Content-Type:application/json; charset=utf-8
[DEBUG] 2017-07-05 17:48:02,276 method:org.apache.http.impl.conn.LoggingManagedHttpClientConnection.onResponseReceived(LoggingManagedHttpClientConnection.java:125)
http-outgoing-59 << Connection:close
[DEBUG] 2017-07-05 17:48:02,277 method:org.apache.http.impl.conn.LoggingManagedHttpClientConnection.close(LoggingManagedHttpClientConnection.java:79)
http-outgoing-59: Close connection
[DEBUG] 2017-07-05 17:48:02,277 method:org.apache.http.impl.execchain.ConnectionHolder.releaseConnection(ConnectionHolder.java:104)
Connection discarded
[DEBUG] 2017-07-05 17:48:02,277 method:org.apache.http.impl.conn.PoolingHttpClientConnectionManager.releaseConnection(PoolingHttpClientConnectionManager.java:326)
Connection released: [id: 59][route: {}->http://localhost:5726][total kept alive: 0; route allocated: 0 of 2000; total allocated: 0 of 2000]
-------------getDefaultContent--------------------
切换到主页面
[DEBUG] 2017-07-05 17:48:02,279 method:org.apache.http.client.protocol.RequestAddCookies.process(RequestAddCookies.java:123)
CookieSpec selected: default
[DEBUG] 2017-07-05 17:48:02,279 method:org.apache.http.client.protocol.RequestAuthCache.process(RequestAuthCache.java:77)
Auth cache not set in the context
[DEBUG] 2017-07-05 17:48:02,279 method:org.apache.http.impl.conn.PoolingHttpClientConnectionManager.requestConnection(PoolingHttpClientConnectionManager.java:255)
Connection request: [route: {}->http://localhost:5726][total kept alive: 0; route allocated: 0 of 2000; total allocated: 0 of 2000]
[DEBUG] 2017-07-05 17:48:02,279 method:org.apache.http.impl.conn.PoolingHttpClientConnectionManager.leaseConnection(PoolingHttpClientConnectionManager.java:288)
Connection leased: [id: 60][route: {}->http://localhost:5726][total kept alive: 0; route allocated: 1 of 2000; total allocated: 1 of 2000]
[DEBUG] 2017-07-05 17:48:02,280 method:org.apache.http.impl.execchain.MainClientExec.execute(MainClientExec.java:235)
Opening connection {}->http://localhost:5726
[DEBUG] 2017-07-05 17:48:02,280 method:org.apache.http.impl.conn.DefaultHttpClientConnectionOperator.connect(DefaultHttpClientConnectionOperator.java:139)
Connecting to localhost/127.0.0.1:5726
[DEBUG] 2017-07-05 17:48:02,281 method:org.apache.http.impl.conn.DefaultHttpClientConnectionOperator.connect(DefaultHttpClientConnectionOperator.java:146)
Connection established 127.0.0.1:63149<->127.0.0.1:5726
[DEBUG] 2017-07-05 17:48:02,282 method:org.apache.http.impl.conn.LoggingManagedHttpClientConnection.setSocketTimeout(LoggingManagedHttpClientConnection.java:88)
http-outgoing-60: set socket timeout to 10800000
[DEBUG] 2017-07-05 17:48:02,282 method:org.apache.http.impl.execchain.MainClientExec.execute(MainClientExec.java:256)
Executing request POST /session/e397bb8b4943a2405e3c8c0263ada937/elements HTTP/1.1
[DEBUG] 2017-07-05 17:48:02,282 method:org.apache.http.impl.execchain.MainClientExec.execute(MainClientExec.java:261)
Target auth state: UNCHALLENGED
[DEBUG] 2017-07-05 17:48:02,282 method:org.apache.http.impl.execchain.MainClientExec.execute(MainClientExec.java:267)
Proxy auth state: UNCHALLENGED
[DEBUG] 2017-07-05 17:48:02,283 method:org.apache.http.impl.conn.LoggingManagedHttpClientConnection.onRequestSubmitted(LoggingManagedHttpClientConnection.java:133)
http-outgoing-60 >> POST /session/e397bb8b4943a2405e3c8c0263ada937/elements HTTP/1.1
[DEBUG] 2017-07-05 17:48:02,283 method:org.apache.http.impl.conn.LoggingManagedHttpClientConnection.onRequestSubmitted(LoggingManagedHttpClientConnection.java:136)
http-outgoing-60 >> Content-Type: application/json; charset=utf-8
[DEBUG] 2017-07-05 17:48:02,283 method:org.apache.http.impl.conn.LoggingManagedHttpClientConnection.onRequestSubmitted(LoggingManagedHttpClientConnection.java:136)
http-outgoing-60 >> Content-Length: 51
[DEBUG] 2017-07-05 17:48:02,283 method:org.apache.http.impl.conn.LoggingManagedHttpClientConnection.onRequestSubmitted(LoggingManagedHttpClientConnection.java:136)
http-outgoing-60 >> Host: localhost:5726
[DEBUG] 2017-07-05 17:48:02,283 method:org.apache.http.impl.conn.LoggingManagedHttpClientConnection.onRequestSubmitted(LoggingManagedHttpClientConnection.java:136)
http-outgoing-60 >> Connection: Keep-Alive
[DEBUG] 2017-07-05 17:48:02,283 method:org.apache.http.impl.conn.LoggingManagedHttpClientConnection.onRequestSubmitted(LoggingManagedHttpClientConnection.java:136)
http-outgoing-60 >> User-Agent: Apache-HttpClient/4.5.3 (Java/1.8.0_111)
[DEBUG] 2017-07-05 17:48:02,283 method:org.apache.http.impl.conn.LoggingManagedHttpClientConnection.onRequestSubmitted(LoggingManagedHttpClientConnection.java:136)
http-outgoing-60 >> Accept-Encoding: gzip,deflate
[DEBUG] 2017-07-05 17:48:02,284 method:org.apache.http.impl.conn.Wire.wire(Wire.java:73)
http-outgoing-60 >> "POST /session/e397bb8b4943a2405e3c8c0263ada937/elements HTTP/1.1[\r][\n]"
[DEBUG] 2017-07-05 17:48:02,284 method:org.apache.http.impl.conn.Wire.wire(Wire.java:73)
http-outgoing-60 >> "Content-Type: application/json; charset=utf-8[\r][\n]"
[DEBUG] 2017-07-05 17:48:02,284 method:org.apache.http.impl.conn.Wire.wire(Wire.java:73)
http-outgoing-60 >> "Content-Length: 51[\r][\n]"
[DEBUG] 2017-07-05 17:48:02,284 method:org.apache.http.impl.conn.Wire.wire(Wire.java:73)
http-outgoing-60 >> "Host: localhost:5726[\r][\n]"
[DEBUG] 2017-07-05 17:48:02,284 method:org.apache.http.impl.conn.Wire.wire(Wire.java:73)
http-outgoing-60 >> "Connection: Keep-Alive[\r][\n]"
[DEBUG] 2017-07-05 17:48:02,284 method:org.apache.http.impl.conn.Wire.wire(Wire.java:73)
http-outgoing-60 >> "User-Agent: Apache-HttpClient/4.5.3 (Java/1.8.0_111)[\r][\n]"
[DEBUG] 2017-07-05 17:48:02,285 method:org.apache.http.impl.conn.Wire.wire(Wire.java:73)
http-outgoing-60 >> "Accept-Encoding: gzip,deflate[\r][\n]"
[DEBUG] 2017-07-05 17:48:02,285 method:org.apache.http.impl.conn.Wire.wire(Wire.java:73)
http-outgoing-60 >> "[\r][\n]"
[DEBUG] 2017-07-05 17:48:02,285 method:org.apache.http.impl.conn.Wire.wire(Wire.java:87)
http-outgoing-60 >> "{"using":"xpath","value":"(//*[@id=\"users\"])[1]"}"
[DEBUG] 2017-07-05 17:48:02,311 method:org.apache.http.impl.conn.Wire.wire(Wire.java:73)
http-outgoing-60 << "HTTP/1.1 200 OK[\r][\n]"
[DEBUG] 2017-07-05 17:48:02,311 method:org.apache.http.impl.conn.Wire.wire(Wire.java:73)
http-outgoing-60 << "Content-Length:105[\r][\n]"
[DEBUG] 2017-07-05 17:48:02,311 method:org.apache.http.impl.conn.Wire.wire(Wire.java:73)
http-outgoing-60 << "Content-Type:application/json; charset=utf-8[\r][\n]"
[DEBUG] 2017-07-05 17:48:02,312 method:org.apache.http.impl.conn.Wire.wire(Wire.java:73)
http-outgoing-60 << "Connection:close[\r][\n]"
[DEBUG] 2017-07-05 17:48:02,312 method:org.apache.http.impl.conn.Wire.wire(Wire.java:73)
http-outgoing-60 << "[\r][\n]"
[DEBUG] 2017-07-05 17:48:02,312 method:org.apache.http.impl.conn.Wire.wire(Wire.java:87)
http-outgoing-60 << "{"sessionId":"e397bb8b4943a2405e3c8c0263ada937","status":0,"value":[{"ELEMENT":"0.17472881585222777-5"}]}"
[DEBUG] 2017-07-05 17:48:02,312 method:org.apache.http.impl.conn.LoggingManagedHttpClientConnection.onResponseReceived(LoggingManagedHttpClientConnection.java:122)
http-outgoing-60 << HTTP/1.1 200 OK
[DEBUG] 2017-07-05 17:48:02,312 method:org.apache.http.impl.conn.LoggingManagedHttpClientConnection.onResponseReceived(LoggingManagedHttpClientConnection.java:125)
http-outgoing-60 << Content-Length:105
[DEBUG] 2017-07-05 17:48:02,312 method:org.apache.http.impl.conn.LoggingManagedHttpClientConnection.onResponseReceived(LoggingManagedHttpClientConnection.java:125)
http-outgoing-60 << Content-Type:application/json; charset=utf-8
[DEBUG] 2017-07-05 17:48:02,312 method:org.apache.http.impl.conn.LoggingManagedHttpClientConnection.onResponseReceived(LoggingManagedHttpClientConnection.java:125)
http-outgoing-60 << Connection:close
[DEBUG] 2017-07-05 17:48:02,313 method:org.apache.http.impl.conn.LoggingManagedHttpClientConnection.close(LoggingManagedHttpClientConnection.java:79)
http-outgoing-60: Close connection
[DEBUG] 2017-07-05 17:48:02,313 method:org.apache.http.impl.execchain.ConnectionHolder.releaseConnection(ConnectionHolder.java:104)
Connection discarded
[DEBUG] 2017-07-05 17:48:02,313 method:org.apache.http.impl.conn.PoolingHttpClientConnectionManager.releaseConnection(PoolingHttpClientConnectionManager.java:326)
Connection released: [id: 60][route: {}->http://localhost:5726][total kept alive: 0; route allocated: 0 of 2000; total allocated: 0 of 2000]
[DEBUG] 2017-07-05 17:48:03,116 method:org.apache.http.client.protocol.RequestAddCookies.process(RequestAddCookies.java:123)
CookieSpec selected: default
[DEBUG] 2017-07-05 17:48:03,116 method:org.apache.http.client.protocol.RequestAuthCache.process(RequestAuthCache.java:77)
Auth cache not set in the context
[DEBUG] 2017-07-05 17:48:03,116 method:org.apache.http.impl.conn.PoolingHttpClientConnectionManager.requestConnection(PoolingHttpClientConnectionManager.java:255)
Connection request: [route: {}->http://localhost:5726][total kept alive: 0; route allocated: 0 of 2000; total allocated: 0 of 2000]
[DEBUG] 2017-07-05 17:48:03,117 method:org.apache.http.impl.conn.PoolingHttpClientConnectionManager.leaseConnection(PoolingHttpClientConnectionManager.java:288)
Connection leased: [id: 61][route: {}->http://localhost:5726][total kept alive: 0; route allocated: 1 of 2000; total allocated: 1 of 2000]
[DEBUG] 2017-07-05 17:48:03,117 method:org.apache.http.impl.execchain.MainClientExec.execute(MainClientExec.java:235)
Opening connection {}->http://localhost:5726
[DEBUG] 2017-07-05 17:48:03,118 method:org.apache.http.impl.conn.DefaultHttpClientConnectionOperator.connect(DefaultHttpClientConnectionOperator.java:139)
Connecting to localhost/127.0.0.1:5726
[DEBUG] 2017-07-05 17:48:03,119 method:org.apache.http.impl.conn.DefaultHttpClientConnectionOperator.connect(DefaultHttpClientConnectionOperator.java:146)
Connection established 127.0.0.1:63150<->127.0.0.1:5726
[DEBUG] 2017-07-05 17:48:03,119 method:org.apache.http.impl.conn.LoggingManagedHttpClientConnection.setSocketTimeout(LoggingManagedHttpClientConnection.java:88)
http-outgoing-61: set socket timeout to 10800000
[DEBUG] 2017-07-05 17:48:03,119 method:org.apache.http.impl.execchain.MainClientExec.execute(MainClientExec.java:256)
Executing request POST /session/e397bb8b4943a2405e3c8c0263ada937/element HTTP/1.1
[DEBUG] 2017-07-05 17:48:03,120 method:org.apache.http.impl.execchain.MainClientExec.execute(MainClientExec.java:261)
Target auth state: UNCHALLENGED
[DEBUG] 2017-07-05 17:48:03,120 method:org.apache.http.impl.execchain.MainClientExec.execute(MainClientExec.java:267)
Proxy auth state: UNCHALLENGED
[DEBUG] 2017-07-05 17:48:03,120 method:org.apache.http.impl.conn.LoggingManagedHttpClientConnection.onRequestSubmitted(LoggingManagedHttpClientConnection.java:133)
http-outgoing-61 >> POST /session/e397bb8b4943a2405e3c8c0263ada937/element HTTP/1.1
[DEBUG] 2017-07-05 17:48:03,121 method:org.apache.http.impl.conn.LoggingManagedHttpClientConnection.onRequestSubmitted(LoggingManagedHttpClientConnection.java:136)
http-outgoing-61 >> Content-Type: application/json; charset=utf-8
[DEBUG] 2017-07-05 17:48:03,121 method:org.apache.http.impl.conn.LoggingManagedHttpClientConnection.onRequestSubmitted(LoggingManagedHttpClientConnection.java:136)
http-outgoing-61 >> Content-Length: 51
[DEBUG] 2017-07-05 17:48:03,121 method:org.apache.http.impl.conn.LoggingManagedHttpClientConnection.onRequestSubmitted(LoggingManagedHttpClientConnection.java:136)
http-outgoing-61 >> Host: localhost:5726
[DEBUG] 2017-07-05 17:48:03,121 method:org.apache.http.impl.conn.LoggingManagedHttpClientConnection.onRequestSubmitted(LoggingManagedHttpClientConnection.java:136)
http-outgoing-61 >> Connection: Keep-Alive
[DEBUG] 2017-07-05 17:48:03,122 method:org.apache.http.impl.conn.LoggingManagedHttpClientConnection.onRequestSubmitted(LoggingManagedHttpClientConnection.java:136)
http-outgoing-61 >> User-Agent: Apache-HttpClient/4.5.3 (Java/1.8.0_111)
[DEBUG] 2017-07-05 17:48:03,122 method:org.apache.http.impl.conn.LoggingManagedHttpClientConnection.onRequestSubmitted(LoggingManagedHttpClientConnection.java:136)
http-outgoing-61 >> Accept-Encoding: gzip,deflate
[DEBUG] 2017-07-05 17:48:03,122 method:org.apache.http.impl.conn.Wire.wire(Wire.java:73)
http-outgoing-61 >> "POST /session/e397bb8b4943a2405e3c8c0263ada937/element HTTP/1.1[\r][\n]"
[DEBUG] 2017-07-05 17:48:03,123 method:org.apache.http.impl.conn.Wire.wire(Wire.java:73)
http-outgoing-61 >> "Content-Type: application/json; charset=utf-8[\r][\n]"
[DEBUG] 2017-07-05 17:48:03,123 method:org.apache.http.impl.conn.Wire.wire(Wire.java:73)
http-outgoing-61 >> "Content-Length: 51[\r][\n]"
[DEBUG] 2017-07-05 17:48:03,123 method:org.apache.http.impl.conn.Wire.wire(Wire.java:73)
http-outgoing-61 >> "Host: localhost:5726[\r][\n]"
[DEBUG] 2017-07-05 17:48:03,123 method:org.apache.http.impl.conn.Wire.wire(Wire.java:73)
http-outgoing-61 >> "Connection: Keep-Alive[\r][\n]"
[DEBUG] 2017-07-05 17:48:03,124 method:org.apache.http.impl.conn.Wire.wire(Wire.java:73)
http-outgoing-61 >> "User-Agent: Apache-HttpClient/4.5.3 (Java/1.8.0_111)[\r][\n]"
[DEBUG] 2017-07-05 17:48:03,127 method:org.apache.http.impl.conn.Wire.wire(Wire.java:73)
http-outgoing-61 >> "Accept-Encoding: gzip,deflate[\r][\n]"
[DEBUG] 2017-07-05 17:48:03,128 method:org.apache.http.impl.conn.Wire.wire(Wire.java:73)
http-outgoing-61 >> "[\r][\n]"
[DEBUG] 2017-07-05 17:48:03,128 method:org.apache.http.impl.conn.Wire.wire(Wire.java:87)
http-outgoing-61 >> "{"using":"xpath","value":"(//*[@id=\"users\"])[1]"}"
[DEBUG] 2017-07-05 17:48:03,162 method:org.apache.http.impl.conn.Wire.wire(Wire.java:73)
http-outgoing-61 << "HTTP/1.1 200 OK[\r][\n]"
[DEBUG] 2017-07-05 17:48:03,162 method:org.apache.http.impl.conn.Wire.wire(Wire.java:73)
http-outgoing-61 << "Content-Length:103[\r][\n]"
[DEBUG] 2017-07-05 17:48:03,162 method:org.apache.http.impl.conn.Wire.wire(Wire.java:73)
http-outgoing-61 << "Content-Type:application/json; charset=utf-8[\r][\n]"
[DEBUG] 2017-07-05 17:48:03,162 method:org.apache.http.impl.conn.Wire.wire(Wire.java:73)
http-outgoing-61 << "Connection:close[\r][\n]"
[DEBUG] 2017-07-05 17:48:03,163 method:org.apache.http.impl.conn.Wire.wire(Wire.java:73)
http-outgoing-61 << "[\r][\n]"
[DEBUG] 2017-07-05 17:48:03,163 method:org.apache.http.impl.conn.Wire.wire(Wire.java:87)
http-outgoing-61 << "{"sessionId":"e397bb8b4943a2405e3c8c0263ada937","status":0,"value":{"ELEMENT":"0.17472881585222777-5"}}"
[DEBUG] 2017-07-05 17:48:03,163 method:org.apache.http.impl.conn.LoggingManagedHttpClientConnection.onResponseReceived(LoggingManagedHttpClientConnection.java:122)
http-outgoing-61 << HTTP/1.1 200 OK
[DEBUG] 2017-07-05 17:48:03,163 method:org.apache.http.impl.conn.LoggingManagedHttpClientConnection.onResponseReceived(LoggingManagedHttpClientConnection.java:125)
http-outgoing-61 << Content-Length:103
[DEBUG] 2017-07-05 17:48:03,163 method:org.apache.http.impl.conn.LoggingManagedHttpClientConnection.onResponseReceived(LoggingManagedHttpClientConnection.java:125)
http-outgoing-61 << Content-Type:application/json; charset=utf-8
[DEBUG] 2017-07-05 17:48:03,163 method:org.apache.http.impl.conn.LoggingManagedHttpClientConnection.onResponseReceived(LoggingManagedHttpClientConnection.java:125)
http-outgoing-61 << Connection:close
[DEBUG] 2017-07-05 17:48:03,164 method:org.apache.http.impl.conn.LoggingManagedHttpClientConnection.close(LoggingManagedHttpClientConnection.java:79)
http-outgoing-61: Close connection
[DEBUG] 2017-07-05 17:48:03,164 method:org.apache.http.impl.execchain.ConnectionHolder.releaseConnection(ConnectionHolder.java:104)
Connection discarded
[DEBUG] 2017-07-05 17:48:03,164 method:org.apache.http.impl.conn.PoolingHttpClientConnectionManager.releaseConnection(PoolingHttpClientConnectionManager.java:326)
Connection released: [id: 61][route: {}->http://localhost:5726][total kept alive: 0; route allocated: 0 of 2000; total allocated: 0 of 2000]
[DEBUG] 2017-07-05 17:48:03,166 method:org.apache.http.client.protocol.RequestAddCookies.process(RequestAddCookies.java:123)
CookieSpec selected: default
[DEBUG] 2017-07-05 17:48:03,166 method:org.apache.http.client.protocol.RequestAuthCache.process(RequestAuthCache.java:77)
Auth cache not set in the context
[DEBUG] 2017-07-05 17:48:03,166 method:org.apache.http.impl.conn.PoolingHttpClientConnectionManager.requestConnection(PoolingHttpClientConnectionManager.java:255)
Connection request: [route: {}->http://localhost:5726][total kept alive: 0; route allocated: 0 of 2000; total allocated: 0 of 2000]
[DEBUG] 2017-07-05 17:48:03,167 method:org.apache.http.impl.conn.PoolingHttpClientConnectionManager.leaseConnection(PoolingHttpClientConnectionManager.java:288)
Connection leased: [id: 62][route: {}->http://localhost:5726][total kept alive: 0; route allocated: 1 of 2000; total allocated: 1 of 2000]
[DEBUG] 2017-07-05 17:48:03,167 method:org.apache.http.impl.execchain.MainClientExec.execute(MainClientExec.java:235)
Opening connection {}->http://localhost:5726
[DEBUG] 2017-07-05 17:48:03,167 method:org.apache.http.impl.conn.DefaultHttpClientConnectionOperator.connect(DefaultHttpClientConnectionOperator.java:139)
Connecting to localhost/127.0.0.1:5726
[DEBUG] 2017-07-05 17:48:03,168 method:org.apache.http.impl.conn.DefaultHttpClientConnectionOperator.connect(DefaultHttpClientConnectionOperator.java:146)
Connection established 127.0.0.1:63151<->127.0.0.1:5726
[DEBUG] 2017-07-05 17:48:03,168 method:org.apache.http.impl.conn.LoggingManagedHttpClientConnection.setSocketTimeout(LoggingManagedHttpClientConnection.java:88)
http-outgoing-62: set socket timeout to 10800000
[DEBUG] 2017-07-05 17:48:03,168 method:org.apache.http.impl.execchain.MainClientExec.execute(MainClientExec.java:256)
Executing request POST /session/e397bb8b4943a2405e3c8c0263ada937/element/0.17472881585222777-5/value HTTP/1.1
[DEBUG] 2017-07-05 17:48:03,169 method:org.apache.http.impl.execchain.MainClientExec.execute(MainClientExec.java:261)
Target auth state: UNCHALLENGED
[DEBUG] 2017-07-05 17:48:03,169 method:org.apache.http.impl.execchain.MainClientExec.execute(MainClientExec.java:267)
Proxy auth state: UNCHALLENGED
[DEBUG] 2017-07-05 17:48:03,169 method:org.apache.http.impl.conn.LoggingManagedHttpClientConnection.onRequestSubmitted(LoggingManagedHttpClientConnection.java:133)
http-outgoing-62 >> POST /session/e397bb8b4943a2405e3c8c0263ada937/element/0.17472881585222777-5/value HTTP/1.1
[DEBUG] 2017-07-05 17:48:03,169 method:org.apache.http.impl.conn.LoggingManagedHttpClientConnection.onRequestSubmitted(LoggingManagedHttpClientConnection.java:136)
http-outgoing-62 >> Content-Type: application/json; charset=utf-8
[DEBUG] 2017-07-05 17:48:03,169 method:org.apache.http.impl.conn.LoggingManagedHttpClientConnection.onRequestSubmitted(LoggingManagedHttpClientConnection.java:136)
http-outgoing-62 >> Content-Length: 59
[DEBUG] 2017-07-05 17:48:03,169 method:org.apache.http.impl.conn.LoggingManagedHttpClientConnection.onRequestSubmitted(LoggingManagedHttpClientConnection.java:136)
http-outgoing-62 >> Host: localhost:5726
[DEBUG] 2017-07-05 17:48:03,169 method:org.apache.http.impl.conn.LoggingManagedHttpClientConnection.onRequestSubmitted(LoggingManagedHttpClientConnection.java:136)
http-outgoing-62 >> Connection: Keep-Alive
[DEBUG] 2017-07-05 17:48:03,169 method:org.apache.http.impl.conn.LoggingManagedHttpClientConnection.onRequestSubmitted(LoggingManagedHttpClientConnection.java:136)
http-outgoing-62 >> User-Agent: Apache-HttpClient/4.5.3 (Java/1.8.0_111)
[DEBUG] 2017-07-05 17:48:03,170 method:org.apache.http.impl.conn.LoggingManagedHttpClientConnection.onRequestSubmitted(LoggingManagedHttpClientConnection.java:136)
http-outgoing-62 >> Accept-Encoding: gzip,deflate
[DEBUG] 2017-07-05 17:48:03,170 method:org.apache.http.impl.conn.Wire.wire(Wire.java:73)
http-outgoing-62 >> "POST /session/e397bb8b4943a2405e3c8c0263ada937/element/0.17472881585222777-5/value HTTP/1.1[\r][\n]"
[DEBUG] 2017-07-05 17:48:03,170 method:org.apache.http.impl.conn.Wire.wire(Wire.java:73)
http-outgoing-62 >> "Content-Type: application/json; charset=utf-8[\r][\n]"
[DEBUG] 2017-07-05 17:48:03,170 method:org.apache.http.impl.conn.Wire.wire(Wire.java:73)
http-outgoing-62 >> "Content-Length: 59[\r][\n]"
[DEBUG] 2017-07-05 17:48:03,170 method:org.apache.http.impl.conn.Wire.wire(Wire.java:73)
http-outgoing-62 >> "Host: localhost:5726[\r][\n]"
[DEBUG] 2017-07-05 17:48:03,170 method:org.apache.http.impl.conn.Wire.wire(Wire.java:73)
http-outgoing-62 >> "Connection: Keep-Alive[\r][\n]"
[DEBUG] 2017-07-05 17:48:03,170 method:org.apache.http.impl.conn.Wire.wire(Wire.java:73)
http-outgoing-62 >> "User-Agent: Apache-HttpClient/4.5.3 (Java/1.8.0_111)[\r][\n]"
[DEBUG] 2017-07-05 17:48:03,170 method:org.apache.http.impl.conn.Wire.wire(Wire.java:73)
http-outgoing-62 >> "Accept-Encoding: gzip,deflate[\r][\n]"
[DEBUG] 2017-07-05 17:48:03,171 method:org.apache.http.impl.conn.Wire.wire(Wire.java:73)
http-outgoing-62 >> "[\r][\n]"
[DEBUG] 2017-07-05 17:48:03,171 method:org.apache.http.impl.conn.Wire.wire(Wire.java:87)
http-outgoing-62 >> "{"id":"0.17472881585222777-5","value":["sunwei WX444350;"]}"
[DEBUG] 2017-07-05 17:48:03,308 method:org.apache.http.impl.conn.Wire.wire(Wire.java:73)
http-outgoing-62 << "HTTP/1.1 200 OK[\r][\n]"
[DEBUG] 2017-07-05 17:48:03,308 method:org.apache.http.impl.conn.Wire.wire(Wire.java:73)
http-outgoing-62 << "Content-Length:72[\r][\n]"
[DEBUG] 2017-07-05 17:48:03,308 method:org.apache.http.impl.conn.Wire.wire(Wire.java:73)
http-outgoing-62 << "Content-Type:application/json; charset=utf-8[\r][\n]"
[DEBUG] 2017-07-05 17:48:03,308 method:org.apache.http.impl.conn.Wire.wire(Wire.java:73)
http-outgoing-62 << "Connection:close[\r][\n]"
[DEBUG] 2017-07-05 17:48:03,308 method:org.apache.http.impl.conn.Wire.wire(Wire.java:73)
http-outgoing-62 << "[\r][\n]"
[DEBUG] 2017-07-05 17:48:03,309 method:org.apache.http.impl.conn.Wire.wire(Wire.java:87)
http-outgoing-62 << "{"sessionId":"e397bb8b4943a2405e3c8c0263ada937","status":0,"value":null}"
[DEBUG] 2017-07-05 17:48:03,309 method:org.apache.http.impl.conn.LoggingManagedHttpClientConnection.onResponseReceived(LoggingManagedHttpClientConnection.java:122)
http-outgoing-62 << HTTP/1.1 200 OK
[DEBUG] 2017-07-05 17:48:03,309 method:org.apache.http.impl.conn.LoggingManagedHttpClientConnection.onResponseReceived(LoggingManagedHttpClientConnection.java:125)
http-outgoing-62 << Content-Length:72
[DEBUG] 2017-07-05 17:48:03,309 method:org.apache.http.impl.conn.LoggingManagedHttpClientConnection.onResponseReceived(LoggingManagedHttpClientConnection.java:125)
http-outgoing-62 << Content-Type:application/json; charset=utf-8
[DEBUG] 2017-07-05 17:48:03,309 method:org.apache.http.impl.conn.LoggingManagedHttpClientConnection.onResponseReceived(LoggingManagedHttpClientConnection.java:125)
http-outgoing-62 << Connection:close
[DEBUG] 2017-07-05 17:48:03,309 method:org.apache.http.impl.conn.LoggingManagedHttpClientConnection.close(LoggingManagedHttpClientConnection.java:79)
http-outgoing-62: Close connection
[DEBUG] 2017-07-05 17:48:03,309 method:org.apache.http.impl.execchain.ConnectionHolder.releaseConnection(ConnectionHolder.java:104)
Connection discarded
[DEBUG] 2017-07-05 17:48:03,309 method:org.apache.http.impl.conn.PoolingHttpClientConnectionManager.releaseConnection(PoolingHttpClientConnectionManager.java:326)
Connection released: [id: 62][route: {}->http://localhost:5726][total kept alive: 0; route allocated: 0 of 2000; total allocated: 0 of 2000]
(//*[@id="users"])[1]:输入内容==sunwei WX444350;
[DEBUG] 2017-07-05 17:48:03,311 method:org.apache.http.client.protocol.RequestAddCookies.process(RequestAddCookies.java:123)
CookieSpec selected: default
[DEBUG] 2017-07-05 17:48:03,311 method:org.apache.http.client.protocol.RequestAuthCache.process(RequestAuthCache.java:77)
Auth cache not set in the context
[DEBUG] 2017-07-05 17:48:03,311 method:org.apache.http.impl.conn.PoolingHttpClientConnectionManager.requestConnection(PoolingHttpClientConnectionManager.java:255)
Connection request: [route: {}->http://localhost:5726][total kept alive: 0; route allocated: 0 of 2000; total allocated: 0 of 2000]
[DEBUG] 2017-07-05 17:48:03,312 method:org.apache.http.impl.conn.PoolingHttpClientConnectionManager.leaseConnection(PoolingHttpClientConnectionManager.java:288)
Connection leased: [id: 63][route: {}->http://localhost:5726][total kept alive: 0; route allocated: 1 of 2000; total allocated: 1 of 2000]
[DEBUG] 2017-07-05 17:48:03,312 method:org.apache.http.impl.execchain.MainClientExec.execute(MainClientExec.java:235)
Opening connection {}->http://localhost:5726
[DEBUG] 2017-07-05 17:48:03,312 method:org.apache.http.impl.conn.DefaultHttpClientConnectionOperator.connect(DefaultHttpClientConnectionOperator.java:139)
Connecting to localhost/127.0.0.1:5726
[DEBUG] 2017-07-05 17:48:03,313 method:org.apache.http.impl.conn.DefaultHttpClientConnectionOperator.connect(DefaultHttpClientConnectionOperator.java:146)
Connection established 127.0.0.1:63152<->127.0.0.1:5726
[DEBUG] 2017-07-05 17:48:03,313 method:org.apache.http.impl.conn.LoggingManagedHttpClientConnection.setSocketTimeout(LoggingManagedHttpClientConnection.java:88)
http-outgoing-63: set socket timeout to 10800000
[DEBUG] 2017-07-05 17:48:03,313 method:org.apache.http.impl.execchain.MainClientExec.execute(MainClientExec.java:256)
Executing request POST /session/e397bb8b4943a2405e3c8c0263ada937/elements HTTP/1.1
[DEBUG] 2017-07-05 17:48:03,313 method:org.apache.http.impl.execchain.MainClientExec.execute(MainClientExec.java:261)
Target auth state: UNCHALLENGED
[DEBUG] 2017-07-05 17:48:03,314 method:org.apache.http.impl.execchain.MainClientExec.execute(MainClientExec.java:267)
Proxy auth state: UNCHALLENGED
[DEBUG] 2017-07-05 17:48:03,314 method:org.apache.http.impl.conn.LoggingManagedHttpClientConnection.onRequestSubmitted(LoggingManagedHttpClientConnection.java:133)
http-outgoing-63 >> POST /session/e397bb8b4943a2405e3c8c0263ada937/elements HTTP/1.1
[DEBUG] 2017-07-05 17:48:03,314 method:org.apache.http.impl.conn.LoggingManagedHttpClientConnection.onRequestSubmitted(LoggingManagedHttpClientConnection.java:136)
http-outgoing-63 >> Content-Type: application/json; charset=utf-8
[DEBUG] 2017-07-05 17:48:03,314 method:org.apache.http.impl.conn.LoggingManagedHttpClientConnection.onRequestSubmitted(LoggingManagedHttpClientConnection.java:136)
http-outgoing-63 >> Content-Length: 51
[DEBUG] 2017-07-05 17:48:03,314 method:org.apache.http.impl.conn.LoggingManagedHttpClientConnection.onRequestSubmitted(LoggingManagedHttpClientConnection.java:136)
http-outgoing-63 >> Host: localhost:5726
[DEBUG] 2017-07-05 17:48:03,314 method:org.apache.http.impl.conn.LoggingManagedHttpClientConnection.onRequestSubmitted(LoggingManagedHttpClientConnection.java:136)
http-outgoing-63 >> Connection: Keep-Alive
[DEBUG] 2017-07-05 17:48:03,314 method:org.apache.http.impl.conn.LoggingManagedHttpClientConnection.onRequestSubmitted(LoggingManagedHttpClientConnection.java:136)
http-outgoing-63 >> User-Agent: Apache-HttpClient/4.5.3 (Java/1.8.0_111)
[DEBUG] 2017-07-05 17:48:03,314 method:org.apache.http.impl.conn.LoggingManagedHttpClientConnection.onRequestSubmitted(LoggingManagedHttpClientConnection.java:136)
http-outgoing-63 >> Accept-Encoding: gzip,deflate
[DEBUG] 2017-07-05 17:48:03,314 method:org.apache.http.impl.conn.Wire.wire(Wire.java:73)
http-outgoing-63 >> "POST /session/e397bb8b4943a2405e3c8c0263ada937/elements HTTP/1.1[\r][\n]"
[DEBUG] 2017-07-05 17:48:03,315 method:org.apache.http.impl.conn.Wire.wire(Wire.java:73)
http-outgoing-63 >> "Content-Type: application/json; charset=utf-8[\r][\n]"
[DEBUG] 2017-07-05 17:48:03,315 method:org.apache.http.impl.conn.Wire.wire(Wire.java:73)
http-outgoing-63 >> "Content-Length: 51[\r][\n]"
[DEBUG] 2017-07-05 17:48:03,315 method:org.apache.http.impl.conn.Wire.wire(Wire.java:73)
http-outgoing-63 >> "Host: localhost:5726[\r][\n]"
[DEBUG] 2017-07-05 17:48:03,315 method:org.apache.http.impl.conn.Wire.wire(Wire.java:73)
http-outgoing-63 >> "Connection: Keep-Alive[\r][\n]"
[DEBUG] 2017-07-05 17:48:03,315 method:org.apache.http.impl.conn.Wire.wire(Wire.java:73)
http-outgoing-63 >> "User-Agent: Apache-HttpClient/4.5.3 (Java/1.8.0_111)[\r][\n]"
[DEBUG] 2017-07-05 17:48:03,315 method:org.apache.http.impl.conn.Wire.wire(Wire.java:73)
http-outgoing-63 >> "Accept-Encoding: gzip,deflate[\r][\n]"
[DEBUG] 2017-07-05 17:48:03,315 method:org.apache.http.impl.conn.Wire.wire(Wire.java:73)
http-outgoing-63 >> "[\r][\n]"
[DEBUG] 2017-07-05 17:48:03,315 method:org.apache.http.impl.conn.Wire.wire(Wire.java:87)
http-outgoing-63 >> "{"using":"xpath","value":"(//*[@id=\"users\"])[2]"}"
[DEBUG] 2017-07-05 17:48:03,339 method:org.apache.http.impl.conn.Wire.wire(Wire.java:73)
http-outgoing-63 << "HTTP/1.1 200 OK[\r][\n]"
[DEBUG] 2017-07-05 17:48:03,340 method:org.apache.http.impl.conn.Wire.wire(Wire.java:73)
http-outgoing-63 << "Content-Length:105[\r][\n]"
[DEBUG] 2017-07-05 17:48:03,340 method:org.apache.http.impl.conn.Wire.wire(Wire.java:73)
http-outgoing-63 << "Content-Type:application/json; charset=utf-8[\r][\n]"
[DEBUG] 2017-07-05 17:48:03,340 method:org.apache.http.impl.conn.Wire.wire(Wire.java:73)
http-outgoing-63 << "Connection:close[\r][\n]"
[DEBUG] 2017-07-05 17:48:03,340 method:org.apache.http.impl.conn.Wire.wire(Wire.java:73)
http-outgoing-63 << "[\r][\n]"
[DEBUG] 2017-07-05 17:48:03,340 method:org.apache.http.impl.conn.Wire.wire(Wire.java:87)
http-outgoing-63 << "{"sessionId":"e397bb8b4943a2405e3c8c0263ada937","status":0,"value":[{"ELEMENT":"0.17472881585222777-6"}]}"
[DEBUG] 2017-07-05 17:48:03,340 method:org.apache.http.impl.conn.LoggingManagedHttpClientConnection.onResponseReceived(LoggingManagedHttpClientConnection.java:122)
http-outgoing-63 << HTTP/1.1 200 OK
[DEBUG] 2017-07-05 17:48:03,341 method:org.apache.http.impl.conn.LoggingManagedHttpClientConnection.onResponseReceived(LoggingManagedHttpClientConnection.java:125)
http-outgoing-63 << Content-Length:105
[DEBUG] 2017-07-05 17:48:03,341 method:org.apache.http.impl.conn.LoggingManagedHttpClientConnection.onResponseReceived(LoggingManagedHttpClientConnection.java:125)
http-outgoing-63 << Content-Type:application/json; charset=utf-8
[DEBUG] 2017-07-05 17:48:03,341 method:org.apache.http.impl.conn.LoggingManagedHttpClientConnection.onResponseReceived(LoggingManagedHttpClientConnection.java:125)
http-outgoing-63 << Connection:close
[DEBUG] 2017-07-05 17:48:03,341 method:org.apache.http.impl.conn.LoggingManagedHttpClientConnection.close(LoggingManagedHttpClientConnection.java:79)
http-outgoing-63: Close connection
[DEBUG] 2017-07-05 17:48:03,341 method:org.apache.http.impl.execchain.ConnectionHolder.releaseConnection(ConnectionHolder.java:104)
Connection discarded
[DEBUG] 2017-07-05 17:48:03,341 method:org.apache.http.impl.conn.PoolingHttpClientConnectionManager.releaseConnection(PoolingHttpClientConnectionManager.java:326)
Connection released: [id: 63][route: {}->http://localhost:5726][total kept alive: 0; route allocated: 0 of 2000; total allocated: 0 of 2000]
[DEBUG] 2017-07-05 17:48:04,144 method:org.apache.http.client.protocol.RequestAddCookies.process(RequestAddCookies.java:123)
CookieSpec selected: default
[DEBUG] 2017-07-05 17:48:04,144 method:org.apache.http.client.protocol.RequestAuthCache.process(RequestAuthCache.java:77)
Auth cache not set in the context
[DEBUG] 2017-07-05 17:48:04,145 method:org.apache.http.impl.conn.PoolingHttpClientConnectionManager.requestConnection(PoolingHttpClientConnectionManager.java:255)
Connection request: [route: {}->http://localhost:5726][total kept alive: 0; route allocated: 0 of 2000; total allocated: 0 of 2000]
[DEBUG] 2017-07-05 17:48:04,145 method:org.apache.http.impl.conn.PoolingHttpClientConnectionManager.leaseConnection(PoolingHttpClientConnectionManager.java:288)
Connection leased: [id: 64][route: {}->http://localhost:5726][total kept alive: 0; route allocated: 1 of 2000; total allocated: 1 of 2000]
[DEBUG] 2017-07-05 17:48:04,145 method:org.apache.http.impl.execchain.MainClientExec.execute(MainClientExec.java:235)
Opening connection {}->http://localhost:5726
[DEBUG] 2017-07-05 17:48:04,146 method:org.apache.http.impl.conn.DefaultHttpClientConnectionOperator.connect(DefaultHttpClientConnectionOperator.java:139)
Connecting to localhost/127.0.0.1:5726
[DEBUG] 2017-07-05 17:48:04,147 method:org.apache.http.impl.conn.DefaultHttpClientConnectionOperator.connect(DefaultHttpClientConnectionOperator.java:146)
Connection established 127.0.0.1:63153<->127.0.0.1:5726
[DEBUG] 2017-07-05 17:48:04,147 method:org.apache.http.impl.conn.LoggingManagedHttpClientConnection.setSocketTimeout(LoggingManagedHttpClientConnection.java:88)
http-outgoing-64: set socket timeout to 10800000
[DEBUG] 2017-07-05 17:48:04,148 method:org.apache.http.impl.execchain.MainClientExec.execute(MainClientExec.java:256)
Executing request POST /session/e397bb8b4943a2405e3c8c0263ada937/element HTTP/1.1
[DEBUG] 2017-07-05 17:48:04,148 method:org.apache.http.impl.execchain.MainClientExec.execute(MainClientExec.java:261)
Target auth state: UNCHALLENGED
[DEBUG] 2017-07-05 17:48:04,148 method:org.apache.http.impl.execchain.MainClientExec.execute(MainClientExec.java:267)
Proxy auth state: UNCHALLENGED
[DEBUG] 2017-07-05 17:48:04,149 method:org.apache.http.impl.conn.LoggingManagedHttpClientConnection.onRequestSubmitted(LoggingManagedHttpClientConnection.java:133)
http-outgoing-64 >> POST /session/e397bb8b4943a2405e3c8c0263ada937/element HTTP/1.1
[DEBUG] 2017-07-05 17:48:04,149 method:org.apache.http.impl.conn.LoggingManagedHttpClientConnection.onRequestSubmitted(LoggingManagedHttpClientConnection.java:136)
http-outgoing-64 >> Content-Type: application/json; charset=utf-8
[DEBUG] 2017-07-05 17:48:04,149 method:org.apache.http.impl.conn.LoggingManagedHttpClientConnection.onRequestSubmitted(LoggingManagedHttpClientConnection.java:136)
http-outgoing-64 >> Content-Length: 51
[DEBUG] 2017-07-05 17:48:04,149 method:org.apache.http.impl.conn.LoggingManagedHttpClientConnection.onRequestSubmitted(LoggingManagedHttpClientConnection.java:136)
http-outgoing-64 >> Host: localhost:5726
[DEBUG] 2017-07-05 17:48:04,150 method:org.apache.http.impl.conn.LoggingManagedHttpClientConnection.onRequestSubmitted(LoggingManagedHttpClientConnection.java:136)
http-outgoing-64 >> Connection: Keep-Alive
[DEBUG] 2017-07-05 17:48:04,150 method:org.apache.http.impl.conn.LoggingManagedHttpClientConnection.onRequestSubmitted(LoggingManagedHttpClientConnection.java:136)
http-outgoing-64 >> User-Agent: Apache-HttpClient/4.5.3 (Java/1.8.0_111)
[DEBUG] 2017-07-05 17:48:04,150 method:org.apache.http.impl.conn.LoggingManagedHttpClientConnection.onRequestSubmitted(LoggingManagedHttpClientConnection.java:136)
http-outgoing-64 >> Accept-Encoding: gzip,deflate
[DEBUG] 2017-07-05 17:48:04,150 method:org.apache.http.impl.conn.Wire.wire(Wire.java:73)
http-outgoing-64 >> "POST /session/e397bb8b4943a2405e3c8c0263ada937/element HTTP/1.1[\r][\n]"
[DEBUG] 2017-07-05 17:48:04,151 method:org.apache.http.impl.conn.Wire.wire(Wire.java:73)
http-outgoing-64 >> "Content-Type: application/json; charset=utf-8[\r][\n]"
[DEBUG] 2017-07-05 17:48:04,151 method:org.apache.http.impl.conn.Wire.wire(Wire.java:73)
http-outgoing-64 >> "Content-Length: 51[\r][\n]"
[DEBUG] 2017-07-05 17:48:04,151 method:org.apache.http.impl.conn.Wire.wire(Wire.java:73)
http-outgoing-64 >> "Host: localhost:5726[\r][\n]"
[DEBUG] 2017-07-05 17:48:04,151 method:org.apache.http.impl.conn.Wire.wire(Wire.java:73)
http-outgoing-64 >> "Connection: Keep-Alive[\r][\n]"
[DEBUG] 2017-07-05 17:48:04,152 method:org.apache.http.impl.conn.Wire.wire(Wire.java:73)
http-outgoing-64 >> "User-Agent: Apache-HttpClient/4.5.3 (Java/1.8.0_111)[\r][\n]"
[DEBUG] 2017-07-05 17:48:04,152 method:org.apache.http.impl.conn.Wire.wire(Wire.java:73)
http-outgoing-64 >> "Accept-Encoding: gzip,deflate[\r][\n]"
[DEBUG] 2017-07-05 17:48:04,152 method:org.apache.http.impl.conn.Wire.wire(Wire.java:73)
http-outgoing-64 >> "[\r][\n]"
[DEBUG] 2017-07-05 17:48:04,153 method:org.apache.http.impl.conn.Wire.wire(Wire.java:87)
http-outgoing-64 >> "{"using":"xpath","value":"(//*[@id=\"users\"])[2]"}"
[DEBUG] 2017-07-05 17:48:04,183 method:org.apache.http.impl.conn.Wire.wire(Wire.java:73)
http-outgoing-64 << "HTTP/1.1 200 OK[\r][\n]"
[DEBUG] 2017-07-05 17:48:04,183 method:org.apache.http.impl.conn.Wire.wire(Wire.java:73)
http-outgoing-64 << "Content-Length:103[\r][\n]"
[DEBUG] 2017-07-05 17:48:04,183 method:org.apache.http.impl.conn.Wire.wire(Wire.java:73)
http-outgoing-64 << "Content-Type:application/json; charset=utf-8[\r][\n]"
[DEBUG] 2017-07-05 17:48:04,183 method:org.apache.http.impl.conn.Wire.wire(Wire.java:73)
http-outgoing-64 << "Connection:close[\r][\n]"
[DEBUG] 2017-07-05 17:48:04,183 method:org.apache.http.impl.conn.Wire.wire(Wire.java:73)
http-outgoing-64 << "[\r][\n]"
[DEBUG] 2017-07-05 17:48:04,183 method:org.apache.http.impl.conn.Wire.wire(Wire.java:87)
http-outgoing-64 << "{"sessionId":"e397bb8b4943a2405e3c8c0263ada937","status":0,"value":{"ELEMENT":"0.17472881585222777-6"}}"
[DEBUG] 2017-07-05 17:48:04,183 method:org.apache.http.impl.conn.LoggingManagedHttpClientConnection.onResponseReceived(LoggingManagedHttpClientConnection.java:122)
http-outgoing-64 << HTTP/1.1 200 OK
[DEBUG] 2017-07-05 17:48:04,184 method:org.apache.http.impl.conn.LoggingManagedHttpClientConnection.onResponseReceived(LoggingManagedHttpClientConnection.java:125)
http-outgoing-64 << Content-Length:103
[DEBUG] 2017-07-05 17:48:04,184 method:org.apache.http.impl.conn.LoggingManagedHttpClientConnection.onResponseReceived(LoggingManagedHttpClientConnection.java:125)
http-outgoing-64 << Content-Type:application/json; charset=utf-8
[DEBUG] 2017-07-05 17:48:04,184 method:org.apache.http.impl.conn.LoggingManagedHttpClientConnection.onResponseReceived(LoggingManagedHttpClientConnection.java:125)
http-outgoing-64 << Connection:close
[DEBUG] 2017-07-05 17:48:04,184 method:org.apache.http.impl.conn.LoggingManagedHttpClientConnection.close(LoggingManagedHttpClientConnection.java:79)
http-outgoing-64: Close connection
[DEBUG] 2017-07-05 17:48:04,184 method:org.apache.http.impl.execchain.ConnectionHolder.releaseConnection(ConnectionHolder.java:104)
Connection discarded
[DEBUG] 2017-07-05 17:48:04,184 method:org.apache.http.impl.conn.PoolingHttpClientConnectionManager.releaseConnection(PoolingHttpClientConnectionManager.java:326)
Connection released: [id: 64][route: {}->http://localhost:5726][total kept alive: 0; route allocated: 0 of 2000; total allocated: 0 of 2000]
[DEBUG] 2017-07-05 17:48:04,186 method:org.apache.http.client.protocol.RequestAddCookies.process(RequestAddCookies.java:123)
CookieSpec selected: default
[DEBUG] 2017-07-05 17:48:04,186 method:org.apache.http.client.protocol.RequestAuthCache.process(RequestAuthCache.java:77)
Auth cache not set in the context
[DEBUG] 2017-07-05 17:48:04,187 method:org.apache.http.impl.conn.PoolingHttpClientConnectionManager.requestConnection(PoolingHttpClientConnectionManager.java:255)
Connection request: [route: {}->http://localhost:5726][total kept alive: 0; route allocated: 0 of 2000; total allocated: 0 of 2000]
[DEBUG] 2017-07-05 17:48:04,187 method:org.apache.http.impl.conn.PoolingHttpClientConnectionManager.leaseConnection(PoolingHttpClientConnectionManager.java:288)
Connection leased: [id: 65][route: {}->http://localhost:5726][total kept alive: 0; route allocated: 1 of 2000; total allocated: 1 of 2000]
[DEBUG] 2017-07-05 17:48:04,187 method:org.apache.http.impl.execchain.MainClientExec.execute(MainClientExec.java:235)
Opening connection {}->http://localhost:5726
[DEBUG] 2017-07-05 17:48:04,188 method:org.apache.http.impl.conn.DefaultHttpClientConnectionOperator.connect(DefaultHttpClientConnectionOperator.java:139)
Connecting to localhost/127.0.0.1:5726
[DEBUG] 2017-07-05 17:48:04,189 method:org.apache.http.impl.conn.DefaultHttpClientConnectionOperator.connect(DefaultHttpClientConnectionOperator.java:146)
Connection established 127.0.0.1:63154<->127.0.0.1:5726
[DEBUG] 2017-07-05 17:48:04,189 method:org.apache.http.impl.conn.LoggingManagedHttpClientConnection.setSocketTimeout(LoggingManagedHttpClientConnection.java:88)
http-outgoing-65: set socket timeout to 10800000
[DEBUG] 2017-07-05 17:48:04,189 method:org.apache.http.impl.execchain.MainClientExec.execute(MainClientExec.java:256)
Executing request POST /session/e397bb8b4943a2405e3c8c0263ada937/element/0.17472881585222777-6/value HTTP/1.1
[DEBUG] 2017-07-05 17:48:04,189 method:org.apache.http.impl.execchain.MainClientExec.execute(MainClientExec.java:261)
Target auth state: UNCHALLENGED
[DEBUG] 2017-07-05 17:48:04,189 method:org.apache.http.impl.execchain.MainClientExec.execute(MainClientExec.java:267)
Proxy auth state: UNCHALLENGED
[DEBUG] 2017-07-05 17:48:04,189 method:org.apache.http.impl.conn.LoggingManagedHttpClientConnection.onRequestSubmitted(LoggingManagedHttpClientConnection.java:133)
http-outgoing-65 >> POST /session/e397bb8b4943a2405e3c8c0263ada937/element/0.17472881585222777-6/value HTTP/1.1
[DEBUG] 2017-07-05 17:48:04,189 method:org.apache.http.impl.conn.LoggingManagedHttpClientConnection.onRequestSubmitted(LoggingManagedHttpClientConnection.java:136)
http-outgoing-65 >> Content-Type: application/json; charset=utf-8
[DEBUG] 2017-07-05 17:48:04,189 method:org.apache.http.impl.conn.LoggingManagedHttpClientConnection.onRequestSubmitted(LoggingManagedHttpClientConnection.java:136)
http-outgoing-65 >> Content-Length: 59
[DEBUG] 2017-07-05 17:48:04,190 method:org.apache.http.impl.conn.LoggingManagedHttpClientConnection.onRequestSubmitted(LoggingManagedHttpClientConnection.java:136)
http-outgoing-65 >> Host: localhost:5726
[DEBUG] 2017-07-05 17:48:04,190 method:org.apache.http.impl.conn.LoggingManagedHttpClientConnection.onRequestSubmitted(LoggingManagedHttpClientConnection.java:136)
http-outgoing-65 >> Connection: Keep-Alive
[DEBUG] 2017-07-05 17:48:04,190 method:org.apache.http.impl.conn.LoggingManagedHttpClientConnection.onRequestSubmitted(LoggingManagedHttpClientConnection.java:136)
http-outgoing-65 >> User-Agent: Apache-HttpClient/4.5.3 (Java/1.8.0_111)
[DEBUG] 2017-07-05 17:48:04,190 method:org.apache.http.impl.conn.LoggingManagedHttpClientConnection.onRequestSubmitted(LoggingManagedHttpClientConnection.java:136)
http-outgoing-65 >> Accept-Encoding: gzip,deflate
[DEBUG] 2017-07-05 17:48:04,190 method:org.apache.http.impl.conn.Wire.wire(Wire.java:73)
http-outgoing-65 >> "POST /session/e397bb8b4943a2405e3c8c0263ada937/element/0.17472881585222777-6/value HTTP/1.1[\r][\n]"
[DEBUG] 2017-07-05 17:48:04,190 method:org.apache.http.impl.conn.Wire.wire(Wire.java:73)
http-outgoing-65 >> "Content-Type: application/json; charset=utf-8[\r][\n]"
[DEBUG] 2017-07-05 17:48:04,190 method:org.apache.http.impl.conn.Wire.wire(Wire.java:73)
http-outgoing-65 >> "Content-Length: 59[\r][\n]"
[DEBUG] 2017-07-05 17:48:04,190 method:org.apache.http.impl.conn.Wire.wire(Wire.java:73)
http-outgoing-65 >> "Host: localhost:5726[\r][\n]"
[DEBUG] 2017-07-05 17:48:04,190 method:org.apache.http.impl.conn.Wire.wire(Wire.java:73)
http-outgoing-65 >> "Connection: Keep-Alive[\r][\n]"
[DEBUG] 2017-07-05 17:48:04,191 method:org.apache.http.impl.conn.Wire.wire(Wire.java:73)
http-outgoing-65 >> "User-Agent: Apache-HttpClient/4.5.3 (Java/1.8.0_111)[\r][\n]"
[DEBUG] 2017-07-05 17:48:04,191 method:org.apache.http.impl.conn.Wire.wire(Wire.java:73)
http-outgoing-65 >> "Accept-Encoding: gzip,deflate[\r][\n]"
[DEBUG] 2017-07-05 17:48:04,191 method:org.apache.http.impl.conn.Wire.wire(Wire.java:73)
http-outgoing-65 >> "[\r][\n]"
[DEBUG] 2017-07-05 17:48:04,191 method:org.apache.http.impl.conn.Wire.wire(Wire.java:87)
http-outgoing-65 >> "{"id":"0.17472881585222777-6","value":["sunwei WX444350;"]}"
[DEBUG] 2017-07-05 17:48:04,328 method:org.apache.http.impl.conn.Wire.wire(Wire.java:73)
http-outgoing-65 << "HTTP/1.1 200 OK[\r][\n]"
[DEBUG] 2017-07-05 17:48:04,328 method:org.apache.http.impl.conn.Wire.wire(Wire.java:73)
http-outgoing-65 << "Content-Length:72[\r][\n]"
[DEBUG] 2017-07-05 17:48:04,329 method:org.apache.http.impl.conn.Wire.wire(Wire.java:73)
http-outgoing-65 << "Content-Type:application/json; charset=utf-8[\r][\n]"
[DEBUG] 2017-07-05 17:48:04,329 method:org.apache.http.impl.conn.Wire.wire(Wire.java:73)
http-outgoing-65 << "Connection:close[\r][\n]"
[DEBUG] 2017-07-05 17:48:04,329 method:org.apache.http.impl.conn.Wire.wire(Wire.java:73)
http-outgoing-65 << "[\r][\n]"
[DEBUG] 2017-07-05 17:48:04,329 method:org.apache.http.impl.conn.Wire.wire(Wire.java:87)
http-outgoing-65 << "{"sessionId":"e397bb8b4943a2405e3c8c0263ada937","status":0,"value":null}"
[DEBUG] 2017-07-05 17:48:04,329 method:org.apache.http.impl.conn.LoggingManagedHttpClientConnection.onResponseReceived(LoggingManagedHttpClientConnection.java:122)
http-outgoing-65 << HTTP/1.1 200 OK
[DEBUG] 2017-07-05 17:48:04,329 method:org.apache.http.impl.conn.LoggingManagedHttpClientConnection.onResponseReceived(LoggingManagedHttpClientConnection.java:125)
http-outgoing-65 << Content-Length:72
[DEBUG] 2017-07-05 17:48:04,329 method:org.apache.http.impl.conn.LoggingManagedHttpClientConnection.onResponseReceived(LoggingManagedHttpClientConnection.java:125)
http-outgoing-65 << Content-Type:application/json; charset=utf-8
[DEBUG] 2017-07-05 17:48:04,329 method:org.apache.http.impl.conn.LoggingManagedHttpClientConnection.onResponseReceived(LoggingManagedHttpClientConnection.java:125)
http-outgoing-65 << Connection:close
[DEBUG] 2017-07-05 17:48:04,329 method:org.apache.http.impl.conn.LoggingManagedHttpClientConnection.close(LoggingManagedHttpClientConnection.java:79)
http-outgoing-65: Close connection
[DEBUG] 2017-07-05 17:48:04,330 method:org.apache.http.impl.execchain.ConnectionHolder.releaseConnection(ConnectionHolder.java:104)
Connection discarded
[DEBUG] 2017-07-05 17:48:04,330 method:org.apache.http.impl.conn.PoolingHttpClientConnectionManager.releaseConnection(PoolingHttpClientConnectionManager.java:326)
Connection released: [id: 65][route: {}->http://localhost:5726][total kept alive: 0; route allocated: 0 of 2000; total allocated: 0 of 2000]
(//*[@id="users"])[2]:输入内容==sunwei WX444350;
[DEBUG] 2017-07-05 17:48:04,331 method:org.apache.http.client.protocol.RequestAddCookies.process(RequestAddCookies.java:123)
CookieSpec selected: default
[DEBUG] 2017-07-05 17:48:04,332 method:org.apache.http.client.protocol.RequestAuthCache.process(RequestAuthCache.java:77)
Auth cache not set in the context
[DEBUG] 2017-07-05 17:48:04,332 method:org.apache.http.impl.conn.PoolingHttpClientConnectionManager.requestConnection(PoolingHttpClientConnectionManager.java:255)
Connection request: [route: {}->http://localhost:5726][total kept alive: 0; route allocated: 0 of 2000; total allocated: 0 of 2000]
[DEBUG] 2017-07-05 17:48:04,332 method:org.apache.http.impl.conn.PoolingHttpClientConnectionManager.leaseConnection(PoolingHttpClientConnectionManager.java:288)
Connection leased: [id: 66][route: {}->http://localhost:5726][total kept alive: 0; route allocated: 1 of 2000; total allocated: 1 of 2000]
[DEBUG] 2017-07-05 17:48:04,332 method:org.apache.http.impl.execchain.MainClientExec.execute(MainClientExec.java:235)
Opening connection {}->http://localhost:5726
[DEBUG] 2017-07-05 17:48:04,333 method:org.apache.http.impl.conn.DefaultHttpClientConnectionOperator.connect(DefaultHttpClientConnectionOperator.java:139)
Connecting to localhost/127.0.0.1:5726
[DEBUG] 2017-07-05 17:48:04,333 method:org.apache.http.impl.conn.DefaultHttpClientConnectionOperator.connect(DefaultHttpClientConnectionOperator.java:146)
Connection established 127.0.0.1:63155<->127.0.0.1:5726
[DEBUG] 2017-07-05 17:48:04,333 method:org.apache.http.impl.conn.LoggingManagedHttpClientConnection.setSocketTimeout(LoggingManagedHttpClientConnection.java:88)
http-outgoing-66: set socket timeout to 10800000
[DEBUG] 2017-07-05 17:48:04,333 method:org.apache.http.impl.execchain.MainClientExec.execute(MainClientExec.java:256)
Executing request POST /session/e397bb8b4943a2405e3c8c0263ada937/elements HTTP/1.1
[DEBUG] 2017-07-05 17:48:04,333 method:org.apache.http.impl.execchain.MainClientExec.execute(MainClientExec.java:261)
Target auth state: UNCHALLENGED
[DEBUG] 2017-07-05 17:48:04,333 method:org.apache.http.impl.execchain.MainClientExec.execute(MainClientExec.java:267)
Proxy auth state: UNCHALLENGED
[DEBUG] 2017-07-05 17:48:04,334 method:org.apache.http.impl.conn.LoggingManagedHttpClientConnection.onRequestSubmitted(LoggingManagedHttpClientConnection.java:133)
http-outgoing-66 >> POST /session/e397bb8b4943a2405e3c8c0263ada937/elements HTTP/1.1
[DEBUG] 2017-07-05 17:48:04,334 method:org.apache.http.impl.conn.LoggingManagedHttpClientConnection.onRequestSubmitted(LoggingManagedHttpClientConnection.java:136)
http-outgoing-66 >> Content-Type: application/json; charset=utf-8
[DEBUG] 2017-07-05 17:48:04,334 method:org.apache.http.impl.conn.LoggingManagedHttpClientConnection.onRequestSubmitted(LoggingManagedHttpClientConnection.java:136)
http-outgoing-66 >> Content-Length: 90
[DEBUG] 2017-07-05 17:48:04,334 method:org.apache.http.impl.conn.LoggingManagedHttpClientConnection.onRequestSubmitted(LoggingManagedHttpClientConnection.java:136)
http-outgoing-66 >> Host: localhost:5726
[DEBUG] 2017-07-05 17:48:04,334 method:org.apache.http.impl.conn.LoggingManagedHttpClientConnection.onRequestSubmitted(LoggingManagedHttpClientConnection.java:136)
http-outgoing-66 >> Connection: Keep-Alive
[DEBUG] 2017-07-05 17:48:04,334 method:org.apache.http.impl.conn.LoggingManagedHttpClientConnection.onRequestSubmitted(LoggingManagedHttpClientConnection.java:136)
http-outgoing-66 >> User-Agent: Apache-HttpClient/4.5.3 (Java/1.8.0_111)
[DEBUG] 2017-07-05 17:48:04,334 method:org.apache.http.impl.conn.LoggingManagedHttpClientConnection.onRequestSubmitted(LoggingManagedHttpClientConnection.java:136)
http-outgoing-66 >> Accept-Encoding: gzip,deflate
[DEBUG] 2017-07-05 17:48:04,334 method:org.apache.http.impl.conn.Wire.wire(Wire.java:73)
http-outgoing-66 >> "POST /session/e397bb8b4943a2405e3c8c0263ada937/elements HTTP/1.1[\r][\n]"
[DEBUG] 2017-07-05 17:48:04,334 method:org.apache.http.impl.conn.Wire.wire(Wire.java:73)
http-outgoing-66 >> "Content-Type: application/json; charset=utf-8[\r][\n]"
[DEBUG] 2017-07-05 17:48:04,334 method:org.apache.http.impl.conn.Wire.wire(Wire.java:73)
http-outgoing-66 >> "Content-Length: 90[\r][\n]"
[DEBUG] 2017-07-05 17:48:04,335 method:org.apache.http.impl.conn.Wire.wire(Wire.java:73)
http-outgoing-66 >> "Host: localhost:5726[\r][\n]"
[DEBUG] 2017-07-05 17:48:04,335 method:org.apache.http.impl.conn.Wire.wire(Wire.java:73)
http-outgoing-66 >> "Connection: Keep-Alive[\r][\n]"
[DEBUG] 2017-07-05 17:48:04,335 method:org.apache.http.impl.conn.Wire.wire(Wire.java:73)
http-outgoing-66 >> "User-Agent: Apache-HttpClient/4.5.3 (Java/1.8.0_111)[\r][\n]"
[DEBUG] 2017-07-05 17:48:04,335 method:org.apache.http.impl.conn.Wire.wire(Wire.java:73)
http-outgoing-66 >> "Accept-Encoding: gzip,deflate[\r][\n]"
[DEBUG] 2017-07-05 17:48:04,335 method:org.apache.http.impl.conn.Wire.wire(Wire.java:73)
http-outgoing-66 >> "[\r][\n]"
[DEBUG] 2017-07-05 17:48:04,335 method:org.apache.http.impl.conn.Wire.wire(Wire.java:87)
http-outgoing-66 >> "{"using":"xpath","value":"//*[@id=\"wiseoper-content\"]/div[3]/form/div/div[3]/button[1]"}"
[DEBUG] 2017-07-05 17:48:04,378 method:org.apache.http.impl.conn.Wire.wire(Wire.java:73)
http-outgoing-66 << "HTTP/1.1 200 OK[\r][\n]"
[DEBUG] 2017-07-05 17:48:04,378 method:org.apache.http.impl.conn.Wire.wire(Wire.java:73)
http-outgoing-66 << "Content-Length:105[\r][\n]"
[DEBUG] 2017-07-05 17:48:04,379 method:org.apache.http.impl.conn.Wire.wire(Wire.java:73)
http-outgoing-66 << "Content-Type:application/json; charset=utf-8[\r][\n]"
[DEBUG] 2017-07-05 17:48:04,379 method:org.apache.http.impl.conn.Wire.wire(Wire.java:73)
http-outgoing-66 << "Connection:close[\r][\n]"
[DEBUG] 2017-07-05 17:48:04,379 method:org.apache.http.impl.conn.Wire.wire(Wire.java:73)
http-outgoing-66 << "[\r][\n]"
[DEBUG] 2017-07-05 17:48:04,379 method:org.apache.http.impl.conn.Wire.wire(Wire.java:87)
http-outgoing-66 << "{"sessionId":"e397bb8b4943a2405e3c8c0263ada937","status":0,"value":[{"ELEMENT":"0.17472881585222777-7"}]}"
[DEBUG] 2017-07-05 17:48:04,379 method:org.apache.http.impl.conn.LoggingManagedHttpClientConnection.onResponseReceived(LoggingManagedHttpClientConnection.java:122)
http-outgoing-66 << HTTP/1.1 200 OK
[DEBUG] 2017-07-05 17:48:04,379 method:org.apache.http.impl.conn.LoggingManagedHttpClientConnection.onResponseReceived(LoggingManagedHttpClientConnection.java:125)
http-outgoing-66 << Content-Length:105
[DEBUG] 2017-07-05 17:48:04,379 method:org.apache.http.impl.conn.LoggingManagedHttpClientConnection.onResponseReceived(LoggingManagedHttpClientConnection.java:125)
http-outgoing-66 << Content-Type:application/json; charset=utf-8
[DEBUG] 2017-07-05 17:48:04,379 method:org.apache.http.impl.conn.LoggingManagedHttpClientConnection.onResponseReceived(LoggingManagedHttpClientConnection.java:125)
http-outgoing-66 << Connection:close
[DEBUG] 2017-07-05 17:48:04,379 method:org.apache.http.impl.conn.LoggingManagedHttpClientConnection.close(LoggingManagedHttpClientConnection.java:79)
http-outgoing-66: Close connection
[DEBUG] 2017-07-05 17:48:04,380 method:org.apache.http.impl.execchain.ConnectionHolder.releaseConnection(ConnectionHolder.java:104)
Connection discarded
[DEBUG] 2017-07-05 17:48:04,380 method:org.apache.http.impl.conn.PoolingHttpClientConnectionManager.releaseConnection(PoolingHttpClientConnectionManager.java:326)
Connection released: [id: 66][route: {}->http://localhost:5726][total kept alive: 0; route allocated: 0 of 2000; total allocated: 0 of 2000]
[DEBUG] 2017-07-05 17:48:05,181 method:org.apache.http.client.protocol.RequestAddCookies.process(RequestAddCookies.java:123)
CookieSpec selected: default
[DEBUG] 2017-07-05 17:48:05,182 method:org.apache.http.client.protocol.RequestAuthCache.process(RequestAuthCache.java:77)
Auth cache not set in the context
[DEBUG] 2017-07-05 17:48:05,182 method:org.apache.http.impl.conn.PoolingHttpClientConnectionManager.requestConnection(PoolingHttpClientConnectionManager.java:255)
Connection request: [route: {}->http://localhost:5726][total kept alive: 0; route allocated: 0 of 2000; total allocated: 0 of 2000]
[DEBUG] 2017-07-05 17:48:05,182 method:org.apache.http.impl.conn.PoolingHttpClientConnectionManager.leaseConnection(PoolingHttpClientConnectionManager.java:288)
Connection leased: [id: 67][route: {}->http://localhost:5726][total kept alive: 0; route allocated: 1 of 2000; total allocated: 1 of 2000]
[DEBUG] 2017-07-05 17:48:05,182 method:org.apache.http.impl.execchain.MainClientExec.execute(MainClientExec.java:235)
Opening connection {}->http://localhost:5726
[DEBUG] 2017-07-05 17:48:05,183 method:org.apache.http.impl.conn.DefaultHttpClientConnectionOperator.connect(DefaultHttpClientConnectionOperator.java:139)
Connecting to localhost/127.0.0.1:5726
[DEBUG] 2017-07-05 17:48:05,184 method:org.apache.http.impl.conn.DefaultHttpClientConnectionOperator.connect(DefaultHttpClientConnectionOperator.java:146)
Connection established 127.0.0.1:63156<->127.0.0.1:5726
[DEBUG] 2017-07-05 17:48:05,184 method:org.apache.http.impl.conn.LoggingManagedHttpClientConnection.setSocketTimeout(LoggingManagedHttpClientConnection.java:88)
http-outgoing-67: set socket timeout to 10800000
[DEBUG] 2017-07-05 17:48:05,184 method:org.apache.http.impl.execchain.MainClientExec.execute(MainClientExec.java:256)
Executing request POST /session/e397bb8b4943a2405e3c8c0263ada937/element HTTP/1.1
[DEBUG] 2017-07-05 17:48:05,185 method:org.apache.http.impl.execchain.MainClientExec.execute(MainClientExec.java:261)
Target auth state: UNCHALLENGED
[DEBUG] 2017-07-05 17:48:05,185 method:org.apache.http.impl.execchain.MainClientExec.execute(MainClientExec.java:267)
Proxy auth state: UNCHALLENGED
[DEBUG] 2017-07-05 17:48:05,185 method:org.apache.http.impl.conn.LoggingManagedHttpClientConnection.onRequestSubmitted(LoggingManagedHttpClientConnection.java:133)
http-outgoing-67 >> POST /session/e397bb8b4943a2405e3c8c0263ada937/element HTTP/1.1
[DEBUG] 2017-07-05 17:48:05,185 method:org.apache.http.impl.conn.LoggingManagedHttpClientConnection.onRequestSubmitted(LoggingManagedHttpClientConnection.java:136)
http-outgoing-67 >> Content-Type: application/json; charset=utf-8
[DEBUG] 2017-07-05 17:48:05,185 method:org.apache.http.impl.conn.LoggingManagedHttpClientConnection.onRequestSubmitted(LoggingManagedHttpClientConnection.java:136)
http-outgoing-67 >> Content-Length: 90
[DEBUG] 2017-07-05 17:48:05,185 method:org.apache.http.impl.conn.LoggingManagedHttpClientConnection.onRequestSubmitted(LoggingManagedHttpClientConnection.java:136)
http-outgoing-67 >> Host: localhost:5726
[DEBUG] 2017-07-05 17:48:05,186 method:org.apache.http.impl.conn.LoggingManagedHttpClientConnection.onRequestSubmitted(LoggingManagedHttpClientConnection.java:136)
http-outgoing-67 >> Connection: Keep-Alive
[DEBUG] 2017-07-05 17:48:05,186 method:org.apache.http.impl.conn.LoggingManagedHttpClientConnection.onRequestSubmitted(LoggingManagedHttpClientConnection.java:136)
http-outgoing-67 >> User-Agent: Apache-HttpClient/4.5.3 (Java/1.8.0_111)
[DEBUG] 2017-07-05 17:48:05,186 method:org.apache.http.impl.conn.LoggingManagedHttpClientConnection.onRequestSubmitted(LoggingManagedHttpClientConnection.java:136)
http-outgoing-67 >> Accept-Encoding: gzip,deflate
[DEBUG] 2017-07-05 17:48:05,186 method:org.apache.http.impl.conn.Wire.wire(Wire.java:73)
http-outgoing-67 >> "POST /session/e397bb8b4943a2405e3c8c0263ada937/element HTTP/1.1[\r][\n]"
[DEBUG] 2017-07-05 17:48:05,186 method:org.apache.http.impl.conn.Wire.wire(Wire.java:73)
http-outgoing-67 >> "Content-Type: application/json; charset=utf-8[\r][\n]"
[DEBUG] 2017-07-05 17:48:05,187 method:org.apache.http.impl.conn.Wire.wire(Wire.java:73)
http-outgoing-67 >> "Content-Length: 90[\r][\n]"
[DEBUG] 2017-07-05 17:48:05,187 method:org.apache.http.impl.conn.Wire.wire(Wire.java:73)
http-outgoing-67 >> "Host: localhost:5726[\r][\n]"
[DEBUG] 2017-07-05 17:48:05,187 method:org.apache.http.impl.conn.Wire.wire(Wire.java:73)
http-outgoing-67 >> "Connection: Keep-Alive[\r][\n]"
[DEBUG] 2017-07-05 17:48:05,187 method:org.apache.http.impl.conn.Wire.wire(Wire.java:73)
http-outgoing-67 >> "User-Agent: Apache-HttpClient/4.5.3 (Java/1.8.0_111)[\r][\n]"
[DEBUG] 2017-07-05 17:48:05,188 method:org.apache.http.impl.conn.Wire.wire(Wire.java:73)
http-outgoing-67 >> "Accept-Encoding: gzip,deflate[\r][\n]"
[DEBUG] 2017-07-05 17:48:05,188 method:org.apache.http.impl.conn.Wire.wire(Wire.java:73)
http-outgoing-67 >> "[\r][\n]"
[DEBUG] 2017-07-05 17:48:05,188 method:org.apache.http.impl.conn.Wire.wire(Wire.java:87)
http-outgoing-67 >> "{"using":"xpath","value":"//*[@id=\"wiseoper-content\"]/div[3]/form/div/div[3]/button[1]"}"
[DEBUG] 2017-07-05 17:48:05,229 method:org.apache.http.impl.conn.Wire.wire(Wire.java:73)
http-outgoing-67 << "HTTP/1.1 200 OK[\r][\n]"
[DEBUG] 2017-07-05 17:48:05,229 method:org.apache.http.impl.conn.Wire.wire(Wire.java:73)
http-outgoing-67 << "Content-Length:103[\r][\n]"
[DEBUG] 2017-07-05 17:48:05,230 method:org.apache.http.impl.conn.Wire.wire(Wire.java:73)
http-outgoing-67 << "Content-Type:application/json; charset=utf-8[\r][\n]"
[DEBUG] 2017-07-05 17:48:05,230 method:org.apache.http.impl.conn.Wire.wire(Wire.java:73)
http-outgoing-67 << "Connection:close[\r][\n]"
[DEBUG] 2017-07-05 17:48:05,230 method:org.apache.http.impl.conn.Wire.wire(Wire.java:73)
http-outgoing-67 << "[\r][\n]"
[DEBUG] 2017-07-05 17:48:05,230 method:org.apache.http.impl.conn.Wire.wire(Wire.java:87)
http-outgoing-67 << "{"sessionId":"e397bb8b4943a2405e3c8c0263ada937","status":0,"value":{"ELEMENT":"0.17472881585222777-7"}}"
[DEBUG] 2017-07-05 17:48:05,230 method:org.apache.http.impl.conn.LoggingManagedHttpClientConnection.onResponseReceived(LoggingManagedHttpClientConnection.java:122)
http-outgoing-67 << HTTP/1.1 200 OK
[DEBUG] 2017-07-05 17:48:05,230 method:org.apache.http.impl.conn.LoggingManagedHttpClientConnection.onResponseReceived(LoggingManagedHttpClientConnection.java:125)
http-outgoing-67 << Content-Length:103
[DEBUG] 2017-07-05 17:48:05,231 method:org.apache.http.impl.conn.LoggingManagedHttpClientConnection.onResponseReceived(LoggingManagedHttpClientConnection.java:125)
http-outgoing-67 << Content-Type:application/json; charset=utf-8
[DEBUG] 2017-07-05 17:48:05,231 method:org.apache.http.impl.conn.LoggingManagedHttpClientConnection.onResponseReceived(LoggingManagedHttpClientConnection.java:125)
http-outgoing-67 << Connection:close
[DEBUG] 2017-07-05 17:48:05,231 method:org.apache.http.impl.conn.LoggingManagedHttpClientConnection.close(LoggingManagedHttpClientConnection.java:79)
http-outgoing-67: Close connection
[DEBUG] 2017-07-05 17:48:05,231 method:org.apache.http.impl.execchain.ConnectionHolder.releaseConnection(ConnectionHolder.java:104)
Connection discarded
[DEBUG] 2017-07-05 17:48:05,232 method:org.apache.http.impl.conn.PoolingHttpClientConnectionManager.releaseConnection(PoolingHttpClientConnectionManager.java:326)
Connection released: [id: 67][route: {}->http://localhost:5726][total kept alive: 0; route allocated: 0 of 2000; total allocated: 0 of 2000]
[DEBUG] 2017-07-05 17:48:05,233 method:org.apache.http.client.protocol.RequestAddCookies.process(RequestAddCookies.java:123)
CookieSpec selected: default
[DEBUG] 2017-07-05 17:48:05,233 method:org.apache.http.client.protocol.RequestAuthCache.process(RequestAuthCache.java:77)
Auth cache not set in the context
[DEBUG] 2017-07-05 17:48:05,234 method:org.apache.http.impl.conn.PoolingHttpClientConnectionManager.requestConnection(PoolingHttpClientConnectionManager.java:255)
Connection request: [route: {}->http://localhost:5726][total kept alive: 0; route allocated: 0 of 2000; total allocated: 0 of 2000]
[DEBUG] 2017-07-05 17:48:05,234 method:org.apache.http.impl.conn.PoolingHttpClientConnectionManager.leaseConnection(PoolingHttpClientConnectionManager.java:288)
Connection leased: [id: 68][route: {}->http://localhost:5726][total kept alive: 0; route allocated: 1 of 2000; total allocated: 1 of 2000]
[DEBUG] 2017-07-05 17:48:05,234 method:org.apache.http.impl.execchain.MainClientExec.execute(MainClientExec.java:235)
Opening connection {}->http://localhost:5726
[DEBUG] 2017-07-05 17:48:05,234 method:org.apache.http.impl.conn.DefaultHttpClientConnectionOperator.connect(DefaultHttpClientConnectionOperator.java:139)
Connecting to localhost/127.0.0.1:5726
[DEBUG] 2017-07-05 17:48:05,235 method:org.apache.http.impl.conn.DefaultHttpClientConnectionOperator.connect(DefaultHttpClientConnectionOperator.java:146)
Connection established 127.0.0.1:63157<->127.0.0.1:5726
[DEBUG] 2017-07-05 17:48:05,235 method:org.apache.http.impl.conn.LoggingManagedHttpClientConnection.setSocketTimeout(LoggingManagedHttpClientConnection.java:88)
http-outgoing-68: set socket timeout to 10800000
[DEBUG] 2017-07-05 17:48:05,235 method:org.apache.http.impl.execchain.MainClientExec.execute(MainClientExec.java:256)
Executing request POST /session/e397bb8b4943a2405e3c8c0263ada937/element/0.17472881585222777-7/click HTTP/1.1
[DEBUG] 2017-07-05 17:48:05,235 method:org.apache.http.impl.execchain.MainClientExec.execute(MainClientExec.java:261)
Target auth state: UNCHALLENGED
[DEBUG] 2017-07-05 17:48:05,235 method:org.apache.http.impl.execchain.MainClientExec.execute(MainClientExec.java:267)
Proxy auth state: UNCHALLENGED
[DEBUG] 2017-07-05 17:48:05,236 method:org.apache.http.impl.conn.LoggingManagedHttpClientConnection.onRequestSubmitted(LoggingManagedHttpClientConnection.java:133)
http-outgoing-68 >> POST /session/e397bb8b4943a2405e3c8c0263ada937/element/0.17472881585222777-7/click HTTP/1.1
[DEBUG] 2017-07-05 17:48:05,236 method:org.apache.http.impl.conn.LoggingManagedHttpClientConnection.onRequestSubmitted(LoggingManagedHttpClientConnection.java:136)
http-outgoing-68 >> Content-Type: application/json; charset=utf-8
[DEBUG] 2017-07-05 17:48:05,236 method:org.apache.http.impl.conn.LoggingManagedHttpClientConnection.onRequestSubmitted(LoggingManagedHttpClientConnection.java:136)
http-outgoing-68 >> Content-Length: 30
[DEBUG] 2017-07-05 17:48:05,236 method:org.apache.http.impl.conn.LoggingManagedHttpClientConnection.onRequestSubmitted(LoggingManagedHttpClientConnection.java:136)
http-outgoing-68 >> Host: localhost:5726
[DEBUG] 2017-07-05 17:48:05,236 method:org.apache.http.impl.conn.LoggingManagedHttpClientConnection.onRequestSubmitted(LoggingManagedHttpClientConnection.java:136)
http-outgoing-68 >> Connection: Keep-Alive
[DEBUG] 2017-07-05 17:48:05,236 method:org.apache.http.impl.conn.LoggingManagedHttpClientConnection.onRequestSubmitted(LoggingManagedHttpClientConnection.java:136)
http-outgoing-68 >> User-Agent: Apache-HttpClient/4.5.3 (Java/1.8.0_111)
[DEBUG] 2017-07-05 17:48:05,236 method:org.apache.http.impl.conn.LoggingManagedHttpClientConnection.onRequestSubmitted(LoggingManagedHttpClientConnection.java:136)
http-outgoing-68 >> Accept-Encoding: gzip,deflate
[DEBUG] 2017-07-05 17:48:05,237 method:org.apache.http.impl.conn.Wire.wire(Wire.java:73)
http-outgoing-68 >> "POST /session/e397bb8b4943a2405e3c8c0263ada937/element/0.17472881585222777-7/click HTTP/1.1[\r][\n]"
[DEBUG] 2017-07-05 17:48:05,237 method:org.apache.http.impl.conn.Wire.wire(Wire.java:73)
http-outgoing-68 >> "Content-Type: application/json; charset=utf-8[\r][\n]"
[DEBUG] 2017-07-05 17:48:05,237 method:org.apache.http.impl.conn.Wire.wire(Wire.java:73)
http-outgoing-68 >> "Content-Length: 30[\r][\n]"
[DEBUG] 2017-07-05 17:48:05,237 method:org.apache.http.impl.conn.Wire.wire(Wire.java:73)
http-outgoing-68 >> "Host: localhost:5726[\r][\n]"
[DEBUG] 2017-07-05 17:48:05,237 method:org.apache.http.impl.conn.Wire.wire(Wire.java:73)
http-outgoing-68 >> "Connection: Keep-Alive[\r][\n]"
[DEBUG] 2017-07-05 17:48:05,237 method:org.apache.http.impl.conn.Wire.wire(Wire.java:73)
http-outgoing-68 >> "User-Agent: Apache-HttpClient/4.5.3 (Java/1.8.0_111)[\r][\n]"
[DEBUG] 2017-07-05 17:48:05,237 method:org.apache.http.impl.conn.Wire.wire(Wire.java:73)
http-outgoing-68 >> "Accept-Encoding: gzip,deflate[\r][\n]"
[DEBUG] 2017-07-05 17:48:05,237 method:org.apache.http.impl.conn.Wire.wire(Wire.java:73)
http-outgoing-68 >> "[\r][\n]"
[DEBUG] 2017-07-05 17:48:05,238 method:org.apache.http.impl.conn.Wire.wire(Wire.java:87)
http-outgoing-68 >> "{"id":"0.17472881585222777-7"}"
[DEBUG] 2017-07-05 17:48:05,307 method:org.apache.http.impl.conn.Wire.wire(Wire.java:73)
http-outgoing-68 << "HTTP/1.1 200 OK[\r][\n]"
[DEBUG] 2017-07-05 17:48:05,307 method:org.apache.http.impl.conn.Wire.wire(Wire.java:73)
http-outgoing-68 << "Content-Length:72[\r][\n]"
[DEBUG] 2017-07-05 17:48:05,307 method:org.apache.http.impl.conn.Wire.wire(Wire.java:73)
http-outgoing-68 << "Content-Type:application/json; charset=utf-8[\r][\n]"
[DEBUG] 2017-07-05 17:48:05,307 method:org.apache.http.impl.conn.Wire.wire(Wire.java:73)
http-outgoing-68 << "Connection:close[\r][\n]"
[DEBUG] 2017-07-05 17:48:05,307 method:org.apache.http.impl.conn.Wire.wire(Wire.java:73)
http-outgoing-68 << "[\r][\n]"
[DEBUG] 2017-07-05 17:48:05,307 method:org.apache.http.impl.conn.Wire.wire(Wire.java:87)
http-outgoing-68 << "{"sessionId":"e397bb8b4943a2405e3c8c0263ada937","status":0,"value":null}"
[DEBUG] 2017-07-05 17:48:05,308 method:org.apache.http.impl.conn.LoggingManagedHttpClientConnection.onResponseReceived(LoggingManagedHttpClientConnection.java:122)
http-outgoing-68 << HTTP/1.1 200 OK
[DEBUG] 2017-07-05 17:48:05,308 method:org.apache.http.impl.conn.LoggingManagedHttpClientConnection.onResponseReceived(LoggingManagedHttpClientConnection.java:125)
http-outgoing-68 << Content-Length:72
[DEBUG] 2017-07-05 17:48:05,308 method:org.apache.http.impl.conn.LoggingManagedHttpClientConnection.onResponseReceived(LoggingManagedHttpClientConnection.java:125)
http-outgoing-68 << Content-Type:application/json; charset=utf-8
[DEBUG] 2017-07-05 17:48:05,308 method:org.apache.http.impl.conn.LoggingManagedHttpClientConnection.onResponseReceived(LoggingManagedHttpClientConnection.java:125)
http-outgoing-68 << Connection:close
[DEBUG] 2017-07-05 17:48:05,309 method:org.apache.http.impl.conn.LoggingManagedHttpClientConnection.close(LoggingManagedHttpClientConnection.java:79)
http-outgoing-68: Close connection
[DEBUG] 2017-07-05 17:48:05,310 method:org.apache.http.impl.execchain.ConnectionHolder.releaseConnection(ConnectionHolder.java:104)
Connection discarded
[DEBUG] 2017-07-05 17:48:05,310 method:org.apache.http.impl.conn.PoolingHttpClientConnectionManager.releaseConnection(PoolingHttpClientConnectionManager.java:326)
Connection released: [id: 68][route: {}->http://localhost:5726][total kept alive: 0; route allocated: 0 of 2000; total allocated: 0 of 2000]
点击了==//*[@id="wiseoper-content"]/div[3]/form/div/div[3]/button[1]
[DEBUG] 2017-07-05 17:48:05,314 method:org.apache.http.client.protocol.RequestAddCookies.process(RequestAddCookies.java:123)
CookieSpec selected: default
[DEBUG] 2017-07-05 17:48:05,314 method:org.apache.http.client.protocol.RequestAuthCache.process(RequestAuthCache.java:77)
Auth cache not set in the context
[DEBUG] 2017-07-05 17:48:05,314 method:org.apache.http.impl.conn.PoolingHttpClientConnectionManager.requestConnection(PoolingHttpClientConnectionManager.java:255)
Connection request: [route: {}->http://localhost:5726][total kept alive: 0; route allocated: 0 of 2000; total allocated: 0 of 2000]
[DEBUG] 2017-07-05 17:48:05,314 method:org.apache.http.impl.conn.PoolingHttpClientConnectionManager.leaseConnection(PoolingHttpClientConnectionManager.java:288)
Connection leased: [id: 69][route: {}->http://localhost:5726][total kept alive: 0; route allocated: 1 of 2000; total allocated: 1 of 2000]
[DEBUG] 2017-07-05 17:48:05,314 method:org.apache.http.impl.execchain.MainClientExec.execute(MainClientExec.java:235)
Opening connection {}->http://localhost:5726
[DEBUG] 2017-07-05 17:48:05,315 method:org.apache.http.impl.conn.DefaultHttpClientConnectionOperator.connect(DefaultHttpClientConnectionOperator.java:139)
Connecting to localhost/127.0.0.1:5726
[DEBUG] 2017-07-05 17:48:05,315 method:org.apache.http.impl.conn.DefaultHttpClientConnectionOperator.connect(DefaultHttpClientConnectionOperator.java:146)
Connection established 127.0.0.1:63158<->127.0.0.1:5726
[DEBUG] 2017-07-05 17:48:05,316 method:org.apache.http.impl.conn.LoggingManagedHttpClientConnection.setSocketTimeout(LoggingManagedHttpClientConnection.java:88)
http-outgoing-69: set socket timeout to 10800000
[DEBUG] 2017-07-05 17:48:05,316 method:org.apache.http.impl.execchain.MainClientExec.execute(MainClientExec.java:256)
Executing request POST /session/e397bb8b4943a2405e3c8c0263ada937/elements HTTP/1.1
[DEBUG] 2017-07-05 17:48:05,316 method:org.apache.http.impl.execchain.MainClientExec.execute(MainClientExec.java:261)
Target auth state: UNCHALLENGED
[DEBUG] 2017-07-05 17:48:05,316 method:org.apache.http.impl.execchain.MainClientExec.execute(MainClientExec.java:267)
Proxy auth state: UNCHALLENGED
[DEBUG] 2017-07-05 17:48:05,316 method:org.apache.http.impl.conn.LoggingManagedHttpClientConnection.onRequestSubmitted(LoggingManagedHttpClientConnection.java:133)
http-outgoing-69 >> POST /session/e397bb8b4943a2405e3c8c0263ada937/elements HTTP/1.1
[DEBUG] 2017-07-05 17:48:05,316 method:org.apache.http.impl.conn.LoggingManagedHttpClientConnection.onRequestSubmitted(LoggingManagedHttpClientConnection.java:136)
http-outgoing-69 >> Content-Type: application/json; charset=utf-8
[DEBUG] 2017-07-05 17:48:05,317 method:org.apache.http.impl.conn.LoggingManagedHttpClientConnection.onRequestSubmitted(LoggingManagedHttpClientConnection.java:136)
http-outgoing-69 >> Content-Length: 83
[DEBUG] 2017-07-05 17:48:05,317 method:org.apache.http.impl.conn.LoggingManagedHttpClientConnection.onRequestSubmitted(LoggingManagedHttpClientConnection.java:136)
http-outgoing-69 >> Host: localhost:5726
[DEBUG] 2017-07-05 17:48:05,317 method:org.apache.http.impl.conn.LoggingManagedHttpClientConnection.onRequestSubmitted(LoggingManagedHttpClientConnection.java:136)
http-outgoing-69 >> Connection: Keep-Alive
[DEBUG] 2017-07-05 17:48:05,317 method:org.apache.http.impl.conn.LoggingManagedHttpClientConnection.onRequestSubmitted(LoggingManagedHttpClientConnection.java:136)
http-outgoing-69 >> User-Agent: Apache-HttpClient/4.5.3 (Java/1.8.0_111)
[DEBUG] 2017-07-05 17:48:05,317 method:org.apache.http.impl.conn.LoggingManagedHttpClientConnection.onRequestSubmitted(LoggingManagedHttpClientConnection.java:136)
http-outgoing-69 >> Accept-Encoding: gzip,deflate
[DEBUG] 2017-07-05 17:48:05,317 method:org.apache.http.impl.conn.Wire.wire(Wire.java:73)
http-outgoing-69 >> "POST /session/e397bb8b4943a2405e3c8c0263ada937/elements HTTP/1.1[\r][\n]"
[DEBUG] 2017-07-05 17:48:05,317 method:org.apache.http.impl.conn.Wire.wire(Wire.java:73)
http-outgoing-69 >> "Content-Type: application/json; charset=utf-8[\r][\n]"
[DEBUG] 2017-07-05 17:48:05,317 method:org.apache.http.impl.conn.Wire.wire(Wire.java:73)
http-outgoing-69 >> "Content-Length: 83[\r][\n]"
[DEBUG] 2017-07-05 17:48:05,317 method:org.apache.http.impl.conn.Wire.wire(Wire.java:73)
http-outgoing-69 >> "Host: localhost:5726[\r][\n]"
[DEBUG] 2017-07-05 17:48:05,318 method:org.apache.http.impl.conn.Wire.wire(Wire.java:73)
http-outgoing-69 >> "Connection: Keep-Alive[\r][\n]"
[DEBUG] 2017-07-05 17:48:05,318 method:org.apache.http.impl.conn.Wire.wire(Wire.java:73)
http-outgoing-69 >> "User-Agent: Apache-HttpClient/4.5.3 (Java/1.8.0_111)[\r][\n]"
[DEBUG] 2017-07-05 17:48:05,318 method:org.apache.http.impl.conn.Wire.wire(Wire.java:73)
http-outgoing-69 >> "Accept-Encoding: gzip,deflate[\r][\n]"
[DEBUG] 2017-07-05 17:48:05,318 method:org.apache.http.impl.conn.Wire.wire(Wire.java:73)
http-outgoing-69 >> "[\r][\n]"
[DEBUG] 2017-07-05 17:48:05,318 method:org.apache.http.impl.conn.Wire.wire(Wire.java:87)
http-outgoing-69 >> "{"using":"xpath","value":"//*[@id=\"wiseoper-content\"]/div[3]/div/div[1]/span[3]"}"
[DEBUG] 2017-07-05 17:48:05,344 method:org.apache.http.impl.conn.Wire.wire(Wire.java:73)
http-outgoing-69 << "HTTP/1.1 200 OK[\r][\n]"
[DEBUG] 2017-07-05 17:48:05,344 method:org.apache.http.impl.conn.Wire.wire(Wire.java:73)
http-outgoing-69 << "Content-Length:70[\r][\n]"
[DEBUG] 2017-07-05 17:48:05,344 method:org.apache.http.impl.conn.Wire.wire(Wire.java:73)
http-outgoing-69 << "Content-Type:application/json; charset=utf-8[\r][\n]"
[DEBUG] 2017-07-05 17:48:05,345 method:org.apache.http.impl.conn.Wire.wire(Wire.java:73)
http-outgoing-69 << "Connection:close[\r][\n]"
[DEBUG] 2017-07-05 17:48:05,345 method:org.apache.http.impl.conn.Wire.wire(Wire.java:73)
http-outgoing-69 << "[\r][\n]"
[DEBUG] 2017-07-05 17:48:05,345 method:org.apache.http.impl.conn.Wire.wire(Wire.java:87)
http-outgoing-69 << "{"sessionId":"e397bb8b4943a2405e3c8c0263ada937","status":0,"value":[]}"
[DEBUG] 2017-07-05 17:48:05,345 method:org.apache.http.impl.conn.LoggingManagedHttpClientConnection.onResponseReceived(LoggingManagedHttpClientConnection.java:122)
http-outgoing-69 << HTTP/1.1 200 OK
[DEBUG] 2017-07-05 17:48:05,345 method:org.apache.http.impl.conn.LoggingManagedHttpClientConnection.onResponseReceived(LoggingManagedHttpClientConnection.java:125)
http-outgoing-69 << Content-Length:70
[DEBUG] 2017-07-05 17:48:05,345 method:org.apache.http.impl.conn.LoggingManagedHttpClientConnection.onResponseReceived(LoggingManagedHttpClientConnection.java:125)
http-outgoing-69 << Content-Type:application/json; charset=utf-8
[DEBUG] 2017-07-05 17:48:05,345 method:org.apache.http.impl.conn.LoggingManagedHttpClientConnection.onResponseReceived(LoggingManagedHttpClientConnection.java:125)
http-outgoing-69 << Connection:close
[DEBUG] 2017-07-05 17:48:05,345 method:org.apache.http.impl.conn.LoggingManagedHttpClientConnection.close(LoggingManagedHttpClientConnection.java:79)
http-outgoing-69: Close connection
[DEBUG] 2017-07-05 17:48:05,346 method:org.apache.http.impl.execchain.ConnectionHolder.releaseConnection(ConnectionHolder.java:104)
Connection discarded
[DEBUG] 2017-07-05 17:48:05,346 method:org.apache.http.impl.conn.PoolingHttpClientConnectionManager.releaseConnection(PoolingHttpClientConnectionManager.java:326)
Connection released: [id: 69][route: {}->http://localhost:5726][total kept alive: 0; route allocated: 0 of 2000; total allocated: 0 of 2000]
[DEBUG] 2017-07-05 17:48:05,848 method:org.apache.http.client.protocol.RequestAddCookies.process(RequestAddCookies.java:123)
CookieSpec selected: default
[DEBUG] 2017-07-05 17:48:05,848 method:org.apache.http.client.protocol.RequestAuthCache.process(RequestAuthCache.java:77)
Auth cache not set in the context
[DEBUG] 2017-07-05 17:48:05,849 method:org.apache.http.impl.conn.PoolingHttpClientConnectionManager.requestConnection(PoolingHttpClientConnectionManager.java:255)
Connection request: [route: {}->http://localhost:5726][total kept alive: 0; route allocated: 0 of 2000; total allocated: 0 of 2000]
[DEBUG] 2017-07-05 17:48:05,849 method:org.apache.http.impl.conn.PoolingHttpClientConnectionManager.leaseConnection(PoolingHttpClientConnectionManager.java:288)
Connection leased: [id: 70][route: {}->http://localhost:5726][total kept alive: 0; route allocated: 1 of 2000; total allocated: 1 of 2000]
[DEBUG] 2017-07-05 17:48:05,849 method:org.apache.http.impl.execchain.MainClientExec.execute(MainClientExec.java:235)
Opening connection {}->http://localhost:5726
[DEBUG] 2017-07-05 17:48:05,850 method:org.apache.http.impl.conn.DefaultHttpClientConnectionOperator.connect(DefaultHttpClientConnectionOperator.java:139)
Connecting to localhost/127.0.0.1:5726
[DEBUG] 2017-07-05 17:48:05,851 method:org.apache.http.impl.conn.DefaultHttpClientConnectionOperator.connect(DefaultHttpClientConnectionOperator.java:146)
Connection established 127.0.0.1:63159<->127.0.0.1:5726
[DEBUG] 2017-07-05 17:48:05,852 method:org.apache.http.impl.conn.LoggingManagedHttpClientConnection.setSocketTimeout(LoggingManagedHttpClientConnection.java:88)
http-outgoing-70: set socket timeout to 10800000
[DEBUG] 2017-07-05 17:48:05,852 method:org.apache.http.impl.execchain.MainClientExec.execute(MainClientExec.java:256)
Executing request POST /session/e397bb8b4943a2405e3c8c0263ada937/elements HTTP/1.1
[DEBUG] 2017-07-05 17:48:05,852 method:org.apache.http.impl.execchain.MainClientExec.execute(MainClientExec.java:261)
Target auth state: UNCHALLENGED
[DEBUG] 2017-07-05 17:48:05,853 method:org.apache.http.impl.execchain.MainClientExec.execute(MainClientExec.java:267)
Proxy auth state: UNCHALLENGED
[DEBUG] 2017-07-05 17:48:05,853 method:org.apache.http.impl.conn.LoggingManagedHttpClientConnection.onRequestSubmitted(LoggingManagedHttpClientConnection.java:133)
http-outgoing-70 >> POST /session/e397bb8b4943a2405e3c8c0263ada937/elements HTTP/1.1
[DEBUG] 2017-07-05 17:48:05,853 method:org.apache.http.impl.conn.LoggingManagedHttpClientConnection.onRequestSubmitted(LoggingManagedHttpClientConnection.java:136)
http-outgoing-70 >> Content-Type: application/json; charset=utf-8
[DEBUG] 2017-07-05 17:48:05,854 method:org.apache.http.impl.conn.LoggingManagedHttpClientConnection.onRequestSubmitted(LoggingManagedHttpClientConnection.java:136)
http-outgoing-70 >> Content-Length: 83
[DEBUG] 2017-07-05 17:48:05,854 method:org.apache.http.impl.conn.LoggingManagedHttpClientConnection.onRequestSubmitted(LoggingManagedHttpClientConnection.java:136)
http-outgoing-70 >> Host: localhost:5726
[DEBUG] 2017-07-05 17:48:05,854 method:org.apache.http.impl.conn.LoggingManagedHttpClientConnection.onRequestSubmitted(LoggingManagedHttpClientConnection.java:136)
http-outgoing-70 >> Connection: Keep-Alive
[DEBUG] 2017-07-05 17:48:05,854 method:org.apache.http.impl.conn.LoggingManagedHttpClientConnection.onRequestSubmitted(LoggingManagedHttpClientConnection.java:136)
http-outgoing-70 >> User-Agent: Apache-HttpClient/4.5.3 (Java/1.8.0_111)
[DEBUG] 2017-07-05 17:48:05,854 method:org.apache.http.impl.conn.LoggingManagedHttpClientConnection.onRequestSubmitted(LoggingManagedHttpClientConnection.java:136)
http-outgoing-70 >> Accept-Encoding: gzip,deflate
[DEBUG] 2017-07-05 17:48:05,855 method:org.apache.http.impl.conn.Wire.wire(Wire.java:73)
http-outgoing-70 >> "POST /session/e397bb8b4943a2405e3c8c0263ada937/elements HTTP/1.1[\r][\n]"
[DEBUG] 2017-07-05 17:48:05,855 method:org.apache.http.impl.conn.Wire.wire(Wire.java:73)
http-outgoing-70 >> "Content-Type: application/json; charset=utf-8[\r][\n]"
[DEBUG] 2017-07-05 17:48:05,855 method:org.apache.http.impl.conn.Wire.wire(Wire.java:73)
http-outgoing-70 >> "Content-Length: 83[\r][\n]"
[DEBUG] 2017-07-05 17:48:05,856 method:org.apache.http.impl.conn.Wire.wire(Wire.java:73)
http-outgoing-70 >> "Host: localhost:5726[\r][\n]"
[DEBUG] 2017-07-05 17:48:05,856 method:org.apache.http.impl.conn.Wire.wire(Wire.java:73)
http-outgoing-70 >> "Connection: Keep-Alive[\r][\n]"
[DEBUG] 2017-07-05 17:48:05,856 method:org.apache.http.impl.conn.Wire.wire(Wire.java:73)
http-outgoing-70 >> "User-Agent: Apache-HttpClient/4.5.3 (Java/1.8.0_111)[\r][\n]"
[DEBUG] 2017-07-05 17:48:05,857 method:org.apache.http.impl.conn.Wire.wire(Wire.java:73)
http-outgoing-70 >> "Accept-Encoding: gzip,deflate[\r][\n]"
[DEBUG] 2017-07-05 17:48:05,857 method:org.apache.http.impl.conn.Wire.wire(Wire.java:73)
http-outgoing-70 >> "[\r][\n]"
[DEBUG] 2017-07-05 17:48:05,857 method:org.apache.http.impl.conn.Wire.wire(Wire.java:87)
http-outgoing-70 >> "{"using":"xpath","value":"//*[@id=\"wiseoper-content\"]/div[3]/div/div[1]/span[3]"}"
[DEBUG] 2017-07-05 17:48:05,878 method:org.apache.http.impl.conn.Wire.wire(Wire.java:73)
http-outgoing-70 << "HTTP/1.1 200 OK[\r][\n]"
[DEBUG] 2017-07-05 17:48:05,878 method:org.apache.http.impl.conn.Wire.wire(Wire.java:73)
http-outgoing-70 << "Content-Length:70[\r][\n]"
[DEBUG] 2017-07-05 17:48:05,878 method:org.apache.http.impl.conn.Wire.wire(Wire.java:73)
http-outgoing-70 << "Content-Type:application/json; charset=utf-8[\r][\n]"
[DEBUG] 2017-07-05 17:48:05,879 method:org.apache.http.impl.conn.Wire.wire(Wire.java:73)
http-outgoing-70 << "Connection:close[\r][\n]"
[DEBUG] 2017-07-05 17:48:05,879 method:org.apache.http.impl.conn.Wire.wire(Wire.java:73)
http-outgoing-70 << "[\r][\n]"
[DEBUG] 2017-07-05 17:48:05,879 method:org.apache.http.impl.conn.Wire.wire(Wire.java:87)
http-outgoing-70 << "{"sessionId":"e397bb8b4943a2405e3c8c0263ada937","status":0,"value":[]}"
[DEBUG] 2017-07-05 17:48:05,879 method:org.apache.http.impl.conn.LoggingManagedHttpClientConnection.onResponseReceived(LoggingManagedHttpClientConnection.java:122)
http-outgoing-70 << HTTP/1.1 200 OK
[DEBUG] 2017-07-05 17:48:05,879 method:org.apache.http.impl.conn.LoggingManagedHttpClientConnection.onResponseReceived(LoggingManagedHttpClientConnection.java:125)
http-outgoing-70 << Content-Length:70
[DEBUG] 2017-07-05 17:48:05,879 method:org.apache.http.impl.conn.LoggingManagedHttpClientConnection.onResponseReceived(LoggingManagedHttpClientConnection.java:125)
http-outgoing-70 << Content-Type:application/json; charset=utf-8
[DEBUG] 2017-07-05 17:48:05,879 method:org.apache.http.impl.conn.LoggingManagedHttpClientConnection.onResponseReceived(LoggingManagedHttpClientConnection.java:125)
http-outgoing-70 << Connection:close
[DEBUG] 2017-07-05 17:48:05,880 method:org.apache.http.impl.conn.LoggingManagedHttpClientConnection.close(LoggingManagedHttpClientConnection.java:79)
http-outgoing-70: Close connection
[DEBUG] 2017-07-05 17:48:05,880 method:org.apache.http.impl.execchain.ConnectionHolder.releaseConnection(ConnectionHolder.java:104)
Connection discarded
[DEBUG] 2017-07-05 17:48:05,880 method:org.apache.http.impl.conn.PoolingHttpClientConnectionManager.releaseConnection(PoolingHttpClientConnectionManager.java:326)
Connection released: [id: 70][route: {}->http://localhost:5726][total kept alive: 0; route allocated: 0 of 2000; total allocated: 0 of 2000]
[DEBUG] 2017-07-05 17:48:06,383 method:org.apache.http.client.protocol.RequestAddCookies.process(RequestAddCookies.java:123)
CookieSpec selected: default
[DEBUG] 2017-07-05 17:48:06,383 method:org.apache.http.client.protocol.RequestAuthCache.process(RequestAuthCache.java:77)
Auth cache not set in the context
[DEBUG] 2017-07-05 17:48:06,383 method:org.apache.http.impl.conn.PoolingHttpClientConnectionManager.requestConnection(PoolingHttpClientConnectionManager.java:255)
Connection request: [route: {}->http://localhost:5726][total kept alive: 0; route allocated: 0 of 2000; total allocated: 0 of 2000]
[DEBUG] 2017-07-05 17:48:06,383 method:org.apache.http.impl.conn.PoolingHttpClientConnectionManager.leaseConnection(PoolingHttpClientConnectionManager.java:288)
Connection leased: [id: 71][route: {}->http://localhost:5726][total kept alive: 0; route allocated: 1 of 2000; total allocated: 1 of 2000]
[DEBUG] 2017-07-05 17:48:06,383 method:org.apache.http.impl.execchain.MainClientExec.execute(MainClientExec.java:235)
Opening connection {}->http://localhost:5726
[DEBUG] 2017-07-05 17:48:06,383 method:org.apache.http.impl.conn.DefaultHttpClientConnectionOperator.connect(DefaultHttpClientConnectionOperator.java:139)
Connecting to localhost/127.0.0.1:5726
[DEBUG] 2017-07-05 17:48:06,383 method:org.apache.http.impl.conn.DefaultHttpClientConnectionOperator.connect(DefaultHttpClientConnectionOperator.java:146)
Connection established 127.0.0.1:63160<->127.0.0.1:5726
[DEBUG] 2017-07-05 17:48:06,383 method:org.apache.http.impl.conn.LoggingManagedHttpClientConnection.setSocketTimeout(LoggingManagedHttpClientConnection.java:88)
http-outgoing-71: set socket timeout to 10800000
[DEBUG] 2017-07-05 17:48:06,383 method:org.apache.http.impl.execchain.MainClientExec.execute(MainClientExec.java:256)
Executing request POST /session/e397bb8b4943a2405e3c8c0263ada937/elements HTTP/1.1
[DEBUG] 2017-07-05 17:48:06,383 method:org.apache.http.impl.execchain.MainClientExec.execute(MainClientExec.java:261)
Target auth state: UNCHALLENGED
[DEBUG] 2017-07-05 17:48:06,383 method:org.apache.http.impl.execchain.MainClientExec.execute(MainClientExec.java:267)
Proxy auth state: UNCHALLENGED
[DEBUG] 2017-07-05 17:48:06,383 method:org.apache.http.impl.conn.LoggingManagedHttpClientConnection.onRequestSubmitted(LoggingManagedHttpClientConnection.java:133)
http-outgoing-71 >> POST /session/e397bb8b4943a2405e3c8c0263ada937/elements HTTP/1.1
[DEBUG] 2017-07-05 17:48:06,383 method:org.apache.http.impl.conn.LoggingManagedHttpClientConnection.onRequestSubmitted(LoggingManagedHttpClientConnection.java:136)
http-outgoing-71 >> Content-Type: application/json; charset=utf-8
[DEBUG] 2017-07-05 17:48:06,383 method:org.apache.http.impl.conn.LoggingManagedHttpClientConnection.onRequestSubmitted(LoggingManagedHttpClientConnection.java:136)
http-outgoing-71 >> Content-Length: 83
[DEBUG] 2017-07-05 17:48:06,383 method:org.apache.http.impl.conn.LoggingManagedHttpClientConnection.onRequestSubmitted(LoggingManagedHttpClientConnection.java:136)
http-outgoing-71 >> Host: localhost:5726
[DEBUG] 2017-07-05 17:48:06,383 method:org.apache.http.impl.conn.LoggingManagedHttpClientConnection.onRequestSubmitted(LoggingManagedHttpClientConnection.java:136)
http-outgoing-71 >> Connection: Keep-Alive
[DEBUG] 2017-07-05 17:48:06,383 method:org.apache.http.impl.conn.LoggingManagedHttpClientConnection.onRequestSubmitted(LoggingManagedHttpClientConnection.java:136)
http-outgoing-71 >> User-Agent: Apache-HttpClient/4.5.3 (Java/1.8.0_111)
[DEBUG] 2017-07-05 17:48:06,383 method:org.apache.http.impl.conn.LoggingManagedHttpClientConnection.onRequestSubmitted(LoggingManagedHttpClientConnection.java:136)
http-outgoing-71 >> Accept-Encoding: gzip,deflate
[DEBUG] 2017-07-05 17:48:06,383 method:org.apache.http.impl.conn.Wire.wire(Wire.java:73)
http-outgoing-71 >> "POST /session/e397bb8b4943a2405e3c8c0263ada937/elements HTTP/1.1[\r][\n]"
[DEBUG] 2017-07-05 17:48:06,383 method:org.apache.http.impl.conn.Wire.wire(Wire.java:73)
http-outgoing-71 >> "Content-Type: application/json; charset=utf-8[\r][\n]"
[DEBUG] 2017-07-05 17:48:06,383 method:org.apache.http.impl.conn.Wire.wire(Wire.java:73)
http-outgoing-71 >> "Content-Length: 83[\r][\n]"
[DEBUG] 2017-07-05 17:48:06,383 method:org.apache.http.impl.conn.Wire.wire(Wire.java:73)
http-outgoing-71 >> "Host: localhost:5726[\r][\n]"
[DEBUG] 2017-07-05 17:48:06,383 method:org.apache.http.impl.conn.Wire.wire(Wire.java:73)
http-outgoing-71 >> "Connection: Keep-Alive[\r][\n]"
[DEBUG] 2017-07-05 17:48:06,383 method:org.apache.http.impl.conn.Wire.wire(Wire.java:73)
http-outgoing-71 >> "User-Agent: Apache-HttpClient/4.5.3 (Java/1.8.0_111)[\r][\n]"
[DEBUG] 2017-07-05 17:48:06,383 method:org.apache.http.impl.conn.Wire.wire(Wire.java:73)
http-outgoing-71 >> "Accept-Encoding: gzip,deflate[\r][\n]"
[DEBUG] 2017-07-05 17:48:06,383 method:org.apache.http.impl.conn.Wire.wire(Wire.java:73)
http-outgoing-71 >> "[\r][\n]"
[DEBUG] 2017-07-05 17:48:06,383 method:org.apache.http.impl.conn.Wire.wire(Wire.java:87)
http-outgoing-71 >> "{"using":"xpath","value":"//*[@id=\"wiseoper-content\"]/div[3]/div/div[1]/span[3]"}"
[DEBUG] 2017-07-05 17:48:06,398 method:org.apache.http.impl.conn.Wire.wire(Wire.java:73)
http-outgoing-71 << "HTTP/1.1 200 OK[\r][\n]"
[DEBUG] 2017-07-05 17:48:06,398 method:org.apache.http.impl.conn.Wire.wire(Wire.java:73)
http-outgoing-71 << "Content-Length:70[\r][\n]"
[DEBUG] 2017-07-05 17:48:06,398 method:org.apache.http.impl.conn.Wire.wire(Wire.java:73)
http-outgoing-71 << "Content-Type:application/json; charset=utf-8[\r][\n]"
[DEBUG] 2017-07-05 17:48:06,398 method:org.apache.http.impl.conn.Wire.wire(Wire.java:73)
http-outgoing-71 << "Connection:close[\r][\n]"
[DEBUG] 2017-07-05 17:48:06,398 method:org.apache.http.impl.conn.Wire.wire(Wire.java:73)
http-outgoing-71 << "[\r][\n]"
[DEBUG] 2017-07-05 17:48:06,398 method:org.apache.http.impl.conn.Wire.wire(Wire.java:87)
http-outgoing-71 << "{"sessionId":"e397bb8b4943a2405e3c8c0263ada937","status":0,"value":[]}"
[DEBUG] 2017-07-05 17:48:06,398 method:org.apache.http.impl.conn.LoggingManagedHttpClientConnection.onResponseReceived(LoggingManagedHttpClientConnection.java:122)
http-outgoing-71 << HTTP/1.1 200 OK
[DEBUG] 2017-07-05 17:48:06,398 method:org.apache.http.impl.conn.LoggingManagedHttpClientConnection.onResponseReceived(LoggingManagedHttpClientConnection.java:125)
http-outgoing-71 << Content-Length:70
[DEBUG] 2017-07-05 17:48:06,398 method:org.apache.http.impl.conn.LoggingManagedHttpClientConnection.onResponseReceived(LoggingManagedHttpClientConnection.java:125)
http-outgoing-71 << Content-Type:application/json; charset=utf-8
[DEBUG] 2017-07-05 17:48:06,398 method:org.apache.http.impl.conn.LoggingManagedHttpClientConnection.onResponseReceived(LoggingManagedHttpClientConnection.java:125)
http-outgoing-71 << Connection:close
[DEBUG] 2017-07-05 17:48:06,398 method:org.apache.http.impl.conn.LoggingManagedHttpClientConnection.close(LoggingManagedHttpClientConnection.java:79)
http-outgoing-71: Close connection
[DEBUG] 2017-07-05 17:48:06,398 method:org.apache.http.impl.execchain.ConnectionHolder.releaseConnection(ConnectionHolder.java:104)
Connection discarded
[DEBUG] 2017-07-05 17:48:06,398 method:org.apache.http.impl.conn.PoolingHttpClientConnectionManager.releaseConnection(PoolingHttpClientConnectionManager.java:326)
Connection released: [id: 71][route: {}->http://localhost:5726][total kept alive: 0; route allocated: 0 of 2000; total allocated: 0 of 2000]
[DEBUG] 2017-07-05 17:48:06,899 method:org.apache.http.client.protocol.RequestAddCookies.process(RequestAddCookies.java:123)
CookieSpec selected: default
[DEBUG] 2017-07-05 17:48:06,899 method:org.apache.http.client.protocol.RequestAuthCache.process(RequestAuthCache.java:77)
Auth cache not set in the context
[DEBUG] 2017-07-05 17:48:06,899 method:org.apache.http.impl.conn.PoolingHttpClientConnectionManager.requestConnection(PoolingHttpClientConnectionManager.java:255)
Connection request: [route: {}->http://localhost:5726][total kept alive: 0; route allocated: 0 of 2000; total allocated: 0 of 2000]
[DEBUG] 2017-07-05 17:48:06,899 method:org.apache.http.impl.conn.PoolingHttpClientConnectionManager.leaseConnection(PoolingHttpClientConnectionManager.java:288)
Connection leased: [id: 72][route: {}->http://localhost:5726][total kept alive: 0; route allocated: 1 of 2000; total allocated: 1 of 2000]
[DEBUG] 2017-07-05 17:48:06,899 method:org.apache.http.impl.execchain.MainClientExec.execute(MainClientExec.java:235)
Opening connection {}->http://localhost:5726
[DEBUG] 2017-07-05 17:48:06,899 method:org.apache.http.impl.conn.DefaultHttpClientConnectionOperator.connect(DefaultHttpClientConnectionOperator.java:139)
Connecting to localhost/127.0.0.1:5726
[DEBUG] 2017-07-05 17:48:06,899 method:org.apache.http.impl.conn.DefaultHttpClientConnectionOperator.connect(DefaultHttpClientConnectionOperator.java:146)
Connection established 127.0.0.1:63161<->127.0.0.1:5726
[DEBUG] 2017-07-05 17:48:06,899 method:org.apache.http.impl.conn.LoggingManagedHttpClientConnection.setSocketTimeout(LoggingManagedHttpClientConnection.java:88)
http-outgoing-72: set socket timeout to 10800000
[DEBUG] 2017-07-05 17:48:06,899 method:org.apache.http.impl.execchain.MainClientExec.execute(MainClientExec.java:256)
Executing request POST /session/e397bb8b4943a2405e3c8c0263ada937/elements HTTP/1.1
[DEBUG] 2017-07-05 17:48:06,899 method:org.apache.http.impl.execchain.MainClientExec.execute(MainClientExec.java:261)
Target auth state: UNCHALLENGED
[DEBUG] 2017-07-05 17:48:06,899 method:org.apache.http.impl.execchain.MainClientExec.execute(MainClientExec.java:267)
Proxy auth state: UNCHALLENGED
[DEBUG] 2017-07-05 17:48:06,899 method:org.apache.http.impl.conn.LoggingManagedHttpClientConnection.onRequestSubmitted(LoggingManagedHttpClientConnection.java:133)
http-outgoing-72 >> POST /session/e397bb8b4943a2405e3c8c0263ada937/elements HTTP/1.1
[DEBUG] 2017-07-05 17:48:06,899 method:org.apache.http.impl.conn.LoggingManagedHttpClientConnection.onRequestSubmitted(LoggingManagedHttpClientConnection.java:136)
http-outgoing-72 >> Content-Type: application/json; charset=utf-8
[DEBUG] 2017-07-05 17:48:06,899 method:org.apache.http.impl.conn.LoggingManagedHttpClientConnection.onRequestSubmitted(LoggingManagedHttpClientConnection.java:136)
http-outgoing-72 >> Content-Length: 83
[DEBUG] 2017-07-05 17:48:06,899 method:org.apache.http.impl.conn.LoggingManagedHttpClientConnection.onRequestSubmitted(LoggingManagedHttpClientConnection.java:136)
http-outgoing-72 >> Host: localhost:5726
[DEBUG] 2017-07-05 17:48:06,899 method:org.apache.http.impl.conn.LoggingManagedHttpClientConnection.onRequestSubmitted(LoggingManagedHttpClientConnection.java:136)
http-outgoing-72 >> Connection: Keep-Alive
[DEBUG] 2017-07-05 17:48:06,899 method:org.apache.http.impl.conn.LoggingManagedHttpClientConnection.onRequestSubmitted(LoggingManagedHttpClientConnection.java:136)
http-outgoing-72 >> User-Agent: Apache-HttpClient/4.5.3 (Java/1.8.0_111)
[DEBUG] 2017-07-05 17:48:06,899 method:org.apache.http.impl.conn.LoggingManagedHttpClientConnection.onRequestSubmitted(LoggingManagedHttpClientConnection.java:136)
http-outgoing-72 >> Accept-Encoding: gzip,deflate
[DEBUG] 2017-07-05 17:48:06,899 method:org.apache.http.impl.conn.Wire.wire(Wire.java:73)
http-outgoing-72 >> "POST /session/e397bb8b4943a2405e3c8c0263ada937/elements HTTP/1.1[\r][\n]"
[DEBUG] 2017-07-05 17:48:06,899 method:org.apache.http.impl.conn.Wire.wire(Wire.java:73)
http-outgoing-72 >> "Content-Type: application/json; charset=utf-8[\r][\n]"
[DEBUG] 2017-07-05 17:48:06,899 method:org.apache.http.impl.conn.Wire.wire(Wire.java:73)
http-outgoing-72 >> "Content-Length: 83[\r][\n]"
[DEBUG] 2017-07-05 17:48:06,899 method:org.apache.http.impl.conn.Wire.wire(Wire.java:73)
http-outgoing-72 >> "Host: localhost:5726[\r][\n]"
[DEBUG] 2017-07-05 17:48:06,899 method:org.apache.http.impl.conn.Wire.wire(Wire.java:73)
http-outgoing-72 >> "Connection: Keep-Alive[\r][\n]"
[DEBUG] 2017-07-05 17:48:06,899 method:org.apache.http.impl.conn.Wire.wire(Wire.java:73)
http-outgoing-72 >> "User-Agent: Apache-HttpClient/4.5.3 (Java/1.8.0_111)[\r][\n]"
[DEBUG] 2017-07-05 17:48:06,899 method:org.apache.http.impl.conn.Wire.wire(Wire.java:73)
http-outgoing-72 >> "Accept-Encoding: gzip,deflate[\r][\n]"
[DEBUG] 2017-07-05 17:48:06,899 method:org.apache.http.impl.conn.Wire.wire(Wire.java:73)
http-outgoing-72 >> "[\r][\n]"
[DEBUG] 2017-07-05 17:48:06,899 method:org.apache.http.impl.conn.Wire.wire(Wire.java:87)
http-outgoing-72 >> "{"using":"xpath","value":"//*[@id=\"wiseoper-content\"]/div[3]/div/div[1]/span[3]"}"
[DEBUG] 2017-07-05 17:48:06,931 method:org.apache.http.impl.conn.Wire.wire(Wire.java:73)
http-outgoing-72 << "HTTP/1.1 200 OK[\r][\n]"
[DEBUG] 2017-07-05 17:48:06,931 method:org.apache.http.impl.conn.Wire.wire(Wire.java:73)
http-outgoing-72 << "Content-Length:70[\r][\n]"
[DEBUG] 2017-07-05 17:48:06,931 method:org.apache.http.impl.conn.Wire.wire(Wire.java:73)
http-outgoing-72 << "Content-Type:application/json; charset=utf-8[\r][\n]"
[DEBUG] 2017-07-05 17:48:06,931 method:org.apache.http.impl.conn.Wire.wire(Wire.java:73)
http-outgoing-72 << "Connection:close[\r][\n]"
[DEBUG] 2017-07-05 17:48:06,931 method:org.apache.http.impl.conn.Wire.wire(Wire.java:73)
http-outgoing-72 << "[\r][\n]"
[DEBUG] 2017-07-05 17:48:06,931 method:org.apache.http.impl.conn.Wire.wire(Wire.java:87)
http-outgoing-72 << "{"sessionId":"e397bb8b4943a2405e3c8c0263ada937","status":0,"value":[]}"
[DEBUG] 2017-07-05 17:48:06,931 method:org.apache.http.impl.conn.LoggingManagedHttpClientConnection.onResponseReceived(LoggingManagedHttpClientConnection.java:122)
http-outgoing-72 << HTTP/1.1 200 OK
[DEBUG] 2017-07-05 17:48:06,931 method:org.apache.http.impl.conn.LoggingManagedHttpClientConnection.onResponseReceived(LoggingManagedHttpClientConnection.java:125)
http-outgoing-72 << Content-Length:70
[DEBUG] 2017-07-05 17:48:06,931 method:org.apache.http.impl.conn.LoggingManagedHttpClientConnection.onResponseReceived(LoggingManagedHttpClientConnection.java:125)
http-outgoing-72 << Content-Type:application/json; charset=utf-8
[DEBUG] 2017-07-05 17:48:06,931 method:org.apache.http.impl.conn.LoggingManagedHttpClientConnection.onResponseReceived(LoggingManagedHttpClientConnection.java:125)
http-outgoing-72 << Connection:close
[DEBUG] 2017-07-05 17:48:06,931 method:org.apache.http.impl.conn.LoggingManagedHttpClientConnection.close(LoggingManagedHttpClientConnection.java:79)
http-outgoing-72: Close connection
[DEBUG] 2017-07-05 17:48:06,931 method:org.apache.http.impl.execchain.ConnectionHolder.releaseConnection(ConnectionHolder.java:104)
Connection discarded
[DEBUG] 2017-07-05 17:48:06,931 method:org.apache.http.impl.conn.PoolingHttpClientConnectionManager.releaseConnection(PoolingHttpClientConnectionManager.java:326)
Connection released: [id: 72][route: {}->http://localhost:5726][total kept alive: 0; route allocated: 0 of 2000; total allocated: 0 of 2000]
[DEBUG] 2017-07-05 17:48:07,445 method:org.apache.http.client.protocol.RequestAddCookies.process(RequestAddCookies.java:123)
CookieSpec selected: default
[DEBUG] 2017-07-05 17:48:07,445 method:org.apache.http.client.protocol.RequestAuthCache.process(RequestAuthCache.java:77)
Auth cache not set in the context
[DEBUG] 2017-07-05 17:48:07,445 method:org.apache.http.impl.conn.PoolingHttpClientConnectionManager.requestConnection(PoolingHttpClientConnectionManager.java:255)
Connection request: [route: {}->http://localhost:5726][total kept alive: 0; route allocated: 0 of 2000; total allocated: 0 of 2000]
[DEBUG] 2017-07-05 17:48:07,445 method:org.apache.http.impl.conn.PoolingHttpClientConnectionManager.leaseConnection(PoolingHttpClientConnectionManager.java:288)
Connection leased: [id: 73][route: {}->http://localhost:5726][total kept alive: 0; route allocated: 1 of 2000; total allocated: 1 of 2000]
[DEBUG] 2017-07-05 17:48:07,445 method:org.apache.http.impl.execchain.MainClientExec.execute(MainClientExec.java:235)
Opening connection {}->http://localhost:5726
[DEBUG] 2017-07-05 17:48:07,445 method:org.apache.http.impl.conn.DefaultHttpClientConnectionOperator.connect(DefaultHttpClientConnectionOperator.java:139)
Connecting to localhost/127.0.0.1:5726
[DEBUG] 2017-07-05 17:48:07,445 method:org.apache.http.impl.conn.DefaultHttpClientConnectionOperator.connect(DefaultHttpClientConnectionOperator.java:146)
Connection established 127.0.0.1:63162<->127.0.0.1:5726
[DEBUG] 2017-07-05 17:48:07,445 method:org.apache.http.impl.conn.LoggingManagedHttpClientConnection.setSocketTimeout(LoggingManagedHttpClientConnection.java:88)
http-outgoing-73: set socket timeout to 10800000
[DEBUG] 2017-07-05 17:48:07,445 method:org.apache.http.impl.execchain.MainClientExec.execute(MainClientExec.java:256)
Executing request POST /session/e397bb8b4943a2405e3c8c0263ada937/elements HTTP/1.1
[DEBUG] 2017-07-05 17:48:07,445 method:org.apache.http.impl.execchain.MainClientExec.execute(MainClientExec.java:261)
Target auth state: UNCHALLENGED
[DEBUG] 2017-07-05 17:48:07,445 method:org.apache.http.impl.execchain.MainClientExec.execute(MainClientExec.java:267)
Proxy auth state: UNCHALLENGED
[DEBUG] 2017-07-05 17:48:07,445 method:org.apache.http.impl.conn.LoggingManagedHttpClientConnection.onRequestSubmitted(LoggingManagedHttpClientConnection.java:133)
http-outgoing-73 >> POST /session/e397bb8b4943a2405e3c8c0263ada937/elements HTTP/1.1
[DEBUG] 2017-07-05 17:48:07,445 method:org.apache.http.impl.conn.LoggingManagedHttpClientConnection.onRequestSubmitted(LoggingManagedHttpClientConnection.java:136)
http-outgoing-73 >> Content-Type: application/json; charset=utf-8
[DEBUG] 2017-07-05 17:48:07,445 method:org.apache.http.impl.conn.LoggingManagedHttpClientConnection.onRequestSubmitted(LoggingManagedHttpClientConnection.java:136)
http-outgoing-73 >> Content-Length: 83
[DEBUG] 2017-07-05 17:48:07,445 method:org.apache.http.impl.conn.LoggingManagedHttpClientConnection.onRequestSubmitted(LoggingManagedHttpClientConnection.java:136)
http-outgoing-73 >> Host: localhost:5726
[DEBUG] 2017-07-05 17:48:07,445 method:org.apache.http.impl.conn.LoggingManagedHttpClientConnection.onRequestSubmitted(LoggingManagedHttpClientConnection.java:136)
http-outgoing-73 >> Connection: Keep-Alive
[DEBUG] 2017-07-05 17:48:07,445 method:org.apache.http.impl.conn.LoggingManagedHttpClientConnection.onRequestSubmitted(LoggingManagedHttpClientConnection.java:136)
http-outgoing-73 >> User-Agent: Apache-HttpClient/4.5.3 (Java/1.8.0_111)
[DEBUG] 2017-07-05 17:48:07,445 method:org.apache.http.impl.conn.LoggingManagedHttpClientConnection.onRequestSubmitted(LoggingManagedHttpClientConnection.java:136)
http-outgoing-73 >> Accept-Encoding: gzip,deflate
[DEBUG] 2017-07-05 17:48:07,445 method:org.apache.http.impl.conn.Wire.wire(Wire.java:73)
http-outgoing-73 >> "POST /session/e397bb8b4943a2405e3c8c0263ada937/elements HTTP/1.1[\r][\n]"
[DEBUG] 2017-07-05 17:48:07,445 method:org.apache.http.impl.conn.Wire.wire(Wire.java:73)
http-outgoing-73 >> "Content-Type: application/json; charset=utf-8[\r][\n]"
[DEBUG] 2017-07-05 17:48:07,445 method:org.apache.http.impl.conn.Wire.wire(Wire.java:73)
http-outgoing-73 >> "Content-Length: 83[\r][\n]"
[DEBUG] 2017-07-05 17:48:07,445 method:org.apache.http.impl.conn.Wire.wire(Wire.java:73)
http-outgoing-73 >> "Host: localhost:5726[\r][\n]"
[DEBUG] 2017-07-05 17:48:07,445 method:org.apache.http.impl.conn.Wire.wire(Wire.java:73)
http-outgoing-73 >> "Connection: Keep-Alive[\r][\n]"
[DEBUG] 2017-07-05 17:48:07,445 method:org.apache.http.impl.conn.Wire.wire(Wire.java:73)
http-outgoing-73 >> "User-Agent: Apache-HttpClient/4.5.3 (Java/1.8.0_111)[\r][\n]"
[DEBUG] 2017-07-05 17:48:07,445 method:org.apache.http.impl.conn.Wire.wire(Wire.java:73)
http-outgoing-73 >> "Accept-Encoding: gzip,deflate[\r][\n]"
[DEBUG] 2017-07-05 17:48:07,445 method:org.apache.http.impl.conn.Wire.wire(Wire.java:73)
http-outgoing-73 >> "[\r][\n]"
[DEBUG] 2017-07-05 17:48:07,445 method:org.apache.http.impl.conn.Wire.wire(Wire.java:87)
http-outgoing-73 >> "{"using":"xpath","value":"//*[@id=\"wiseoper-content\"]/div[3]/div/div[1]/span[3]"}"
[DEBUG] 2017-07-05 17:48:07,464 method:org.apache.http.impl.conn.Wire.wire(Wire.java:73)
http-outgoing-73 << "HTTP/1.1 200 OK[\r][\n]"
[DEBUG] 2017-07-05 17:48:07,464 method:org.apache.http.impl.conn.Wire.wire(Wire.java:73)
http-outgoing-73 << "Content-Length:70[\r][\n]"
[DEBUG] 2017-07-05 17:48:07,464 method:org.apache.http.impl.conn.Wire.wire(Wire.java:73)
http-outgoing-73 << "Content-Type:application/json; charset=utf-8[\r][\n]"
[DEBUG] 2017-07-05 17:48:07,464 method:org.apache.http.impl.conn.Wire.wire(Wire.java:73)
http-outgoing-73 << "Connection:close[\r][\n]"
[DEBUG] 2017-07-05 17:48:07,464 method:org.apache.http.impl.conn.Wire.wire(Wire.java:73)
http-outgoing-73 << "[\r][\n]"
[DEBUG] 2017-07-05 17:48:07,464 method:org.apache.http.impl.conn.Wire.wire(Wire.java:87)
http-outgoing-73 << "{"sessionId":"e397bb8b4943a2405e3c8c0263ada937","status":0,"value":[]}"
[DEBUG] 2017-07-05 17:48:07,464 method:org.apache.http.impl.conn.LoggingManagedHttpClientConnection.onResponseReceived(LoggingManagedHttpClientConnection.java:122)
http-outgoing-73 << HTTP/1.1 200 OK
[DEBUG] 2017-07-05 17:48:07,464 method:org.apache.http.impl.conn.LoggingManagedHttpClientConnection.onResponseReceived(LoggingManagedHttpClientConnection.java:125)
http-outgoing-73 << Content-Length:70
[DEBUG] 2017-07-05 17:48:07,464 method:org.apache.http.impl.conn.LoggingManagedHttpClientConnection.onResponseReceived(LoggingManagedHttpClientConnection.java:125)
http-outgoing-73 << Content-Type:application/json; charset=utf-8
[DEBUG] 2017-07-05 17:48:07,464 method:org.apache.http.impl.conn.LoggingManagedHttpClientConnection.onResponseReceived(LoggingManagedHttpClientConnection.java:125)
http-outgoing-73 << Connection:close
[DEBUG] 2017-07-05 17:48:07,464 method:org.apache.http.impl.conn.LoggingManagedHttpClientConnection.close(LoggingManagedHttpClientConnection.java:79)
http-outgoing-73: Close connection
[DEBUG] 2017-07-05 17:48:07,464 method:org.apache.http.impl.execchain.ConnectionHolder.releaseConnection(ConnectionHolder.java:104)
Connection discarded
[DEBUG] 2017-07-05 17:48:07,464 method:org.apache.http.impl.conn.PoolingHttpClientConnectionManager.releaseConnection(PoolingHttpClientConnectionManager.java:326)
Connection released: [id: 73][route: {}->http://localhost:5726][total kept alive: 0; route allocated: 0 of 2000; total allocated: 0 of 2000]
[DEBUG] 2017-07-05 17:48:07,981 method:org.apache.http.client.protocol.RequestAddCookies.process(RequestAddCookies.java:123)
CookieSpec selected: default
[DEBUG] 2017-07-05 17:48:07,981 method:org.apache.http.client.protocol.RequestAuthCache.process(RequestAuthCache.java:77)
Auth cache not set in the context
[DEBUG] 2017-07-05 17:48:07,982 method:org.apache.http.impl.conn.PoolingHttpClientConnectionManager.requestConnection(PoolingHttpClientConnectionManager.java:255)
Connection request: [route: {}->http://localhost:5726][total kept alive: 0; route allocated: 0 of 2000; total allocated: 0 of 2000]
[DEBUG] 2017-07-05 17:48:07,982 method:org.apache.http.impl.conn.PoolingHttpClientConnectionManager.leaseConnection(PoolingHttpClientConnectionManager.java:288)
Connection leased: [id: 74][route: {}->http://localhost:5726][total kept alive: 0; route allocated: 1 of 2000; total allocated: 1 of 2000]
[DEBUG] 2017-07-05 17:48:07,983 method:org.apache.http.impl.execchain.MainClientExec.execute(MainClientExec.java:235)
Opening connection {}->http://localhost:5726
[DEBUG] 2017-07-05 17:48:07,983 method:org.apache.http.impl.conn.DefaultHttpClientConnectionOperator.connect(DefaultHttpClientConnectionOperator.java:139)
Connecting to localhost/127.0.0.1:5726
[DEBUG] 2017-07-05 17:48:07,985 method:org.apache.http.impl.conn.DefaultHttpClientConnectionOperator.connect(DefaultHttpClientConnectionOperator.java:146)
Connection established 127.0.0.1:63163<->127.0.0.1:5726
[DEBUG] 2017-07-05 17:48:07,986 method:org.apache.http.impl.conn.LoggingManagedHttpClientConnection.setSocketTimeout(LoggingManagedHttpClientConnection.java:88)
http-outgoing-74: set socket timeout to 10800000
[DEBUG] 2017-07-05 17:48:07,986 method:org.apache.http.impl.execchain.MainClientExec.execute(MainClientExec.java:256)
Executing request POST /session/e397bb8b4943a2405e3c8c0263ada937/elements HTTP/1.1
[DEBUG] 2017-07-05 17:48:07,987 method:org.apache.http.impl.execchain.MainClientExec.execute(MainClientExec.java:261)
Target auth state: UNCHALLENGED
[DEBUG] 2017-07-05 17:48:07,987 method:org.apache.http.impl.execchain.MainClientExec.execute(MainClientExec.java:267)
Proxy auth state: UNCHALLENGED
[DEBUG] 2017-07-05 17:48:07,988 method:org.apache.http.impl.conn.LoggingManagedHttpClientConnection.onRequestSubmitted(LoggingManagedHttpClientConnection.java:133)
http-outgoing-74 >> POST /session/e397bb8b4943a2405e3c8c0263ada937/elements HTTP/1.1
[DEBUG] 2017-07-05 17:48:07,988 method:org.apache.http.impl.conn.LoggingManagedHttpClientConnection.onRequestSubmitted(LoggingManagedHttpClientConnection.java:136)
http-outgoing-74 >> Content-Type: application/json; charset=utf-8
[DEBUG] 2017-07-05 17:48:07,988 method:org.apache.http.impl.conn.LoggingManagedHttpClientConnection.onRequestSubmitted(LoggingManagedHttpClientConnection.java:136)
http-outgoing-74 >> Content-Length: 83
[DEBUG] 2017-07-05 17:48:07,989 method:org.apache.http.impl.conn.LoggingManagedHttpClientConnection.onRequestSubmitted(LoggingManagedHttpClientConnection.java:136)
http-outgoing-74 >> Host: localhost:5726
[DEBUG] 2017-07-05 17:48:07,989 method:org.apache.http.impl.conn.LoggingManagedHttpClientConnection.onRequestSubmitted(LoggingManagedHttpClientConnection.java:136)
http-outgoing-74 >> Connection: Keep-Alive
[DEBUG] 2017-07-05 17:48:07,989 method:org.apache.http.impl.conn.LoggingManagedHttpClientConnection.onRequestSubmitted(LoggingManagedHttpClientConnection.java:136)
http-outgoing-74 >> User-Agent: Apache-HttpClient/4.5.3 (Java/1.8.0_111)
[DEBUG] 2017-07-05 17:48:07,990 method:org.apache.http.impl.conn.LoggingManagedHttpClientConnection.onRequestSubmitted(LoggingManagedHttpClientConnection.java:136)
http-outgoing-74 >> Accept-Encoding: gzip,deflate
[DEBUG] 2017-07-05 17:48:07,990 method:org.apache.http.impl.conn.Wire.wire(Wire.java:73)
http-outgoing-74 >> "POST /session/e397bb8b4943a2405e3c8c0263ada937/elements HTTP/1.1[\r][\n]"
[DEBUG] 2017-07-05 17:48:07,990 method:org.apache.http.impl.conn.Wire.wire(Wire.java:73)
http-outgoing-74 >> "Content-Type: application/json; charset=utf-8[\r][\n]"
[DEBUG] 2017-07-05 17:48:07,991 method:org.apache.http.impl.conn.Wire.wire(Wire.java:73)
http-outgoing-74 >> "Content-Length: 83[\r][\n]"
[DEBUG] 2017-07-05 17:48:07,991 method:org.apache.http.impl.conn.Wire.wire(Wire.java:73)
http-outgoing-74 >> "Host: localhost:5726[\r][\n]"
[DEBUG] 2017-07-05 17:48:07,991 method:org.apache.http.impl.conn.Wire.wire(Wire.java:73)
http-outgoing-74 >> "Connection: Keep-Alive[\r][\n]"
[DEBUG] 2017-07-05 17:48:07,992 method:org.apache.http.impl.conn.Wire.wire(Wire.java:73)
http-outgoing-74 >> "User-Agent: Apache-HttpClient/4.5.3 (Java/1.8.0_111)[\r][\n]"
[DEBUG] 2017-07-05 17:48:07,992 method:org.apache.http.impl.conn.Wire.wire(Wire.java:73)
http-outgoing-74 >> "Accept-Encoding: gzip,deflate[\r][\n]"
[DEBUG] 2017-07-05 17:48:07,992 method:org.apache.http.impl.conn.Wire.wire(Wire.java:73)
http-outgoing-74 >> "[\r][\n]"
[DEBUG] 2017-07-05 17:48:07,992 method:org.apache.http.impl.conn.Wire.wire(Wire.java:87)
http-outgoing-74 >> "{"using":"xpath","value":"//*[@id=\"wiseoper-content\"]/div[3]/div/div[1]/span[3]"}"
[DEBUG] 2017-07-05 17:48:08,010 method:org.apache.http.impl.conn.Wire.wire(Wire.java:73)
http-outgoing-74 << "HTTP/1.1 200 OK[\r][\n]"
[DEBUG] 2017-07-05 17:48:08,011 method:org.apache.http.impl.conn.Wire.wire(Wire.java:73)
http-outgoing-74 << "Content-Length:70[\r][\n]"
[DEBUG] 2017-07-05 17:48:08,011 method:org.apache.http.impl.conn.Wire.wire(Wire.java:73)
http-outgoing-74 << "Content-Type:application/json; charset=utf-8[\r][\n]"
[DEBUG] 2017-07-05 17:48:08,011 method:org.apache.http.impl.conn.Wire.wire(Wire.java:73)
http-outgoing-74 << "Connection:close[\r][\n]"
[DEBUG] 2017-07-05 17:48:08,011 method:org.apache.http.impl.conn.Wire.wire(Wire.java:73)
http-outgoing-74 << "[\r][\n]"
[DEBUG] 2017-07-05 17:48:08,011 method:org.apache.http.impl.conn.Wire.wire(Wire.java:87)
http-outgoing-74 << "{"sessionId":"e397bb8b4943a2405e3c8c0263ada937","status":0,"value":[]}"
[DEBUG] 2017-07-05 17:48:08,011 method:org.apache.http.impl.conn.LoggingManagedHttpClientConnection.onResponseReceived(LoggingManagedHttpClientConnection.java:122)
http-outgoing-74 << HTTP/1.1 200 OK
[DEBUG] 2017-07-05 17:48:08,012 method:org.apache.http.impl.conn.LoggingManagedHttpClientConnection.onResponseReceived(LoggingManagedHttpClientConnection.java:125)
http-outgoing-74 << Content-Length:70
[DEBUG] 2017-07-05 17:48:08,012 method:org.apache.http.impl.conn.LoggingManagedHttpClientConnection.onResponseReceived(LoggingManagedHttpClientConnection.java:125)
http-outgoing-74 << Content-Type:application/json; charset=utf-8
[DEBUG] 2017-07-05 17:48:08,012 method:org.apache.http.impl.conn.LoggingManagedHttpClientConnection.onResponseReceived(LoggingManagedHttpClientConnection.java:125)
http-outgoing-74 << Connection:close
[DEBUG] 2017-07-05 17:48:08,012 method:org.apache.http.impl.conn.LoggingManagedHttpClientConnection.close(LoggingManagedHttpClientConnection.java:79)
http-outgoing-74: Close connection
[DEBUG] 2017-07-05 17:48:08,012 method:org.apache.http.impl.execchain.ConnectionHolder.releaseConnection(ConnectionHolder.java:104)
Connection discarded
[DEBUG] 2017-07-05 17:48:08,013 method:org.apache.http.impl.conn.PoolingHttpClientConnectionManager.releaseConnection(PoolingHttpClientConnectionManager.java:326)
Connection released: [id: 74][route: {}->http://localhost:5726][total kept alive: 0; route allocated: 0 of 2000; total allocated: 0 of 2000]
[DEBUG] 2017-07-05 17:48:08,514 method:org.apache.http.client.protocol.RequestAddCookies.process(RequestAddCookies.java:123)
CookieSpec selected: default
[DEBUG] 2017-07-05 17:48:08,514 method:org.apache.http.client.protocol.RequestAuthCache.process(RequestAuthCache.java:77)
Auth cache not set in the context
[DEBUG] 2017-07-05 17:48:08,515 method:org.apache.http.impl.conn.PoolingHttpClientConnectionManager.requestConnection(PoolingHttpClientConnectionManager.java:255)
Connection request: [route: {}->http://localhost:5726][total kept alive: 0; route allocated: 0 of 2000; total allocated: 0 of 2000]
[DEBUG] 2017-07-05 17:48:08,515 method:org.apache.http.impl.conn.PoolingHttpClientConnectionManager.leaseConnection(PoolingHttpClientConnectionManager.java:288)
Connection leased: [id: 75][route: {}->http://localhost:5726][total kept alive: 0; route allocated: 1 of 2000; total allocated: 1 of 2000]
[DEBUG] 2017-07-05 17:48:08,516 method:org.apache.http.impl.execchain.MainClientExec.execute(MainClientExec.java:235)
Opening connection {}->http://localhost:5726
[DEBUG] 2017-07-05 17:48:08,516 method:org.apache.http.impl.conn.DefaultHttpClientConnectionOperator.connect(DefaultHttpClientConnectionOperator.java:139)
Connecting to localhost/127.0.0.1:5726
[DEBUG] 2017-07-05 17:48:08,518 method:org.apache.http.impl.conn.DefaultHttpClientConnectionOperator.connect(DefaultHttpClientConnectionOperator.java:146)
Connection established 127.0.0.1:63164<->127.0.0.1:5726
[DEBUG] 2017-07-05 17:48:08,518 method:org.apache.http.impl.conn.LoggingManagedHttpClientConnection.setSocketTimeout(LoggingManagedHttpClientConnection.java:88)
http-outgoing-75: set socket timeout to 10800000
[DEBUG] 2017-07-05 17:48:08,519 method:org.apache.http.impl.execchain.MainClientExec.execute(MainClientExec.java:256)
Executing request POST /session/e397bb8b4943a2405e3c8c0263ada937/elements HTTP/1.1
[DEBUG] 2017-07-05 17:48:08,519 method:org.apache.http.impl.execchain.MainClientExec.execute(MainClientExec.java:261)
Target auth state: UNCHALLENGED
[DEBUG] 2017-07-05 17:48:08,519 method:org.apache.http.impl.execchain.MainClientExec.execute(MainClientExec.java:267)
Proxy auth state: UNCHALLENGED
[DEBUG] 2017-07-05 17:48:08,519 method:org.apache.http.impl.conn.LoggingManagedHttpClientConnection.onRequestSubmitted(LoggingManagedHttpClientConnection.java:133)
http-outgoing-75 >> POST /session/e397bb8b4943a2405e3c8c0263ada937/elements HTTP/1.1
[DEBUG] 2017-07-05 17:48:08,519 method:org.apache.http.impl.conn.LoggingManagedHttpClientConnection.onRequestSubmitted(LoggingManagedHttpClientConnection.java:136)
http-outgoing-75 >> Content-Type: application/json; charset=utf-8
[DEBUG] 2017-07-05 17:48:08,520 method:org.apache.http.impl.conn.LoggingManagedHttpClientConnection.onRequestSubmitted(LoggingManagedHttpClientConnection.java:136)
http-outgoing-75 >> Content-Length: 83
[DEBUG] 2017-07-05 17:48:08,520 method:org.apache.http.impl.conn.LoggingManagedHttpClientConnection.onRequestSubmitted(LoggingManagedHttpClientConnection.java:136)
http-outgoing-75 >> Host: localhost:5726
[DEBUG] 2017-07-05 17:48:08,520 method:org.apache.http.impl.conn.LoggingManagedHttpClientConnection.onRequestSubmitted(LoggingManagedHttpClientConnection.java:136)
http-outgoing-75 >> Connection: Keep-Alive
[DEBUG] 2017-07-05 17:48:08,520 method:org.apache.http.impl.conn.LoggingManagedHttpClientConnection.onRequestSubmitted(LoggingManagedHttpClientConnection.java:136)
http-outgoing-75 >> User-Agent: Apache-HttpClient/4.5.3 (Java/1.8.0_111)
[DEBUG] 2017-07-05 17:48:08,520 method:org.apache.http.impl.conn.LoggingManagedHttpClientConnection.onRequestSubmitted(LoggingManagedHttpClientConnection.java:136)
http-outgoing-75 >> Accept-Encoding: gzip,deflate
[DEBUG] 2017-07-05 17:48:08,521 method:org.apache.http.impl.conn.Wire.wire(Wire.java:73)
http-outgoing-75 >> "POST /session/e397bb8b4943a2405e3c8c0263ada937/elements HTTP/1.1[\r][\n]"
[DEBUG] 2017-07-05 17:48:08,521 method:org.apache.http.impl.conn.Wire.wire(Wire.java:73)
http-outgoing-75 >> "Content-Type: application/json; charset=utf-8[\r][\n]"
[DEBUG] 2017-07-05 17:48:08,521 method:org.apache.http.impl.conn.Wire.wire(Wire.java:73)
http-outgoing-75 >> "Content-Length: 83[\r][\n]"
[DEBUG] 2017-07-05 17:48:08,522 method:org.apache.http.impl.conn.Wire.wire(Wire.java:73)
http-outgoing-75 >> "Host: localhost:5726[\r][\n]"
[DEBUG] 2017-07-05 17:48:08,522 method:org.apache.http.impl.conn.Wire.wire(Wire.java:73)
http-outgoing-75 >> "Connection: Keep-Alive[\r][\n]"
[DEBUG] 2017-07-05 17:48:08,522 method:org.apache.http.impl.conn.Wire.wire(Wire.java:73)
http-outgoing-75 >> "User-Agent: Apache-HttpClient/4.5.3 (Java/1.8.0_111)[\r][\n]"
[DEBUG] 2017-07-05 17:48:08,522 method:org.apache.http.impl.conn.Wire.wire(Wire.java:73)
http-outgoing-75 >> "Accept-Encoding: gzip,deflate[\r][\n]"
[DEBUG] 2017-07-05 17:48:08,522 method:org.apache.http.impl.conn.Wire.wire(Wire.java:73)
http-outgoing-75 >> "[\r][\n]"
[DEBUG] 2017-07-05 17:48:08,523 method:org.apache.http.impl.conn.Wire.wire(Wire.java:87)
http-outgoing-75 >> "{"using":"xpath","value":"//*[@id=\"wiseoper-content\"]/div[3]/div/div[1]/span[3]"}"
[DEBUG] 2017-07-05 17:48:08,537 method:org.apache.http.impl.conn.Wire.wire(Wire.java:73)
http-outgoing-75 << "HTTP/1.1 200 OK[\r][\n]"
[DEBUG] 2017-07-05 17:48:08,537 method:org.apache.http.impl.conn.Wire.wire(Wire.java:73)
http-outgoing-75 << "Content-Length:70[\r][\n]"
[DEBUG] 2017-07-05 17:48:08,538 method:org.apache.http.impl.conn.Wire.wire(Wire.java:73)
http-outgoing-75 << "Content-Type:application/json; charset=utf-8[\r][\n]"
[DEBUG] 2017-07-05 17:48:08,538 method:org.apache.http.impl.conn.Wire.wire(Wire.java:73)
http-outgoing-75 << "Connection:close[\r][\n]"
[DEBUG] 2017-07-05 17:48:08,538 method:org.apache.http.impl.conn.Wire.wire(Wire.java:73)
http-outgoing-75 << "[\r][\n]"
[DEBUG] 2017-07-05 17:48:08,538 method:org.apache.http.impl.conn.Wire.wire(Wire.java:87)
http-outgoing-75 << "{"sessionId":"e397bb8b4943a2405e3c8c0263ada937","status":0,"value":[]}"
[DEBUG] 2017-07-05 17:48:08,539 method:org.apache.http.impl.conn.LoggingManagedHttpClientConnection.onResponseReceived(LoggingManagedHttpClientConnection.java:122)
http-outgoing-75 << HTTP/1.1 200 OK
[DEBUG] 2017-07-05 17:48:08,539 method:org.apache.http.impl.conn.LoggingManagedHttpClientConnection.onResponseReceived(LoggingManagedHttpClientConnection.java:125)
http-outgoing-75 << Content-Length:70
[DEBUG] 2017-07-05 17:48:08,539 method:org.apache.http.impl.conn.LoggingManagedHttpClientConnection.onResponseReceived(LoggingManagedHttpClientConnection.java:125)
http-outgoing-75 << Content-Type:application/json; charset=utf-8
[DEBUG] 2017-07-05 17:48:08,539 method:org.apache.http.impl.conn.LoggingManagedHttpClientConnection.onResponseReceived(LoggingManagedHttpClientConnection.java:125)
http-outgoing-75 << Connection:close
[DEBUG] 2017-07-05 17:48:08,540 method:org.apache.http.impl.conn.LoggingManagedHttpClientConnection.close(LoggingManagedHttpClientConnection.java:79)
http-outgoing-75: Close connection
[DEBUG] 2017-07-05 17:48:08,540 method:org.apache.http.impl.execchain.ConnectionHolder.releaseConnection(ConnectionHolder.java:104)
Connection discarded
[DEBUG] 2017-07-05 17:48:08,540 method:org.apache.http.impl.conn.PoolingHttpClientConnectionManager.releaseConnection(PoolingHttpClientConnectionManager.java:326)
Connection released: [id: 75][route: {}->http://localhost:5726][total kept alive: 0; route allocated: 0 of 2000; total allocated: 0 of 2000]
[DEBUG] 2017-07-05 17:48:09,043 method:org.apache.http.client.protocol.RequestAddCookies.process(RequestAddCookies.java:123)
CookieSpec selected: default
[DEBUG] 2017-07-05 17:48:09,043 method:org.apache.http.client.protocol.RequestAuthCache.process(RequestAuthCache.java:77)
Auth cache not set in the context
[DEBUG] 2017-07-05 17:48:09,044 method:org.apache.http.impl.conn.PoolingHttpClientConnectionManager.requestConnection(PoolingHttpClientConnectionManager.java:255)
Connection request: [route: {}->http://localhost:5726][total kept alive: 0; route allocated: 0 of 2000; total allocated: 0 of 2000]
[DEBUG] 2017-07-05 17:48:09,044 method:org.apache.http.impl.conn.PoolingHttpClientConnectionManager.leaseConnection(PoolingHttpClientConnectionManager.java:288)
Connection leased: [id: 76][route: {}->http://localhost:5726][total kept alive: 0; route allocated: 1 of 2000; total allocated: 1 of 2000]
[DEBUG] 2017-07-05 17:48:09,045 method:org.apache.http.impl.execchain.MainClientExec.execute(MainClientExec.java:235)
Opening connection {}->http://localhost:5726
[DEBUG] 2017-07-05 17:48:09,045 method:org.apache.http.impl.conn.DefaultHttpClientConnectionOperator.connect(DefaultHttpClientConnectionOperator.java:139)
Connecting to localhost/127.0.0.1:5726
[DEBUG] 2017-07-05 17:48:09,046 method:org.apache.http.impl.conn.DefaultHttpClientConnectionOperator.connect(DefaultHttpClientConnectionOperator.java:146)
Connection established 127.0.0.1:63165<->127.0.0.1:5726
[DEBUG] 2017-07-05 17:48:09,047 method:org.apache.http.impl.conn.LoggingManagedHttpClientConnection.setSocketTimeout(LoggingManagedHttpClientConnection.java:88)
http-outgoing-76: set socket timeout to 10800000
[DEBUG] 2017-07-05 17:48:09,047 method:org.apache.http.impl.execchain.MainClientExec.execute(MainClientExec.java:256)
Executing request POST /session/e397bb8b4943a2405e3c8c0263ada937/elements HTTP/1.1
[DEBUG] 2017-07-05 17:48:09,047 method:org.apache.http.impl.execchain.MainClientExec.execute(MainClientExec.java:261)
Target auth state: UNCHALLENGED
[DEBUG] 2017-07-05 17:48:09,048 method:org.apache.http.impl.execchain.MainClientExec.execute(MainClientExec.java:267)
Proxy auth state: UNCHALLENGED
[DEBUG] 2017-07-05 17:48:09,048 method:org.apache.http.impl.conn.LoggingManagedHttpClientConnection.onRequestSubmitted(LoggingManagedHttpClientConnection.java:133)
http-outgoing-76 >> POST /session/e397bb8b4943a2405e3c8c0263ada937/elements HTTP/1.1
[DEBUG] 2017-07-05 17:48:09,048 method:org.apache.http.impl.conn.LoggingManagedHttpClientConnection.onRequestSubmitted(LoggingManagedHttpClientConnection.java:136)
http-outgoing-76 >> Content-Type: application/json; charset=utf-8
[DEBUG] 2017-07-05 17:48:09,049 method:org.apache.http.impl.conn.LoggingManagedHttpClientConnection.onRequestSubmitted(LoggingManagedHttpClientConnection.java:136)
http-outgoing-76 >> Content-Length: 83
[DEBUG] 2017-07-05 17:48:09,049 method:org.apache.http.impl.conn.LoggingManagedHttpClientConnection.onRequestSubmitted(LoggingManagedHttpClientConnection.java:136)
http-outgoing-76 >> Host: localhost:5726
[DEBUG] 2017-07-05 17:48:09,049 method:org.apache.http.impl.conn.LoggingManagedHttpClientConnection.onRequestSubmitted(LoggingManagedHttpClientConnection.java:136)
http-outgoing-76 >> Connection: Keep-Alive
[DEBUG] 2017-07-05 17:48:09,049 method:org.apache.http.impl.conn.LoggingManagedHttpClientConnection.onRequestSubmitted(LoggingManagedHttpClientConnection.java:136)
http-outgoing-76 >> User-Agent: Apache-HttpClient/4.5.3 (Java/1.8.0_111)
[DEBUG] 2017-07-05 17:48:09,050 method:org.apache.http.impl.conn.LoggingManagedHttpClientConnection.onRequestSubmitted(LoggingManagedHttpClientConnection.java:136)
http-outgoing-76 >> Accept-Encoding: gzip,deflate
[DEBUG] 2017-07-05 17:48:09,050 method:org.apache.http.impl.conn.Wire.wire(Wire.java:73)
http-outgoing-76 >> "POST /session/e397bb8b4943a2405e3c8c0263ada937/elements HTTP/1.1[\r][\n]"
[DEBUG] 2017-07-05 17:48:09,050 method:org.apache.http.impl.conn.Wire.wire(Wire.java:73)
http-outgoing-76 >> "Content-Type: application/json; charset=utf-8[\r][\n]"
[DEBUG] 2017-07-05 17:48:09,051 method:org.apache.http.impl.conn.Wire.wire(Wire.java:73)
http-outgoing-76 >> "Content-Length: 83[\r][\n]"
[DEBUG] 2017-07-05 17:48:09,051 method:org.apache.http.impl.conn.Wire.wire(Wire.java:73)
http-outgoing-76 >> "Host: localhost:5726[\r][\n]"
[DEBUG] 2017-07-05 17:48:09,051 method:org.apache.http.impl.conn.Wire.wire(Wire.java:73)
http-outgoing-76 >> "Connection: Keep-Alive[\r][\n]"
[DEBUG] 2017-07-05 17:48:09,052 method:org.apache.http.impl.conn.Wire.wire(Wire.java:73)
http-outgoing-76 >> "User-Agent: Apache-HttpClient/4.5.3 (Java/1.8.0_111)[\r][\n]"
[DEBUG] 2017-07-05 17:48:09,052 method:org.apache.http.impl.conn.Wire.wire(Wire.java:73)
http-outgoing-76 >> "Accept-Encoding: gzip,deflate[\r][\n]"
[DEBUG] 2017-07-05 17:48:09,052 method:org.apache.http.impl.conn.Wire.wire(Wire.java:73)
http-outgoing-76 >> "[\r][\n]"
[DEBUG] 2017-07-05 17:48:09,052 method:org.apache.http.impl.conn.Wire.wire(Wire.java:87)
http-outgoing-76 >> "{"using":"xpath","value":"//*[@id=\"wiseoper-content\"]/div[3]/div/div[1]/span[3]"}"
[DEBUG] 2017-07-05 17:48:09,066 method:org.apache.http.impl.conn.Wire.wire(Wire.java:73)
http-outgoing-76 << "HTTP/1.1 200 OK[\r][\n]"
[DEBUG] 2017-07-05 17:48:09,066 method:org.apache.http.impl.conn.Wire.wire(Wire.java:73)
http-outgoing-76 << "Content-Length:70[\r][\n]"
[DEBUG] 2017-07-05 17:48:09,067 method:org.apache.http.impl.conn.Wire.wire(Wire.java:73)
http-outgoing-76 << "Content-Type:application/json; charset=utf-8[\r][\n]"
[DEBUG] 2017-07-05 17:48:09,067 method:org.apache.http.impl.conn.Wire.wire(Wire.java:73)
http-outgoing-76 << "Connection:close[\r][\n]"
[DEBUG] 2017-07-05 17:48:09,067 method:org.apache.http.impl.conn.Wire.wire(Wire.java:73)
http-outgoing-76 << "[\r][\n]"
[DEBUG] 2017-07-05 17:48:09,067 method:org.apache.http.impl.conn.Wire.wire(Wire.java:87)
http-outgoing-76 << "{"sessionId":"e397bb8b4943a2405e3c8c0263ada937","status":0,"value":[]}"
[DEBUG] 2017-07-05 17:48:09,068 method:org.apache.http.impl.conn.LoggingManagedHttpClientConnection.onResponseReceived(LoggingManagedHttpClientConnection.java:122)
http-outgoing-76 << HTTP/1.1 200 OK
[DEBUG] 2017-07-05 17:48:09,068 method:org.apache.http.impl.conn.LoggingManagedHttpClientConnection.onResponseReceived(LoggingManagedHttpClientConnection.java:125)
http-outgoing-76 << Content-Length:70
[DEBUG] 2017-07-05 17:48:09,068 method:org.apache.http.impl.conn.LoggingManagedHttpClientConnection.onResponseReceived(LoggingManagedHttpClientConnection.java:125)
http-outgoing-76 << Content-Type:application/json; charset=utf-8
[DEBUG] 2017-07-05 17:48:09,068 method:org.apache.http.impl.conn.LoggingManagedHttpClientConnection.onResponseReceived(LoggingManagedHttpClientConnection.java:125)
http-outgoing-76 << Connection:close
[DEBUG] 2017-07-05 17:48:09,068 method:org.apache.http.impl.conn.LoggingManagedHttpClientConnection.close(LoggingManagedHttpClientConnection.java:79)
http-outgoing-76: Close connection
[DEBUG] 2017-07-05 17:48:09,069 method:org.apache.http.impl.execchain.ConnectionHolder.releaseConnection(ConnectionHolder.java:104)
Connection discarded
[DEBUG] 2017-07-05 17:48:09,069 method:org.apache.http.impl.conn.PoolingHttpClientConnectionManager.releaseConnection(PoolingHttpClientConnectionManager.java:326)
Connection released: [id: 76][route: {}->http://localhost:5726][total kept alive: 0; route allocated: 0 of 2000; total allocated: 0 of 2000]
[DEBUG] 2017-07-05 17:48:09,579 method:org.apache.http.client.protocol.RequestAddCookies.process(RequestAddCookies.java:123)
CookieSpec selected: default
[DEBUG] 2017-07-05 17:48:09,579 method:org.apache.http.client.protocol.RequestAuthCache.process(RequestAuthCache.java:77)
Auth cache not set in the context
[DEBUG] 2017-07-05 17:48:09,579 method:org.apache.http.impl.conn.PoolingHttpClientConnectionManager.requestConnection(PoolingHttpClientConnectionManager.java:255)
Connection request: [route: {}->http://localhost:5726][total kept alive: 0; route allocated: 0 of 2000; total allocated: 0 of 2000]
[DEBUG] 2017-07-05 17:48:09,579 method:org.apache.http.impl.conn.PoolingHttpClientConnectionManager.leaseConnection(PoolingHttpClientConnectionManager.java:288)
Connection leased: [id: 77][route: {}->http://localhost:5726][total kept alive: 0; route allocated: 1 of 2000; total allocated: 1 of 2000]
[DEBUG] 2017-07-05 17:48:09,579 method:org.apache.http.impl.execchain.MainClientExec.execute(MainClientExec.java:235)
Opening connection {}->http://localhost:5726
[DEBUG] 2017-07-05 17:48:09,579 method:org.apache.http.impl.conn.DefaultHttpClientConnectionOperator.connect(DefaultHttpClientConnectionOperator.java:139)
Connecting to localhost/127.0.0.1:5726
[DEBUG] 2017-07-05 17:48:09,579 method:org.apache.http.impl.conn.DefaultHttpClientConnectionOperator.connect(DefaultHttpClientConnectionOperator.java:146)
Connection established 127.0.0.1:63166<->127.0.0.1:5726
[DEBUG] 2017-07-05 17:48:09,579 method:org.apache.http.impl.conn.LoggingManagedHttpClientConnection.setSocketTimeout(LoggingManagedHttpClientConnection.java:88)
http-outgoing-77: set socket timeout to 10800000
[DEBUG] 2017-07-05 17:48:09,579 method:org.apache.http.impl.execchain.MainClientExec.execute(MainClientExec.java:256)
Executing request POST /session/e397bb8b4943a2405e3c8c0263ada937/elements HTTP/1.1
[DEBUG] 2017-07-05 17:48:09,579 method:org.apache.http.impl.execchain.MainClientExec.execute(MainClientExec.java:261)
Target auth state: UNCHALLENGED
[DEBUG] 2017-07-05 17:48:09,579 method:org.apache.http.impl.execchain.MainClientExec.execute(MainClientExec.java:267)
Proxy auth state: UNCHALLENGED
[DEBUG] 2017-07-05 17:48:09,579 method:org.apache.http.impl.conn.LoggingManagedHttpClientConnection.onRequestSubmitted(LoggingManagedHttpClientConnection.java:133)
http-outgoing-77 >> POST /session/e397bb8b4943a2405e3c8c0263ada937/elements HTTP/1.1
[DEBUG] 2017-07-05 17:48:09,579 method:org.apache.http.impl.conn.LoggingManagedHttpClientConnection.onRequestSubmitted(LoggingManagedHttpClientConnection.java:136)
http-outgoing-77 >> Content-Type: application/json; charset=utf-8
[DEBUG] 2017-07-05 17:48:09,579 method:org.apache.http.impl.conn.LoggingManagedHttpClientConnection.onRequestSubmitted(LoggingManagedHttpClientConnection.java:136)
http-outgoing-77 >> Content-Length: 83
[DEBUG] 2017-07-05 17:48:09,579 method:org.apache.http.impl.conn.LoggingManagedHttpClientConnection.onRequestSubmitted(LoggingManagedHttpClientConnection.java:136)
http-outgoing-77 >> Host: localhost:5726
[DEBUG] 2017-07-05 17:48:09,579 method:org.apache.http.impl.conn.LoggingManagedHttpClientConnection.onRequestSubmitted(LoggingManagedHttpClientConnection.java:136)
http-outgoing-77 >> Connection: Keep-Alive
[DEBUG] 2017-07-05 17:48:09,579 method:org.apache.http.impl.conn.LoggingManagedHttpClientConnection.onRequestSubmitted(LoggingManagedHttpClientConnection.java:136)
http-outgoing-77 >> User-Agent: Apache-HttpClient/4.5.3 (Java/1.8.0_111)
[DEBUG] 2017-07-05 17:48:09,579 method:org.apache.http.impl.conn.LoggingManagedHttpClientConnection.onRequestSubmitted(LoggingManagedHttpClientConnection.java:136)
http-outgoing-77 >> Accept-Encoding: gzip,deflate
[DEBUG] 2017-07-05 17:48:09,579 method:org.apache.http.impl.conn.Wire.wire(Wire.java:73)
http-outgoing-77 >> "POST /session/e397bb8b4943a2405e3c8c0263ada937/elements HTTP/1.1[\r][\n]"
[DEBUG] 2017-07-05 17:48:09,579 method:org.apache.http.impl.conn.Wire.wire(Wire.java:73)
http-outgoing-77 >> "Content-Type: application/json; charset=utf-8[\r][\n]"
[DEBUG] 2017-07-05 17:48:09,579 method:org.apache.http.impl.conn.Wire.wire(Wire.java:73)
http-outgoing-77 >> "Content-Length: 83[\r][\n]"
[DEBUG] 2017-07-05 17:48:09,579 method:org.apache.http.impl.conn.Wire.wire(Wire.java:73)
http-outgoing-77 >> "Host: localhost:5726[\r][\n]"
[DEBUG] 2017-07-05 17:48:09,579 method:org.apache.http.impl.conn.Wire.wire(Wire.java:73)
http-outgoing-77 >> "Connection: Keep-Alive[\r][\n]"
[DEBUG] 2017-07-05 17:48:09,579 method:org.apache.http.impl.conn.Wire.wire(Wire.java:73)
http-outgoing-77 >> "User-Agent: Apache-HttpClient/4.5.3 (Java/1.8.0_111)[\r][\n]"
[DEBUG] 2017-07-05 17:48:09,579 method:org.apache.http.impl.conn.Wire.wire(Wire.java:73)
http-outgoing-77 >> "Accept-Encoding: gzip,deflate[\r][\n]"
[DEBUG] 2017-07-05 17:48:09,579 method:org.apache.http.impl.conn.Wire.wire(Wire.java:73)
http-outgoing-77 >> "[\r][\n]"
[DEBUG] 2017-07-05 17:48:09,579 method:org.apache.http.impl.conn.Wire.wire(Wire.java:87)
http-outgoing-77 >> "{"using":"xpath","value":"//*[@id=\"wiseoper-content\"]/div[3]/div/div[1]/span[3]"}"
[DEBUG] 2017-07-05 17:48:09,594 method:org.apache.http.impl.conn.Wire.wire(Wire.java:73)
http-outgoing-77 << "HTTP/1.1 200 OK[\r][\n]"
[DEBUG] 2017-07-05 17:48:09,594 method:org.apache.http.impl.conn.Wire.wire(Wire.java:73)
http-outgoing-77 << "Content-Length:70[\r][\n]"
[DEBUG] 2017-07-05 17:48:09,594 method:org.apache.http.impl.conn.Wire.wire(Wire.java:73)
http-outgoing-77 << "Content-Type:application/json; charset=utf-8[\r][\n]"
[DEBUG] 2017-07-05 17:48:09,594 method:org.apache.http.impl.conn.Wire.wire(Wire.java:73)
http-outgoing-77 << "Connection:close[\r][\n]"
[DEBUG] 2017-07-05 17:48:09,594 method:org.apache.http.impl.conn.Wire.wire(Wire.java:73)
http-outgoing-77 << "[\r][\n]"
[DEBUG] 2017-07-05 17:48:09,594 method:org.apache.http.impl.conn.Wire.wire(Wire.java:87)
http-outgoing-77 << "{"sessionId":"e397bb8b4943a2405e3c8c0263ada937","status":0,"value":[]}"
[DEBUG] 2017-07-05 17:48:09,594 method:org.apache.http.impl.conn.LoggingManagedHttpClientConnection.onResponseReceived(LoggingManagedHttpClientConnection.java:122)
http-outgoing-77 << HTTP/1.1 200 OK
[DEBUG] 2017-07-05 17:48:09,594 method:org.apache.http.impl.conn.LoggingManagedHttpClientConnection.onResponseReceived(LoggingManagedHttpClientConnection.java:125)
http-outgoing-77 << Content-Length:70
[DEBUG] 2017-07-05 17:48:09,610 method:org.apache.http.impl.conn.LoggingManagedHttpClientConnection.onResponseReceived(LoggingManagedHttpClientConnection.java:125)
http-outgoing-77 << Content-Type:application/json; charset=utf-8
[DEBUG] 2017-07-05 17:48:09,610 method:org.apache.http.impl.conn.LoggingManagedHttpClientConnection.onResponseReceived(LoggingManagedHttpClientConnection.java:125)
http-outgoing-77 << Connection:close
[DEBUG] 2017-07-05 17:48:09,610 method:org.apache.http.impl.conn.LoggingManagedHttpClientConnection.close(LoggingManagedHttpClientConnection.java:79)
http-outgoing-77: Close connection
[DEBUG] 2017-07-05 17:48:09,610 method:org.apache.http.impl.execchain.ConnectionHolder.releaseConnection(ConnectionHolder.java:104)
Connection discarded
[DEBUG] 2017-07-05 17:48:09,610 method:org.apache.http.impl.conn.PoolingHttpClientConnectionManager.releaseConnection(PoolingHttpClientConnectionManager.java:326)
Connection released: [id: 77][route: {}->http://localhost:5726][total kept alive: 0; route allocated: 0 of 2000; total allocated: 0 of 2000]
[DEBUG] 2017-07-05 17:48:10,125 method:org.apache.http.client.protocol.RequestAddCookies.process(RequestAddCookies.java:123)
CookieSpec selected: default
[DEBUG] 2017-07-05 17:48:10,125 method:org.apache.http.client.protocol.RequestAuthCache.process(RequestAuthCache.java:77)
Auth cache not set in the context
[DEBUG] 2017-07-05 17:48:10,125 method:org.apache.http.impl.conn.PoolingHttpClientConnectionManager.requestConnection(PoolingHttpClientConnectionManager.java:255)
Connection request: [route: {}->http://localhost:5726][total kept alive: 0; route allocated: 0 of 2000; total allocated: 0 of 2000]
[DEBUG] 2017-07-05 17:48:10,125 method:org.apache.http.impl.conn.PoolingHttpClientConnectionManager.leaseConnection(PoolingHttpClientConnectionManager.java:288)
Connection leased: [id: 78][route: {}->http://localhost:5726][total kept alive: 0; route allocated: 1 of 2000; total allocated: 1 of 2000]
[DEBUG] 2017-07-05 17:48:10,125 method:org.apache.http.impl.execchain.MainClientExec.execute(MainClientExec.java:235)
Opening connection {}->http://localhost:5726
[DEBUG] 2017-07-05 17:48:10,125 method:org.apache.http.impl.conn.DefaultHttpClientConnectionOperator.connect(DefaultHttpClientConnectionOperator.java:139)
Connecting to localhost/127.0.0.1:5726
[DEBUG] 2017-07-05 17:48:10,125 method:org.apache.http.impl.conn.DefaultHttpClientConnectionOperator.connect(DefaultHttpClientConnectionOperator.java:146)
Connection established 127.0.0.1:63167<->127.0.0.1:5726
[DEBUG] 2017-07-05 17:48:10,125 method:org.apache.http.impl.conn.LoggingManagedHttpClientConnection.setSocketTimeout(LoggingManagedHttpClientConnection.java:88)
http-outgoing-78: set socket timeout to 10800000
[DEBUG] 2017-07-05 17:48:10,125 method:org.apache.http.impl.execchain.MainClientExec.execute(MainClientExec.java:256)
Executing request POST /session/e397bb8b4943a2405e3c8c0263ada937/elements HTTP/1.1
[DEBUG] 2017-07-05 17:48:10,125 method:org.apache.http.impl.execchain.MainClientExec.execute(MainClientExec.java:261)
Target auth state: UNCHALLENGED
[DEBUG] 2017-07-05 17:48:10,125 method:org.apache.http.impl.execchain.MainClientExec.execute(MainClientExec.java:267)
Proxy auth state: UNCHALLENGED
[DEBUG] 2017-07-05 17:48:10,125 method:org.apache.http.impl.conn.LoggingManagedHttpClientConnection.onRequestSubmitted(LoggingManagedHttpClientConnection.java:133)
http-outgoing-78 >> POST /session/e397bb8b4943a2405e3c8c0263ada937/elements HTTP/1.1
[DEBUG] 2017-07-05 17:48:10,125 method:org.apache.http.impl.conn.LoggingManagedHttpClientConnection.onRequestSubmitted(LoggingManagedHttpClientConnection.java:136)
http-outgoing-78 >> Content-Type: application/json; charset=utf-8
[DEBUG] 2017-07-05 17:48:10,125 method:org.apache.http.impl.conn.LoggingManagedHttpClientConnection.onRequestSubmitted(LoggingManagedHttpClientConnection.java:136)
http-outgoing-78 >> Content-Length: 83
[DEBUG] 2017-07-05 17:48:10,125 method:org.apache.http.impl.conn.LoggingManagedHttpClientConnection.onRequestSubmitted(LoggingManagedHttpClientConnection.java:136)
http-outgoing-78 >> Host: localhost:5726
[DEBUG] 2017-07-05 17:48:10,125 method:org.apache.http.impl.conn.LoggingManagedHttpClientConnection.onRequestSubmitted(LoggingManagedHttpClientConnection.java:136)
http-outgoing-78 >> Connection: Keep-Alive
[DEBUG] 2017-07-05 17:48:10,125 method:org.apache.http.impl.conn.LoggingManagedHttpClientConnection.onRequestSubmitted(LoggingManagedHttpClientConnection.java:136)
http-outgoing-78 >> User-Agent: Apache-HttpClient/4.5.3 (Java/1.8.0_111)
[DEBUG] 2017-07-05 17:48:10,125 method:org.apache.http.impl.conn.LoggingManagedHttpClientConnection.onRequestSubmitted(LoggingManagedHttpClientConnection.java:136)
http-outgoing-78 >> Accept-Encoding: gzip,deflate
[DEBUG] 2017-07-05 17:48:10,125 method:org.apache.http.impl.conn.Wire.wire(Wire.java:73)
http-outgoing-78 >> "POST /session/e397bb8b4943a2405e3c8c0263ada937/elements HTTP/1.1[\r][\n]"
[DEBUG] 2017-07-05 17:48:10,125 method:org.apache.http.impl.conn.Wire.wire(Wire.java:73)
http-outgoing-78 >> "Content-Type: application/json; charset=utf-8[\r][\n]"
[DEBUG] 2017-07-05 17:48:10,125 method:org.apache.http.impl.conn.Wire.wire(Wire.java:73)
http-outgoing-78 >> "Content-Length: 83[\r][\n]"
[DEBUG] 2017-07-05 17:48:10,125 method:org.apache.http.impl.conn.Wire.wire(Wire.java:73)
http-outgoing-78 >> "Host: localhost:5726[\r][\n]"
[DEBUG] 2017-07-05 17:48:10,125 method:org.apache.http.impl.conn.Wire.wire(Wire.java:73)
http-outgoing-78 >> "Connection: Keep-Alive[\r][\n]"
[DEBUG] 2017-07-05 17:48:10,125 method:org.apache.http.impl.conn.Wire.wire(Wire.java:73)
http-outgoing-78 >> "User-Agent: Apache-HttpClient/4.5.3 (Java/1.8.0_111)[\r][\n]"
[DEBUG] 2017-07-05 17:48:10,125 method:org.apache.http.impl.conn.Wire.wire(Wire.java:73)
http-outgoing-78 >> "Accept-Encoding: gzip,deflate[\r][\n]"
[DEBUG] 2017-07-05 17:48:10,125 method:org.apache.http.impl.conn.Wire.wire(Wire.java:73)
http-outgoing-78 >> "[\r][\n]"
[DEBUG] 2017-07-05 17:48:10,125 method:org.apache.http.impl.conn.Wire.wire(Wire.java:87)
http-outgoing-78 >> "{"using":"xpath","value":"//*[@id=\"wiseoper-content\"]/div[3]/div/div[1]/span[3]"}"
[DEBUG] 2017-07-05 17:48:10,140 method:org.apache.http.impl.conn.Wire.wire(Wire.java:73)
http-outgoing-78 << "HTTP/1.1 200 OK[\r][\n]"
[DEBUG] 2017-07-05 17:48:10,140 method:org.apache.http.impl.conn.Wire.wire(Wire.java:73)
http-outgoing-78 << "Content-Length:70[\r][\n]"
[DEBUG] 2017-07-05 17:48:10,140 method:org.apache.http.impl.conn.Wire.wire(Wire.java:73)
http-outgoing-78 << "Content-Type:application/json; charset=utf-8[\r][\n]"
[DEBUG] 2017-07-05 17:48:10,140 method:org.apache.http.impl.conn.Wire.wire(Wire.java:73)
http-outgoing-78 << "Connection:close[\r][\n]"
[DEBUG] 2017-07-05 17:48:10,140 method:org.apache.http.impl.conn.Wire.wire(Wire.java:73)
http-outgoing-78 << "[\r][\n]"
[DEBUG] 2017-07-05 17:48:10,140 method:org.apache.http.impl.conn.Wire.wire(Wire.java:87)
http-outgoing-78 << "{"sessionId":"e397bb8b4943a2405e3c8c0263ada937","status":0,"value":[]}"
[DEBUG] 2017-07-05 17:48:10,140 method:org.apache.http.impl.conn.LoggingManagedHttpClientConnection.onResponseReceived(LoggingManagedHttpClientConnection.java:122)
http-outgoing-78 << HTTP/1.1 200 OK
[DEBUG] 2017-07-05 17:48:10,140 method:org.apache.http.impl.conn.LoggingManagedHttpClientConnection.onResponseReceived(LoggingManagedHttpClientConnection.java:125)
http-outgoing-78 << Content-Length:70
[DEBUG] 2017-07-05 17:48:10,140 method:org.apache.http.impl.conn.LoggingManagedHttpClientConnection.onResponseReceived(LoggingManagedHttpClientConnection.java:125)
http-outgoing-78 << Content-Type:application/json; charset=utf-8
[DEBUG] 2017-07-05 17:48:10,140 method:org.apache.http.impl.conn.LoggingManagedHttpClientConnection.onResponseReceived(LoggingManagedHttpClientConnection.java:125)
http-outgoing-78 << Connection:close
[DEBUG] 2017-07-05 17:48:10,140 method:org.apache.http.impl.conn.LoggingManagedHttpClientConnection.close(LoggingManagedHttpClientConnection.java:79)
http-outgoing-78: Close connection
[DEBUG] 2017-07-05 17:48:10,140 method:org.apache.http.impl.execchain.ConnectionHolder.releaseConnection(ConnectionHolder.java:104)
Connection discarded
[DEBUG] 2017-07-05 17:48:10,140 method:org.apache.http.impl.conn.PoolingHttpClientConnectionManager.releaseConnection(PoolingHttpClientConnectionManager.java:326)
Connection released: [id: 78][route: {}->http://localhost:5726][total kept alive: 0; route allocated: 0 of 2000; total allocated: 0 of 2000]
[DEBUG] 2017-07-05 17:48:10,642 method:org.apache.http.client.protocol.RequestAddCookies.process(RequestAddCookies.java:123)
CookieSpec selected: default
[DEBUG] 2017-07-05 17:48:10,642 method:org.apache.http.client.protocol.RequestAuthCache.process(RequestAuthCache.java:77)
Auth cache not set in the context
[DEBUG] 2017-07-05 17:48:10,643 method:org.apache.http.impl.conn.PoolingHttpClientConnectionManager.requestConnection(PoolingHttpClientConnectionManager.java:255)
Connection request: [route: {}->http://localhost:5726][total kept alive: 0; route allocated: 0 of 2000; total allocated: 0 of 2000]
[DEBUG] 2017-07-05 17:48:10,643 method:org.apache.http.impl.conn.PoolingHttpClientConnectionManager.leaseConnection(PoolingHttpClientConnectionManager.java:288)
Connection leased: [id: 79][route: {}->http://localhost:5726][total kept alive: 0; route allocated: 1 of 2000; total allocated: 1 of 2000]
[DEBUG] 2017-07-05 17:48:10,644 method:org.apache.http.impl.execchain.MainClientExec.execute(MainClientExec.java:235)
Opening connection {}->http://localhost:5726
[DEBUG] 2017-07-05 17:48:10,644 method:org.apache.http.impl.conn.DefaultHttpClientConnectionOperator.connect(DefaultHttpClientConnectionOperator.java:139)
Connecting to localhost/127.0.0.1:5726
[DEBUG] 2017-07-05 17:48:10,645 method:org.apache.http.impl.conn.DefaultHttpClientConnectionOperator.connect(DefaultHttpClientConnectionOperator.java:146)
Connection established 127.0.0.1:63168<->127.0.0.1:5726
[DEBUG] 2017-07-05 17:48:10,646 method:org.apache.http.impl.conn.LoggingManagedHttpClientConnection.setSocketTimeout(LoggingManagedHttpClientConnection.java:88)
http-outgoing-79: set socket timeout to 10800000
[DEBUG] 2017-07-05 17:48:10,646 method:org.apache.http.impl.execchain.MainClientExec.execute(MainClientExec.java:256)
Executing request POST /session/e397bb8b4943a2405e3c8c0263ada937/elements HTTP/1.1
[DEBUG] 2017-07-05 17:48:10,647 method:org.apache.http.impl.execchain.MainClientExec.execute(MainClientExec.java:261)
Target auth state: UNCHALLENGED
[DEBUG] 2017-07-05 17:48:10,647 method:org.apache.http.impl.execchain.MainClientExec.execute(MainClientExec.java:267)
Proxy auth state: UNCHALLENGED
[DEBUG] 2017-07-05 17:48:10,647 method:org.apache.http.impl.conn.LoggingManagedHttpClientConnection.onRequestSubmitted(LoggingManagedHttpClientConnection.java:133)
http-outgoing-79 >> POST /session/e397bb8b4943a2405e3c8c0263ada937/elements HTTP/1.1
[DEBUG] 2017-07-05 17:48:10,647 method:org.apache.http.impl.conn.LoggingManagedHttpClientConnection.onRequestSubmitted(LoggingManagedHttpClientConnection.java:136)
http-outgoing-79 >> Content-Type: application/json; charset=utf-8
[DEBUG] 2017-07-05 17:48:10,648 method:org.apache.http.impl.conn.LoggingManagedHttpClientConnection.onRequestSubmitted(LoggingManagedHttpClientConnection.java:136)
http-outgoing-79 >> Content-Length: 83
[DEBUG] 2017-07-05 17:48:10,648 method:org.apache.http.impl.conn.LoggingManagedHttpClientConnection.onRequestSubmitted(LoggingManagedHttpClientConnection.java:136)
http-outgoing-79 >> Host: localhost:5726
[DEBUG] 2017-07-05 17:48:10,648 method:org.apache.http.impl.conn.LoggingManagedHttpClientConnection.onRequestSubmitted(LoggingManagedHttpClientConnection.java:136)
http-outgoing-79 >> Connection: Keep-Alive
[DEBUG] 2017-07-05 17:48:10,648 method:org.apache.http.impl.conn.LoggingManagedHttpClientConnection.onRequestSubmitted(LoggingManagedHttpClientConnection.java:136)
http-outgoing-79 >> User-Agent: Apache-HttpClient/4.5.3 (Java/1.8.0_111)
[DEBUG] 2017-07-05 17:48:10,648 method:org.apache.http.impl.conn.LoggingManagedHttpClientConnection.onRequestSubmitted(LoggingManagedHttpClientConnection.java:136)
http-outgoing-79 >> Accept-Encoding: gzip,deflate
[DEBUG] 2017-07-05 17:48:10,649 method:org.apache.http.impl.conn.Wire.wire(Wire.java:73)
http-outgoing-79 >> "POST /session/e397bb8b4943a2405e3c8c0263ada937/elements HTTP/1.1[\r][\n]"
[DEBUG] 2017-07-05 17:48:10,649 method:org.apache.http.impl.conn.Wire.wire(Wire.java:73)
http-outgoing-79 >> "Content-Type: application/json; charset=utf-8[\r][\n]"
[DEBUG] 2017-07-05 17:48:10,649 method:org.apache.http.impl.conn.Wire.wire(Wire.java:73)
http-outgoing-79 >> "Content-Length: 83[\r][\n]"
[DEBUG] 2017-07-05 17:48:10,649 method:org.apache.http.impl.conn.Wire.wire(Wire.java:73)
http-outgoing-79 >> "Host: localhost:5726[\r][\n]"
[DEBUG] 2017-07-05 17:48:10,649 method:org.apache.http.impl.conn.Wire.wire(Wire.java:73)
http-outgoing-79 >> "Connection: Keep-Alive[\r][\n]"
[DEBUG] 2017-07-05 17:48:10,650 method:org.apache.http.impl.conn.Wire.wire(Wire.java:73)
http-outgoing-79 >> "User-Agent: Apache-HttpClient/4.5.3 (Java/1.8.0_111)[\r][\n]"
[DEBUG] 2017-07-05 17:48:10,650 method:org.apache.http.impl.conn.Wire.wire(Wire.java:73)
http-outgoing-79 >> "Accept-Encoding: gzip,deflate[\r][\n]"
[DEBUG] 2017-07-05 17:48:10,650 method:org.apache.http.impl.conn.Wire.wire(Wire.java:73)
http-outgoing-79 >> "[\r][\n]"
[DEBUG] 2017-07-05 17:48:10,650 method:org.apache.http.impl.conn.Wire.wire(Wire.java:87)
http-outgoing-79 >> "{"using":"xpath","value":"//*[@id=\"wiseoper-content\"]/div[3]/div/div[1]/span[3]"}"
[DEBUG] 2017-07-05 17:48:10,664 method:org.apache.http.impl.conn.Wire.wire(Wire.java:73)
http-outgoing-79 << "HTTP/1.1 200 OK[\r][\n]"
[DEBUG] 2017-07-05 17:48:10,665 method:org.apache.http.impl.conn.Wire.wire(Wire.java:73)
http-outgoing-79 << "Content-Length:70[\r][\n]"
[DEBUG] 2017-07-05 17:48:10,665 method:org.apache.http.impl.conn.Wire.wire(Wire.java:73)
http-outgoing-79 << "Content-Type:application/json; charset=utf-8[\r][\n]"
[DEBUG] 2017-07-05 17:48:10,665 method:org.apache.http.impl.conn.Wire.wire(Wire.java:73)
http-outgoing-79 << "Connection:close[\r][\n]"
[DEBUG] 2017-07-05 17:48:10,665 method:org.apache.http.impl.conn.Wire.wire(Wire.java:73)
http-outgoing-79 << "[\r][\n]"
[DEBUG] 2017-07-05 17:48:10,666 method:org.apache.http.impl.conn.Wire.wire(Wire.java:87)
http-outgoing-79 << "{"sessionId":"e397bb8b4943a2405e3c8c0263ada937","status":0,"value":[]}"
[DEBUG] 2017-07-05 17:48:10,666 method:org.apache.http.impl.conn.LoggingManagedHttpClientConnection.onResponseReceived(LoggingManagedHttpClientConnection.java:122)
http-outgoing-79 << HTTP/1.1 200 OK
[DEBUG] 2017-07-05 17:48:10,666 method:org.apache.http.impl.conn.LoggingManagedHttpClientConnection.onResponseReceived(LoggingManagedHttpClientConnection.java:125)
http-outgoing-79 << Content-Length:70
[DEBUG] 2017-07-05 17:48:10,666 method:org.apache.http.impl.conn.LoggingManagedHttpClientConnection.onResponseReceived(LoggingManagedHttpClientConnection.java:125)
http-outgoing-79 << Content-Type:application/json; charset=utf-8
[DEBUG] 2017-07-05 17:48:10,667 method:org.apache.http.impl.conn.LoggingManagedHttpClientConnection.onResponseReceived(LoggingManagedHttpClientConnection.java:125)
http-outgoing-79 << Connection:close
[DEBUG] 2017-07-05 17:48:10,667 method:org.apache.http.impl.conn.LoggingManagedHttpClientConnection.close(LoggingManagedHttpClientConnection.java:79)
http-outgoing-79: Close connection
[DEBUG] 2017-07-05 17:48:10,667 method:org.apache.http.impl.execchain.ConnectionHolder.releaseConnection(ConnectionHolder.java:104)
Connection discarded
[DEBUG] 2017-07-05 17:48:10,668 method:org.apache.http.impl.conn.PoolingHttpClientConnectionManager.releaseConnection(PoolingHttpClientConnectionManager.java:326)
Connection released: [id: 79][route: {}->http://localhost:5726][total kept alive: 0; route allocated: 0 of 2000; total allocated: 0 of 2000]
[DEBUG] 2017-07-05 17:48:11,170 method:org.apache.http.client.protocol.RequestAddCookies.process(RequestAddCookies.java:123)
CookieSpec selected: default
[DEBUG] 2017-07-05 17:48:11,170 method:org.apache.http.client.protocol.RequestAuthCache.process(RequestAuthCache.java:77)
Auth cache not set in the context
[DEBUG] 2017-07-05 17:48:11,171 method:org.apache.http.impl.conn.PoolingHttpClientConnectionManager.requestConnection(PoolingHttpClientConnectionManager.java:255)
Connection request: [route: {}->http://localhost:5726][total kept alive: 0; route allocated: 0 of 2000; total allocated: 0 of 2000]
[DEBUG] 2017-07-05 17:48:11,171 method:org.apache.http.impl.conn.PoolingHttpClientConnectionManager.leaseConnection(PoolingHttpClientConnectionManager.java:288)
Connection leased: [id: 80][route: {}->http://localhost:5726][total kept alive: 0; route allocated: 1 of 2000; total allocated: 1 of 2000]
[DEBUG] 2017-07-05 17:48:11,172 method:org.apache.http.impl.execchain.MainClientExec.execute(MainClientExec.java:235)
Opening connection {}->http://localhost:5726
[DEBUG] 2017-07-05 17:48:11,172 method:org.apache.http.impl.conn.DefaultHttpClientConnectionOperator.connect(DefaultHttpClientConnectionOperator.java:139)
Connecting to localhost/127.0.0.1:5726
[DEBUG] 2017-07-05 17:48:11,173 method:org.apache.http.impl.conn.DefaultHttpClientConnectionOperator.connect(DefaultHttpClientConnectionOperator.java:146)
Connection established 127.0.0.1:63169<->127.0.0.1:5726
[DEBUG] 2017-07-05 17:48:11,174 method:org.apache.http.impl.conn.LoggingManagedHttpClientConnection.setSocketTimeout(LoggingManagedHttpClientConnection.java:88)
http-outgoing-80: set socket timeout to 10800000
[DEBUG] 2017-07-05 17:48:11,174 method:org.apache.http.impl.execchain.MainClientExec.execute(MainClientExec.java:256)
Executing request POST /session/e397bb8b4943a2405e3c8c0263ada937/elements HTTP/1.1
[DEBUG] 2017-07-05 17:48:11,174 method:org.apache.http.impl.execchain.MainClientExec.execute(MainClientExec.java:261)
Target auth state: UNCHALLENGED
[DEBUG] 2017-07-05 17:48:11,175 method:org.apache.http.impl.execchain.MainClientExec.execute(MainClientExec.java:267)
Proxy auth state: UNCHALLENGED
[DEBUG] 2017-07-05 17:48:11,175 method:org.apache.http.impl.conn.LoggingManagedHttpClientConnection.onRequestSubmitted(LoggingManagedHttpClientConnection.java:133)
http-outgoing-80 >> POST /session/e397bb8b4943a2405e3c8c0263ada937/elements HTTP/1.1
[DEBUG] 2017-07-05 17:48:11,175 method:org.apache.http.impl.conn.LoggingManagedHttpClientConnection.onRequestSubmitted(LoggingManagedHttpClientConnection.java:136)
http-outgoing-80 >> Content-Type: application/json; charset=utf-8
[DEBUG] 2017-07-05 17:48:11,176 method:org.apache.http.impl.conn.LoggingManagedHttpClientConnection.onRequestSubmitted(LoggingManagedHttpClientConnection.java:136)
http-outgoing-80 >> Content-Length: 83
[DEBUG] 2017-07-05 17:48:11,176 method:org.apache.http.impl.conn.LoggingManagedHttpClientConnection.onRequestSubmitted(LoggingManagedHttpClientConnection.java:136)
http-outgoing-80 >> Host: localhost:5726
[DEBUG] 2017-07-05 17:48:11,176 method:org.apache.http.impl.conn.LoggingManagedHttpClientConnection.onRequestSubmitted(LoggingManagedHttpClientConnection.java:136)
http-outgoing-80 >> Connection: Keep-Alive
[DEBUG] 2017-07-05 17:48:11,176 method:org.apache.http.impl.conn.LoggingManagedHttpClientConnection.onRequestSubmitted(LoggingManagedHttpClientConnection.java:136)
http-outgoing-80 >> User-Agent: Apache-HttpClient/4.5.3 (Java/1.8.0_111)
[DEBUG] 2017-07-05 17:48:11,177 method:org.apache.http.impl.conn.LoggingManagedHttpClientConnection.onRequestSubmitted(LoggingManagedHttpClientConnection.java:136)
http-outgoing-80 >> Accept-Encoding: gzip,deflate
[DEBUG] 2017-07-05 17:48:11,177 method:org.apache.http.impl.conn.Wire.wire(Wire.java:73)
http-outgoing-80 >> "POST /session/e397bb8b4943a2405e3c8c0263ada937/elements HTTP/1.1[\r][\n]"
[DEBUG] 2017-07-05 17:48:11,177 method:org.apache.http.impl.conn.Wire.wire(Wire.java:73)
http-outgoing-80 >> "Content-Type: application/json; charset=utf-8[\r][\n]"
[DEBUG] 2017-07-05 17:48:11,178 method:org.apache.http.impl.conn.Wire.wire(Wire.java:73)
http-outgoing-80 >> "Content-Length: 83[\r][\n]"
[DEBUG] 2017-07-05 17:48:11,178 method:org.apache.http.impl.conn.Wire.wire(Wire.java:73)
http-outgoing-80 >> "Host: localhost:5726[\r][\n]"
[DEBUG] 2017-07-05 17:48:11,178 method:org.apache.http.impl.conn.Wire.wire(Wire.java:73)
http-outgoing-80 >> "Connection: Keep-Alive[\r][\n]"
[DEBUG] 2017-07-05 17:48:11,179 method:org.apache.http.impl.conn.Wire.wire(Wire.java:73)
http-outgoing-80 >> "User-Agent: Apache-HttpClient/4.5.3 (Java/1.8.0_111)[\r][\n]"
[DEBUG] 2017-07-05 17:48:11,179 method:org.apache.http.impl.conn.Wire.wire(Wire.java:73)
http-outgoing-80 >> "Accept-Encoding: gzip,deflate[\r][\n]"
[DEBUG] 2017-07-05 17:48:11,179 method:org.apache.http.impl.conn.Wire.wire(Wire.java:73)
http-outgoing-80 >> "[\r][\n]"
[DEBUG] 2017-07-05 17:48:11,180 method:org.apache.http.impl.conn.Wire.wire(Wire.java:87)
http-outgoing-80 >> "{"using":"xpath","value":"//*[@id=\"wiseoper-content\"]/div[3]/div/div[1]/span[3]"}"
[DEBUG] 2017-07-05 17:48:11,197 method:org.apache.http.impl.conn.Wire.wire(Wire.java:73)
http-outgoing-80 << "HTTP/1.1 200 OK[\r][\n]"
[DEBUG] 2017-07-05 17:48:11,198 method:org.apache.http.impl.conn.Wire.wire(Wire.java:73)
http-outgoing-80 << "Content-Length:70[\r][\n]"
[DEBUG] 2017-07-05 17:48:11,198 method:org.apache.http.impl.conn.Wire.wire(Wire.java:73)
http-outgoing-80 << "Content-Type:application/json; charset=utf-8[\r][\n]"
[DEBUG] 2017-07-05 17:48:11,198 method:org.apache.http.impl.conn.Wire.wire(Wire.java:73)
http-outgoing-80 << "Connection:close[\r][\n]"
[DEBUG] 2017-07-05 17:48:11,199 method:org.apache.http.impl.conn.Wire.wire(Wire.java:73)
http-outgoing-80 << "[\r][\n]"
[DEBUG] 2017-07-05 17:48:11,199 method:org.apache.http.impl.conn.Wire.wire(Wire.java:87)
http-outgoing-80 << "{"sessionId":"e397bb8b4943a2405e3c8c0263ada937","status":0,"value":[]}"
[DEBUG] 2017-07-05 17:48:11,199 method:org.apache.http.impl.conn.LoggingManagedHttpClientConnection.onResponseReceived(LoggingManagedHttpClientConnection.java:122)
http-outgoing-80 << HTTP/1.1 200 OK
[DEBUG] 2017-07-05 17:48:11,200 method:org.apache.http.impl.conn.LoggingManagedHttpClientConnection.onResponseReceived(LoggingManagedHttpClientConnection.java:125)
http-outgoing-80 << Content-Length:70
[DEBUG] 2017-07-05 17:48:11,200 method:org.apache.http.impl.conn.LoggingManagedHttpClientConnection.onResponseReceived(LoggingManagedHttpClientConnection.java:125)
http-outgoing-80 << Content-Type:application/json; charset=utf-8
[DEBUG] 2017-07-05 17:48:11,200 method:org.apache.http.impl.conn.LoggingManagedHttpClientConnection.onResponseReceived(LoggingManagedHttpClientConnection.java:125)
http-outgoing-80 << Connection:close
[DEBUG] 2017-07-05 17:48:11,201 method:org.apache.http.impl.conn.LoggingManagedHttpClientConnection.close(LoggingManagedHttpClientConnection.java:79)
http-outgoing-80: Close connection
[DEBUG] 2017-07-05 17:48:11,201 method:org.apache.http.impl.execchain.ConnectionHolder.releaseConnection(ConnectionHolder.java:104)
Connection discarded
[DEBUG] 2017-07-05 17:48:11,201 method:org.apache.http.impl.conn.PoolingHttpClientConnectionManager.releaseConnection(PoolingHttpClientConnectionManager.java:326)
Connection released: [id: 80][route: {}->http://localhost:5726][total kept alive: 0; route allocated: 0 of 2000; total allocated: 0 of 2000]
[DEBUG] 2017-07-05 17:48:11,705 method:org.apache.http.client.protocol.RequestAddCookies.process(RequestAddCookies.java:123)
CookieSpec selected: default
[DEBUG] 2017-07-05 17:48:11,705 method:org.apache.http.client.protocol.RequestAuthCache.process(RequestAuthCache.java:77)
Auth cache not set in the context
[DEBUG] 2017-07-05 17:48:11,706 method:org.apache.http.impl.conn.PoolingHttpClientConnectionManager.requestConnection(PoolingHttpClientConnectionManager.java:255)
Connection request: [route: {}->http://localhost:5726][total kept alive: 0; route allocated: 0 of 2000; total allocated: 0 of 2000]
[DEBUG] 2017-07-05 17:48:11,706 method:org.apache.http.impl.conn.PoolingHttpClientConnectionManager.leaseConnection(PoolingHttpClientConnectionManager.java:288)
Connection leased: [id: 81][route: {}->http://localhost:5726][total kept alive: 0; route allocated: 1 of 2000; total allocated: 1 of 2000]
[DEBUG] 2017-07-05 17:48:11,706 method:org.apache.http.impl.execchain.MainClientExec.execute(MainClientExec.java:235)
Opening connection {}->http://localhost:5726
[DEBUG] 2017-07-05 17:48:11,707 method:org.apache.http.impl.conn.DefaultHttpClientConnectionOperator.connect(DefaultHttpClientConnectionOperator.java:139)
Connecting to localhost/127.0.0.1:5726
[DEBUG] 2017-07-05 17:48:11,708 method:org.apache.http.impl.conn.DefaultHttpClientConnectionOperator.connect(DefaultHttpClientConnectionOperator.java:146)
Connection established 127.0.0.1:63170<->127.0.0.1:5726
[DEBUG] 2017-07-05 17:48:11,709 method:org.apache.http.impl.conn.LoggingManagedHttpClientConnection.setSocketTimeout(LoggingManagedHttpClientConnection.java:88)
http-outgoing-81: set socket timeout to 10800000
[DEBUG] 2017-07-05 17:48:11,709 method:org.apache.http.impl.execchain.MainClientExec.execute(MainClientExec.java:256)
Executing request POST /session/e397bb8b4943a2405e3c8c0263ada937/elements HTTP/1.1
[DEBUG] 2017-07-05 17:48:11,709 method:org.apache.http.impl.execchain.MainClientExec.execute(MainClientExec.java:261)
Target auth state: UNCHALLENGED
[DEBUG] 2017-07-05 17:48:11,710 method:org.apache.http.impl.execchain.MainClientExec.execute(MainClientExec.java:267)
Proxy auth state: UNCHALLENGED
[DEBUG] 2017-07-05 17:48:11,710 method:org.apache.http.impl.conn.LoggingManagedHttpClientConnection.onRequestSubmitted(LoggingManagedHttpClientConnection.java:133)
http-outgoing-81 >> POST /session/e397bb8b4943a2405e3c8c0263ada937/elements HTTP/1.1
[DEBUG] 2017-07-05 17:48:11,710 method:org.apache.http.impl.conn.LoggingManagedHttpClientConnection.onRequestSubmitted(LoggingManagedHttpClientConnection.java:136)
http-outgoing-81 >> Content-Type: application/json; charset=utf-8
[DEBUG] 2017-07-05 17:48:11,711 method:org.apache.http.impl.conn.LoggingManagedHttpClientConnection.onRequestSubmitted(LoggingManagedHttpClientConnection.java:136)
http-outgoing-81 >> Content-Length: 83
[DEBUG] 2017-07-05 17:48:11,711 method:org.apache.http.impl.conn.LoggingManagedHttpClientConnection.onRequestSubmitted(LoggingManagedHttpClientConnection.java:136)
http-outgoing-81 >> Host: localhost:5726
[DEBUG] 2017-07-05 17:48:11,711 method:org.apache.http.impl.conn.LoggingManagedHttpClientConnection.onRequestSubmitted(LoggingManagedHttpClientConnection.java:136)
http-outgoing-81 >> Connection: Keep-Alive
[DEBUG] 2017-07-05 17:48:11,711 method:org.apache.http.impl.conn.LoggingManagedHttpClientConnection.onRequestSubmitted(LoggingManagedHttpClientConnection.java:136)
http-outgoing-81 >> User-Agent: Apache-HttpClient/4.5.3 (Java/1.8.0_111)
[DEBUG] 2017-07-05 17:48:11,712 method:org.apache.http.impl.conn.LoggingManagedHttpClientConnection.onRequestSubmitted(LoggingManagedHttpClientConnection.java:136)
http-outgoing-81 >> Accept-Encoding: gzip,deflate
[DEBUG] 2017-07-05 17:48:11,712 method:org.apache.http.impl.conn.Wire.wire(Wire.java:73)
http-outgoing-81 >> "POST /session/e397bb8b4943a2405e3c8c0263ada937/elements HTTP/1.1[\r][\n]"
[DEBUG] 2017-07-05 17:48:11,712 method:org.apache.http.impl.conn.Wire.wire(Wire.java:73)
http-outgoing-81 >> "Content-Type: application/json; charset=utf-8[\r][\n]"
[DEBUG] 2017-07-05 17:48:11,713 method:org.apache.http.impl.conn.Wire.wire(Wire.java:73)
http-outgoing-81 >> "Content-Length: 83[\r][\n]"
[DEBUG] 2017-07-05 17:48:11,713 method:org.apache.http.impl.conn.Wire.wire(Wire.java:73)
http-outgoing-81 >> "Host: localhost:5726[\r][\n]"
[DEBUG] 2017-07-05 17:48:11,713 method:org.apache.http.impl.conn.Wire.wire(Wire.java:73)
http-outgoing-81 >> "Connection: Keep-Alive[\r][\n]"
[DEBUG] 2017-07-05 17:48:11,714 method:org.apache.http.impl.conn.Wire.wire(Wire.java:73)
http-outgoing-81 >> "User-Agent: Apache-HttpClient/4.5.3 (Java/1.8.0_111)[\r][\n]"
[DEBUG] 2017-07-05 17:48:11,714 method:org.apache.http.impl.conn.Wire.wire(Wire.java:73)
http-outgoing-81 >> "Accept-Encoding: gzip,deflate[\r][\n]"
[DEBUG] 2017-07-05 17:48:11,715 method:org.apache.http.impl.conn.Wire.wire(Wire.java:73)
http-outgoing-81 >> "[\r][\n]"
[DEBUG] 2017-07-05 17:48:11,715 method:org.apache.http.impl.conn.Wire.wire(Wire.java:87)
http-outgoing-81 >> "{"using":"xpath","value":"//*[@id=\"wiseoper-content\"]/div[3]/div/div[1]/span[3]"}"
[DEBUG] 2017-07-05 17:48:11,732 method:org.apache.http.impl.conn.Wire.wire(Wire.java:73)
http-outgoing-81 << "HTTP/1.1 200 OK[\r][\n]"
[DEBUG] 2017-07-05 17:48:11,732 method:org.apache.http.impl.conn.Wire.wire(Wire.java:73)
http-outgoing-81 << "Content-Length:70[\r][\n]"
[DEBUG] 2017-07-05 17:48:11,732 method:org.apache.http.impl.conn.Wire.wire(Wire.java:73)
http-outgoing-81 << "Content-Type:application/json; charset=utf-8[\r][\n]"
[DEBUG] 2017-07-05 17:48:11,733 method:org.apache.http.impl.conn.Wire.wire(Wire.java:73)
http-outgoing-81 << "Connection:close[\r][\n]"
[DEBUG] 2017-07-05 17:48:11,733 method:org.apache.http.impl.conn.Wire.wire(Wire.java:73)
http-outgoing-81 << "[\r][\n]"
[DEBUG] 2017-07-05 17:48:11,733 method:org.apache.http.impl.conn.Wire.wire(Wire.java:87)
http-outgoing-81 << "{"sessionId":"e397bb8b4943a2405e3c8c0263ada937","status":0,"value":[]}"
[DEBUG] 2017-07-05 17:48:11,733 method:org.apache.http.impl.conn.LoggingManagedHttpClientConnection.onResponseReceived(LoggingManagedHttpClientConnection.java:122)
http-outgoing-81 << HTTP/1.1 200 OK
[DEBUG] 2017-07-05 17:48:11,734 method:org.apache.http.impl.conn.LoggingManagedHttpClientConnection.onResponseReceived(LoggingManagedHttpClientConnection.java:125)
http-outgoing-81 << Content-Length:70
[DEBUG] 2017-07-05 17:48:11,734 method:org.apache.http.impl.conn.LoggingManagedHttpClientConnection.onResponseReceived(LoggingManagedHttpClientConnection.java:125)
http-outgoing-81 << Content-Type:application/json; charset=utf-8
[DEBUG] 2017-07-05 17:48:11,734 method:org.apache.http.impl.conn.LoggingManagedHttpClientConnection.onResponseReceived(LoggingManagedHttpClientConnection.java:125)
http-outgoing-81 << Connection:close
[DEBUG] 2017-07-05 17:48:11,734 method:org.apache.http.impl.conn.LoggingManagedHttpClientConnection.close(LoggingManagedHttpClientConnection.java:79)
http-outgoing-81: Close connection
[DEBUG] 2017-07-05 17:48:11,735 method:org.apache.http.impl.execchain.ConnectionHolder.releaseConnection(ConnectionHolder.java:104)
Connection discarded
[DEBUG] 2017-07-05 17:48:11,735 method:org.apache.http.impl.conn.PoolingHttpClientConnectionManager.releaseConnection(PoolingHttpClientConnectionManager.java:326)
Connection released: [id: 81][route: {}->http://localhost:5726][total kept alive: 0; route allocated: 0 of 2000; total allocated: 0 of 2000]
[DEBUG] 2017-07-05 17:48:12,236 method:org.apache.http.client.protocol.RequestAddCookies.process(RequestAddCookies.java:123)
CookieSpec selected: default
[DEBUG] 2017-07-05 17:48:12,236 method:org.apache.http.client.protocol.RequestAuthCache.process(RequestAuthCache.java:77)
Auth cache not set in the context
[DEBUG] 2017-07-05 17:48:12,237 method:org.apache.http.impl.conn.PoolingHttpClientConnectionManager.requestConnection(PoolingHttpClientConnectionManager.java:255)
Connection request: [route: {}->http://localhost:5726][total kept alive: 0; route allocated: 0 of 2000; total allocated: 0 of 2000]
[DEBUG] 2017-07-05 17:48:12,237 method:org.apache.http.impl.conn.PoolingHttpClientConnectionManager.leaseConnection(PoolingHttpClientConnectionManager.java:288)
Connection leased: [id: 82][route: {}->http://localhost:5726][total kept alive: 0; route allocated: 1 of 2000; total allocated: 1 of 2000]
[DEBUG] 2017-07-05 17:48:12,237 method:org.apache.http.impl.execchain.MainClientExec.execute(MainClientExec.java:235)
Opening connection {}->http://localhost:5726
[DEBUG] 2017-07-05 17:48:12,237 method:org.apache.http.impl.conn.DefaultHttpClientConnectionOperator.connect(DefaultHttpClientConnectionOperator.java:139)
Connecting to localhost/127.0.0.1:5726
[DEBUG] 2017-07-05 17:48:12,238 method:org.apache.http.impl.conn.DefaultHttpClientConnectionOperator.connect(DefaultHttpClientConnectionOperator.java:146)
Connection established 127.0.0.1:63171<->127.0.0.1:5726
[DEBUG] 2017-07-05 17:48:12,238 method:org.apache.http.impl.conn.LoggingManagedHttpClientConnection.setSocketTimeout(LoggingManagedHttpClientConnection.java:88)
http-outgoing-82: set socket timeout to 10800000
[DEBUG] 2017-07-05 17:48:12,238 method:org.apache.http.impl.execchain.MainClientExec.execute(MainClientExec.java:256)
Executing request POST /session/e397bb8b4943a2405e3c8c0263ada937/elements HTTP/1.1
[DEBUG] 2017-07-05 17:48:12,238 method:org.apache.http.impl.execchain.MainClientExec.execute(MainClientExec.java:261)
Target auth state: UNCHALLENGED
[DEBUG] 2017-07-05 17:48:12,238 method:org.apache.http.impl.execchain.MainClientExec.execute(MainClientExec.java:267)
Proxy auth state: UNCHALLENGED
[DEBUG] 2017-07-05 17:48:12,239 method:org.apache.http.impl.conn.LoggingManagedHttpClientConnection.onRequestSubmitted(LoggingManagedHttpClientConnection.java:133)
http-outgoing-82 >> POST /session/e397bb8b4943a2405e3c8c0263ada937/elements HTTP/1.1
[DEBUG] 2017-07-05 17:48:12,239 method:org.apache.http.impl.conn.LoggingManagedHttpClientConnection.onRequestSubmitted(LoggingManagedHttpClientConnection.java:136)
http-outgoing-82 >> Content-Type: application/json; charset=utf-8
[DEBUG] 2017-07-05 17:48:12,239 method:org.apache.http.impl.conn.LoggingManagedHttpClientConnection.onRequestSubmitted(LoggingManagedHttpClientConnection.java:136)
http-outgoing-82 >> Content-Length: 83
[DEBUG] 2017-07-05 17:48:12,239 method:org.apache.http.impl.conn.LoggingManagedHttpClientConnection.onRequestSubmitted(LoggingManagedHttpClientConnection.java:136)
http-outgoing-82 >> Host: localhost:5726
[DEBUG] 2017-07-05 17:48:12,239 method:org.apache.http.impl.conn.LoggingManagedHttpClientConnection.onRequestSubmitted(LoggingManagedHttpClientConnection.java:136)
http-outgoing-82 >> Connection: Keep-Alive
[DEBUG] 2017-07-05 17:48:12,239 method:org.apache.http.impl.conn.LoggingManagedHttpClientConnection.onRequestSubmitted(LoggingManagedHttpClientConnection.java:136)
http-outgoing-82 >> User-Agent: Apache-HttpClient/4.5.3 (Java/1.8.0_111)
[DEBUG] 2017-07-05 17:48:12,239 method:org.apache.http.impl.conn.LoggingManagedHttpClientConnection.onRequestSubmitted(LoggingManagedHttpClientConnection.java:136)
http-outgoing-82 >> Accept-Encoding: gzip,deflate
[DEBUG] 2017-07-05 17:48:12,239 method:org.apache.http.impl.conn.Wire.wire(Wire.java:73)
http-outgoing-82 >> "POST /session/e397bb8b4943a2405e3c8c0263ada937/elements HTTP/1.1[\r][\n]"
[DEBUG] 2017-07-05 17:48:12,240 method:org.apache.http.impl.conn.Wire.wire(Wire.java:73)
http-outgoing-82 >> "Content-Type: application/json; charset=utf-8[\r][\n]"
[DEBUG] 2017-07-05 17:48:12,240 method:org.apache.http.impl.conn.Wire.wire(Wire.java:73)
http-outgoing-82 >> "Content-Length: 83[\r][\n]"
[DEBUG] 2017-07-05 17:48:12,240 method:org.apache.http.impl.conn.Wire.wire(Wire.java:73)
http-outgoing-82 >> "Host: localhost:5726[\r][\n]"
[DEBUG] 2017-07-05 17:48:12,240 method:org.apache.http.impl.conn.Wire.wire(Wire.java:73)
http-outgoing-82 >> "Connection: Keep-Alive[\r][\n]"
[DEBUG] 2017-07-05 17:48:12,240 method:org.apache.http.impl.conn.Wire.wire(Wire.java:73)
http-outgoing-82 >> "User-Agent: Apache-HttpClient/4.5.3 (Java/1.8.0_111)[\r][\n]"
[DEBUG] 2017-07-05 17:48:12,240 method:org.apache.http.impl.conn.Wire.wire(Wire.java:73)
http-outgoing-82 >> "Accept-Encoding: gzip,deflate[\r][\n]"
[DEBUG] 2017-07-05 17:48:12,240 method:org.apache.http.impl.conn.Wire.wire(Wire.java:73)
http-outgoing-82 >> "[\r][\n]"
[DEBUG] 2017-07-05 17:48:12,240 method:org.apache.http.impl.conn.Wire.wire(Wire.java:87)
http-outgoing-82 >> "{"using":"xpath","value":"//*[@id=\"wiseoper-content\"]/div[3]/div/div[1]/span[3]"}"
[DEBUG] 2017-07-05 17:48:12,250 method:org.apache.http.impl.conn.Wire.wire(Wire.java:73)
http-outgoing-82 << "HTTP/1.1 200 OK[\r][\n]"
[DEBUG] 2017-07-05 17:48:12,250 method:org.apache.http.impl.conn.Wire.wire(Wire.java:73)
http-outgoing-82 << "Content-Length:70[\r][\n]"
[DEBUG] 2017-07-05 17:48:12,250 method:org.apache.http.impl.conn.Wire.wire(Wire.java:73)
http-outgoing-82 << "Content-Type:application/json; charset=utf-8[\r][\n]"
[DEBUG] 2017-07-05 17:48:12,251 method:org.apache.http.impl.conn.Wire.wire(Wire.java:73)
http-outgoing-82 << "Connection:close[\r][\n]"
[DEBUG] 2017-07-05 17:48:12,251 method:org.apache.http.impl.conn.Wire.wire(Wire.java:73)
http-outgoing-82 << "[\r][\n]"
[DEBUG] 2017-07-05 17:48:12,251 method:org.apache.http.impl.conn.Wire.wire(Wire.java:87)
http-outgoing-82 << "{"sessionId":"e397bb8b4943a2405e3c8c0263ada937","status":0,"value":[]}"
[DEBUG] 2017-07-05 17:48:12,251 method:org.apache.http.impl.conn.LoggingManagedHttpClientConnection.onResponseReceived(LoggingManagedHttpClientConnection.java:122)
http-outgoing-82 << HTTP/1.1 200 OK
[DEBUG] 2017-07-05 17:48:12,251 method:org.apache.http.impl.conn.LoggingManagedHttpClientConnection.onResponseReceived(LoggingManagedHttpClientConnection.java:125)
http-outgoing-82 << Content-Length:70
[DEBUG] 2017-07-05 17:48:12,251 method:org.apache.http.impl.conn.LoggingManagedHttpClientConnection.onResponseReceived(LoggingManagedHttpClientConnection.java:125)
http-outgoing-82 << Content-Type:application/json; charset=utf-8
[DEBUG] 2017-07-05 17:48:12,252 method:org.apache.http.impl.conn.LoggingManagedHttpClientConnection.onResponseReceived(LoggingManagedHttpClientConnection.java:125)
http-outgoing-82 << Connection:close
[DEBUG] 2017-07-05 17:48:12,252 method:org.apache.http.impl.conn.LoggingManagedHttpClientConnection.close(LoggingManagedHttpClientConnection.java:79)
http-outgoing-82: Close connection
[DEBUG] 2017-07-05 17:48:12,252 method:org.apache.http.impl.execchain.ConnectionHolder.releaseConnection(ConnectionHolder.java:104)
Connection discarded
[DEBUG] 2017-07-05 17:48:12,252 method:org.apache.http.impl.conn.PoolingHttpClientConnectionManager.releaseConnection(PoolingHttpClientConnectionManager.java:326)
Connection released: [id: 82][route: {}->http://localhost:5726][total kept alive: 0; route allocated: 0 of 2000; total allocated: 0 of 2000]
[DEBUG] 2017-07-05 17:48:12,753 method:org.apache.http.client.protocol.RequestAddCookies.process(RequestAddCookies.java:123)
CookieSpec selected: default
[DEBUG] 2017-07-05 17:48:12,754 method:org.apache.http.client.protocol.RequestAuthCache.process(RequestAuthCache.java:77)
Auth cache not set in the context
[DEBUG] 2017-07-05 17:48:12,754 method:org.apache.http.impl.conn.PoolingHttpClientConnectionManager.requestConnection(PoolingHttpClientConnectionManager.java:255)
Connection request: [route: {}->http://localhost:5726][total kept alive: 0; route allocated: 0 of 2000; total allocated: 0 of 2000]
[DEBUG] 2017-07-05 17:48:12,754 method:org.apache.http.impl.conn.PoolingHttpClientConnectionManager.leaseConnection(PoolingHttpClientConnectionManager.java:288)
Connection leased: [id: 83][route: {}->http://localhost:5726][total kept alive: 0; route allocated: 1 of 2000; total allocated: 1 of 2000]
[DEBUG] 2017-07-05 17:48:12,754 method:org.apache.http.impl.execchain.MainClientExec.execute(MainClientExec.java:235)
Opening connection {}->http://localhost:5726
[DEBUG] 2017-07-05 17:48:12,754 method:org.apache.http.impl.conn.DefaultHttpClientConnectionOperator.connect(DefaultHttpClientConnectionOperator.java:139)
Connecting to localhost/127.0.0.1:5726
[DEBUG] 2017-07-05 17:48:12,755 method:org.apache.http.impl.conn.DefaultHttpClientConnectionOperator.connect(DefaultHttpClientConnectionOperator.java:146)
Connection established 127.0.0.1:63172<->127.0.0.1:5726
[DEBUG] 2017-07-05 17:48:12,755 method:org.apache.http.impl.conn.LoggingManagedHttpClientConnection.setSocketTimeout(LoggingManagedHttpClientConnection.java:88)
http-outgoing-83: set socket timeout to 10800000
[DEBUG] 2017-07-05 17:48:12,755 method:org.apache.http.impl.execchain.MainClientExec.execute(MainClientExec.java:256)
Executing request POST /session/e397bb8b4943a2405e3c8c0263ada937/elements HTTP/1.1
[DEBUG] 2017-07-05 17:48:12,755 method:org.apache.http.impl.execchain.MainClientExec.execute(MainClientExec.java:261)
Target auth state: UNCHALLENGED
[DEBUG] 2017-07-05 17:48:12,755 method:org.apache.http.impl.execchain.MainClientExec.execute(MainClientExec.java:267)
Proxy auth state: UNCHALLENGED
[DEBUG] 2017-07-05 17:48:12,755 method:org.apache.http.impl.conn.LoggingManagedHttpClientConnection.onRequestSubmitted(LoggingManagedHttpClientConnection.java:133)
http-outgoing-83 >> POST /session/e397bb8b4943a2405e3c8c0263ada937/elements HTTP/1.1
[DEBUG] 2017-07-05 17:48:12,755 method:org.apache.http.impl.conn.LoggingManagedHttpClientConnection.onRequestSubmitted(LoggingManagedHttpClientConnection.java:136)
http-outgoing-83 >> Content-Type: application/json; charset=utf-8
[DEBUG] 2017-07-05 17:48:12,755 method:org.apache.http.impl.conn.LoggingManagedHttpClientConnection.onRequestSubmitted(LoggingManagedHttpClientConnection.java:136)
http-outgoing-83 >> Content-Length: 83
[DEBUG] 2017-07-05 17:48:12,756 method:org.apache.http.impl.conn.LoggingManagedHttpClientConnection.onRequestSubmitted(LoggingManagedHttpClientConnection.java:136)
http-outgoing-83 >> Host: localhost:5726
[DEBUG] 2017-07-05 17:48:12,756 method:org.apache.http.impl.conn.LoggingManagedHttpClientConnection.onRequestSubmitted(LoggingManagedHttpClientConnection.java:136)
http-outgoing-83 >> Connection: Keep-Alive
[DEBUG] 2017-07-05 17:48:12,756 method:org.apache.http.impl.conn.LoggingManagedHttpClientConnection.onRequestSubmitted(LoggingManagedHttpClientConnection.java:136)
http-outgoing-83 >> User-Agent: Apache-HttpClient/4.5.3 (Java/1.8.0_111)
[DEBUG] 2017-07-05 17:48:12,756 method:org.apache.http.impl.conn.LoggingManagedHttpClientConnection.onRequestSubmitted(LoggingManagedHttpClientConnection.java:136)
http-outgoing-83 >> Accept-Encoding: gzip,deflate
[DEBUG] 2017-07-05 17:48:12,756 method:org.apache.http.impl.conn.Wire.wire(Wire.java:73)
http-outgoing-83 >> "POST /session/e397bb8b4943a2405e3c8c0263ada937/elements HTTP/1.1[\r][\n]"
[DEBUG] 2017-07-05 17:48:12,756 method:org.apache.http.impl.conn.Wire.wire(Wire.java:73)
http-outgoing-83 >> "Content-Type: application/json; charset=utf-8[\r][\n]"
[DEBUG] 2017-07-05 17:48:12,756 method:org.apache.http.impl.conn.Wire.wire(Wire.java:73)
http-outgoing-83 >> "Content-Length: 83[\r][\n]"
[DEBUG] 2017-07-05 17:48:12,756 method:org.apache.http.impl.conn.Wire.wire(Wire.java:73)
http-outgoing-83 >> "Host: localhost:5726[\r][\n]"
[DEBUG] 2017-07-05 17:48:12,756 method:org.apache.http.impl.conn.Wire.wire(Wire.java:73)
http-outgoing-83 >> "Connection: Keep-Alive[\r][\n]"
[DEBUG] 2017-07-05 17:48:12,756 method:org.apache.http.impl.conn.Wire.wire(Wire.java:73)
http-outgoing-83 >> "User-Agent: Apache-HttpClient/4.5.3 (Java/1.8.0_111)[\r][\n]"
[DEBUG] 2017-07-05 17:48:12,756 method:org.apache.http.impl.conn.Wire.wire(Wire.java:73)
http-outgoing-83 >> "Accept-Encoding: gzip,deflate[\r][\n]"
[DEBUG] 2017-07-05 17:48:12,757 method:org.apache.http.impl.conn.Wire.wire(Wire.java:73)
http-outgoing-83 >> "[\r][\n]"
[DEBUG] 2017-07-05 17:48:12,757 method:org.apache.http.impl.conn.Wire.wire(Wire.java:87)
http-outgoing-83 >> "{"using":"xpath","value":"//*[@id=\"wiseoper-content\"]/div[3]/div/div[1]/span[3]"}"
[DEBUG] 2017-07-05 17:48:12,765 method:org.apache.http.impl.conn.Wire.wire(Wire.java:73)
http-outgoing-83 << "HTTP/1.1 200 OK[\r][\n]"
[DEBUG] 2017-07-05 17:48:12,766 method:org.apache.http.impl.conn.Wire.wire(Wire.java:73)
http-outgoing-83 << "Content-Length:70[\r][\n]"
[DEBUG] 2017-07-05 17:48:12,766 method:org.apache.http.impl.conn.Wire.wire(Wire.java:73)
http-outgoing-83 << "Content-Type:application/json; charset=utf-8[\r][\n]"
[DEBUG] 2017-07-05 17:48:12,766 method:org.apache.http.impl.conn.Wire.wire(Wire.java:73)
http-outgoing-83 << "Connection:close[\r][\n]"
[DEBUG] 2017-07-05 17:48:12,766 method:org.apache.http.impl.conn.Wire.wire(Wire.java:73)
http-outgoing-83 << "[\r][\n]"
[DEBUG] 2017-07-05 17:48:12,766 method:org.apache.http.impl.conn.Wire.wire(Wire.java:87)
http-outgoing-83 << "{"sessionId":"e397bb8b4943a2405e3c8c0263ada937","status":0,"value":[]}"
[DEBUG] 2017-07-05 17:48:12,766 method:org.apache.http.impl.conn.LoggingManagedHttpClientConnection.onResponseReceived(LoggingManagedHttpClientConnection.java:122)
http-outgoing-83 << HTTP/1.1 200 OK
[DEBUG] 2017-07-05 17:48:12,766 method:org.apache.http.impl.conn.LoggingManagedHttpClientConnection.onResponseReceived(LoggingManagedHttpClientConnection.java:125)
http-outgoing-83 << Content-Length:70
[DEBUG] 2017-07-05 17:48:12,766 method:org.apache.http.impl.conn.LoggingManagedHttpClientConnection.onResponseReceived(LoggingManagedHttpClientConnection.java:125)
http-outgoing-83 << Content-Type:application/json; charset=utf-8
[DEBUG] 2017-07-05 17:48:12,769 method:org.apache.http.impl.conn.LoggingManagedHttpClientConnection.onResponseReceived(LoggingManagedHttpClientConnection.java:125)
http-outgoing-83 << Connection:close
[DEBUG] 2017-07-05 17:48:12,769 method:org.apache.http.impl.conn.LoggingManagedHttpClientConnection.close(LoggingManagedHttpClientConnection.java:79)
http-outgoing-83: Close connection
[DEBUG] 2017-07-05 17:48:12,770 method:org.apache.http.impl.execchain.ConnectionHolder.releaseConnection(ConnectionHolder.java:104)
Connection discarded
[DEBUG] 2017-07-05 17:48:12,770 method:org.apache.http.impl.conn.PoolingHttpClientConnectionManager.releaseConnection(PoolingHttpClientConnectionManager.java:326)
Connection released: [id: 83][route: {}->http://localhost:5726][total kept alive: 0; route allocated: 0 of 2000; total allocated: 0 of 2000]
[DEBUG] 2017-07-05 17:48:13,270 method:org.apache.http.client.protocol.RequestAddCookies.process(RequestAddCookies.java:123)
CookieSpec selected: default
[DEBUG] 2017-07-05 17:48:13,271 method:org.apache.http.client.protocol.RequestAuthCache.process(RequestAuthCache.java:77)
Auth cache not set in the context
[DEBUG] 2017-07-05 17:48:13,271 method:org.apache.http.impl.conn.PoolingHttpClientConnectionManager.requestConnection(PoolingHttpClientConnectionManager.java:255)
Connection request: [route: {}->http://localhost:5726][total kept alive: 0; route allocated: 0 of 2000; total allocated: 0 of 2000]
[DEBUG] 2017-07-05 17:48:13,271 method:org.apache.http.impl.conn.PoolingHttpClientConnectionManager.leaseConnection(PoolingHttpClientConnectionManager.java:288)
Connection leased: [id: 84][route: {}->http://localhost:5726][total kept alive: 0; route allocated: 1 of 2000; total allocated: 1 of 2000]
[DEBUG] 2017-07-05 17:48:13,271 method:org.apache.http.impl.execchain.MainClientExec.execute(MainClientExec.java:235)
Opening connection {}->http://localhost:5726
[DEBUG] 2017-07-05 17:48:13,271 method:org.apache.http.impl.conn.DefaultHttpClientConnectionOperator.connect(DefaultHttpClientConnectionOperator.java:139)
Connecting to localhost/127.0.0.1:5726
[DEBUG] 2017-07-05 17:48:13,272 method:org.apache.http.impl.conn.DefaultHttpClientConnectionOperator.connect(DefaultHttpClientConnectionOperator.java:146)
Connection established 127.0.0.1:63173<->127.0.0.1:5726
[DEBUG] 2017-07-05 17:48:13,272 method:org.apache.http.impl.conn.LoggingManagedHttpClientConnection.setSocketTimeout(LoggingManagedHttpClientConnection.java:88)
http-outgoing-84: set socket timeout to 10800000
[DEBUG] 2017-07-05 17:48:13,272 method:org.apache.http.impl.execchain.MainClientExec.execute(MainClientExec.java:256)
Executing request POST /session/e397bb8b4943a2405e3c8c0263ada937/elements HTTP/1.1
[DEBUG] 2017-07-05 17:48:13,272 method:org.apache.http.impl.execchain.MainClientExec.execute(MainClientExec.java:261)
Target auth state: UNCHALLENGED
[DEBUG] 2017-07-05 17:48:13,272 method:org.apache.http.impl.execchain.MainClientExec.execute(MainClientExec.java:267)
Proxy auth state: UNCHALLENGED
[DEBUG] 2017-07-05 17:48:13,272 method:org.apache.http.impl.conn.LoggingManagedHttpClientConnection.onRequestSubmitted(LoggingManagedHttpClientConnection.java:133)
http-outgoing-84 >> POST /session/e397bb8b4943a2405e3c8c0263ada937/elements HTTP/1.1
[DEBUG] 2017-07-05 17:48:13,273 method:org.apache.http.impl.conn.LoggingManagedHttpClientConnection.onRequestSubmitted(LoggingManagedHttpClientConnection.java:136)
http-outgoing-84 >> Content-Type: application/json; charset=utf-8
[DEBUG] 2017-07-05 17:48:13,273 method:org.apache.http.impl.conn.LoggingManagedHttpClientConnection.onRequestSubmitted(LoggingManagedHttpClientConnection.java:136)
http-outgoing-84 >> Content-Length: 83
[DEBUG] 2017-07-05 17:48:13,273 method:org.apache.http.impl.conn.LoggingManagedHttpClientConnection.onRequestSubmitted(LoggingManagedHttpClientConnection.java:136)
http-outgoing-84 >> Host: localhost:5726
[DEBUG] 2017-07-05 17:48:13,273 method:org.apache.http.impl.conn.LoggingManagedHttpClientConnection.onRequestSubmitted(LoggingManagedHttpClientConnection.java:136)
http-outgoing-84 >> Connection: Keep-Alive
[DEBUG] 2017-07-05 17:48:13,273 method:org.apache.http.impl.conn.LoggingManagedHttpClientConnection.onRequestSubmitted(LoggingManagedHttpClientConnection.java:136)
http-outgoing-84 >> User-Agent: Apache-HttpClient/4.5.3 (Java/1.8.0_111)
[DEBUG] 2017-07-05 17:48:13,273 method:org.apache.http.impl.conn.LoggingManagedHttpClientConnection.onRequestSubmitted(LoggingManagedHttpClientConnection.java:136)
http-outgoing-84 >> Accept-Encoding: gzip,deflate
[DEBUG] 2017-07-05 17:48:13,273 method:org.apache.http.impl.conn.Wire.wire(Wire.java:73)
http-outgoing-84 >> "POST /session/e397bb8b4943a2405e3c8c0263ada937/elements HTTP/1.1[\r][\n]"
[DEBUG] 2017-07-05 17:48:13,273 method:org.apache.http.impl.conn.Wire.wire(Wire.java:73)
http-outgoing-84 >> "Content-Type: application/json; charset=utf-8[\r][\n]"
[DEBUG] 2017-07-05 17:48:13,273 method:org.apache.http.impl.conn.Wire.wire(Wire.java:73)
http-outgoing-84 >> "Content-Length: 83[\r][\n]"
[DEBUG] 2017-07-05 17:48:13,273 method:org.apache.http.impl.conn.Wire.wire(Wire.java:73)
http-outgoing-84 >> "Host: localhost:5726[\r][\n]"
[DEBUG] 2017-07-05 17:48:13,273 method:org.apache.http.impl.conn.Wire.wire(Wire.java:73)
http-outgoing-84 >> "Connection: Keep-Alive[\r][\n]"
[DEBUG] 2017-07-05 17:48:13,273 method:org.apache.http.impl.conn.Wire.wire(Wire.java:73)
http-outgoing-84 >> "User-Agent: Apache-HttpClient/4.5.3 (Java/1.8.0_111)[\r][\n]"
[DEBUG] 2017-07-05 17:48:13,274 method:org.apache.http.impl.conn.Wire.wire(Wire.java:73)
http-outgoing-84 >> "Accept-Encoding: gzip,deflate[\r][\n]"
[DEBUG] 2017-07-05 17:48:13,274 method:org.apache.http.impl.conn.Wire.wire(Wire.java:73)
http-outgoing-84 >> "[\r][\n]"
[DEBUG] 2017-07-05 17:48:13,274 method:org.apache.http.impl.conn.Wire.wire(Wire.java:87)
http-outgoing-84 >> "{"using":"xpath","value":"//*[@id=\"wiseoper-content\"]/div[3]/div/div[1]/span[3]"}"
[DEBUG] 2017-07-05 17:48:13,282 method:org.apache.http.impl.conn.Wire.wire(Wire.java:73)
http-outgoing-84 << "HTTP/1.1 200 OK[\r][\n]"
[DEBUG] 2017-07-05 17:48:13,283 method:org.apache.http.impl.conn.Wire.wire(Wire.java:73)
http-outgoing-84 << "Content-Length:70[\r][\n]"
[DEBUG] 2017-07-05 17:48:13,283 method:org.apache.http.impl.conn.Wire.wire(Wire.java:73)
http-outgoing-84 << "Content-Type:application/json; charset=utf-8[\r][\n]"
[DEBUG] 2017-07-05 17:48:13,283 method:org.apache.http.impl.conn.Wire.wire(Wire.java:73)
http-outgoing-84 << "Connection:close[\r][\n]"
[DEBUG] 2017-07-05 17:48:13,283 method:org.apache.http.impl.conn.Wire.wire(Wire.java:73)
http-outgoing-84 << "[\r][\n]"
[DEBUG] 2017-07-05 17:48:13,283 method:org.apache.http.impl.conn.Wire.wire(Wire.java:87)
http-outgoing-84 << "{"sessionId":"e397bb8b4943a2405e3c8c0263ada937","status":0,"value":[]}"
[DEBUG] 2017-07-05 17:48:13,283 method:org.apache.http.impl.conn.LoggingManagedHttpClientConnection.onResponseReceived(LoggingManagedHttpClientConnection.java:122)
http-outgoing-84 << HTTP/1.1 200 OK
[DEBUG] 2017-07-05 17:48:13,283 method:org.apache.http.impl.conn.LoggingManagedHttpClientConnection.onResponseReceived(LoggingManagedHttpClientConnection.java:125)
http-outgoing-84 << Content-Length:70
[DEBUG] 2017-07-05 17:48:13,283 method:org.apache.http.impl.conn.LoggingManagedHttpClientConnection.onResponseReceived(LoggingManagedHttpClientConnection.java:125)
http-outgoing-84 << Content-Type:application/json; charset=utf-8
[DEBUG] 2017-07-05 17:48:13,284 method:org.apache.http.impl.conn.LoggingManagedHttpClientConnection.onResponseReceived(LoggingManagedHttpClientConnection.java:125)
http-outgoing-84 << Connection:close
[DEBUG] 2017-07-05 17:48:13,284 method:org.apache.http.impl.conn.LoggingManagedHttpClientConnection.close(LoggingManagedHttpClientConnection.java:79)
http-outgoing-84: Close connection
[DEBUG] 2017-07-05 17:48:13,284 method:org.apache.http.impl.execchain.ConnectionHolder.releaseConnection(ConnectionHolder.java:104)
Connection discarded
[DEBUG] 2017-07-05 17:48:13,284 method:org.apache.http.impl.conn.PoolingHttpClientConnectionManager.releaseConnection(PoolingHttpClientConnectionManager.java:326)
Connection released: [id: 84][route: {}->http://localhost:5726][total kept alive: 0; route allocated: 0 of 2000; total allocated: 0 of 2000]
[DEBUG] 2017-07-05 17:48:13,785 method:org.apache.http.client.protocol.RequestAddCookies.process(RequestAddCookies.java:123)
CookieSpec selected: default
[DEBUG] 2017-07-05 17:48:13,786 method:org.apache.http.client.protocol.RequestAuthCache.process(RequestAuthCache.java:77)
Auth cache not set in the context
[DEBUG] 2017-07-05 17:48:13,786 method:org.apache.http.impl.conn.PoolingHttpClientConnectionManager.requestConnection(PoolingHttpClientConnectionManager.java:255)
Connection request: [route: {}->http://localhost:5726][total kept alive: 0; route allocated: 0 of 2000; total allocated: 0 of 2000]
[DEBUG] 2017-07-05 17:48:13,786 method:org.apache.http.impl.conn.PoolingHttpClientConnectionManager.leaseConnection(PoolingHttpClientConnectionManager.java:288)
Connection leased: [id: 85][route: {}->http://localhost:5726][total kept alive: 0; route allocated: 1 of 2000; total allocated: 1 of 2000]
[DEBUG] 2017-07-05 17:48:13,786 method:org.apache.http.impl.execchain.MainClientExec.execute(MainClientExec.java:235)
Opening connection {}->http://localhost:5726
[DEBUG] 2017-07-05 17:48:13,786 method:org.apache.http.impl.conn.DefaultHttpClientConnectionOperator.connect(DefaultHttpClientConnectionOperator.java:139)
Connecting to localhost/127.0.0.1:5726
[DEBUG] 2017-07-05 17:48:13,787 method:org.apache.http.impl.conn.DefaultHttpClientConnectionOperator.connect(DefaultHttpClientConnectionOperator.java:146)
Connection established 127.0.0.1:63174<->127.0.0.1:5726
[DEBUG] 2017-07-05 17:48:13,787 method:org.apache.http.impl.conn.LoggingManagedHttpClientConnection.setSocketTimeout(LoggingManagedHttpClientConnection.java:88)
http-outgoing-85: set socket timeout to 10800000
[DEBUG] 2017-07-05 17:48:13,787 method:org.apache.http.impl.execchain.MainClientExec.execute(MainClientExec.java:256)
Executing request POST /session/e397bb8b4943a2405e3c8c0263ada937/elements HTTP/1.1
[DEBUG] 2017-07-05 17:48:13,787 method:org.apache.http.impl.execchain.MainClientExec.execute(MainClientExec.java:261)
Target auth state: UNCHALLENGED
[DEBUG] 2017-07-05 17:48:13,787 method:org.apache.http.impl.execchain.MainClientExec.execute(MainClientExec.java:267)
Proxy auth state: UNCHALLENGED
[DEBUG] 2017-07-05 17:48:13,788 method:org.apache.http.impl.conn.LoggingManagedHttpClientConnection.onRequestSubmitted(LoggingManagedHttpClientConnection.java:133)
http-outgoing-85 >> POST /session/e397bb8b4943a2405e3c8c0263ada937/elements HTTP/1.1
[DEBUG] 2017-07-05 17:48:13,788 method:org.apache.http.impl.conn.LoggingManagedHttpClientConnection.onRequestSubmitted(LoggingManagedHttpClientConnection.java:136)
http-outgoing-85 >> Content-Type: application/json; charset=utf-8
[DEBUG] 2017-07-05 17:48:13,788 method:org.apache.http.impl.conn.LoggingManagedHttpClientConnection.onRequestSubmitted(LoggingManagedHttpClientConnection.java:136)
http-outgoing-85 >> Content-Length: 83
[DEBUG] 2017-07-05 17:48:13,788 method:org.apache.http.impl.conn.LoggingManagedHttpClientConnection.onRequestSubmitted(LoggingManagedHttpClientConnection.java:136)
http-outgoing-85 >> Host: localhost:5726
[DEBUG] 2017-07-05 17:48:13,788 method:org.apache.http.impl.conn.LoggingManagedHttpClientConnection.onRequestSubmitted(LoggingManagedHttpClientConnection.java:136)
http-outgoing-85 >> Connection: Keep-Alive
[DEBUG] 2017-07-05 17:48:13,788 method:org.apache.http.impl.conn.LoggingManagedHttpClientConnection.onRequestSubmitted(LoggingManagedHttpClientConnection.java:136)
http-outgoing-85 >> User-Agent: Apache-HttpClient/4.5.3 (Java/1.8.0_111)
[DEBUG] 2017-07-05 17:48:13,788 method:org.apache.http.impl.conn.LoggingManagedHttpClientConnection.onRequestSubmitted(LoggingManagedHttpClientConnection.java:136)
http-outgoing-85 >> Accept-Encoding: gzip,deflate
[DEBUG] 2017-07-05 17:48:13,788 method:org.apache.http.impl.conn.Wire.wire(Wire.java:73)
http-outgoing-85 >> "POST /session/e397bb8b4943a2405e3c8c0263ada937/elements HTTP/1.1[\r][\n]"
[DEBUG] 2017-07-05 17:48:13,788 method:org.apache.http.impl.conn.Wire.wire(Wire.java:73)
http-outgoing-85 >> "Content-Type: application/json; charset=utf-8[\r][\n]"
[DEBUG] 2017-07-05 17:48:13,788 method:org.apache.http.impl.conn.Wire.wire(Wire.java:73)
http-outgoing-85 >> "Content-Length: 83[\r][\n]"
[DEBUG] 2017-07-05 17:48:13,789 method:org.apache.http.impl.conn.Wire.wire(Wire.java:73)
http-outgoing-85 >> "Host: localhost:5726[\r][\n]"
[DEBUG] 2017-07-05 17:48:13,789 method:org.apache.http.impl.conn.Wire.wire(Wire.java:73)
http-outgoing-85 >> "Connection: Keep-Alive[\r][\n]"
[DEBUG] 2017-07-05 17:48:13,789 method:org.apache.http.impl.conn.Wire.wire(Wire.java:73)
http-outgoing-85 >> "User-Agent: Apache-HttpClient/4.5.3 (Java/1.8.0_111)[\r][\n]"
[DEBUG] 2017-07-05 17:48:13,789 method:org.apache.http.impl.conn.Wire.wire(Wire.java:73)
http-outgoing-85 >> "Accept-Encoding: gzip,deflate[\r][\n]"
[DEBUG] 2017-07-05 17:48:13,789 method:org.apache.http.impl.conn.Wire.wire(Wire.java:73)
http-outgoing-85 >> "[\r][\n]"
[DEBUG] 2017-07-05 17:48:13,789 method:org.apache.http.impl.conn.Wire.wire(Wire.java:87)
http-outgoing-85 >> "{"using":"xpath","value":"//*[@id=\"wiseoper-content\"]/div[3]/div/div[1]/span[3]"}"
[DEBUG] 2017-07-05 17:48:13,798 method:org.apache.http.impl.conn.Wire.wire(Wire.java:73)
http-outgoing-85 << "HTTP/1.1 200 OK[\r][\n]"
[DEBUG] 2017-07-05 17:48:13,798 method:org.apache.http.impl.conn.Wire.wire(Wire.java:73)
http-outgoing-85 << "Content-Length:70[\r][\n]"
[DEBUG] 2017-07-05 17:48:13,799 method:org.apache.http.impl.conn.Wire.wire(Wire.java:73)
http-outgoing-85 << "Content-Type:application/json; charset=utf-8[\r][\n]"
[DEBUG] 2017-07-05 17:48:13,799 method:org.apache.http.impl.conn.Wire.wire(Wire.java:73)
http-outgoing-85 << "Connection:close[\r][\n]"
[DEBUG] 2017-07-05 17:48:13,799 method:org.apache.http.impl.conn.Wire.wire(Wire.java:73)
http-outgoing-85 << "[\r][\n]"
[DEBUG] 2017-07-05 17:48:13,799 method:org.apache.http.impl.conn.Wire.wire(Wire.java:87)
http-outgoing-85 << "{"sessionId":"e397bb8b4943a2405e3c8c0263ada937","status":0,"value":[]}"
[DEBUG] 2017-07-05 17:48:13,800 method:org.apache.http.impl.conn.LoggingManagedHttpClientConnection.onResponseReceived(LoggingManagedHttpClientConnection.java:122)
http-outgoing-85 << HTTP/1.1 200 OK
[DEBUG] 2017-07-05 17:48:13,800 method:org.apache.http.impl.conn.LoggingManagedHttpClientConnection.onResponseReceived(LoggingManagedHttpClientConnection.java:125)
http-outgoing-85 << Content-Length:70
[DEBUG] 2017-07-05 17:48:13,800 method:org.apache.http.impl.conn.LoggingManagedHttpClientConnection.onResponseReceived(LoggingManagedHttpClientConnection.java:125)
http-outgoing-85 << Content-Type:application/json; charset=utf-8
[DEBUG] 2017-07-05 17:48:13,800 method:org.apache.http.impl.conn.LoggingManagedHttpClientConnection.onResponseReceived(LoggingManagedHttpClientConnection.java:125)
http-outgoing-85 << Connection:close
[DEBUG] 2017-07-05 17:48:13,800 method:org.apache.http.impl.conn.LoggingManagedHttpClientConnection.close(LoggingManagedHttpClientConnection.java:79)
http-outgoing-85: Close connection
[DEBUG] 2017-07-05 17:48:13,800 method:org.apache.http.impl.execchain.ConnectionHolder.releaseConnection(ConnectionHolder.java:104)
Connection discarded
[DEBUG] 2017-07-05 17:48:13,801 method:org.apache.http.impl.conn.PoolingHttpClientConnectionManager.releaseConnection(PoolingHttpClientConnectionManager.java:326)
Connection released: [id: 85][route: {}->http://localhost:5726][total kept alive: 0; route allocated: 0 of 2000; total allocated: 0 of 2000]
[DEBUG] 2017-07-05 17:48:14,301 method:org.apache.http.client.protocol.RequestAddCookies.process(RequestAddCookies.java:123)
CookieSpec selected: default
[DEBUG] 2017-07-05 17:48:14,301 method:org.apache.http.client.protocol.RequestAuthCache.process(RequestAuthCache.java:77)
Auth cache not set in the context
[DEBUG] 2017-07-05 17:48:14,301 method:org.apache.http.impl.conn.PoolingHttpClientConnectionManager.requestConnection(PoolingHttpClientConnectionManager.java:255)
Connection request: [route: {}->http://localhost:5726][total kept alive: 0; route allocated: 0 of 2000; total allocated: 0 of 2000]
[DEBUG] 2017-07-05 17:48:14,302 method:org.apache.http.impl.conn.PoolingHttpClientConnectionManager.leaseConnection(PoolingHttpClientConnectionManager.java:288)
Connection leased: [id: 86][route: {}->http://localhost:5726][total kept alive: 0; route allocated: 1 of 2000; total allocated: 1 of 2000]
[DEBUG] 2017-07-05 17:48:14,302 method:org.apache.http.impl.execchain.MainClientExec.execute(MainClientExec.java:235)
Opening connection {}->http://localhost:5726
[DEBUG] 2017-07-05 17:48:14,302 method:org.apache.http.impl.conn.DefaultHttpClientConnectionOperator.connect(DefaultHttpClientConnectionOperator.java:139)
Connecting to localhost/127.0.0.1:5726
[DEBUG] 2017-07-05 17:48:14,303 method:org.apache.http.impl.conn.DefaultHttpClientConnectionOperator.connect(DefaultHttpClientConnectionOperator.java:146)
Connection established 127.0.0.1:63175<->127.0.0.1:5726
[DEBUG] 2017-07-05 17:48:14,303 method:org.apache.http.impl.conn.LoggingManagedHttpClientConnection.setSocketTimeout(LoggingManagedHttpClientConnection.java:88)
http-outgoing-86: set socket timeout to 10800000
[DEBUG] 2017-07-05 17:48:14,303 method:org.apache.http.impl.execchain.MainClientExec.execute(MainClientExec.java:256)
Executing request POST /session/e397bb8b4943a2405e3c8c0263ada937/elements HTTP/1.1
[DEBUG] 2017-07-05 17:48:14,303 method:org.apache.http.impl.execchain.MainClientExec.execute(MainClientExec.java:261)
Target auth state: UNCHALLENGED
[DEBUG] 2017-07-05 17:48:14,303 method:org.apache.http.impl.execchain.MainClientExec.execute(MainClientExec.java:267)
Proxy auth state: UNCHALLENGED
[DEBUG] 2017-07-05 17:48:14,304 method:org.apache.http.impl.conn.LoggingManagedHttpClientConnection.onRequestSubmitted(LoggingManagedHttpClientConnection.java:133)
http-outgoing-86 >> POST /session/e397bb8b4943a2405e3c8c0263ada937/elements HTTP/1.1
[DEBUG] 2017-07-05 17:48:14,304 method:org.apache.http.impl.conn.LoggingManagedHttpClientConnection.onRequestSubmitted(LoggingManagedHttpClientConnection.java:136)
http-outgoing-86 >> Content-Type: application/json; charset=utf-8
[DEBUG] 2017-07-05 17:48:14,304 method:org.apache.http.impl.conn.LoggingManagedHttpClientConnection.onRequestSubmitted(LoggingManagedHttpClientConnection.java:136)
http-outgoing-86 >> Content-Length: 83
[DEBUG] 2017-07-05 17:48:14,304 method:org.apache.http.impl.conn.LoggingManagedHttpClientConnection.onRequestSubmitted(LoggingManagedHttpClientConnection.java:136)
http-outgoing-86 >> Host: localhost:5726
[DEBUG] 2017-07-05 17:48:14,304 method:org.apache.http.impl.conn.LoggingManagedHttpClientConnection.onRequestSubmitted(LoggingManagedHttpClientConnection.java:136)
http-outgoing-86 >> Connection: Keep-Alive
[DEBUG] 2017-07-05 17:48:14,304 method:org.apache.http.impl.conn.LoggingManagedHttpClientConnection.onRequestSubmitted(LoggingManagedHttpClientConnection.java:136)
http-outgoing-86 >> User-Agent: Apache-HttpClient/4.5.3 (Java/1.8.0_111)
[DEBUG] 2017-07-05 17:48:14,304 method:org.apache.http.impl.conn.LoggingManagedHttpClientConnection.onRequestSubmitted(LoggingManagedHttpClientConnection.java:136)
http-outgoing-86 >> Accept-Encoding: gzip,deflate
[DEBUG] 2017-07-05 17:48:14,304 method:org.apache.http.impl.conn.Wire.wire(Wire.java:73)
http-outgoing-86 >> "POST /session/e397bb8b4943a2405e3c8c0263ada937/elements HTTP/1.1[\r][\n]"
[DEBUG] 2017-07-05 17:48:14,304 method:org.apache.http.impl.conn.Wire.wire(Wire.java:73)
http-outgoing-86 >> "Content-Type: application/json; charset=utf-8[\r][\n]"
[DEBUG] 2017-07-05 17:48:14,305 method:org.apache.http.impl.conn.Wire.wire(Wire.java:73)
http-outgoing-86 >> "Content-Length: 83[\r][\n]"
[DEBUG] 2017-07-05 17:48:14,305 method:org.apache.http.impl.conn.Wire.wire(Wire.java:73)
http-outgoing-86 >> "Host: localhost:5726[\r][\n]"
[DEBUG] 2017-07-05 17:48:14,305 method:org.apache.http.impl.conn.Wire.wire(Wire.java:73)
http-outgoing-86 >> "Connection: Keep-Alive[\r][\n]"
[DEBUG] 2017-07-05 17:48:14,305 method:org.apache.http.impl.conn.Wire.wire(Wire.java:73)
http-outgoing-86 >> "User-Agent: Apache-HttpClient/4.5.3 (Java/1.8.0_111)[\r][\n]"
[DEBUG] 2017-07-05 17:48:14,305 method:org.apache.http.impl.conn.Wire.wire(Wire.java:73)
http-outgoing-86 >> "Accept-Encoding: gzip,deflate[\r][\n]"
[DEBUG] 2017-07-05 17:48:14,305 method:org.apache.http.impl.conn.Wire.wire(Wire.java:73)
http-outgoing-86 >> "[\r][\n]"
[DEBUG] 2017-07-05 17:48:14,305 method:org.apache.http.impl.conn.Wire.wire(Wire.java:87)
http-outgoing-86 >> "{"using":"xpath","value":"//*[@id=\"wiseoper-content\"]/div[3]/div/div[1]/span[3]"}"
[DEBUG] 2017-07-05 17:48:14,316 method:org.apache.http.impl.conn.Wire.wire(Wire.java:73)
http-outgoing-86 << "HTTP/1.1 200 OK[\r][\n]"
[DEBUG] 2017-07-05 17:48:14,316 method:org.apache.http.impl.conn.Wire.wire(Wire.java:73)
http-outgoing-86 << "Content-Length:70[\r][\n]"
[DEBUG] 2017-07-05 17:48:14,316 method:org.apache.http.impl.conn.Wire.wire(Wire.java:73)
http-outgoing-86 << "Content-Type:application/json; charset=utf-8[\r][\n]"
[DEBUG] 2017-07-05 17:48:14,316 method:org.apache.http.impl.conn.Wire.wire(Wire.java:73)
http-outgoing-86 << "Connection:close[\r][\n]"
[DEBUG] 2017-07-05 17:48:14,316 method:org.apache.http.impl.conn.Wire.wire(Wire.java:73)
http-outgoing-86 << "[\r][\n]"
[DEBUG] 2017-07-05 17:48:14,317 method:org.apache.http.impl.conn.Wire.wire(Wire.java:87)
http-outgoing-86 << "{"sessionId":"e397bb8b4943a2405e3c8c0263ada937","status":0,"value":[]}"
[DEBUG] 2017-07-05 17:48:14,317 method:org.apache.http.impl.conn.LoggingManagedHttpClientConnection.onResponseReceived(LoggingManagedHttpClientConnection.java:122)
http-outgoing-86 << HTTP/1.1 200 OK
[DEBUG] 2017-07-05 17:48:14,317 method:org.apache.http.impl.conn.LoggingManagedHttpClientConnection.onResponseReceived(LoggingManagedHttpClientConnection.java:125)
http-outgoing-86 << Content-Length:70
[DEBUG] 2017-07-05 17:48:14,317 method:org.apache.http.impl.conn.LoggingManagedHttpClientConnection.onResponseReceived(LoggingManagedHttpClientConnection.java:125)
http-outgoing-86 << Content-Type:application/json; charset=utf-8
[DEBUG] 2017-07-05 17:48:14,317 method:org.apache.http.impl.conn.LoggingManagedHttpClientConnection.onResponseReceived(LoggingManagedHttpClientConnection.java:125)
http-outgoing-86 << Connection:close
[DEBUG] 2017-07-05 17:48:14,317 method:org.apache.http.impl.conn.LoggingManagedHttpClientConnection.close(LoggingManagedHttpClientConnection.java:79)
http-outgoing-86: Close connection
[DEBUG] 2017-07-05 17:48:14,318 method:org.apache.http.impl.execchain.ConnectionHolder.releaseConnection(ConnectionHolder.java:104)
Connection discarded
[DEBUG] 2017-07-05 17:48:14,318 method:org.apache.http.impl.conn.PoolingHttpClientConnectionManager.releaseConnection(PoolingHttpClientConnectionManager.java:326)
Connection released: [id: 86][route: {}->http://localhost:5726][total kept alive: 0; route allocated: 0 of 2000; total allocated: 0 of 2000]
[DEBUG] 2017-07-05 17:48:14,819 method:org.apache.http.client.protocol.RequestAddCookies.process(RequestAddCookies.java:123)
CookieSpec selected: default
[DEBUG] 2017-07-05 17:48:14,819 method:org.apache.http.client.protocol.RequestAuthCache.process(RequestAuthCache.java:77)
Auth cache not set in the context
[DEBUG] 2017-07-05 17:48:14,819 method:org.apache.http.impl.conn.PoolingHttpClientConnectionManager.requestConnection(PoolingHttpClientConnectionManager.java:255)
Connection request: [route: {}->http://localhost:5726][total kept alive: 0; route allocated: 0 of 2000; total allocated: 0 of 2000]
[DEBUG] 2017-07-05 17:48:14,820 method:org.apache.http.impl.conn.PoolingHttpClientConnectionManager.leaseConnection(PoolingHttpClientConnectionManager.java:288)
Connection leased: [id: 87][route: {}->http://localhost:5726][total kept alive: 0; route allocated: 1 of 2000; total allocated: 1 of 2000]
[DEBUG] 2017-07-05 17:48:14,820 method:org.apache.http.impl.execchain.MainClientExec.execute(MainClientExec.java:235)
Opening connection {}->http://localhost:5726
[DEBUG] 2017-07-05 17:48:14,820 method:org.apache.http.impl.conn.DefaultHttpClientConnectionOperator.connect(DefaultHttpClientConnectionOperator.java:139)
Connecting to localhost/127.0.0.1:5726
[DEBUG] 2017-07-05 17:48:14,821 method:org.apache.http.impl.conn.DefaultHttpClientConnectionOperator.connect(DefaultHttpClientConnectionOperator.java:146)
Connection established 127.0.0.1:63176<->127.0.0.1:5726
[DEBUG] 2017-07-05 17:48:14,821 method:org.apache.http.impl.conn.LoggingManagedHttpClientConnection.setSocketTimeout(LoggingManagedHttpClientConnection.java:88)
http-outgoing-87: set socket timeout to 10800000
[DEBUG] 2017-07-05 17:48:14,821 method:org.apache.http.impl.execchain.MainClientExec.execute(MainClientExec.java:256)
Executing request POST /session/e397bb8b4943a2405e3c8c0263ada937/elements HTTP/1.1
[DEBUG] 2017-07-05 17:48:14,821 method:org.apache.http.impl.execchain.MainClientExec.execute(MainClientExec.java:261)
Target auth state: UNCHALLENGED
[DEBUG] 2017-07-05 17:48:14,821 method:org.apache.http.impl.execchain.MainClientExec.execute(MainClientExec.java:267)
Proxy auth state: UNCHALLENGED
[DEBUG] 2017-07-05 17:48:14,821 method:org.apache.http.impl.conn.LoggingManagedHttpClientConnection.onRequestSubmitted(LoggingManagedHttpClientConnection.java:133)
http-outgoing-87 >> POST /session/e397bb8b4943a2405e3c8c0263ada937/elements HTTP/1.1
[DEBUG] 2017-07-05 17:48:14,822 method:org.apache.http.impl.conn.LoggingManagedHttpClientConnection.onRequestSubmitted(LoggingManagedHttpClientConnection.java:136)
http-outgoing-87 >> Content-Type: application/json; charset=utf-8
[DEBUG] 2017-07-05 17:48:14,822 method:org.apache.http.impl.conn.LoggingManagedHttpClientConnection.onRequestSubmitted(LoggingManagedHttpClientConnection.java:136)
http-outgoing-87 >> Content-Length: 83
[DEBUG] 2017-07-05 17:48:14,822 method:org.apache.http.impl.conn.LoggingManagedHttpClientConnection.onRequestSubmitted(LoggingManagedHttpClientConnection.java:136)
http-outgoing-87 >> Host: localhost:5726
[DEBUG] 2017-07-05 17:48:14,822 method:org.apache.http.impl.conn.LoggingManagedHttpClientConnection.onRequestSubmitted(LoggingManagedHttpClientConnection.java:136)
http-outgoing-87 >> Connection: Keep-Alive
[DEBUG] 2017-07-05 17:48:14,822 method:org.apache.http.impl.conn.LoggingManagedHttpClientConnection.onRequestSubmitted(LoggingManagedHttpClientConnection.java:136)
http-outgoing-87 >> User-Agent: Apache-HttpClient/4.5.3 (Java/1.8.0_111)
[DEBUG] 2017-07-05 17:48:14,822 method:org.apache.http.impl.conn.LoggingManagedHttpClientConnection.onRequestSubmitted(LoggingManagedHttpClientConnection.java:136)
http-outgoing-87 >> Accept-Encoding: gzip,deflate
[DEBUG] 2017-07-05 17:48:14,822 method:org.apache.http.impl.conn.Wire.wire(Wire.java:73)
http-outgoing-87 >> "POST /session/e397bb8b4943a2405e3c8c0263ada937/elements HTTP/1.1[\r][\n]"
[DEBUG] 2017-07-05 17:48:14,822 method:org.apache.http.impl.conn.Wire.wire(Wire.java:73)
http-outgoing-87 >> "Content-Type: application/json; charset=utf-8[\r][\n]"
[DEBUG] 2017-07-05 17:48:14,822 method:org.apache.http.impl.conn.Wire.wire(Wire.java:73)
http-outgoing-87 >> "Content-Length: 83[\r][\n]"
[DEBUG] 2017-07-05 17:48:14,822 method:org.apache.http.impl.conn.Wire.wire(Wire.java:73)
http-outgoing-87 >> "Host: localhost:5726[\r][\n]"
[DEBUG] 2017-07-05 17:48:14,823 method:org.apache.http.impl.conn.Wire.wire(Wire.java:73)
http-outgoing-87 >> "Connection: Keep-Alive[\r][\n]"
[DEBUG] 2017-07-05 17:48:14,823 method:org.apache.http.impl.conn.Wire.wire(Wire.java:73)
http-outgoing-87 >> "User-Agent: Apache-HttpClient/4.5.3 (Java/1.8.0_111)[\r][\n]"
[DEBUG] 2017-07-05 17:48:14,823 method:org.apache.http.impl.conn.Wire.wire(Wire.java:73)
http-outgoing-87 >> "Accept-Encoding: gzip,deflate[\r][\n]"
[DEBUG] 2017-07-05 17:48:14,823 method:org.apache.http.impl.conn.Wire.wire(Wire.java:73)
http-outgoing-87 >> "[\r][\n]"
[DEBUG] 2017-07-05 17:48:14,823 method:org.apache.http.impl.conn.Wire.wire(Wire.java:87)
http-outgoing-87 >> "{"using":"xpath","value":"//*[@id=\"wiseoper-content\"]/div[3]/div/div[1]/span[3]"}"
[DEBUG] 2017-07-05 17:48:14,832 method:org.apache.http.impl.conn.Wire.wire(Wire.java:73)
http-outgoing-87 << "HTTP/1.1 200 OK[\r][\n]"
[DEBUG] 2017-07-05 17:48:14,832 method:org.apache.http.impl.conn.Wire.wire(Wire.java:73)
http-outgoing-87 << "Content-Length:70[\r][\n]"
[DEBUG] 2017-07-05 17:48:14,833 method:org.apache.http.impl.conn.Wire.wire(Wire.java:73)
http-outgoing-87 << "Content-Type:application/json; charset=utf-8[\r][\n]"
[DEBUG] 2017-07-05 17:48:14,833 method:org.apache.http.impl.conn.Wire.wire(Wire.java:73)
http-outgoing-87 << "Connection:close[\r][\n]"
[DEBUG] 2017-07-05 17:48:14,833 method:org.apache.http.impl.conn.Wire.wire(Wire.java:73)
http-outgoing-87 << "[\r][\n]"
[DEBUG] 2017-07-05 17:48:14,833 method:org.apache.http.impl.conn.Wire.wire(Wire.java:87)
http-outgoing-87 << "{"sessionId":"e397bb8b4943a2405e3c8c0263ada937","status":0,"value":[]}"
[DEBUG] 2017-07-05 17:48:14,833 method:org.apache.http.impl.conn.LoggingManagedHttpClientConnection.onResponseReceived(LoggingManagedHttpClientConnection.java:122)
http-outgoing-87 << HTTP/1.1 200 OK
[DEBUG] 2017-07-05 17:48:14,833 method:org.apache.http.impl.conn.LoggingManagedHttpClientConnection.onResponseReceived(LoggingManagedHttpClientConnection.java:125)
http-outgoing-87 << Content-Length:70
[DEBUG] 2017-07-05 17:48:14,833 method:org.apache.http.impl.conn.LoggingManagedHttpClientConnection.onResponseReceived(LoggingManagedHttpClientConnection.java:125)
http-outgoing-87 << Content-Type:application/json; charset=utf-8
[DEBUG] 2017-07-05 17:48:14,834 method:org.apache.http.impl.conn.LoggingManagedHttpClientConnection.onResponseReceived(LoggingManagedHttpClientConnection.java:125)
http-outgoing-87 << Connection:close
[DEBUG] 2017-07-05 17:48:14,834 method:org.apache.http.impl.conn.LoggingManagedHttpClientConnection.close(LoggingManagedHttpClientConnection.java:79)
http-outgoing-87: Close connection
[DEBUG] 2017-07-05 17:48:14,834 method:org.apache.http.impl.execchain.ConnectionHolder.releaseConnection(ConnectionHolder.java:104)
Connection discarded
[DEBUG] 2017-07-05 17:48:14,834 method:org.apache.http.impl.conn.PoolingHttpClientConnectionManager.releaseConnection(PoolingHttpClientConnectionManager.java:326)
Connection released: [id: 87][route: {}->http://localhost:5726][total kept alive: 0; route allocated: 0 of 2000; total allocated: 0 of 2000]
[DEBUG] 2017-07-05 17:48:15,335 method:org.apache.http.client.protocol.RequestAddCookies.process(RequestAddCookies.java:123)
CookieSpec selected: default
[DEBUG] 2017-07-05 17:48:15,335 method:org.apache.http.client.protocol.RequestAuthCache.process(RequestAuthCache.java:77)
Auth cache not set in the context
[DEBUG] 2017-07-05 17:48:15,336 method:org.apache.http.impl.conn.PoolingHttpClientConnectionManager.requestConnection(PoolingHttpClientConnectionManager.java:255)
Connection request: [route: {}->http://localhost:5726][total kept alive: 0; route allocated: 0 of 2000; total allocated: 0 of 2000]
[DEBUG] 2017-07-05 17:48:15,336 method:org.apache.http.impl.conn.PoolingHttpClientConnectionManager.leaseConnection(PoolingHttpClientConnectionManager.java:288)
Connection leased: [id: 88][route: {}->http://localhost:5726][total kept alive: 0; route allocated: 1 of 2000; total allocated: 1 of 2000]
[DEBUG] 2017-07-05 17:48:15,336 method:org.apache.http.impl.execchain.MainClientExec.execute(MainClientExec.java:235)
Opening connection {}->http://localhost:5726
[DEBUG] 2017-07-05 17:48:15,336 method:org.apache.http.impl.conn.DefaultHttpClientConnectionOperator.connect(DefaultHttpClientConnectionOperator.java:139)
Connecting to localhost/127.0.0.1:5726
[DEBUG] 2017-07-05 17:48:15,337 method:org.apache.http.impl.conn.DefaultHttpClientConnectionOperator.connect(DefaultHttpClientConnectionOperator.java:146)
Connection established 127.0.0.1:63177<->127.0.0.1:5726
[DEBUG] 2017-07-05 17:48:15,337 method:org.apache.http.impl.conn.LoggingManagedHttpClientConnection.setSocketTimeout(LoggingManagedHttpClientConnection.java:88)
http-outgoing-88: set socket timeout to 10800000
[DEBUG] 2017-07-05 17:48:15,337 method:org.apache.http.impl.execchain.MainClientExec.execute(MainClientExec.java:256)
Executing request POST /session/e397bb8b4943a2405e3c8c0263ada937/elements HTTP/1.1
[DEBUG] 2017-07-05 17:48:15,337 method:org.apache.http.impl.execchain.MainClientExec.execute(MainClientExec.java:261)
Target auth state: UNCHALLENGED
[DEBUG] 2017-07-05 17:48:15,337 method:org.apache.http.impl.execchain.MainClientExec.execute(MainClientExec.java:267)
Proxy auth state: UNCHALLENGED
[DEBUG] 2017-07-05 17:48:15,337 method:org.apache.http.impl.conn.LoggingManagedHttpClientConnection.onRequestSubmitted(LoggingManagedHttpClientConnection.java:133)
http-outgoing-88 >> POST /session/e397bb8b4943a2405e3c8c0263ada937/elements HTTP/1.1
[DEBUG] 2017-07-05 17:48:15,337 method:org.apache.http.impl.conn.LoggingManagedHttpClientConnection.onRequestSubmitted(LoggingManagedHttpClientConnection.java:136)
http-outgoing-88 >> Content-Type: application/json; charset=utf-8
[DEBUG] 2017-07-05 17:48:15,338 method:org.apache.http.impl.conn.LoggingManagedHttpClientConnection.onRequestSubmitted(LoggingManagedHttpClientConnection.java:136)
http-outgoing-88 >> Content-Length: 83
[DEBUG] 2017-07-05 17:48:15,338 method:org.apache.http.impl.conn.LoggingManagedHttpClientConnection.onRequestSubmitted(LoggingManagedHttpClientConnection.java:136)
http-outgoing-88 >> Host: localhost:5726
[DEBUG] 2017-07-05 17:48:15,338 method:org.apache.http.impl.conn.LoggingManagedHttpClientConnection.onRequestSubmitted(LoggingManagedHttpClientConnection.java:136)
http-outgoing-88 >> Connection: Keep-Alive
[DEBUG] 2017-07-05 17:48:15,338 method:org.apache.http.impl.conn.LoggingManagedHttpClientConnection.onRequestSubmitted(LoggingManagedHttpClientConnection.java:136)
http-outgoing-88 >> User-Agent: Apache-HttpClient/4.5.3 (Java/1.8.0_111)
[DEBUG] 2017-07-05 17:48:15,338 method:org.apache.http.impl.conn.LoggingManagedHttpClientConnection.onRequestSubmitted(LoggingManagedHttpClientConnection.java:136)
http-outgoing-88 >> Accept-Encoding: gzip,deflate
[DEBUG] 2017-07-05 17:48:15,338 method:org.apache.http.impl.conn.Wire.wire(Wire.java:73)
http-outgoing-88 >> "POST /session/e397bb8b4943a2405e3c8c0263ada937/elements HTTP/1.1[\r][\n]"
[DEBUG] 2017-07-05 17:48:15,338 method:org.apache.http.impl.conn.Wire.wire(Wire.java:73)
http-outgoing-88 >> "Content-Type: application/json; charset=utf-8[\r][\n]"
[DEBUG] 2017-07-05 17:48:15,338 method:org.apache.http.impl.conn.Wire.wire(Wire.java:73)
http-outgoing-88 >> "Content-Length: 83[\r][\n]"
[DEBUG] 2017-07-05 17:48:15,338 method:org.apache.http.impl.conn.Wire.wire(Wire.java:73)
http-outgoing-88 >> "Host: localhost:5726[\r][\n]"
[DEBUG] 2017-07-05 17:48:15,338 method:org.apache.http.impl.conn.Wire.wire(Wire.java:73)
http-outgoing-88 >> "Connection: Keep-Alive[\r][\n]"
[DEBUG] 2017-07-05 17:48:15,338 method:org.apache.http.impl.conn.Wire.wire(Wire.java:73)
http-outgoing-88 >> "User-Agent: Apache-HttpClient/4.5.3 (Java/1.8.0_111)[\r][\n]"
[DEBUG] 2017-07-05 17:48:15,338 method:org.apache.http.impl.conn.Wire.wire(Wire.java:73)
http-outgoing-88 >> "Accept-Encoding: gzip,deflate[\r][\n]"
[DEBUG] 2017-07-05 17:48:15,338 method:org.apache.http.impl.conn.Wire.wire(Wire.java:73)
http-outgoing-88 >> "[\r][\n]"
[DEBUG] 2017-07-05 17:48:15,339 method:org.apache.http.impl.conn.Wire.wire(Wire.java:87)
http-outgoing-88 >> "{"using":"xpath","value":"//*[@id=\"wiseoper-content\"]/div[3]/div/div[1]/span[3]"}"
[DEBUG] 2017-07-05 17:48:15,347 method:org.apache.http.impl.conn.Wire.wire(Wire.java:73)
http-outgoing-88 << "HTTP/1.1 200 OK[\r][\n]"
[DEBUG] 2017-07-05 17:48:15,348 method:org.apache.http.impl.conn.Wire.wire(Wire.java:73)
http-outgoing-88 << "Content-Length:70[\r][\n]"
[DEBUG] 2017-07-05 17:48:15,348 method:org.apache.http.impl.conn.Wire.wire(Wire.java:73)
http-outgoing-88 << "Content-Type:application/json; charset=utf-8[\r][\n]"
[DEBUG] 2017-07-05 17:48:15,348 method:org.apache.http.impl.conn.Wire.wire(Wire.java:73)
http-outgoing-88 << "Connection:close[\r][\n]"
[DEBUG] 2017-07-05 17:48:15,348 method:org.apache.http.impl.conn.Wire.wire(Wire.java:73)
http-outgoing-88 << "[\r][\n]"
[DEBUG] 2017-07-05 17:48:15,348 method:org.apache.http.impl.conn.Wire.wire(Wire.java:87)
http-outgoing-88 << "{"sessionId":"e397bb8b4943a2405e3c8c0263ada937","status":0,"value":[]}"
[DEBUG] 2017-07-05 17:48:15,349 method:org.apache.http.impl.conn.LoggingManagedHttpClientConnection.onResponseReceived(LoggingManagedHttpClientConnection.java:122)
http-outgoing-88 << HTTP/1.1 200 OK
[DEBUG] 2017-07-05 17:48:15,349 method:org.apache.http.impl.conn.LoggingManagedHttpClientConnection.onResponseReceived(LoggingManagedHttpClientConnection.java:125)
http-outgoing-88 << Content-Length:70
[DEBUG] 2017-07-05 17:48:15,349 method:org.apache.http.impl.conn.LoggingManagedHttpClientConnection.onResponseReceived(LoggingManagedHttpClientConnection.java:125)
http-outgoing-88 << Content-Type:application/json; charset=utf-8
[DEBUG] 2017-07-05 17:48:15,349 method:org.apache.http.impl.conn.LoggingManagedHttpClientConnection.onResponseReceived(LoggingManagedHttpClientConnection.java:125)
http-outgoing-88 << Connection:close
[DEBUG] 2017-07-05 17:48:15,349 method:org.apache.http.impl.conn.LoggingManagedHttpClientConnection.close(LoggingManagedHttpClientConnection.java:79)
http-outgoing-88: Close connection
[DEBUG] 2017-07-05 17:48:15,350 method:org.apache.http.impl.execchain.ConnectionHolder.releaseConnection(ConnectionHolder.java:104)
Connection discarded
[DEBUG] 2017-07-05 17:48:15,350 method:org.apache.http.impl.conn.PoolingHttpClientConnectionManager.releaseConnection(PoolingHttpClientConnectionManager.java:326)
Connection released: [id: 88][route: {}->http://localhost:5726][total kept alive: 0; route allocated: 0 of 2000; total allocated: 0 of 2000]
[DEBUG] 2017-07-05 17:48:15,358 method:org.apache.http.client.protocol.RequestAddCookies.process(RequestAddCookies.java:123)
CookieSpec selected: default
[DEBUG] 2017-07-05 17:48:15,358 method:org.apache.http.client.protocol.RequestAuthCache.process(RequestAuthCache.java:77)
Auth cache not set in the context
[DEBUG] 2017-07-05 17:48:15,358 method:org.apache.http.impl.conn.PoolingHttpClientConnectionManager.requestConnection(PoolingHttpClientConnectionManager.java:255)
Connection request: [route: {}->http://localhost:5726][total kept alive: 0; route allocated: 0 of 2000; total allocated: 0 of 2000]
[DEBUG] 2017-07-05 17:48:15,358 method:org.apache.http.impl.conn.PoolingHttpClientConnectionManager.leaseConnection(PoolingHttpClientConnectionManager.java:288)
Connection leased: [id: 89][route: {}->http://localhost:5726][total kept alive: 0; route allocated: 1 of 2000; total allocated: 1 of 2000]
[DEBUG] 2017-07-05 17:48:15,358 method:org.apache.http.impl.execchain.MainClientExec.execute(MainClientExec.java:235)
Opening connection {}->http://localhost:5726
[DEBUG] 2017-07-05 17:48:15,358 method:org.apache.http.impl.conn.DefaultHttpClientConnectionOperator.connect(DefaultHttpClientConnectionOperator.java:139)
Connecting to localhost/127.0.0.1:5726
[DEBUG] 2017-07-05 17:48:15,359 method:org.apache.http.impl.conn.DefaultHttpClientConnectionOperator.connect(DefaultHttpClientConnectionOperator.java:146)
Connection established 127.0.0.1:63178<->127.0.0.1:5726
[DEBUG] 2017-07-05 17:48:15,360 method:org.apache.http.impl.conn.LoggingManagedHttpClientConnection.setSocketTimeout(LoggingManagedHttpClientConnection.java:88)
http-outgoing-89: set socket timeout to 10800000
[DEBUG] 2017-07-05 17:48:15,360 method:org.apache.http.impl.execchain.MainClientExec.execute(MainClientExec.java:256)
Executing request GET /session/e397bb8b4943a2405e3c8c0263ada937/screenshot HTTP/1.1
[DEBUG] 2017-07-05 17:48:15,360 method:org.apache.http.impl.execchain.MainClientExec.execute(MainClientExec.java:261)
Target auth state: UNCHALLENGED
[DEBUG] 2017-07-05 17:48:15,360 method:org.apache.http.impl.execchain.MainClientExec.execute(MainClientExec.java:267)
Proxy auth state: UNCHALLENGED
[DEBUG] 2017-07-05 17:48:15,360 method:org.apache.http.impl.conn.LoggingManagedHttpClientConnection.onRequestSubmitted(LoggingManagedHttpClientConnection.java:133)
http-outgoing-89 >> GET /session/e397bb8b4943a2405e3c8c0263ada937/screenshot HTTP/1.1
[DEBUG] 2017-07-05 17:48:15,361 method:org.apache.http.impl.conn.LoggingManagedHttpClientConnection.onRequestSubmitted(LoggingManagedHttpClientConnection.java:136)
http-outgoing-89 >> Cache-Control: no-cache
[DEBUG] 2017-07-05 17:48:15,361 method:org.apache.http.impl.conn.LoggingManagedHttpClientConnection.onRequestSubmitted(LoggingManagedHttpClientConnection.java:136)
http-outgoing-89 >> Host: localhost:5726
[DEBUG] 2017-07-05 17:48:15,361 method:org.apache.http.impl.conn.LoggingManagedHttpClientConnection.onRequestSubmitted(LoggingManagedHttpClientConnection.java:136)
http-outgoing-89 >> Connection: Keep-Alive
[DEBUG] 2017-07-05 17:48:15,361 method:org.apache.http.impl.conn.LoggingManagedHttpClientConnection.onRequestSubmitted(LoggingManagedHttpClientConnection.java:136)
http-outgoing-89 >> User-Agent: Apache-HttpClient/4.5.3 (Java/1.8.0_111)
[DEBUG] 2017-07-05 17:48:15,361 method:org.apache.http.impl.conn.LoggingManagedHttpClientConnection.onRequestSubmitted(LoggingManagedHttpClientConnection.java:136)
http-outgoing-89 >> Accept-Encoding: gzip,deflate
[DEBUG] 2017-07-05 17:48:15,362 method:org.apache.http.impl.conn.Wire.wire(Wire.java:73)
http-outgoing-89 >> "GET /session/e397bb8b4943a2405e3c8c0263ada937/screenshot HTTP/1.1[\r][\n]"
[DEBUG] 2017-07-05 17:48:15,362 method:org.apache.http.impl.conn.Wire.wire(Wire.java:73)
http-outgoing-89 >> "Cache-Control: no-cache[\r][\n]"
[DEBUG] 2017-07-05 17:48:15,362 method:org.apache.http.impl.conn.Wire.wire(Wire.java:73)
http-outgoing-89 >> "Host: localhost:5726[\r][\n]"
[DEBUG] 2017-07-05 17:48:15,362 method:org.apache.http.impl.conn.Wire.wire(Wire.java:73)
http-outgoing-89 >> "Connection: Keep-Alive[\r][\n]"
[DEBUG] 2017-07-05 17:48:15,362 method:org.apache.http.impl.conn.Wire.wire(Wire.java:73)
http-outgoing-89 >> "User-Agent: Apache-HttpClient/4.5.3 (Java/1.8.0_111)[\r][\n]"
[DEBUG] 2017-07-05 17:48:15,362 method:org.apache.http.impl.conn.Wire.wire(Wire.java:73)
http-outgoing-89 >> "Accept-Encoding: gzip,deflate[\r][\n]"
[DEBUG] 2017-07-05 17:48:15,362 method:org.apache.http.impl.conn.Wire.wire(Wire.java:73)
http-outgoing-89 >> "[\r][\n]"
[DEBUG] 2017-07-05 17:48:15,469 method:org.apache.http.impl.conn.Wire.wire(Wire.java:73)
http-outgoing-89 << "HTTP/1.1 200 OK[\r][\n]"
[DEBUG] 2017-07-05 17:48:15,469 method:org.apache.http.impl.conn.Wire.wire(Wire.java:73)
http-outgoing-89 << "Content-Length:56310[\r][\n]"
[DEBUG] 2017-07-05 17:48:15,469 method:org.apache.http.impl.conn.Wire.wire(Wire.java:73)
http-outgoing-89 << "Content-Type:application/json; charset=utf-8[\r][\n]"
[DEBUG] 2017-07-05 17:48:15,469 method:org.apache.http.impl.conn.Wire.wire(Wire.java:73)
http-outgoing-89 << "Connection:close[\r][\n]"
[DEBUG] 2017-07-05 17:48:15,469 method:org.apache.http.impl.conn.Wire.wire(Wire.java:73)
http-outgoing-89 << "[\r][\n]"
[DEBUG] 2017-07-05 17:48:15,469 method:org.apache.http.impl.conn.Wire.wire(Wire.java:87)
http-outgoing-89 << "{"sessionId":"e397bb8b4943a2405e3c8c0263ada937","status":0,"value":"iVBORw0KGgoAAAANSUhEUgAABVYAAAJvCAIAAAAfiR2uAAAgAElEQVR4nOzdZ1wUV9cA8DOzHXbpvYMCiiAKWLD3ikGDsddEY2KLj5pGYqIxr6ZoYjSaokZj78ZesKMiSFFpAiJFKQJL215m5v2wlKVZQVDO/+cHdvbOzJ0FYe6Zc88lGIYBhBBCCCGEEEIIvVHKy8tfdBeyKfqBEEIIIYQQQgihlgZDAAghhBBCCCGEUKuAIQCEEEIIIYQQQqhVwBAAQgghhBBCCCHUKmAIACGEEEIIIYQQahUwBIAQQgghhBBCCLUKGAJACCGEEEIIIYTeHtOnT2/oLQwBIIQQQgghhBBCbwnd+L+hKACGABBCCCGEEEIIobeB/si/3igAhgAQQgghhBBqEMMwzd2Ftw1+pAg1kbpj/rpbCPwfiBBCCCGEEEIIvXHKy8tfdBfMAkAIIYQQQqhB+MCs0eFHilAzYjd3B14eo9VSCcmygweo3FSDiZP4Q4Kr3tJmxqtv7CGtPThevVh27s3YSYQQQggh9EYjCKK5u/C2wY8UoWb0BmcBSL78obDvGMWBg+qkZFVsJPUkp+otddwZBmiq6L7y2jZVxEFGIWnGfiKEEEIIIfQs8WsDAtbGP2V7Qw0QQugFvKlZALJf/pKt2wzGHOABYUBSj1O02Q9Y1vYAQBXnAKNgGRsyJMlotNrMGKBpXtdg4PCbu9cIIYQQQgi9EJ8l0dHN3QeE0NvjjcwC0Kamly/9DlgEwQEgSWCRVEkhXZjDaDUAQOclEzw2IRSSIiPS0JAQ8LSPEjRpt5u71wghhBBCCAGAKvPEqhn9AgICegydsepEpqrqDUnMniUh/QICegxdsCelYnN9D/9zTyzoEbI2RlLr3aITCwIWnCiq2GvBnnN7FgztUfNoCKHW7o0MAci37AZdDREGgAAggCCALsplZOUAQIsfESwCOByCzye4HILNYjRyqugRLX/hYokIIYQQQgg1sszDS1bDjBPR0dE3d0+Url6wN6XynfMxvA+3X4mOPjQffl9avbmm3HNLJm23XfPXEn/RU08T8ftJ3vxDN59xNIRQK/NmhAAYjYbRaqteau+nga6ISFUggAGqVAxKOUNpqPIioGjQahm1itFSDEUDTTPSMlDK9A/4mi8BIYQQQgghAABJXpY5Tzd8txi66uaJGZ6V74TMCPEUAYBd4BD/vJjUorr75t5cteBv0fINoT0snnmeZx8NIdT6vAEhAO29xNKxM2S//sEoFLotBE0DMMAwDM0AxQDFMFqKLi2mlXJGWsrIpJRSychktERCy+WMSsWo1QxFVa0+It28sWjkKEaF6VAIIYQQQui185n4fx4n5vTvMXTBqsPnUnL170m5z9h171cLj2SJfFzsnutEzzoaQqgVaunlAOmCQvmOfcrjZ1WXw9kebfijhgFJks6OAAxoAdQMqBlQU6CmmLJSRqVklBJGLmcIDWg0QBBAUYxCScsUbIJDcvgAoImPURw9QKXlFb87w/zU3ua+PoQQQggh9PLUGs3d+MS0hw8Li8RKpZLP51tamLu7ufn6dOByOM3du4bYDV17pV9uypWIwyd/mbl69ZA1J5b3e3pSf6XAb48vUYeOXXsicMOo5wsDvIUYhmm1ywq25mtHjaWlhwDUsfdkW3YBACORyVb/ymrjyvFuz+3uJ9/0L5AM0AwoaUZFM0qKLi9nVCpGxaOlMoZRg0oNBABFMyoVI1MRAmMwNKJLi6VbNlB5RYyC0dyMk/+5w+Cjac19iQghhBBC6GUk3U+9HH7d0cG+q19nO1sbA4FArlDk5uUn3U+Jiont37uXVzuPxj1jSWnples3s7IfAYCzk2O/Xj1MTUxe7lA8O8+hIaFDQybtmTT2xM35/YY+114uLnYuPl/O3zNz9bnADUNrzwWQqsUv15k3S6Z52+oXDAANwKp8SQCjqBghE3wGiMqJw/VxLU5vsj42lWYf/6vU6sTk+w8zswoKi6QyGZvFEggElhbmbi7OHdq343Ex8+QN0KJDAHRJqerMBSirKOOnjoxVHviP7WDHGz4QCAaABhXJyGlCTjEKDV0iBbWGUavpcjlQCprLAYJgKJpRa0iBMWFiRbDY0l1/axKSQE6BkmYkaumPmwymvwcCQfNeJkIIIYQQelE3bkUl3k8ZGzzK2sqyaqOBQNDWzbWtm+uTgsJjp8+WlJb27N61sc5YXFKy++DhHl27DB80AAAS76fsOnBo8nshZqamL3QcVcyq/qt4G7Yv8RcB5MZHZHr387EAyHvuA3hOXB5yeM4vV3qs6iey9QiE7edjPvTxFxVd2bMnE1pBbgBPqax+wQCjJAguA2wADQAPDL5TMHkEAMjXCQgW07KHOy+sGbMAGIaJio2LjI51cXLs0L7d4P7WBgYGBIBMLs/Nf/Ig/eH1W1HdAvy6+nVu9jgFeroW/X+CKhQrzlzQ3yJduYbbPYA7bCBvaH/V2WvA0KCiGSkFAi3NljFqLajUTJmMVstIDpshAGiGUWvYHTqwndorL51RXb1Ci6WMlAIVDTTFSCTKc1f4o4c31wUihBBCLYRCoYiKvZP+MENcUsJiscxMTdq4uAR09hVgoBy1SEn3U+OTkqdNGGdgUP+PqLWV5ZRxY3fuP2hiYtyhnWe9bV7U1RsRgV26+Hfy1b307+Sr0Wqv3ogYEzTihY7D81+ybdKK1aMCEqTANQ/8cMOakBcct/N85n8Z1H/phpuXQ3uM+nJNfOiS/gFq88D565eEHMF5rm+15hpda7Taw8dOkiQxfeI4YyMj/beMjYyMjYzae7iXlZefu3g5IzMrJHgUh92ih5mtHFFVJK/FYRj17biCvkGkUqX/k85ydrCMv65NyyjyHwoEC7gsMGATZhwwZpv+uoEQ8ss3fc+opQSbBCCAYQgg+cPHC/qNkvy+VnHiDJRomWINyCmgtYQhX/jFPOFXi5vtGluqCRMm/Prrr7a2ts3dEdTiqBJ2rYzttmyaO69qw7ql5/usWuxXMYVRfGrJiO+jnnmc7l//99tI86brZ8NksGYBwGJY6l29LeMIrOXA76Oqt5z4ApanVr9cPgeW/1XPwbYfAZ86G4vOwdAMiPnoWT1Rw55vwGMZBBi+SP9fA/HJRaNTZ4Uv9gZIWN9tS9vT60bU963KOjL3T+5ny4NcePW8CQAAkltrvhNP/nmkLTT8gzF+c/hivW8FiE9/EvRgdsRC74qerIJla4Oa5SelDvGpJSPS3o9c1EH36uSi0SsjK9/r9mUDn1LdHVuolLQH5y5e9mrn6eXpYWlhDgC"
[DEBUG] 2017-07-05 17:48:15,469 method:org.apache.http.impl.conn.LoggingManagedHttpClientConnection.onResponseReceived(LoggingManagedHttpClientConnection.java:122)
http-outgoing-89 << HTTP/1.1 200 OK
[DEBUG] 2017-07-05 17:48:15,470 method:org.apache.http.impl.conn.LoggingManagedHttpClientConnection.onResponseReceived(LoggingManagedHttpClientConnection.java:125)
http-outgoing-89 << Content-Length:56310
[DEBUG] 2017-07-05 17:48:15,470 method:org.apache.http.impl.conn.LoggingManagedHttpClientConnection.onResponseReceived(LoggingManagedHttpClientConnection.java:125)
http-outgoing-89 << Content-Type:application/json; charset=utf-8
[DEBUG] 2017-07-05 17:48:15,470 method:org.apache.http.impl.conn.LoggingManagedHttpClientConnection.onResponseReceived(LoggingManagedHttpClientConnection.java:125)
http-outgoing-89 << Connection:close
[DEBUG] 2017-07-05 17:48:15,471 method:org.apache.http.impl.conn.Wire.wire(Wire.java:87)
http-outgoing-89 << "FReKklNSk+ylDBw3wbNumuTuIUA1qjWbz9p0h7wTZWFs9vWX+k4KD/x3/cMZUHq/BX1bPb92mvz56fzqfz6/aolQq/9i6/X/znvk7HzWmXEN70ACjIQCAEDK8d9Wq/VxGRQAAacwIt0npDBYASJYYAgBpSANd/3Hs5DnPc7qiEwuGpX4YvaTun/z4tQEznxVymbitYs/MwzNWw/K/QlxqHeH8kPoO3dIcOnbCwEAwfNDAp8cgGIY5e+GSTC4fGzzqKc1QIyovL3/RXVp0eIYBhgFGN4mn6meNynos37LT8H9zCUM+I1OBhgA5zbC0BDCgpRkNBRIlI5cDmwUEAM2w3Nrx/PooLpxXXbgKpVqmjAIVDRQNoPvXgrxKYg9N0wBAkq9jiQetTE5rtRwjkX5vabWGoSmW3h9FANCUlRMkyRYJdQ2AYUhejQlCVJlEciuWY2EmaN+WrBnFZ6QyhqYBanwgJI8LvDpTjDRa+v5DIEmyjSPw6/yBL5fWeFn3CLUa6BgIgM2qvwGfB9wWW16oyfG8u7l/v3SL34F53jwAyD0V+oNqym9+1SWMzEeujRypv4f45KJxCdNOf+HXCPdejeDESthbCvANVP/F7gBDUiFCA/7bKrd4wLkfIAbgxBcAi2GUFRSdAxgCMR8BJID/Ljj3A1gArHn31brChZAxMOkf2LMAWsZn8yLyzn/+0Y9xUpg4aGWd96pG9aLuk/suCv3F+c/F3rw6Pxh6xKc/CVp9S2/DrcCD1S+Celedona84PVIWN9tdlV/orrtBwDo/vWfgyv6I7m6bFzEyIG68X/Cut4f7K/as+uyky0lfvF0KQ/SL14NnxAy2sqyOpvaztbGztamY4f2h46dBACMAqAWJSEp2cnBXjf+/+m333UPtMYGj3JxclyzYdPnixYAwI/rNny+aIGNtZWLk2Pi/RQ/347N3GnUiCggTBgoJwCA5UkZfC2n4lnaRDZhRIOKkEwS6sIBgo8UoATVfh5om27QE/jt2Q2jGlyfMX5twPnKr10CR6nG7okJCvV/4/7spzxIl8pk744a+cyhCkEQwwYN2LH3QMqDdPzD0WK14BAAQZBmpqSbM5P8gKiZqVC+eJnhwjlG61aWzV4KNAEaCmQAAKBmgE0xxWpGrgQWiyEYIFmkkS1QoL58g84uY6QUKCnQUAAUAE3wOexODd5OKhSKhfPnx8bE+Hbq9M3y5S4u1SG7pKSkaZMnEyT53rhxn33++a1bt37+8cfMjIzpM2fOfP99kahiOKRWqzf89tvuXbvatW+/8JNPugcGVh0hJycnZPRojUZjYWn5xZdf9h8wAAAibt78+aefsrOyJk2evOCTT7iV5TTS0tLW/vzzjevX2Wz2F6GhwaNH68LPDMOkpqbOmDpVrVaPCg5e+umnQqEwJyfnyOHDJ44fLywo4HA4VVkePXr2XLhokZmZ2bKvvroVEWFlZXX63LmX+85EfPR57qXrXX9Z7jo+WLelNCn11sefMxptp5Wf2Q7srduYvmV3wrdrbQf36bp9XXFETPziFQJba48v55t08QWAkvDI3G0HSi7fJIEgCYJnbmY1Odh65ni2sQgAcpetKTt6HtQaFkGQBKFrQxDAtbIw/vRDg5H9daegcwsUP/2tjbpHyOQEEGxbS/bwvuxxwwnbimcC9OSlkJxO6P+6sjSDvl1hchA42QEATPkUkuurBONsD79+Cc52sGEnbD9a4y0TEbR1gfmTwasNsFj17Ps2qv0Id/agHdUvokb8V/nl+D9rP+oUR4ZlzZzXQsb/RZdgO8Bff4JnDqw6Bx8uBvVJCN0P5l/ATQNYsg1mfA4BDc3nPA/+lX/Fh1YO/nWlm2qlDOhUNQaoiCnUvT/gdYP552BDHCzt/PIX9fpJEv/939Iw54F9zPICN656tzoLIO/8ytBfpcHvulc1tQ36ceEv35/JdB/dcK4AgPmI3yIqc2hbYBaA98LIiIVQNwsgDABAHLbqawg93b368iozXMQnF62q2ujnbvZ6O/0C5HLF+YuXx7872sqynntYK0vL90aP2nf4P0c7u4bSrRF6/dLSH3bx60zT9JoNmxiGWTzvI5Va/cfW7TMmTajbuEP7drdj4xolBODs5JiQnBLQ2bdqy92EJBdnp1c/MnohjJpge2kNV0oAgHSlSEtGdExCZ5CylQaaixxgKqoDsgO0BA9Ue3kMRRDs5098LjqxYNiKiFobIwL0H/fXGPg3lAswcVv0EP3XdkMmDjmfmany92wZt0XP7869+G7+fs/5rJEgiK7+ne/ci8cQQIvVgkMAAGxba+HUCWVf/x9JQa1qnsVBE403r2PZW1K5hcAwoGYYimE0DKGmmUINI1MzLBIYht2+veGUWaoL4crDl0BJgZoGmgKGAaCBZFhuzvwRgxs6O0VRkbduJScl8fl8iURS4+zFxXfv3GGx2R4eHgBQWFBwOyoqLzc3OytLo9FUNaNpOiUlJf7ePYqiCgoK9I/w+4YNMdHRAMBms+3s7HQhAGsbm5Li4nt37z5+9Gj2nDnVIYDU1N07dyqVSgD47+jRbt276+IRGo3m+H//Rd++bWBgwGaxhELhrYiI+XPn3r1zp+7liESiwoICoVD4IC2t3gbPz9TXqyAytiQhxXV8xRatVCbNziXYLGVhcVUzcUKKhqYM27UBAAYYNU2xGZoGBgDK7iUnhv4gz3wsdHbgmBgRaq38cW7Wph0aldpx7nSWyFBDM0qaAppiVY7/SQJIIBiapiuDGtJ9J2V/7GbEJSwul93OjVSqlHmFxNYD3Ed5/AVTSWd7ANAyNDA0wRAEAQQQBABRKIZDZ4mcJ7BsLli/1MCiVALR8TB3Bfy+DDp6Quuod1L7Ea4qcePsM36blwbW/zcs8ZfAj/brvb4VqJ9F33yPRi28wfZ3mFOZrnm+8k4xc2VFUkDEBwAAE7+rMU2gwlOzAPR3qT0RoADm/1LzUAUw/xdY/gNYAPT/CK7sB0ln4CbAhyfh9y/g+RaFanTiq8s/zZr8zzT3Bhuc+vI77sLfBsPJZX/C3F27/MxBHPnL/8Z9PCj085FO0mu7f9mS6DI39MBI9xpXwOu8eGVn8akl3RqcHvLe1ojJmfpJ9Q1lATw12b4p6f8867IA3tsaMVn32nxw6B95S8d9rtr646D6ZvJW7Tuu2/e6Le9trQhwtBQxd++29/Sod/yvY2lh0d7T43bcnb49Axtqg9BrViQutrW2kisUHDZ74UezWSwWh8P5dOE83W2Y7vl/VWMrS4sicXHDB3sBfXoE7jl0mCCgQ/t2AJCYfD8qNnbS2JBGOTh6fgSP0dzkKH4RAIBop4TFo8EKZAsMNFc5BK96FQDpLCEAEHyG4DNPWRegXlXp+1B3IkDRiQUr9Nv6LImOXlL9zrd6WQHx56uOUBlUONlzdc0Qwt6ZVdGFmikFf/311+bNm2t1bPbs2XPmzHmxi3lleU+eBI+srp62+8BhAJg8LkTvi0MAxORxFf8X3Fycz126/Jo7iZ5fiw4BEIaGgqEDlWcvaK/dqpUIoDp7kSBJo/WrS0JmAgFAE0AD0AzQBFOqZcq0QBAEl8N2dKfFpfI/d4KEAoYCpir/nyIMDY23/f6U8RtBEObm5gDAYrG4Nde30E0nIwjCwsICAAQCgUgkygPgcrn64TGCIIRCIQBwudxa5ZQO7q+4n9RqtWmpqXfv3vX19W3Tpo2Hp2f07dvFxcWxMTH9+vcHAKVS+fDhQ2Vl4dP4e/dKSkp0IQCtVquLI3i2azdk6NCcnJwN69frhvcTJ092dnamaboqC8DD09PVzY0kSV0P7exevlysqI0zW8AvvHlb91JVXPr49EWa0hIMU3o/TVVcyjMzAYDi+GQtw1gP6AUANANamtZW9ic/7JqkqNhySJ+ArWsBgKGowgvhKV/8UHAhXNTF13xATw1DqyitzfQQh4Xv63+HSD6P4HEBQFsgLtl1VFtYZDx5jPH7Y1m2VoxGq74ZI9u4S3b2KmNnZTB7PCEy1DA0w2bxFk5nBQ8EAAKASU6n1u+Am7GsuCRiYCAAAJcD8yfDqAE1LlJ/IkCtBqUS2HcKTlyGsJvQvk1rmhRQe2C"
[DEBUG] 2017-07-05 17:48:15,472 method:org.apache.http.impl.conn.Wire.wire(Wire.java:87)
http-outgoing-89 << "/o98xvVe1BvYNjfMTfwn8p8l6+DwaeCBf5cQXkNJkJ1dFwqgoODxeb5MVrFhQ0THPODj3GMY6NNnpn8bcu6vom2Mx45c2kJ6Yd/VolO1cMwBe0LoNAACgkoDNkLkzi1cuHf8HADiN+XphUAczkEgkXJGIp5feP/7PyEUVISRJ2JeDLgy88OOgmoEOcSbA+M3hQy7oZ9HrGf9n5KCL3bY04uW+kA6LI8IXA0jCvvwg7/0DFVEScSYAqAFA5D3to76BS48mDJrnDQBw6/vRlaP9rsugw+KI8OmnlnwHob+NNAdV5A/9Ihs4S7N58DBj6ID+T2/j5elx9uJlDAGglkOhVAoEAo1Go9ZoWHoZeSWlZQDw+aIFP1b8pgIAEPD5Cv0C8q/A3Mx08nshV29EXLt5CwBcnBxfYjkA1AgIYDSENp4FAHQuqb7PZftotQ/YjAYIDoAWGIoAAN5YNSGilbv5BM1AsyZuWozaEF05Nb7oxJKl6gV6cwf0ow016Ib6+lGAZhn/AwBDM3VSAJiGvwCSxdJotK+hY+jltNAQQOSC/9n4+Dh/+D63s4/Jss9K531KpTyoNVgvnTnfaNPP7I7ttfeSABgAEoAGGkChBakWgCCcrESfL1IcPqNNeAA0AwwNBA0MpSsBYHr0X46XJyOTKU+e0yYkG0yfyGrrVm9nCIKoNe+F9Wrp38ePHdMlBXy7YsXePXuSk5OPHjni6+sLAH379bsQFvYoO3vXzp26EIBEIrkTF8disVgsFkVRmRkZZaWluuNQFBUVFQUAtnZ2nTp3/nf79suXLgHAkk8//fqbb3TRh1oKCwtfpec6Vj26cIxFJYkp6rJyrrERpVSVP8zimZqwhYaSh1nKgkKemYk45p40I5trbGTRtTMAMABahqEYWve7QZZfoFapDL0qnjcSLJahh5t58CBaqWKbmwKAhqZVNKVlaN28gLqK9x+XPsoR+HmbfTW34iAcNq9vN0qhKl+7RX79Nm/sMLbIUEPTNE1xSCCMKj4Nopsv9A6gsvOIh9msPgEUQwPDkCRZ1aB+JAlVDYyE0Lk9XI2CW3dh7qTWFAKAhh9gPm1g3+JqoUX8CcvP1/eGB5z7oeLL+D9hhq7NR7AcYPmcp00EeH6pceDh0cBzfi5MHA8LTsKoj5qnNIB575HdV++7Nse/3tSo1Is7xDN/8uNB3oWvP9+dCQBCZz9vLw8/92lbTi+z5arzslMTEq/+dyYhNksizk4TBW/9d+FvESMgYX236nVd8sL2Z8/9bJAIJBE/blDPDe1b8VGYB60LB4CEC/XVidQdwXth5LqmuvSnqzkL5nq3PwAqawGAJPzrwNAwAK775D8q8yfqTgSQqItBF0aWip9/ya/XRlxcor+gWr0sLMzLyspeT38Qeh4CPl+hUAgEAj6Pp1Sp+DweACiVSl0xS6gZBVAolYKatYpehZmp6YvW/0dNgWAzpBMNANKlhsoTfP5wJcuTou6ToAVaTRLAAAB/kpLWEMo9fNBCU4YAak0cGBagyxEI/Pbshsp5xKr4DZMO+2xf3k8kSYhI7TfdpZ7D1Ec/CtBc438AMDExFhcX21pb615WPe3X+2KsfvsisdjMxOR19hC9kBYaAkg9d158/GTp0f+cP5lvMmyI6T8byr/4Th0eAXrV4TRx96j0DNF3X5SMngpAA0kAAQSLAIYCrYbgcvnD+lFZObJlPwKlBYIBoIGhARh2GxfTcwfZrs6amLuSr1aqzl3mDuzDHz2yod8MXC7X0LBGyW5ddsBL27hhg0qptLS0XPDJJ0VFRRs3bLgdFZWZmeni4jJk6NA/Nm58lJ196MCBDRs3CgSCsrKyqMhIB0fHd0NC4mJjr1y+HBER0a17d4FAEBcb+yg729zCokePHgqFIikxUZfq/05wcL3j/8YisLY07dBOkp715Notx1FDtFJZaWKKZaC/wMYqN+yaPL/QuJ17eVoGQ9PWfbrr78hUhgd51hYUm/XozCWetYVj8DCOSGjo6uS1fGlVS4qhVTRF0Q3mbEnTsxVKpfmgHrW2czq4M852kuvRogIxy8FGTdMUTfMYRn9IRQGjZmiCYVgAWoZhGJpbq+rgM5WUg0oDLg5AtopZAHoOfqCfoV1D12WvtScvxwp+/wHi/4TAOfB7reF7AvjvAgAY9QOMAgBviPmo8csBRl+vDh/U5dofPD+AK+NhaLM8UBL1HR+8ctPF3MG967ylijm6zWzaLg8AsB30/Y5B1e+IL3wyK3He0Sketu7+tu7+g0c/5QSq2N37vJfu9AAAUeAYpynLLnivG1Trl6neI3Q94we+1BU1DvORayP7pJ1ct+qIc+gf09x5FVGtrMEAYN77+4jwuv2tRZr1wLZ75e/kzm1bblWAhrFIkqJbVgFd1MpZmJvlPSlwc3HmcDh/bdsxY9J4hmH+3Xtg3qz36zYuKCyyMH/V/3klpaVXrt/Myn6kUqtrvcXjcp2dHPv16mGKY57XiOAy2htsAGDUBItPqc9wCS5DkAA8xnCeXJvGAoDy6SKCxxAsBpq2Xnb1M37dRIBvReevmg8J8bEAiK9owvPw9z95MmZJv8D4m/EhIZ416gfsrZgIUH86QNWwv7nG/wDg6d72XkJSVQjgme7GJ7Zv59GkXUKvooWGAEgLS0lmZuGdu/T8xdbBo6wWzTc78m/5olDF4ROgVOna0IXi8s9XmB7+VzBlnGLXQYJDAkkAiwSgACgw4Br9+JVk+c+0pAxANwOdAQD+iEHGOzaR5mbli0Jl6/8GhgEAgmGg4Zube/fuzX7/fZFIVFV1v7j45WeUXbp0KT09nabpufPnC4XCEUFBGzdsiI2JuXjhwgezZllaWnbq3Dk+Pl4mk128cGHEyJH5+fn3k5P9AwLeDQmhKOrK5cs3wsNnf/ihQCA4fuwYANjY2PQbMKCgoCAvLw8AKIr6/rvvRCIRwzD6Kz529vObOr3GMjavwtzP5/HpC8V3kxxGDCxJvK+Rys06evHMTLOPnFYXlwKAOPYeo6VsaoYAqnh+PL0s7eGjkxeiln4XHbravLOPTZ9Ax6BBRp4VVUO0DK2m6UdnLxZGxVbM4QeCJEDk4eYwc5xhW1fJ4zy5SmXYtXYRNbaVOWVkqKS18rtJvA7uaprS0JShlqJ1Vf3Vak1imuxSBFVaxnV1YDhsDU0zajWz9yScuERWBgIIIMgu3uT0MYSZCQNA0DTcjoeikopzZOVCXDKUlkN33+rJAq3Fy2QBSNTFLa4WWsRf4F93kb+G/1ZZDIWYOhuXHqn+eq/+EgMAUKccIABAChw2hb+tAAqgfqYQ1AlOxsHQAQ00aFo8v+BZ4tCw1N61Y5yS8H3/dZ1wvnKV0HoK+Nf4MBuo2593aot03o+dK+JxHsHzbN//9Wq37/tWJ0V4LwqPXPTq19HYVIkb//dPAjxIPP1+nz+qtkatBIDI3vsBav2/qDkRAADEuZk2tiMq45DcFrf+g7mZ6ZOCQjtbm6e0eVJQaGaKYxvUgri3cUu8f9/NxXlscND2Pfv//OdfPo83cewYrVZTt3Hi/fvuberP9HxOxSUluw8e7tG1y/BBA+reSimVyoz+LUMAACAASURBVMT7KbsOHMJJAa8VU3HfRvAZIEA325/RECSP4U1Xkbc4AKA6ySMkDCF4mRXQ9Sbo69QuB/iUfS36DXHZczXeI8Sn+jc+z7/fuwuvxH/JvRIREhIKEF97xK+/dkBtzTj41+nc0Wfrzt1t3VzbuD47fyEjK/tBRsYHUye/ho6hl9NCQwCM0EBBEDIAnlRCbt+puR5h+c2XJjv+4PbsJln+I11QpGtG5xdoomL5IwcrDx8nuFyCwwE2CwgagBKtDqXFxbK1v1cdkjQ3E33/lWDKe+rI6LJZn1CZj6rPx+eBgUFDnSkWi8PON/h/8kXt2L49Pz/f0tLy62++AYAOHTqMCAo6ffLknbi44uJiMzOzYcOHnzp5Ui6TnTt7dsDAgbejohiGMTYxsbC0NDM3NzA0jLx1S6FQAMDZM2cIgrCxsfH3909PT6coCgAUCkW9vRWLxQMGDmzTtm2jXIW5nw/BYj25dov+dK44Np5rYmTk0YbF53LNTYt"
[DEBUG] 2017-07-05 17:48:15,473 method:org.apache.http.impl.conn.Wire.wire(Wire.java:87)
http-outgoing-89 << "u37Hp270s9SFDUdYNhADYhgY9/vo5dfOuzIMni+8lFUbGFkbGPtx31OezeY7vDGXxuBTDaGhalZUjyc4lAAiCIAEIgmB4HEqllmc9VkgkSppi1cneJ3hcsDJX87hahmEA1AylVChyV28kV28k9SoLGvTqwvbrQHA4apqmtVp1RjZJELooAwkEQQDH2Y6kaACgGYbRaIgrUcSVqOoJIQIejBsOI/sBu4X+D2oyL5EFkHZ1/wPuiOJcla1dyxn61JMF8FS1av5XPcmvqgL4POUAM1LBMwgaqsIhuQ5fymDtUDicChJopqKA7oFjbI4U59cKAeTFRomnTqkequsV8E/dMfkH0Zp/xlRGB3TZ77ZQV+6pNb+qRRO2Lt+nmylQrAahmdmFvyK6VxSVrL3qRC11F5t4bXgd5m1Zm7Cu9+YxFZMUas5tSfwl8KJ+c72JAMvVYolK+CA2rneQLgqkhtpPD1uAtm6uSSmpTw8BJKWktnF1fW1dQuiZvL3aR0RF5z8psLG2+uyT+fpvVRUC1H2R/6QgM+vRkP79XuV0V29EBHbp4t/Jt953+Xy+fydfjVZ79UYEzhF4a7xAOcCItQEr9MMDlRMBflk9cVvVesPA8+kR9HvM35AwY1JoU3a8SQj4/HeGDT1+9tyQ/v08nlrn/37ag7BLV8aMGtGIs29Qo2uhAxgz344ZickcAC4BbBbJSktTj59uOmGc6bef84OHly/9Rr73CAFA5xco9x81+nOtYNJYxdGTQJKEgA8EkC6Ohu9PkvzwW0XiOcniDR8o+j6UZWMl+ep7+ZadjFxRdS4GgLSzZTnaN9QZUzMzPz8/oVCoe6iuywK4dvXq81xIrcoZiYmJ8ffuqZRKMxeXbVu3SiQStVqtkMsB4EJY2OAhQ94JDh4wcKCFhUXO48cH9u377vvvE+LjWSyWvb29o6Ojr6+vnZ3dg7S0vLw8BweHlPv3DYXCfv37s9lsFovFZrMBgMPhBPboYWZmVisLwM/f386+wWt8Ueb+HXlmpsX3klTFJU+uRPAtzMw6dVAVivnmZmUpDx6fviTPybMI9Bc6P62wmcfsKR6zp5SnZYhj7j46daHg+u34NX+wDQ0cRgykGdAytO3Qvs4hIytT7QkCgG9tKWrXlmCxGAO+mqbU5eV8qHHbSqvU8rwCuVRKMTQAqChaSVMkAEkQbA6Xa23BtrU07OJrPD6IZWMJABqG0pKE4ejB/B7+BAAQFQFltos9YSICAJphtCTB7hVAujkyhcUQnQBAkF/OIfoENNaH+UZ5ziyADosj1gIAQN75lctPdf5yFvfg10FLYdCcxdOGV77VrOrPAgAAgO1HQPcnXvIYUkog80/YkwqhuyqzAPQmAlSpmDvQECv4/QcAAItR8JRLl5SAGoDXDX7v9gIX0tg8pm34AsQn99XYaNs39J++9TQW31rz9ene3/xb34i/giozIQskUhVI0mKlfb17u/dxHjy+ra1QVzAQxGGrTqapAr0rgkP1FALQqVFQoIVRSaV6LyQqEKeFH9n0IOJW+K00qTB/m2REYuwHS7/QvS9+EAuNE4dtRP6dfLfs2N2xQ3sry/orAhQUFiWnpH4wDZ/noBaEy+H0793z2OmzU8e/95TlKuVyxbHTZwf06aUr5PzSsrIfDR/0jPysTt4dIiJvv8pZ0AvTv8vWpYzyGUZKlPY3Ig0BAEgu/VIlACxGbYh+xvsb9F4GVi0IUFd85V9+lUTlEjI/8++FuTcTJv1tPnH+81YDaCmcHB0mvDvm4H/HZHJF5461bwYZhnmUkxsVE1tWXj5uTPAzS8yg5tVCQwB+M6Yl7t3PJgguQ7CBYRNAMFC6d7/i5BnTlctMdvxh+OmC0nenaTMfqW/HKQ+f4HTprDxxlpHLaRYJNG12ej+jUEq//QEA2G7Oop9W8ENGKfYdKRk9hcp6XHUW3fiYtLJk+/uSRg0+dPP19d26fbu93vg5MzPTXe95SNVgm8/n11spkGEY3SSC/fv2PXjwAABS7t//cNYs/TYP0tJuR0UNGDhQKBQOHjIkMTGxuLj43NmzD9PTzczNvTp04PF4vp062dvbP0hLu3H9eklxMQCIRKIRQUEAYGJiYmZmBgAEQaxYubJX77qzeQEaqRygjlXPLhn7jz3cfUT6ONclJIhvYcYRCUVtnPMuXi++m0QpVNY9ujS0b/HdpKLoO22mjGXxuEburkburnaD+iRv2n5/0/Yn125ZVlYQNHC0dxw1pN4jcOystSyy6Ga0kVeN5G1NWblSKlHRFNfNieCw1QytYZNOn31kGTKS5LDJOncJKprWMrSwrTN/aP2fmJahNQCsrj6sSe8wpeXUruPUzv/IE5c4Hi5g85Sy8m+r58wCUEnyHlw9enDf0SyPRcu3jnQXwYghEySZt85sWTYuRvjeN4uCA12aae07nfqzAApgfuWj+8s/wN8y6DEUZnQAT9cmeCafAakysNArMnLzBvhMafTTNBFVXtzRTev/VQf/8e9oF/376rzwsDj32bpRvCrr/E+hW2DyMtGfH6wM/mLWmmW2olr34OaDQydIJCqouDevvxCATrOWA6hf7Ppu8w4CcN2nrteVAkxYN/rXxF5+3UHYPfh/U+eYi0TiU0vG7+z8x78VpQLFeXngUmeeRXMzEAiGDex/6NjJscFBdaMABYWFh46d9OnQ3kDQ4CgLoWbh1c6zpLRsx74Do0cOt7G2qtsgv6Dg2Kmz3u3b6RbwexUqtfqZUyn5fL5aU880hGcdWl6upgAAQFH4qFgOAKrix7lSFVByA89J/SvmL6Rf2BcpGjypW9Xvj4JLu6/DoHcH1JqaLU87vD8KeowJ8axObn18eV8Ya8DMPlUfkfjS7uMJ1cFLG+/20oRkKdRmM2jOcC8AACi8dnBvPQ0AAETt35nZp4X9ViOAKSOpUgAAQvDCawG+uIgVlU/9GzBxCEDK9pmh5239A/2HrN/g4+FiayFKXbtiRe25BhPrv+ttMQwMBFot5ezoAADl5ZKo2Di1Rk3TjEwmyy8oFAmFfr4+Pl7tX7FuOnoNWmgIwKaDl+vQIY/OnecCsAngkATBIQlgEeXl4nlLFbsOmB/cbh5/Xb7+b+lPG9TnLxv9thrYbJajPV1QJJg+ge3iWPreTMLQwPCTOcLPF1L5BSUTZikPHQeKqnkegiGA1dnHYOw7T+mMWq2WyWT6W2rVAqAoSrcObV5enlwuF4kqhgtarTb69m0A0Gg0KpUqOzv7TlycvOah9F0ICxsTEuLn5/fO6NGbNm7UqNWLFixQKpU2traOjo4A4Ojo6OTszOVyd/77r6GhIUmSdnZ2HTt2BAALCws3NzeBQKBQKO7du9ela9dXDHg/k6m3Z8Z+yDlziWsksuoZAAAsHte4vXvO2cuFEdEamcyqZ/0hAEnmo9uffldyL8nEy8MqsOJZOsdYZOhoBwBahZLWPnsRESOf9o/PXX505qLbrEn624uj4oqTUrnt2gjauBBstoqilDRFEURDKwuoaUpNU7qUgXppGUZFUxyaAQDCxIjo342KjtecD4c2jpwp74DQsKEd31LPzgIQ31r18co05z7D+w6e+cdcZ73PXeTSfdz33cdJUi9s/mlp6tz1072bb2LAU7IAdLPt+n8BVaukFZ2DfjUbV5f0e9YSg/Wzgkm94MupoH9D5d0T1jbfavF1pvdXznIHABgRuLpq8/jN/wUeXfqrtPOsD9af8aj49iZsGvjBTjUAALftyO9WVVwGD6SiyesWjbCD3h5h2zb/b9y1rPruILnBm84v9eeB+ciKhQPr0QKyALwXhf9Wa5PfwsiIhTXbnDmg/1oSty/Mfd3mj7wh8ofApUcBuGZdP99Yu4JJS+DRtg0DsP/IsfaeHl6eHhYW5gBQVCROSklNSknt6NU+9s49W2trT/cWl8KAWrme3buamhgfPn7SycG+vaeHjbWVbv2//CcFySmp2Y9z+vXu2aGdZ3N3s16quKN7wgsAWFwuCwAotZpl6mApAgADszauTgAsI9vKh0+qxJh0rvM4/ZG2VXtH6kh0Wp+R7tW38tq8S0ev56gBruxff6Vyo4mxaalCAqfWJ1duEXpOnDx"
[DEBUG] 2017-07-05 17:48:15,473 method:org.apache.http.impl.conn.Wire.wire(Wire.java:87)
http-outgoing-89 << "zAIgv7b4EQ98bYAGF1w4m2PZa+I47pJxZH208cXIPS0g7/NcD/e7WO9QvvHbwZGN9Ho2K4FWO+5t8/A+6uv+jGrwTqJjh7zljz+EZtd97/loALYFKpf7v5BkXJ8e8/PyrN24+epzTuaOPtaUlySIFfL6lhbmoKYuRo8bVQkMAADDsh+8PFxWWxcSxgWADAEkSbAAGGKBlEVFK+/ZmG9cIQxfzRw2Tb9mpTU41+GAKADAqFW/oAG1aOpWTb3bmAKern+pUmGTpN9qMLP2DMwCMbvzf0Uu04nPS4mnxy1oZ9QBA1QwlmJmbOzg6ZmZk7Nuzx9nFZdr06ZaWlvn5+b/9+uuN69cBwNLKysXV9fSpU3fi4gBgwqRJnyxapMvbJwhCrVYfOnjwlzVr7sTF5Tx+7Ofn1717d0tLS5lUKhaLAcDCwsLDs+IPWECXLmHnz8ffuwcAXB5v2IjqKWd9+vbt2q3b1StXflmzxszMzM7ODgBIktRNYDc2MXFze6VaOLVY9ugCACWJKaI2LqYddWFiMGrrwre2LLmXZOzuZla5sRaRi6NVjwBJembc1z92+XWFWUcvhqLKUtILbkYDgIGdDUcvI0NdVl5rdxafz+Jx3aaGpO/778nN6MgFX3X8YoHA3oaSKwrCI9O27CnNeuw+dzrXzAQAtAytoimaafAvgJqmVDSl1VJUmaR6KwEAQBoaECyWlqZVNC2oPAKrgztrwkiNuES2/bCBqwN3UA9oRZHODosjGpqMXZX5D+bdQw+cetpRRB6DFm8a9LQWTc3nI72J+s/BYijEvEjhgHprB9bSYwFcXfACx2xqetP7n817W63V4b3nXoycW7ed87uLnAEAQOQxeOHPgxfWbfHcZ1wY2XzhkbrMR66NfJ52os6L1+kG/N2+iAj/okn79Mo827ZxsreLir1z9uKl4pJSADA3M23r5jp72mSBQGBrY33yXBgAYBQAtTRe7TzbtnG7G58YFRNXKBYrlUo+n29pYe7u5jZ00AAup9EW7q1aYrCR8DqPman7BVGecfPklQcqB/9hQ9tZ1ndjXhiZVOjiP8607tP465v+uq77StT+nWBeRDLY9w/pZS+OOpvE7TOqqyr86NlUhUHv8e9yIw5EUgEjhvg0VKww7/r6ikPl7/0rBQAAbNo3zpW+DRqeGOCzJPrpPxg+S6Lr1viv940GW9bCMEyt1cpfg8zsR2cvXFIoFBKpAcMw7m6uIwYP4vG4r7kbqLG03BCA0NJy3PZ/ov/enL7/YOmTQooEhiAZAmiS4GoIjpYWz11atuIn019Win5eAVotMAwQBMHjAQBpbGQRe1lzJ77QK5B6mAV1goAMQQCfazh1nPDTTzhtGyxxpFKpQC+Nv0pVCEDXwMfHZ8jQoRE3bkil0mWhocuXLTMyMiopqSggb2ZuHjRqlIuLy4bffsvLzWWxWEs/+8zXt0ZFGaVSee7s2cSEhAP793f09XV2dp48der/ffcdABAEYWNr6+1dcf/btVs3CwuL/Lw8AOBwOP0HVM9M69K16/uzZqWnp2dlZk6dVOPZOAAMGjx49Y8/2js46MIZup6/CtMOnmYdvUoSU8w6ehm1qZjPJHJzEdhYltwDkYcbQTa4AEu7j6cXRd0pjos/P2SCyNWJZLPL0h4CgHWf7vZD+7Er0/VTN+9K3byr1r6u44M7frlAYGMV+OcP1ybNzTh4IuvYWZN27ppyiTTzEUEQjkGDnSeNYRsJAUDDUGqaphoOAahoWq5QpK9c9/D733TFAlkVFQEJ+88/Nps+VsswSpqioPoHgDesj+Zhtnz7EXrjLhPf9mRrnA6AEHoLCQSCvj0D+/YMrPuWbuSPUQDUMnE5nC5+nbr4dWq6U1SVGGxUquKM+Ms3k0oM2vYfO6mNiA0AoJXnpd+5Gf2g3G7A1P4ObACQJ15OZnUa5wYAln3eW9gHAAou7Q6T9xgf5FrzNr7IxuBOyuXDFSlcR7bqRvKQE75/KwAAXD6w7TKAfb+ZIXUTI56VBSBJPl6dR6BH1ExxAjt5TvOcuAV4/eN/AHBxcvzo/emv/7yoibTcEAAACExNen/+aZcPZz25HSNJvk89zuHK5Xw2m8fmsFlsFkNCWZkqPpnVzoPrW+MJEWltxZRLlKfDuL26k6OGAQCtUjEqNag1BJ9H2ttyOnnz+/ciGmn5VoFA8PHcuRYWFrt37YqNiVHI5brxP8lidenade68eZMmTw4LC4uKjASAUcHBFha1B40+HTv27tMnMSHh0IEDk6dMcXR0nDptmi4EIDIyCggIYFdWnvf09DQyMtJ9bWxsHBhY415t0uTJhoaGa376Kfr2bW3NdHqCJEkWqyqdQV1nVduX4PjOEJLDselb3QcDO2vb/j01peUOw/oTnOqfLq6xyNTXi2MgYHG5ACCwtux34K+Y0NVFkbGSjGyCxTJ0tLcb1Nt95ngjjzYAYNTWxayjF62uZ06doaMdyWYDgEk79+FXjqRu3fPo2Pnie0kcI5Flz64Ow/s7vzuSZ1bxnRV5t2dYHFLY4HIP/A4eGpomCSAJAipXBCB1ZQHNTYAgGCNDop0rU7OIgOHM91S5+eqUh5IdR4w/+/CVPkSEEHoTVEUBMASAUKNQ3QvbFVHIFQihNCPsUEYYUGpdUQCBZftuw4I8rdgAAKrUy3fKPQaMM5UnHT8eY9J3Yh/j1ONhWY6DZ7qyAbTpF85m+QRVVwQQek6c3KPhOmziS7uPlzT4boMqQw8v6a+//tq8eXOtjbNnz36Vhe6a5Ul4C9Garx01FoJp+AFpS0DTNFnnYTKj1TJaLajVVHEJlZvPdnFm29VezYhRKDTRd0hrS9LaiuBygc0i6iSD0TIZadjgXG6apjMzMmQymYGhoYODg/7UeoVC8SAtDQDMLSx0+fZViouLnzx5UlZaymKxrG1snJycdNsLCwtzc3IIgnBxda0aw+srLCwsePJELpc7OjlZWVmRJJmUmKhUKrk8nouLi1Bvdk12dnaxWEzTtJW1tYNDPSX3aZq+f/++Rq1m6Y35hSKRra0tm81++PBhWWkpl8v17dRgvHzChAm//vqrre1TCn03GnVZOcFicV5hUj1D0xqJlORw2A3XBEYIIYQQapG05Y+SbkSmFHHt/bv5e1nXKLIatu1ssprFAorn0nfcQMvC8LDLcp+JI90rbptKonf+V+g/friXAUDRzW3nwFmUkpBX30mEnhMne8bvPl4SMLN9yrYL1W2eVQ4w5cz6K/lP6X39aQU11YoCvOL4HyGkr7y89rzpZ2rRIQCGYTIjbp3+9jvZkwIBQfC0WoFWK1BrDDQaQy3Fp2mBgaHlpPGWC+eybaxr76xSSTZtLfnyO6BoBgBYJMPlAJ9Lc9gUn0NzuSqN2v7XH81HNVR+qlV7nSEAhBBCCKHWRysryk+Oj08Vs2y8vHwcjXkAAOqsa5fu8HyG9dOrC1CUeCnXvo8nV54bdeB8hrzukYSe703uobtpSzq+LdKkTum+6gz/KjXKAe4t7VR3IkD7qhBA7X31D3K8JODZIQDQiwLg+B+hxvUSIYAWPRGAIAjLtm1dArvf+me7DIAHYABgAKAEULJIY1vrNv/3ncWIYfXvzOMJF85h+/uKv16piL0LBNAEpdUoKIrUqgkVSfACu5kNadaaZC3Yvn37nt0IIYQQQgi9FNW9s1sjKpZqLoksTL1ZMQ8AgMXlxhzeGW/TbUCQlzn7SfSec/FFCkiIANNOY2bN6aVNCtsUZzZlcrf8itG+IP5UWNoTsK18HFb/vH2hcUM9sezzXp16re4hc9zrbZx+bsc1wciXWAiwatiP43+Eml2LDgEAgNDKstfHHyrKyu4ePaakKRoIDYAKwOHd0T1WLueaNPjrDAAIFkvQp6fNgX8L/9hcdOCQukhMEYSGIJQEGA0e6Lfzn9d2FQghhBBCCFXhdQxa2FHvda2H7dq8S/9dv2MVbJOUITdw9e/t1cnRyhC0AGxKS4GJpRlAZXa+gc/IYP0j17uAX8PEl3YfT6ieB1C1IkD9Gf5yFWVo+5Jrv+HgH6EWoqWHAADA2NZ25HffOncJiNqxUyYudgvs3n3GNPsA/+fcnW1jbbv"
[DEBUG] 2017-07-05 17:48:15,473 method:org.apache.http.impl.conn.Wire.wire(Wire.java:87)
http-outgoing-89 << "ia9F7Yx7v3J1/OZzice3HhXjMmdWkfUYIIYQQQuhpJA/PHI+iuo0Nalt1Q65NPXXoBnQKGtpuwNhgAID+780C0BalXTt9NVnhOnF82+TkQpv29jWOk3J+S67XrP4V9aEaqt5fPb1fKy8X55eoFeUXj/wpEfaZNbNifamn5fwDAGhzb0bngaTg1AGxk7+XT5s603ARQm+ENyAEAAACY+MuUyZ1mVJ7obvnJ/Tu0O7HVe0asU8IIYQQQgi9DEn6tUthyVLLrsOCdeP/ilkAbI+hg1XnLu3dGu/Ue0CQl3FJStS16Af5YNOtz7BZJsU3Dp1K5Xad1LGiZCAFFADkPSlTVc4igIayAIpubjtcpjv1jf+OxlNmNi5eAS5ObnZWzyjI7Dl8YRt54aP7l+LiE/Iom04jJ/lAevSdyHP7T6kFNm38u9lp35QBBUJIp0WXA0QIIYQQQugtUxx55Mgjm/5De7QRqeKO7gkvAAAw9Rk5tYeVroG26P7Jc/G8PoG86CTLHn19rHnajIvbr5TZd+s72MtcN+BWPTi/7WKOGgCA6zRw7Oi2PABIOq5f7b+WyiwAPYXXDu6tZzkAAAAQeo7rQZ25mKFiCc2sLO29PDs5WhnqD/ZVBel3kiJTssHznUndGmelbYTQi3rbVgRACCGEEEKoeeFK7I0OP1KEGstLhADIpugHQgghhBBCbwccrDY6/EgRakYYAkAIIYQQQqhBmDPb6PAjRagZYQgAIYQQQgihBuEj60aHHylCzQhDAAghhBBCCCGEUKuAIQCEEEIIIYQQQqhVwBAAQgghhBBCCCHUKmAIACGEEEIIIYQQahUwBIAQQgghhBBCCLUKGAJACCGEEEIIIYRaBQwBIIQQQgghhBBCrQKGABBCCCGEEEIIoVYBQwAIIYQQQgghhFCrgCEAhBBCCCGEEEKoVWCnpKY0dx8QQgghhBBCCCH0YmxtbF90FzZNM3KZrCl6gxBCCCGEEEIIoaZgYGj4EnuxeTx+9Sum0XrznCiafsUj0BRVLpFptFoOm6XVUsbGIg6Ho1ap5QqlRqsFAA6bbWDAJwiirFxibCTicDiN0XEAWpaTksN38zDnAYC6+GGGysbd1oAEAHXxg+RstouPizGrqrUs506paSd7VlFKJthalj9U2HSyN6h8U1P88BE4uZmxa36teJIkFrRzMCK1xemJ2ZLK1pbunewNgJY8vlfEa2tKlMtk0pISOcXimTq1dTKG0oeJWSxXb+fKk8tz7mZyPLysBAAAwEhzkh8UMpZtveyFRBNdAgAAqMuyM8QGTs4WAhYAAKUoznlUxLJxtTfS+/xpRWFWIcfeyYQLAFRpRoraprKjIMu5ky/o0Maskb5dbxAW+fLTc9hs1rMbvRSlUsXn85ro4AghhBBCCDWRpr6P1Wqppjv40xBQYyz/3NhCoZFAUBk8IBqzS89DrVa/4hESklONRSJnZ7vcvIJyudzVzVW33bxOSxaHdz81vZ17G2Nj0SueFAAAjJ3byBNvXw4v1fBLc7S9pk+0MQUAKLmzc0dYPh+SiekzettWDmAlGRezhX1sH+27qRw1q/jG5XyLvu2MKo8kzbgXD26dXEU1vs67u/VccoDLjN62yvTEDNGYqZ2FlTsURW/bextsXBwMybY21q6ctEPiziv6OoAiI+zfffk27UruRbz78XAHNgCAgURxYNs53scTOltwFHlxkRfP35eBJlX7/pReDk1zCTpGPgbs6P82h7E7dxLm334AnYPG9HKtuoLKz1DEVobt+fux4+AuwvgTmZ3n+1Z9b4zb9bFrjG/Tm4fL5b70voaCpvrtVlAktrKo+78KIYQQQgihFq2p72NlClXTHfxpGGCxXub5H5vLqx4zvPYIABDkqz60zMsXd/b1IUnSxYWfdO5K1wBBQy2t+AKSxY6KudfVr6OFhdkrnhfUJUWlRamJF29Ju4zu75h6+K8wi6+65vz909+ZHRZ99bV36dFvlv/fk08/m+JtCgBq6eMHpc4Pzu3O9V/uyk58kr7r86m79I/WeV4IX8ADALHk/hMOi8/K+mfdMc+ZMx9uWn5/5DjXnHxDNo9fdWmOPT/+rGf1zqmSB6UKRfrpX3/+z3DGz5/3t3oS+fv3X20e/9X8XtYA7kGzJx3duGL2mlKNoV3XfjMXruigOffr79eKek+xlDXFJQCAWlqQk5mWmlRQmJh6JQcKS116euVlp/PsXSwNgSsUVo9xSZvOb2d8zQAAIABJREFUvbqnblu7OhcM3aUnrqq7eLSt06h1EfBefhgvEhk8u9FLKS2XikSNEjtDCCGEEELo9Wnq+1gGmioP91nn1XnhHASitLw5CwEolMpXPML1iNsW5uZt3ZwePMwuLBT37tnl6e2LxMW3bt9p4+qUk5svlcqFQoN2Hm0d7G1e9LzhP08/DiETJw7wc6h4tK1O2fLVv6bTPg3xMdVtKIndvOqiZ+iwlBlfn+C4jlo6zTr8sfen77iVXFw+I2PisVmelccqubj8N/hkuXds6IfrEww9Zn3/reul1Re9Fy7qbg1QEn98y95LCSkZpZqK5q4fb1w33EGvLylb3jkLISUyh2kfDHSr6I005fiaLZqJ/xfi2dBIWhr+87zGvoTeJWdWrTleynXw6Ozj6ePt7eFgLeQCgLrkcUZGSkpsbGTC45KCDBjw808DHq5Zf7bU0MG7m183Pz9PB1OQPnmcmpAQ/zAlNSFHBiWPM0o1wOkVuv3T7rWTB95uAv7L5PPoGDdZCCD7ca6TQyvNy0AIIYQQQm+upr6PLZPIm+7gz0Qw2hfe5U0PAcjliti7CcXiMjNzYz9fbwODBrMAqtxPSU9OeRDg52NrY1VSUhZ7N7FDe4+XiAIg1BQwBIAQQgghhFBjwRBALexnN2nZDAwEvQKf8eS/lse5eV38fXVjfktLc//OPnfuJWIIACGEEEIIIYTQ2+3la4+/uaRSuY21RdVLM1NjqbQ5IzcIIYQQQgghhNBr0BpDAEKhQXFxWdVLcXGJUNhU6dMIIYQQQgghhFAL0RpDAO0928bcTSgoEGu12oICcXRcQjuPNs3dKYQQQgghhBBCqGm98bUAXoK9nQ3DMHcTkmQyhaGhwMfLw8Hetrk7hRBCCCGEEEIINa3WGAIAAAd7Wxz2I4QQQgghhBBqVVrjRACEEEIIIYQQQqgVwhAAQgghhBBCCCHUKmAIACGEEEIIIYQQahUwBIAQQgghhBBCCLUKGAJACCGEEEIIIYRaBQwBIIQQQgghhBBCrQKGABBCCCGEEEIIoVaB3dwdeC5lUmVzdwGhV2Us5Dd3FxBCCCGEEEKt2psRAsCxE0IIIYQQQggh9IpwIgBCCCGEEEIIIdQqYAgAIYQQQgghhBBqFTAEgBBCCCGEEEIItQoYAkAIIYQQQgghhFoFDAEghBBCCCGEEEKtAoYAEEIIIYQQQgihVgFDAAghhBBCCCGEUKuAIQCEEEIIIYQQQqhVwBAAQgghhBBCCCHUKmAIACGEEEIIIYQQahUwBIAQQgghhBBCCLUKGAJACCGEEEIIIYRaBQwBIIQQQgghhBBCrcJbEgJQS6XSJw/jYy4e3/zzV5/M3RKvLrm4fPnFEpDGbwn9+Xh8iX7jh4c+/e2W/pYnZ0M/Pfu4vuNKw3/++N8UdVXD8FVLD1e/rK8jsZsWbYmXvtrVIIQQQgghhBBCjY/d3B1oBCUXl887VGrlYMiJNOz9fxMWTnSwFnJLLkKpWgZCn1mrHGI3r1pVsjS0jzUAgDr+7GGrbptNq/d/HHdRPXCpQz1Hfhx+PGNg9/CxwZ/pbYwcu6P6xaifjs32hJKLy6evj6vaeHbyiRqHGfXT8VmejXGlCDWj7Me5zd0FhBBCCCGE0CshSstlzXh6hVLZeAdL2fJOeO+qwXbKluBrvY/N9qzVJPhTveG538Lty3s/3jTp67MavUaVI3bprZ9nxw78d64f91lnLrm4fHrGxHrH+U95C6H6CPj8l97XWGTQiD1BCCGEEEIIPV2ZRN6MZycY7Yvu8hZkAaRseeezqmH9iXf0H8CfCNZ/NeqnY30qn9sDQMnF5b+B+uGJPx7O2nh8mEP10cIBAKA"
[DEBUG] 2017-07-05 17:48:15,474 method:org.apache.http.impl.conn.Wire.wire(Wire.java:87)
http-outgoing-89 << "kfM2a654fz+JC7Yf8VfwWbl8+sDKd4MRn75yo20R34okvd2UIIYQQQgghhFDjeQtCAJ6zjh+bBVA7C+Dx2UV7/5+9O4+Lsur/P/5BkX1UQEGUEkwgBe6vYD9BC01xX1NTs0XTNE1Tccui7J67xdxFLbXbpbTVzB23DEtxwzvBbsFuwAQLRNABdACZEeX3B/smi+DAzOv56A/mnHOd64wlj877OudczT+a72tVvG10aMlrEyIOx/Wfpiy2CSB/o39yyOr1Gc7OeRdb+yv3+Vc2jApW+6eFKMfHVfm7AAAAAABQV/QgAiiHNkNrYmnZPC0zU8RKRBu9ddFF38Dn3cqs6Hf0mTa+yfl1yw4NnTXA0URE0lISRES0KWme/wxo/t0mESmzfaAQqwAAAAAAAA2HfkQA2oy0lMQrkQlybPWs8PS4lCbO4wJXuzlHh6aImJxf9+7y9LFBBfP//W8V7Q7wnikiVp3H+q/711tbX/tovKeViHg4NxcT++dHSlpIfjO3SXv3TapsDKwCAAAAAADUa3oQAaSFKAP2az083CRTnpn08SRvq7zJfkaab9jOZXExV+xmBgX62hc0L3kWgIiIWHtP+6ds3HQswW2opYiJlF4sUNFZAIVdibAKAAAAAABQz+lBBGDtr9zqLyISvWlnqKVVwfw9IyVdq4246/PZ6qGOJpJ2Ytl6GRdoX2En3pPne4tIWgX1Jdb8i4ikhShfvVK8BasAAAAAAAD1WiNdD6AupEUfWh0w+V9n7fy8ohNSREQkJS5MW+bpfjlSEiKre7fkkEXKuJHfTpKNwzZFi2iv7FPOnx+4LjwvTbD2n/RG3LYfL1aULQAAAAAA8GjowSqAAtrMTBHRXtkZuP5K97HzNs5ytJLkdsrZi0JWKb0T4qw9/azlbjlnARSXfCXubhtvaykjfM2rQ9eULhwyViQ5dNt+GflPTyuJFsnM0IpJu6HKZUNFRCTj/Lq3wnyXTvt45onVq3+0VD7frla/MAAAAAAA1aAXEcDFTcPe3S/SxHnkx84m7dyWLyussfcPXCrrPxm5JsV73mftRKLLOwtAG77u+X8dERERS9d+78z3LOcWFW4EsPebH+QnIiLO3cclKEcNyyzWyNJ1nHKSlYhV91nK2vzCAAAAAABUm1H67czKW9WZO9nZOrw7UA+Zm5nV+NpmCotaHAkAAACAB7ulztLh3Y1yc6p7iV6eBQAAAAAAAEojAgAAAAAAwCAQAQAAAAAAYBCIAAAAAAAAMAhEAAAAAAAAGAQiAAAAAAAADAIRAAAAAAAABoEIAAAAAAAAg0AEAAAAAACAQSACAAAAAADAIBABAAAAAABgEIgAAAAAAAAwCEQAAAAAAAAYBGNdD6BKbmVk63oIwMNqZmWm6yEAAAAAMGgNIwIwys3R9RAAAAAAAGjY2AgAAAAAAIBBIAIAAAAAAMAgEAEAAAAAAGAQiAAAAAAAADAIRAAAAAAAABgEIgAAAAAAAAwCEQAAAAAAAAbBWNcDeBTu37+XmnZbk60xbmJsbd3MpEkTXY8IAAAAAIBHTf8jgOvJKTGx8VaWFubmZtq7d/8XfdmxTat2zm2NjIx0PTQAAAAAAB4dPY8AEq8lx1/92+v/OioUVnklGo026o+YP/53uWMHF92ODQAAAACAR0kfIoCfj50sVdK71zMiotVqL/8Z//86/8PCwrywytTU5P88O4T95/fU1HQbm+aPdKAAAAAAAOiOPkQAeRP+spJTVC1b2BSf/+dp3Lhx28daX0tKJgIAAAAAABgOfX4jQEZmZtOmVuVWNW1qlZl15xGPBwAAAAAAHdLnCMDIyOj+/dxyq3Jzc2v7MMA7rf89z3X+zy2q0NT+i4AnfkmtsDrt1BOjfrAvW/jxqQcsWrD/IsAppuLqzHPtZu221xZ8TDnXLrDYx3Lcaf3vD5yiSEkAAAAAQH/ow0aAis4CaNZUkZJy8/HHWpe9JDUtvWlTRS2OwSLiB6uoDnftDjc91+Vml6YPbHu7yTW536mcuzf/ZZXduqt5PzcbdbpZmQZ2o3bYSdusf89OsK7e8Fqc+rnRsx0sXgpwLVbY7KXjRbcY+GbMhPaSduqJ13c0Liw8+k7x9iLdbu0YnVy9OwMAAAAA6gt9iAAqOgvArqXt5StXU9PSbaxLPD7Pztb8/fc1Ly+P2hqAacpxh6DUrGWzr8uptvM3OzrNTrB7QPPURomSa9mkbEV6z9npPUXSTj3xemJGqcl22qkn1onq3afTRUTE/ouAZgfLXH8woOSMXbQfB8W7imSGN/2mTdbG4deGD6/Ct6lgnp926onXE6twOQAAAACgntKHCKAijRs3du/gEhkZ3b69Uyt7u0aNjEQkLS39j//92fZxRytLy1q5i0Xizw7zj99TBibYicjTSe8mtv74B/tlo5NNKrggLbHJDZHEVHG1qbjX0+WsAug0qvDH5AlByROKapr/8qndxsvS0jNL+VqZBQKpjkHfGrsOzzKR0g/5i/WcUhAulH/rfN0qHjAAAAAAoL7T5whARGysm3t1co+5HBd7Oc7czExz927jRo3bt29r17Iqe/Yr1yzi25ZBidqPA/9yvuP48Tum3d7/s+fo5Nd/sH93s/H81xLLWwtgHn+5cWvF/f9cbtqzy+0KOy7zKD7t1BPrym9qEfODbXz/jD6fmnTqZvztqebTCyfzIiLNf9lqkWlzPy/usH76zx1PV/adWAUAAAAAAPpJHyKAis4CEJHc3FyFwqqzl+dd7d072ZomJsbmZmZ55UZGD3kgYHKbzz63THzydtD869YiUnRyntp99L2AU62WfeA88LWbPduoS1x12+ZoRM7o+ZpTW5uldLld4X6BSlYBFFJE/WB/wF71VnuTL0QsO6T0+aH1x6ek6JH+HbN0p1vT7ay+FBGRmB9c3z1dzt1YBQAAAAAABkAfIoCKzgJISkqJu/qXqYlpmzatmjdr2rSp1d27OarUtKTrKarU9McdW7d9rE2jxjV8J4L9N9+adHwtaXqpGX6+rDZPX1nWodXuzXa7R90d7pRdUG6ceM78gldGQJtbzds8tueixeueWeV3X5VVAHda/rTZ+tc26coeaSJ5bxDIch19Y+DWloEpJu8OT7EUEfPrw4dL2qn8VyO6jo7ZMbqyb8YqAAAAAADQT/oQAZSVk3Mv6o8YjUbb8UnXbI0mOflG7OU4jUbbxNjY0srSrqWN0+OOcfF/n/vt9//7x5Pm5uY1uEXyS7Mra2Jzffj8kiWprb48nDs58KaJ5Lj3v/PNp3YxT8a7Fp4LmOr48QcWF/I/VPxGALk37f2rXe44fLbKXIbfWPR0Wsk2t7zG3zf5wT5gmUXAa0nuNpridRWdBZD3OoB8rAIAAAAAAP2khxHAvXv3L/weaWlp6en+ZN4RgK3sW5Zt5unx5N+JSecjojp7eZibmz2CgTX/ZauFDEnpaZMjImKfNNnbKWh3sYMDbRLeDRIRkdRWB44bu/S44WrT/IsA86eD4l1TWx342bjjkOvO5jkiIndbHthq4j41aZDYjgoo+m4FbwS4N+39v5fGt1622W56wN9tSr56oMSa/7xRrbKLL96CVQAAAAAAoJ/0IQIoPAsgb0fA5SvxpmamHZ5s/8CLREQea+OQe//+xajo/9f5Hw99NEAlrH9Z1XKPTYayR+H0O8d5+M3nVtm9+4ORcvT1/LcT3G0eFWxzSnITjzf58njbvLLCif1Ac8fTTe8M7JFs3eTGoNk3REREvSMvNRD7/LCg8IY2cYu8qzVC45RTjy+7mvnli/JFgNPTQfFO8Y8v+9ZE2yYrYPw1axHrp29NXtZs9x/ZwzvcqukfAgAAAABAh/QhAih+FkBmZlZK8g1f36rOfh9/rE3KDdX15BsOrSo8mu+hJbf57HPL+PYZyhevlXxjX3rP2Ubyactpy0zenZLs2qT5NxssWo++/nqbLBme16D0xF6b6LhxlXO31+K8mtZwLBd25O0mKGGgiKTafxMiz7153VLsRRpl3hETp7/eDcyrV0Rstf+Pd9Lr8++d2txit/mt4U41vDsAAAAAQHf0IQIoLvFacuvWrZoYN6m8aQGnto7x8X/XWQRwx/6"
[DEBUG] 2017-07-05 17:48:15,474 method:org.apache.http.impl.conn.Wire.wire(Wire.java:87)
http-outgoing-89 << "bzWatRyVPL//heVrPN3OcTrXY+Lnd9IC/XxriNGqZY6lj/wpWAeTrNCqlxvN/ecBGAJvE2e/nlaif7qH4+B3X4gcVWthp3x2dKZL59Guljh4AAAAAADQURum3M3V4+zvZ2ZU3Ermtzqhih2HnLjzZoX0zhVXVx3D//v3jJ8/5dXvK2FjfAhHUK02r9p9l3nsra6aZwqLG1wIAAACorlvqCl7y9kgY5eZU95IavhKv3srKzra0qN4J/40aNTI3M61iGAEAAAAAQAOlb8+9c+/f//X4mRpdWOtjAQAAAACgHtG3CKDXs7y7HgAAAACAcujbRgAAAAAAAFAuIgAAAAAAAAwCEQAAAAAAAAaBCABAlanCFk9bc17zkL1orh1dNGtd1MN2AwAAAKCa9O04QAB1yLZjV9vAD9f7bQ/wMhVRHZg78KNzFbUdszF0jke5NaatPTrJ0kWbum+Z7mFaZ2MFAAAAUJpR+u1MHd7+TnZ2VZrdVmfU9UiAutZUYVWVZuZmZjW+RTOFRY2vrSpVWPDV9oO9bYuXRQb5vRb/zsGggfmlqoOzBn/SdmPoHI9KYoKyfN/bs3qQbeXtAAAAgHrgljpLh3c3ys2p7iWsAgBQFVEru07dXvDhQxEZsyEswL1Kl/oUSwceRBUc8NzRmo4PAAAAQKU4CwBAVbjPORMalvfPrrnuYjLct33NO1MdnNV1brCq9kYHAAAAoApYBQCgWtTH162N7a1c7Vu0jV8jIk4OJZ/zd3K1FRGxHbQibFAVe7YdHBQ6uLaGCQAAAKAMIgAA1aAJ/2LViU4Ld/kp1KEfLFWPe2+gk6kqKV7EyaRkQxMpKiixiaDQ2cF+H5YoGLX5zMzyDxAEAAAAUBsaRgSQa9QwxgnoOU3Yqtk7koav6WurObNEeVSUs6t8on+JFwSoDs4aHNIneMXgwpUDkWt8Jtf2aAEAAACU1DCm1s2san5GOoBakhS8QHlARLYHvhH/eGSE30fBfgoRketXI8S7j42ORwcAAACgMg0jAgCga0k/LZi4zWn5UqepAeoBLlE7wr0GuChERESVFKOVtrbFIgC1tuxJf9sn+5XaC1B2I0CtDxoAAABAcUQAAKpA81esg3J9gHtSkIjCf85Wfxk/dcy4jPUbX24befKsdFnoUmxLQMZfsdLWqeTxgGwEAAAAAHSOCABAFZj6TA8QEUnK/+g+Z+Ma0yCVg6n6zMEQ8Xmnq+2DrgYAAABQHxABAKgRhdf0haKJXLPuhMnwVf6VJgBsBAAAAAB0jggAQE1poj77aEeSzzvjfEu8GECToRWX9lYl27IRAAAAANA5IgAANZMUvGDm9qQuC1cNbF2y/MD3ex16b3EqKnGfcya0ks48Zoadqf0hAgAAACiOCABA9Wmu7lowcUlYqzEbFw12EBGJ2TbqlfXXRUTEqm33GUvHuOh0fAAAAADKQQQAoPpMW7k6dRz+gnKOR/4WANdxO8LG6XZMAAAAACphlH47U4e3v5OdXbsdRv0R8+eVv55o97h7B9eqVwH1h7mZWY2vbaawqMWRAAAAAHiwW+osHd7dKDenupc0qotx6FBMbFzvXs/EXo6vVhUAAAAAAHqvYW8ESE6+cf5CVHbJpQQW5mb379/ftfdw2fZlq8zMzDp3cre3b1nnYwUAAAAAQKcadgRw/kJUl6f+r4WtdWHJ7n1HsrLuNGrU6LkhfUs1Lrfqpirt3G+/D+z37CMaMQAAAAAAOtKwNwJkZ2cXn/+LiKuL88/HTrm0dyrbuNyqFrbW2bV9HgEAAAAAAPVQw14FUJZ7B9eKTvt7QFUtyLi4dXm4b+B4N5Nyq6M3DQ312zfJTdJClKtlltLfWiQtRDk+buy+SW7F2qWFKF9dHfHgW3nN+lLpb12qMHrjsNDue0v0BQAAAABAMfoWAeiMlZtvm/Xfne2v7G7/sF0NWbp3MlN5AAAAAEAt05MI4MTJsJuqtGpd0sLWuvszPjW+Y/mP6/e/Pmx58c9eM7eWfWBfvbsUrBmowgD2D9tf7NOQZSwKAAAAAAAU0ZMI4KYqbcSw/tW6pNxXBlRPJY/rozcN/S5vqr4mXERk/9D9XrOW+pXTMi184+q47oEjK9hFUJHiOwJKbQSI3jgstFp9AQAAAAD0nZ5EAFVxJe6vxx9zMDZuUiu9Wfsr9/qXKCmzG99t0j6liIhyr3/xswBCI9aMH7ZGxGvIEBHRZkTvVC6K9v94XrH5f/TGYW8VPdB/ddjqoruUexAAAAAAAACVMpQIIOL3S+rbaqe2jrXZaVqIcvyaEmvxSyzFH7J0X+mV+Fqttmh3QFqIcv/6T5SZb8zfOrLkAQJuk/funSwiEr31+e+cNyq7Fz3q/642vwAAAAAAwIDoZwRw7969G6q0VnYt8j5G/H5JrVZ36+rdqFFtvwTRe2bhQ/kSqwDSQpTj4/LbaNMSoiMT5PC7I4/1Vy51LnF9/3eWT/Is2aWzo2XBj9rMzLuO9iWe+TvaFX2MWF1igUDpswC61/A7AQAAAAD0kn5GAPfv5/73v39kOD3Wvr1TxO9RanVGN1/v2toCUEL4mleHrin6WHIVwFgRkYTDykXhjs6Z0uufO6d5SlrIzhIdlNr9r5W7zU0KI4CEuHAvt7FS7gXW/sp/OydYt3M0ERFJC1VOvjL2x/GcBQAAAAAAqIB+RgBNmhg/8/T/O3nqP4lJ142MjOpq/i9VWQXg2H/Ruv4Svelw6IPO+oveqUx4Rulvn3Il0tE3/zl/xtmd3zn7f1n01D8tJbH4Ndr0kEX/2jdy3iT/dhIZerHXkMCiOrfJe3kbAAAAAACgOP2MAETEwtzsmaf/3+U/4zs++URdzf+lKqsAyqPNSDh/5HBc0VsM0xIuJqZ5iUSHHX7GY6yIiDbh8PLVmW8E+VkVv674LgExcZscFBiyftGLmzOba63HB3lW730CAAAAAADDorcRgIhYmJv9w+PJur1HVc4CEBHRFvyQeTctclvAdOeR8+b5pa/eFq0VEdHGXYxw9Z2XFrL8sP/IcVYZV0I2L1+X4L/sY//ixwQmh4eGt+nfvHiv2ibO3t6uxw4nWmZuChh/wsevu7e3s3MbZztLMbGyIhIAAAAAABTRkwigha31rr2Hq3eJzUO/Ws/aX6msuGpf/o8JhwKmr4+z9Jk3UkS0mZnW/ecpJ3lbi0iav9+mfw3df1ekifOIj6eZpOyznjXWU6I3rQ9xfGPTLM+8AV7cNOzdvLUFlh6TPvK2EhHtlUPL1xxOEcs2Hr7ePgHfTHK0Em1GckJcTHT4xdCwbZtSRJsSl6jt989vp3UmCAAAAAAAiIgYpd/O1OHt72RnP8zlu/YeHjGs/0OOoVY6AWqLuZlZja9tprCoxZGU0HlEXfUMAAbi/C5djwAAUPtuqbN0eHej3JzqXtKwVwGYmZndVKW1sK358/ybqWlmpqa1OCRAb/E/rwBQYwSpAID6oWFHAN6d3M/950K2RlPjHszNzby9PGpxSAAAAAAA1E8NOwJoZd9yYP+euh4FAAAAAAANQCNdDwAAAAAAADwKRAAAAAAAABgEIgAAAAAAAAwCEQAAAAAAAAahYR8HCKB+unFiR7D0mmB/bs2v10tVKToMndDdVkQSfvk++N4zU3s75ldcC90Uaj5izFM25XeZcmzbcRk4qleLOhw2AAAAoN+IAADUGbcBY5N3nLAfNdItv0Dz3+Bv00VEJCvqdMwdrRxd82deTat2Tjey0u99/fnFvM9tnp1QeJWIiNxKu2PeTvGoRg4AAADoIyIAALUq+lDBk/99a/5o1dPP6nayStxs8yoTkm5ZP2ErknXx5/OZHfr01F5q3K1vRwuRnNjgI+2nvCbHjtx7etCTTct2m5Z6Wxqbmj7CLwIAAADoHc4CAFBj51Oe25NRqsxtwMwpL/rZiaJD/2lTBnjaNZP0GwV1qqs3m7V9TCTt0h+Nu4zs7ujZ7fGrvyXcjgv9avOZ261bmhq7dP/HjbD/ZpVzq6RUtaQmXqvb7wMAAADoNyIAADWRsWdWUtDp+83/znp11o34knWay7Epoo45+vn20wnNnR3VifmL/a9dumLc6glTEeunRg96sqlIzj1z05T"
[DEBUG] 2017-07-05 17:48:15,475 method:org.apache.http.impl.conn.Wire.wire(Wire.java:87)
http-outgoing-89 << "jX/6a2m5In1aXdm868L8sB78+/7Aoe7uYv29YNze/Gp1U998MAAAA0FtsBABQE1bPLZHvF9w+LI1/XdLcqURVwulLmubmCodew5qfPxB6r2fr1AuX5Yn2EnPxr6Ydnm8qIpJz++9Lp8IuxaruWNh6jnjlKUdjkZeGW+878N3m89ZPuHXz7NjW3qLo15Mm6kK8jccrHRN/vHBJ49CR7QAAAABAjTSMCOBWRrauhwA8rGZWZroeQq3Kvpz1azers02zNoTnLO7WpLA8K+r03608nK5fkMY2/xjwioikOZ8I+S1VoT2V/HiffqYiIlnRh49Em3Tu8apf3M49F3dtvlh4dRu/oR1unjux/1inFwd7FawGSAq7dMOp82iLdi0fO3c0TNWxu+2j/KIAAACA3mgYEYC+zZ0APWDmYbfBQ0SaLi5ZnnWnhU8Xx+R9FwpLrJ/qbrvj6z3adn1fyn8BoIX76EnuIiLiMGFKtzJdD+jYvdin5NOH/2jcaXQ7EXHs1sX622PH3Eb1sq/dLwMAAAAYBM4CAFCrWjzVy63ESv2ca7+diNcqrExupyTlFCtPDTu0JzpLRCTnfzu3hSaIiEjSieCdl9KLGmXF7jwY1/TZ/k9bi4iIabs+3axiDh66VN6JgQAAAAAejAgAQJ3JUV08sGPdkcRWvYdPeKn/U+knv/zx9J/q/BzAxqfHE5dPRmSJGD/paX/94t+SFHYorPkzIzs2z7/62m/fbj+Z5dZnpFvRAYGWbgOGddSe2L73WJxaB98IAAAAaMiM0m9n6vD2d7LZ5A+UYG5W820vzRTlnKVfOzqPkPO7qt78xokdwdK5U/r5SAvP/s8+2bJgy9HtuNPBoTdchzxz++C+yNKvEyyuVe/X3GJBNxw3AAAgAElEQVS+PW/arf+A9oqy1bfjQveGpnoMGeZlXZ1vAQC6Us3fogCAhuKWWpfLU41ycypvVOoSIgCgXtGPCAAAUAK/RQFATzW4CICNAAAAAAAAGAQiAAAAAAAADAIRAAAAAAAABoEIAAAAAAAAg2BceZN6LDn5xvkLUdkPcaagmZlZ507u9vYta3FUAAAAAADUQw07Ajh/IarLU//XwrbmrwW7qUo799vvA/s9W4ujAgAAAACgHmrYGwGys7MfZv4vIi1srR9mEQEAAAAAAA1Fw14FUNyuvYcLfx4xrH/xj+UaMax/HY8IAAAAAIB6RH8iACmY1RdO/h8wya80IAAAAAAAQM/oVQRQSh3P86M3DX1r/4ObDFm6d7Jb/s8ZZ1fPT+m/fqibSMKh+Zss5ym72z/46uSQZZu1Y+cNcDSplfECAAAAAAyb3kYAdb/O323Svr2Tij6mhShfjRu7d5Jb+a0zwo+Feg55Q0TkStg+u/7LHjz/z4j+8V/rE4a+E5A3/087u26bjJzlW3RRWojy1TXhhR+bNHf1GTl+0lBP68LaUL8vlf7WV36cNvuw90frJnkWBQkZZ5e9utwy8Mdp3tX8ygAAAACABkxvI4BSSwDKng7waM8CSDi5L2HsNE8TkYyzO79LPHn3xZOlmxQuGciI3rdoU5z/rKXPFz7/t/ad9kLounWhI6f5FYsOhiwrTBy0aVeOrZ7/bsqioEluJRYNtHt+3riQ2eu/8wsan1+hPb9t+dlegd8x/wcAAAAAw6K3EYAUm+SXPR3gEZ8FkHH2u00x3h+3E9Fe/H6rzPt2r1uY8tUrY4u2CRQ0vBKyef0hy5EBgb2aS0r0xTRtemL4leTMxIjolLSEuPSQFO06pX85CwhMrNv1D1QmTF+2v9emke1KVLUbOX9cSMDq73yDxruZiPbitvUR/ZWfebO7AAAAAAAMjD5HAPWF9uL3m07elSEi2uitmxPG/nOSlaSV33DbW6uPmbRx/n5ZXBsPVzsTa0cP5zbe3q52I0daiphYWZkkHA5cFDor0K+8bQQmnj4+KZtjEka2cyxZ0W7kvHEhs4P2+60fcve79WE+Mz/zJAAAAAAAAINDBFDXtNFb1x929PJKEdHGRWaOnNXdOr9m/1vDio4T9Jq5VenvOe3HfdMe2Jtjr/Fu66PTyo0ARBydvePiMsupaPd84Btnp6//ODozznvmOgIA6LeolV2nysbQOR5FRZFB/m/ImtAA9/zP6tD3+gZee+uHLcMd8ktivn5u/PUFwT4HRgSq3/ph9aCCckkKDnh5V48tW4a3LexNc3Z579km68/MLHaH6pRrrgYHLVq155LWpuOgaYGzB7U1zSuP3/Py2BWxhZeN2RCWN+Ck0MULlx+IStWa2Lh3f2l6wOjOtjX/0wEAAIAhIwKoa9o08f840CP0+VAxcRsZUGzlf/H3BRR54IsGvGd+qRw5y02kgmUEoq3oSsf+AW+ETNvp/fE8AgDoO/c5Z0JLFbn4DtCui40XdycREdFEhUX6dLE5HqEa7pA3m74WG5bUe7SHrZ/3kmG9Zyt3uX8+wklENJHr5i2RuduLzf9FE/HZkr1aGVX6tlUtVx//aOI22+V7zngp1BErJ09c5XDwbW9TEVFfvaB474ewovQhT9KuhcqkQRsObnJRiOqnhaMDvnIvyjIAAACA6mik6wHUpl17Dxff5J/38cEldc/Kd/JIt+rNuocs3bd3b9l/lg2p7MKUuEhnR8sKKh2d3aSNM28YxCOiiT+wfGIfP5+u/gMmLQ+O14iISNTKrn4rI/NbqA7M9Qk4qMovn/v90R9mDfL36eo/IOCHGI2IqI8v9HvvuDqvcfzuCT4LQ/M/SNTKF76OERHN1eAlU/y7+vn0GDYrKOxaYW2xu+QxdffpExsao8r/GHs2pPukmYNTQ8/n96iOPXvB17ejQsTUd8b6MRlL3v46RkQT+fkH210++nBg62LfK3LzBukxoOz3rWq5KmzXz37TX/NSiIjCq6+v9sDZy3k1V6NifV0cSnegijoeNWzccBeFiIht31cm2IbHxouIqIID/GYdUJVuDwAAAFRMf1YBlDrhv+yB/4/2FQBVUGIjQPHj/WtIez70cJteQY6VtwTqXPzet5bK9ODQHgpRHVU+N3uH6+6XXR90wbnPDvht/j5ktSIpOODlt7Z77Rnn4uHb5a2zlxb28DEVVeTxv0wiImLEr7OIRIYc8PWfI0nBC6Ye7bFmzxkXhajOLJk5ZsnMnxf4mJbbvaKjr09geKymr62pSOz54/5d32hr2/vytnB13x4Kkb/On2jf47W8BQGmHm8Ejjk7dfGSVMXBMN/PtvRQFOsnZsdi9cTNg8K2by/Zf9XLbXuvPtM770dNUmjw8cdf+LC9iIgkxUfaxKqmDPj5UqrY+L6mfH+cl62IJF0Ob2UzvbBDW5u2seeuqp9zUtgODgod/KA/UgAAAKC0hr0KwMzM7Kaq3CXxVXUzNc3MtPwpQ50bsrT4Q/6Hm/9r064cXrQosn9AfxIA1AsZ16/amFiJiIhtH2VoJfN/EZHh455zVYiIQ9c+nZLCY1Uitu5+Lmdjr4qI5nLk1WHDB4ZGxoiIxISHDertLjEhm1KnzC54PN41YOagPYfOqivq3tajR/uzMX+JiMRHHfXw8TAVV99hkT9fUItIfGy4jb+HU0FbU/fp741K3bMjZuC86R7Ffz9c3RV0efK0silDdctFRBW84KVXxgWG+04d7mIqIqL5KzLiklWf5YeOh4Yd3/uRa+j8dVEaERGttq1N0d5/27ZtRa2ucMsPAAAA8CANexWAdyf3c/+5kK3R1LgHc3Mzby+Pyts9UvvfGlrBaQDeM0u0m1+4jMCyjcczI5ct9W/HOn/UDx6jPnSdOK3vXhufAZMHDfPt7tK60qit7H+8Tu59ZFFk/MuuGWEHevhtd7n6YWzSeNeMMwe9eowR1c8RSbHnxnRdUeyC9q4qEUWZfvI785eg2GvjXEyjQm19AxUi4urV/cShSI2fa2xobI/iIYUm9uewJBE5Gxqp8epcMPL43cvDxyz6qEz/1S0XERHbwUu+GSya+O8DxyzQ7AnqbWvq8/aZkMJqhUtHxewdZ19x71H+twEAAABqomFHAK3sWw7s31Mntw5RDlsTXqY0fFipubvXrC+V/tZl2j3YkKX7ylsTEL1p2HeFH6z9lXv9K+y"
[DEBUG] 2017-07-05 17:48:15,475 method:org.apache.http.impl.conn.Wire.wire(Wire.java:87)
http-outgoing-89 << "h3Fq3SfuU1RwJUGMOfZcc6pEUe/zs3gNBU5cs9V+6K7BHBZPzirl07vHXxiiVtzaih9eE1m391Jsvq91VR738XjCVDBHxeedg0MCqno7v6tU96tBVjZ/6RGqPN/Iuat914N7jEVMk/Fwf36K/HZrIzz/Y3WrhrkXahS8HBPnkby5IOrjq+LD3g8p8h+qWl2DqNOi5Hqv3nFH1Hlzqa9g6FDztNzG5mqoSya9XXb0qUt9iSwAAADQUDTsCKCvqj5jYy/H3798vt7ZRo0Yu7Z3cO1S6JLlyD5yBl+U2aV+JSX3FM/jSLYvX7GUKjwbF1MGl7/B5fYeP+n7cy8Fnp/ToU6JWrU2ttAcX3wFnj4eGJ1n5LlCIg4v32ZCj3lEePdaYipi2bWsScSleM9C2qlt52ncduPf7pdqkGP+P8tf8m3r4+gfsXpFxtovvpIK5etLBt6bvdf1gz2AHhXz4zvERgR/67vmoh0IVHnI27NzArv8q7O61rlcXBq/oWs3ywaqvn5uc+tHxghcEajVqUShMRCI3+E2X9cen5perrl41cehhJdLWvcf1MJVGxDT/T03VysuJlwICAACgRvQtAoi9HN/X38/Cwrzc2qysOz//cqpWIgAAD6AJX957qUnQxpmdFSJJUWeuduzhYSsirj6y7ecItYeXQhX6/fa/pFUl/Zi6+/RZoFxlM2Gzg4g83tl373tBA5b+ZCoi4jFstsvLS4L81i/wsRXNtbNrA4Ks3t861aPCRMDUw9f/7NuHTMZsKPwVoPD27/N24FGXuZPyJ9VJwUtWJA1fszRvxYLDwAXvhYx5Xxn8/YrBg1aEDSq4LHKNz2TZfGamh4hUt9zWb5zLvJ/CJ3h4K0Q08ScOJY2Z6KsQ8fCf5BD4U/hL+eVnQ7QBMzubiph29PVRfn9wmMdwF4Wojm//5moPJb/CAAAAUDP6FgG4tHf6KST0wasAHvGQAANk6j1j85hPFo/wi8oQE5suk1YtGuEgIraDFyyKXBjYu6vWxmfK6oBhu7+vrCNFR18v7VEHl7YiIgoP305a8SmY5LcdsWqDLF0zuuu8DLFq2/2lBZ+9XPH8P+/6Lr4S6tC9fYn+fSTS291JREQTGTTvw+vDNi9xL+ym9aDAhUdHf7jkoHdQ8VcDPoy2I1Ypv/9oqv/0vzKsHu/+yrz1AXm3cxn/WeDWpQXlrwUufaGtiIjY9pk25fj7M3svzRCxatt9wuYP3EVERBUc8NzRPntWD2JJAAAAAKrKKP12pg5vfyc7W4d3B+ohczOzGl/bTGFRiyMpofMIOb+rrjpHzcT/sDjW/+0+RABAQ8BvUQDQU7fUWTq8u1FuTnUvadgvBQQAgxVz9rK3N/N/AAAAVIO+bQQAAAPh+kIghwIAAACgWlgFAAAAAACAQSACAAAAAADAIBABAAAAAABgEIgAAAAAAAAwCEQAAAAAAAAYBCIAAAAAAAAMAhEAAAAAAAAGgQgAAAAAAACDYKzrAVTJrYxsXQ8BeFjNrMx0PQQAAAAABq1hRADMnQAAAAAAeEhsBAAAAAAAwCAQAQAAAAAAYBCIAAAAAAAAMAhEAAAAAAAAGAQiAAAAAAAADAIRAAAAAAAABoEIAAAAAAAAg0AEAAAAAACAQSACAAAAAADAIBABAAAAAABgEIgAAAAAAAAwCEQAAAAAAAAYBCIAAAAAAAAMAhEAAAAAAAAGgQgAAAAAAACDQAQAAAAAAIBBIAIA6pf79+/reggAAAAA9BMRAFC/3M/N1fUQAAAAAOgnIgCgfmEVAAAAAIA6QgQA1C9EAAAAAADqCBEAUL/k5uayFwAAAABAXSACAOqd+/fu6XoIAAAAAPQQEQBQ79xjLwAAAACAOkAEANQ7HAcAAAAAoC4Y63oAAMpxNyeniTF/PQEAAABU4sKFC1Vp1qlTJ2EVAFA/3eM4AAAAAAC1jQgAqI9yc3NzSAEAAAAA1CoiAKCeysnJ0fUQAAAAAOgVIgCgnsrNzWU7AAAAAIBaRAQA1F93WQgAAAAAoPYQAQD1V25uLikAAAAAgNpCBADUazk5Offv39f1KAAAAADoAyIAoL7T3r2bm5ur61EAAAAAaPCIAID6Ljc3V3v3rq5HAQAAAKDBIwIAGoD79+9zKAAAAACAh0QEADQMOUQAAAAAAB4OEQDQYJACAAAAAHgYRABAg3GPVwMAAAAAeAhEAECDwXsBAAAAADwMIgCgwSACAAAAAPAwiAAAAAAAADAIRAAAAAAAABgEIgAAAAAAAAwCEQAAAAAAAAaBCAAAAAAAAINABAAAAAAAgEEgAgAAAAAAwCAQAQAAAAAAYBCIAAAAAAAAMAhEAAAAAAAAGAQiAAAAAAAADAIRAAAAAAAABoEIAAAAAAAAg0AEAAAAAACAQSACAAAAAADAIBABAAAAAABgEIgAAAAAAAAwCEQAAAAAAAAYBCIAAAAAAAAMAhEAAAAAAAAGgQgAAAAAAACDQAQAAAAAAIBBMNb1AAA0EJ1H6HoEAAAAAB4KEQCAKji/S9cjAAAAAPCw2AgAAAAAAIBBYBUAgDpx/2ZqxsoNmuCjOTF/iojxky5mQ/tZzpzUqIVNlfuIlM4n5fzUCqref+C1fUtfePOIKEU+7ScicnGDfO6c//OD7v61HFksLao83rIubpH4vjLEsWRhBXf/bYOc8ZEZXsWKUuTNGZI0WHa+Uk7n146IMlHWThTTCu6+fIR8V9kIu04p/8/h2hF5J1H+Xabzixvk1Z8q6fPLXeIpIiI3j0i/zytvBgAAgEeFCABA7cveGZz+2pz7t24Xltz9Peru71EZqzdab1llNnJweRelyJtT5UyZ4s6lJpx5c3uPEnsTflsrv/aUeR61M/o8NxNFWori4TrxHCyfzxBZK067Ss+cOxfOjQvSiosnxaP4VD9Tln8ozy4W9WLZ30+G2JXuvHU/GbtY5h6pMMuYt0vmlSzZ/7Yc6Vmmfck8pesUWdFGZnwu8SLdgvMLlRvyB+A5tUS2cvOI9IurIKYp+e1KWc7REgAAADpABADUX41vpjVbsun2zFdyHmul67FUQ/bO4NRRkyU3t2xV7m116qjJNjs2lpcC2MmnhbP6NDmyW6SJBCbKIjuRp6Wf24NumZQoTs0rqHvAUgIREbm4QX57RiaUiQ9UiSKWFT5gryo7WfG2LIqUIcVmzmVXARQ9LX9FJO/J/DPyxRYZsljcLEVWyvKF4vSheFqW7r7nHImcKvu9ygkIqiEvT4mWkcHy7VzRRoryiCz6StwsRUSOrJBrvR6i/5/KhDgFHrwIAwAAAHWACACopxrfTLNZsLxxYnLTtV+lLp2v6+FU1f0bqrSJs4vP/1vnXheRa0YFKUZubtrE2fZ+vo3sylthfy1aLsaLrav0mygSKYGZ0m+iiFaiw0RtKa1dpbVJOVfdTBAn65oMN3qLzE2UL8tbPhAfIyJyUx5qI4CImHrJv6ScNQ6FqwDGfiDz+smvTeT1dPluhIiIOk4WrZCLF+TTXwpadxHTD0W9QLqV+pom4mApizbIs+9XsGChsgSkUPQpeXOimKaJ8nO5liYvFl+PcEo+rXjLQCVYBQAAAFCPEAEA9VGjGyqbt5Y3TrqR87hD2juv63o41ZC5dnPubfWD2+TeVmcE/bvposASpTcj5JMjMriNBO4uUV78GXJnd1FbytrB0q/sQQBld8uXmXye+Tx/4j22r4hWftsga+/Ktx+WN8nXyvkYcWou59OkX43CBSn2bD9vFX3hGodyzwI4/YuMHCxvvi3KBbJii8z4UFqX6i5F/rlFnGaUDEESZH+a9G0uP0bLhAculKhEpuw8IjuD80crK8XzZZnnIfvfluiXZZ5H/kkK1dWin5yvoGoe75gAAADQASIAoN5pdENlmz//b61aMi/XuqmuR1QN2fuOVKWZJviolIoAWnjJCi+5eaSCp80p8uZUmfJh/gFyxQ8CUJ+UvpFypgoPugt7vrhBXv9abKfI1l7lt1SflJ3u8mNPUZ6UfkOq8o3K0aKfnO8n+98u/5iDzsXOyftyjXybLp84y68iYi1zn5F+BQ/JCzfhX9wlin6lF0FE/ySqXrL1aRn8tTz/YZVOLij"
[DEBUG] 2017-07-05 17:48:15,475 method:org.apache.http.impl.conn.Wire.wire(Wire.java:87)
http-outgoing-89 << "MQfJvvUs8RaK3y05nObJYzrydX/7d+wVHCRb80HVK1b62iFTt1MA8hV8QAAAAdY8IAKh3mq/c2jjphhgZpQdOaVjzfxHJ+V9slZpFX66wrtQctbhyJ6G/BsvrE6qx4j2P58vyrwrm/yJyZLeMfFmcvcTtFTndS7qV2YRfPXby6a6iJ+pFCl86ECmRiTJkqohIvxGinCJjP8h/CC8i+98WmSNOZbtNky+PyIwNItYyt4l8HlmlAxHLSVgSZEWEuJb8joUDqNkqgMJTA6O3yL+dZEXFf9QAAAB4hIgAgHonfc74vFUAzRd93uBWAVSVSXlb+vM8YBVAWZowWZQpO91EImttANeOyApL2ekjIjJ2jMz7SjpPfehzAUWk+KP1Qq4iUnAgX4q8uVKUi0WOiLKg5QMm3r99LTH95BNrEZGeE+XL9yV6i9RgN8DNKOn7svy6u/KW1aaVnUdk7Fd10DMAAABqgggAqHfut7RVLZ1n+9Zy47+u2S5YployL9e6ma4HVVXGT7rc/T2qeEnRQYDFm7VrW2EX1VgFkCJzV8rcFWW2zYtIivxzl8ybWoW18QnyTrAEFrZMkUVbJHBtfp/OI2TwRFn7TO28cTDv0XqRSOn8df6PmkyJjxRVgihniJt7iVUA5bp2RGZEyJdbCj47SuAzErhBvq1+WtGinzyfIr8WK7mZ8LAbAfKly7W7MuWF8itf/UBm1Op7HAEAAFAZIgCgPrrf0jZ12Vs2C5Yb/5Vk/cm/G9AbAcyG9isVAZR+I4CIiJgO6l1hF1VdBZApy98W04nyvGN5vaRIcKaUPG1AVDGyP1F+TJDni28+T5efMgsetifIm3Ol9ZwSu9MnLJY3Z8jat2WGV/kDvnlE+oXJrxWdyS8iKbL2iDhUvArg5hGZckS6uorYyYzFYvuL9HvgKgB1hMzYIsq1JZ75u02UV9+WuUdqdG6/iMTkH0CgjJNf78rn38tTJg97HGCJFz2WtHaMuLap0TgBAABQc410PQAA5bvXwjp1yTytp9vtGWXPuq+/LN+caNS0kifvRk0VVgEVvOagRb8KZrB28umu/LMAReRmhLw+RWSKrCjeOFFuFvx4LU5MLMVURJ0uEiXvzJCRX0lrrZh0kRVvi4edqFLyW8ZFiIO1mIpcOyZj54rTHAn0KXPrFRK/WF7/Ssp910F8jHT1qXD+fzNBlCvFtaeYioz9QM7vKvbPwqJvvXOlzBshtiZiayJS0FLpKiIyZLEMsRN1en7j6P0yeK28uVb6lTlFb8hCcdsl47eUP85KuMqRXXJ+lzicE1U/earkRgmttgY9VixOTjep4XscAQAA8BBYBQDUX/daWKcuazDP//M0smthvWVV6qjJkpubV1J6I4CRkfWWVY3syryIr/AVepVwlf0T5J2vZMZKecquRPnczKKD9E0sRLlS1Cfl1V3y6mAZ3CV/z3yeFs9I6xnSeXdRS02EvPOTzF1bss9CjrJii+xfK3N3ydoRpVfax0fKs8MrGG2axLjKj3PF2VL2FyveP0eU8SIiz75Z3isJRSROXn9fLraUL+3kt7Uy5ReRJrJoomiiZdEp+XSteJZ7QqGlzFgp+9eKcr+8mCivF5zJX/zFihJTep/Fl7vE004+XSwiIlq5mCifLCxWnS7vjJCfmsibCyv8d9S51OH/rnJkccnvFS2D35EkERMLcbKUa5kyZWFNji0AAADAwzFKv52pw9vfyc7W4d2BBsfczOwBtc0UFo9sJA9258fg9IkBueqMUuVGCivrL4LMRg7WyajqRqa8M0de/1ycdT0QAAAAPHK31Fk6vLtRbo6IXLhwoSqNO3XqJEQAQMPSUCIAEbl/MzVj5Ybs/T/di/5TTJoYuz5hNqi35azJjVrY6HpoAAAAQO0gAqgeIgCgWhpQBAAAAADovQYXAXAcIAAAAAAABoEIAAAAAAAAg0AEAAAAAACAQSACAAAAAADAIBABAAAAAABgEIgAAAAAAAAwCEQAAAAAAAAYBCIAAAAAAAAMAhEAAAAAAAAGgQgAAAAAAACDQAQAAAAAAIBBIAIAAAAAAMAgEAEAAAAAAGAQiAAAAAAAADAIRAAAAAAAABgEIgAAAAAAAAwCEQAAAAAAAAaBCAAAAAAAAINABAAAAAAAgEEgAgAAAAAAwCAQAQANhpGRka6HAAAAAKABIwIAGgwiAAAAAAAPgwgAaDAaN+IvLAAAAICaY0YBNBjGxsa6HoJI/J5ZAV9HqosKNOFrRk/6IVJT9S40144umrUuqhpXAAAAAKgNRABAw1Av5v+iObN9bbiibVtFYcnVA+t2JLm4uJhWvRPT1h6dZPeiTdWJDQAAAAA8vPowqQBQicaNGjWpDxFAzI5Ve9rP/s5Pe1Q5K3bY+9O85OiaVVGijZrZfU+ppl0WBq8YbCuqA3MHfnSu3M7OTu69rUyh73t7Vg+yrYOhAwAAACACAOo9IyOjJiYmuh6FiKiC132uHbNhkJPqaFCIuscU26SDsz46p5UuC3etGOxQ2Ex9fOFz76n9vQsn8j7vHAwaWIVpvSo44LmjdTJyAAAAACJsBADqP5MmTerDmwDUx9cuiRi24A1306TQXVdHzemeunL2J0nDN2z/QFYtOXitoNm1A8r3YoetXzKw9QP6Uh2c1XVusOoRjBoAAABAESIAoF4zNjZuVB9eBJB08L33Q3t8MKWrqVw7e0gx6SUXVdRVl38GBbg79Zk3W1YELAlTiSZ+99wxX9l+tGqmR8HRALaDVoRVaQmAiNgODgplFwAAAABQd4zSb2fq8PZ3srN1eHegnjMyMjIzrcY5e80UFnU1lPg9L49dq3J53Fb1V6xiwlffv+xavFYTtXL81ANqG63DqPWrXvZQlLo4amXXqdsrv8eozWdmetTimAEAAIA6dkudpcO7G+XmiMiFCxeq0rhTp07CWQBAfVYvjgDM4/Tc12eeE1EfXzj6zKBRriUrVVERsSorV/dWkWGHdp3waTvIpXQIIDJmY+icwvm96uCswSF9glcMLnzkH7nGZ3IdDh8AAACAEAEA9ZaRkVHjxo11PYoSNOFfrFLP2OxbsDBBkxRzIuSzoB3q7hPmfH/Iw1bUMT9vDJrZO6j9mICJI3w7OtlWYwkDAAAAgLrGRgCgnmrSpIlxNSOAOtwIICKaqM/GL7L64JvxriKiuXb0k4Dt0mP4qOG93VuXnOlrkqKObv9621Hb2bvmdTUVNgIAAABAX7ERAEAtMDIyqu78v45pItcv2mbjsyB8+fyPQsNVXgu2KX/ok1cVu3XS8ljvYS8M9/dwMBURUwf3wQGfDA4ocT0bAQAAAACdIwIA6qP6tgVA5K/z4dLdvZWJk9fsjfNKPvZ3eeHDecePf7Ny0opY6TR82sQXyqwLAAAAAFAfsBEAqI9MTU0bGRlV96q63QiQTx0fHrpr2zdnvQN/GOdepi7swOYtMb2Xv9+j+IGAbAQAAACAfmIjAICHYm5mpushlEujir9wfPsPG09kdH5l4qQPv5mjENFErZy8KNzBa3B3P2/vjm0dFAonnxc+9Cn3ejYCAAAAADrHKgCgfnmYCKAOVwHE73kj6K9Bk0b1ydvuX0CjViVdjQj/+eTRs2HhV6Vtd/8RBXHAg7YClI0AACXsPz0AACAASURBVAAAgAaIVQAA9JHTc+uDyik2Vdg6efR28ug9QkQ0qvjYiPADez74as8Lqz4Z7PCoxwgAAADgwYgAANQS02JxAAAAAID6hwgAwCNnO3D1mYG6HgQAAABgcBrpegAAAAAAAOBRIAIAAAAAAMAgEAEAAAAAAGAQiAAAAAAAADAIRAAAAAAAABgEIgAAAAAAAAwCEQAAAAAAAAaBCAAAAAAAAINABAAAAAAAgEEgAgAAAAAAwCAQAQAAAAAAYBCIAAAAAAAAMAhEAAAAAAAAGAQiAAAAAAAADAIRAAAAAAAABoEIAAAAAAAAg2Cs6wEAaAg6j9D1CACggTu/S9cjAACACABAFfE/rwBQYwSpAID6gY0AAAAAAAAYBCIAAAAAAAAMAhEAAAAAAAAGgQgAAAAAAACDQAQAAAAAAIBBIAIAAAAAAMAg8FJAALXvxokdwdJrgv2"
[DEBUG] 2017-07-05 17:48:15,476 method:org.apache.http.impl.conn.Wire.wire(Wire.java:87)
http-outgoing-89 << "5Nb9eL1Wl6DB0QndbEUn45fvge89M7e2YX3EtdFOo+YgxT9mU32XKsW3HZeCoXi3qcNgAAACAfiMCAFBn3AaMTd5xwn7USLf8As1/g79NFxGRrKjTMXe0cnTNn3k1rdo53chKv/f15xfzPrd5dkLhVSIicivtjnk7xaMaOQAAAKCPiAAA1KroQwVP/vet+aNVTz+r28kqcbPNq0xIumX9hK1I1sWfz2d26NNTe6lxt74dLURyYoOPtJ/ymhw7cu/pQU82LdttWuptaWxq+gi/CAAAAKB3OAsAQI2dT3luT0apMrcBM6e86Gcnig79p00Z4GnXTNJvFNSprt5s1vYxkbRLfzTuMrK7o2e3x6/+lnA7LvSrzWdut25pauzS/R83wv6bVc6tklLVkpp4rW6/DwAAAKDfiAAA1ETGnllJQafvN/8769VZN+JL1mkux6aIOubo59tPJzR3dlQn5i/2v3bpinGrJ0xFrJ8aPejJpiI598xNU45/+WtquyF9Wl3avenA/7Ic/Pr8w6Ls7WL+vmHd3PxqdFLdfzMAAABAb7ERAEBNWD23RL5fcPuwNP51SXOnElUJpy9pmpsrHHoNa37+QOi9nq1TL1yWJ9pLzMW/mnZ4vqmISM7tvy+dCrsUq7pjYes54pWnHI1FXhpuve/Ad5vPWz/h1s2zY1t7i6JfT5qoC/E2Hq90TPzxwiWNQ0e2AwAAAAA1QgQAoEayL2f92s3qbNOsDeE5i7s1KSzPijr9dysPp+sXpLHNPwa8IiJpzidCfktVaE8lP96nn6mISFb04SPRJp17vOoXt3PPxV2bLxZe3cZvaIeb507sP9bpxcFeBasBksIu3XDqPNqiXcvHzh0NU3XsbvsovygAAACgN4gAANSImYfdBg8Rabq4ZHnWnRY+XRyT910oLLF+qrvtjq/3aNv1fSn/BYAW7qMnuYuIiMOEKd3KdD2gY/din5JPH/6jcafR7UTEsVsX62+PHXMb1cu+dr8MAAAAYBA4CwBArWrxVC+3Eiv1c679diJeq7AyuZ2SlFOsPDXs0J7oLBGRnP/t3BaaICIiSSeCd15KL2qUFbvzYFzTZ/s/bS0iIqbt+nSzijl46FJ5JwYCAAAAeDAiAAB1Jkd18cCOdUcSW/UePuGl/k+ln/zyx9N/qvNzABufHk9cPhmRJWL8pKf99Yt/S1LYobDmz4zs2Dz/6mu/fbv9ZJZbn5FuRQcEWroNGNZRe2L73mNxah18IwAAAKAhYyMAgDpyK+Lg+UgLz7GvPNnSWETEtd+oVnGng3cfSBvyzO2D+yLzXif41Rehec3jv4gVEdm95oyItOr9mlvMz3HWfs8PaK8o1a+Dz7AX7UL3hh6LaD7My/qRfR0AAACgwTNKv52pw9vfyc7W4d2BesjczKzG1zZTlPM6vdrReYSc31VXnQOA3uO3KADoqVtqXe5QNcrNEZELFy5U2lJEOnXqJGwEAAAAAADAQBABAAAAAABgEIgAAAAAAAAwCEQAAAAAAAAYBCIAAAAAAAAMAhEAAAAAAAAGgQgAAAAAAACDQAQAAAAAAIBBIAIAAAAAAMAgEAEAAAAAAGAQiAAAAAAAADAIRAAAAAAAABgEIgAAAAAAAAwCEQAAAAAAAAaBCACAnola2dVvZWSJosggf7+gqKLP6tD3uvpN3J1UVBLz9XNdl59Rhb7Xw2/WgWLlkhQc4D9x99X/3979B0V15Xkf/+gTaWcMM9F2fMTJDLgjuBs6WyJTApkQNCqUims0cdRZTQyJ4kRJjLBRqegykkJNiRrRWUg2xIzOGDWCeUQtNE4kJAOkAjiPTfYR3BESFcvQaNIysUk2Pn/QQAON/BBo9b5f5R/d55577re1yqrzueee6zqao3BTeNi2llfoSrujKmdj7MSw8PBpsRsOVzma2isPzg8LD2n601Rwdf6GZ2eEh4WHRMyIWbOv2NaJvwMAAADAHSIAAHeZwBUF+SssLZr8Q6fUl1RUNn51lBVZQ8Ypr7RpNn2xoqh6UojFHL5m44ySV5KynF0d1t8nbFT8KzN9m8dylO7Y+F5928t2tt2e90rMH0xLDhbk57+zxGtXzJYSZwhgrzrl/fK+ooJ855/lgZKk6qw1SdXTNh0pyC/Ky5yrjOW7ytpeBAAAAOgMIgAAvcFReXhTzOTwkLCJU57dlFPZMMttcX/edjg+ZPkRm7M9/p3j+16YNjEkbOKU5fvKHZLseWvCX86zN3SuzH46ZE2+84vKNs/dXa7m2+khETNe2Fp0selom1UApsCQyRX55Y0z/orCE488+3x0bX6xc0R7ReGp0NAHvCVTaNx/zLm2cdXucslhzVi31/+V5KkjXH6X9c10RUxp+3s7224ryno/fOkzQd6SvIMiQ+sPF55tOFJVVhHq79N6AFtZXtmMJ2f6e0uSOXLB02ZnlmHLWR7+wmGWBAAAAKALiAAA9ILK9156VU9l5RcVnNg959rGF/eXd3DCJzsOey1950RRwe6lynhpb4XkbQkdd7zwM4ck2ax5n3t9WOocxHricGhQgKpzVi45HpBwsOH2uGPbnI1FjvaG934gNOSTkoqG4xXFeRPD/H0tk85+WNKQAXxe/OGoiECzJMlk+W3iHGVs2LjtpaVFoTtWR3i7jFO+f4M9Zumke1uP3/l286TXCpIaxnRU5+fk/XzuI6MkSdWV1iEVe2OnRISHRMx44Q+NKxSqz5YMH9JcgnmIb8WpKrskc/TW/NemmTv4ewUAAABcEAEA6AXXLlUN8WqY+JonJ+Vnzw/o6IyZTz4W4C3JJ2zymOqSCptkDgz3L6yokuQ4a62aMXNqvrVckspLiqZNClT5if+sjX2x8fZ42PLnpx08Wmhvb3izJWJUYfnnklRZdtwSYjEpIHSG9f1TdkmVFSVDJlr8GvuaApe+PLv24P7yqQlLLSaXQaqytp5d9FyIqfXgXW2XZMtZ+a8LnkwsCV0y098kSY7PraWf3Tt509G8/KK8914JyP+335c5JKm+3ndI80Tf7Osru93N8wYAAABAx4gAAPQCy+zkgKPPRU6csnxT1vGKi+3enXfh1abFL3CyTlgrpYqiwxHhcy0/L6yolioKjgRF+MtWUVpdkTqnafO88QnZqrK1vy7eL3CiCisuSrayfHPoA96SAoIe+bDI6pCtIr8iItAlpHBUvF9ULdUW5ltdKq/M3lQyJ77FooButUuSzNEb/7jv+Puv+h6cs/J9myRTyKqCE6tCnb29/R/w3rW//UQDAAAA6A4iAAC9wSdy49EPs9JfjFDe1iUzo1PyujOb9Q+O+DyvzFZZURoRNGpEYLi98Ky9sux4ULjz3nzI6iNNm+cV5BcVvDXLr/3BAoIeKfusymEv/rC2cc3/qLCp7+WV2stLPpkcNKqpo8OasS57+Jqs3SvN+5dvbXy4oPrIlrwZL7ad0He1vQWT37THIoqOFrRNLsw+jXf7vbyqapuP26qq3KUlAAAAQGcQAQDoLSYf/8iZCa8dznzR52hOYetprr2+tsMR/EOnFFrzS/LuDQ3wlp//2MLS46VHLRFjTJLZ19er9LPKzqwvcBoVNvW9d15N+8/ypjX/JkvoxOzs1MNHxoVaGufq1UdeWvpewLqkaB/fWcmrxx5MTM6zS7KVnCgs+t3UhhUHi/ZL+58Ji8+xdbld5bsfi3B5QWC9wy5vby/Jmh4ekd7cbquq8vLxuVfyDYy4dMnW9DPt9bbhQX7sAAAAAIBuIQIA0PMcJZvC525z7rdfXVZQ9UCYxSwNDwhR4fuldkm2/Hf2ft7hOKbAkMlH0rZUhQT4SPp5cOh7W7b6RwSZJMky40X/9zZuLbJJkuNi4aZfz0233iwRMFlCJxYeOVodEdS05t977MTJH5447htucU6qq3M2plbP3Lam4e69z9SVL4/JW5uUUy3ztNTm5QZvzJZmv1mQGm3ucrsCwp/0zz/m3IbQUfnh0eo5s0O9JcvEZ31ONLcXnqhfPjvY1LCR4dF3jlTYJcmWt/ePVS71AwAAAF1CBACg55nGxr05p3bHrPCQsPDwZ0+M3ZIyy0eSOXplylhr4qSwiVOSq2ctn9HxQN4PhAbV14f6+0q"
[DEBUG] 2017-07-05 17:48:15,477 method:org.apache.http.impl.conn.Wire.wire(Wire.java:87)
http-outgoing-89 << "StyV0TP0jIY079PnO2pI+91rmr8PCQ8IeW549fOWOJRZ3O+81D2YZFyqvaY+Mcml6IDREPpMC/STJYd2akHxpxtrfBjYNM2Ja4pqgUxs3HrnYdrhu8p21JWnE3iUTw8JDJsfssM//j+UNl/N/akeiubk95tWZvpIk8+TnYr32Pj8pLDwkbP6O2tlv/jZQEi8FBAAAQDf0u/p1nQcv/8316x68OnAb+sHAgd0+98feP+zBSloInqXirN4aHN1TuW9DxcRVk3kqALgT8L8oANylvrL/3YNX73fjO0mnTp3qTOcxY8aIVQAAcIcqLzw7dizzfwAAAHTBPZ4uAADQHQFzE9kUAAAAAF3CKgAAAAAAAAyBCAAAAAAAAEMgAgAAAAAAwBCIAAAAAAAAMAQiAAAAAAAADIEIAAAAAAAAQyACAAAAAADAEIgAAAAAAAAwBCIAAAAAAAAMgQgAAAAAAABDIAIAAAAAAMAQiAAAAAAAADAEIgAAAAAAAAyBCAAAAAAAAEMgAgAAAAAAwBCIAAAAAAAAMAQiAAAAAAAADIEIAAAAAAAAQyACAAAAAADAEIgAAAAAAAAwBCIAAAAAAAAMgQgAAAAAAABDIAIAAAAAAMAQiAAAAAAAADAEIgAAAAAAAAyBCAAAAAAAAEMgAgAAAAAAwBCIAAAAAAAAMAQiAAAAAAAADIEIAAAAAAAAQyACAAAAAADAEIgAAAAAAAAwBCIAAAAAAAAMgQgAAAAAAABDIAIAAAAAAMAQiAAAAAAAADAEIgAAAAAAAAyBCAAAAAAAAEMgAgAAAAAAwBCIAAAAAAAAMAQiAAAAAAAADIEIAAAAAAAAQyACAAAAAADAEIgAAAAAAAAwBCIAAAAAAAAMgQgAAAAAAABDIAIAAAAAAMAQiAAAAAAAADAEIgAAAAAAAAyBCAAAAAAAAEMgAgAAAAAAwBCIAAAAAAAAMAQiAAAAAAAADIEIAAAAAAAAQyACAAAAAADAEIgAAAAAAAAwBCIAAAAAAAAMgQgAAAAAAABDIAIAAAAAAMAQiAAAAAAAADAEIgAAAAAAAAyBCAAAAAAAAEMgAgAAAAAAwBCIAAAAAAAAMAQiAAAAAAAADIEIAAAAAAAAQyACAAAAAADAEIgAAAAAAAAwBCIAAAAAAAAMgQgAAAAAAABDIAIAAAAAAMAQiAAAAAAAADCEezxdAIA7RPAsT1cAAAAA4JYQAQDohOIsT1cAAAAA4FbxIAAAAAAAAIbAKgAAveL7mtprm9MdOce/K/9vSff8o//Af4ka9Pyz/YcO6fQYVgV/pOIl7Rxae9NzI1ufWJOrJGl7lCSdTlfGSOfnm119t3I3aGin623rdKYqIzX9/paN7Vz903QVhCguyKXpspbFqTpaBxa4GfxirpIuKC1GpnauvmmW9nRUYVis+7+Hi7lafUGvtxn8dLoWHutgzJ1ZelCSVJOrqIyOuwEAAKCvEAEA6HnXD+RcfWbF91993dTy7V/Lvv1r2bXX3hicuWXg49HuTrqsZUtU0KY5uNWEs2Fub2nxbMKnaTo5QQmWnqm+Qc0F6SfyvrVBHoxWRpyUJr+s1jPn4Ka5cWNacfojWVyn+nXalKzxG2TfoENRmj6s9eAjojRvg+Jz280yErKU0LLl0CrlTmjTv2WeEhar1J8qLkOV0kM5zsakdGcBDy5pka3U5CrqXDsxTctf18omtpYAAADwACIAAD3s+oGc2tmLdONG20M3vrbXzl40ZP8b7lKAYdreNKu/otxsaYASLyhlmPQrRY2+2SWrL8jvvnaO3WQpgSTpdLo+fVhPt4kPbBekQe3eYO+sYUpdpRSrprvMnNuuAmi+W75Aargz/7DeytT0DRo9SNqsTWvkl6wHB7UefsIKWZfoUJCbgKALGvKUM3o8R3+KV71VSblK2aXRgyQpN1UXH72F8Y+1CXEa3XwRBgAAAHoBEQCAnvT9l7YrMS+6zv9H3Lgk6WK/4c7vN25ciXnxf4eH9h/mboX9xTM6XSlzgKJiJKsS6xQVI9XrTJHsgzQiQCO83JxVc15+g7tT7plMxV/QTnfLByrLJalGt/QggCRTkH4nN2scmlYBzFunhCidHKDFV7VnliTZzyklVadPafsHjb3HyZQs+0o91OpneslnkFLSNX5tOwsWOkpAmpz5WMtiZLqipAxdvKLfuK5H+Fjb239koAOsAgAAALiNEAEA6El1aW/e+Np+8z43vrZf2/r6j1ISW7TWlGp9rqJ/qsTsFu2u95CDA2UfpLRoRbXdCKDt0/JtJp8FGc6J97xIqV6fpivtW/0p2d0kv17F5fK7T8VXFNWtcEEu9/YbVtE3rXFwuxfAXz7Q49FatkpJK5WaqbhkjWg13GX9e6b84lqGIOd16Ioi79O7Z/T0TRdKdKBOB3J1IMdZrTbrwflKsOjQKp2ZrwSLcyeFrhoapeJ2DiXwjgkAAAAPIAIA0JOu/5/cznRz5BxXqwhgaJBSg1ST287d5statkSxyc4N5Fw3ArB/pEirCjpxo7tp5NPpWrxb5li9/aj7nvaPdCBQ705Q0keKmt6ZX+TG0CgVR+nQKvfbHAS77JO3c5v+dFXrR+qkpMGKf1hRjTfJmx7CP50l76jWiyDOHJPtUb39K0Xv1hPJndq5oCkHcV46Sw9KZ/bqwEjlblDBKmf7nrWNWwk2fgiL7dzPltS5XQMbNP1AAAAA9D4iAAA96bv/V9GpbmfOtnus1RzVldtJ6MkcLX66CyveGzw4X79rZ/4vKTdbj8/XyCCNXqC/PKqH2jyE3zXDtD2r+Y56s6aXDlhlvaDpSyQpapaSYjVvnfMmvKRDq6QV8ms77BXtzFVcujRY8QOUYe3UhohuEpbzSi1VQMvf2FRA91YBNO0aeCZTr/sptf2/agAAAPQhIgAAnuDl7pH+BjdZBdCWo0gpdTowWrL2WAEXc5U6SAdCJGneHCXsUvCSW94XUJLrrfUmAZIaN+S7rGWblbRBylVSY8+bTLw/3a3yKK0fLEkTYrRzrc5kqhtPA9SUKXK+TmZ33LPL6nUgV/N29cLIAAAA6A4iAAA96Z5/9P/2r2WuLc0bAbp2+wffdofowiqAy4rfrPjUNo/NS7qsf89SwpJOrI0/r9U5SmzqeVkpmUpMc445cpaiY5T2cM+8cbDh1nozq4J3Oz866lRple28kuI0OrDFKgC3LuYqrlQ7Mxu/36/Eh5WYrj91Pa0YGqUnLuukS0vN+Vt9EMDpqi5+q9i57g8uXKe4Hn2PIwAAADpCBACgJw38l6hWEUDrNwJIkkzTJrU7RGdXAdRp0yqZYvTE/e5GuaycOrXcbUC2ch26oHfP6wnXh8+v6lhd483281oWrxErWjyd/vQGLYtT2irFBbkvuCZXUUU62d6e/JIuKy1XPu2vAqjJVWyuwgKkYYrbIPMHirrpKgB7qeIylZTW4p7/6BgtXKX43G7t2y+p3LkBQdI5nfxWGe/ol163uh1gixc9tpQ2RwE/7VadAAAA6L7+ni4AwF1l0LKYfj/q4M57vx9537t8sftjQ6PamcEO0/Ys516AkmpKtThWilWqa+cLqmn8ePGcvAbJJNmvSmVaHafHd2lEvbzGKXWVLMNku+zsea5UPoNlki7+WfPi5bdCiSFtLp2qyg1avEtu33VQWa6wkHbn/zXnlbRZARNkkuatU3GWy581zb/6wGYlzJLZS2YvqbFnUoAkTd+g6cNkv+rsfOaQotO0LE1RbXbRm75Go7P0VKb7OjsQoNwsFWfJ5xPZovTLlg9K1Nd3Y8T2ndNfBnTzPY4AAAC4BawCANCT+g8bOjhzS+3sRbpxo6Gl9YMA/foNztzSf1ibF/E1vUKvAwE69LRW71LcZv1yWIv2+LrmjfS9fqikzbJ/pIVZWhit6HHOZ+YbDH1YI+IUnN3c01Gq1ccUn9ZyzCb3KzVTh9IUn6W0Wa1X2ldaNX5mO9VeUXmA3o3XyEE65NJ8aIWSKiVp/DJ3rySUdE6L1+r0T7RzmD5NU+wH0gClxMhxRikfa3uaHnS7Q+EgxW3WoTQlHdJvLmhx4578ri9WVHnr5yx2ZunBYdq+QZJUr9MXtH6Ny+GrWj1"
[DEBUG] 2017-07-05 17:48:15,477 method:org.apache.http.impl.conn.Wire.wire(Wire.java:87)
http-outgoing-89 << "LxwZo2Zp2/42CW23+H6DcDS1/1xlFr1a15PVD+Q3SxTrFrunOtgUAAAC4Nf2ufl3nwct/c/26B68O3IZ+MHBgt8/9sfcPe7CSW/HNuzlXY5bfsF9r1d7P+97Bb20d+Hi0R6rqHXVavUKLMzTS04UAAACgz31l/7sHr97vxneSTp061ZnOY8aMEREAcLu5OyIASd/X1F7bnH790LH/OfPf8hpwT8AvBk6bNOiFRf2HDvF0aQAAAEDPIALoGiIAoJW7JgIAAAAA7np3XATAdoAAAAAAABgCEQAAAAAAAIZABAAAAAAAgCEQAQAAAAAAYAhEAAAAAAAAGAIRAAAAAAAAhkAEAAAAAACAIRABAAAAAABgCEQAAAAAAAAYAhEAAAAAAACGQAQAAAAAAIAhEAEAAAAAAGAIRAAAAAAAABgCEQAAAAAAAIZABAAAAAAAgCEQAQAAAAAAYAhEAAAAAAAAGAIRAAAAAAAAhkAEAAAAAACAIRABAAAAAABgCEQAAAAAAAAYAhEAAAAAAACGQAQAAAAAAIAhEAEAAAAAAGAIRAAAAAAAABgCEQAAAAAAAIZABAAAAAAAgCEQAQAAAAAAYAhEAAAAAAAAGAIRAAAAAAAAhkAEAAAAAACAIRABAAAAAABgCEQAAAAAAAAYwj2eLgBAj/nK/ndPlwAAAADg9sUqAAAAAAAADIEIAAAAAAAAQ+h39es6D17+m+vXPXh14Db0g4EDPV0CAAAAgDtAvxvfdfUUVgEAAAAAAGAIRAAAAAAAABgCEQAAAAAAAIZABAAAAAAAgCEQAQAAAAAAYAhEAAAAAAAAGAIRAAAAAAAAhkAEAAAAAACAIRABAAAAAABgCEQAAAAAAAAYAhEAAAAAAACGQAQAAAAAAIAhEAEAAAAAAGAIRAAAAAAAABgCEQAAAAAAAIZABAAAAAAAgCEQAQAAAAAAYAhEAAAAAAAAGAIRAAAAAAAAhkAEAAAAAACAIRABAAAAAABgCEQAAAAAAAAYAhEAAAAAAACGQAQAAAAAAIAhEAEAAAAAAGAIRAAAAAAAABjCPZ4uAAAAAECPGfBB0cDM/f2/uOTpQuDG9z8bfj1m9rcTQjrs+e239Wf/9sV1R30fVIXuGWjyGvUPPxswwMvThXQNEQAAAABw9zC9ub//eeb/t6n+X1wyvbm/MxFAxd++8B/5s6Hm+/qgKnRPje3q2b998U+jf+HpQrqGBwEAAACAu8f/Yv5/e+vkP5DDUc/8/zY31HzfnbhMgwgAAAAAAABDIAIAAAAAAMAQiAAAAAAAADAEIgAAAAAAAAyBCAAAAAAAAEMgAgAAAAAAwBCIAAAAAAAAMAQiAAAAAAAADIEIAAAAAAAAQyACAAAAANC3krapeNstnZ67Tj49Vw9gGPd4ugAAAAAARrZMxY+6abZbNX6t+zNyyxX5qOInKOGDXq0MN1W2OWzJ3s51DX354GvTzPaSbS8ffmDlmkkjJHvJti3Vs9dO82kcKjMgJzXaLMlh3ZpwbNKmFRZT75VuZEQAAAAAADyrTpsWaI9LQ9I2jW/41E5AIGlCnIrjWjadV/DzvVIg3AhcUXAwYPlj5c/mr7BIknVr+Bv+B1+bdmlHxCaft9+a5dfQzZaz/LFyX7Mk77GzJ++NmfPkZ69ueT4scOK9ryZs9s1sOdW3F//++eWFga8uYP7fW4gAAAAAAPSVeeuUYHF+Ls6Sziu4XBqkhCwltOxpvypJ2q7g7X1bIm7RcN+gs+W1kjMC+Ly8aJxlTcNnn+iN+3x+n5RXYQsLDVz6csiCpYnHslIjzY2n2oqyq2fsevsxPxKAXkMEAAAAAKCv7FmrPVLSNk1X4x37ZTddBeBqjN6Nl3WDksqau/mVauFbvV422rd3UXjT4wChL0sy+wV4Ha6uVsNuDZVVJcODopsm+fIOfi41WJJkssSufWa91eZQ01HzpFeS+6xwgyICAAAAAOBZN1kF0MRPGfEacUWpZc1tuaVaP13vDlbcZlX3fplwZ84bLg8CSJJ8A8NLCj93TPMxSbay/KqImABJjrIdi7bZZz6/aGZg45TfZHkyydLOsOglRAAAAAAAPCEyVouH6YkrnVgFMEY74xUgSap3aR49UrqiEQ/r9QFavJEU4DbhbRkXuraoYmWIRfbiDz+ZNjNFkkyBS/+QYs3O+LfnylZt+XVAxbaQRftbnBYd3rQCoGH7wD4u2yCIAAAAAAD0vfuVKKVtlirdPO2f5LKrn0+kXo+R9wXFZyoxWQsnqLjhRQA/UaRFjlLNy9ae20Pe1gAABE5JREFUGO1co4XJpAB9r82DAJI5KMI/Nack1uJfdLxwxtx1TU/2my0zEzNnNn4LWX1k69Q2E31bzvLHjvdyzUZGBAAAAACgz/gpZYWi7pfOa/zzytilxEHtd67TpgUaHS2vci1eq3Ip94yenqOwD1QgRS/RaOnddFV/qcUDlBatqADtLO+7nwJJ7h4EkHwmLwjfsjc/IvCtimeSgl329rPnpbxQNuW154K8JRWtnxq23u2YoZN7uWgDIwIAAAAA0FfmLZBfmXKlKElS7IIWRzN2yVykJ1otCnBZEbB9sx5KU/wyPfGRYoNUU6r1X0pSebaisnu3cnSSw+4weXtHPP3irvnL3xyXnOXverC89GjtkNneDV9YBeAJRAAAAAAA+sqeZOcbAZoEr9TrAVr9jI515vwvFb9be2KUG6ShddrE9vEe5bhWX69qa2lBVUVJxWfFh1V27ddT9v78qZfemmsuy6uQhvia73U9ocKa5/VIcmMowCoATyACAAAAAOA5038qx1Wdbvw68lEVP+r8/GmmYnNa948KkpfkPVjn/txiB0H0MduRF57cb/OdOLa2wubnHxE4cazjxDuWfa9NM9utu2Pm/tH88r5sr7deWpS+6o0lloZnAcqLsi9NWdm0LIBVAJ5ABAAAAADAUyYo7H6pXmnLnOv/z/25zYMAjSLna3GURg7Qp4eUWq7EGJ3cpowM7Slz3x+9yjz1tcNTXRusJqn+UvEfkl5689q0jbtXhJqlxFfrVy94KmXllsRIH1WWnagOmR1gam/EBvX19TfvgFtCBAAAAACgb3l5SfXSGO2MkfcZLfxYafN1MkA1bnv7adksjQ/SyEE6V6TVmTr2pSQt/FjRsYpdpdg6ffqR9uSq+Ms+/RVoo95RVVjis/KdxEgfZ8uIyesP+ux+KXlfwJYptmqvsRGB7t/1Z89/OTKx4ea/15CJa0J5I2Bv6Xf16zoPXv6b69c9eHXgNvSDgQM9XQIAALiD/Xj8fE+XcFOPr1OiRZLO/FnHBmvhT5SSrGNfSn5KidVDI+Xt5dK7XmkZmhcr02X95RPt3C23+/0HR2txpEYP08UP9JuMPvkZt+Srk7s77FP6f/9r/K+C+6AY3IqTHxcH/fM/ebCAfje+6/IpRADAbYUIAAAA3IrbPQIAEcBd5E6MAPr3Rh0AAAAAAOB2w14AAAAAAADc8Z566qm2jW+//bbrV1YBAAAAAABwx2s123fbQgQAAAAAAMDdwHXO33b+LyIAAAAAAADuGg0zf7fzfxEBAAAAAABwN2lv/i8iAAAAAAAADIIIAAAAAAAAQyACAAAAAADAEIgAAAAAAAAwBCIAAAAA4O7xP/cP93QJuJlO/gMNNHnV1n7V28XgVtTWfmUymTxdRZfd4+kCAAAAAPQYxzOzB2bu7//FJU8XAje+/9lwR8zszvQc9Qvf8r99fv2/zvZ2Sei2gSYv/1/4erqKLvv/SpQI3quTqwgAAAAASUVORK5CYII="}"
[DEBUG] 2017-07-05 17:48:15,477 method:org.apache.http.impl.conn.LoggingManagedHttpClientConnection.close(LoggingManagedHttpClientConnection.java:79)
http-outgoing-89: Close connection
[DEBUG] 2017-07-05 17:48:15,477 method:org.apache.http.impl.execchain.ConnectionHolder.releaseConnection(ConnectionHolder.java:104)
Connection discarded
[DEBUG] 2017-07-05 17:48:15,477 method:org.apache.http.impl.conn.PoolingHttpClientConnectionManager.releaseConnection(PoolingHttpClientConnectionManager.java:326)
Connection released: [id: 89][route: {}->http://localhost:5726][total kept alive: 0; route allocated: 0 of 2000; total allocated: 0 of 2000]
[INFO ] 2017-07-05 17:48:15,495 method:util.TestMonitor.onTestFailure(TestMonitor.java:34)
Test run has failed
[ERROR] 2017-07-05 17:48:15,495 method:util.TestMonitor.onTestFailure(TestMonitor.java:35)
Expected condition failed: waiting for presence of element located by: By.xpath: //*[@id="wiseoper-content"]/div[3]/div/div[1]/span[3] (tried for 10 second(s) with 500 MILLISECONDS interval)
[ERROR] 2017-07-05 17:48:15,496 method:util.TestMonitor.onTestFailure(TestMonitor.java:40)
org.openqa.selenium.TimeoutException: Expected condition failed: waiting for presence of element located by: By.xpath: //*[@id="wiseoper-content"]/div[3]/div/div[1]/span[3] (tried for 10 second(s) with 500 MILLISECONDS interval)
	at org.openqa.selenium.support.ui.WebDriverWait.timeoutException(WebDriverWait.java:80)
	at org.openqa.selenium.support.ui.FluentWait.until(FluentWait.java:232)
	at util.OperateElement.waitForElement(OperateElement.java:99)
	at util.OperateElement.checkElement(OperateElement.java:43)
	at pageobjects.ApplyContinuePage.checkpoint(ApplyContinuePage.java:103)
	at test.ApplyContinueTest.testApplyContinue(ApplyContinueTest.java:32)
	at sun.reflect.NativeMethodAccessorImpl.invoke0(Native Method)
	at sun.reflect.NativeMethodAccessorImpl.invoke(NativeMethodAccessorImpl.java:62)
	at sun.reflect.DelegatingMethodAccessorImpl.invoke(DelegatingMethodAccessorImpl.java:43)
	at java.lang.reflect.Method.invoke(Method.java:498)
	at org.testng.internal.MethodInvocationHelper.invokeMethod(MethodInvocationHelper.java:108)
	at org.testng.internal.Invoker.invokeMethod(Invoker.java:661)
	at org.testng.internal.Invoker.invokeTestMethod(Invoker.java:869)
	at org.testng.internal.Invoker.invokeTestMethods(Invoker.java:1193)
	at org.testng.internal.TestMethodWorker.invokeTestMethods(TestMethodWorker.java:126)
	at org.testng.internal.TestMethodWorker.run(TestMethodWorker.java:109)
	at org.testng.TestRunner.privateRun(TestRunner.java:744)
	at org.testng.TestRunner.run(TestRunner.java:602)
	at org.testng.SuiteRunner.runTest(SuiteRunner.java:380)
	at org.testng.SuiteRunner.access$000(SuiteRunner.java:39)
	at org.testng.SuiteRunner$SuiteWorker.run(SuiteRunner.java:414)
	at org.testng.internal.thread.ThreadUtil$1.call(ThreadUtil.java:52)
	at java.util.concurrent.FutureTask.run(FutureTask.java:266)
	at java.util.concurrent.ThreadPoolExecutor.runWorker(ThreadPoolExecutor.java:1142)
	at java.util.concurrent.ThreadPoolExecutor$Worker.run(ThreadPoolExecutor.java:617)
	at java.lang.Thread.run(Thread.java:745)
Caused by: org.openqa.selenium.NoSuchElementException: Cannot locate an element using By.xpath: //*[@id="wiseoper-content"]/div[3]/div/div[1]/span[3]
For documentation on this error, please visit: http://seleniumhq.org/exceptions/no_such_element.html
Build info: version: '3.4.0', revision: 'unknown', time: 'unknown'
System info: host: '4CV65290DX', ip: '192.168.1.180', os.name: 'Windows 7', os.arch: 'amd64', os.version: '6.1', java.version: '1.8.0_111'
Driver info: driver.version: unknown
	at org.openqa.selenium.support.ui.ExpectedConditions.lambda$findElement$0(ExpectedConditions.java:883)
	at java.util.Optional.orElseThrow(Optional.java:290)
	at org.openqa.selenium.support.ui.ExpectedConditions.findElement(ExpectedConditions.java:882)
	at org.openqa.selenium.support.ui.ExpectedConditions.access$000(ExpectedConditions.java:44)
	at org.openqa.selenium.support.ui.ExpectedConditions$6.apply(ExpectedConditions.java:183)
	at org.openqa.selenium.support.ui.ExpectedConditions$6.apply(ExpectedConditions.java:180)
	at org.openqa.selenium.support.ui.FluentWait.until(FluentWait.java:209)
	... 24 more
]]></system-out>
    <system-err><![CDATA[Starting ChromeDriver 2.29.461591 (62ebf098771772160f391d75e589dc567915b233) on port 5726
Only local connections are allowed.
Jul 05, 2017 5:47:44 PM org.openqa.selenium.remote.ProtocolHandshake createSession
INFO: Detected dialect: OSS
]]></system-err>
  </testcase>
</testsuite>