<?xml version="1.0" encoding="UTF-8"?>
<testsuite xmlns:xsi="http://www.w3.org/2001/XMLSchema-instance" xsi:noNamespaceSchemaLocation="https://maven.apache.org/surefire/maven-surefire-plugin/xsd/surefire-test-report.xsd" name="TestSuite" time="34.96" tests="1" errors="0" skipped="0" failures="1">
  <properties>
    <property name="java.runtime.name" value="Java(TM) SE Runtime Environment"/>
    <property name="sun.boot.library.path" value="D:\app\Java\jdk1.8.0_111\jre\bin"/>
    <property name="java.vm.version" value="25.111-b14"/>
    <property name="java.vm.vendor" value="Oracle Corporation"/>
    <property name="maven.multiModuleProjectDirectory" value="D:\selenium_java"/>
    <property name="java.vendor.url" value="http://java.oracle.com/"/>
    <property name="path.separator" value=";"/>
    <property name="guice.disable.misplaced.annotation.check" value="true"/>
    <property name="java.vm.name" value="Java HotSpot(TM) 64-Bit Server VM"/>
    <property name="file.encoding.pkg" value="sun.io"/>
    <property name="user.script" value=""/>
    <property name="user.country" value="CN"/>
    <property name="sun.java.launcher" value="SUN_STANDARD"/>
    <property name="sun.os.patch.level" value="Service Pack 1"/>
    <property name="java.vm.specification.name" value="Java Virtual Machine Specification"/>
    <property name="user.dir" value="D:\selenium_java"/>
    <property name="java.runtime.version" value="1.8.0_111-b14"/>
    <property name="java.awt.graphicsenv" value="sun.awt.Win32GraphicsEnvironment"/>
    <property name="java.endorsed.dirs" value="D:\app\Java\jdk1.8.0_111\jre\lib\endorsed"/>
    <property name="os.arch" value="amd64"/>
    <property name="java.io.tmpdir" value="C:\Users\SWX458~1\AppData\Local\Temp\"/>
    <property name="line.separator" value="&#10;"/>
    <property name="java.vm.specification.vendor" value="Oracle Corporation"/>
    <property name="user.variant" value=""/>
    <property name="os.name" value="Windows 7"/>
    <property name="classworlds.conf" value="D:\app\apache-maven-3.5.0\bin\..\bin\m2.conf"/>
    <property name="sun.jnu.encoding" value="GBK"/>
    <property name="java.library.path" value="D:\app\Java\jdk1.8.0_111\bin;C:\Windows\Sun\Java\bin;C:\Windows\system32;C:\Windows;C:\ProgramData\Oracle\Java\javapath;C:\Windows\system32;C:\Windows;C:\Windows\System32\Wbem;C:\Windows\System32\WindowsPowerShell\v1.0\;C:\Program Files\OpenVPN\bin;D:\app\Java\jdk1.8.0_111\bin;D:\app\Python34;D:\app\Python34\Scripts;D:\app\PICT\;D:\app\TortoiseSVN\bin;D:\app\mysql-5.7.17-winx64\bin;D:\app\apache-maven-3.5.0\bin;C:\Program Files\Oracle\VirtualBox\;D:\app\apache-maven-3.5.0\bin;%ADB_HOME%;D:\app\nodejs\;D:\app\Java\jdk1.8.0_111\bin;D:\app\Java\jdk1.8.0_111\jre\bin;D:\app\android-sdk\platform-tools;D:\app\android-sdk\tools;C:\Program Files\Git\cmd;C:\ProgramData\Oracle\Java\javapath;C:\Windows\system32;C:\Windows;C:\Windows\System32\Wbem;C:\Windows\System32\WindowsPowerShell\v1.0\;C:\Program Files\OpenVPN\bin;D:\app\Java\jdk1.8.0_111\bin;D:\app\ApkToolkit\bin;D:\app\Python34;D:\app\Python34\Scripts;D:\app\PICT\;D:\app\TortoiseSVN\bin;D:\app\mysql-5.7.17-winx64\bin;C:\Program Files (x86)\Spoon\Cmd;C:\Users\swx458348\.babun;C:\Users\swx458348\AppData\Roaming\npm;C:\Program Files\Docker Toolbox;."/>
    <property name="maven.conf" value="D:\app\apache-maven-3.5.0\bin\../conf"/>
    <property name="java.specification.name" value="Java Platform API Specification"/>
    <property name="java.class.version" value="52.0"/>
    <property name="sun.management.compiler" value="HotSpot 64-Bit Tiered Compilers"/>
    <property name="os.version" value="6.1"/>
    <property name="library.jansi.path" value="D:\app\apache-maven-3.5.0\bin\..\lib\jansi-native\windows64"/>
    <property name="user.home" value="C:\Users\swx458348"/>
    <property name="user.timezone" value="Asia/Shanghai"/>
    <property name="java.awt.printerjob" value="sun.awt.windows.WPrinterJob"/>
    <property name="java.specification.version" value="1.8"/>
    <property name="file.encoding" value="GBK"/>
    <property name="user.name" value="sWX458348"/>
    <property name="java.class.path" value="D:\app\apache-maven-3.5.0\bin\..\boot\plexus-classworlds-2.5.2.jar"/>
    <property name="java.vm.specification.version" value="1.8"/>
    <property name="sun.arch.data.model" value="64"/>
    <property name="java.home" value="D:\app\Java\jdk1.8.0_111\jre"/>
    <property name="sun.java.command" value="org.codehaus.plexus.classworlds.launcher.Launcher test"/>
    <property name="java.specification.vendor" value="Oracle Corporation"/>
    <property name="user.language" value="zh"/>
    <property name="awt.toolkit" value="sun.awt.windows.WToolkit"/>
    <property name="java.vm.info" value="mixed mode"/>
    <property name="java.version" value="1.8.0_111"/>
    <property name="java.ext.dirs" value="D:\app\Java\jdk1.8.0_111\jre\lib\ext;C:\Windows\Sun\Java\lib\ext"/>
    <property name="sun.boot.class.path" value="D:\app\Java\jdk1.8.0_111\jre\lib\resources.jar;D:\app\Java\jdk1.8.0_111\jre\lib\rt.jar;D:\app\Java\jdk1.8.0_111\jre\lib\sunrsasign.jar;D:\app\Java\jdk1.8.0_111\jre\lib\jsse.jar;D:\app\Java\jdk1.8.0_111\jre\lib\jce.jar;D:\app\Java\jdk1.8.0_111\jre\lib\charsets.jar;D:\app\Java\jdk1.8.0_111\jre\lib\jfr.jar;D:\app\Java\jdk1.8.0_111\jre\classes"/>
    <property name="sun.stderr.encoding" value="ms936"/>
    <property name="java.vendor" value="Oracle Corporation"/>
    <property name="maven.home" value="D:\app\apache-maven-3.5.0\bin\.."/>
    <property name="file.separator" value="\"/>
    <property name="java.vendor.url.bug" value="http://bugreport.sun.com/bugreport/"/>
    <property name="sun.cpu.endian" value="little"/>
    <property name="sun.io.unicode.encoding" value="UnicodeLittle"/>
    <property name="sun.stdout.encoding" value="ms936"/>
    <property name="sun.desktop" value="windows"/>
    <property name="sun.cpu.isalist" value="amd64"/>
  </properties>
  <testcase name="testApplyContinue" classname="test.ApplyContinueTest" time="27.985">
    <failure message="Expected condition failed: waiting for presence of element located by: By.xpath: //*[@id=&quot;wiseoper-content&quot;]/div[3]/div/div[1]/span[3] (tried for 10 second(s) with 500 MILLISECONDS interval)" type="org.openqa.selenium.TimeoutException">org.openqa.selenium.TimeoutException: Expected condition failed: waiting for presence of element located by: By.xpath: //*[@id="wiseoper-content"]/div[3]/div/div[1]/span[3] (tried for 10 second(s) with 500 MILLISECONDS interval)
	at test.ApplyContinueTest.testApplyContinue(ApplyContinueTest.java:32)
Caused by: org.openqa.selenium.NoSuchElementException: 
Cannot locate an element using By.xpath: //*[@id="wiseoper-content"]/div[3]/div/div[1]/span[3]
For documentation on this error, please visit: http://seleniumhq.org/exceptions/no_such_element.html
Build info: version: '3.4.0', revision: 'unknown', time: 'unknown'
System info: host: '4CV65290DX', ip: '192.168.1.180', os.name: 'Windows 7', os.arch: 'amd64', os.version: '6.1', java.version: '1.8.0_111'
Driver info: driver.version: unknown
	at test.ApplyContinueTest.testApplyContinue(ApplyContinueTest.java:32)
</failure>
    <system-out><![CDATA[[INFO ] 2017-07-05 17:07:09,609 method:util.TestMonitor.onStart(TestMonitor.java:24)
Test 账号延期 Starts
[DEBUG] 2017-07-05 17:07:10,583 method:org.apache.http.client.protocol.RequestAddCookies.process(RequestAddCookies.java:123)
CookieSpec selected: default
[DEBUG] 2017-07-05 17:07:10,590 method:org.apache.http.client.protocol.RequestAuthCache.process(RequestAuthCache.java:77)
Auth cache not set in the context
[DEBUG] 2017-07-05 17:07:10,592 method:org.apache.http.impl.conn.PoolingHttpClientConnectionManager.requestConnection(PoolingHttpClientConnectionManager.java:255)
Connection request: [route: {}->http://localhost:23176][total kept alive: 0; route allocated: 0 of 2000; total allocated: 0 of 2000]
[DEBUG] 2017-07-05 17:07:10,602 method:org.apache.http.impl.conn.PoolingHttpClientConnectionManager.leaseConnection(PoolingHttpClientConnectionManager.java:288)
Connection leased: [id: 0][route: {}->http://localhost:23176][total kept alive: 0; route allocated: 1 of 2000; total allocated: 1 of 2000]
[DEBUG] 2017-07-05 17:07:10,604 method:org.apache.http.impl.execchain.MainClientExec.execute(MainClientExec.java:235)
Opening connection {}->http://localhost:23176
[DEBUG] 2017-07-05 17:07:10,606 method:org.apache.http.impl.conn.DefaultHttpClientConnectionOperator.connect(DefaultHttpClientConnectionOperator.java:139)
Connecting to localhost/127.0.0.1:23176
[DEBUG] 2017-07-05 17:07:10,609 method:org.apache.http.impl.conn.DefaultHttpClientConnectionOperator.connect(DefaultHttpClientConnectionOperator.java:146)
Connection established 127.0.0.1:59655<->127.0.0.1:23176
[DEBUG] 2017-07-05 17:07:10,609 method:org.apache.http.impl.conn.LoggingManagedHttpClientConnection.setSocketTimeout(LoggingManagedHttpClientConnection.java:88)
http-outgoing-0: set socket timeout to 10800000
[DEBUG] 2017-07-05 17:07:10,610 method:org.apache.http.impl.execchain.MainClientExec.execute(MainClientExec.java:256)
Executing request POST /session HTTP/1.1
[DEBUG] 2017-07-05 17:07:10,610 method:org.apache.http.impl.execchain.MainClientExec.execute(MainClientExec.java:261)
Target auth state: UNCHALLENGED
[DEBUG] 2017-07-05 17:07:10,611 method:org.apache.http.impl.execchain.MainClientExec.execute(MainClientExec.java:267)
Proxy auth state: UNCHALLENGED
[DEBUG] 2017-07-05 17:07:10,614 method:org.apache.http.impl.conn.LoggingManagedHttpClientConnection.onRequestSubmitted(LoggingManagedHttpClientConnection.java:133)
http-outgoing-0 >> POST /session HTTP/1.1
[DEBUG] 2017-07-05 17:07:10,615 method:org.apache.http.impl.conn.LoggingManagedHttpClientConnection.onRequestSubmitted(LoggingManagedHttpClientConnection.java:136)
http-outgoing-0 >> Content-Type: application/json; charset=utf-8
[DEBUG] 2017-07-05 17:07:10,616 method:org.apache.http.impl.conn.LoggingManagedHttpClientConnection.onRequestSubmitted(LoggingManagedHttpClientConnection.java:136)
http-outgoing-0 >> Content-Length: 550
[DEBUG] 2017-07-05 17:07:10,616 method:org.apache.http.impl.conn.LoggingManagedHttpClientConnection.onRequestSubmitted(LoggingManagedHttpClientConnection.java:136)
http-outgoing-0 >> Host: localhost:23176
[DEBUG] 2017-07-05 17:07:10,618 method:org.apache.http.impl.conn.LoggingManagedHttpClientConnection.onRequestSubmitted(LoggingManagedHttpClientConnection.java:136)
http-outgoing-0 >> Connection: Keep-Alive
[DEBUG] 2017-07-05 17:07:10,618 method:org.apache.http.impl.conn.LoggingManagedHttpClientConnection.onRequestSubmitted(LoggingManagedHttpClientConnection.java:136)
http-outgoing-0 >> User-Agent: Apache-HttpClient/4.5.3 (Java/1.8.0_111)
[DEBUG] 2017-07-05 17:07:10,618 method:org.apache.http.impl.conn.LoggingManagedHttpClientConnection.onRequestSubmitted(LoggingManagedHttpClientConnection.java:136)
http-outgoing-0 >> Accept-Encoding: gzip,deflate
[DEBUG] 2017-07-05 17:07:10,619 method:org.apache.http.impl.conn.Wire.wire(Wire.java:73)
http-outgoing-0 >> "POST /session HTTP/1.1[\r][\n]"
[DEBUG] 2017-07-05 17:07:10,619 method:org.apache.http.impl.conn.Wire.wire(Wire.java:73)
http-outgoing-0 >> "Content-Type: application/json; charset=utf-8[\r][\n]"
[DEBUG] 2017-07-05 17:07:10,619 method:org.apache.http.impl.conn.Wire.wire(Wire.java:73)
http-outgoing-0 >> "Content-Length: 550[\r][\n]"
[DEBUG] 2017-07-05 17:07:10,619 method:org.apache.http.impl.conn.Wire.wire(Wire.java:73)
http-outgoing-0 >> "Host: localhost:23176[\r][\n]"
[DEBUG] 2017-07-05 17:07:10,619 method:org.apache.http.impl.conn.Wire.wire(Wire.java:73)
http-outgoing-0 >> "Connection: Keep-Alive[\r][\n]"
[DEBUG] 2017-07-05 17:07:10,619 method:org.apache.http.impl.conn.Wire.wire(Wire.java:73)
http-outgoing-0 >> "User-Agent: Apache-HttpClient/4.5.3 (Java/1.8.0_111)[\r][\n]"
[DEBUG] 2017-07-05 17:07:10,620 method:org.apache.http.impl.conn.Wire.wire(Wire.java:73)
http-outgoing-0 >> "Accept-Encoding: gzip,deflate[\r][\n]"
[DEBUG] 2017-07-05 17:07:10,621 method:org.apache.http.impl.conn.Wire.wire(Wire.java:73)
http-outgoing-0 >> "[\r][\n]"
[DEBUG] 2017-07-05 17:07:10,621 method:org.apache.http.impl.conn.Wire.wire(Wire.java:73)
http-outgoing-0 >> "{[\n]"
[DEBUG] 2017-07-05 17:07:10,622 method:org.apache.http.impl.conn.Wire.wire(Wire.java:73)
http-outgoing-0 >> "  "desiredCapabilities": {[\n]"
[DEBUG] 2017-07-05 17:07:10,622 method:org.apache.http.impl.conn.Wire.wire(Wire.java:73)
http-outgoing-0 >> "    "browserName": "chrome",[\n]"
[DEBUG] 2017-07-05 17:07:10,623 method:org.apache.http.impl.conn.Wire.wire(Wire.java:73)
http-outgoing-0 >> "    "chromeOptions": {[\n]"
[DEBUG] 2017-07-05 17:07:10,623 method:org.apache.http.impl.conn.Wire.wire(Wire.java:73)
http-outgoing-0 >> "      "args": [],[\n]"
[DEBUG] 2017-07-05 17:07:10,624 method:org.apache.http.impl.conn.Wire.wire(Wire.java:73)
http-outgoing-0 >> "      "extensions": [][\n]"
[DEBUG] 2017-07-05 17:07:10,625 method:org.apache.http.impl.conn.Wire.wire(Wire.java:73)
http-outgoing-0 >> "    },[\n]"
[DEBUG] 2017-07-05 17:07:10,625 method:org.apache.http.impl.conn.Wire.wire(Wire.java:73)
http-outgoing-0 >> "    "version": "",[\n]"
[DEBUG] 2017-07-05 17:07:10,625 method:org.apache.http.impl.conn.Wire.wire(Wire.java:73)
http-outgoing-0 >> "    "platform": "ANY"[\n]"
[DEBUG] 2017-07-05 17:07:10,626 method:org.apache.http.impl.conn.Wire.wire(Wire.java:73)
http-outgoing-0 >> "  },[\n]"
[DEBUG] 2017-07-05 17:07:10,627 method:org.apache.http.impl.conn.Wire.wire(Wire.java:73)
http-outgoing-0 >> "  "requiredCapabilities": {},[\n]"
[DEBUG] 2017-07-05 17:07:10,627 method:org.apache.http.impl.conn.Wire.wire(Wire.java:73)
http-outgoing-0 >> "  "capabilities": {[\n]"
[DEBUG] 2017-07-05 17:07:10,628 method:org.apache.http.impl.conn.Wire.wire(Wire.java:73)
http-outgoing-0 >> "    "desiredCapabilities": {[\n]"
[DEBUG] 2017-07-05 17:07:10,628 method:org.apache.http.impl.conn.Wire.wire(Wire.java:73)
http-outgoing-0 >> "      "browserName": "chrome",[\n]"
[DEBUG] 2017-07-05 17:07:10,628 method:org.apache.http.impl.conn.Wire.wire(Wire.java:73)
http-outgoing-0 >> "      "chromeOptions": {[\n]"
[DEBUG] 2017-07-05 17:07:10,629 method:org.apache.http.impl.conn.Wire.wire(Wire.java:73)
http-outgoing-0 >> "        "args": [],[\n]"
[DEBUG] 2017-07-05 17:07:10,630 method:org.apache.http.impl.conn.Wire.wire(Wire.java:73)
http-outgoing-0 >> "        "extensions": [][\n]"
[DEBUG] 2017-07-05 17:07:10,631 method:org.apache.http.impl.conn.Wire.wire(Wire.java:73)
http-outgoing-0 >> "      },[\n]"
[DEBUG] 2017-07-05 17:07:10,631 method:org.apache.http.impl.conn.Wire.wire(Wire.java:73)
http-outgoing-0 >> "      "version": "",[\n]"
[DEBUG] 2017-07-05 17:07:10,631 method:org.apache.http.impl.conn.Wire.wire(Wire.java:73)
http-outgoing-0 >> "      "platform": "ANY"[\n]"
[DEBUG] 2017-07-05 17:07:10,631 method:org.apache.http.impl.conn.Wire.wire(Wire.java:73)
http-outgoing-0 >> "    },[\n]"
[DEBUG] 2017-07-05 17:07:10,631 method:org.apache.http.impl.conn.Wire.wire(Wire.java:73)
http-outgoing-0 >> "    "requiredCapabilities": {},[\n]"
[DEBUG] 2017-07-05 17:07:10,631 method:org.apache.http.impl.conn.Wire.wire(Wire.java:73)
http-outgoing-0 >> "    "alwaysMatch": {},[\n]"
[DEBUG] 2017-07-05 17:07:10,632 method:org.apache.http.impl.conn.Wire.wire(Wire.java:73)
http-outgoing-0 >> "    "firstMatch": [[\n]"
[DEBUG] 2017-07-05 17:07:10,632 method:org.apache.http.impl.conn.Wire.wire(Wire.java:73)
http-outgoing-0 >> "      {[\n]"
[DEBUG] 2017-07-05 17:07:10,632 method:org.apache.http.impl.conn.Wire.wire(Wire.java:73)
http-outgoing-0 >> "        "browserName": "chrome"[\n]"
[DEBUG] 2017-07-05 17:07:10,632 method:org.apache.http.impl.conn.Wire.wire(Wire.java:73)
http-outgoing-0 >> "      }[\n]"
[DEBUG] 2017-07-05 17:07:10,632 method:org.apache.http.impl.conn.Wire.wire(Wire.java:73)
http-outgoing-0 >> "    ][\n]"
[DEBUG] 2017-07-05 17:07:10,632 method:org.apache.http.impl.conn.Wire.wire(Wire.java:73)
http-outgoing-0 >> "  }[\n]"
[DEBUG] 2017-07-05 17:07:10,633 method:org.apache.http.impl.conn.Wire.wire(Wire.java:87)
http-outgoing-0 >> "}"
[DEBUG] 2017-07-05 17:07:11,371 method:org.apache.http.impl.conn.Wire.wire(Wire.java:73)
http-outgoing-0 << "HTTP/1.1 200 OK[\r][\n]"
[DEBUG] 2017-07-05 17:07:11,371 method:org.apache.http.impl.conn.Wire.wire(Wire.java:73)
http-outgoing-0 << "Content-Length:781[\r][\n]"
[DEBUG] 2017-07-05 17:07:11,371 method:org.apache.http.impl.conn.Wire.wire(Wire.java:73)
http-outgoing-0 << "Content-Type:application/json; charset=utf-8[\r][\n]"
[DEBUG] 2017-07-05 17:07:11,372 method:org.apache.http.impl.conn.Wire.wire(Wire.java:73)
http-outgoing-0 << "Connection:close[\r][\n]"
[DEBUG] 2017-07-05 17:07:11,372 method:org.apache.http.impl.conn.Wire.wire(Wire.java:73)
http-outgoing-0 << "[\r][\n]"
[DEBUG] 2017-07-05 17:07:11,372 method:org.apache.http.impl.conn.Wire.wire(Wire.java:87)
http-outgoing-0 << "{"sessionId":"408d3c17918aedf77d102f992aa918b8","status":0,"value":{"acceptSslCerts":true,"applicationCacheEnabled":false,"browserConnectionEnabled":false,"browserName":"chrome","chrome":{"chromedriverVersion":"2.29.461591 (62ebf098771772160f391d75e589dc567915b233)","userDataDir":"C:\\Users\\SWX458~1\\AppData\\Local\\Temp\\scoped_dir14024_8515"},"cssSelectorsEnabled":true,"databaseEnabled":false,"handlesAlerts":true,"hasTouchScreen":false,"javascriptEnabled":true,"locationContextEnabled":true,"mobileEmulationEnabled":false,"nativeEvents":true,"networkConnectionEnabled":false,"pageLoadStrategy":"normal","platform":"Windows NT","rotatable":false,"takesHeapSnapshot":true,"takesScreenshot":true,"unexpectedAlertBehaviour":"","version":"57.0.2987.98","webStorageEnabled":true}}"
[DEBUG] 2017-07-05 17:07:11,378 method:org.apache.http.impl.conn.LoggingManagedHttpClientConnection.onResponseReceived(LoggingManagedHttpClientConnection.java:122)
http-outgoing-0 << HTTP/1.1 200 OK
[DEBUG] 2017-07-05 17:07:11,379 method:org.apache.http.impl.conn.LoggingManagedHttpClientConnection.onResponseReceived(LoggingManagedHttpClientConnection.java:125)
http-outgoing-0 << Content-Length:781
[DEBUG] 2017-07-05 17:07:11,381 method:org.apache.http.impl.conn.LoggingManagedHttpClientConnection.onResponseReceived(LoggingManagedHttpClientConnection.java:125)
http-outgoing-0 << Content-Type:application/json; charset=utf-8
[DEBUG] 2017-07-05 17:07:11,381 method:org.apache.http.impl.conn.LoggingManagedHttpClientConnection.onResponseReceived(LoggingManagedHttpClientConnection.java:125)
http-outgoing-0 << Connection:close
[DEBUG] 2017-07-05 17:07:11,390 method:org.apache.http.impl.conn.LoggingManagedHttpClientConnection.close(LoggingManagedHttpClientConnection.java:79)
http-outgoing-0: Close connection
[DEBUG] 2017-07-05 17:07:11,391 method:org.apache.http.impl.execchain.ConnectionHolder.releaseConnection(ConnectionHolder.java:104)
Connection discarded
[DEBUG] 2017-07-05 17:07:11,392 method:org.apache.http.impl.conn.PoolingHttpClientConnectionManager.releaseConnection(PoolingHttpClientConnectionManager.java:326)
Connection released: [id: 0][route: {}->http://localhost:23176][total kept alive: 0; route allocated: 0 of 2000; total allocated: 0 of 2000]
[DEBUG] 2017-07-05 17:07:11,438 method:org.apache.http.client.protocol.RequestAddCookies.process(RequestAddCookies.java:123)
CookieSpec selected: default
[DEBUG] 2017-07-05 17:07:11,438 method:org.apache.http.client.protocol.RequestAuthCache.process(RequestAuthCache.java:77)
Auth cache not set in the context
[DEBUG] 2017-07-05 17:07:11,439 method:org.apache.http.impl.conn.PoolingHttpClientConnectionManager.requestConnection(PoolingHttpClientConnectionManager.java:255)
Connection request: [route: {}->http://localhost:23176][total kept alive: 0; route allocated: 0 of 2000; total allocated: 0 of 2000]
[DEBUG] 2017-07-05 17:07:11,439 method:org.apache.http.impl.conn.PoolingHttpClientConnectionManager.leaseConnection(PoolingHttpClientConnectionManager.java:288)
Connection leased: [id: 1][route: {}->http://localhost:23176][total kept alive: 0; route allocated: 1 of 2000; total allocated: 1 of 2000]
[DEBUG] 2017-07-05 17:07:11,439 method:org.apache.http.impl.execchain.MainClientExec.execute(MainClientExec.java:235)
Opening connection {}->http://localhost:23176
[DEBUG] 2017-07-05 17:07:11,439 method:org.apache.http.impl.conn.DefaultHttpClientConnectionOperator.connect(DefaultHttpClientConnectionOperator.java:139)
Connecting to localhost/127.0.0.1:23176
[DEBUG] 2017-07-05 17:07:11,440 method:org.apache.http.impl.conn.DefaultHttpClientConnectionOperator.connect(DefaultHttpClientConnectionOperator.java:146)
Connection established 127.0.0.1:59663<->127.0.0.1:23176
[DEBUG] 2017-07-05 17:07:11,440 method:org.apache.http.impl.conn.LoggingManagedHttpClientConnection.setSocketTimeout(LoggingManagedHttpClientConnection.java:88)
http-outgoing-1: set socket timeout to 10800000
[DEBUG] 2017-07-05 17:07:11,441 method:org.apache.http.impl.execchain.MainClientExec.execute(MainClientExec.java:256)
Executing request POST /session/408d3c17918aedf77d102f992aa918b8/window/current/maximize HTTP/1.1
[DEBUG] 2017-07-05 17:07:11,441 method:org.apache.http.impl.execchain.MainClientExec.execute(MainClientExec.java:261)
Target auth state: UNCHALLENGED
[DEBUG] 2017-07-05 17:07:11,441 method:org.apache.http.impl.execchain.MainClientExec.execute(MainClientExec.java:267)
Proxy auth state: UNCHALLENGED
[DEBUG] 2017-07-05 17:07:11,442 method:org.apache.http.impl.conn.LoggingManagedHttpClientConnection.onRequestSubmitted(LoggingManagedHttpClientConnection.java:133)
http-outgoing-1 >> POST /session/408d3c17918aedf77d102f992aa918b8/window/current/maximize HTTP/1.1
[DEBUG] 2017-07-05 17:07:11,442 method:org.apache.http.impl.conn.LoggingManagedHttpClientConnection.onRequestSubmitted(LoggingManagedHttpClientConnection.java:136)
http-outgoing-1 >> Content-Type: application/json; charset=utf-8
[DEBUG] 2017-07-05 17:07:11,442 method:org.apache.http.impl.conn.LoggingManagedHttpClientConnection.onRequestSubmitted(LoggingManagedHttpClientConnection.java:136)
http-outgoing-1 >> Content-Length: 45
[DEBUG] 2017-07-05 17:07:11,442 method:org.apache.http.impl.conn.LoggingManagedHttpClientConnection.onRequestSubmitted(LoggingManagedHttpClientConnection.java:136)
http-outgoing-1 >> Host: localhost:23176
[DEBUG] 2017-07-05 17:07:11,442 method:org.apache.http.impl.conn.LoggingManagedHttpClientConnection.onRequestSubmitted(LoggingManagedHttpClientConnection.java:136)
http-outgoing-1 >> Connection: Keep-Alive
[DEBUG] 2017-07-05 17:07:11,443 method:org.apache.http.impl.conn.LoggingManagedHttpClientConnection.onRequestSubmitted(LoggingManagedHttpClientConnection.java:136)
http-outgoing-1 >> User-Agent: Apache-HttpClient/4.5.3 (Java/1.8.0_111)
[DEBUG] 2017-07-05 17:07:11,443 method:org.apache.http.impl.conn.LoggingManagedHttpClientConnection.onRequestSubmitted(LoggingManagedHttpClientConnection.java:136)
http-outgoing-1 >> Accept-Encoding: gzip,deflate
[DEBUG] 2017-07-05 17:07:11,445 method:org.apache.http.impl.conn.Wire.wire(Wire.java:73)
http-outgoing-1 >> "POST /session/408d3c17918aedf77d102f992aa918b8/window/current/maximize HTTP/1.1[\r][\n]"
[DEBUG] 2017-07-05 17:07:11,446 method:org.apache.http.impl.conn.Wire.wire(Wire.java:73)
http-outgoing-1 >> "Content-Type: application/json; charset=utf-8[\r][\n]"
[DEBUG] 2017-07-05 17:07:11,448 method:org.apache.http.impl.conn.Wire.wire(Wire.java:73)
http-outgoing-1 >> "Content-Length: 45[\r][\n]"
[DEBUG] 2017-07-05 17:07:11,449 method:org.apache.http.impl.conn.Wire.wire(Wire.java:73)
http-outgoing-1 >> "Host: localhost:23176[\r][\n]"
[DEBUG] 2017-07-05 17:07:11,449 method:org.apache.http.impl.conn.Wire.wire(Wire.java:73)
http-outgoing-1 >> "Connection: Keep-Alive[\r][\n]"
[DEBUG] 2017-07-05 17:07:11,449 method:org.apache.http.impl.conn.Wire.wire(Wire.java:73)
http-outgoing-1 >> "User-Agent: Apache-HttpClient/4.5.3 (Java/1.8.0_111)[\r][\n]"
[DEBUG] 2017-07-05 17:07:11,449 method:org.apache.http.impl.conn.Wire.wire(Wire.java:73)
http-outgoing-1 >> "Accept-Encoding: gzip,deflate[\r][\n]"
[DEBUG] 2017-07-05 17:07:11,449 method:org.apache.http.impl.conn.Wire.wire(Wire.java:73)
http-outgoing-1 >> "[\r][\n]"
[DEBUG] 2017-07-05 17:07:11,449 method:org.apache.http.impl.conn.Wire.wire(Wire.java:87)
http-outgoing-1 >> "{"windowHandle":"current","handle":"current"}"
[DEBUG] 2017-07-05 17:07:11,607 method:org.apache.http.impl.conn.Wire.wire(Wire.java:73)
http-outgoing-1 << "HTTP/1.1 200 OK[\r][\n]"
[DEBUG] 2017-07-05 17:07:11,608 method:org.apache.http.impl.conn.Wire.wire(Wire.java:73)
http-outgoing-1 << "Content-Length:72[\r][\n]"
[DEBUG] 2017-07-05 17:07:11,609 method:org.apache.http.impl.conn.Wire.wire(Wire.java:73)
http-outgoing-1 << "Content-Type:application/json; charset=utf-8[\r][\n]"
[DEBUG] 2017-07-05 17:07:11,609 method:org.apache.http.impl.conn.Wire.wire(Wire.java:73)
http-outgoing-1 << "Connection:close[\r][\n]"
[DEBUG] 2017-07-05 17:07:11,610 method:org.apache.http.impl.conn.Wire.wire(Wire.java:73)
http-outgoing-1 << "[\r][\n]"
[DEBUG] 2017-07-05 17:07:11,610 method:org.apache.http.impl.conn.Wire.wire(Wire.java:87)
http-outgoing-1 << "{"sessionId":"408d3c17918aedf77d102f992aa918b8","status":0,"value":null}"
[DEBUG] 2017-07-05 17:07:11,611 method:org.apache.http.impl.conn.LoggingManagedHttpClientConnection.onResponseReceived(LoggingManagedHttpClientConnection.java:122)
http-outgoing-1 << HTTP/1.1 200 OK
[DEBUG] 2017-07-05 17:07:11,612 method:org.apache.http.impl.conn.LoggingManagedHttpClientConnection.onResponseReceived(LoggingManagedHttpClientConnection.java:125)
http-outgoing-1 << Content-Length:72
[DEBUG] 2017-07-05 17:07:11,613 method:org.apache.http.impl.conn.LoggingManagedHttpClientConnection.onResponseReceived(LoggingManagedHttpClientConnection.java:125)
http-outgoing-1 << Content-Type:application/json; charset=utf-8
[DEBUG] 2017-07-05 17:07:11,613 method:org.apache.http.impl.conn.LoggingManagedHttpClientConnection.onResponseReceived(LoggingManagedHttpClientConnection.java:125)
http-outgoing-1 << Connection:close
[DEBUG] 2017-07-05 17:07:11,614 method:org.apache.http.impl.conn.LoggingManagedHttpClientConnection.close(LoggingManagedHttpClientConnection.java:79)
http-outgoing-1: Close connection
[DEBUG] 2017-07-05 17:07:11,615 method:org.apache.http.impl.execchain.ConnectionHolder.releaseConnection(ConnectionHolder.java:104)
Connection discarded
[DEBUG] 2017-07-05 17:07:11,615 method:org.apache.http.impl.conn.PoolingHttpClientConnectionManager.releaseConnection(PoolingHttpClientConnectionManager.java:326)
Connection released: [id: 1][route: {}->http://localhost:23176][total kept alive: 0; route allocated: 0 of 2000; total allocated: 0 of 2000]
[DEBUG] 2017-07-05 17:07:11,623 method:org.apache.http.client.protocol.RequestAddCookies.process(RequestAddCookies.java:123)
CookieSpec selected: default
[DEBUG] 2017-07-05 17:07:11,624 method:org.apache.http.client.protocol.RequestAuthCache.process(RequestAuthCache.java:77)
Auth cache not set in the context
[DEBUG] 2017-07-05 17:07:11,625 method:org.apache.http.impl.conn.PoolingHttpClientConnectionManager.requestConnection(PoolingHttpClientConnectionManager.java:255)
Connection request: [route: {}->http://localhost:23176][total kept alive: 0; route allocated: 0 of 2000; total allocated: 0 of 2000]
[DEBUG] 2017-07-05 17:07:11,626 method:org.apache.http.impl.conn.PoolingHttpClientConnectionManager.leaseConnection(PoolingHttpClientConnectionManager.java:288)
Connection leased: [id: 2][route: {}->http://localhost:23176][total kept alive: 0; route allocated: 1 of 2000; total allocated: 1 of 2000]
[DEBUG] 2017-07-05 17:07:11,627 method:org.apache.http.impl.execchain.MainClientExec.execute(MainClientExec.java:235)
Opening connection {}->http://localhost:23176
[DEBUG] 2017-07-05 17:07:11,628 method:org.apache.http.impl.conn.DefaultHttpClientConnectionOperator.connect(DefaultHttpClientConnectionOperator.java:139)
Connecting to localhost/127.0.0.1:23176
[DEBUG] 2017-07-05 17:07:11,630 method:org.apache.http.impl.conn.DefaultHttpClientConnectionOperator.connect(DefaultHttpClientConnectionOperator.java:146)
Connection established 127.0.0.1:59665<->127.0.0.1:23176
[DEBUG] 2017-07-05 17:07:11,630 method:org.apache.http.impl.conn.LoggingManagedHttpClientConnection.setSocketTimeout(LoggingManagedHttpClientConnection.java:88)
http-outgoing-2: set socket timeout to 10800000
[DEBUG] 2017-07-05 17:07:11,631 method:org.apache.http.impl.execchain.MainClientExec.execute(MainClientExec.java:256)
Executing request POST /session/408d3c17918aedf77d102f992aa918b8/url HTTP/1.1
[DEBUG] 2017-07-05 17:07:11,632 method:org.apache.http.impl.execchain.MainClientExec.execute(MainClientExec.java:261)
Target auth state: UNCHALLENGED
[DEBUG] 2017-07-05 17:07:11,635 method:org.apache.http.impl.execchain.MainClientExec.execute(MainClientExec.java:267)
Proxy auth state: UNCHALLENGED
[DEBUG] 2017-07-05 17:07:11,636 method:org.apache.http.impl.conn.LoggingManagedHttpClientConnection.onRequestSubmitted(LoggingManagedHttpClientConnection.java:133)
http-outgoing-2 >> POST /session/408d3c17918aedf77d102f992aa918b8/url HTTP/1.1
[DEBUG] 2017-07-05 17:07:11,636 method:org.apache.http.impl.conn.LoggingManagedHttpClientConnection.onRequestSubmitted(LoggingManagedHttpClientConnection.java:136)
http-outgoing-2 >> Content-Type: application/json; charset=utf-8
[DEBUG] 2017-07-05 17:07:11,637 method:org.apache.http.impl.conn.LoggingManagedHttpClientConnection.onRequestSubmitted(LoggingManagedHttpClientConnection.java:136)
http-outgoing-2 >> Content-Length: 62
[DEBUG] 2017-07-05 17:07:11,637 method:org.apache.http.impl.conn.LoggingManagedHttpClientConnection.onRequestSubmitted(LoggingManagedHttpClientConnection.java:136)
http-outgoing-2 >> Host: localhost:23176
[DEBUG] 2017-07-05 17:07:11,638 method:org.apache.http.impl.conn.LoggingManagedHttpClientConnection.onRequestSubmitted(LoggingManagedHttpClientConnection.java:136)
http-outgoing-2 >> Connection: Keep-Alive
[DEBUG] 2017-07-05 17:07:11,638 method:org.apache.http.impl.conn.LoggingManagedHttpClientConnection.onRequestSubmitted(LoggingManagedHttpClientConnection.java:136)
http-outgoing-2 >> User-Agent: Apache-HttpClient/4.5.3 (Java/1.8.0_111)
[DEBUG] 2017-07-05 17:07:11,638 method:org.apache.http.impl.conn.LoggingManagedHttpClientConnection.onRequestSubmitted(LoggingManagedHttpClientConnection.java:136)
http-outgoing-2 >> Accept-Encoding: gzip,deflate
[DEBUG] 2017-07-05 17:07:11,639 method:org.apache.http.impl.conn.Wire.wire(Wire.java:73)
http-outgoing-2 >> "POST /session/408d3c17918aedf77d102f992aa918b8/url HTTP/1.1[\r][\n]"
[DEBUG] 2017-07-05 17:07:11,639 method:org.apache.http.impl.conn.Wire.wire(Wire.java:73)
http-outgoing-2 >> "Content-Type: application/json; charset=utf-8[\r][\n]"
[DEBUG] 2017-07-05 17:07:11,639 method:org.apache.http.impl.conn.Wire.wire(Wire.java:73)
http-outgoing-2 >> "Content-Length: 62[\r][\n]"
[DEBUG] 2017-07-05 17:07:11,639 method:org.apache.http.impl.conn.Wire.wire(Wire.java:73)
http-outgoing-2 >> "Host: localhost:23176[\r][\n]"
[DEBUG] 2017-07-05 17:07:11,639 method:org.apache.http.impl.conn.Wire.wire(Wire.java:73)
http-outgoing-2 >> "Connection: Keep-Alive[\r][\n]"
[DEBUG] 2017-07-05 17:07:11,640 method:org.apache.http.impl.conn.Wire.wire(Wire.java:73)
http-outgoing-2 >> "User-Agent: Apache-HttpClient/4.5.3 (Java/1.8.0_111)[\r][\n]"
[DEBUG] 2017-07-05 17:07:11,640 method:org.apache.http.impl.conn.Wire.wire(Wire.java:73)
http-outgoing-2 >> "Accept-Encoding: gzip,deflate[\r][\n]"
[DEBUG] 2017-07-05 17:07:11,640 method:org.apache.http.impl.conn.Wire.wire(Wire.java:73)
http-outgoing-2 >> "[\r][\n]"
[DEBUG] 2017-07-05 17:07:11,640 method:org.apache.http.impl.conn.Wire.wire(Wire.java:87)
http-outgoing-2 >> "{"url":"https://lfwiseopertest02.hwcloudtest.cn:8443/#/login"}"
[DEBUG] 2017-07-05 17:07:14,679 method:org.apache.http.impl.conn.Wire.wire(Wire.java:73)
http-outgoing-2 << "HTTP/1.1 200 OK[\r][\n]"
[DEBUG] 2017-07-05 17:07:14,679 method:org.apache.http.impl.conn.Wire.wire(Wire.java:73)
http-outgoing-2 << "Content-Length:72[\r][\n]"
[DEBUG] 2017-07-05 17:07:14,680 method:org.apache.http.impl.conn.Wire.wire(Wire.java:73)
http-outgoing-2 << "Content-Type:application/json; charset=utf-8[\r][\n]"
[DEBUG] 2017-07-05 17:07:14,680 method:org.apache.http.impl.conn.Wire.wire(Wire.java:73)
http-outgoing-2 << "Connection:close[\r][\n]"
[DEBUG] 2017-07-05 17:07:14,680 method:org.apache.http.impl.conn.Wire.wire(Wire.java:73)
http-outgoing-2 << "[\r][\n]"
[DEBUG] 2017-07-05 17:07:14,680 method:org.apache.http.impl.conn.Wire.wire(Wire.java:87)
http-outgoing-2 << "{"sessionId":"408d3c17918aedf77d102f992aa918b8","status":0,"value":null}"
[DEBUG] 2017-07-05 17:07:14,682 method:org.apache.http.impl.conn.LoggingManagedHttpClientConnection.onResponseReceived(LoggingManagedHttpClientConnection.java:122)
http-outgoing-2 << HTTP/1.1 200 OK
[DEBUG] 2017-07-05 17:07:14,683 method:org.apache.http.impl.conn.LoggingManagedHttpClientConnection.onResponseReceived(LoggingManagedHttpClientConnection.java:125)
http-outgoing-2 << Content-Length:72
[DEBUG] 2017-07-05 17:07:14,683 method:org.apache.http.impl.conn.LoggingManagedHttpClientConnection.onResponseReceived(LoggingManagedHttpClientConnection.java:125)
http-outgoing-2 << Content-Type:application/json; charset=utf-8
[DEBUG] 2017-07-05 17:07:14,684 method:org.apache.http.impl.conn.LoggingManagedHttpClientConnection.onResponseReceived(LoggingManagedHttpClientConnection.java:125)
http-outgoing-2 << Connection:close
[DEBUG] 2017-07-05 17:07:14,685 method:org.apache.http.impl.conn.LoggingManagedHttpClientConnection.close(LoggingManagedHttpClientConnection.java:79)
http-outgoing-2: Close connection
[DEBUG] 2017-07-05 17:07:14,686 method:org.apache.http.impl.execchain.ConnectionHolder.releaseConnection(ConnectionHolder.java:104)
Connection discarded
[DEBUG] 2017-07-05 17:07:14,686 method:org.apache.http.impl.conn.PoolingHttpClientConnectionManager.releaseConnection(PoolingHttpClientConnectionManager.java:326)
Connection released: [id: 2][route: {}->http://localhost:23176][total kept alive: 0; route allocated: 0 of 2000; total allocated: 0 of 2000]
[INFO ] 2017-07-05 17:07:14,715 method:util.TestMonitor.onTestStart(TestMonitor.java:50)
Test Method testApplyContinue executing...
[DEBUG] 2017-07-05 17:07:14,762 method:org.apache.http.client.protocol.RequestAddCookies.process(RequestAddCookies.java:123)
CookieSpec selected: default
[DEBUG] 2017-07-05 17:07:14,762 method:org.apache.http.client.protocol.RequestAuthCache.process(RequestAuthCache.java:77)
Auth cache not set in the context
[DEBUG] 2017-07-05 17:07:14,762 method:org.apache.http.impl.conn.PoolingHttpClientConnectionManager.requestConnection(PoolingHttpClientConnectionManager.java:255)
Connection request: [route: {}->http://localhost:23176][total kept alive: 0; route allocated: 0 of 2000; total allocated: 0 of 2000]
[DEBUG] 2017-07-05 17:07:14,762 method:org.apache.http.impl.conn.PoolingHttpClientConnectionManager.leaseConnection(PoolingHttpClientConnectionManager.java:288)
Connection leased: [id: 3][route: {}->http://localhost:23176][total kept alive: 0; route allocated: 1 of 2000; total allocated: 1 of 2000]
[DEBUG] 2017-07-05 17:07:14,762 method:org.apache.http.impl.execchain.MainClientExec.execute(MainClientExec.java:235)
Opening connection {}->http://localhost:23176
[DEBUG] 2017-07-05 17:07:14,763 method:org.apache.http.impl.conn.DefaultHttpClientConnectionOperator.connect(DefaultHttpClientConnectionOperator.java:139)
Connecting to localhost/127.0.0.1:23176
[DEBUG] 2017-07-05 17:07:14,763 method:org.apache.http.impl.conn.DefaultHttpClientConnectionOperator.connect(DefaultHttpClientConnectionOperator.java:146)
Connection established 127.0.0.1:59676<->127.0.0.1:23176
[DEBUG] 2017-07-05 17:07:14,764 method:org.apache.http.impl.conn.LoggingManagedHttpClientConnection.setSocketTimeout(LoggingManagedHttpClientConnection.java:88)
http-outgoing-3: set socket timeout to 10800000
[DEBUG] 2017-07-05 17:07:14,764 method:org.apache.http.impl.execchain.MainClientExec.execute(MainClientExec.java:256)
Executing request POST /session/408d3c17918aedf77d102f992aa918b8/elements HTTP/1.1
[DEBUG] 2017-07-05 17:07:14,764 method:org.apache.http.impl.execchain.MainClientExec.execute(MainClientExec.java:261)
Target auth state: UNCHALLENGED
[DEBUG] 2017-07-05 17:07:14,765 method:org.apache.http.impl.execchain.MainClientExec.execute(MainClientExec.java:267)
Proxy auth state: UNCHALLENGED
[DEBUG] 2017-07-05 17:07:14,765 method:org.apache.http.impl.conn.LoggingManagedHttpClientConnection.onRequestSubmitted(LoggingManagedHttpClientConnection.java:133)
http-outgoing-3 >> POST /session/408d3c17918aedf77d102f992aa918b8/elements HTTP/1.1
[DEBUG] 2017-07-05 17:07:14,765 method:org.apache.http.impl.conn.LoggingManagedHttpClientConnection.onRequestSubmitted(LoggingManagedHttpClientConnection.java:136)
http-outgoing-3 >> Content-Type: application/json; charset=utf-8
[DEBUG] 2017-07-05 17:07:14,765 method:org.apache.http.impl.conn.LoggingManagedHttpClientConnection.onRequestSubmitted(LoggingManagedHttpClientConnection.java:136)
http-outgoing-3 >> Content-Length: 34
[DEBUG] 2017-07-05 17:07:14,766 method:org.apache.http.impl.conn.LoggingManagedHttpClientConnection.onRequestSubmitted(LoggingManagedHttpClientConnection.java:136)
http-outgoing-3 >> Host: localhost:23176
[DEBUG] 2017-07-05 17:07:14,766 method:org.apache.http.impl.conn.LoggingManagedHttpClientConnection.onRequestSubmitted(LoggingManagedHttpClientConnection.java:136)
http-outgoing-3 >> Connection: Keep-Alive
[DEBUG] 2017-07-05 17:07:14,766 method:org.apache.http.impl.conn.LoggingManagedHttpClientConnection.onRequestSubmitted(LoggingManagedHttpClientConnection.java:136)
http-outgoing-3 >> User-Agent: Apache-HttpClient/4.5.3 (Java/1.8.0_111)
[DEBUG] 2017-07-05 17:07:14,766 method:org.apache.http.impl.conn.LoggingManagedHttpClientConnection.onRequestSubmitted(LoggingManagedHttpClientConnection.java:136)
http-outgoing-3 >> Accept-Encoding: gzip,deflate
[DEBUG] 2017-07-05 17:07:14,766 method:org.apache.http.impl.conn.Wire.wire(Wire.java:73)
http-outgoing-3 >> "POST /session/408d3c17918aedf77d102f992aa918b8/elements HTTP/1.1[\r][\n]"
[DEBUG] 2017-07-05 17:07:14,766 method:org.apache.http.impl.conn.Wire.wire(Wire.java:73)
http-outgoing-3 >> "Content-Type: application/json; charset=utf-8[\r][\n]"
[DEBUG] 2017-07-05 17:07:14,766 method:org.apache.http.impl.conn.Wire.wire(Wire.java:73)
http-outgoing-3 >> "Content-Length: 34[\r][\n]"
[DEBUG] 2017-07-05 17:07:14,766 method:org.apache.http.impl.conn.Wire.wire(Wire.java:73)
http-outgoing-3 >> "Host: localhost:23176[\r][\n]"
[DEBUG] 2017-07-05 17:07:14,767 method:org.apache.http.impl.conn.Wire.wire(Wire.java:73)
http-outgoing-3 >> "Connection: Keep-Alive[\r][\n]"
[DEBUG] 2017-07-05 17:07:14,767 method:org.apache.http.impl.conn.Wire.wire(Wire.java:73)
http-outgoing-3 >> "User-Agent: Apache-HttpClient/4.5.3 (Java/1.8.0_111)[\r][\n]"
[DEBUG] 2017-07-05 17:07:14,767 method:org.apache.http.impl.conn.Wire.wire(Wire.java:73)
http-outgoing-3 >> "Accept-Encoding: gzip,deflate[\r][\n]"
[DEBUG] 2017-07-05 17:07:14,767 method:org.apache.http.impl.conn.Wire.wire(Wire.java:73)
http-outgoing-3 >> "[\r][\n]"
[DEBUG] 2017-07-05 17:07:14,767 method:org.apache.http.impl.conn.Wire.wire(Wire.java:87)
http-outgoing-3 >> "{"using":"name","value":"account"}"
[DEBUG] 2017-07-05 17:07:14,865 method:org.apache.http.impl.conn.Wire.wire(Wire.java:73)
http-outgoing-3 << "HTTP/1.1 200 OK[\r][\n]"
[DEBUG] 2017-07-05 17:07:14,866 method:org.apache.http.impl.conn.Wire.wire(Wire.java:73)
http-outgoing-3 << "Content-Length:105[\r][\n]"
[DEBUG] 2017-07-05 17:07:14,866 method:org.apache.http.impl.conn.Wire.wire(Wire.java:73)
http-outgoing-3 << "Content-Type:application/json; charset=utf-8[\r][\n]"
[DEBUG] 2017-07-05 17:07:14,866 method:org.apache.http.impl.conn.Wire.wire(Wire.java:73)
http-outgoing-3 << "Connection:close[\r][\n]"
[DEBUG] 2017-07-05 17:07:14,866 method:org.apache.http.impl.conn.Wire.wire(Wire.java:73)
http-outgoing-3 << "[\r][\n]"
[DEBUG] 2017-07-05 17:07:14,867 method:org.apache.http.impl.conn.Wire.wire(Wire.java:87)
http-outgoing-3 << "{"sessionId":"408d3c17918aedf77d102f992aa918b8","status":0,"value":[{"ELEMENT":"0.16599930121209927-1"}]}"
[DEBUG] 2017-07-05 17:07:14,867 method:org.apache.http.impl.conn.LoggingManagedHttpClientConnection.onResponseReceived(LoggingManagedHttpClientConnection.java:122)
http-outgoing-3 << HTTP/1.1 200 OK
[DEBUG] 2017-07-05 17:07:14,867 method:org.apache.http.impl.conn.LoggingManagedHttpClientConnection.onResponseReceived(LoggingManagedHttpClientConnection.java:125)
http-outgoing-3 << Content-Length:105
[DEBUG] 2017-07-05 17:07:14,867 method:org.apache.http.impl.conn.LoggingManagedHttpClientConnection.onResponseReceived(LoggingManagedHttpClientConnection.java:125)
http-outgoing-3 << Content-Type:application/json; charset=utf-8
[DEBUG] 2017-07-05 17:07:14,867 method:org.apache.http.impl.conn.LoggingManagedHttpClientConnection.onResponseReceived(LoggingManagedHttpClientConnection.java:125)
http-outgoing-3 << Connection:close
[DEBUG] 2017-07-05 17:07:14,868 method:org.apache.http.impl.conn.LoggingManagedHttpClientConnection.close(LoggingManagedHttpClientConnection.java:79)
http-outgoing-3: Close connection
[DEBUG] 2017-07-05 17:07:14,868 method:org.apache.http.impl.execchain.ConnectionHolder.releaseConnection(ConnectionHolder.java:104)
Connection discarded
[DEBUG] 2017-07-05 17:07:14,868 method:org.apache.http.impl.conn.PoolingHttpClientConnectionManager.releaseConnection(PoolingHttpClientConnectionManager.java:326)
Connection released: [id: 3][route: {}->http://localhost:23176][total kept alive: 0; route allocated: 0 of 2000; total allocated: 0 of 2000]
[DEBUG] 2017-07-05 17:07:15,676 method:org.apache.http.client.protocol.RequestAddCookies.process(RequestAddCookies.java:123)
CookieSpec selected: default
[DEBUG] 2017-07-05 17:07:15,677 method:org.apache.http.client.protocol.RequestAuthCache.process(RequestAuthCache.java:77)
Auth cache not set in the context
[DEBUG] 2017-07-05 17:07:15,677 method:org.apache.http.impl.conn.PoolingHttpClientConnectionManager.requestConnection(PoolingHttpClientConnectionManager.java:255)
Connection request: [route: {}->http://localhost:23176][total kept alive: 0; route allocated: 0 of 2000; total allocated: 0 of 2000]
[DEBUG] 2017-07-05 17:07:15,678 method:org.apache.http.impl.conn.PoolingHttpClientConnectionManager.leaseConnection(PoolingHttpClientConnectionManager.java:288)
Connection leased: [id: 4][route: {}->http://localhost:23176][total kept alive: 0; route allocated: 1 of 2000; total allocated: 1 of 2000]
[DEBUG] 2017-07-05 17:07:15,679 method:org.apache.http.impl.execchain.MainClientExec.execute(MainClientExec.java:235)
Opening connection {}->http://localhost:23176
[DEBUG] 2017-07-05 17:07:15,679 method:org.apache.http.impl.conn.DefaultHttpClientConnectionOperator.connect(DefaultHttpClientConnectionOperator.java:139)
Connecting to localhost/127.0.0.1:23176
[DEBUG] 2017-07-05 17:07:15,681 method:org.apache.http.impl.conn.DefaultHttpClientConnectionOperator.connect(DefaultHttpClientConnectionOperator.java:146)
Connection established 127.0.0.1:59679<->127.0.0.1:23176
[DEBUG] 2017-07-05 17:07:15,682 method:org.apache.http.impl.conn.LoggingManagedHttpClientConnection.setSocketTimeout(LoggingManagedHttpClientConnection.java:88)
http-outgoing-4: set socket timeout to 10800000
[DEBUG] 2017-07-05 17:07:15,682 method:org.apache.http.impl.execchain.MainClientExec.execute(MainClientExec.java:256)
Executing request POST /session/408d3c17918aedf77d102f992aa918b8/element HTTP/1.1
[DEBUG] 2017-07-05 17:07:15,683 method:org.apache.http.impl.execchain.MainClientExec.execute(MainClientExec.java:261)
Target auth state: UNCHALLENGED
[DEBUG] 2017-07-05 17:07:15,684 method:org.apache.http.impl.execchain.MainClientExec.execute(MainClientExec.java:267)
Proxy auth state: UNCHALLENGED
[DEBUG] 2017-07-05 17:07:15,685 method:org.apache.http.impl.conn.LoggingManagedHttpClientConnection.onRequestSubmitted(LoggingManagedHttpClientConnection.java:133)
http-outgoing-4 >> POST /session/408d3c17918aedf77d102f992aa918b8/element HTTP/1.1
[DEBUG] 2017-07-05 17:07:15,685 method:org.apache.http.impl.conn.LoggingManagedHttpClientConnection.onRequestSubmitted(LoggingManagedHttpClientConnection.java:136)
http-outgoing-4 >> Content-Type: application/json; charset=utf-8
[DEBUG] 2017-07-05 17:07:15,686 method:org.apache.http.impl.conn.LoggingManagedHttpClientConnection.onRequestSubmitted(LoggingManagedHttpClientConnection.java:136)
http-outgoing-4 >> Content-Length: 34
[DEBUG] 2017-07-05 17:07:15,686 method:org.apache.http.impl.conn.LoggingManagedHttpClientConnection.onRequestSubmitted(LoggingManagedHttpClientConnection.java:136)
http-outgoing-4 >> Host: localhost:23176
[DEBUG] 2017-07-05 17:07:15,687 method:org.apache.http.impl.conn.LoggingManagedHttpClientConnection.onRequestSubmitted(LoggingManagedHttpClientConnection.java:136)
http-outgoing-4 >> Connection: Keep-Alive
[DEBUG] 2017-07-05 17:07:15,687 method:org.apache.http.impl.conn.LoggingManagedHttpClientConnection.onRequestSubmitted(LoggingManagedHttpClientConnection.java:136)
http-outgoing-4 >> User-Agent: Apache-HttpClient/4.5.3 (Java/1.8.0_111)
[DEBUG] 2017-07-05 17:07:15,687 method:org.apache.http.impl.conn.LoggingManagedHttpClientConnection.onRequestSubmitted(LoggingManagedHttpClientConnection.java:136)
http-outgoing-4 >> Accept-Encoding: gzip,deflate
[DEBUG] 2017-07-05 17:07:15,687 method:org.apache.http.impl.conn.Wire.wire(Wire.java:73)
http-outgoing-4 >> "POST /session/408d3c17918aedf77d102f992aa918b8/element HTTP/1.1[\r][\n]"
[DEBUG] 2017-07-05 17:07:15,687 method:org.apache.http.impl.conn.Wire.wire(Wire.java:73)
http-outgoing-4 >> "Content-Type: application/json; charset=utf-8[\r][\n]"
[DEBUG] 2017-07-05 17:07:15,688 method:org.apache.http.impl.conn.Wire.wire(Wire.java:73)
http-outgoing-4 >> "Content-Length: 34[\r][\n]"
[DEBUG] 2017-07-05 17:07:15,688 method:org.apache.http.impl.conn.Wire.wire(Wire.java:73)
http-outgoing-4 >> "Host: localhost:23176[\r][\n]"
[DEBUG] 2017-07-05 17:07:15,688 method:org.apache.http.impl.conn.Wire.wire(Wire.java:73)
http-outgoing-4 >> "Connection: Keep-Alive[\r][\n]"
[DEBUG] 2017-07-05 17:07:15,688 method:org.apache.http.impl.conn.Wire.wire(Wire.java:73)
http-outgoing-4 >> "User-Agent: Apache-HttpClient/4.5.3 (Java/1.8.0_111)[\r][\n]"
[DEBUG] 2017-07-05 17:07:15,688 method:org.apache.http.impl.conn.Wire.wire(Wire.java:73)
http-outgoing-4 >> "Accept-Encoding: gzip,deflate[\r][\n]"
[DEBUG] 2017-07-05 17:07:15,689 method:org.apache.http.impl.conn.Wire.wire(Wire.java:73)
http-outgoing-4 >> "[\r][\n]"
[DEBUG] 2017-07-05 17:07:15,689 method:org.apache.http.impl.conn.Wire.wire(Wire.java:87)
http-outgoing-4 >> "{"using":"name","value":"account"}"
[DEBUG] 2017-07-05 17:07:15,729 method:org.apache.http.impl.conn.Wire.wire(Wire.java:73)
http-outgoing-4 << "HTTP/1.1 200 OK[\r][\n]"
[DEBUG] 2017-07-05 17:07:15,730 method:org.apache.http.impl.conn.Wire.wire(Wire.java:73)
http-outgoing-4 << "Content-Length:103[\r][\n]"
[DEBUG] 2017-07-05 17:07:15,730 method:org.apache.http.impl.conn.Wire.wire(Wire.java:73)
http-outgoing-4 << "Content-Type:application/json; charset=utf-8[\r][\n]"
[DEBUG] 2017-07-05 17:07:15,730 method:org.apache.http.impl.conn.Wire.wire(Wire.java:73)
http-outgoing-4 << "Connection:close[\r][\n]"
[DEBUG] 2017-07-05 17:07:15,731 method:org.apache.http.impl.conn.Wire.wire(Wire.java:73)
http-outgoing-4 << "[\r][\n]"
[DEBUG] 2017-07-05 17:07:15,731 method:org.apache.http.impl.conn.Wire.wire(Wire.java:87)
http-outgoing-4 << "{"sessionId":"408d3c17918aedf77d102f992aa918b8","status":0,"value":{"ELEMENT":"0.16599930121209927-1"}}"
[DEBUG] 2017-07-05 17:07:15,731 method:org.apache.http.impl.conn.LoggingManagedHttpClientConnection.onResponseReceived(LoggingManagedHttpClientConnection.java:122)
http-outgoing-4 << HTTP/1.1 200 OK
[DEBUG] 2017-07-05 17:07:15,731 method:org.apache.http.impl.conn.LoggingManagedHttpClientConnection.onResponseReceived(LoggingManagedHttpClientConnection.java:125)
http-outgoing-4 << Content-Length:103
[DEBUG] 2017-07-05 17:07:15,731 method:org.apache.http.impl.conn.LoggingManagedHttpClientConnection.onResponseReceived(LoggingManagedHttpClientConnection.java:125)
http-outgoing-4 << Content-Type:application/json; charset=utf-8
[DEBUG] 2017-07-05 17:07:15,731 method:org.apache.http.impl.conn.LoggingManagedHttpClientConnection.onResponseReceived(LoggingManagedHttpClientConnection.java:125)
http-outgoing-4 << Connection:close
[DEBUG] 2017-07-05 17:07:15,732 method:org.apache.http.impl.conn.LoggingManagedHttpClientConnection.close(LoggingManagedHttpClientConnection.java:79)
http-outgoing-4: Close connection
[DEBUG] 2017-07-05 17:07:15,732 method:org.apache.http.impl.execchain.ConnectionHolder.releaseConnection(ConnectionHolder.java:104)
Connection discarded
[DEBUG] 2017-07-05 17:07:15,732 method:org.apache.http.impl.conn.PoolingHttpClientConnectionManager.releaseConnection(PoolingHttpClientConnectionManager.java:326)
Connection released: [id: 4][route: {}->http://localhost:23176][total kept alive: 0; route allocated: 0 of 2000; total allocated: 0 of 2000]
[DEBUG] 2017-07-05 17:07:15,735 method:org.apache.http.client.protocol.RequestAddCookies.process(RequestAddCookies.java:123)
CookieSpec selected: default
[DEBUG] 2017-07-05 17:07:15,736 method:org.apache.http.client.protocol.RequestAuthCache.process(RequestAuthCache.java:77)
Auth cache not set in the context
[DEBUG] 2017-07-05 17:07:15,736 method:org.apache.http.impl.conn.PoolingHttpClientConnectionManager.requestConnection(PoolingHttpClientConnectionManager.java:255)
Connection request: [route: {}->http://localhost:23176][total kept alive: 0; route allocated: 0 of 2000; total allocated: 0 of 2000]
[DEBUG] 2017-07-05 17:07:15,736 method:org.apache.http.impl.conn.PoolingHttpClientConnectionManager.leaseConnection(PoolingHttpClientConnectionManager.java:288)
Connection leased: [id: 5][route: {}->http://localhost:23176][total kept alive: 0; route allocated: 1 of 2000; total allocated: 1 of 2000]
[DEBUG] 2017-07-05 17:07:15,736 method:org.apache.http.impl.execchain.MainClientExec.execute(MainClientExec.java:235)
Opening connection {}->http://localhost:23176
[DEBUG] 2017-07-05 17:07:15,736 method:org.apache.http.impl.conn.DefaultHttpClientConnectionOperator.connect(DefaultHttpClientConnectionOperator.java:139)
Connecting to localhost/127.0.0.1:23176
[DEBUG] 2017-07-05 17:07:15,737 method:org.apache.http.impl.conn.DefaultHttpClientConnectionOperator.connect(DefaultHttpClientConnectionOperator.java:146)
Connection established 127.0.0.1:59680<->127.0.0.1:23176
[DEBUG] 2017-07-05 17:07:15,737 method:org.apache.http.impl.conn.LoggingManagedHttpClientConnection.setSocketTimeout(LoggingManagedHttpClientConnection.java:88)
http-outgoing-5: set socket timeout to 10800000
[DEBUG] 2017-07-05 17:07:15,737 method:org.apache.http.impl.execchain.MainClientExec.execute(MainClientExec.java:256)
Executing request POST /session/408d3c17918aedf77d102f992aa918b8/element/0.16599930121209927-1/value HTTP/1.1
[DEBUG] 2017-07-05 17:07:15,738 method:org.apache.http.impl.execchain.MainClientExec.execute(MainClientExec.java:261)
Target auth state: UNCHALLENGED
[DEBUG] 2017-07-05 17:07:15,738 method:org.apache.http.impl.execchain.MainClientExec.execute(MainClientExec.java:267)
Proxy auth state: UNCHALLENGED
[DEBUG] 2017-07-05 17:07:15,738 method:org.apache.http.impl.conn.LoggingManagedHttpClientConnection.onRequestSubmitted(LoggingManagedHttpClientConnection.java:133)
http-outgoing-5 >> POST /session/408d3c17918aedf77d102f992aa918b8/element/0.16599930121209927-1/value HTTP/1.1
[DEBUG] 2017-07-05 17:07:15,738 method:org.apache.http.impl.conn.LoggingManagedHttpClientConnection.onRequestSubmitted(LoggingManagedHttpClientConnection.java:136)
http-outgoing-5 >> Content-Type: application/json; charset=utf-8
[DEBUG] 2017-07-05 17:07:15,738 method:org.apache.http.impl.conn.LoggingManagedHttpClientConnection.onRequestSubmitted(LoggingManagedHttpClientConnection.java:136)
http-outgoing-5 >> Content-Length: 52
[DEBUG] 2017-07-05 17:07:15,738 method:org.apache.http.impl.conn.LoggingManagedHttpClientConnection.onRequestSubmitted(LoggingManagedHttpClientConnection.java:136)
http-outgoing-5 >> Host: localhost:23176
[DEBUG] 2017-07-05 17:07:15,738 method:org.apache.http.impl.conn.LoggingManagedHttpClientConnection.onRequestSubmitted(LoggingManagedHttpClientConnection.java:136)
http-outgoing-5 >> Connection: Keep-Alive
[DEBUG] 2017-07-05 17:07:15,738 method:org.apache.http.impl.conn.LoggingManagedHttpClientConnection.onRequestSubmitted(LoggingManagedHttpClientConnection.java:136)
http-outgoing-5 >> User-Agent: Apache-HttpClient/4.5.3 (Java/1.8.0_111)
[DEBUG] 2017-07-05 17:07:15,738 method:org.apache.http.impl.conn.LoggingManagedHttpClientConnection.onRequestSubmitted(LoggingManagedHttpClientConnection.java:136)
http-outgoing-5 >> Accept-Encoding: gzip,deflate
[DEBUG] 2017-07-05 17:07:15,739 method:org.apache.http.impl.conn.Wire.wire(Wire.java:73)
http-outgoing-5 >> "POST /session/408d3c17918aedf77d102f992aa918b8/element/0.16599930121209927-1/value HTTP/1.1[\r][\n]"
[DEBUG] 2017-07-05 17:07:15,739 method:org.apache.http.impl.conn.Wire.wire(Wire.java:73)
http-outgoing-5 >> "Content-Type: application/json; charset=utf-8[\r][\n]"
[DEBUG] 2017-07-05 17:07:15,739 method:org.apache.http.impl.conn.Wire.wire(Wire.java:73)
http-outgoing-5 >> "Content-Length: 52[\r][\n]"
[DEBUG] 2017-07-05 17:07:15,739 method:org.apache.http.impl.conn.Wire.wire(Wire.java:73)
http-outgoing-5 >> "Host: localhost:23176[\r][\n]"
[DEBUG] 2017-07-05 17:07:15,739 method:org.apache.http.impl.conn.Wire.wire(Wire.java:73)
http-outgoing-5 >> "Connection: Keep-Alive[\r][\n]"
[DEBUG] 2017-07-05 17:07:15,739 method:org.apache.http.impl.conn.Wire.wire(Wire.java:73)
http-outgoing-5 >> "User-Agent: Apache-HttpClient/4.5.3 (Java/1.8.0_111)[\r][\n]"
[DEBUG] 2017-07-05 17:07:15,740 method:org.apache.http.impl.conn.Wire.wire(Wire.java:73)
http-outgoing-5 >> "Accept-Encoding: gzip,deflate[\r][\n]"
[DEBUG] 2017-07-05 17:07:15,740 method:org.apache.http.impl.conn.Wire.wire(Wire.java:73)
http-outgoing-5 >> "[\r][\n]"
[DEBUG] 2017-07-05 17:07:15,740 method:org.apache.http.impl.conn.Wire.wire(Wire.java:87)
http-outgoing-5 >> "{"id":"0.16599930121209927-1","value":["swx458348"]}"
[DEBUG] 2017-07-05 17:07:15,851 method:org.apache.http.impl.conn.Wire.wire(Wire.java:73)
http-outgoing-5 << "HTTP/1.1 200 OK[\r][\n]"
[DEBUG] 2017-07-05 17:07:15,852 method:org.apache.http.impl.conn.Wire.wire(Wire.java:73)
http-outgoing-5 << "Content-Length:72[\r][\n]"
[DEBUG] 2017-07-05 17:07:15,852 method:org.apache.http.impl.conn.Wire.wire(Wire.java:73)
http-outgoing-5 << "Content-Type:application/json; charset=utf-8[\r][\n]"
[DEBUG] 2017-07-05 17:07:15,852 method:org.apache.http.impl.conn.Wire.wire(Wire.java:73)
http-outgoing-5 << "Connection:close[\r][\n]"
[DEBUG] 2017-07-05 17:07:15,852 method:org.apache.http.impl.conn.Wire.wire(Wire.java:73)
http-outgoing-5 << "[\r][\n]"
[DEBUG] 2017-07-05 17:07:15,852 method:org.apache.http.impl.conn.Wire.wire(Wire.java:87)
http-outgoing-5 << "{"sessionId":"408d3c17918aedf77d102f992aa918b8","status":0,"value":null}"
[DEBUG] 2017-07-05 17:07:15,853 method:org.apache.http.impl.conn.LoggingManagedHttpClientConnection.onResponseReceived(LoggingManagedHttpClientConnection.java:122)
http-outgoing-5 << HTTP/1.1 200 OK
[DEBUG] 2017-07-05 17:07:15,853 method:org.apache.http.impl.conn.LoggingManagedHttpClientConnection.onResponseReceived(LoggingManagedHttpClientConnection.java:125)
http-outgoing-5 << Content-Length:72
[DEBUG] 2017-07-05 17:07:15,853 method:org.apache.http.impl.conn.LoggingManagedHttpClientConnection.onResponseReceived(LoggingManagedHttpClientConnection.java:125)
http-outgoing-5 << Content-Type:application/json; charset=utf-8
[DEBUG] 2017-07-05 17:07:15,853 method:org.apache.http.impl.conn.LoggingManagedHttpClientConnection.onResponseReceived(LoggingManagedHttpClientConnection.java:125)
http-outgoing-5 << Connection:close
[DEBUG] 2017-07-05 17:07:15,853 method:org.apache.http.impl.conn.LoggingManagedHttpClientConnection.close(LoggingManagedHttpClientConnection.java:79)
http-outgoing-5: Close connection
[DEBUG] 2017-07-05 17:07:15,853 method:org.apache.http.impl.execchain.ConnectionHolder.releaseConnection(ConnectionHolder.java:104)
Connection discarded
[DEBUG] 2017-07-05 17:07:15,854 method:org.apache.http.impl.conn.PoolingHttpClientConnectionManager.releaseConnection(PoolingHttpClientConnectionManager.java:326)
Connection released: [id: 5][route: {}->http://localhost:23176][total kept alive: 0; route allocated: 0 of 2000; total allocated: 0 of 2000]
account:输入内容==swx458348
[DEBUG] 2017-07-05 17:07:15,855 method:org.apache.http.client.protocol.RequestAddCookies.process(RequestAddCookies.java:123)
CookieSpec selected: default
[DEBUG] 2017-07-05 17:07:15,855 method:org.apache.http.client.protocol.RequestAuthCache.process(RequestAuthCache.java:77)
Auth cache not set in the context
[DEBUG] 2017-07-05 17:07:15,855 method:org.apache.http.impl.conn.PoolingHttpClientConnectionManager.requestConnection(PoolingHttpClientConnectionManager.java:255)
Connection request: [route: {}->http://localhost:23176][total kept alive: 0; route allocated: 0 of 2000; total allocated: 0 of 2000]
[DEBUG] 2017-07-05 17:07:15,855 method:org.apache.http.impl.conn.PoolingHttpClientConnectionManager.leaseConnection(PoolingHttpClientConnectionManager.java:288)
Connection leased: [id: 6][route: {}->http://localhost:23176][total kept alive: 0; route allocated: 1 of 2000; total allocated: 1 of 2000]
[DEBUG] 2017-07-05 17:07:15,855 method:org.apache.http.impl.execchain.MainClientExec.execute(MainClientExec.java:235)
Opening connection {}->http://localhost:23176
[DEBUG] 2017-07-05 17:07:15,856 method:org.apache.http.impl.conn.DefaultHttpClientConnectionOperator.connect(DefaultHttpClientConnectionOperator.java:139)
Connecting to localhost/127.0.0.1:23176
[DEBUG] 2017-07-05 17:07:15,856 method:org.apache.http.impl.conn.DefaultHttpClientConnectionOperator.connect(DefaultHttpClientConnectionOperator.java:146)
Connection established 127.0.0.1:59681<->127.0.0.1:23176
[DEBUG] 2017-07-05 17:07:15,856 method:org.apache.http.impl.conn.LoggingManagedHttpClientConnection.setSocketTimeout(LoggingManagedHttpClientConnection.java:88)
http-outgoing-6: set socket timeout to 10800000
[DEBUG] 2017-07-05 17:07:15,856 method:org.apache.http.impl.execchain.MainClientExec.execute(MainClientExec.java:256)
Executing request POST /session/408d3c17918aedf77d102f992aa918b8/elements HTTP/1.1
[DEBUG] 2017-07-05 17:07:15,857 method:org.apache.http.impl.execchain.MainClientExec.execute(MainClientExec.java:261)
Target auth state: UNCHALLENGED
[DEBUG] 2017-07-05 17:07:15,857 method:org.apache.http.impl.execchain.MainClientExec.execute(MainClientExec.java:267)
Proxy auth state: UNCHALLENGED
[DEBUG] 2017-07-05 17:07:15,857 method:org.apache.http.impl.conn.LoggingManagedHttpClientConnection.onRequestSubmitted(LoggingManagedHttpClientConnection.java:133)
http-outgoing-6 >> POST /session/408d3c17918aedf77d102f992aa918b8/elements HTTP/1.1
[DEBUG] 2017-07-05 17:07:15,857 method:org.apache.http.impl.conn.LoggingManagedHttpClientConnection.onRequestSubmitted(LoggingManagedHttpClientConnection.java:136)
http-outgoing-6 >> Content-Type: application/json; charset=utf-8
[DEBUG] 2017-07-05 17:07:15,857 method:org.apache.http.impl.conn.LoggingManagedHttpClientConnection.onRequestSubmitted(LoggingManagedHttpClientConnection.java:136)
http-outgoing-6 >> Content-Length: 39
[DEBUG] 2017-07-05 17:07:15,857 method:org.apache.http.impl.conn.LoggingManagedHttpClientConnection.onRequestSubmitted(LoggingManagedHttpClientConnection.java:136)
http-outgoing-6 >> Host: localhost:23176
[DEBUG] 2017-07-05 17:07:15,857 method:org.apache.http.impl.conn.LoggingManagedHttpClientConnection.onRequestSubmitted(LoggingManagedHttpClientConnection.java:136)
http-outgoing-6 >> Connection: Keep-Alive
[DEBUG] 2017-07-05 17:07:15,857 method:org.apache.http.impl.conn.LoggingManagedHttpClientConnection.onRequestSubmitted(LoggingManagedHttpClientConnection.java:136)
http-outgoing-6 >> User-Agent: Apache-HttpClient/4.5.3 (Java/1.8.0_111)
[DEBUG] 2017-07-05 17:07:15,858 method:org.apache.http.impl.conn.LoggingManagedHttpClientConnection.onRequestSubmitted(LoggingManagedHttpClientConnection.java:136)
http-outgoing-6 >> Accept-Encoding: gzip,deflate
[DEBUG] 2017-07-05 17:07:15,858 method:org.apache.http.impl.conn.Wire.wire(Wire.java:73)
http-outgoing-6 >> "POST /session/408d3c17918aedf77d102f992aa918b8/elements HTTP/1.1[\r][\n]"
[DEBUG] 2017-07-05 17:07:15,858 method:org.apache.http.impl.conn.Wire.wire(Wire.java:73)
http-outgoing-6 >> "Content-Type: application/json; charset=utf-8[\r][\n]"
[DEBUG] 2017-07-05 17:07:15,858 method:org.apache.http.impl.conn.Wire.wire(Wire.java:73)
http-outgoing-6 >> "Content-Length: 39[\r][\n]"
[DEBUG] 2017-07-05 17:07:15,858 method:org.apache.http.impl.conn.Wire.wire(Wire.java:73)
http-outgoing-6 >> "Host: localhost:23176[\r][\n]"
[DEBUG] 2017-07-05 17:07:15,858 method:org.apache.http.impl.conn.Wire.wire(Wire.java:73)
http-outgoing-6 >> "Connection: Keep-Alive[\r][\n]"
[DEBUG] 2017-07-05 17:07:15,859 method:org.apache.http.impl.conn.Wire.wire(Wire.java:73)
http-outgoing-6 >> "User-Agent: Apache-HttpClient/4.5.3 (Java/1.8.0_111)[\r][\n]"
[DEBUG] 2017-07-05 17:07:15,859 method:org.apache.http.impl.conn.Wire.wire(Wire.java:73)
http-outgoing-6 >> "Accept-Encoding: gzip,deflate[\r][\n]"
[DEBUG] 2017-07-05 17:07:15,859 method:org.apache.http.impl.conn.Wire.wire(Wire.java:73)
http-outgoing-6 >> "[\r][\n]"
[DEBUG] 2017-07-05 17:07:15,859 method:org.apache.http.impl.conn.Wire.wire(Wire.java:87)
http-outgoing-6 >> "{"using":"name","value":"wiseopernice"}"
[DEBUG] 2017-07-05 17:07:15,881 method:org.apache.http.impl.conn.Wire.wire(Wire.java:73)
http-outgoing-6 << "HTTP/1.1 200 OK[\r][\n]"
[DEBUG] 2017-07-05 17:07:15,882 method:org.apache.http.impl.conn.Wire.wire(Wire.java:73)
http-outgoing-6 << "Content-Length:105[\r][\n]"
[DEBUG] 2017-07-05 17:07:15,882 method:org.apache.http.impl.conn.Wire.wire(Wire.java:73)
http-outgoing-6 << "Content-Type:application/json; charset=utf-8[\r][\n]"
[DEBUG] 2017-07-05 17:07:15,882 method:org.apache.http.impl.conn.Wire.wire(Wire.java:73)
http-outgoing-6 << "Connection:close[\r][\n]"
[DEBUG] 2017-07-05 17:07:15,882 method:org.apache.http.impl.conn.Wire.wire(Wire.java:73)
http-outgoing-6 << "[\r][\n]"
[DEBUG] 2017-07-05 17:07:15,882 method:org.apache.http.impl.conn.Wire.wire(Wire.java:87)
http-outgoing-6 << "{"sessionId":"408d3c17918aedf77d102f992aa918b8","status":0,"value":[{"ELEMENT":"0.16599930121209927-2"}]}"
[DEBUG] 2017-07-05 17:07:15,883 method:org.apache.http.impl.conn.LoggingManagedHttpClientConnection.onResponseReceived(LoggingManagedHttpClientConnection.java:122)
http-outgoing-6 << HTTP/1.1 200 OK
[DEBUG] 2017-07-05 17:07:15,883 method:org.apache.http.impl.conn.LoggingManagedHttpClientConnection.onResponseReceived(LoggingManagedHttpClientConnection.java:125)
http-outgoing-6 << Content-Length:105
[DEBUG] 2017-07-05 17:07:15,883 method:org.apache.http.impl.conn.LoggingManagedHttpClientConnection.onResponseReceived(LoggingManagedHttpClientConnection.java:125)
http-outgoing-6 << Content-Type:application/json; charset=utf-8
[DEBUG] 2017-07-05 17:07:15,883 method:org.apache.http.impl.conn.LoggingManagedHttpClientConnection.onResponseReceived(LoggingManagedHttpClientConnection.java:125)
http-outgoing-6 << Connection:close
[DEBUG] 2017-07-05 17:07:15,883 method:org.apache.http.impl.conn.LoggingManagedHttpClientConnection.close(LoggingManagedHttpClientConnection.java:79)
http-outgoing-6: Close connection
[DEBUG] 2017-07-05 17:07:15,884 method:org.apache.http.impl.execchain.ConnectionHolder.releaseConnection(ConnectionHolder.java:104)
Connection discarded
[DEBUG] 2017-07-05 17:07:15,884 method:org.apache.http.impl.conn.PoolingHttpClientConnectionManager.releaseConnection(PoolingHttpClientConnectionManager.java:326)
Connection released: [id: 6][route: {}->http://localhost:23176][total kept alive: 0; route allocated: 0 of 2000; total allocated: 0 of 2000]
[DEBUG] 2017-07-05 17:07:16,685 method:org.apache.http.client.protocol.RequestAddCookies.process(RequestAddCookies.java:123)
CookieSpec selected: default
[DEBUG] 2017-07-05 17:07:16,686 method:org.apache.http.client.protocol.RequestAuthCache.process(RequestAuthCache.java:77)
Auth cache not set in the context
[DEBUG] 2017-07-05 17:07:16,686 method:org.apache.http.impl.conn.PoolingHttpClientConnectionManager.requestConnection(PoolingHttpClientConnectionManager.java:255)
Connection request: [route: {}->http://localhost:23176][total kept alive: 0; route allocated: 0 of 2000; total allocated: 0 of 2000]
[DEBUG] 2017-07-05 17:07:16,686 method:org.apache.http.impl.conn.PoolingHttpClientConnectionManager.leaseConnection(PoolingHttpClientConnectionManager.java:288)
Connection leased: [id: 7][route: {}->http://localhost:23176][total kept alive: 0; route allocated: 1 of 2000; total allocated: 1 of 2000]
[DEBUG] 2017-07-05 17:07:16,686 method:org.apache.http.impl.execchain.MainClientExec.execute(MainClientExec.java:235)
Opening connection {}->http://localhost:23176
[DEBUG] 2017-07-05 17:07:16,686 method:org.apache.http.impl.conn.DefaultHttpClientConnectionOperator.connect(DefaultHttpClientConnectionOperator.java:139)
Connecting to localhost/127.0.0.1:23176
[DEBUG] 2017-07-05 17:07:16,687 method:org.apache.http.impl.conn.DefaultHttpClientConnectionOperator.connect(DefaultHttpClientConnectionOperator.java:146)
Connection established 127.0.0.1:59682<->127.0.0.1:23176
[DEBUG] 2017-07-05 17:07:16,687 method:org.apache.http.impl.conn.LoggingManagedHttpClientConnection.setSocketTimeout(LoggingManagedHttpClientConnection.java:88)
http-outgoing-7: set socket timeout to 10800000
[DEBUG] 2017-07-05 17:07:16,687 method:org.apache.http.impl.execchain.MainClientExec.execute(MainClientExec.java:256)
Executing request POST /session/408d3c17918aedf77d102f992aa918b8/element HTTP/1.1
[DEBUG] 2017-07-05 17:07:16,687 method:org.apache.http.impl.execchain.MainClientExec.execute(MainClientExec.java:261)
Target auth state: UNCHALLENGED
[DEBUG] 2017-07-05 17:07:16,687 method:org.apache.http.impl.execchain.MainClientExec.execute(MainClientExec.java:267)
Proxy auth state: UNCHALLENGED
[DEBUG] 2017-07-05 17:07:16,688 method:org.apache.http.impl.conn.LoggingManagedHttpClientConnection.onRequestSubmitted(LoggingManagedHttpClientConnection.java:133)
http-outgoing-7 >> POST /session/408d3c17918aedf77d102f992aa918b8/element HTTP/1.1
[DEBUG] 2017-07-05 17:07:16,688 method:org.apache.http.impl.conn.LoggingManagedHttpClientConnection.onRequestSubmitted(LoggingManagedHttpClientConnection.java:136)
http-outgoing-7 >> Content-Type: application/json; charset=utf-8
[DEBUG] 2017-07-05 17:07:16,688 method:org.apache.http.impl.conn.LoggingManagedHttpClientConnection.onRequestSubmitted(LoggingManagedHttpClientConnection.java:136)
http-outgoing-7 >> Content-Length: 39
[DEBUG] 2017-07-05 17:07:16,688 method:org.apache.http.impl.conn.LoggingManagedHttpClientConnection.onRequestSubmitted(LoggingManagedHttpClientConnection.java:136)
http-outgoing-7 >> Host: localhost:23176
[DEBUG] 2017-07-05 17:07:16,688 method:org.apache.http.impl.conn.LoggingManagedHttpClientConnection.onRequestSubmitted(LoggingManagedHttpClientConnection.java:136)
http-outgoing-7 >> Connection: Keep-Alive
[DEBUG] 2017-07-05 17:07:16,688 method:org.apache.http.impl.conn.LoggingManagedHttpClientConnection.onRequestSubmitted(LoggingManagedHttpClientConnection.java:136)
http-outgoing-7 >> User-Agent: Apache-HttpClient/4.5.3 (Java/1.8.0_111)
[DEBUG] 2017-07-05 17:07:16,688 method:org.apache.http.impl.conn.LoggingManagedHttpClientConnection.onRequestSubmitted(LoggingManagedHttpClientConnection.java:136)
http-outgoing-7 >> Accept-Encoding: gzip,deflate
[DEBUG] 2017-07-05 17:07:16,689 method:org.apache.http.impl.conn.Wire.wire(Wire.java:73)
http-outgoing-7 >> "POST /session/408d3c17918aedf77d102f992aa918b8/element HTTP/1.1[\r][\n]"
[DEBUG] 2017-07-05 17:07:16,689 method:org.apache.http.impl.conn.Wire.wire(Wire.java:73)
http-outgoing-7 >> "Content-Type: application/json; charset=utf-8[\r][\n]"
[DEBUG] 2017-07-05 17:07:16,689 method:org.apache.http.impl.conn.Wire.wire(Wire.java:73)
http-outgoing-7 >> "Content-Length: 39[\r][\n]"
[DEBUG] 2017-07-05 17:07:16,689 method:org.apache.http.impl.conn.Wire.wire(Wire.java:73)
http-outgoing-7 >> "Host: localhost:23176[\r][\n]"
[DEBUG] 2017-07-05 17:07:16,689 method:org.apache.http.impl.conn.Wire.wire(Wire.java:73)
http-outgoing-7 >> "Connection: Keep-Alive[\r][\n]"
[DEBUG] 2017-07-05 17:07:16,689 method:org.apache.http.impl.conn.Wire.wire(Wire.java:73)
http-outgoing-7 >> "User-Agent: Apache-HttpClient/4.5.3 (Java/1.8.0_111)[\r][\n]"
[DEBUG] 2017-07-05 17:07:16,689 method:org.apache.http.impl.conn.Wire.wire(Wire.java:73)
http-outgoing-7 >> "Accept-Encoding: gzip,deflate[\r][\n]"
[DEBUG] 2017-07-05 17:07:16,689 method:org.apache.http.impl.conn.Wire.wire(Wire.java:73)
http-outgoing-7 >> "[\r][\n]"
[DEBUG] 2017-07-05 17:07:16,690 method:org.apache.http.impl.conn.Wire.wire(Wire.java:87)
http-outgoing-7 >> "{"using":"name","value":"wiseopernice"}"
[DEBUG] 2017-07-05 17:07:16,711 method:org.apache.http.impl.conn.Wire.wire(Wire.java:73)
http-outgoing-7 << "HTTP/1.1 200 OK[\r][\n]"
[DEBUG] 2017-07-05 17:07:16,711 method:org.apache.http.impl.conn.Wire.wire(Wire.java:73)
http-outgoing-7 << "Content-Length:103[\r][\n]"
[DEBUG] 2017-07-05 17:07:16,712 method:org.apache.http.impl.conn.Wire.wire(Wire.java:73)
http-outgoing-7 << "Content-Type:application/json; charset=utf-8[\r][\n]"
[DEBUG] 2017-07-05 17:07:16,712 method:org.apache.http.impl.conn.Wire.wire(Wire.java:73)
http-outgoing-7 << "Connection:close[\r][\n]"
[DEBUG] 2017-07-05 17:07:16,712 method:org.apache.http.impl.conn.Wire.wire(Wire.java:73)
http-outgoing-7 << "[\r][\n]"
[DEBUG] 2017-07-05 17:07:16,712 method:org.apache.http.impl.conn.Wire.wire(Wire.java:87)
http-outgoing-7 << "{"sessionId":"408d3c17918aedf77d102f992aa918b8","status":0,"value":{"ELEMENT":"0.16599930121209927-2"}}"
[DEBUG] 2017-07-05 17:07:16,712 method:org.apache.http.impl.conn.LoggingManagedHttpClientConnection.onResponseReceived(LoggingManagedHttpClientConnection.java:122)
http-outgoing-7 << HTTP/1.1 200 OK
[DEBUG] 2017-07-05 17:07:16,713 method:org.apache.http.impl.conn.LoggingManagedHttpClientConnection.onResponseReceived(LoggingManagedHttpClientConnection.java:125)
http-outgoing-7 << Content-Length:103
[DEBUG] 2017-07-05 17:07:16,713 method:org.apache.http.impl.conn.LoggingManagedHttpClientConnection.onResponseReceived(LoggingManagedHttpClientConnection.java:125)
http-outgoing-7 << Content-Type:application/json; charset=utf-8
[DEBUG] 2017-07-05 17:07:16,713 method:org.apache.http.impl.conn.LoggingManagedHttpClientConnection.onResponseReceived(LoggingManagedHttpClientConnection.java:125)
http-outgoing-7 << Connection:close
[DEBUG] 2017-07-05 17:07:16,713 method:org.apache.http.impl.conn.LoggingManagedHttpClientConnection.close(LoggingManagedHttpClientConnection.java:79)
http-outgoing-7: Close connection
[DEBUG] 2017-07-05 17:07:16,714 method:org.apache.http.impl.execchain.ConnectionHolder.releaseConnection(ConnectionHolder.java:104)
Connection discarded
[DEBUG] 2017-07-05 17:07:16,714 method:org.apache.http.impl.conn.PoolingHttpClientConnectionManager.releaseConnection(PoolingHttpClientConnectionManager.java:326)
Connection released: [id: 7][route: {}->http://localhost:23176][total kept alive: 0; route allocated: 0 of 2000; total allocated: 0 of 2000]
[DEBUG] 2017-07-05 17:07:16,716 method:org.apache.http.client.protocol.RequestAddCookies.process(RequestAddCookies.java:123)
CookieSpec selected: default
[DEBUG] 2017-07-05 17:07:16,716 method:org.apache.http.client.protocol.RequestAuthCache.process(RequestAuthCache.java:77)
Auth cache not set in the context
[DEBUG] 2017-07-05 17:07:16,716 method:org.apache.http.impl.conn.PoolingHttpClientConnectionManager.requestConnection(PoolingHttpClientConnectionManager.java:255)
Connection request: [route: {}->http://localhost:23176][total kept alive: 0; route allocated: 0 of 2000; total allocated: 0 of 2000]
[DEBUG] 2017-07-05 17:07:16,716 method:org.apache.http.impl.conn.PoolingHttpClientConnectionManager.leaseConnection(PoolingHttpClientConnectionManager.java:288)
Connection leased: [id: 8][route: {}->http://localhost:23176][total kept alive: 0; route allocated: 1 of 2000; total allocated: 1 of 2000]
[DEBUG] 2017-07-05 17:07:16,716 method:org.apache.http.impl.execchain.MainClientExec.execute(MainClientExec.java:235)
Opening connection {}->http://localhost:23176
[DEBUG] 2017-07-05 17:07:16,717 method:org.apache.http.impl.conn.DefaultHttpClientConnectionOperator.connect(DefaultHttpClientConnectionOperator.java:139)
Connecting to localhost/127.0.0.1:23176
[DEBUG] 2017-07-05 17:07:16,717 method:org.apache.http.impl.conn.DefaultHttpClientConnectionOperator.connect(DefaultHttpClientConnectionOperator.java:146)
Connection established 127.0.0.1:59683<->127.0.0.1:23176
[DEBUG] 2017-07-05 17:07:16,717 method:org.apache.http.impl.conn.LoggingManagedHttpClientConnection.setSocketTimeout(LoggingManagedHttpClientConnection.java:88)
http-outgoing-8: set socket timeout to 10800000
[DEBUG] 2017-07-05 17:07:16,718 method:org.apache.http.impl.execchain.MainClientExec.execute(MainClientExec.java:256)
Executing request POST /session/408d3c17918aedf77d102f992aa918b8/element/0.16599930121209927-2/value HTTP/1.1
[DEBUG] 2017-07-05 17:07:16,718 method:org.apache.http.impl.execchain.MainClientExec.execute(MainClientExec.java:261)
Target auth state: UNCHALLENGED
[DEBUG] 2017-07-05 17:07:16,718 method:org.apache.http.impl.execchain.MainClientExec.execute(MainClientExec.java:267)
Proxy auth state: UNCHALLENGED
[DEBUG] 2017-07-05 17:07:16,718 method:org.apache.http.impl.conn.LoggingManagedHttpClientConnection.onRequestSubmitted(LoggingManagedHttpClientConnection.java:133)
http-outgoing-8 >> POST /session/408d3c17918aedf77d102f992aa918b8/element/0.16599930121209927-2/value HTTP/1.1
[DEBUG] 2017-07-05 17:07:16,718 method:org.apache.http.impl.conn.LoggingManagedHttpClientConnection.onRequestSubmitted(LoggingManagedHttpClientConnection.java:136)
http-outgoing-8 >> Content-Type: application/json; charset=utf-8
[DEBUG] 2017-07-05 17:07:16,719 method:org.apache.http.impl.conn.LoggingManagedHttpClientConnection.onRequestSubmitted(LoggingManagedHttpClientConnection.java:136)
http-outgoing-8 >> Content-Length: 54
[DEBUG] 2017-07-05 17:07:16,719 method:org.apache.http.impl.conn.LoggingManagedHttpClientConnection.onRequestSubmitted(LoggingManagedHttpClientConnection.java:136)
http-outgoing-8 >> Host: localhost:23176
[DEBUG] 2017-07-05 17:07:16,719 method:org.apache.http.impl.conn.LoggingManagedHttpClientConnection.onRequestSubmitted(LoggingManagedHttpClientConnection.java:136)
http-outgoing-8 >> Connection: Keep-Alive
[DEBUG] 2017-07-05 17:07:16,719 method:org.apache.http.impl.conn.LoggingManagedHttpClientConnection.onRequestSubmitted(LoggingManagedHttpClientConnection.java:136)
http-outgoing-8 >> User-Agent: Apache-HttpClient/4.5.3 (Java/1.8.0_111)
[DEBUG] 2017-07-05 17:07:16,719 method:org.apache.http.impl.conn.LoggingManagedHttpClientConnection.onRequestSubmitted(LoggingManagedHttpClientConnection.java:136)
http-outgoing-8 >> Accept-Encoding: gzip,deflate
[DEBUG] 2017-07-05 17:07:16,720 method:org.apache.http.impl.conn.Wire.wire(Wire.java:73)
http-outgoing-8 >> "POST /session/408d3c17918aedf77d102f992aa918b8/element/0.16599930121209927-2/value HTTP/1.1[\r][\n]"
[DEBUG] 2017-07-05 17:07:16,720 method:org.apache.http.impl.conn.Wire.wire(Wire.java:73)
http-outgoing-8 >> "Content-Type: application/json; charset=utf-8[\r][\n]"
[DEBUG] 2017-07-05 17:07:16,720 method:org.apache.http.impl.conn.Wire.wire(Wire.java:73)
http-outgoing-8 >> "Content-Length: 54[\r][\n]"
[DEBUG] 2017-07-05 17:07:16,720 method:org.apache.http.impl.conn.Wire.wire(Wire.java:73)
http-outgoing-8 >> "Host: localhost:23176[\r][\n]"
[DEBUG] 2017-07-05 17:07:16,720 method:org.apache.http.impl.conn.Wire.wire(Wire.java:73)
http-outgoing-8 >> "Connection: Keep-Alive[\r][\n]"
[DEBUG] 2017-07-05 17:07:16,720 method:org.apache.http.impl.conn.Wire.wire(Wire.java:73)
http-outgoing-8 >> "User-Agent: Apache-HttpClient/4.5.3 (Java/1.8.0_111)[\r][\n]"
[DEBUG] 2017-07-05 17:07:16,721 method:org.apache.http.impl.conn.Wire.wire(Wire.java:73)
http-outgoing-8 >> "Accept-Encoding: gzip,deflate[\r][\n]"
[DEBUG] 2017-07-05 17:07:16,721 method:org.apache.http.impl.conn.Wire.wire(Wire.java:73)
http-outgoing-8 >> "[\r][\n]"
[DEBUG] 2017-07-05 17:07:16,721 method:org.apache.http.impl.conn.Wire.wire(Wire.java:87)
http-outgoing-8 >> "{"id":"0.16599930121209927-2","value":["~shikun1989"]}"
[DEBUG] 2017-07-05 17:07:16,810 method:org.apache.http.impl.conn.Wire.wire(Wire.java:73)
http-outgoing-8 << "HTTP/1.1 200 OK[\r][\n]"
[DEBUG] 2017-07-05 17:07:16,810 method:org.apache.http.impl.conn.Wire.wire(Wire.java:73)
http-outgoing-8 << "Content-Length:72[\r][\n]"
[DEBUG] 2017-07-05 17:07:16,810 method:org.apache.http.impl.conn.Wire.wire(Wire.java:73)
http-outgoing-8 << "Content-Type:application/json; charset=utf-8[\r][\n]"
[DEBUG] 2017-07-05 17:07:16,810 method:org.apache.http.impl.conn.Wire.wire(Wire.java:73)
http-outgoing-8 << "Connection:close[\r][\n]"
[DEBUG] 2017-07-05 17:07:16,810 method:org.apache.http.impl.conn.Wire.wire(Wire.java:73)
http-outgoing-8 << "[\r][\n]"
[DEBUG] 2017-07-05 17:07:16,811 method:org.apache.http.impl.conn.Wire.wire(Wire.java:87)
http-outgoing-8 << "{"sessionId":"408d3c17918aedf77d102f992aa918b8","status":0,"value":null}"
[DEBUG] 2017-07-05 17:07:16,811 method:org.apache.http.impl.conn.LoggingManagedHttpClientConnection.onResponseReceived(LoggingManagedHttpClientConnection.java:122)
http-outgoing-8 << HTTP/1.1 200 OK
[DEBUG] 2017-07-05 17:07:16,811 method:org.apache.http.impl.conn.LoggingManagedHttpClientConnection.onResponseReceived(LoggingManagedHttpClientConnection.java:125)
http-outgoing-8 << Content-Length:72
[DEBUG] 2017-07-05 17:07:16,811 method:org.apache.http.impl.conn.LoggingManagedHttpClientConnection.onResponseReceived(LoggingManagedHttpClientConnection.java:125)
http-outgoing-8 << Content-Type:application/json; charset=utf-8
[DEBUG] 2017-07-05 17:07:16,811 method:org.apache.http.impl.conn.LoggingManagedHttpClientConnection.onResponseReceived(LoggingManagedHttpClientConnection.java:125)
http-outgoing-8 << Connection:close
[DEBUG] 2017-07-05 17:07:16,812 method:org.apache.http.impl.conn.LoggingManagedHttpClientConnection.close(LoggingManagedHttpClientConnection.java:79)
http-outgoing-8: Close connection
[DEBUG] 2017-07-05 17:07:16,812 method:org.apache.http.impl.execchain.ConnectionHolder.releaseConnection(ConnectionHolder.java:104)
Connection discarded
[DEBUG] 2017-07-05 17:07:16,812 method:org.apache.http.impl.conn.PoolingHttpClientConnectionManager.releaseConnection(PoolingHttpClientConnectionManager.java:326)
Connection released: [id: 8][route: {}->http://localhost:23176][total kept alive: 0; route allocated: 0 of 2000; total allocated: 0 of 2000]
wiseopernice:输入内容==~shikun1989
[DEBUG] 2017-07-05 17:07:16,815 method:org.apache.http.client.protocol.RequestAddCookies.process(RequestAddCookies.java:123)
CookieSpec selected: default
[DEBUG] 2017-07-05 17:07:16,815 method:org.apache.http.client.protocol.RequestAuthCache.process(RequestAuthCache.java:77)
Auth cache not set in the context
[DEBUG] 2017-07-05 17:07:16,816 method:org.apache.http.impl.conn.PoolingHttpClientConnectionManager.requestConnection(PoolingHttpClientConnectionManager.java:255)
Connection request: [route: {}->http://localhost:23176][total kept alive: 0; route allocated: 0 of 2000; total allocated: 0 of 2000]
[DEBUG] 2017-07-05 17:07:16,816 method:org.apache.http.impl.conn.PoolingHttpClientConnectionManager.leaseConnection(PoolingHttpClientConnectionManager.java:288)
Connection leased: [id: 9][route: {}->http://localhost:23176][total kept alive: 0; route allocated: 1 of 2000; total allocated: 1 of 2000]
[DEBUG] 2017-07-05 17:07:16,817 method:org.apache.http.impl.execchain.MainClientExec.execute(MainClientExec.java:235)
Opening connection {}->http://localhost:23176
[DEBUG] 2017-07-05 17:07:16,817 method:org.apache.http.impl.conn.DefaultHttpClientConnectionOperator.connect(DefaultHttpClientConnectionOperator.java:139)
Connecting to localhost/127.0.0.1:23176
[DEBUG] 2017-07-05 17:07:16,817 method:org.apache.http.impl.conn.DefaultHttpClientConnectionOperator.connect(DefaultHttpClientConnectionOperator.java:146)
Connection established 127.0.0.1:59686<->127.0.0.1:23176
[DEBUG] 2017-07-05 17:07:16,818 method:org.apache.http.impl.conn.LoggingManagedHttpClientConnection.setSocketTimeout(LoggingManagedHttpClientConnection.java:88)
http-outgoing-9: set socket timeout to 10800000
[DEBUG] 2017-07-05 17:07:16,818 method:org.apache.http.impl.execchain.MainClientExec.execute(MainClientExec.java:256)
Executing request POST /session/408d3c17918aedf77d102f992aa918b8/elements HTTP/1.1
[DEBUG] 2017-07-05 17:07:16,818 method:org.apache.http.impl.execchain.MainClientExec.execute(MainClientExec.java:261)
Target auth state: UNCHALLENGED
[DEBUG] 2017-07-05 17:07:16,818 method:org.apache.http.impl.execchain.MainClientExec.execute(MainClientExec.java:267)
Proxy auth state: UNCHALLENGED
[DEBUG] 2017-07-05 17:07:16,818 method:org.apache.http.impl.conn.LoggingManagedHttpClientConnection.onRequestSubmitted(LoggingManagedHttpClientConnection.java:133)
http-outgoing-9 >> POST /session/408d3c17918aedf77d102f992aa918b8/elements HTTP/1.1
[DEBUG] 2017-07-05 17:07:16,818 method:org.apache.http.impl.conn.LoggingManagedHttpClientConnection.onRequestSubmitted(LoggingManagedHttpClientConnection.java:136)
http-outgoing-9 >> Content-Type: application/json; charset=utf-8
[DEBUG] 2017-07-05 17:07:16,818 method:org.apache.http.impl.conn.LoggingManagedHttpClientConnection.onRequestSubmitted(LoggingManagedHttpClientConnection.java:136)
http-outgoing-9 >> Content-Length: 75
[DEBUG] 2017-07-05 17:07:16,818 method:org.apache.http.impl.conn.LoggingManagedHttpClientConnection.onRequestSubmitted(LoggingManagedHttpClientConnection.java:136)
http-outgoing-9 >> Host: localhost:23176
[DEBUG] 2017-07-05 17:07:16,818 method:org.apache.http.impl.conn.LoggingManagedHttpClientConnection.onRequestSubmitted(LoggingManagedHttpClientConnection.java:136)
http-outgoing-9 >> Connection: Keep-Alive
[DEBUG] 2017-07-05 17:07:16,819 method:org.apache.http.impl.conn.LoggingManagedHttpClientConnection.onRequestSubmitted(LoggingManagedHttpClientConnection.java:136)
http-outgoing-9 >> User-Agent: Apache-HttpClient/4.5.3 (Java/1.8.0_111)
[DEBUG] 2017-07-05 17:07:16,819 method:org.apache.http.impl.conn.LoggingManagedHttpClientConnection.onRequestSubmitted(LoggingManagedHttpClientConnection.java:136)
http-outgoing-9 >> Accept-Encoding: gzip,deflate
[DEBUG] 2017-07-05 17:07:16,819 method:org.apache.http.impl.conn.Wire.wire(Wire.java:73)
http-outgoing-9 >> "POST /session/408d3c17918aedf77d102f992aa918b8/elements HTTP/1.1[\r][\n]"
[DEBUG] 2017-07-05 17:07:16,819 method:org.apache.http.impl.conn.Wire.wire(Wire.java:73)
http-outgoing-9 >> "Content-Type: application/json; charset=utf-8[\r][\n]"
[DEBUG] 2017-07-05 17:07:16,819 method:org.apache.http.impl.conn.Wire.wire(Wire.java:73)
http-outgoing-9 >> "Content-Length: 75[\r][\n]"
[DEBUG] 2017-07-05 17:07:16,819 method:org.apache.http.impl.conn.Wire.wire(Wire.java:73)
http-outgoing-9 >> "Host: localhost:23176[\r][\n]"
[DEBUG] 2017-07-05 17:07:16,819 method:org.apache.http.impl.conn.Wire.wire(Wire.java:73)
http-outgoing-9 >> "Connection: Keep-Alive[\r][\n]"
[DEBUG] 2017-07-05 17:07:16,819 method:org.apache.http.impl.conn.Wire.wire(Wire.java:73)
http-outgoing-9 >> "User-Agent: Apache-HttpClient/4.5.3 (Java/1.8.0_111)[\r][\n]"
[DEBUG] 2017-07-05 17:07:16,819 method:org.apache.http.impl.conn.Wire.wire(Wire.java:73)
http-outgoing-9 >> "Accept-Encoding: gzip,deflate[\r][\n]"
[DEBUG] 2017-07-05 17:07:16,820 method:org.apache.http.impl.conn.Wire.wire(Wire.java:73)
http-outgoing-9 >> "[\r][\n]"
[DEBUG] 2017-07-05 17:07:16,820 method:org.apache.http.impl.conn.Wire.wire(Wire.java:87)
http-outgoing-9 >> "{"using":"xpath","value":"//*[@id=\"login\"]/div[1]/div[2]/form/button[1]"}"
[DEBUG] 2017-07-05 17:07:16,842 method:org.apache.http.impl.conn.Wire.wire(Wire.java:73)
http-outgoing-9 << "HTTP/1.1 200 OK[\r][\n]"
[DEBUG] 2017-07-05 17:07:16,842 method:org.apache.http.impl.conn.Wire.wire(Wire.java:73)
http-outgoing-9 << "Content-Length:105[\r][\n]"
[DEBUG] 2017-07-05 17:07:16,842 method:org.apache.http.impl.conn.Wire.wire(Wire.java:73)
http-outgoing-9 << "Content-Type:application/json; charset=utf-8[\r][\n]"
[DEBUG] 2017-07-05 17:07:16,843 method:org.apache.http.impl.conn.Wire.wire(Wire.java:73)
http-outgoing-9 << "Connection:close[\r][\n]"
[DEBUG] 2017-07-05 17:07:16,843 method:org.apache.http.impl.conn.Wire.wire(Wire.java:73)
http-outgoing-9 << "[\r][\n]"
[DEBUG] 2017-07-05 17:07:16,843 method:org.apache.http.impl.conn.Wire.wire(Wire.java:87)
http-outgoing-9 << "{"sessionId":"408d3c17918aedf77d102f992aa918b8","status":0,"value":[{"ELEMENT":"0.16599930121209927-3"}]}"
[DEBUG] 2017-07-05 17:07:16,843 method:org.apache.http.impl.conn.LoggingManagedHttpClientConnection.onResponseReceived(LoggingManagedHttpClientConnection.java:122)
http-outgoing-9 << HTTP/1.1 200 OK
[DEBUG] 2017-07-05 17:07:16,843 method:org.apache.http.impl.conn.LoggingManagedHttpClientConnection.onResponseReceived(LoggingManagedHttpClientConnection.java:125)
http-outgoing-9 << Content-Length:105
[DEBUG] 2017-07-05 17:07:16,843 method:org.apache.http.impl.conn.LoggingManagedHttpClientConnection.onResponseReceived(LoggingManagedHttpClientConnection.java:125)
http-outgoing-9 << Content-Type:application/json; charset=utf-8
[DEBUG] 2017-07-05 17:07:16,843 method:org.apache.http.impl.conn.LoggingManagedHttpClientConnection.onResponseReceived(LoggingManagedHttpClientConnection.java:125)
http-outgoing-9 << Connection:close
[DEBUG] 2017-07-05 17:07:16,844 method:org.apache.http.impl.conn.LoggingManagedHttpClientConnection.close(LoggingManagedHttpClientConnection.java:79)
http-outgoing-9: Close connection
[DEBUG] 2017-07-05 17:07:16,844 method:org.apache.http.impl.execchain.ConnectionHolder.releaseConnection(ConnectionHolder.java:104)
Connection discarded
[DEBUG] 2017-07-05 17:07:16,844 method:org.apache.http.impl.conn.PoolingHttpClientConnectionManager.releaseConnection(PoolingHttpClientConnectionManager.java:326)
Connection released: [id: 9][route: {}->http://localhost:23176][total kept alive: 0; route allocated: 0 of 2000; total allocated: 0 of 2000]
[DEBUG] 2017-07-05 17:07:17,646 method:org.apache.http.client.protocol.RequestAddCookies.process(RequestAddCookies.java:123)
CookieSpec selected: default
[DEBUG] 2017-07-05 17:07:17,647 method:org.apache.http.client.protocol.RequestAuthCache.process(RequestAuthCache.java:77)
Auth cache not set in the context
[DEBUG] 2017-07-05 17:07:17,647 method:org.apache.http.impl.conn.PoolingHttpClientConnectionManager.requestConnection(PoolingHttpClientConnectionManager.java:255)
Connection request: [route: {}->http://localhost:23176][total kept alive: 0; route allocated: 0 of 2000; total allocated: 0 of 2000]
[DEBUG] 2017-07-05 17:07:17,647 method:org.apache.http.impl.conn.PoolingHttpClientConnectionManager.leaseConnection(PoolingHttpClientConnectionManager.java:288)
Connection leased: [id: 10][route: {}->http://localhost:23176][total kept alive: 0; route allocated: 1 of 2000; total allocated: 1 of 2000]
[DEBUG] 2017-07-05 17:07:17,647 method:org.apache.http.impl.execchain.MainClientExec.execute(MainClientExec.java:235)
Opening connection {}->http://localhost:23176
[DEBUG] 2017-07-05 17:07:17,647 method:org.apache.http.impl.conn.DefaultHttpClientConnectionOperator.connect(DefaultHttpClientConnectionOperator.java:139)
Connecting to localhost/127.0.0.1:23176
[DEBUG] 2017-07-05 17:07:17,650 method:org.apache.http.impl.conn.DefaultHttpClientConnectionOperator.connect(DefaultHttpClientConnectionOperator.java:146)
Connection established 127.0.0.1:59688<->127.0.0.1:23176
[DEBUG] 2017-07-05 17:07:17,650 method:org.apache.http.impl.conn.LoggingManagedHttpClientConnection.setSocketTimeout(LoggingManagedHttpClientConnection.java:88)
http-outgoing-10: set socket timeout to 10800000
[DEBUG] 2017-07-05 17:07:17,650 method:org.apache.http.impl.execchain.MainClientExec.execute(MainClientExec.java:256)
Executing request POST /session/408d3c17918aedf77d102f992aa918b8/element HTTP/1.1
[DEBUG] 2017-07-05 17:07:17,650 method:org.apache.http.impl.execchain.MainClientExec.execute(MainClientExec.java:261)
Target auth state: UNCHALLENGED
[DEBUG] 2017-07-05 17:07:17,651 method:org.apache.http.impl.execchain.MainClientExec.execute(MainClientExec.java:267)
Proxy auth state: UNCHALLENGED
[DEBUG] 2017-07-05 17:07:17,651 method:org.apache.http.impl.conn.LoggingManagedHttpClientConnection.onRequestSubmitted(LoggingManagedHttpClientConnection.java:133)
http-outgoing-10 >> POST /session/408d3c17918aedf77d102f992aa918b8/element HTTP/1.1
[DEBUG] 2017-07-05 17:07:17,651 method:org.apache.http.impl.conn.LoggingManagedHttpClientConnection.onRequestSubmitted(LoggingManagedHttpClientConnection.java:136)
http-outgoing-10 >> Content-Type: application/json; charset=utf-8
[DEBUG] 2017-07-05 17:07:17,651 method:org.apache.http.impl.conn.LoggingManagedHttpClientConnection.onRequestSubmitted(LoggingManagedHttpClientConnection.java:136)
http-outgoing-10 >> Content-Length: 75
[DEBUG] 2017-07-05 17:07:17,651 method:org.apache.http.impl.conn.LoggingManagedHttpClientConnection.onRequestSubmitted(LoggingManagedHttpClientConnection.java:136)
http-outgoing-10 >> Host: localhost:23176
[DEBUG] 2017-07-05 17:07:17,651 method:org.apache.http.impl.conn.LoggingManagedHttpClientConnection.onRequestSubmitted(LoggingManagedHttpClientConnection.java:136)
http-outgoing-10 >> Connection: Keep-Alive
[DEBUG] 2017-07-05 17:07:17,651 method:org.apache.http.impl.conn.LoggingManagedHttpClientConnection.onRequestSubmitted(LoggingManagedHttpClientConnection.java:136)
http-outgoing-10 >> User-Agent: Apache-HttpClient/4.5.3 (Java/1.8.0_111)
[DEBUG] 2017-07-05 17:07:17,651 method:org.apache.http.impl.conn.LoggingManagedHttpClientConnection.onRequestSubmitted(LoggingManagedHttpClientConnection.java:136)
http-outgoing-10 >> Accept-Encoding: gzip,deflate
[DEBUG] 2017-07-05 17:07:17,652 method:org.apache.http.impl.conn.Wire.wire(Wire.java:73)
http-outgoing-10 >> "POST /session/408d3c17918aedf77d102f992aa918b8/element HTTP/1.1[\r][\n]"
[DEBUG] 2017-07-05 17:07:17,652 method:org.apache.http.impl.conn.Wire.wire(Wire.java:73)
http-outgoing-10 >> "Content-Type: application/json; charset=utf-8[\r][\n]"
[DEBUG] 2017-07-05 17:07:17,652 method:org.apache.http.impl.conn.Wire.wire(Wire.java:73)
http-outgoing-10 >> "Content-Length: 75[\r][\n]"
[DEBUG] 2017-07-05 17:07:17,652 method:org.apache.http.impl.conn.Wire.wire(Wire.java:73)
http-outgoing-10 >> "Host: localhost:23176[\r][\n]"
[DEBUG] 2017-07-05 17:07:17,653 method:org.apache.http.impl.conn.Wire.wire(Wire.java:73)
http-outgoing-10 >> "Connection: Keep-Alive[\r][\n]"
[DEBUG] 2017-07-05 17:07:17,653 method:org.apache.http.impl.conn.Wire.wire(Wire.java:73)
http-outgoing-10 >> "User-Agent: Apache-HttpClient/4.5.3 (Java/1.8.0_111)[\r][\n]"
[DEBUG] 2017-07-05 17:07:17,653 method:org.apache.http.impl.conn.Wire.wire(Wire.java:73)
http-outgoing-10 >> "Accept-Encoding: gzip,deflate[\r][\n]"
[DEBUG] 2017-07-05 17:07:17,653 method:org.apache.http.impl.conn.Wire.wire(Wire.java:73)
http-outgoing-10 >> "[\r][\n]"
[DEBUG] 2017-07-05 17:07:17,653 method:org.apache.http.impl.conn.Wire.wire(Wire.java:87)
http-outgoing-10 >> "{"using":"xpath","value":"//*[@id=\"login\"]/div[1]/div[2]/form/button[1]"}"
[DEBUG] 2017-07-05 17:07:17,679 method:org.apache.http.impl.conn.Wire.wire(Wire.java:73)
http-outgoing-10 << "HTTP/1.1 200 OK[\r][\n]"
[DEBUG] 2017-07-05 17:07:17,680 method:org.apache.http.impl.conn.Wire.wire(Wire.java:73)
http-outgoing-10 << "Content-Length:103[\r][\n]"
[DEBUG] 2017-07-05 17:07:17,680 method:org.apache.http.impl.conn.Wire.wire(Wire.java:73)
http-outgoing-10 << "Content-Type:application/json; charset=utf-8[\r][\n]"
[DEBUG] 2017-07-05 17:07:17,680 method:org.apache.http.impl.conn.Wire.wire(Wire.java:73)
http-outgoing-10 << "Connection:close[\r][\n]"
[DEBUG] 2017-07-05 17:07:17,680 method:org.apache.http.impl.conn.Wire.wire(Wire.java:73)
http-outgoing-10 << "[\r][\n]"
[DEBUG] 2017-07-05 17:07:17,680 method:org.apache.http.impl.conn.Wire.wire(Wire.java:87)
http-outgoing-10 << "{"sessionId":"408d3c17918aedf77d102f992aa918b8","status":0,"value":{"ELEMENT":"0.16599930121209927-3"}}"
[DEBUG] 2017-07-05 17:07:17,680 method:org.apache.http.impl.conn.LoggingManagedHttpClientConnection.onResponseReceived(LoggingManagedHttpClientConnection.java:122)
http-outgoing-10 << HTTP/1.1 200 OK
[DEBUG] 2017-07-05 17:07:17,680 method:org.apache.http.impl.conn.LoggingManagedHttpClientConnection.onResponseReceived(LoggingManagedHttpClientConnection.java:125)
http-outgoing-10 << Content-Length:103
[DEBUG] 2017-07-05 17:07:17,680 method:org.apache.http.impl.conn.LoggingManagedHttpClientConnection.onResponseReceived(LoggingManagedHttpClientConnection.java:125)
http-outgoing-10 << Content-Type:application/json; charset=utf-8
[DEBUG] 2017-07-05 17:07:17,681 method:org.apache.http.impl.conn.LoggingManagedHttpClientConnection.onResponseReceived(LoggingManagedHttpClientConnection.java:125)
http-outgoing-10 << Connection:close
[DEBUG] 2017-07-05 17:07:17,681 method:org.apache.http.impl.conn.LoggingManagedHttpClientConnection.close(LoggingManagedHttpClientConnection.java:79)
http-outgoing-10: Close connection
[DEBUG] 2017-07-05 17:07:17,681 method:org.apache.http.impl.execchain.ConnectionHolder.releaseConnection(ConnectionHolder.java:104)
Connection discarded
[DEBUG] 2017-07-05 17:07:17,682 method:org.apache.http.impl.conn.PoolingHttpClientConnectionManager.releaseConnection(PoolingHttpClientConnectionManager.java:326)
Connection released: [id: 10][route: {}->http://localhost:23176][total kept alive: 0; route allocated: 0 of 2000; total allocated: 0 of 2000]
[DEBUG] 2017-07-05 17:07:17,685 method:org.apache.http.client.protocol.RequestAddCookies.process(RequestAddCookies.java:123)
CookieSpec selected: default
[DEBUG] 2017-07-05 17:07:17,685 method:org.apache.http.client.protocol.RequestAuthCache.process(RequestAuthCache.java:77)
Auth cache not set in the context
[DEBUG] 2017-07-05 17:07:17,686 method:org.apache.http.impl.conn.PoolingHttpClientConnectionManager.requestConnection(PoolingHttpClientConnectionManager.java:255)
Connection request: [route: {}->http://localhost:23176][total kept alive: 0; route allocated: 0 of 2000; total allocated: 0 of 2000]
[DEBUG] 2017-07-05 17:07:17,686 method:org.apache.http.impl.conn.PoolingHttpClientConnectionManager.leaseConnection(PoolingHttpClientConnectionManager.java:288)
Connection leased: [id: 11][route: {}->http://localhost:23176][total kept alive: 0; route allocated: 1 of 2000; total allocated: 1 of 2000]
[DEBUG] 2017-07-05 17:07:17,686 method:org.apache.http.impl.execchain.MainClientExec.execute(MainClientExec.java:235)
Opening connection {}->http://localhost:23176
[DEBUG] 2017-07-05 17:07:17,686 method:org.apache.http.impl.conn.DefaultHttpClientConnectionOperator.connect(DefaultHttpClientConnectionOperator.java:139)
Connecting to localhost/127.0.0.1:23176
[DEBUG] 2017-07-05 17:07:17,688 method:org.apache.http.impl.conn.DefaultHttpClientConnectionOperator.connect(DefaultHttpClientConnectionOperator.java:146)
Connection established 127.0.0.1:59689<->127.0.0.1:23176
[DEBUG] 2017-07-05 17:07:17,689 method:org.apache.http.impl.conn.LoggingManagedHttpClientConnection.setSocketTimeout(LoggingManagedHttpClientConnection.java:88)
http-outgoing-11: set socket timeout to 10800000
[DEBUG] 2017-07-05 17:07:17,689 method:org.apache.http.impl.execchain.MainClientExec.execute(MainClientExec.java:256)
Executing request POST /session/408d3c17918aedf77d102f992aa918b8/element/0.16599930121209927-3/click HTTP/1.1
[DEBUG] 2017-07-05 17:07:17,689 method:org.apache.http.impl.execchain.MainClientExec.execute(MainClientExec.java:261)
Target auth state: UNCHALLENGED
[DEBUG] 2017-07-05 17:07:17,689 method:org.apache.http.impl.execchain.MainClientExec.execute(MainClientExec.java:267)
Proxy auth state: UNCHALLENGED
[DEBUG] 2017-07-05 17:07:17,689 method:org.apache.http.impl.conn.LoggingManagedHttpClientConnection.onRequestSubmitted(LoggingManagedHttpClientConnection.java:133)
http-outgoing-11 >> POST /session/408d3c17918aedf77d102f992aa918b8/element/0.16599930121209927-3/click HTTP/1.1
[DEBUG] 2017-07-05 17:07:17,689 method:org.apache.http.impl.conn.LoggingManagedHttpClientConnection.onRequestSubmitted(LoggingManagedHttpClientConnection.java:136)
http-outgoing-11 >> Content-Type: application/json; charset=utf-8
[DEBUG] 2017-07-05 17:07:17,690 method:org.apache.http.impl.conn.LoggingManagedHttpClientConnection.onRequestSubmitted(LoggingManagedHttpClientConnection.java:136)
http-outgoing-11 >> Content-Length: 30
[DEBUG] 2017-07-05 17:07:17,690 method:org.apache.http.impl.conn.LoggingManagedHttpClientConnection.onRequestSubmitted(LoggingManagedHttpClientConnection.java:136)
http-outgoing-11 >> Host: localhost:23176
[DEBUG] 2017-07-05 17:07:17,690 method:org.apache.http.impl.conn.LoggingManagedHttpClientConnection.onRequestSubmitted(LoggingManagedHttpClientConnection.java:136)
http-outgoing-11 >> Connection: Keep-Alive
[DEBUG] 2017-07-05 17:07:17,690 method:org.apache.http.impl.conn.LoggingManagedHttpClientConnection.onRequestSubmitted(LoggingManagedHttpClientConnection.java:136)
http-outgoing-11 >> User-Agent: Apache-HttpClient/4.5.3 (Java/1.8.0_111)
[DEBUG] 2017-07-05 17:07:17,690 method:org.apache.http.impl.conn.LoggingManagedHttpClientConnection.onRequestSubmitted(LoggingManagedHttpClientConnection.java:136)
http-outgoing-11 >> Accept-Encoding: gzip,deflate
[DEBUG] 2017-07-05 17:07:17,690 method:org.apache.http.impl.conn.Wire.wire(Wire.java:73)
http-outgoing-11 >> "POST /session/408d3c17918aedf77d102f992aa918b8/element/0.16599930121209927-3/click HTTP/1.1[\r][\n]"
[DEBUG] 2017-07-05 17:07:17,690 method:org.apache.http.impl.conn.Wire.wire(Wire.java:73)
http-outgoing-11 >> "Content-Type: application/json; charset=utf-8[\r][\n]"
[DEBUG] 2017-07-05 17:07:17,690 method:org.apache.http.impl.conn.Wire.wire(Wire.java:73)
http-outgoing-11 >> "Content-Length: 30[\r][\n]"
[DEBUG] 2017-07-05 17:07:17,691 method:org.apache.http.impl.conn.Wire.wire(Wire.java:73)
http-outgoing-11 >> "Host: localhost:23176[\r][\n]"
[DEBUG] 2017-07-05 17:07:17,691 method:org.apache.http.impl.conn.Wire.wire(Wire.java:73)
http-outgoing-11 >> "Connection: Keep-Alive[\r][\n]"
[DEBUG] 2017-07-05 17:07:17,691 method:org.apache.http.impl.conn.Wire.wire(Wire.java:73)
http-outgoing-11 >> "User-Agent: Apache-HttpClient/4.5.3 (Java/1.8.0_111)[\r][\n]"
[DEBUG] 2017-07-05 17:07:17,691 method:org.apache.http.impl.conn.Wire.wire(Wire.java:73)
http-outgoing-11 >> "Accept-Encoding: gzip,deflate[\r][\n]"
[DEBUG] 2017-07-05 17:07:17,691 method:org.apache.http.impl.conn.Wire.wire(Wire.java:73)
http-outgoing-11 >> "[\r][\n]"
[DEBUG] 2017-07-05 17:07:17,691 method:org.apache.http.impl.conn.Wire.wire(Wire.java:87)
http-outgoing-11 >> "{"id":"0.16599930121209927-3"}"
[DEBUG] 2017-07-05 17:07:17,756 method:org.apache.http.impl.conn.Wire.wire(Wire.java:73)
http-outgoing-11 << "HTTP/1.1 200 OK[\r][\n]"
[DEBUG] 2017-07-05 17:07:17,757 method:org.apache.http.impl.conn.Wire.wire(Wire.java:73)
http-outgoing-11 << "Content-Length:72[\r][\n]"
[DEBUG] 2017-07-05 17:07:17,757 method:org.apache.http.impl.conn.Wire.wire(Wire.java:73)
http-outgoing-11 << "Content-Type:application/json; charset=utf-8[\r][\n]"
[DEBUG] 2017-07-05 17:07:17,757 method:org.apache.http.impl.conn.Wire.wire(Wire.java:73)
http-outgoing-11 << "Connection:close[\r][\n]"
[DEBUG] 2017-07-05 17:07:17,757 method:org.apache.http.impl.conn.Wire.wire(Wire.java:73)
http-outgoing-11 << "[\r][\n]"
[DEBUG] 2017-07-05 17:07:17,757 method:org.apache.http.impl.conn.Wire.wire(Wire.java:87)
http-outgoing-11 << "{"sessionId":"408d3c17918aedf77d102f992aa918b8","status":0,"value":null}"
[DEBUG] 2017-07-05 17:07:17,757 method:org.apache.http.impl.conn.LoggingManagedHttpClientConnection.onResponseReceived(LoggingManagedHttpClientConnection.java:122)
http-outgoing-11 << HTTP/1.1 200 OK
[DEBUG] 2017-07-05 17:07:17,757 method:org.apache.http.impl.conn.LoggingManagedHttpClientConnection.onResponseReceived(LoggingManagedHttpClientConnection.java:125)
http-outgoing-11 << Content-Length:72
[DEBUG] 2017-07-05 17:07:17,758 method:org.apache.http.impl.conn.LoggingManagedHttpClientConnection.onResponseReceived(LoggingManagedHttpClientConnection.java:125)
http-outgoing-11 << Content-Type:application/json; charset=utf-8
[DEBUG] 2017-07-05 17:07:17,758 method:org.apache.http.impl.conn.LoggingManagedHttpClientConnection.onResponseReceived(LoggingManagedHttpClientConnection.java:125)
http-outgoing-11 << Connection:close
[DEBUG] 2017-07-05 17:07:17,758 method:org.apache.http.impl.conn.LoggingManagedHttpClientConnection.close(LoggingManagedHttpClientConnection.java:79)
http-outgoing-11: Close connection
[DEBUG] 2017-07-05 17:07:17,758 method:org.apache.http.impl.execchain.ConnectionHolder.releaseConnection(ConnectionHolder.java:104)
Connection discarded
[DEBUG] 2017-07-05 17:07:17,758 method:org.apache.http.impl.conn.PoolingHttpClientConnectionManager.releaseConnection(PoolingHttpClientConnectionManager.java:326)
Connection released: [id: 11][route: {}->http://localhost:23176][total kept alive: 0; route allocated: 0 of 2000; total allocated: 0 of 2000]
点击了==//*[@id="login"]/div[1]/div[2]/form/button[1]
[{element_info=//*[@id="setting"]/a, find_type=xpath, operate_type=click}, {element_info=//*[@id="J_left_div"]/div[1]/ul/li[14]/li/div/p, find_type=xpath, operate_type=click}, {element_info=//*[@id="personInformation"]/div[2]/div[1]/p[5]/a, find_type=xpath, operate_type=click, frame=lfwiseopertest02.hwcloudtest.cn}]
[DEBUG] 2017-07-05 17:07:17,764 method:org.apache.http.client.protocol.RequestAddCookies.process(RequestAddCookies.java:123)
CookieSpec selected: default
[DEBUG] 2017-07-05 17:07:17,765 method:org.apache.http.client.protocol.RequestAuthCache.process(RequestAuthCache.java:77)
Auth cache not set in the context
[DEBUG] 2017-07-05 17:07:17,765 method:org.apache.http.impl.conn.PoolingHttpClientConnectionManager.requestConnection(PoolingHttpClientConnectionManager.java:255)
Connection request: [route: {}->http://localhost:23176][total kept alive: 0; route allocated: 0 of 2000; total allocated: 0 of 2000]
[DEBUG] 2017-07-05 17:07:17,766 method:org.apache.http.impl.conn.PoolingHttpClientConnectionManager.leaseConnection(PoolingHttpClientConnectionManager.java:288)
Connection leased: [id: 12][route: {}->http://localhost:23176][total kept alive: 0; route allocated: 1 of 2000; total allocated: 1 of 2000]
[DEBUG] 2017-07-05 17:07:17,766 method:org.apache.http.impl.execchain.MainClientExec.execute(MainClientExec.java:235)
Opening connection {}->http://localhost:23176
[DEBUG] 2017-07-05 17:07:17,766 method:org.apache.http.impl.conn.DefaultHttpClientConnectionOperator.connect(DefaultHttpClientConnectionOperator.java:139)
Connecting to localhost/127.0.0.1:23176
[DEBUG] 2017-07-05 17:07:17,767 method:org.apache.http.impl.conn.DefaultHttpClientConnectionOperator.connect(DefaultHttpClientConnectionOperator.java:146)
Connection established 127.0.0.1:59690<->127.0.0.1:23176
[DEBUG] 2017-07-05 17:07:17,767 method:org.apache.http.impl.conn.LoggingManagedHttpClientConnection.setSocketTimeout(LoggingManagedHttpClientConnection.java:88)
http-outgoing-12: set socket timeout to 10800000
[DEBUG] 2017-07-05 17:07:17,767 method:org.apache.http.impl.execchain.MainClientExec.execute(MainClientExec.java:256)
Executing request POST /session/408d3c17918aedf77d102f992aa918b8/elements HTTP/1.1
[DEBUG] 2017-07-05 17:07:17,767 method:org.apache.http.impl.execchain.MainClientExec.execute(MainClientExec.java:261)
Target auth state: UNCHALLENGED
[DEBUG] 2017-07-05 17:07:17,768 method:org.apache.http.impl.execchain.MainClientExec.execute(MainClientExec.java:267)
Proxy auth state: UNCHALLENGED
[DEBUG] 2017-07-05 17:07:17,768 method:org.apache.http.impl.conn.LoggingManagedHttpClientConnection.onRequestSubmitted(LoggingManagedHttpClientConnection.java:133)
http-outgoing-12 >> POST /session/408d3c17918aedf77d102f992aa918b8/elements HTTP/1.1
[DEBUG] 2017-07-05 17:07:17,768 method:org.apache.http.impl.conn.LoggingManagedHttpClientConnection.onRequestSubmitted(LoggingManagedHttpClientConnection.java:136)
http-outgoing-12 >> Content-Type: application/json; charset=utf-8
[DEBUG] 2017-07-05 17:07:17,768 method:org.apache.http.impl.conn.LoggingManagedHttpClientConnection.onRequestSubmitted(LoggingManagedHttpClientConnection.java:136)
http-outgoing-12 >> Content-Length: 50
[DEBUG] 2017-07-05 17:07:17,768 method:org.apache.http.impl.conn.LoggingManagedHttpClientConnection.onRequestSubmitted(LoggingManagedHttpClientConnection.java:136)
http-outgoing-12 >> Host: localhost:23176
[DEBUG] 2017-07-05 17:07:17,768 method:org.apache.http.impl.conn.LoggingManagedHttpClientConnection.onRequestSubmitted(LoggingManagedHttpClientConnection.java:136)
http-outgoing-12 >> Connection: Keep-Alive
[DEBUG] 2017-07-05 17:07:17,768 method:org.apache.http.impl.conn.LoggingManagedHttpClientConnection.onRequestSubmitted(LoggingManagedHttpClientConnection.java:136)
http-outgoing-12 >> User-Agent: Apache-HttpClient/4.5.3 (Java/1.8.0_111)
[DEBUG] 2017-07-05 17:07:17,768 method:org.apache.http.impl.conn.LoggingManagedHttpClientConnection.onRequestSubmitted(LoggingManagedHttpClientConnection.java:136)
http-outgoing-12 >> Accept-Encoding: gzip,deflate
[DEBUG] 2017-07-05 17:07:17,768 method:org.apache.http.impl.conn.Wire.wire(Wire.java:73)
http-outgoing-12 >> "POST /session/408d3c17918aedf77d102f992aa918b8/elements HTTP/1.1[\r][\n]"
[DEBUG] 2017-07-05 17:07:17,769 method:org.apache.http.impl.conn.Wire.wire(Wire.java:73)
http-outgoing-12 >> "Content-Type: application/json; charset=utf-8[\r][\n]"
[DEBUG] 2017-07-05 17:07:17,769 method:org.apache.http.impl.conn.Wire.wire(Wire.java:73)
http-outgoing-12 >> "Content-Length: 50[\r][\n]"
[DEBUG] 2017-07-05 17:07:17,769 method:org.apache.http.impl.conn.Wire.wire(Wire.java:73)
http-outgoing-12 >> "Host: localhost:23176[\r][\n]"
[DEBUG] 2017-07-05 17:07:17,769 method:org.apache.http.impl.conn.Wire.wire(Wire.java:73)
http-outgoing-12 >> "Connection: Keep-Alive[\r][\n]"
[DEBUG] 2017-07-05 17:07:17,769 method:org.apache.http.impl.conn.Wire.wire(Wire.java:73)
http-outgoing-12 >> "User-Agent: Apache-HttpClient/4.5.3 (Java/1.8.0_111)[\r][\n]"
[DEBUG] 2017-07-05 17:07:17,769 method:org.apache.http.impl.conn.Wire.wire(Wire.java:73)
http-outgoing-12 >> "Accept-Encoding: gzip,deflate[\r][\n]"
[DEBUG] 2017-07-05 17:07:17,769 method:org.apache.http.impl.conn.Wire.wire(Wire.java:73)
http-outgoing-12 >> "[\r][\n]"
[DEBUG] 2017-07-05 17:07:17,769 method:org.apache.http.impl.conn.Wire.wire(Wire.java:87)
http-outgoing-12 >> "{"using":"xpath","value":"//*[@id=\"setting\"]/a"}"
[DEBUG] 2017-07-05 17:07:17,789 method:org.apache.http.impl.conn.Wire.wire(Wire.java:73)
http-outgoing-12 << "HTTP/1.1 200 OK[\r][\n]"
[DEBUG] 2017-07-05 17:07:17,789 method:org.apache.http.impl.conn.Wire.wire(Wire.java:73)
http-outgoing-12 << "Content-Length:70[\r][\n]"
[DEBUG] 2017-07-05 17:07:17,789 method:org.apache.http.impl.conn.Wire.wire(Wire.java:73)
http-outgoing-12 << "Content-Type:application/json; charset=utf-8[\r][\n]"
[DEBUG] 2017-07-05 17:07:17,789 method:org.apache.http.impl.conn.Wire.wire(Wire.java:73)
http-outgoing-12 << "Connection:close[\r][\n]"
[DEBUG] 2017-07-05 17:07:17,789 method:org.apache.http.impl.conn.Wire.wire(Wire.java:73)
http-outgoing-12 << "[\r][\n]"
[DEBUG] 2017-07-05 17:07:17,789 method:org.apache.http.impl.conn.Wire.wire(Wire.java:87)
http-outgoing-12 << "{"sessionId":"408d3c17918aedf77d102f992aa918b8","status":0,"value":[]}"
[DEBUG] 2017-07-05 17:07:17,790 method:org.apache.http.impl.conn.LoggingManagedHttpClientConnection.onResponseReceived(LoggingManagedHttpClientConnection.java:122)
http-outgoing-12 << HTTP/1.1 200 OK
[DEBUG] 2017-07-05 17:07:17,790 method:org.apache.http.impl.conn.LoggingManagedHttpClientConnection.onResponseReceived(LoggingManagedHttpClientConnection.java:125)
http-outgoing-12 << Content-Length:70
[DEBUG] 2017-07-05 17:07:17,790 method:org.apache.http.impl.conn.LoggingManagedHttpClientConnection.onResponseReceived(LoggingManagedHttpClientConnection.java:125)
http-outgoing-12 << Content-Type:application/json; charset=utf-8
[DEBUG] 2017-07-05 17:07:17,790 method:org.apache.http.impl.conn.LoggingManagedHttpClientConnection.onResponseReceived(LoggingManagedHttpClientConnection.java:125)
http-outgoing-12 << Connection:close
[DEBUG] 2017-07-05 17:07:17,791 method:org.apache.http.impl.conn.LoggingManagedHttpClientConnection.close(LoggingManagedHttpClientConnection.java:79)
http-outgoing-12: Close connection
[DEBUG] 2017-07-05 17:07:17,791 method:org.apache.http.impl.execchain.ConnectionHolder.releaseConnection(ConnectionHolder.java:104)
Connection discarded
[DEBUG] 2017-07-05 17:07:17,791 method:org.apache.http.impl.conn.PoolingHttpClientConnectionManager.releaseConnection(PoolingHttpClientConnectionManager.java:326)
Connection released: [id: 12][route: {}->http://localhost:23176][total kept alive: 0; route allocated: 0 of 2000; total allocated: 0 of 2000]
[DEBUG] 2017-07-05 17:07:18,297 method:org.apache.http.client.protocol.RequestAddCookies.process(RequestAddCookies.java:123)
CookieSpec selected: default
[DEBUG] 2017-07-05 17:07:18,298 method:org.apache.http.client.protocol.RequestAuthCache.process(RequestAuthCache.java:77)
Auth cache not set in the context
[DEBUG] 2017-07-05 17:07:18,298 method:org.apache.http.impl.conn.PoolingHttpClientConnectionManager.requestConnection(PoolingHttpClientConnectionManager.java:255)
Connection request: [route: {}->http://localhost:23176][total kept alive: 0; route allocated: 0 of 2000; total allocated: 0 of 2000]
[DEBUG] 2017-07-05 17:07:18,299 method:org.apache.http.impl.conn.PoolingHttpClientConnectionManager.leaseConnection(PoolingHttpClientConnectionManager.java:288)
Connection leased: [id: 13][route: {}->http://localhost:23176][total kept alive: 0; route allocated: 1 of 2000; total allocated: 1 of 2000]
[DEBUG] 2017-07-05 17:07:18,299 method:org.apache.http.impl.execchain.MainClientExec.execute(MainClientExec.java:235)
Opening connection {}->http://localhost:23176
[DEBUG] 2017-07-05 17:07:18,299 method:org.apache.http.impl.conn.DefaultHttpClientConnectionOperator.connect(DefaultHttpClientConnectionOperator.java:139)
Connecting to localhost/127.0.0.1:23176
[DEBUG] 2017-07-05 17:07:18,302 method:org.apache.http.impl.conn.DefaultHttpClientConnectionOperator.connect(DefaultHttpClientConnectionOperator.java:146)
Connection established 127.0.0.1:59693<->127.0.0.1:23176
[DEBUG] 2017-07-05 17:07:18,303 method:org.apache.http.impl.conn.LoggingManagedHttpClientConnection.setSocketTimeout(LoggingManagedHttpClientConnection.java:88)
http-outgoing-13: set socket timeout to 10800000
[DEBUG] 2017-07-05 17:07:18,303 method:org.apache.http.impl.execchain.MainClientExec.execute(MainClientExec.java:256)
Executing request POST /session/408d3c17918aedf77d102f992aa918b8/elements HTTP/1.1
[DEBUG] 2017-07-05 17:07:18,303 method:org.apache.http.impl.execchain.MainClientExec.execute(MainClientExec.java:261)
Target auth state: UNCHALLENGED
[DEBUG] 2017-07-05 17:07:18,304 method:org.apache.http.impl.execchain.MainClientExec.execute(MainClientExec.java:267)
Proxy auth state: UNCHALLENGED
[DEBUG] 2017-07-05 17:07:18,304 method:org.apache.http.impl.conn.LoggingManagedHttpClientConnection.onRequestSubmitted(LoggingManagedHttpClientConnection.java:133)
http-outgoing-13 >> POST /session/408d3c17918aedf77d102f992aa918b8/elements HTTP/1.1
[DEBUG] 2017-07-05 17:07:18,305 method:org.apache.http.impl.conn.LoggingManagedHttpClientConnection.onRequestSubmitted(LoggingManagedHttpClientConnection.java:136)
http-outgoing-13 >> Content-Type: application/json; charset=utf-8
[DEBUG] 2017-07-05 17:07:18,305 method:org.apache.http.impl.conn.LoggingManagedHttpClientConnection.onRequestSubmitted(LoggingManagedHttpClientConnection.java:136)
http-outgoing-13 >> Content-Length: 50
[DEBUG] 2017-07-05 17:07:18,305 method:org.apache.http.impl.conn.LoggingManagedHttpClientConnection.onRequestSubmitted(LoggingManagedHttpClientConnection.java:136)
http-outgoing-13 >> Host: localhost:23176
[DEBUG] 2017-07-05 17:07:18,305 method:org.apache.http.impl.conn.LoggingManagedHttpClientConnection.onRequestSubmitted(LoggingManagedHttpClientConnection.java:136)
http-outgoing-13 >> Connection: Keep-Alive
[DEBUG] 2017-07-05 17:07:18,306 method:org.apache.http.impl.conn.LoggingManagedHttpClientConnection.onRequestSubmitted(LoggingManagedHttpClientConnection.java:136)
http-outgoing-13 >> User-Agent: Apache-HttpClient/4.5.3 (Java/1.8.0_111)
[DEBUG] 2017-07-05 17:07:18,306 method:org.apache.http.impl.conn.LoggingManagedHttpClientConnection.onRequestSubmitted(LoggingManagedHttpClientConnection.java:136)
http-outgoing-13 >> Accept-Encoding: gzip,deflate
[DEBUG] 2017-07-05 17:07:18,306 method:org.apache.http.impl.conn.Wire.wire(Wire.java:73)
http-outgoing-13 >> "POST /session/408d3c17918aedf77d102f992aa918b8/elements HTTP/1.1[\r][\n]"
[DEBUG] 2017-07-05 17:07:18,307 method:org.apache.http.impl.conn.Wire.wire(Wire.java:73)
http-outgoing-13 >> "Content-Type: application/json; charset=utf-8[\r][\n]"
[DEBUG] 2017-07-05 17:07:18,307 method:org.apache.http.impl.conn.Wire.wire(Wire.java:73)
http-outgoing-13 >> "Content-Length: 50[\r][\n]"
[DEBUG] 2017-07-05 17:07:18,307 method:org.apache.http.impl.conn.Wire.wire(Wire.java:73)
http-outgoing-13 >> "Host: localhost:23176[\r][\n]"
[DEBUG] 2017-07-05 17:07:18,308 method:org.apache.http.impl.conn.Wire.wire(Wire.java:73)
http-outgoing-13 >> "Connection: Keep-Alive[\r][\n]"
[DEBUG] 2017-07-05 17:07:18,308 method:org.apache.http.impl.conn.Wire.wire(Wire.java:73)
http-outgoing-13 >> "User-Agent: Apache-HttpClient/4.5.3 (Java/1.8.0_111)[\r][\n]"
[DEBUG] 2017-07-05 17:07:18,308 method:org.apache.http.impl.conn.Wire.wire(Wire.java:73)
http-outgoing-13 >> "Accept-Encoding: gzip,deflate[\r][\n]"
[DEBUG] 2017-07-05 17:07:18,308 method:org.apache.http.impl.conn.Wire.wire(Wire.java:73)
http-outgoing-13 >> "[\r][\n]"
[DEBUG] 2017-07-05 17:07:18,309 method:org.apache.http.impl.conn.Wire.wire(Wire.java:87)
http-outgoing-13 >> "{"using":"xpath","value":"//*[@id=\"setting\"]/a"}"
[DEBUG] 2017-07-05 17:07:18,327 method:org.apache.http.impl.conn.Wire.wire(Wire.java:73)
http-outgoing-13 << "HTTP/1.1 200 OK[\r][\n]"
[DEBUG] 2017-07-05 17:07:18,327 method:org.apache.http.impl.conn.Wire.wire(Wire.java:73)
http-outgoing-13 << "Content-Length:70[\r][\n]"
[DEBUG] 2017-07-05 17:07:18,327 method:org.apache.http.impl.conn.Wire.wire(Wire.java:73)
http-outgoing-13 << "Content-Type:application/json; charset=utf-8[\r][\n]"
[DEBUG] 2017-07-05 17:07:18,327 method:org.apache.http.impl.conn.Wire.wire(Wire.java:73)
http-outgoing-13 << "Connection:close[\r][\n]"
[DEBUG] 2017-07-05 17:07:18,328 method:org.apache.http.impl.conn.Wire.wire(Wire.java:73)
http-outgoing-13 << "[\r][\n]"
[DEBUG] 2017-07-05 17:07:18,328 method:org.apache.http.impl.conn.Wire.wire(Wire.java:87)
http-outgoing-13 << "{"sessionId":"408d3c17918aedf77d102f992aa918b8","status":0,"value":[]}"
[DEBUG] 2017-07-05 17:07:18,328 method:org.apache.http.impl.conn.LoggingManagedHttpClientConnection.onResponseReceived(LoggingManagedHttpClientConnection.java:122)
http-outgoing-13 << HTTP/1.1 200 OK
[DEBUG] 2017-07-05 17:07:18,328 method:org.apache.http.impl.conn.LoggingManagedHttpClientConnection.onResponseReceived(LoggingManagedHttpClientConnection.java:125)
http-outgoing-13 << Content-Length:70
[DEBUG] 2017-07-05 17:07:18,328 method:org.apache.http.impl.conn.LoggingManagedHttpClientConnection.onResponseReceived(LoggingManagedHttpClientConnection.java:125)
http-outgoing-13 << Content-Type:application/json; charset=utf-8
[DEBUG] 2017-07-05 17:07:18,328 method:org.apache.http.impl.conn.LoggingManagedHttpClientConnection.onResponseReceived(LoggingManagedHttpClientConnection.java:125)
http-outgoing-13 << Connection:close
[DEBUG] 2017-07-05 17:07:18,329 method:org.apache.http.impl.conn.LoggingManagedHttpClientConnection.close(LoggingManagedHttpClientConnection.java:79)
http-outgoing-13: Close connection
[DEBUG] 2017-07-05 17:07:18,329 method:org.apache.http.impl.execchain.ConnectionHolder.releaseConnection(ConnectionHolder.java:104)
Connection discarded
[DEBUG] 2017-07-05 17:07:18,329 method:org.apache.http.impl.conn.PoolingHttpClientConnectionManager.releaseConnection(PoolingHttpClientConnectionManager.java:326)
Connection released: [id: 13][route: {}->http://localhost:23176][total kept alive: 0; route allocated: 0 of 2000; total allocated: 0 of 2000]
[DEBUG] 2017-07-05 17:07:18,831 method:org.apache.http.client.protocol.RequestAddCookies.process(RequestAddCookies.java:123)
CookieSpec selected: default
[DEBUG] 2017-07-05 17:07:18,831 method:org.apache.http.client.protocol.RequestAuthCache.process(RequestAuthCache.java:77)
Auth cache not set in the context
[DEBUG] 2017-07-05 17:07:18,832 method:org.apache.http.impl.conn.PoolingHttpClientConnectionManager.requestConnection(PoolingHttpClientConnectionManager.java:255)
Connection request: [route: {}->http://localhost:23176][total kept alive: 0; route allocated: 0 of 2000; total allocated: 0 of 2000]
[DEBUG] 2017-07-05 17:07:18,832 method:org.apache.http.impl.conn.PoolingHttpClientConnectionManager.leaseConnection(PoolingHttpClientConnectionManager.java:288)
Connection leased: [id: 14][route: {}->http://localhost:23176][total kept alive: 0; route allocated: 1 of 2000; total allocated: 1 of 2000]
[DEBUG] 2017-07-05 17:07:18,832 method:org.apache.http.impl.execchain.MainClientExec.execute(MainClientExec.java:235)
Opening connection {}->http://localhost:23176
[DEBUG] 2017-07-05 17:07:18,833 method:org.apache.http.impl.conn.DefaultHttpClientConnectionOperator.connect(DefaultHttpClientConnectionOperator.java:139)
Connecting to localhost/127.0.0.1:23176
[DEBUG] 2017-07-05 17:07:18,834 method:org.apache.http.impl.conn.DefaultHttpClientConnectionOperator.connect(DefaultHttpClientConnectionOperator.java:146)
Connection established 127.0.0.1:59694<->127.0.0.1:23176
[DEBUG] 2017-07-05 17:07:18,834 method:org.apache.http.impl.conn.LoggingManagedHttpClientConnection.setSocketTimeout(LoggingManagedHttpClientConnection.java:88)
http-outgoing-14: set socket timeout to 10800000
[DEBUG] 2017-07-05 17:07:18,835 method:org.apache.http.impl.execchain.MainClientExec.execute(MainClientExec.java:256)
Executing request POST /session/408d3c17918aedf77d102f992aa918b8/elements HTTP/1.1
[DEBUG] 2017-07-05 17:07:18,835 method:org.apache.http.impl.execchain.MainClientExec.execute(MainClientExec.java:261)
Target auth state: UNCHALLENGED
[DEBUG] 2017-07-05 17:07:18,835 method:org.apache.http.impl.execchain.MainClientExec.execute(MainClientExec.java:267)
Proxy auth state: UNCHALLENGED
[DEBUG] 2017-07-05 17:07:18,836 method:org.apache.http.impl.conn.LoggingManagedHttpClientConnection.onRequestSubmitted(LoggingManagedHttpClientConnection.java:133)
http-outgoing-14 >> POST /session/408d3c17918aedf77d102f992aa918b8/elements HTTP/1.1
[DEBUG] 2017-07-05 17:07:18,836 method:org.apache.http.impl.conn.LoggingManagedHttpClientConnection.onRequestSubmitted(LoggingManagedHttpClientConnection.java:136)
http-outgoing-14 >> Content-Type: application/json; charset=utf-8
[DEBUG] 2017-07-05 17:07:18,837 method:org.apache.http.impl.conn.LoggingManagedHttpClientConnection.onRequestSubmitted(LoggingManagedHttpClientConnection.java:136)
http-outgoing-14 >> Content-Length: 50
[DEBUG] 2017-07-05 17:07:18,837 method:org.apache.http.impl.conn.LoggingManagedHttpClientConnection.onRequestSubmitted(LoggingManagedHttpClientConnection.java:136)
http-outgoing-14 >> Host: localhost:23176
[DEBUG] 2017-07-05 17:07:18,837 method:org.apache.http.impl.conn.LoggingManagedHttpClientConnection.onRequestSubmitted(LoggingManagedHttpClientConnection.java:136)
http-outgoing-14 >> Connection: Keep-Alive
[DEBUG] 2017-07-05 17:07:18,837 method:org.apache.http.impl.conn.LoggingManagedHttpClientConnection.onRequestSubmitted(LoggingManagedHttpClientConnection.java:136)
http-outgoing-14 >> User-Agent: Apache-HttpClient/4.5.3 (Java/1.8.0_111)
[DEBUG] 2017-07-05 17:07:18,837 method:org.apache.http.impl.conn.LoggingManagedHttpClientConnection.onRequestSubmitted(LoggingManagedHttpClientConnection.java:136)
http-outgoing-14 >> Accept-Encoding: gzip,deflate
[DEBUG] 2017-07-05 17:07:18,838 method:org.apache.http.impl.conn.Wire.wire(Wire.java:73)
http-outgoing-14 >> "POST /session/408d3c17918aedf77d102f992aa918b8/elements HTTP/1.1[\r][\n]"
[DEBUG] 2017-07-05 17:07:18,838 method:org.apache.http.impl.conn.Wire.wire(Wire.java:73)
http-outgoing-14 >> "Content-Type: application/json; charset=utf-8[\r][\n]"
[DEBUG] 2017-07-05 17:07:18,838 method:org.apache.http.impl.conn.Wire.wire(Wire.java:73)
http-outgoing-14 >> "Content-Length: 50[\r][\n]"
[DEBUG] 2017-07-05 17:07:18,838 method:org.apache.http.impl.conn.Wire.wire(Wire.java:73)
http-outgoing-14 >> "Host: localhost:23176[\r][\n]"
[DEBUG] 2017-07-05 17:07:18,838 method:org.apache.http.impl.conn.Wire.wire(Wire.java:73)
http-outgoing-14 >> "Connection: Keep-Alive[\r][\n]"
[DEBUG] 2017-07-05 17:07:18,838 method:org.apache.http.impl.conn.Wire.wire(Wire.java:73)
http-outgoing-14 >> "User-Agent: Apache-HttpClient/4.5.3 (Java/1.8.0_111)[\r][\n]"
[DEBUG] 2017-07-05 17:07:18,838 method:org.apache.http.impl.conn.Wire.wire(Wire.java:73)
http-outgoing-14 >> "Accept-Encoding: gzip,deflate[\r][\n]"
[DEBUG] 2017-07-05 17:07:18,839 method:org.apache.http.impl.conn.Wire.wire(Wire.java:73)
http-outgoing-14 >> "[\r][\n]"
[DEBUG] 2017-07-05 17:07:18,839 method:org.apache.http.impl.conn.Wire.wire(Wire.java:87)
http-outgoing-14 >> "{"using":"xpath","value":"//*[@id=\"setting\"]/a"}"
[DEBUG] 2017-07-05 17:07:18,854 method:org.apache.http.impl.conn.Wire.wire(Wire.java:73)
http-outgoing-14 << "HTTP/1.1 200 OK[\r][\n]"
[DEBUG] 2017-07-05 17:07:18,855 method:org.apache.http.impl.conn.Wire.wire(Wire.java:73)
http-outgoing-14 << "Content-Length:70[\r][\n]"
[DEBUG] 2017-07-05 17:07:18,855 method:org.apache.http.impl.conn.Wire.wire(Wire.java:73)
http-outgoing-14 << "Content-Type:application/json; charset=utf-8[\r][\n]"
[DEBUG] 2017-07-05 17:07:18,856 method:org.apache.http.impl.conn.Wire.wire(Wire.java:73)
http-outgoing-14 << "Connection:close[\r][\n]"
[DEBUG] 2017-07-05 17:07:18,856 method:org.apache.http.impl.conn.Wire.wire(Wire.java:73)
http-outgoing-14 << "[\r][\n]"
[DEBUG] 2017-07-05 17:07:18,856 method:org.apache.http.impl.conn.Wire.wire(Wire.java:87)
http-outgoing-14 << "{"sessionId":"408d3c17918aedf77d102f992aa918b8","status":0,"value":[]}"
[DEBUG] 2017-07-05 17:07:18,856 method:org.apache.http.impl.conn.LoggingManagedHttpClientConnection.onResponseReceived(LoggingManagedHttpClientConnection.java:122)
http-outgoing-14 << HTTP/1.1 200 OK
[DEBUG] 2017-07-05 17:07:18,856 method:org.apache.http.impl.conn.LoggingManagedHttpClientConnection.onResponseReceived(LoggingManagedHttpClientConnection.java:125)
http-outgoing-14 << Content-Length:70
[DEBUG] 2017-07-05 17:07:18,857 method:org.apache.http.impl.conn.LoggingManagedHttpClientConnection.onResponseReceived(LoggingManagedHttpClientConnection.java:125)
http-outgoing-14 << Content-Type:application/json; charset=utf-8
[DEBUG] 2017-07-05 17:07:18,857 method:org.apache.http.impl.conn.LoggingManagedHttpClientConnection.onResponseReceived(LoggingManagedHttpClientConnection.java:125)
http-outgoing-14 << Connection:close
[DEBUG] 2017-07-05 17:07:18,857 method:org.apache.http.impl.conn.LoggingManagedHttpClientConnection.close(LoggingManagedHttpClientConnection.java:79)
http-outgoing-14: Close connection
[DEBUG] 2017-07-05 17:07:18,858 method:org.apache.http.impl.execchain.ConnectionHolder.releaseConnection(ConnectionHolder.java:104)
Connection discarded
[DEBUG] 2017-07-05 17:07:18,858 method:org.apache.http.impl.conn.PoolingHttpClientConnectionManager.releaseConnection(PoolingHttpClientConnectionManager.java:326)
Connection released: [id: 14][route: {}->http://localhost:23176][total kept alive: 0; route allocated: 0 of 2000; total allocated: 0 of 2000]
[DEBUG] 2017-07-05 17:07:19,360 method:org.apache.http.client.protocol.RequestAddCookies.process(RequestAddCookies.java:123)
CookieSpec selected: default
[DEBUG] 2017-07-05 17:07:19,361 method:org.apache.http.client.protocol.RequestAuthCache.process(RequestAuthCache.java:77)
Auth cache not set in the context
[DEBUG] 2017-07-05 17:07:19,361 method:org.apache.http.impl.conn.PoolingHttpClientConnectionManager.requestConnection(PoolingHttpClientConnectionManager.java:255)
Connection request: [route: {}->http://localhost:23176][total kept alive: 0; route allocated: 0 of 2000; total allocated: 0 of 2000]
[DEBUG] 2017-07-05 17:07:19,362 method:org.apache.http.impl.conn.PoolingHttpClientConnectionManager.leaseConnection(PoolingHttpClientConnectionManager.java:288)
Connection leased: [id: 15][route: {}->http://localhost:23176][total kept alive: 0; route allocated: 1 of 2000; total allocated: 1 of 2000]
[DEBUG] 2017-07-05 17:07:19,362 method:org.apache.http.impl.execchain.MainClientExec.execute(MainClientExec.java:235)
Opening connection {}->http://localhost:23176
[DEBUG] 2017-07-05 17:07:19,363 method:org.apache.http.impl.conn.DefaultHttpClientConnectionOperator.connect(DefaultHttpClientConnectionOperator.java:139)
Connecting to localhost/127.0.0.1:23176
[DEBUG] 2017-07-05 17:07:19,364 method:org.apache.http.impl.conn.DefaultHttpClientConnectionOperator.connect(DefaultHttpClientConnectionOperator.java:146)
Connection established 127.0.0.1:59695<->127.0.0.1:23176
[DEBUG] 2017-07-05 17:07:19,365 method:org.apache.http.impl.conn.LoggingManagedHttpClientConnection.setSocketTimeout(LoggingManagedHttpClientConnection.java:88)
http-outgoing-15: set socket timeout to 10800000
[DEBUG] 2017-07-05 17:07:19,365 method:org.apache.http.impl.execchain.MainClientExec.execute(MainClientExec.java:256)
Executing request POST /session/408d3c17918aedf77d102f992aa918b8/elements HTTP/1.1
[DEBUG] 2017-07-05 17:07:19,366 method:org.apache.http.impl.execchain.MainClientExec.execute(MainClientExec.java:261)
Target auth state: UNCHALLENGED
[DEBUG] 2017-07-05 17:07:19,366 method:org.apache.http.impl.execchain.MainClientExec.execute(MainClientExec.java:267)
Proxy auth state: UNCHALLENGED
[DEBUG] 2017-07-05 17:07:19,366 method:org.apache.http.impl.conn.LoggingManagedHttpClientConnection.onRequestSubmitted(LoggingManagedHttpClientConnection.java:133)
http-outgoing-15 >> POST /session/408d3c17918aedf77d102f992aa918b8/elements HTTP/1.1
[DEBUG] 2017-07-05 17:07:19,367 method:org.apache.http.impl.conn.LoggingManagedHttpClientConnection.onRequestSubmitted(LoggingManagedHttpClientConnection.java:136)
http-outgoing-15 >> Content-Type: application/json; charset=utf-8
[DEBUG] 2017-07-05 17:07:19,367 method:org.apache.http.impl.conn.LoggingManagedHttpClientConnection.onRequestSubmitted(LoggingManagedHttpClientConnection.java:136)
http-outgoing-15 >> Content-Length: 50
[DEBUG] 2017-07-05 17:07:19,367 method:org.apache.http.impl.conn.LoggingManagedHttpClientConnection.onRequestSubmitted(LoggingManagedHttpClientConnection.java:136)
http-outgoing-15 >> Host: localhost:23176
[DEBUG] 2017-07-05 17:07:19,367 method:org.apache.http.impl.conn.LoggingManagedHttpClientConnection.onRequestSubmitted(LoggingManagedHttpClientConnection.java:136)
http-outgoing-15 >> Connection: Keep-Alive
[DEBUG] 2017-07-05 17:07:19,368 method:org.apache.http.impl.conn.LoggingManagedHttpClientConnection.onRequestSubmitted(LoggingManagedHttpClientConnection.java:136)
http-outgoing-15 >> User-Agent: Apache-HttpClient/4.5.3 (Java/1.8.0_111)
[DEBUG] 2017-07-05 17:07:19,368 method:org.apache.http.impl.conn.LoggingManagedHttpClientConnection.onRequestSubmitted(LoggingManagedHttpClientConnection.java:136)
http-outgoing-15 >> Accept-Encoding: gzip,deflate
[DEBUG] 2017-07-05 17:07:19,368 method:org.apache.http.impl.conn.Wire.wire(Wire.java:73)
http-outgoing-15 >> "POST /session/408d3c17918aedf77d102f992aa918b8/elements HTTP/1.1[\r][\n]"
[DEBUG] 2017-07-05 17:07:19,369 method:org.apache.http.impl.conn.Wire.wire(Wire.java:73)
http-outgoing-15 >> "Content-Type: application/json; charset=utf-8[\r][\n]"
[DEBUG] 2017-07-05 17:07:19,369 method:org.apache.http.impl.conn.Wire.wire(Wire.java:73)
http-outgoing-15 >> "Content-Length: 50[\r][\n]"
[DEBUG] 2017-07-05 17:07:19,369 method:org.apache.http.impl.conn.Wire.wire(Wire.java:73)
http-outgoing-15 >> "Host: localhost:23176[\r][\n]"
[DEBUG] 2017-07-05 17:07:19,369 method:org.apache.http.impl.conn.Wire.wire(Wire.java:73)
http-outgoing-15 >> "Connection: Keep-Alive[\r][\n]"
[DEBUG] 2017-07-05 17:07:19,370 method:org.apache.http.impl.conn.Wire.wire(Wire.java:73)
http-outgoing-15 >> "User-Agent: Apache-HttpClient/4.5.3 (Java/1.8.0_111)[\r][\n]"
[DEBUG] 2017-07-05 17:07:19,371 method:org.apache.http.impl.conn.Wire.wire(Wire.java:73)
http-outgoing-15 >> "Accept-Encoding: gzip,deflate[\r][\n]"
[DEBUG] 2017-07-05 17:07:19,372 method:org.apache.http.impl.conn.Wire.wire(Wire.java:73)
http-outgoing-15 >> "[\r][\n]"
[DEBUG] 2017-07-05 17:07:19,372 method:org.apache.http.impl.conn.Wire.wire(Wire.java:87)
http-outgoing-15 >> "{"using":"xpath","value":"//*[@id=\"setting\"]/a"}"
[DEBUG] 2017-07-05 17:07:19,386 method:org.apache.http.impl.conn.Wire.wire(Wire.java:73)
http-outgoing-15 << "HTTP/1.1 200 OK[\r][\n]"
[DEBUG] 2017-07-05 17:07:19,386 method:org.apache.http.impl.conn.Wire.wire(Wire.java:73)
http-outgoing-15 << "Content-Length:70[\r][\n]"
[DEBUG] 2017-07-05 17:07:19,387 method:org.apache.http.impl.conn.Wire.wire(Wire.java:73)
http-outgoing-15 << "Content-Type:application/json; charset=utf-8[\r][\n]"
[DEBUG] 2017-07-05 17:07:19,387 method:org.apache.http.impl.conn.Wire.wire(Wire.java:73)
http-outgoing-15 << "Connection:close[\r][\n]"
[DEBUG] 2017-07-05 17:07:19,387 method:org.apache.http.impl.conn.Wire.wire(Wire.java:73)
http-outgoing-15 << "[\r][\n]"
[DEBUG] 2017-07-05 17:07:19,387 method:org.apache.http.impl.conn.Wire.wire(Wire.java:87)
http-outgoing-15 << "{"sessionId":"408d3c17918aedf77d102f992aa918b8","status":0,"value":[]}"
[DEBUG] 2017-07-05 17:07:19,388 method:org.apache.http.impl.conn.LoggingManagedHttpClientConnection.onResponseReceived(LoggingManagedHttpClientConnection.java:122)
http-outgoing-15 << HTTP/1.1 200 OK
[DEBUG] 2017-07-05 17:07:19,388 method:org.apache.http.impl.conn.LoggingManagedHttpClientConnection.onResponseReceived(LoggingManagedHttpClientConnection.java:125)
http-outgoing-15 << Content-Length:70
[DEBUG] 2017-07-05 17:07:19,388 method:org.apache.http.impl.conn.LoggingManagedHttpClientConnection.onResponseReceived(LoggingManagedHttpClientConnection.java:125)
http-outgoing-15 << Content-Type:application/json; charset=utf-8
[DEBUG] 2017-07-05 17:07:19,388 method:org.apache.http.impl.conn.LoggingManagedHttpClientConnection.onResponseReceived(LoggingManagedHttpClientConnection.java:125)
http-outgoing-15 << Connection:close
[DEBUG] 2017-07-05 17:07:19,389 method:org.apache.http.impl.conn.LoggingManagedHttpClientConnection.close(LoggingManagedHttpClientConnection.java:79)
http-outgoing-15: Close connection
[DEBUG] 2017-07-05 17:07:19,389 method:org.apache.http.impl.execchain.ConnectionHolder.releaseConnection(ConnectionHolder.java:104)
Connection discarded
[DEBUG] 2017-07-05 17:07:19,389 method:org.apache.http.impl.conn.PoolingHttpClientConnectionManager.releaseConnection(PoolingHttpClientConnectionManager.java:326)
Connection released: [id: 15][route: {}->http://localhost:23176][total kept alive: 0; route allocated: 0 of 2000; total allocated: 0 of 2000]
[DEBUG] 2017-07-05 17:07:19,891 method:org.apache.http.client.protocol.RequestAddCookies.process(RequestAddCookies.java:123)
CookieSpec selected: default
[DEBUG] 2017-07-05 17:07:19,891 method:org.apache.http.client.protocol.RequestAuthCache.process(RequestAuthCache.java:77)
Auth cache not set in the context
[DEBUG] 2017-07-05 17:07:19,891 method:org.apache.http.impl.conn.PoolingHttpClientConnectionManager.requestConnection(PoolingHttpClientConnectionManager.java:255)
Connection request: [route: {}->http://localhost:23176][total kept alive: 0; route allocated: 0 of 2000; total allocated: 0 of 2000]
[DEBUG] 2017-07-05 17:07:19,891 method:org.apache.http.impl.conn.PoolingHttpClientConnectionManager.leaseConnection(PoolingHttpClientConnectionManager.java:288)
Connection leased: [id: 16][route: {}->http://localhost:23176][total kept alive: 0; route allocated: 1 of 2000; total allocated: 1 of 2000]
[DEBUG] 2017-07-05 17:07:19,891 method:org.apache.http.impl.execchain.MainClientExec.execute(MainClientExec.java:235)
Opening connection {}->http://localhost:23176
[DEBUG] 2017-07-05 17:07:19,892 method:org.apache.http.impl.conn.DefaultHttpClientConnectionOperator.connect(DefaultHttpClientConnectionOperator.java:139)
Connecting to localhost/127.0.0.1:23176
[DEBUG] 2017-07-05 17:07:19,893 method:org.apache.http.impl.conn.DefaultHttpClientConnectionOperator.connect(DefaultHttpClientConnectionOperator.java:146)
Connection established 127.0.0.1:59699<->127.0.0.1:23176
[DEBUG] 2017-07-05 17:07:19,893 method:org.apache.http.impl.conn.LoggingManagedHttpClientConnection.setSocketTimeout(LoggingManagedHttpClientConnection.java:88)
http-outgoing-16: set socket timeout to 10800000
[DEBUG] 2017-07-05 17:07:19,894 method:org.apache.http.impl.execchain.MainClientExec.execute(MainClientExec.java:256)
Executing request POST /session/408d3c17918aedf77d102f992aa918b8/elements HTTP/1.1
[DEBUG] 2017-07-05 17:07:19,894 method:org.apache.http.impl.execchain.MainClientExec.execute(MainClientExec.java:261)
Target auth state: UNCHALLENGED
[DEBUG] 2017-07-05 17:07:19,894 method:org.apache.http.impl.execchain.MainClientExec.execute(MainClientExec.java:267)
Proxy auth state: UNCHALLENGED
[DEBUG] 2017-07-05 17:07:19,894 method:org.apache.http.impl.conn.LoggingManagedHttpClientConnection.onRequestSubmitted(LoggingManagedHttpClientConnection.java:133)
http-outgoing-16 >> POST /session/408d3c17918aedf77d102f992aa918b8/elements HTTP/1.1
[DEBUG] 2017-07-05 17:07:19,894 method:org.apache.http.impl.conn.LoggingManagedHttpClientConnection.onRequestSubmitted(LoggingManagedHttpClientConnection.java:136)
http-outgoing-16 >> Content-Type: application/json; charset=utf-8
[DEBUG] 2017-07-05 17:07:19,894 method:org.apache.http.impl.conn.LoggingManagedHttpClientConnection.onRequestSubmitted(LoggingManagedHttpClientConnection.java:136)
http-outgoing-16 >> Content-Length: 50
[DEBUG] 2017-07-05 17:07:19,895 method:org.apache.http.impl.conn.LoggingManagedHttpClientConnection.onRequestSubmitted(LoggingManagedHttpClientConnection.java:136)
http-outgoing-16 >> Host: localhost:23176
[DEBUG] 2017-07-05 17:07:19,895 method:org.apache.http.impl.conn.LoggingManagedHttpClientConnection.onRequestSubmitted(LoggingManagedHttpClientConnection.java:136)
http-outgoing-16 >> Connection: Keep-Alive
[DEBUG] 2017-07-05 17:07:19,895 method:org.apache.http.impl.conn.LoggingManagedHttpClientConnection.onRequestSubmitted(LoggingManagedHttpClientConnection.java:136)
http-outgoing-16 >> User-Agent: Apache-HttpClient/4.5.3 (Java/1.8.0_111)
[DEBUG] 2017-07-05 17:07:19,895 method:org.apache.http.impl.conn.LoggingManagedHttpClientConnection.onRequestSubmitted(LoggingManagedHttpClientConnection.java:136)
http-outgoing-16 >> Accept-Encoding: gzip,deflate
[DEBUG] 2017-07-05 17:07:19,895 method:org.apache.http.impl.conn.Wire.wire(Wire.java:73)
http-outgoing-16 >> "POST /session/408d3c17918aedf77d102f992aa918b8/elements HTTP/1.1[\r][\n]"
[DEBUG] 2017-07-05 17:07:19,895 method:org.apache.http.impl.conn.Wire.wire(Wire.java:73)
http-outgoing-16 >> "Content-Type: application/json; charset=utf-8[\r][\n]"
[DEBUG] 2017-07-05 17:07:19,895 method:org.apache.http.impl.conn.Wire.wire(Wire.java:73)
http-outgoing-16 >> "Content-Length: 50[\r][\n]"
[DEBUG] 2017-07-05 17:07:19,895 method:org.apache.http.impl.conn.Wire.wire(Wire.java:73)
http-outgoing-16 >> "Host: localhost:23176[\r][\n]"
[DEBUG] 2017-07-05 17:07:19,895 method:org.apache.http.impl.conn.Wire.wire(Wire.java:73)
http-outgoing-16 >> "Connection: Keep-Alive[\r][\n]"
[DEBUG] 2017-07-05 17:07:19,896 method:org.apache.http.impl.conn.Wire.wire(Wire.java:73)
http-outgoing-16 >> "User-Agent: Apache-HttpClient/4.5.3 (Java/1.8.0_111)[\r][\n]"
[DEBUG] 2017-07-05 17:07:19,896 method:org.apache.http.impl.conn.Wire.wire(Wire.java:73)
http-outgoing-16 >> "Accept-Encoding: gzip,deflate[\r][\n]"
[DEBUG] 2017-07-05 17:07:19,896 method:org.apache.http.impl.conn.Wire.wire(Wire.java:73)
http-outgoing-16 >> "[\r][\n]"
[DEBUG] 2017-07-05 17:07:19,896 method:org.apache.http.impl.conn.Wire.wire(Wire.java:87)
http-outgoing-16 >> "{"using":"xpath","value":"//*[@id=\"setting\"]/a"}"
[DEBUG] 2017-07-05 17:07:19,904 method:org.apache.http.impl.conn.Wire.wire(Wire.java:73)
http-outgoing-16 << "HTTP/1.1 200 OK[\r][\n]"
[DEBUG] 2017-07-05 17:07:19,905 method:org.apache.http.impl.conn.Wire.wire(Wire.java:73)
http-outgoing-16 << "Content-Length:70[\r][\n]"
[DEBUG] 2017-07-05 17:07:19,905 method:org.apache.http.impl.conn.Wire.wire(Wire.java:73)
http-outgoing-16 << "Content-Type:application/json; charset=utf-8[\r][\n]"
[DEBUG] 2017-07-05 17:07:19,905 method:org.apache.http.impl.conn.Wire.wire(Wire.java:73)
http-outgoing-16 << "Connection:close[\r][\n]"
[DEBUG] 2017-07-05 17:07:19,905 method:org.apache.http.impl.conn.Wire.wire(Wire.java:73)
http-outgoing-16 << "[\r][\n]"
[DEBUG] 2017-07-05 17:07:19,905 method:org.apache.http.impl.conn.Wire.wire(Wire.java:87)
http-outgoing-16 << "{"sessionId":"408d3c17918aedf77d102f992aa918b8","status":0,"value":[]}"
[DEBUG] 2017-07-05 17:07:19,906 method:org.apache.http.impl.conn.LoggingManagedHttpClientConnection.onResponseReceived(LoggingManagedHttpClientConnection.java:122)
http-outgoing-16 << HTTP/1.1 200 OK
[DEBUG] 2017-07-05 17:07:19,906 method:org.apache.http.impl.conn.LoggingManagedHttpClientConnection.onResponseReceived(LoggingManagedHttpClientConnection.java:125)
http-outgoing-16 << Content-Length:70
[DEBUG] 2017-07-05 17:07:19,906 method:org.apache.http.impl.conn.LoggingManagedHttpClientConnection.onResponseReceived(LoggingManagedHttpClientConnection.java:125)
http-outgoing-16 << Content-Type:application/json; charset=utf-8
[DEBUG] 2017-07-05 17:07:19,906 method:org.apache.http.impl.conn.LoggingManagedHttpClientConnection.onResponseReceived(LoggingManagedHttpClientConnection.java:125)
http-outgoing-16 << Connection:close
[DEBUG] 2017-07-05 17:07:19,907 method:org.apache.http.impl.conn.LoggingManagedHttpClientConnection.close(LoggingManagedHttpClientConnection.java:79)
http-outgoing-16: Close connection
[DEBUG] 2017-07-05 17:07:19,907 method:org.apache.http.impl.execchain.ConnectionHolder.releaseConnection(ConnectionHolder.java:104)
Connection discarded
[DEBUG] 2017-07-05 17:07:19,908 method:org.apache.http.impl.conn.PoolingHttpClientConnectionManager.releaseConnection(PoolingHttpClientConnectionManager.java:326)
Connection released: [id: 16][route: {}->http://localhost:23176][total kept alive: 0; route allocated: 0 of 2000; total allocated: 0 of 2000]
[DEBUG] 2017-07-05 17:07:20,410 method:org.apache.http.client.protocol.RequestAddCookies.process(RequestAddCookies.java:123)
CookieSpec selected: default
[DEBUG] 2017-07-05 17:07:20,410 method:org.apache.http.client.protocol.RequestAuthCache.process(RequestAuthCache.java:77)
Auth cache not set in the context
[DEBUG] 2017-07-05 17:07:20,411 method:org.apache.http.impl.conn.PoolingHttpClientConnectionManager.requestConnection(PoolingHttpClientConnectionManager.java:255)
Connection request: [route: {}->http://localhost:23176][total kept alive: 0; route allocated: 0 of 2000; total allocated: 0 of 2000]
[DEBUG] 2017-07-05 17:07:20,411 method:org.apache.http.impl.conn.PoolingHttpClientConnectionManager.leaseConnection(PoolingHttpClientConnectionManager.java:288)
Connection leased: [id: 17][route: {}->http://localhost:23176][total kept alive: 0; route allocated: 1 of 2000; total allocated: 1 of 2000]
[DEBUG] 2017-07-05 17:07:20,411 method:org.apache.http.impl.execchain.MainClientExec.execute(MainClientExec.java:235)
Opening connection {}->http://localhost:23176
[DEBUG] 2017-07-05 17:07:20,411 method:org.apache.http.impl.conn.DefaultHttpClientConnectionOperator.connect(DefaultHttpClientConnectionOperator.java:139)
Connecting to localhost/127.0.0.1:23176
[DEBUG] 2017-07-05 17:07:20,412 method:org.apache.http.impl.conn.DefaultHttpClientConnectionOperator.connect(DefaultHttpClientConnectionOperator.java:146)
Connection established 127.0.0.1:59700<->127.0.0.1:23176
[DEBUG] 2017-07-05 17:07:20,412 method:org.apache.http.impl.conn.LoggingManagedHttpClientConnection.setSocketTimeout(LoggingManagedHttpClientConnection.java:88)
http-outgoing-17: set socket timeout to 10800000
[DEBUG] 2017-07-05 17:07:20,413 method:org.apache.http.impl.execchain.MainClientExec.execute(MainClientExec.java:256)
Executing request POST /session/408d3c17918aedf77d102f992aa918b8/elements HTTP/1.1
[DEBUG] 2017-07-05 17:07:20,413 method:org.apache.http.impl.execchain.MainClientExec.execute(MainClientExec.java:261)
Target auth state: UNCHALLENGED
[DEBUG] 2017-07-05 17:07:20,413 method:org.apache.http.impl.execchain.MainClientExec.execute(MainClientExec.java:267)
Proxy auth state: UNCHALLENGED
[DEBUG] 2017-07-05 17:07:20,413 method:org.apache.http.impl.conn.LoggingManagedHttpClientConnection.onRequestSubmitted(LoggingManagedHttpClientConnection.java:133)
http-outgoing-17 >> POST /session/408d3c17918aedf77d102f992aa918b8/elements HTTP/1.1
[DEBUG] 2017-07-05 17:07:20,413 method:org.apache.http.impl.conn.LoggingManagedHttpClientConnection.onRequestSubmitted(LoggingManagedHttpClientConnection.java:136)
http-outgoing-17 >> Content-Type: application/json; charset=utf-8
[DEBUG] 2017-07-05 17:07:20,414 method:org.apache.http.impl.conn.LoggingManagedHttpClientConnection.onRequestSubmitted(LoggingManagedHttpClientConnection.java:136)
http-outgoing-17 >> Content-Length: 50
[DEBUG] 2017-07-05 17:07:20,414 method:org.apache.http.impl.conn.LoggingManagedHttpClientConnection.onRequestSubmitted(LoggingManagedHttpClientConnection.java:136)
http-outgoing-17 >> Host: localhost:23176
[DEBUG] 2017-07-05 17:07:20,414 method:org.apache.http.impl.conn.LoggingManagedHttpClientConnection.onRequestSubmitted(LoggingManagedHttpClientConnection.java:136)
http-outgoing-17 >> Connection: Keep-Alive
[DEBUG] 2017-07-05 17:07:20,414 method:org.apache.http.impl.conn.LoggingManagedHttpClientConnection.onRequestSubmitted(LoggingManagedHttpClientConnection.java:136)
http-outgoing-17 >> User-Agent: Apache-HttpClient/4.5.3 (Java/1.8.0_111)
[DEBUG] 2017-07-05 17:07:20,414 method:org.apache.http.impl.conn.LoggingManagedHttpClientConnection.onRequestSubmitted(LoggingManagedHttpClientConnection.java:136)
http-outgoing-17 >> Accept-Encoding: gzip,deflate
[DEBUG] 2017-07-05 17:07:20,415 method:org.apache.http.impl.conn.Wire.wire(Wire.java:73)
http-outgoing-17 >> "POST /session/408d3c17918aedf77d102f992aa918b8/elements HTTP/1.1[\r][\n]"
[DEBUG] 2017-07-05 17:07:20,415 method:org.apache.http.impl.conn.Wire.wire(Wire.java:73)
http-outgoing-17 >> "Content-Type: application/json; charset=utf-8[\r][\n]"
[DEBUG] 2017-07-05 17:07:20,415 method:org.apache.http.impl.conn.Wire.wire(Wire.java:73)
http-outgoing-17 >> "Content-Length: 50[\r][\n]"
[DEBUG] 2017-07-05 17:07:20,415 method:org.apache.http.impl.conn.Wire.wire(Wire.java:73)
http-outgoing-17 >> "Host: localhost:23176[\r][\n]"
[DEBUG] 2017-07-05 17:07:20,415 method:org.apache.http.impl.conn.Wire.wire(Wire.java:73)
http-outgoing-17 >> "Connection: Keep-Alive[\r][\n]"
[DEBUG] 2017-07-05 17:07:20,415 method:org.apache.http.impl.conn.Wire.wire(Wire.java:73)
http-outgoing-17 >> "User-Agent: Apache-HttpClient/4.5.3 (Java/1.8.0_111)[\r][\n]"
[DEBUG] 2017-07-05 17:07:20,416 method:org.apache.http.impl.conn.Wire.wire(Wire.java:73)
http-outgoing-17 >> "Accept-Encoding: gzip,deflate[\r][\n]"
[DEBUG] 2017-07-05 17:07:20,416 method:org.apache.http.impl.conn.Wire.wire(Wire.java:73)
http-outgoing-17 >> "[\r][\n]"
[DEBUG] 2017-07-05 17:07:20,416 method:org.apache.http.impl.conn.Wire.wire(Wire.java:87)
http-outgoing-17 >> "{"using":"xpath","value":"//*[@id=\"setting\"]/a"}"
[DEBUG] 2017-07-05 17:07:20,979 method:org.apache.http.impl.conn.Wire.wire(Wire.java:73)
http-outgoing-17 << "HTTP/1.1 200 OK[\r][\n]"
[DEBUG] 2017-07-05 17:07:20,979 method:org.apache.http.impl.conn.Wire.wire(Wire.java:73)
http-outgoing-17 << "Content-Length:70[\r][\n]"
[DEBUG] 2017-07-05 17:07:20,979 method:org.apache.http.impl.conn.Wire.wire(Wire.java:73)
http-outgoing-17 << "Content-Type:application/json; charset=utf-8[\r][\n]"
[DEBUG] 2017-07-05 17:07:20,979 method:org.apache.http.impl.conn.Wire.wire(Wire.java:73)
http-outgoing-17 << "Connection:close[\r][\n]"
[DEBUG] 2017-07-05 17:07:20,980 method:org.apache.http.impl.conn.Wire.wire(Wire.java:73)
http-outgoing-17 << "[\r][\n]"
[DEBUG] 2017-07-05 17:07:20,980 method:org.apache.http.impl.conn.Wire.wire(Wire.java:87)
http-outgoing-17 << "{"sessionId":"408d3c17918aedf77d102f992aa918b8","status":0,"value":[]}"
[DEBUG] 2017-07-05 17:07:20,981 method:org.apache.http.impl.conn.LoggingManagedHttpClientConnection.onResponseReceived(LoggingManagedHttpClientConnection.java:122)
http-outgoing-17 << HTTP/1.1 200 OK
[DEBUG] 2017-07-05 17:07:20,982 method:org.apache.http.impl.conn.LoggingManagedHttpClientConnection.onResponseReceived(LoggingManagedHttpClientConnection.java:125)
http-outgoing-17 << Content-Length:70
[DEBUG] 2017-07-05 17:07:20,982 method:org.apache.http.impl.conn.LoggingManagedHttpClientConnection.onResponseReceived(LoggingManagedHttpClientConnection.java:125)
http-outgoing-17 << Content-Type:application/json; charset=utf-8
[DEBUG] 2017-07-05 17:07:20,983 method:org.apache.http.impl.conn.LoggingManagedHttpClientConnection.onResponseReceived(LoggingManagedHttpClientConnection.java:125)
http-outgoing-17 << Connection:close
[DEBUG] 2017-07-05 17:07:20,983 method:org.apache.http.impl.conn.LoggingManagedHttpClientConnection.close(LoggingManagedHttpClientConnection.java:79)
http-outgoing-17: Close connection
[DEBUG] 2017-07-05 17:07:20,983 method:org.apache.http.impl.execchain.ConnectionHolder.releaseConnection(ConnectionHolder.java:104)
Connection discarded
[DEBUG] 2017-07-05 17:07:20,983 method:org.apache.http.impl.conn.PoolingHttpClientConnectionManager.releaseConnection(PoolingHttpClientConnectionManager.java:326)
Connection released: [id: 17][route: {}->http://localhost:23176][total kept alive: 0; route allocated: 0 of 2000; total allocated: 0 of 2000]
[DEBUG] 2017-07-05 17:07:21,485 method:org.apache.http.client.protocol.RequestAddCookies.process(RequestAddCookies.java:123)
CookieSpec selected: default
[DEBUG] 2017-07-05 17:07:21,485 method:org.apache.http.client.protocol.RequestAuthCache.process(RequestAuthCache.java:77)
Auth cache not set in the context
[DEBUG] 2017-07-05 17:07:21,485 method:org.apache.http.impl.conn.PoolingHttpClientConnectionManager.requestConnection(PoolingHttpClientConnectionManager.java:255)
Connection request: [route: {}->http://localhost:23176][total kept alive: 0; route allocated: 0 of 2000; total allocated: 0 of 2000]
[DEBUG] 2017-07-05 17:07:21,485 method:org.apache.http.impl.conn.PoolingHttpClientConnectionManager.leaseConnection(PoolingHttpClientConnectionManager.java:288)
Connection leased: [id: 18][route: {}->http://localhost:23176][total kept alive: 0; route allocated: 1 of 2000; total allocated: 1 of 2000]
[DEBUG] 2017-07-05 17:07:21,486 method:org.apache.http.impl.execchain.MainClientExec.execute(MainClientExec.java:235)
Opening connection {}->http://localhost:23176
[DEBUG] 2017-07-05 17:07:21,486 method:org.apache.http.impl.conn.DefaultHttpClientConnectionOperator.connect(DefaultHttpClientConnectionOperator.java:139)
Connecting to localhost/127.0.0.1:23176
[DEBUG] 2017-07-05 17:07:21,487 method:org.apache.http.impl.conn.DefaultHttpClientConnectionOperator.connect(DefaultHttpClientConnectionOperator.java:146)
Connection established 127.0.0.1:59703<->127.0.0.1:23176
[DEBUG] 2017-07-05 17:07:21,487 method:org.apache.http.impl.conn.LoggingManagedHttpClientConnection.setSocketTimeout(LoggingManagedHttpClientConnection.java:88)
http-outgoing-18: set socket timeout to 10800000
[DEBUG] 2017-07-05 17:07:21,487 method:org.apache.http.impl.execchain.MainClientExec.execute(MainClientExec.java:256)
Executing request POST /session/408d3c17918aedf77d102f992aa918b8/elements HTTP/1.1
[DEBUG] 2017-07-05 17:07:21,487 method:org.apache.http.impl.execchain.MainClientExec.execute(MainClientExec.java:261)
Target auth state: UNCHALLENGED
[DEBUG] 2017-07-05 17:07:21,487 method:org.apache.http.impl.execchain.MainClientExec.execute(MainClientExec.java:267)
Proxy auth state: UNCHALLENGED
[DEBUG] 2017-07-05 17:07:21,487 method:org.apache.http.impl.conn.LoggingManagedHttpClientConnection.onRequestSubmitted(LoggingManagedHttpClientConnection.java:133)
http-outgoing-18 >> POST /session/408d3c17918aedf77d102f992aa918b8/elements HTTP/1.1
[DEBUG] 2017-07-05 17:07:21,487 method:org.apache.http.impl.conn.LoggingManagedHttpClientConnection.onRequestSubmitted(LoggingManagedHttpClientConnection.java:136)
http-outgoing-18 >> Content-Type: application/json; charset=utf-8
[DEBUG] 2017-07-05 17:07:21,488 method:org.apache.http.impl.conn.LoggingManagedHttpClientConnection.onRequestSubmitted(LoggingManagedHttpClientConnection.java:136)
http-outgoing-18 >> Content-Length: 50
[DEBUG] 2017-07-05 17:07:21,488 method:org.apache.http.impl.conn.LoggingManagedHttpClientConnection.onRequestSubmitted(LoggingManagedHttpClientConnection.java:136)
http-outgoing-18 >> Host: localhost:23176
[DEBUG] 2017-07-05 17:07:21,488 method:org.apache.http.impl.conn.LoggingManagedHttpClientConnection.onRequestSubmitted(LoggingManagedHttpClientConnection.java:136)
http-outgoing-18 >> Connection: Keep-Alive
[DEBUG] 2017-07-05 17:07:21,488 method:org.apache.http.impl.conn.LoggingManagedHttpClientConnection.onRequestSubmitted(LoggingManagedHttpClientConnection.java:136)
http-outgoing-18 >> User-Agent: Apache-HttpClient/4.5.3 (Java/1.8.0_111)
[DEBUG] 2017-07-05 17:07:21,489 method:org.apache.http.impl.conn.LoggingManagedHttpClientConnection.onRequestSubmitted(LoggingManagedHttpClientConnection.java:136)
http-outgoing-18 >> Accept-Encoding: gzip,deflate
[DEBUG] 2017-07-05 17:07:21,489 method:org.apache.http.impl.conn.Wire.wire(Wire.java:73)
http-outgoing-18 >> "POST /session/408d3c17918aedf77d102f992aa918b8/elements HTTP/1.1[\r][\n]"
[DEBUG] 2017-07-05 17:07:21,489 method:org.apache.http.impl.conn.Wire.wire(Wire.java:73)
http-outgoing-18 >> "Content-Type: application/json; charset=utf-8[\r][\n]"
[DEBUG] 2017-07-05 17:07:21,489 method:org.apache.http.impl.conn.Wire.wire(Wire.java:73)
http-outgoing-18 >> "Content-Length: 50[\r][\n]"
[DEBUG] 2017-07-05 17:07:21,490 method:org.apache.http.impl.conn.Wire.wire(Wire.java:73)
http-outgoing-18 >> "Host: localhost:23176[\r][\n]"
[DEBUG] 2017-07-05 17:07:21,490 method:org.apache.http.impl.conn.Wire.wire(Wire.java:73)
http-outgoing-18 >> "Connection: Keep-Alive[\r][\n]"
[DEBUG] 2017-07-05 17:07:21,490 method:org.apache.http.impl.conn.Wire.wire(Wire.java:73)
http-outgoing-18 >> "User-Agent: Apache-HttpClient/4.5.3 (Java/1.8.0_111)[\r][\n]"
[DEBUG] 2017-07-05 17:07:21,490 method:org.apache.http.impl.conn.Wire.wire(Wire.java:73)
http-outgoing-18 >> "Accept-Encoding: gzip,deflate[\r][\n]"
[DEBUG] 2017-07-05 17:07:21,490 method:org.apache.http.impl.conn.Wire.wire(Wire.java:73)
http-outgoing-18 >> "[\r][\n]"
[DEBUG] 2017-07-05 17:07:21,490 method:org.apache.http.impl.conn.Wire.wire(Wire.java:87)
http-outgoing-18 >> "{"using":"xpath","value":"//*[@id=\"setting\"]/a"}"
[DEBUG] 2017-07-05 17:07:21,531 method:org.apache.http.impl.conn.Wire.wire(Wire.java:73)
http-outgoing-18 << "HTTP/1.1 200 OK[\r][\n]"
[DEBUG] 2017-07-05 17:07:21,532 method:org.apache.http.impl.conn.Wire.wire(Wire.java:73)
http-outgoing-18 << "Content-Length:70[\r][\n]"
[DEBUG] 2017-07-05 17:07:21,532 method:org.apache.http.impl.conn.Wire.wire(Wire.java:73)
http-outgoing-18 << "Content-Type:application/json; charset=utf-8[\r][\n]"
[DEBUG] 2017-07-05 17:07:21,532 method:org.apache.http.impl.conn.Wire.wire(Wire.java:73)
http-outgoing-18 << "Connection:close[\r][\n]"
[DEBUG] 2017-07-05 17:07:21,532 method:org.apache.http.impl.conn.Wire.wire(Wire.java:73)
http-outgoing-18 << "[\r][\n]"
[DEBUG] 2017-07-05 17:07:21,532 method:org.apache.http.impl.conn.Wire.wire(Wire.java:87)
http-outgoing-18 << "{"sessionId":"408d3c17918aedf77d102f992aa918b8","status":0,"value":[]}"
[DEBUG] 2017-07-05 17:07:21,532 method:org.apache.http.impl.conn.LoggingManagedHttpClientConnection.onResponseReceived(LoggingManagedHttpClientConnection.java:122)
http-outgoing-18 << HTTP/1.1 200 OK
[DEBUG] 2017-07-05 17:07:21,532 method:org.apache.http.impl.conn.LoggingManagedHttpClientConnection.onResponseReceived(LoggingManagedHttpClientConnection.java:125)
http-outgoing-18 << Content-Length:70
[DEBUG] 2017-07-05 17:07:21,533 method:org.apache.http.impl.conn.LoggingManagedHttpClientConnection.onResponseReceived(LoggingManagedHttpClientConnection.java:125)
http-outgoing-18 << Content-Type:application/json; charset=utf-8
[DEBUG] 2017-07-05 17:07:21,533 method:org.apache.http.impl.conn.LoggingManagedHttpClientConnection.onResponseReceived(LoggingManagedHttpClientConnection.java:125)
http-outgoing-18 << Connection:close
[DEBUG] 2017-07-05 17:07:21,533 method:org.apache.http.impl.conn.LoggingManagedHttpClientConnection.close(LoggingManagedHttpClientConnection.java:79)
http-outgoing-18: Close connection
[DEBUG] 2017-07-05 17:07:21,533 method:org.apache.http.impl.execchain.ConnectionHolder.releaseConnection(ConnectionHolder.java:104)
Connection discarded
[DEBUG] 2017-07-05 17:07:21,533 method:org.apache.http.impl.conn.PoolingHttpClientConnectionManager.releaseConnection(PoolingHttpClientConnectionManager.java:326)
Connection released: [id: 18][route: {}->http://localhost:23176][total kept alive: 0; route allocated: 0 of 2000; total allocated: 0 of 2000]
[DEBUG] 2017-07-05 17:07:22,035 method:org.apache.http.client.protocol.RequestAddCookies.process(RequestAddCookies.java:123)
CookieSpec selected: default
[DEBUG] 2017-07-05 17:07:22,036 method:org.apache.http.client.protocol.RequestAuthCache.process(RequestAuthCache.java:77)
Auth cache not set in the context
[DEBUG] 2017-07-05 17:07:22,036 method:org.apache.http.impl.conn.PoolingHttpClientConnectionManager.requestConnection(PoolingHttpClientConnectionManager.java:255)
Connection request: [route: {}->http://localhost:23176][total kept alive: 0; route allocated: 0 of 2000; total allocated: 0 of 2000]
[DEBUG] 2017-07-05 17:07:22,037 method:org.apache.http.impl.conn.PoolingHttpClientConnectionManager.leaseConnection(PoolingHttpClientConnectionManager.java:288)
Connection leased: [id: 19][route: {}->http://localhost:23176][total kept alive: 0; route allocated: 1 of 2000; total allocated: 1 of 2000]
[DEBUG] 2017-07-05 17:07:22,037 method:org.apache.http.impl.execchain.MainClientExec.execute(MainClientExec.java:235)
Opening connection {}->http://localhost:23176
[DEBUG] 2017-07-05 17:07:22,038 method:org.apache.http.impl.conn.DefaultHttpClientConnectionOperator.connect(DefaultHttpClientConnectionOperator.java:139)
Connecting to localhost/127.0.0.1:23176
[DEBUG] 2017-07-05 17:07:22,039 method:org.apache.http.impl.conn.DefaultHttpClientConnectionOperator.connect(DefaultHttpClientConnectionOperator.java:146)
Connection established 127.0.0.1:59704<->127.0.0.1:23176
[DEBUG] 2017-07-05 17:07:22,039 method:org.apache.http.impl.conn.LoggingManagedHttpClientConnection.setSocketTimeout(LoggingManagedHttpClientConnection.java:88)
http-outgoing-19: set socket timeout to 10800000
[DEBUG] 2017-07-05 17:07:22,040 method:org.apache.http.impl.execchain.MainClientExec.execute(MainClientExec.java:256)
Executing request POST /session/408d3c17918aedf77d102f992aa918b8/elements HTTP/1.1
[DEBUG] 2017-07-05 17:07:22,040 method:org.apache.http.impl.execchain.MainClientExec.execute(MainClientExec.java:261)
Target auth state: UNCHALLENGED
[DEBUG] 2017-07-05 17:07:22,040 method:org.apache.http.impl.execchain.MainClientExec.execute(MainClientExec.java:267)
Proxy auth state: UNCHALLENGED
[DEBUG] 2017-07-05 17:07:22,041 method:org.apache.http.impl.conn.LoggingManagedHttpClientConnection.onRequestSubmitted(LoggingManagedHttpClientConnection.java:133)
http-outgoing-19 >> POST /session/408d3c17918aedf77d102f992aa918b8/elements HTTP/1.1
[DEBUG] 2017-07-05 17:07:22,041 method:org.apache.http.impl.conn.LoggingManagedHttpClientConnection.onRequestSubmitted(LoggingManagedHttpClientConnection.java:136)
http-outgoing-19 >> Content-Type: application/json; charset=utf-8
[DEBUG] 2017-07-05 17:07:22,041 method:org.apache.http.impl.conn.LoggingManagedHttpClientConnection.onRequestSubmitted(LoggingManagedHttpClientConnection.java:136)
http-outgoing-19 >> Content-Length: 50
[DEBUG] 2017-07-05 17:07:22,042 method:org.apache.http.impl.conn.LoggingManagedHttpClientConnection.onRequestSubmitted(LoggingManagedHttpClientConnection.java:136)
http-outgoing-19 >> Host: localhost:23176
[DEBUG] 2017-07-05 17:07:22,042 method:org.apache.http.impl.conn.LoggingManagedHttpClientConnection.onRequestSubmitted(LoggingManagedHttpClientConnection.java:136)
http-outgoing-19 >> Connection: Keep-Alive
[DEBUG] 2017-07-05 17:07:22,042 method:org.apache.http.impl.conn.LoggingManagedHttpClientConnection.onRequestSubmitted(LoggingManagedHttpClientConnection.java:136)
http-outgoing-19 >> User-Agent: Apache-HttpClient/4.5.3 (Java/1.8.0_111)
[DEBUG] 2017-07-05 17:07:22,043 method:org.apache.http.impl.conn.LoggingManagedHttpClientConnection.onRequestSubmitted(LoggingManagedHttpClientConnection.java:136)
http-outgoing-19 >> Accept-Encoding: gzip,deflate
[DEBUG] 2017-07-05 17:07:22,043 method:org.apache.http.impl.conn.Wire.wire(Wire.java:73)
http-outgoing-19 >> "POST /session/408d3c17918aedf77d102f992aa918b8/elements HTTP/1.1[\r][\n]"
[DEBUG] 2017-07-05 17:07:22,043 method:org.apache.http.impl.conn.Wire.wire(Wire.java:73)
http-outgoing-19 >> "Content-Type: application/json; charset=utf-8[\r][\n]"
[DEBUG] 2017-07-05 17:07:22,044 method:org.apache.http.impl.conn.Wire.wire(Wire.java:73)
http-outgoing-19 >> "Content-Length: 50[\r][\n]"
[DEBUG] 2017-07-05 17:07:22,044 method:org.apache.http.impl.conn.Wire.wire(Wire.java:73)
http-outgoing-19 >> "Host: localhost:23176[\r][\n]"
[DEBUG] 2017-07-05 17:07:22,044 method:org.apache.http.impl.conn.Wire.wire(Wire.java:73)
http-outgoing-19 >> "Connection: Keep-Alive[\r][\n]"
[DEBUG] 2017-07-05 17:07:22,045 method:org.apache.http.impl.conn.Wire.wire(Wire.java:73)
http-outgoing-19 >> "User-Agent: Apache-HttpClient/4.5.3 (Java/1.8.0_111)[\r][\n]"
[DEBUG] 2017-07-05 17:07:22,045 method:org.apache.http.impl.conn.Wire.wire(Wire.java:73)
http-outgoing-19 >> "Accept-Encoding: gzip,deflate[\r][\n]"
[DEBUG] 2017-07-05 17:07:22,046 method:org.apache.http.impl.conn.Wire.wire(Wire.java:73)
http-outgoing-19 >> "[\r][\n]"
[DEBUG] 2017-07-05 17:07:22,046 method:org.apache.http.impl.conn.Wire.wire(Wire.java:87)
http-outgoing-19 >> "{"using":"xpath","value":"//*[@id=\"setting\"]/a"}"
[DEBUG] 2017-07-05 17:07:22,065 method:org.apache.http.impl.conn.Wire.wire(Wire.java:73)
http-outgoing-19 << "HTTP/1.1 200 OK[\r][\n]"
[DEBUG] 2017-07-05 17:07:22,065 method:org.apache.http.impl.conn.Wire.wire(Wire.java:73)
http-outgoing-19 << "Content-Length:104[\r][\n]"
[DEBUG] 2017-07-05 17:07:22,065 method:org.apache.http.impl.conn.Wire.wire(Wire.java:73)
http-outgoing-19 << "Content-Type:application/json; charset=utf-8[\r][\n]"
[DEBUG] 2017-07-05 17:07:22,066 method:org.apache.http.impl.conn.Wire.wire(Wire.java:73)
http-outgoing-19 << "Connection:close[\r][\n]"
[DEBUG] 2017-07-05 17:07:22,066 method:org.apache.http.impl.conn.Wire.wire(Wire.java:73)
http-outgoing-19 << "[\r][\n]"
[DEBUG] 2017-07-05 17:07:22,066 method:org.apache.http.impl.conn.Wire.wire(Wire.java:87)
http-outgoing-19 << "{"sessionId":"408d3c17918aedf77d102f992aa918b8","status":0,"value":[{"ELEMENT":"0.5389940634024653-1"}]}"
[DEBUG] 2017-07-05 17:07:22,067 method:org.apache.http.impl.conn.LoggingManagedHttpClientConnection.onResponseReceived(LoggingManagedHttpClientConnection.java:122)
http-outgoing-19 << HTTP/1.1 200 OK
[DEBUG] 2017-07-05 17:07:22,067 method:org.apache.http.impl.conn.LoggingManagedHttpClientConnection.onResponseReceived(LoggingManagedHttpClientConnection.java:125)
http-outgoing-19 << Content-Length:104
[DEBUG] 2017-07-05 17:07:22,067 method:org.apache.http.impl.conn.LoggingManagedHttpClientConnection.onResponseReceived(LoggingManagedHttpClientConnection.java:125)
http-outgoing-19 << Content-Type:application/json; charset=utf-8
[DEBUG] 2017-07-05 17:07:22,067 method:org.apache.http.impl.conn.LoggingManagedHttpClientConnection.onResponseReceived(LoggingManagedHttpClientConnection.java:125)
http-outgoing-19 << Connection:close
[DEBUG] 2017-07-05 17:07:22,068 method:org.apache.http.impl.conn.LoggingManagedHttpClientConnection.close(LoggingManagedHttpClientConnection.java:79)
http-outgoing-19: Close connection
[DEBUG] 2017-07-05 17:07:22,069 method:org.apache.http.impl.execchain.ConnectionHolder.releaseConnection(ConnectionHolder.java:104)
Connection discarded
[DEBUG] 2017-07-05 17:07:22,069 method:org.apache.http.impl.conn.PoolingHttpClientConnectionManager.releaseConnection(PoolingHttpClientConnectionManager.java:326)
Connection released: [id: 19][route: {}->http://localhost:23176][total kept alive: 0; route allocated: 0 of 2000; total allocated: 0 of 2000]
[DEBUG] 2017-07-05 17:07:22,872 method:org.apache.http.client.protocol.RequestAddCookies.process(RequestAddCookies.java:123)
CookieSpec selected: default
[DEBUG] 2017-07-05 17:07:22,872 method:org.apache.http.client.protocol.RequestAuthCache.process(RequestAuthCache.java:77)
Auth cache not set in the context
[DEBUG] 2017-07-05 17:07:22,873 method:org.apache.http.impl.conn.PoolingHttpClientConnectionManager.requestConnection(PoolingHttpClientConnectionManager.java:255)
Connection request: [route: {}->http://localhost:23176][total kept alive: 0; route allocated: 0 of 2000; total allocated: 0 of 2000]
[DEBUG] 2017-07-05 17:07:22,873 method:org.apache.http.impl.conn.PoolingHttpClientConnectionManager.leaseConnection(PoolingHttpClientConnectionManager.java:288)
Connection leased: [id: 20][route: {}->http://localhost:23176][total kept alive: 0; route allocated: 1 of 2000; total allocated: 1 of 2000]
[DEBUG] 2017-07-05 17:07:22,874 method:org.apache.http.impl.execchain.MainClientExec.execute(MainClientExec.java:235)
Opening connection {}->http://localhost:23176
[DEBUG] 2017-07-05 17:07:22,874 method:org.apache.http.impl.conn.DefaultHttpClientConnectionOperator.connect(DefaultHttpClientConnectionOperator.java:139)
Connecting to localhost/127.0.0.1:23176
[DEBUG] 2017-07-05 17:07:22,876 method:org.apache.http.impl.conn.DefaultHttpClientConnectionOperator.connect(DefaultHttpClientConnectionOperator.java:146)
Connection established 127.0.0.1:59705<->127.0.0.1:23176
[DEBUG] 2017-07-05 17:07:22,876 method:org.apache.http.impl.conn.LoggingManagedHttpClientConnection.setSocketTimeout(LoggingManagedHttpClientConnection.java:88)
http-outgoing-20: set socket timeout to 10800000
[DEBUG] 2017-07-05 17:07:22,877 method:org.apache.http.impl.execchain.MainClientExec.execute(MainClientExec.java:256)
Executing request POST /session/408d3c17918aedf77d102f992aa918b8/element HTTP/1.1
[DEBUG] 2017-07-05 17:07:22,877 method:org.apache.http.impl.execchain.MainClientExec.execute(MainClientExec.java:261)
Target auth state: UNCHALLENGED
[DEBUG] 2017-07-05 17:07:22,877 method:org.apache.http.impl.execchain.MainClientExec.execute(MainClientExec.java:267)
Proxy auth state: UNCHALLENGED
[DEBUG] 2017-07-05 17:07:22,878 method:org.apache.http.impl.conn.LoggingManagedHttpClientConnection.onRequestSubmitted(LoggingManagedHttpClientConnection.java:133)
http-outgoing-20 >> POST /session/408d3c17918aedf77d102f992aa918b8/element HTTP/1.1
[DEBUG] 2017-07-05 17:07:22,878 method:org.apache.http.impl.conn.LoggingManagedHttpClientConnection.onRequestSubmitted(LoggingManagedHttpClientConnection.java:136)
http-outgoing-20 >> Content-Type: application/json; charset=utf-8
[DEBUG] 2017-07-05 17:07:22,879 method:org.apache.http.impl.conn.LoggingManagedHttpClientConnection.onRequestSubmitted(LoggingManagedHttpClientConnection.java:136)
http-outgoing-20 >> Content-Length: 50
[DEBUG] 2017-07-05 17:07:22,879 method:org.apache.http.impl.conn.LoggingManagedHttpClientConnection.onRequestSubmitted(LoggingManagedHttpClientConnection.java:136)
http-outgoing-20 >> Host: localhost:23176
[DEBUG] 2017-07-05 17:07:22,879 method:org.apache.http.impl.conn.LoggingManagedHttpClientConnection.onRequestSubmitted(LoggingManagedHttpClientConnection.java:136)
http-outgoing-20 >> Connection: Keep-Alive
[DEBUG] 2017-07-05 17:07:22,880 method:org.apache.http.impl.conn.LoggingManagedHttpClientConnection.onRequestSubmitted(LoggingManagedHttpClientConnection.java:136)
http-outgoing-20 >> User-Agent: Apache-HttpClient/4.5.3 (Java/1.8.0_111)
[DEBUG] 2017-07-05 17:07:22,880 method:org.apache.http.impl.conn.LoggingManagedHttpClientConnection.onRequestSubmitted(LoggingManagedHttpClientConnection.java:136)
http-outgoing-20 >> Accept-Encoding: gzip,deflate
[DEBUG] 2017-07-05 17:07:22,880 method:org.apache.http.impl.conn.Wire.wire(Wire.java:73)
http-outgoing-20 >> "POST /session/408d3c17918aedf77d102f992aa918b8/element HTTP/1.1[\r][\n]"
[DEBUG] 2017-07-05 17:07:22,881 method:org.apache.http.impl.conn.Wire.wire(Wire.java:73)
http-outgoing-20 >> "Content-Type: application/json; charset=utf-8[\r][\n]"
[DEBUG] 2017-07-05 17:07:22,881 method:org.apache.http.impl.conn.Wire.wire(Wire.java:73)
http-outgoing-20 >> "Content-Length: 50[\r][\n]"
[DEBUG] 2017-07-05 17:07:22,881 method:org.apache.http.impl.conn.Wire.wire(Wire.java:73)
http-outgoing-20 >> "Host: localhost:23176[\r][\n]"
[DEBUG] 2017-07-05 17:07:22,882 method:org.apache.http.impl.conn.Wire.wire(Wire.java:73)
http-outgoing-20 >> "Connection: Keep-Alive[\r][\n]"
[DEBUG] 2017-07-05 17:07:22,882 method:org.apache.http.impl.conn.Wire.wire(Wire.java:73)
http-outgoing-20 >> "User-Agent: Apache-HttpClient/4.5.3 (Java/1.8.0_111)[\r][\n]"
[DEBUG] 2017-07-05 17:07:22,883 method:org.apache.http.impl.conn.Wire.wire(Wire.java:73)
http-outgoing-20 >> "Accept-Encoding: gzip,deflate[\r][\n]"
[DEBUG] 2017-07-05 17:07:22,883 method:org.apache.http.impl.conn.Wire.wire(Wire.java:73)
http-outgoing-20 >> "[\r][\n]"
[DEBUG] 2017-07-05 17:07:22,883 method:org.apache.http.impl.conn.Wire.wire(Wire.java:87)
http-outgoing-20 >> "{"using":"xpath","value":"//*[@id=\"setting\"]/a"}"
[DEBUG] 2017-07-05 17:07:22,914 method:org.apache.http.impl.conn.Wire.wire(Wire.java:73)
http-outgoing-20 << "HTTP/1.1 200 OK[\r][\n]"
[DEBUG] 2017-07-05 17:07:22,915 method:org.apache.http.impl.conn.Wire.wire(Wire.java:73)
http-outgoing-20 << "Content-Length:102[\r][\n]"
[DEBUG] 2017-07-05 17:07:22,915 method:org.apache.http.impl.conn.Wire.wire(Wire.java:73)
http-outgoing-20 << "Content-Type:application/json; charset=utf-8[\r][\n]"
[DEBUG] 2017-07-05 17:07:22,915 method:org.apache.http.impl.conn.Wire.wire(Wire.java:73)
http-outgoing-20 << "Connection:close[\r][\n]"
[DEBUG] 2017-07-05 17:07:22,915 method:org.apache.http.impl.conn.Wire.wire(Wire.java:73)
http-outgoing-20 << "[\r][\n]"
[DEBUG] 2017-07-05 17:07:22,915 method:org.apache.http.impl.conn.Wire.wire(Wire.java:87)
http-outgoing-20 << "{"sessionId":"408d3c17918aedf77d102f992aa918b8","status":0,"value":{"ELEMENT":"0.5389940634024653-1"}}"
[DEBUG] 2017-07-05 17:07:22,916 method:org.apache.http.impl.conn.LoggingManagedHttpClientConnection.onResponseReceived(LoggingManagedHttpClientConnection.java:122)
http-outgoing-20 << HTTP/1.1 200 OK
[DEBUG] 2017-07-05 17:07:22,916 method:org.apache.http.impl.conn.LoggingManagedHttpClientConnection.onResponseReceived(LoggingManagedHttpClientConnection.java:125)
http-outgoing-20 << Content-Length:102
[DEBUG] 2017-07-05 17:07:22,916 method:org.apache.http.impl.conn.LoggingManagedHttpClientConnection.onResponseReceived(LoggingManagedHttpClientConnection.java:125)
http-outgoing-20 << Content-Type:application/json; charset=utf-8
[DEBUG] 2017-07-05 17:07:22,916 method:org.apache.http.impl.conn.LoggingManagedHttpClientConnection.onResponseReceived(LoggingManagedHttpClientConnection.java:125)
http-outgoing-20 << Connection:close
[DEBUG] 2017-07-05 17:07:22,917 method:org.apache.http.impl.conn.LoggingManagedHttpClientConnection.close(LoggingManagedHttpClientConnection.java:79)
http-outgoing-20: Close connection
[DEBUG] 2017-07-05 17:07:22,917 method:org.apache.http.impl.execchain.ConnectionHolder.releaseConnection(ConnectionHolder.java:104)
Connection discarded
[DEBUG] 2017-07-05 17:07:22,917 method:org.apache.http.impl.conn.PoolingHttpClientConnectionManager.releaseConnection(PoolingHttpClientConnectionManager.java:326)
Connection released: [id: 20][route: {}->http://localhost:23176][total kept alive: 0; route allocated: 0 of 2000; total allocated: 0 of 2000]
[DEBUG] 2017-07-05 17:07:22,919 method:org.apache.http.client.protocol.RequestAddCookies.process(RequestAddCookies.java:123)
CookieSpec selected: default
[DEBUG] 2017-07-05 17:07:22,919 method:org.apache.http.client.protocol.RequestAuthCache.process(RequestAuthCache.java:77)
Auth cache not set in the context
[DEBUG] 2017-07-05 17:07:22,920 method:org.apache.http.impl.conn.PoolingHttpClientConnectionManager.requestConnection(PoolingHttpClientConnectionManager.java:255)
Connection request: [route: {}->http://localhost:23176][total kept alive: 0; route allocated: 0 of 2000; total allocated: 0 of 2000]
[DEBUG] 2017-07-05 17:07:22,920 method:org.apache.http.impl.conn.PoolingHttpClientConnectionManager.leaseConnection(PoolingHttpClientConnectionManager.java:288)
Connection leased: [id: 21][route: {}->http://localhost:23176][total kept alive: 0; route allocated: 1 of 2000; total allocated: 1 of 2000]
[DEBUG] 2017-07-05 17:07:22,920 method:org.apache.http.impl.execchain.MainClientExec.execute(MainClientExec.java:235)
Opening connection {}->http://localhost:23176
[DEBUG] 2017-07-05 17:07:22,920 method:org.apache.http.impl.conn.DefaultHttpClientConnectionOperator.connect(DefaultHttpClientConnectionOperator.java:139)
Connecting to localhost/127.0.0.1:23176
[DEBUG] 2017-07-05 17:07:22,921 method:org.apache.http.impl.conn.DefaultHttpClientConnectionOperator.connect(DefaultHttpClientConnectionOperator.java:146)
Connection established 127.0.0.1:59706<->127.0.0.1:23176
[DEBUG] 2017-07-05 17:07:22,922 method:org.apache.http.impl.conn.LoggingManagedHttpClientConnection.setSocketTimeout(LoggingManagedHttpClientConnection.java:88)
http-outgoing-21: set socket timeout to 10800000
[DEBUG] 2017-07-05 17:07:22,922 method:org.apache.http.impl.execchain.MainClientExec.execute(MainClientExec.java:256)
Executing request POST /session/408d3c17918aedf77d102f992aa918b8/element/0.5389940634024653-1/click HTTP/1.1
[DEBUG] 2017-07-05 17:07:22,922 method:org.apache.http.impl.execchain.MainClientExec.execute(MainClientExec.java:261)
Target auth state: UNCHALLENGED
[DEBUG] 2017-07-05 17:07:22,922 method:org.apache.http.impl.execchain.MainClientExec.execute(MainClientExec.java:267)
Proxy auth state: UNCHALLENGED
[DEBUG] 2017-07-05 17:07:22,922 method:org.apache.http.impl.conn.LoggingManagedHttpClientConnection.onRequestSubmitted(LoggingManagedHttpClientConnection.java:133)
http-outgoing-21 >> POST /session/408d3c17918aedf77d102f992aa918b8/element/0.5389940634024653-1/click HTTP/1.1
[DEBUG] 2017-07-05 17:07:22,922 method:org.apache.http.impl.conn.LoggingManagedHttpClientConnection.onRequestSubmitted(LoggingManagedHttpClientConnection.java:136)
http-outgoing-21 >> Content-Type: application/json; charset=utf-8
[DEBUG] 2017-07-05 17:07:22,922 method:org.apache.http.impl.conn.LoggingManagedHttpClientConnection.onRequestSubmitted(LoggingManagedHttpClientConnection.java:136)
http-outgoing-21 >> Content-Length: 29
[DEBUG] 2017-07-05 17:07:22,923 method:org.apache.http.impl.conn.LoggingManagedHttpClientConnection.onRequestSubmitted(LoggingManagedHttpClientConnection.java:136)
http-outgoing-21 >> Host: localhost:23176
[DEBUG] 2017-07-05 17:07:22,923 method:org.apache.http.impl.conn.LoggingManagedHttpClientConnection.onRequestSubmitted(LoggingManagedHttpClientConnection.java:136)
http-outgoing-21 >> Connection: Keep-Alive
[DEBUG] 2017-07-05 17:07:22,923 method:org.apache.http.impl.conn.LoggingManagedHttpClientConnection.onRequestSubmitted(LoggingManagedHttpClientConnection.java:136)
http-outgoing-21 >> User-Agent: Apache-HttpClient/4.5.3 (Java/1.8.0_111)
[DEBUG] 2017-07-05 17:07:22,923 method:org.apache.http.impl.conn.LoggingManagedHttpClientConnection.onRequestSubmitted(LoggingManagedHttpClientConnection.java:136)
http-outgoing-21 >> Accept-Encoding: gzip,deflate
[DEBUG] 2017-07-05 17:07:22,923 method:org.apache.http.impl.conn.Wire.wire(Wire.java:73)
http-outgoing-21 >> "POST /session/408d3c17918aedf77d102f992aa918b8/element/0.5389940634024653-1/click HTTP/1.1[\r][\n]"
[DEBUG] 2017-07-05 17:07:22,923 method:org.apache.http.impl.conn.Wire.wire(Wire.java:73)
http-outgoing-21 >> "Content-Type: application/json; charset=utf-8[\r][\n]"
[DEBUG] 2017-07-05 17:07:22,923 method:org.apache.http.impl.conn.Wire.wire(Wire.java:73)
http-outgoing-21 >> "Content-Length: 29[\r][\n]"
[DEBUG] 2017-07-05 17:07:22,923 method:org.apache.http.impl.conn.Wire.wire(Wire.java:73)
http-outgoing-21 >> "Host: localhost:23176[\r][\n]"
[DEBUG] 2017-07-05 17:07:22,923 method:org.apache.http.impl.conn.Wire.wire(Wire.java:73)
http-outgoing-21 >> "Connection: Keep-Alive[\r][\n]"
[DEBUG] 2017-07-05 17:07:22,923 method:org.apache.http.impl.conn.Wire.wire(Wire.java:73)
http-outgoing-21 >> "User-Agent: Apache-HttpClient/4.5.3 (Java/1.8.0_111)[\r][\n]"
[DEBUG] 2017-07-05 17:07:22,923 method:org.apache.http.impl.conn.Wire.wire(Wire.java:73)
http-outgoing-21 >> "Accept-Encoding: gzip,deflate[\r][\n]"
[DEBUG] 2017-07-05 17:07:22,924 method:org.apache.http.impl.conn.Wire.wire(Wire.java:73)
http-outgoing-21 >> "[\r][\n]"
[DEBUG] 2017-07-05 17:07:22,924 method:org.apache.http.impl.conn.Wire.wire(Wire.java:87)
http-outgoing-21 >> "{"id":"0.5389940634024653-1"}"
[DEBUG] 2017-07-05 17:07:22,978 method:org.apache.http.impl.conn.Wire.wire(Wire.java:73)
http-outgoing-21 << "HTTP/1.1 200 OK[\r][\n]"
[DEBUG] 2017-07-05 17:07:22,978 method:org.apache.http.impl.conn.Wire.wire(Wire.java:73)
http-outgoing-21 << "Content-Length:72[\r][\n]"
[DEBUG] 2017-07-05 17:07:22,979 method:org.apache.http.impl.conn.Wire.wire(Wire.java:73)
http-outgoing-21 << "Content-Type:application/json; charset=utf-8[\r][\n]"
[DEBUG] 2017-07-05 17:07:22,979 method:org.apache.http.impl.conn.Wire.wire(Wire.java:73)
http-outgoing-21 << "Connection:close[\r][\n]"
[DEBUG] 2017-07-05 17:07:22,979 method:org.apache.http.impl.conn.Wire.wire(Wire.java:73)
http-outgoing-21 << "[\r][\n]"
[DEBUG] 2017-07-05 17:07:22,980 method:org.apache.http.impl.conn.Wire.wire(Wire.java:87)
http-outgoing-21 << "{"sessionId":"408d3c17918aedf77d102f992aa918b8","status":0,"value":null}"
[DEBUG] 2017-07-05 17:07:22,980 method:org.apache.http.impl.conn.LoggingManagedHttpClientConnection.onResponseReceived(LoggingManagedHttpClientConnection.java:122)
http-outgoing-21 << HTTP/1.1 200 OK
[DEBUG] 2017-07-05 17:07:22,980 method:org.apache.http.impl.conn.LoggingManagedHttpClientConnection.onResponseReceived(LoggingManagedHttpClientConnection.java:125)
http-outgoing-21 << Content-Length:72
[DEBUG] 2017-07-05 17:07:22,980 method:org.apache.http.impl.conn.LoggingManagedHttpClientConnection.onResponseReceived(LoggingManagedHttpClientConnection.java:125)
http-outgoing-21 << Content-Type:application/json; charset=utf-8
[DEBUG] 2017-07-05 17:07:22,980 method:org.apache.http.impl.conn.LoggingManagedHttpClientConnection.onResponseReceived(LoggingManagedHttpClientConnection.java:125)
http-outgoing-21 << Connection:close
[DEBUG] 2017-07-05 17:07:22,980 method:org.apache.http.impl.conn.LoggingManagedHttpClientConnection.close(LoggingManagedHttpClientConnection.java:79)
http-outgoing-21: Close connection
[DEBUG] 2017-07-05 17:07:22,981 method:org.apache.http.impl.execchain.ConnectionHolder.releaseConnection(ConnectionHolder.java:104)
Connection discarded
[DEBUG] 2017-07-05 17:07:22,981 method:org.apache.http.impl.conn.PoolingHttpClientConnectionManager.releaseConnection(PoolingHttpClientConnectionManager.java:326)
Connection released: [id: 21][route: {}->http://localhost:23176][total kept alive: 0; route allocated: 0 of 2000; total allocated: 0 of 2000]
点击了==//*[@id="setting"]/a
[DEBUG] 2017-07-05 17:07:22,983 method:org.apache.http.client.protocol.RequestAddCookies.process(RequestAddCookies.java:123)
CookieSpec selected: default
[DEBUG] 2017-07-05 17:07:22,984 method:org.apache.http.client.protocol.RequestAuthCache.process(RequestAuthCache.java:77)
Auth cache not set in the context
[DEBUG] 2017-07-05 17:07:22,984 method:org.apache.http.impl.conn.PoolingHttpClientConnectionManager.requestConnection(PoolingHttpClientConnectionManager.java:255)
Connection request: [route: {}->http://localhost:23176][total kept alive: 0; route allocated: 0 of 2000; total allocated: 0 of 2000]
[DEBUG] 2017-07-05 17:07:22,985 method:org.apache.http.impl.conn.PoolingHttpClientConnectionManager.leaseConnection(PoolingHttpClientConnectionManager.java:288)
Connection leased: [id: 22][route: {}->http://localhost:23176][total kept alive: 0; route allocated: 1 of 2000; total allocated: 1 of 2000]
[DEBUG] 2017-07-05 17:07:22,985 method:org.apache.http.impl.execchain.MainClientExec.execute(MainClientExec.java:235)
Opening connection {}->http://localhost:23176
[DEBUG] 2017-07-05 17:07:22,985 method:org.apache.http.impl.conn.DefaultHttpClientConnectionOperator.connect(DefaultHttpClientConnectionOperator.java:139)
Connecting to localhost/127.0.0.1:23176
[DEBUG] 2017-07-05 17:07:22,986 method:org.apache.http.impl.conn.DefaultHttpClientConnectionOperator.connect(DefaultHttpClientConnectionOperator.java:146)
Connection established 127.0.0.1:59707<->127.0.0.1:23176
[DEBUG] 2017-07-05 17:07:22,987 method:org.apache.http.impl.conn.LoggingManagedHttpClientConnection.setSocketTimeout(LoggingManagedHttpClientConnection.java:88)
http-outgoing-22: set socket timeout to 10800000
[DEBUG] 2017-07-05 17:07:22,995 method:org.apache.http.impl.execchain.MainClientExec.execute(MainClientExec.java:256)
Executing request POST /session/408d3c17918aedf77d102f992aa918b8/elements HTTP/1.1
[DEBUG] 2017-07-05 17:07:22,997 method:org.apache.http.impl.execchain.MainClientExec.execute(MainClientExec.java:261)
Target auth state: UNCHALLENGED
[DEBUG] 2017-07-05 17:07:22,997 method:org.apache.http.impl.execchain.MainClientExec.execute(MainClientExec.java:267)
Proxy auth state: UNCHALLENGED
[DEBUG] 2017-07-05 17:07:22,997 method:org.apache.http.impl.conn.LoggingManagedHttpClientConnection.onRequestSubmitted(LoggingManagedHttpClientConnection.java:133)
http-outgoing-22 >> POST /session/408d3c17918aedf77d102f992aa918b8/elements HTTP/1.1
[DEBUG] 2017-07-05 17:07:22,998 method:org.apache.http.impl.conn.LoggingManagedHttpClientConnection.onRequestSubmitted(LoggingManagedHttpClientConnection.java:136)
http-outgoing-22 >> Content-Type: application/json; charset=utf-8
[DEBUG] 2017-07-05 17:07:22,998 method:org.apache.http.impl.conn.LoggingManagedHttpClientConnection.onRequestSubmitted(LoggingManagedHttpClientConnection.java:136)
http-outgoing-22 >> Content-Length: 77
[DEBUG] 2017-07-05 17:07:22,998 method:org.apache.http.impl.conn.LoggingManagedHttpClientConnection.onRequestSubmitted(LoggingManagedHttpClientConnection.java:136)
http-outgoing-22 >> Host: localhost:23176
[DEBUG] 2017-07-05 17:07:22,998 method:org.apache.http.impl.conn.LoggingManagedHttpClientConnection.onRequestSubmitted(LoggingManagedHttpClientConnection.java:136)
http-outgoing-22 >> Connection: Keep-Alive
[DEBUG] 2017-07-05 17:07:22,999 method:org.apache.http.impl.conn.LoggingManagedHttpClientConnection.onRequestSubmitted(LoggingManagedHttpClientConnection.java:136)
http-outgoing-22 >> User-Agent: Apache-HttpClient/4.5.3 (Java/1.8.0_111)
[DEBUG] 2017-07-05 17:07:22,999 method:org.apache.http.impl.conn.LoggingManagedHttpClientConnection.onRequestSubmitted(LoggingManagedHttpClientConnection.java:136)
http-outgoing-22 >> Accept-Encoding: gzip,deflate
[DEBUG] 2017-07-05 17:07:22,999 method:org.apache.http.impl.conn.Wire.wire(Wire.java:73)
http-outgoing-22 >> "POST /session/408d3c17918aedf77d102f992aa918b8/elements HTTP/1.1[\r][\n]"
[DEBUG] 2017-07-05 17:07:22,999 method:org.apache.http.impl.conn.Wire.wire(Wire.java:73)
http-outgoing-22 >> "Content-Type: application/json; charset=utf-8[\r][\n]"
[DEBUG] 2017-07-05 17:07:23,000 method:org.apache.http.impl.conn.Wire.wire(Wire.java:73)
http-outgoing-22 >> "Content-Length: 77[\r][\n]"
[DEBUG] 2017-07-05 17:07:23,000 method:org.apache.http.impl.conn.Wire.wire(Wire.java:73)
http-outgoing-22 >> "Host: localhost:23176[\r][\n]"
[DEBUG] 2017-07-05 17:07:23,001 method:org.apache.http.impl.conn.Wire.wire(Wire.java:73)
http-outgoing-22 >> "Connection: Keep-Alive[\r][\n]"
[DEBUG] 2017-07-05 17:07:23,002 method:org.apache.http.impl.conn.Wire.wire(Wire.java:73)
http-outgoing-22 >> "User-Agent: Apache-HttpClient/4.5.3 (Java/1.8.0_111)[\r][\n]"
[DEBUG] 2017-07-05 17:07:23,002 method:org.apache.http.impl.conn.Wire.wire(Wire.java:73)
http-outgoing-22 >> "Accept-Encoding: gzip,deflate[\r][\n]"
[DEBUG] 2017-07-05 17:07:23,002 method:org.apache.http.impl.conn.Wire.wire(Wire.java:73)
http-outgoing-22 >> "[\r][\n]"
[DEBUG] 2017-07-05 17:07:23,002 method:org.apache.http.impl.conn.Wire.wire(Wire.java:87)
http-outgoing-22 >> "{"using":"xpath","value":"//*[@id=\"J_left_div\"]/div[1]/ul/li[14]/li/div/p"}"
[DEBUG] 2017-07-05 17:07:23,029 method:org.apache.http.impl.conn.Wire.wire(Wire.java:73)
http-outgoing-22 << "HTTP/1.1 200 OK[\r][\n]"
[DEBUG] 2017-07-05 17:07:23,029 method:org.apache.http.impl.conn.Wire.wire(Wire.java:73)
http-outgoing-22 << "Content-Length:70[\r][\n]"
[DEBUG] 2017-07-05 17:07:23,030 method:org.apache.http.impl.conn.Wire.wire(Wire.java:73)
http-outgoing-22 << "Content-Type:application/json; charset=utf-8[\r][\n]"
[DEBUG] 2017-07-05 17:07:23,030 method:org.apache.http.impl.conn.Wire.wire(Wire.java:73)
http-outgoing-22 << "Connection:close[\r][\n]"
[DEBUG] 2017-07-05 17:07:23,030 method:org.apache.http.impl.conn.Wire.wire(Wire.java:73)
http-outgoing-22 << "[\r][\n]"
[DEBUG] 2017-07-05 17:07:23,030 method:org.apache.http.impl.conn.Wire.wire(Wire.java:87)
http-outgoing-22 << "{"sessionId":"408d3c17918aedf77d102f992aa918b8","status":0,"value":[]}"
[DEBUG] 2017-07-05 17:07:23,030 method:org.apache.http.impl.conn.LoggingManagedHttpClientConnection.onResponseReceived(LoggingManagedHttpClientConnection.java:122)
http-outgoing-22 << HTTP/1.1 200 OK
[DEBUG] 2017-07-05 17:07:23,030 method:org.apache.http.impl.conn.LoggingManagedHttpClientConnection.onResponseReceived(LoggingManagedHttpClientConnection.java:125)
http-outgoing-22 << Content-Length:70
[DEBUG] 2017-07-05 17:07:23,030 method:org.apache.http.impl.conn.LoggingManagedHttpClientConnection.onResponseReceived(LoggingManagedHttpClientConnection.java:125)
http-outgoing-22 << Content-Type:application/json; charset=utf-8
[DEBUG] 2017-07-05 17:07:23,031 method:org.apache.http.impl.conn.LoggingManagedHttpClientConnection.onResponseReceived(LoggingManagedHttpClientConnection.java:125)
http-outgoing-22 << Connection:close
[DEBUG] 2017-07-05 17:07:23,031 method:org.apache.http.impl.conn.LoggingManagedHttpClientConnection.close(LoggingManagedHttpClientConnection.java:79)
http-outgoing-22: Close connection
[DEBUG] 2017-07-05 17:07:23,031 method:org.apache.http.impl.execchain.ConnectionHolder.releaseConnection(ConnectionHolder.java:104)
Connection discarded
[DEBUG] 2017-07-05 17:07:23,031 method:org.apache.http.impl.conn.PoolingHttpClientConnectionManager.releaseConnection(PoolingHttpClientConnectionManager.java:326)
Connection released: [id: 22][route: {}->http://localhost:23176][total kept alive: 0; route allocated: 0 of 2000; total allocated: 0 of 2000]
[DEBUG] 2017-07-05 17:07:23,532 method:org.apache.http.client.protocol.RequestAddCookies.process(RequestAddCookies.java:123)
CookieSpec selected: default
[DEBUG] 2017-07-05 17:07:23,533 method:org.apache.http.client.protocol.RequestAuthCache.process(RequestAuthCache.java:77)
Auth cache not set in the context
[DEBUG] 2017-07-05 17:07:23,533 method:org.apache.http.impl.conn.PoolingHttpClientConnectionManager.requestConnection(PoolingHttpClientConnectionManager.java:255)
Connection request: [route: {}->http://localhost:23176][total kept alive: 0; route allocated: 0 of 2000; total allocated: 0 of 2000]
[DEBUG] 2017-07-05 17:07:23,533 method:org.apache.http.impl.conn.PoolingHttpClientConnectionManager.leaseConnection(PoolingHttpClientConnectionManager.java:288)
Connection leased: [id: 23][route: {}->http://localhost:23176][total kept alive: 0; route allocated: 1 of 2000; total allocated: 1 of 2000]
[DEBUG] 2017-07-05 17:07:23,533 method:org.apache.http.impl.execchain.MainClientExec.execute(MainClientExec.java:235)
Opening connection {}->http://localhost:23176
[DEBUG] 2017-07-05 17:07:23,533 method:org.apache.http.impl.conn.DefaultHttpClientConnectionOperator.connect(DefaultHttpClientConnectionOperator.java:139)
Connecting to localhost/127.0.0.1:23176
[DEBUG] 2017-07-05 17:07:23,534 method:org.apache.http.impl.conn.DefaultHttpClientConnectionOperator.connect(DefaultHttpClientConnectionOperator.java:146)
Connection established 127.0.0.1:59708<->127.0.0.1:23176
[DEBUG] 2017-07-05 17:07:23,535 method:org.apache.http.impl.conn.LoggingManagedHttpClientConnection.setSocketTimeout(LoggingManagedHttpClientConnection.java:88)
http-outgoing-23: set socket timeout to 10800000
[DEBUG] 2017-07-05 17:07:23,535 method:org.apache.http.impl.execchain.MainClientExec.execute(MainClientExec.java:256)
Executing request POST /session/408d3c17918aedf77d102f992aa918b8/elements HTTP/1.1
[DEBUG] 2017-07-05 17:07:23,535 method:org.apache.http.impl.execchain.MainClientExec.execute(MainClientExec.java:261)
Target auth state: UNCHALLENGED
[DEBUG] 2017-07-05 17:07:23,535 method:org.apache.http.impl.execchain.MainClientExec.execute(MainClientExec.java:267)
Proxy auth state: UNCHALLENGED
[DEBUG] 2017-07-05 17:07:23,536 method:org.apache.http.impl.conn.LoggingManagedHttpClientConnection.onRequestSubmitted(LoggingManagedHttpClientConnection.java:133)
http-outgoing-23 >> POST /session/408d3c17918aedf77d102f992aa918b8/elements HTTP/1.1
[DEBUG] 2017-07-05 17:07:23,536 method:org.apache.http.impl.conn.LoggingManagedHttpClientConnection.onRequestSubmitted(LoggingManagedHttpClientConnection.java:136)
http-outgoing-23 >> Content-Type: application/json; charset=utf-8
[DEBUG] 2017-07-05 17:07:23,537 method:org.apache.http.impl.conn.LoggingManagedHttpClientConnection.onRequestSubmitted(LoggingManagedHttpClientConnection.java:136)
http-outgoing-23 >> Content-Length: 77
[DEBUG] 2017-07-05 17:07:23,537 method:org.apache.http.impl.conn.LoggingManagedHttpClientConnection.onRequestSubmitted(LoggingManagedHttpClientConnection.java:136)
http-outgoing-23 >> Host: localhost:23176
[DEBUG] 2017-07-05 17:07:23,537 method:org.apache.http.impl.conn.LoggingManagedHttpClientConnection.onRequestSubmitted(LoggingManagedHttpClientConnection.java:136)
http-outgoing-23 >> Connection: Keep-Alive
[DEBUG] 2017-07-05 17:07:23,537 method:org.apache.http.impl.conn.LoggingManagedHttpClientConnection.onRequestSubmitted(LoggingManagedHttpClientConnection.java:136)
http-outgoing-23 >> User-Agent: Apache-HttpClient/4.5.3 (Java/1.8.0_111)
[DEBUG] 2017-07-05 17:07:23,538 method:org.apache.http.impl.conn.LoggingManagedHttpClientConnection.onRequestSubmitted(LoggingManagedHttpClientConnection.java:136)
http-outgoing-23 >> Accept-Encoding: gzip,deflate
[DEBUG] 2017-07-05 17:07:23,538 method:org.apache.http.impl.conn.Wire.wire(Wire.java:73)
http-outgoing-23 >> "POST /session/408d3c17918aedf77d102f992aa918b8/elements HTTP/1.1[\r][\n]"
[DEBUG] 2017-07-05 17:07:23,538 method:org.apache.http.impl.conn.Wire.wire(Wire.java:73)
http-outgoing-23 >> "Content-Type: application/json; charset=utf-8[\r][\n]"
[DEBUG] 2017-07-05 17:07:23,538 method:org.apache.http.impl.conn.Wire.wire(Wire.java:73)
http-outgoing-23 >> "Content-Length: 77[\r][\n]"
[DEBUG] 2017-07-05 17:07:23,538 method:org.apache.http.impl.conn.Wire.wire(Wire.java:73)
http-outgoing-23 >> "Host: localhost:23176[\r][\n]"
[DEBUG] 2017-07-05 17:07:23,539 method:org.apache.http.impl.conn.Wire.wire(Wire.java:73)
http-outgoing-23 >> "Connection: Keep-Alive[\r][\n]"
[DEBUG] 2017-07-05 17:07:23,539 method:org.apache.http.impl.conn.Wire.wire(Wire.java:73)
http-outgoing-23 >> "User-Agent: Apache-HttpClient/4.5.3 (Java/1.8.0_111)[\r][\n]"
[DEBUG] 2017-07-05 17:07:23,539 method:org.apache.http.impl.conn.Wire.wire(Wire.java:73)
http-outgoing-23 >> "Accept-Encoding: gzip,deflate[\r][\n]"
[DEBUG] 2017-07-05 17:07:23,539 method:org.apache.http.impl.conn.Wire.wire(Wire.java:73)
http-outgoing-23 >> "[\r][\n]"
[DEBUG] 2017-07-05 17:07:23,539 method:org.apache.http.impl.conn.Wire.wire(Wire.java:87)
http-outgoing-23 >> "{"using":"xpath","value":"//*[@id=\"J_left_div\"]/div[1]/ul/li[14]/li/div/p"}"
[DEBUG] 2017-07-05 17:07:23,549 method:org.apache.http.impl.conn.Wire.wire(Wire.java:73)
http-outgoing-23 << "HTTP/1.1 200 OK[\r][\n]"
[DEBUG] 2017-07-05 17:07:23,549 method:org.apache.http.impl.conn.Wire.wire(Wire.java:73)
http-outgoing-23 << "Content-Length:104[\r][\n]"
[DEBUG] 2017-07-05 17:07:23,549 method:org.apache.http.impl.conn.Wire.wire(Wire.java:73)
http-outgoing-23 << "Content-Type:application/json; charset=utf-8[\r][\n]"
[DEBUG] 2017-07-05 17:07:23,550 method:org.apache.http.impl.conn.Wire.wire(Wire.java:73)
http-outgoing-23 << "Connection:close[\r][\n]"
[DEBUG] 2017-07-05 17:07:23,550 method:org.apache.http.impl.conn.Wire.wire(Wire.java:73)
http-outgoing-23 << "[\r][\n]"
[DEBUG] 2017-07-05 17:07:23,550 method:org.apache.http.impl.conn.Wire.wire(Wire.java:87)
http-outgoing-23 << "{"sessionId":"408d3c17918aedf77d102f992aa918b8","status":0,"value":[{"ELEMENT":"0.5389940634024653-2"}]}"
[DEBUG] 2017-07-05 17:07:23,550 method:org.apache.http.impl.conn.LoggingManagedHttpClientConnection.onResponseReceived(LoggingManagedHttpClientConnection.java:122)
http-outgoing-23 << HTTP/1.1 200 OK
[DEBUG] 2017-07-05 17:07:23,550 method:org.apache.http.impl.conn.LoggingManagedHttpClientConnection.onResponseReceived(LoggingManagedHttpClientConnection.java:125)
http-outgoing-23 << Content-Length:104
[DEBUG] 2017-07-05 17:07:23,550 method:org.apache.http.impl.conn.LoggingManagedHttpClientConnection.onResponseReceived(LoggingManagedHttpClientConnection.java:125)
http-outgoing-23 << Content-Type:application/json; charset=utf-8
[DEBUG] 2017-07-05 17:07:23,550 method:org.apache.http.impl.conn.LoggingManagedHttpClientConnection.onResponseReceived(LoggingManagedHttpClientConnection.java:125)
http-outgoing-23 << Connection:close
[DEBUG] 2017-07-05 17:07:23,551 method:org.apache.http.impl.conn.LoggingManagedHttpClientConnection.close(LoggingManagedHttpClientConnection.java:79)
http-outgoing-23: Close connection
[DEBUG] 2017-07-05 17:07:23,552 method:org.apache.http.impl.execchain.ConnectionHolder.releaseConnection(ConnectionHolder.java:104)
Connection discarded
[DEBUG] 2017-07-05 17:07:23,552 method:org.apache.http.impl.conn.PoolingHttpClientConnectionManager.releaseConnection(PoolingHttpClientConnectionManager.java:326)
Connection released: [id: 23][route: {}->http://localhost:23176][total kept alive: 0; route allocated: 0 of 2000; total allocated: 0 of 2000]
[DEBUG] 2017-07-05 17:07:24,355 method:org.apache.http.client.protocol.RequestAddCookies.process(RequestAddCookies.java:123)
CookieSpec selected: default
[DEBUG] 2017-07-05 17:07:24,356 method:org.apache.http.client.protocol.RequestAuthCache.process(RequestAuthCache.java:77)
Auth cache not set in the context
[DEBUG] 2017-07-05 17:07:24,356 method:org.apache.http.impl.conn.PoolingHttpClientConnectionManager.requestConnection(PoolingHttpClientConnectionManager.java:255)
Connection request: [route: {}->http://localhost:23176][total kept alive: 0; route allocated: 0 of 2000; total allocated: 0 of 2000]
[DEBUG] 2017-07-05 17:07:24,356 method:org.apache.http.impl.conn.PoolingHttpClientConnectionManager.leaseConnection(PoolingHttpClientConnectionManager.java:288)
Connection leased: [id: 24][route: {}->http://localhost:23176][total kept alive: 0; route allocated: 1 of 2000; total allocated: 1 of 2000]
[DEBUG] 2017-07-05 17:07:24,356 method:org.apache.http.impl.execchain.MainClientExec.execute(MainClientExec.java:235)
Opening connection {}->http://localhost:23176
[DEBUG] 2017-07-05 17:07:24,356 method:org.apache.http.impl.conn.DefaultHttpClientConnectionOperator.connect(DefaultHttpClientConnectionOperator.java:139)
Connecting to localhost/127.0.0.1:23176
[DEBUG] 2017-07-05 17:07:24,357 method:org.apache.http.impl.conn.DefaultHttpClientConnectionOperator.connect(DefaultHttpClientConnectionOperator.java:146)
Connection established 127.0.0.1:59709<->127.0.0.1:23176
[DEBUG] 2017-07-05 17:07:24,357 method:org.apache.http.impl.conn.LoggingManagedHttpClientConnection.setSocketTimeout(LoggingManagedHttpClientConnection.java:88)
http-outgoing-24: set socket timeout to 10800000
[DEBUG] 2017-07-05 17:07:24,357 method:org.apache.http.impl.execchain.MainClientExec.execute(MainClientExec.java:256)
Executing request POST /session/408d3c17918aedf77d102f992aa918b8/element HTTP/1.1
[DEBUG] 2017-07-05 17:07:24,357 method:org.apache.http.impl.execchain.MainClientExec.execute(MainClientExec.java:261)
Target auth state: UNCHALLENGED
[DEBUG] 2017-07-05 17:07:24,357 method:org.apache.http.impl.execchain.MainClientExec.execute(MainClientExec.java:267)
Proxy auth state: UNCHALLENGED
[DEBUG] 2017-07-05 17:07:24,358 method:org.apache.http.impl.conn.LoggingManagedHttpClientConnection.onRequestSubmitted(LoggingManagedHttpClientConnection.java:133)
http-outgoing-24 >> POST /session/408d3c17918aedf77d102f992aa918b8/element HTTP/1.1
[DEBUG] 2017-07-05 17:07:24,358 method:org.apache.http.impl.conn.LoggingManagedHttpClientConnection.onRequestSubmitted(LoggingManagedHttpClientConnection.java:136)
http-outgoing-24 >> Content-Type: application/json; charset=utf-8
[DEBUG] 2017-07-05 17:07:24,358 method:org.apache.http.impl.conn.LoggingManagedHttpClientConnection.onRequestSubmitted(LoggingManagedHttpClientConnection.java:136)
http-outgoing-24 >> Content-Length: 77
[DEBUG] 2017-07-05 17:07:24,358 method:org.apache.http.impl.conn.LoggingManagedHttpClientConnection.onRequestSubmitted(LoggingManagedHttpClientConnection.java:136)
http-outgoing-24 >> Host: localhost:23176
[DEBUG] 2017-07-05 17:07:24,358 method:org.apache.http.impl.conn.LoggingManagedHttpClientConnection.onRequestSubmitted(LoggingManagedHttpClientConnection.java:136)
http-outgoing-24 >> Connection: Keep-Alive
[DEBUG] 2017-07-05 17:07:24,358 method:org.apache.http.impl.conn.LoggingManagedHttpClientConnection.onRequestSubmitted(LoggingManagedHttpClientConnection.java:136)
http-outgoing-24 >> User-Agent: Apache-HttpClient/4.5.3 (Java/1.8.0_111)
[DEBUG] 2017-07-05 17:07:24,358 method:org.apache.http.impl.conn.LoggingManagedHttpClientConnection.onRequestSubmitted(LoggingManagedHttpClientConnection.java:136)
http-outgoing-24 >> Accept-Encoding: gzip,deflate
[DEBUG] 2017-07-05 17:07:24,358 method:org.apache.http.impl.conn.Wire.wire(Wire.java:73)
http-outgoing-24 >> "POST /session/408d3c17918aedf77d102f992aa918b8/element HTTP/1.1[\r][\n]"
[DEBUG] 2017-07-05 17:07:24,358 method:org.apache.http.impl.conn.Wire.wire(Wire.java:73)
http-outgoing-24 >> "Content-Type: application/json; charset=utf-8[\r][\n]"
[DEBUG] 2017-07-05 17:07:24,358 method:org.apache.http.impl.conn.Wire.wire(Wire.java:73)
http-outgoing-24 >> "Content-Length: 77[\r][\n]"
[DEBUG] 2017-07-05 17:07:24,359 method:org.apache.http.impl.conn.Wire.wire(Wire.java:73)
http-outgoing-24 >> "Host: localhost:23176[\r][\n]"
[DEBUG] 2017-07-05 17:07:24,359 method:org.apache.http.impl.conn.Wire.wire(Wire.java:73)
http-outgoing-24 >> "Connection: Keep-Alive[\r][\n]"
[DEBUG] 2017-07-05 17:07:24,359 method:org.apache.http.impl.conn.Wire.wire(Wire.java:73)
http-outgoing-24 >> "User-Agent: Apache-HttpClient/4.5.3 (Java/1.8.0_111)[\r][\n]"
[DEBUG] 2017-07-05 17:07:24,359 method:org.apache.http.impl.conn.Wire.wire(Wire.java:73)
http-outgoing-24 >> "Accept-Encoding: gzip,deflate[\r][\n]"
[DEBUG] 2017-07-05 17:07:24,359 method:org.apache.http.impl.conn.Wire.wire(Wire.java:73)
http-outgoing-24 >> "[\r][\n]"
[DEBUG] 2017-07-05 17:07:24,359 method:org.apache.http.impl.conn.Wire.wire(Wire.java:87)
http-outgoing-24 >> "{"using":"xpath","value":"//*[@id=\"J_left_div\"]/div[1]/ul/li[14]/li/div/p"}"
[DEBUG] 2017-07-05 17:07:24,380 method:org.apache.http.impl.conn.Wire.wire(Wire.java:73)
http-outgoing-24 << "HTTP/1.1 200 OK[\r][\n]"
[DEBUG] 2017-07-05 17:07:24,380 method:org.apache.http.impl.conn.Wire.wire(Wire.java:73)
http-outgoing-24 << "Content-Length:102[\r][\n]"
[DEBUG] 2017-07-05 17:07:24,381 method:org.apache.http.impl.conn.Wire.wire(Wire.java:73)
http-outgoing-24 << "Content-Type:application/json; charset=utf-8[\r][\n]"
[DEBUG] 2017-07-05 17:07:24,381 method:org.apache.http.impl.conn.Wire.wire(Wire.java:73)
http-outgoing-24 << "Connection:close[\r][\n]"
[DEBUG] 2017-07-05 17:07:24,381 method:org.apache.http.impl.conn.Wire.wire(Wire.java:73)
http-outgoing-24 << "[\r][\n]"
[DEBUG] 2017-07-05 17:07:24,381 method:org.apache.http.impl.conn.Wire.wire(Wire.java:87)
http-outgoing-24 << "{"sessionId":"408d3c17918aedf77d102f992aa918b8","status":0,"value":{"ELEMENT":"0.5389940634024653-2"}}"
[DEBUG] 2017-07-05 17:07:24,381 method:org.apache.http.impl.conn.LoggingManagedHttpClientConnection.onResponseReceived(LoggingManagedHttpClientConnection.java:122)
http-outgoing-24 << HTTP/1.1 200 OK
[DEBUG] 2017-07-05 17:07:24,381 method:org.apache.http.impl.conn.LoggingManagedHttpClientConnection.onResponseReceived(LoggingManagedHttpClientConnection.java:125)
http-outgoing-24 << Content-Length:102
[DEBUG] 2017-07-05 17:07:24,381 method:org.apache.http.impl.conn.LoggingManagedHttpClientConnection.onResponseReceived(LoggingManagedHttpClientConnection.java:125)
http-outgoing-24 << Content-Type:application/json; charset=utf-8
[DEBUG] 2017-07-05 17:07:24,381 method:org.apache.http.impl.conn.LoggingManagedHttpClientConnection.onResponseReceived(LoggingManagedHttpClientConnection.java:125)
http-outgoing-24 << Connection:close
[DEBUG] 2017-07-05 17:07:24,382 method:org.apache.http.impl.conn.LoggingManagedHttpClientConnection.close(LoggingManagedHttpClientConnection.java:79)
http-outgoing-24: Close connection
[DEBUG] 2017-07-05 17:07:24,382 method:org.apache.http.impl.execchain.ConnectionHolder.releaseConnection(ConnectionHolder.java:104)
Connection discarded
[DEBUG] 2017-07-05 17:07:24,382 method:org.apache.http.impl.conn.PoolingHttpClientConnectionManager.releaseConnection(PoolingHttpClientConnectionManager.java:326)
Connection released: [id: 24][route: {}->http://localhost:23176][total kept alive: 0; route allocated: 0 of 2000; total allocated: 0 of 2000]
[DEBUG] 2017-07-05 17:07:24,384 method:org.apache.http.client.protocol.RequestAddCookies.process(RequestAddCookies.java:123)
CookieSpec selected: default
[DEBUG] 2017-07-05 17:07:24,385 method:org.apache.http.client.protocol.RequestAuthCache.process(RequestAuthCache.java:77)
Auth cache not set in the context
[DEBUG] 2017-07-05 17:07:24,385 method:org.apache.http.impl.conn.PoolingHttpClientConnectionManager.requestConnection(PoolingHttpClientConnectionManager.java:255)
Connection request: [route: {}->http://localhost:23176][total kept alive: 0; route allocated: 0 of 2000; total allocated: 0 of 2000]
[DEBUG] 2017-07-05 17:07:24,385 method:org.apache.http.impl.conn.PoolingHttpClientConnectionManager.leaseConnection(PoolingHttpClientConnectionManager.java:288)
Connection leased: [id: 25][route: {}->http://localhost:23176][total kept alive: 0; route allocated: 1 of 2000; total allocated: 1 of 2000]
[DEBUG] 2017-07-05 17:07:24,385 method:org.apache.http.impl.execchain.MainClientExec.execute(MainClientExec.java:235)
Opening connection {}->http://localhost:23176
[DEBUG] 2017-07-05 17:07:24,385 method:org.apache.http.impl.conn.DefaultHttpClientConnectionOperator.connect(DefaultHttpClientConnectionOperator.java:139)
Connecting to localhost/127.0.0.1:23176
[DEBUG] 2017-07-05 17:07:24,386 method:org.apache.http.impl.conn.DefaultHttpClientConnectionOperator.connect(DefaultHttpClientConnectionOperator.java:146)
Connection established 127.0.0.1:59710<->127.0.0.1:23176
[DEBUG] 2017-07-05 17:07:24,386 method:org.apache.http.impl.conn.LoggingManagedHttpClientConnection.setSocketTimeout(LoggingManagedHttpClientConnection.java:88)
http-outgoing-25: set socket timeout to 10800000
[DEBUG] 2017-07-05 17:07:24,386 method:org.apache.http.impl.execchain.MainClientExec.execute(MainClientExec.java:256)
Executing request POST /session/408d3c17918aedf77d102f992aa918b8/element/0.5389940634024653-2/click HTTP/1.1
[DEBUG] 2017-07-05 17:07:24,386 method:org.apache.http.impl.execchain.MainClientExec.execute(MainClientExec.java:261)
Target auth state: UNCHALLENGED
[DEBUG] 2017-07-05 17:07:24,386 method:org.apache.http.impl.execchain.MainClientExec.execute(MainClientExec.java:267)
Proxy auth state: UNCHALLENGED
[DEBUG] 2017-07-05 17:07:24,387 method:org.apache.http.impl.conn.LoggingManagedHttpClientConnection.onRequestSubmitted(LoggingManagedHttpClientConnection.java:133)
http-outgoing-25 >> POST /session/408d3c17918aedf77d102f992aa918b8/element/0.5389940634024653-2/click HTTP/1.1
[DEBUG] 2017-07-05 17:07:24,387 method:org.apache.http.impl.conn.LoggingManagedHttpClientConnection.onRequestSubmitted(LoggingManagedHttpClientConnection.java:136)
http-outgoing-25 >> Content-Type: application/json; charset=utf-8
[DEBUG] 2017-07-05 17:07:24,387 method:org.apache.http.impl.conn.LoggingManagedHttpClientConnection.onRequestSubmitted(LoggingManagedHttpClientConnection.java:136)
http-outgoing-25 >> Content-Length: 29
[DEBUG] 2017-07-05 17:07:24,387 method:org.apache.http.impl.conn.LoggingManagedHttpClientConnection.onRequestSubmitted(LoggingManagedHttpClientConnection.java:136)
http-outgoing-25 >> Host: localhost:23176
[DEBUG] 2017-07-05 17:07:24,387 method:org.apache.http.impl.conn.LoggingManagedHttpClientConnection.onRequestSubmitted(LoggingManagedHttpClientConnection.java:136)
http-outgoing-25 >> Connection: Keep-Alive
[DEBUG] 2017-07-05 17:07:24,387 method:org.apache.http.impl.conn.LoggingManagedHttpClientConnection.onRequestSubmitted(LoggingManagedHttpClientConnection.java:136)
http-outgoing-25 >> User-Agent: Apache-HttpClient/4.5.3 (Java/1.8.0_111)
[DEBUG] 2017-07-05 17:07:24,387 method:org.apache.http.impl.conn.LoggingManagedHttpClientConnection.onRequestSubmitted(LoggingManagedHttpClientConnection.java:136)
http-outgoing-25 >> Accept-Encoding: gzip,deflate
[DEBUG] 2017-07-05 17:07:24,387 method:org.apache.http.impl.conn.Wire.wire(Wire.java:73)
http-outgoing-25 >> "POST /session/408d3c17918aedf77d102f992aa918b8/element/0.5389940634024653-2/click HTTP/1.1[\r][\n]"
[DEBUG] 2017-07-05 17:07:24,387 method:org.apache.http.impl.conn.Wire.wire(Wire.java:73)
http-outgoing-25 >> "Content-Type: application/json; charset=utf-8[\r][\n]"
[DEBUG] 2017-07-05 17:07:24,388 method:org.apache.http.impl.conn.Wire.wire(Wire.java:73)
http-outgoing-25 >> "Content-Length: 29[\r][\n]"
[DEBUG] 2017-07-05 17:07:24,388 method:org.apache.http.impl.conn.Wire.wire(Wire.java:73)
http-outgoing-25 >> "Host: localhost:23176[\r][\n]"
[DEBUG] 2017-07-05 17:07:24,388 method:org.apache.http.impl.conn.Wire.wire(Wire.java:73)
http-outgoing-25 >> "Connection: Keep-Alive[\r][\n]"
[DEBUG] 2017-07-05 17:07:24,388 method:org.apache.http.impl.conn.Wire.wire(Wire.java:73)
http-outgoing-25 >> "User-Agent: Apache-HttpClient/4.5.3 (Java/1.8.0_111)[\r][\n]"
[DEBUG] 2017-07-05 17:07:24,388 method:org.apache.http.impl.conn.Wire.wire(Wire.java:73)
http-outgoing-25 >> "Accept-Encoding: gzip,deflate[\r][\n]"
[DEBUG] 2017-07-05 17:07:24,388 method:org.apache.http.impl.conn.Wire.wire(Wire.java:73)
http-outgoing-25 >> "[\r][\n]"
[DEBUG] 2017-07-05 17:07:24,388 method:org.apache.http.impl.conn.Wire.wire(Wire.java:87)
http-outgoing-25 >> "{"id":"0.5389940634024653-2"}"
[DEBUG] 2017-07-05 17:07:24,449 method:org.apache.http.impl.conn.Wire.wire(Wire.java:73)
http-outgoing-25 << "HTTP/1.1 200 OK[\r][\n]"
[DEBUG] 2017-07-05 17:07:24,449 method:org.apache.http.impl.conn.Wire.wire(Wire.java:73)
http-outgoing-25 << "Content-Length:72[\r][\n]"
[DEBUG] 2017-07-05 17:07:24,449 method:org.apache.http.impl.conn.Wire.wire(Wire.java:73)
http-outgoing-25 << "Content-Type:application/json; charset=utf-8[\r][\n]"
[DEBUG] 2017-07-05 17:07:24,449 method:org.apache.http.impl.conn.Wire.wire(Wire.java:73)
http-outgoing-25 << "Connection:close[\r][\n]"
[DEBUG] 2017-07-05 17:07:24,449 method:org.apache.http.impl.conn.Wire.wire(Wire.java:73)
http-outgoing-25 << "[\r][\n]"
[DEBUG] 2017-07-05 17:07:24,449 method:org.apache.http.impl.conn.Wire.wire(Wire.java:87)
http-outgoing-25 << "{"sessionId":"408d3c17918aedf77d102f992aa918b8","status":0,"value":null}"
[DEBUG] 2017-07-05 17:07:24,450 method:org.apache.http.impl.conn.LoggingManagedHttpClientConnection.onResponseReceived(LoggingManagedHttpClientConnection.java:122)
http-outgoing-25 << HTTP/1.1 200 OK
[DEBUG] 2017-07-05 17:07:24,450 method:org.apache.http.impl.conn.LoggingManagedHttpClientConnection.onResponseReceived(LoggingManagedHttpClientConnection.java:125)
http-outgoing-25 << Content-Length:72
[DEBUG] 2017-07-05 17:07:24,450 method:org.apache.http.impl.conn.LoggingManagedHttpClientConnection.onResponseReceived(LoggingManagedHttpClientConnection.java:125)
http-outgoing-25 << Content-Type:application/json; charset=utf-8
[DEBUG] 2017-07-05 17:07:24,450 method:org.apache.http.impl.conn.LoggingManagedHttpClientConnection.onResponseReceived(LoggingManagedHttpClientConnection.java:125)
http-outgoing-25 << Connection:close
[DEBUG] 2017-07-05 17:07:24,450 method:org.apache.http.impl.conn.LoggingManagedHttpClientConnection.close(LoggingManagedHttpClientConnection.java:79)
http-outgoing-25: Close connection
[DEBUG] 2017-07-05 17:07:24,450 method:org.apache.http.impl.execchain.ConnectionHolder.releaseConnection(ConnectionHolder.java:104)
Connection discarded
[DEBUG] 2017-07-05 17:07:24,451 method:org.apache.http.impl.conn.PoolingHttpClientConnectionManager.releaseConnection(PoolingHttpClientConnectionManager.java:326)
Connection released: [id: 25][route: {}->http://localhost:23176][total kept alive: 0; route allocated: 0 of 2000; total allocated: 0 of 2000]
点击了==//*[@id="J_left_div"]/div[1]/ul/li[14]/li/div/p
[DEBUG] 2017-07-05 17:07:24,452 method:org.apache.http.client.protocol.RequestAddCookies.process(RequestAddCookies.java:123)
CookieSpec selected: default
[DEBUG] 2017-07-05 17:07:24,452 method:org.apache.http.client.protocol.RequestAuthCache.process(RequestAuthCache.java:77)
Auth cache not set in the context
[DEBUG] 2017-07-05 17:07:24,452 method:org.apache.http.impl.conn.PoolingHttpClientConnectionManager.requestConnection(PoolingHttpClientConnectionManager.java:255)
Connection request: [route: {}->http://localhost:23176][total kept alive: 0; route allocated: 0 of 2000; total allocated: 0 of 2000]
[DEBUG] 2017-07-05 17:07:24,452 method:org.apache.http.impl.conn.PoolingHttpClientConnectionManager.leaseConnection(PoolingHttpClientConnectionManager.java:288)
Connection leased: [id: 26][route: {}->http://localhost:23176][total kept alive: 0; route allocated: 1 of 2000; total allocated: 1 of 2000]
[DEBUG] 2017-07-05 17:07:24,453 method:org.apache.http.impl.execchain.MainClientExec.execute(MainClientExec.java:235)
Opening connection {}->http://localhost:23176
[DEBUG] 2017-07-05 17:07:24,453 method:org.apache.http.impl.conn.DefaultHttpClientConnectionOperator.connect(DefaultHttpClientConnectionOperator.java:139)
Connecting to localhost/127.0.0.1:23176
[DEBUG] 2017-07-05 17:07:24,453 method:org.apache.http.impl.conn.DefaultHttpClientConnectionOperator.connect(DefaultHttpClientConnectionOperator.java:146)
Connection established 127.0.0.1:59711<->127.0.0.1:23176
[DEBUG] 2017-07-05 17:07:24,454 method:org.apache.http.impl.conn.LoggingManagedHttpClientConnection.setSocketTimeout(LoggingManagedHttpClientConnection.java:88)
http-outgoing-26: set socket timeout to 10800000
[DEBUG] 2017-07-05 17:07:24,454 method:org.apache.http.impl.execchain.MainClientExec.execute(MainClientExec.java:256)
Executing request POST /session/408d3c17918aedf77d102f992aa918b8/elements HTTP/1.1
[DEBUG] 2017-07-05 17:07:24,454 method:org.apache.http.impl.execchain.MainClientExec.execute(MainClientExec.java:261)
Target auth state: UNCHALLENGED
[DEBUG] 2017-07-05 17:07:24,454 method:org.apache.http.impl.execchain.MainClientExec.execute(MainClientExec.java:267)
Proxy auth state: UNCHALLENGED
[DEBUG] 2017-07-05 17:07:24,454 method:org.apache.http.impl.conn.LoggingManagedHttpClientConnection.onRequestSubmitted(LoggingManagedHttpClientConnection.java:133)
http-outgoing-26 >> POST /session/408d3c17918aedf77d102f992aa918b8/elements HTTP/1.1
[DEBUG] 2017-07-05 17:07:24,454 method:org.apache.http.impl.conn.LoggingManagedHttpClientConnection.onRequestSubmitted(LoggingManagedHttpClientConnection.java:136)
http-outgoing-26 >> Content-Type: application/json; charset=utf-8
[DEBUG] 2017-07-05 17:07:24,454 method:org.apache.http.impl.conn.LoggingManagedHttpClientConnection.onRequestSubmitted(LoggingManagedHttpClientConnection.java:136)
http-outgoing-26 >> Content-Length: 79
[DEBUG] 2017-07-05 17:07:24,454 method:org.apache.http.impl.conn.LoggingManagedHttpClientConnection.onRequestSubmitted(LoggingManagedHttpClientConnection.java:136)
http-outgoing-26 >> Host: localhost:23176
[DEBUG] 2017-07-05 17:07:24,455 method:org.apache.http.impl.conn.LoggingManagedHttpClientConnection.onRequestSubmitted(LoggingManagedHttpClientConnection.java:136)
http-outgoing-26 >> Connection: Keep-Alive
[DEBUG] 2017-07-05 17:07:24,455 method:org.apache.http.impl.conn.LoggingManagedHttpClientConnection.onRequestSubmitted(LoggingManagedHttpClientConnection.java:136)
http-outgoing-26 >> User-Agent: Apache-HttpClient/4.5.3 (Java/1.8.0_111)
[DEBUG] 2017-07-05 17:07:24,455 method:org.apache.http.impl.conn.LoggingManagedHttpClientConnection.onRequestSubmitted(LoggingManagedHttpClientConnection.java:136)
http-outgoing-26 >> Accept-Encoding: gzip,deflate
[DEBUG] 2017-07-05 17:07:24,455 method:org.apache.http.impl.conn.Wire.wire(Wire.java:73)
http-outgoing-26 >> "POST /session/408d3c17918aedf77d102f992aa918b8/elements HTTP/1.1[\r][\n]"
[DEBUG] 2017-07-05 17:07:24,455 method:org.apache.http.impl.conn.Wire.wire(Wire.java:73)
http-outgoing-26 >> "Content-Type: application/json; charset=utf-8[\r][\n]"
[DEBUG] 2017-07-05 17:07:24,455 method:org.apache.http.impl.conn.Wire.wire(Wire.java:73)
http-outgoing-26 >> "Content-Length: 79[\r][\n]"
[DEBUG] 2017-07-05 17:07:24,455 method:org.apache.http.impl.conn.Wire.wire(Wire.java:73)
http-outgoing-26 >> "Host: localhost:23176[\r][\n]"
[DEBUG] 2017-07-05 17:07:24,455 method:org.apache.http.impl.conn.Wire.wire(Wire.java:73)
http-outgoing-26 >> "Connection: Keep-Alive[\r][\n]"
[DEBUG] 2017-07-05 17:07:24,455 method:org.apache.http.impl.conn.Wire.wire(Wire.java:73)
http-outgoing-26 >> "User-Agent: Apache-HttpClient/4.5.3 (Java/1.8.0_111)[\r][\n]"
[DEBUG] 2017-07-05 17:07:24,456 method:org.apache.http.impl.conn.Wire.wire(Wire.java:73)
http-outgoing-26 >> "Accept-Encoding: gzip,deflate[\r][\n]"
[DEBUG] 2017-07-05 17:07:24,456 method:org.apache.http.impl.conn.Wire.wire(Wire.java:73)
http-outgoing-26 >> "[\r][\n]"
[DEBUG] 2017-07-05 17:07:24,456 method:org.apache.http.impl.conn.Wire.wire(Wire.java:87)
http-outgoing-26 >> "{"using":"xpath","value":"//*[@id=\"personInformation\"]/div[2]/div[1]/p[5]/a"}"
[DEBUG] 2017-07-05 17:07:24,483 method:org.apache.http.impl.conn.Wire.wire(Wire.java:73)
http-outgoing-26 << "HTTP/1.1 200 OK[\r][\n]"
[DEBUG] 2017-07-05 17:07:24,484 method:org.apache.http.impl.conn.Wire.wire(Wire.java:73)
http-outgoing-26 << "Content-Length:70[\r][\n]"
[DEBUG] 2017-07-05 17:07:24,484 method:org.apache.http.impl.conn.Wire.wire(Wire.java:73)
http-outgoing-26 << "Content-Type:application/json; charset=utf-8[\r][\n]"
[DEBUG] 2017-07-05 17:07:24,484 method:org.apache.http.impl.conn.Wire.wire(Wire.java:73)
http-outgoing-26 << "Connection:close[\r][\n]"
[DEBUG] 2017-07-05 17:07:24,484 method:org.apache.http.impl.conn.Wire.wire(Wire.java:73)
http-outgoing-26 << "[\r][\n]"
[DEBUG] 2017-07-05 17:07:24,484 method:org.apache.http.impl.conn.Wire.wire(Wire.java:87)
http-outgoing-26 << "{"sessionId":"408d3c17918aedf77d102f992aa918b8","status":0,"value":[]}"
[DEBUG] 2017-07-05 17:07:24,485 method:org.apache.http.impl.conn.LoggingManagedHttpClientConnection.onResponseReceived(LoggingManagedHttpClientConnection.java:122)
http-outgoing-26 << HTTP/1.1 200 OK
[DEBUG] 2017-07-05 17:07:24,485 method:org.apache.http.impl.conn.LoggingManagedHttpClientConnection.onResponseReceived(LoggingManagedHttpClientConnection.java:125)
http-outgoing-26 << Content-Length:70
[DEBUG] 2017-07-05 17:07:24,485 method:org.apache.http.impl.conn.LoggingManagedHttpClientConnection.onResponseReceived(LoggingManagedHttpClientConnection.java:125)
http-outgoing-26 << Content-Type:application/json; charset=utf-8
[DEBUG] 2017-07-05 17:07:24,485 method:org.apache.http.impl.conn.LoggingManagedHttpClientConnection.onResponseReceived(LoggingManagedHttpClientConnection.java:125)
http-outgoing-26 << Connection:close
[DEBUG] 2017-07-05 17:07:24,485 method:org.apache.http.impl.conn.LoggingManagedHttpClientConnection.close(LoggingManagedHttpClientConnection.java:79)
http-outgoing-26: Close connection
[DEBUG] 2017-07-05 17:07:24,485 method:org.apache.http.impl.execchain.ConnectionHolder.releaseConnection(ConnectionHolder.java:104)
Connection discarded
[DEBUG] 2017-07-05 17:07:24,486 method:org.apache.http.impl.conn.PoolingHttpClientConnectionManager.releaseConnection(PoolingHttpClientConnectionManager.java:326)
Connection released: [id: 26][route: {}->http://localhost:23176][total kept alive: 0; route allocated: 0 of 2000; total allocated: 0 of 2000]
[DEBUG] 2017-07-05 17:07:24,987 method:org.apache.http.client.protocol.RequestAddCookies.process(RequestAddCookies.java:123)
CookieSpec selected: default
[DEBUG] 2017-07-05 17:07:24,988 method:org.apache.http.client.protocol.RequestAuthCache.process(RequestAuthCache.java:77)
Auth cache not set in the context
[DEBUG] 2017-07-05 17:07:24,988 method:org.apache.http.impl.conn.PoolingHttpClientConnectionManager.requestConnection(PoolingHttpClientConnectionManager.java:255)
Connection request: [route: {}->http://localhost:23176][total kept alive: 0; route allocated: 0 of 2000; total allocated: 0 of 2000]
[DEBUG] 2017-07-05 17:07:24,988 method:org.apache.http.impl.conn.PoolingHttpClientConnectionManager.leaseConnection(PoolingHttpClientConnectionManager.java:288)
Connection leased: [id: 27][route: {}->http://localhost:23176][total kept alive: 0; route allocated: 1 of 2000; total allocated: 1 of 2000]
[DEBUG] 2017-07-05 17:07:24,988 method:org.apache.http.impl.execchain.MainClientExec.execute(MainClientExec.java:235)
Opening connection {}->http://localhost:23176
[DEBUG] 2017-07-05 17:07:24,988 method:org.apache.http.impl.conn.DefaultHttpClientConnectionOperator.connect(DefaultHttpClientConnectionOperator.java:139)
Connecting to localhost/127.0.0.1:23176
[DEBUG] 2017-07-05 17:07:24,989 method:org.apache.http.impl.conn.DefaultHttpClientConnectionOperator.connect(DefaultHttpClientConnectionOperator.java:146)
Connection established 127.0.0.1:59712<->127.0.0.1:23176
[DEBUG] 2017-07-05 17:07:24,989 method:org.apache.http.impl.conn.LoggingManagedHttpClientConnection.setSocketTimeout(LoggingManagedHttpClientConnection.java:88)
http-outgoing-27: set socket timeout to 10800000
[DEBUG] 2017-07-05 17:07:24,989 method:org.apache.http.impl.execchain.MainClientExec.execute(MainClientExec.java:256)
Executing request POST /session/408d3c17918aedf77d102f992aa918b8/elements HTTP/1.1
[DEBUG] 2017-07-05 17:07:24,990 method:org.apache.http.impl.execchain.MainClientExec.execute(MainClientExec.java:261)
Target auth state: UNCHALLENGED
[DEBUG] 2017-07-05 17:07:24,990 method:org.apache.http.impl.execchain.MainClientExec.execute(MainClientExec.java:267)
Proxy auth state: UNCHALLENGED
[DEBUG] 2017-07-05 17:07:24,990 method:org.apache.http.impl.conn.LoggingManagedHttpClientConnection.onRequestSubmitted(LoggingManagedHttpClientConnection.java:133)
http-outgoing-27 >> POST /session/408d3c17918aedf77d102f992aa918b8/elements HTTP/1.1
[DEBUG] 2017-07-05 17:07:24,990 method:org.apache.http.impl.conn.LoggingManagedHttpClientConnection.onRequestSubmitted(LoggingManagedHttpClientConnection.java:136)
http-outgoing-27 >> Content-Type: application/json; charset=utf-8
[DEBUG] 2017-07-05 17:07:24,990 method:org.apache.http.impl.conn.LoggingManagedHttpClientConnection.onRequestSubmitted(LoggingManagedHttpClientConnection.java:136)
http-outgoing-27 >> Content-Length: 79
[DEBUG] 2017-07-05 17:07:24,991 method:org.apache.http.impl.conn.LoggingManagedHttpClientConnection.onRequestSubmitted(LoggingManagedHttpClientConnection.java:136)
http-outgoing-27 >> Host: localhost:23176
[DEBUG] 2017-07-05 17:07:24,991 method:org.apache.http.impl.conn.LoggingManagedHttpClientConnection.onRequestSubmitted(LoggingManagedHttpClientConnection.java:136)
http-outgoing-27 >> Connection: Keep-Alive
[DEBUG] 2017-07-05 17:07:24,991 method:org.apache.http.impl.conn.LoggingManagedHttpClientConnection.onRequestSubmitted(LoggingManagedHttpClientConnection.java:136)
http-outgoing-27 >> User-Agent: Apache-HttpClient/4.5.3 (Java/1.8.0_111)
[DEBUG] 2017-07-05 17:07:24,991 method:org.apache.http.impl.conn.LoggingManagedHttpClientConnection.onRequestSubmitted(LoggingManagedHttpClientConnection.java:136)
http-outgoing-27 >> Accept-Encoding: gzip,deflate
[DEBUG] 2017-07-05 17:07:24,991 method:org.apache.http.impl.conn.Wire.wire(Wire.java:73)
http-outgoing-27 >> "POST /session/408d3c17918aedf77d102f992aa918b8/elements HTTP/1.1[\r][\n]"
[DEBUG] 2017-07-05 17:07:24,992 method:org.apache.http.impl.conn.Wire.wire(Wire.java:73)
http-outgoing-27 >> "Content-Type: application/json; charset=utf-8[\r][\n]"
[DEBUG] 2017-07-05 17:07:24,992 method:org.apache.http.impl.conn.Wire.wire(Wire.java:73)
http-outgoing-27 >> "Content-Length: 79[\r][\n]"
[DEBUG] 2017-07-05 17:07:24,992 method:org.apache.http.impl.conn.Wire.wire(Wire.java:73)
http-outgoing-27 >> "Host: localhost:23176[\r][\n]"
[DEBUG] 2017-07-05 17:07:24,992 method:org.apache.http.impl.conn.Wire.wire(Wire.java:73)
http-outgoing-27 >> "Connection: Keep-Alive[\r][\n]"
[DEBUG] 2017-07-05 17:07:24,992 method:org.apache.http.impl.conn.Wire.wire(Wire.java:73)
http-outgoing-27 >> "User-Agent: Apache-HttpClient/4.5.3 (Java/1.8.0_111)[\r][\n]"
[DEBUG] 2017-07-05 17:07:24,993 method:org.apache.http.impl.conn.Wire.wire(Wire.java:73)
http-outgoing-27 >> "Accept-Encoding: gzip,deflate[\r][\n]"
[DEBUG] 2017-07-05 17:07:24,993 method:org.apache.http.impl.conn.Wire.wire(Wire.java:73)
http-outgoing-27 >> "[\r][\n]"
[DEBUG] 2017-07-05 17:07:24,993 method:org.apache.http.impl.conn.Wire.wire(Wire.java:87)
http-outgoing-27 >> "{"using":"xpath","value":"//*[@id=\"personInformation\"]/div[2]/div[1]/p[5]/a"}"
[DEBUG] 2017-07-05 17:07:25,003 method:org.apache.http.impl.conn.Wire.wire(Wire.java:73)
http-outgoing-27 << "HTTP/1.1 200 OK[\r][\n]"
[DEBUG] 2017-07-05 17:07:25,003 method:org.apache.http.impl.conn.Wire.wire(Wire.java:73)
http-outgoing-27 << "Content-Length:104[\r][\n]"
[DEBUG] 2017-07-05 17:07:25,003 method:org.apache.http.impl.conn.Wire.wire(Wire.java:73)
http-outgoing-27 << "Content-Type:application/json; charset=utf-8[\r][\n]"
[DEBUG] 2017-07-05 17:07:25,003 method:org.apache.http.impl.conn.Wire.wire(Wire.java:73)
http-outgoing-27 << "Connection:close[\r][\n]"
[DEBUG] 2017-07-05 17:07:25,003 method:org.apache.http.impl.conn.Wire.wire(Wire.java:73)
http-outgoing-27 << "[\r][\n]"
[DEBUG] 2017-07-05 17:07:25,003 method:org.apache.http.impl.conn.Wire.wire(Wire.java:87)
http-outgoing-27 << "{"sessionId":"408d3c17918aedf77d102f992aa918b8","status":0,"value":[{"ELEMENT":"0.5389940634024653-3"}]}"
[DEBUG] 2017-07-05 17:07:25,004 method:org.apache.http.impl.conn.LoggingManagedHttpClientConnection.onResponseReceived(LoggingManagedHttpClientConnection.java:122)
http-outgoing-27 << HTTP/1.1 200 OK
[DEBUG] 2017-07-05 17:07:25,004 method:org.apache.http.impl.conn.LoggingManagedHttpClientConnection.onResponseReceived(LoggingManagedHttpClientConnection.java:125)
http-outgoing-27 << Content-Length:104
[DEBUG] 2017-07-05 17:07:25,004 method:org.apache.http.impl.conn.LoggingManagedHttpClientConnection.onResponseReceived(LoggingManagedHttpClientConnection.java:125)
http-outgoing-27 << Content-Type:application/json; charset=utf-8
[DEBUG] 2017-07-05 17:07:25,004 method:org.apache.http.impl.conn.LoggingManagedHttpClientConnection.onResponseReceived(LoggingManagedHttpClientConnection.java:125)
http-outgoing-27 << Connection:close
[DEBUG] 2017-07-05 17:07:25,004 method:org.apache.http.impl.conn.LoggingManagedHttpClientConnection.close(LoggingManagedHttpClientConnection.java:79)
http-outgoing-27: Close connection
[DEBUG] 2017-07-05 17:07:25,004 method:org.apache.http.impl.execchain.ConnectionHolder.releaseConnection(ConnectionHolder.java:104)
Connection discarded
[DEBUG] 2017-07-05 17:07:25,005 method:org.apache.http.impl.conn.PoolingHttpClientConnectionManager.releaseConnection(PoolingHttpClientConnectionManager.java:326)
Connection released: [id: 27][route: {}->http://localhost:23176][total kept alive: 0; route allocated: 0 of 2000; total allocated: 0 of 2000]
[DEBUG] 2017-07-05 17:07:25,806 method:org.apache.http.client.protocol.RequestAddCookies.process(RequestAddCookies.java:123)
CookieSpec selected: default
[DEBUG] 2017-07-05 17:07:25,807 method:org.apache.http.client.protocol.RequestAuthCache.process(RequestAuthCache.java:77)
Auth cache not set in the context
[DEBUG] 2017-07-05 17:07:25,807 method:org.apache.http.impl.conn.PoolingHttpClientConnectionManager.requestConnection(PoolingHttpClientConnectionManager.java:255)
Connection request: [route: {}->http://localhost:23176][total kept alive: 0; route allocated: 0 of 2000; total allocated: 0 of 2000]
[DEBUG] 2017-07-05 17:07:25,807 method:org.apache.http.impl.conn.PoolingHttpClientConnectionManager.leaseConnection(PoolingHttpClientConnectionManager.java:288)
Connection leased: [id: 28][route: {}->http://localhost:23176][total kept alive: 0; route allocated: 1 of 2000; total allocated: 1 of 2000]
[DEBUG] 2017-07-05 17:07:25,808 method:org.apache.http.impl.execchain.MainClientExec.execute(MainClientExec.java:235)
Opening connection {}->http://localhost:23176
[DEBUG] 2017-07-05 17:07:25,808 method:org.apache.http.impl.conn.DefaultHttpClientConnectionOperator.connect(DefaultHttpClientConnectionOperator.java:139)
Connecting to localhost/127.0.0.1:23176
[DEBUG] 2017-07-05 17:07:25,808 method:org.apache.http.impl.conn.DefaultHttpClientConnectionOperator.connect(DefaultHttpClientConnectionOperator.java:146)
Connection established 127.0.0.1:59720<->127.0.0.1:23176
[DEBUG] 2017-07-05 17:07:25,809 method:org.apache.http.impl.conn.LoggingManagedHttpClientConnection.setSocketTimeout(LoggingManagedHttpClientConnection.java:88)
http-outgoing-28: set socket timeout to 10800000
[DEBUG] 2017-07-05 17:07:25,809 method:org.apache.http.impl.execchain.MainClientExec.execute(MainClientExec.java:256)
Executing request POST /session/408d3c17918aedf77d102f992aa918b8/element HTTP/1.1
[DEBUG] 2017-07-05 17:07:25,809 method:org.apache.http.impl.execchain.MainClientExec.execute(MainClientExec.java:261)
Target auth state: UNCHALLENGED
[DEBUG] 2017-07-05 17:07:25,810 method:org.apache.http.impl.execchain.MainClientExec.execute(MainClientExec.java:267)
Proxy auth state: UNCHALLENGED
[DEBUG] 2017-07-05 17:07:25,810 method:org.apache.http.impl.conn.LoggingManagedHttpClientConnection.onRequestSubmitted(LoggingManagedHttpClientConnection.java:133)
http-outgoing-28 >> POST /session/408d3c17918aedf77d102f992aa918b8/element HTTP/1.1
[DEBUG] 2017-07-05 17:07:25,810 method:org.apache.http.impl.conn.LoggingManagedHttpClientConnection.onRequestSubmitted(LoggingManagedHttpClientConnection.java:136)
http-outgoing-28 >> Content-Type: application/json; charset=utf-8
[DEBUG] 2017-07-05 17:07:25,811 method:org.apache.http.impl.conn.LoggingManagedHttpClientConnection.onRequestSubmitted(LoggingManagedHttpClientConnection.java:136)
http-outgoing-28 >> Content-Length: 79
[DEBUG] 2017-07-05 17:07:25,811 method:org.apache.http.impl.conn.LoggingManagedHttpClientConnection.onRequestSubmitted(LoggingManagedHttpClientConnection.java:136)
http-outgoing-28 >> Host: localhost:23176
[DEBUG] 2017-07-05 17:07:25,811 method:org.apache.http.impl.conn.LoggingManagedHttpClientConnection.onRequestSubmitted(LoggingManagedHttpClientConnection.java:136)
http-outgoing-28 >> Connection: Keep-Alive
[DEBUG] 2017-07-05 17:07:25,812 method:org.apache.http.impl.conn.LoggingManagedHttpClientConnection.onRequestSubmitted(LoggingManagedHttpClientConnection.java:136)
http-outgoing-28 >> User-Agent: Apache-HttpClient/4.5.3 (Java/1.8.0_111)
[DEBUG] 2017-07-05 17:07:25,812 method:org.apache.http.impl.conn.LoggingManagedHttpClientConnection.onRequestSubmitted(LoggingManagedHttpClientConnection.java:136)
http-outgoing-28 >> Accept-Encoding: gzip,deflate
[DEBUG] 2017-07-05 17:07:25,813 method:org.apache.http.impl.conn.Wire.wire(Wire.java:73)
http-outgoing-28 >> "POST /session/408d3c17918aedf77d102f992aa918b8/element HTTP/1.1[\r][\n]"
[DEBUG] 2017-07-05 17:07:25,813 method:org.apache.http.impl.conn.Wire.wire(Wire.java:73)
http-outgoing-28 >> "Content-Type: application/json; charset=utf-8[\r][\n]"
[DEBUG] 2017-07-05 17:07:25,813 method:org.apache.http.impl.conn.Wire.wire(Wire.java:73)
http-outgoing-28 >> "Content-Length: 79[\r][\n]"
[DEBUG] 2017-07-05 17:07:25,813 method:org.apache.http.impl.conn.Wire.wire(Wire.java:73)
http-outgoing-28 >> "Host: localhost:23176[\r][\n]"
[DEBUG] 2017-07-05 17:07:25,813 method:org.apache.http.impl.conn.Wire.wire(Wire.java:73)
http-outgoing-28 >> "Connection: Keep-Alive[\r][\n]"
[DEBUG] 2017-07-05 17:07:25,813 method:org.apache.http.impl.conn.Wire.wire(Wire.java:73)
http-outgoing-28 >> "User-Agent: Apache-HttpClient/4.5.3 (Java/1.8.0_111)[\r][\n]"
[DEBUG] 2017-07-05 17:07:25,813 method:org.apache.http.impl.conn.Wire.wire(Wire.java:73)
http-outgoing-28 >> "Accept-Encoding: gzip,deflate[\r][\n]"
[DEBUG] 2017-07-05 17:07:25,813 method:org.apache.http.impl.conn.Wire.wire(Wire.java:73)
http-outgoing-28 >> "[\r][\n]"
[DEBUG] 2017-07-05 17:07:25,813 method:org.apache.http.impl.conn.Wire.wire(Wire.java:87)
http-outgoing-28 >> "{"using":"xpath","value":"//*[@id=\"personInformation\"]/div[2]/div[1]/p[5]/a"}"
[DEBUG] 2017-07-05 17:07:25,836 method:org.apache.http.impl.conn.Wire.wire(Wire.java:73)
http-outgoing-28 << "HTTP/1.1 200 OK[\r][\n]"
[DEBUG] 2017-07-05 17:07:25,837 method:org.apache.http.impl.conn.Wire.wire(Wire.java:73)
http-outgoing-28 << "Content-Length:102[\r][\n]"
[DEBUG] 2017-07-05 17:07:25,837 method:org.apache.http.impl.conn.Wire.wire(Wire.java:73)
http-outgoing-28 << "Content-Type:application/json; charset=utf-8[\r][\n]"
[DEBUG] 2017-07-05 17:07:25,837 method:org.apache.http.impl.conn.Wire.wire(Wire.java:73)
http-outgoing-28 << "Connection:close[\r][\n]"
[DEBUG] 2017-07-05 17:07:25,837 method:org.apache.http.impl.conn.Wire.wire(Wire.java:73)
http-outgoing-28 << "[\r][\n]"
[DEBUG] 2017-07-05 17:07:25,837 method:org.apache.http.impl.conn.Wire.wire(Wire.java:87)
http-outgoing-28 << "{"sessionId":"408d3c17918aedf77d102f992aa918b8","status":0,"value":{"ELEMENT":"0.5389940634024653-3"}}"
[DEBUG] 2017-07-05 17:07:25,837 method:org.apache.http.impl.conn.LoggingManagedHttpClientConnection.onResponseReceived(LoggingManagedHttpClientConnection.java:122)
http-outgoing-28 << HTTP/1.1 200 OK
[DEBUG] 2017-07-05 17:07:25,838 method:org.apache.http.impl.conn.LoggingManagedHttpClientConnection.onResponseReceived(LoggingManagedHttpClientConnection.java:125)
http-outgoing-28 << Content-Length:102
[DEBUG] 2017-07-05 17:07:25,838 method:org.apache.http.impl.conn.LoggingManagedHttpClientConnection.onResponseReceived(LoggingManagedHttpClientConnection.java:125)
http-outgoing-28 << Content-Type:application/json; charset=utf-8
[DEBUG] 2017-07-05 17:07:25,838 method:org.apache.http.impl.conn.LoggingManagedHttpClientConnection.onResponseReceived(LoggingManagedHttpClientConnection.java:125)
http-outgoing-28 << Connection:close
[DEBUG] 2017-07-05 17:07:25,838 method:org.apache.http.impl.conn.LoggingManagedHttpClientConnection.close(LoggingManagedHttpClientConnection.java:79)
http-outgoing-28: Close connection
[DEBUG] 2017-07-05 17:07:25,839 method:org.apache.http.impl.execchain.ConnectionHolder.releaseConnection(ConnectionHolder.java:104)
Connection discarded
[DEBUG] 2017-07-05 17:07:25,839 method:org.apache.http.impl.conn.PoolingHttpClientConnectionManager.releaseConnection(PoolingHttpClientConnectionManager.java:326)
Connection released: [id: 28][route: {}->http://localhost:23176][total kept alive: 0; route allocated: 0 of 2000; total allocated: 0 of 2000]
[DEBUG] 2017-07-05 17:07:25,841 method:org.apache.http.client.protocol.RequestAddCookies.process(RequestAddCookies.java:123)
CookieSpec selected: default
[DEBUG] 2017-07-05 17:07:25,842 method:org.apache.http.client.protocol.RequestAuthCache.process(RequestAuthCache.java:77)
Auth cache not set in the context
[DEBUG] 2017-07-05 17:07:25,842 method:org.apache.http.impl.conn.PoolingHttpClientConnectionManager.requestConnection(PoolingHttpClientConnectionManager.java:255)
Connection request: [route: {}->http://localhost:23176][total kept alive: 0; route allocated: 0 of 2000; total allocated: 0 of 2000]
[DEBUG] 2017-07-05 17:07:25,842 method:org.apache.http.impl.conn.PoolingHttpClientConnectionManager.leaseConnection(PoolingHttpClientConnectionManager.java:288)
Connection leased: [id: 29][route: {}->http://localhost:23176][total kept alive: 0; route allocated: 1 of 2000; total allocated: 1 of 2000]
[DEBUG] 2017-07-05 17:07:25,843 method:org.apache.http.impl.execchain.MainClientExec.execute(MainClientExec.java:235)
Opening connection {}->http://localhost:23176
[DEBUG] 2017-07-05 17:07:25,843 method:org.apache.http.impl.conn.DefaultHttpClientConnectionOperator.connect(DefaultHttpClientConnectionOperator.java:139)
Connecting to localhost/127.0.0.1:23176
[DEBUG] 2017-07-05 17:07:25,844 method:org.apache.http.impl.conn.DefaultHttpClientConnectionOperator.connect(DefaultHttpClientConnectionOperator.java:146)
Connection established 127.0.0.1:59730<->127.0.0.1:23176
[DEBUG] 2017-07-05 17:07:25,844 method:org.apache.http.impl.conn.LoggingManagedHttpClientConnection.setSocketTimeout(LoggingManagedHttpClientConnection.java:88)
http-outgoing-29: set socket timeout to 10800000
[DEBUG] 2017-07-05 17:07:25,845 method:org.apache.http.impl.execchain.MainClientExec.execute(MainClientExec.java:256)
Executing request POST /session/408d3c17918aedf77d102f992aa918b8/element/0.5389940634024653-3/click HTTP/1.1
[DEBUG] 2017-07-05 17:07:25,845 method:org.apache.http.impl.execchain.MainClientExec.execute(MainClientExec.java:261)
Target auth state: UNCHALLENGED
[DEBUG] 2017-07-05 17:07:25,845 method:org.apache.http.impl.execchain.MainClientExec.execute(MainClientExec.java:267)
Proxy auth state: UNCHALLENGED
[DEBUG] 2017-07-05 17:07:25,845 method:org.apache.http.impl.conn.LoggingManagedHttpClientConnection.onRequestSubmitted(LoggingManagedHttpClientConnection.java:133)
http-outgoing-29 >> POST /session/408d3c17918aedf77d102f992aa918b8/element/0.5389940634024653-3/click HTTP/1.1
[DEBUG] 2017-07-05 17:07:25,845 method:org.apache.http.impl.conn.LoggingManagedHttpClientConnection.onRequestSubmitted(LoggingManagedHttpClientConnection.java:136)
http-outgoing-29 >> Content-Type: application/json; charset=utf-8
[DEBUG] 2017-07-05 17:07:25,845 method:org.apache.http.impl.conn.LoggingManagedHttpClientConnection.onRequestSubmitted(LoggingManagedHttpClientConnection.java:136)
http-outgoing-29 >> Content-Length: 29
[DEBUG] 2017-07-05 17:07:25,845 method:org.apache.http.impl.conn.LoggingManagedHttpClientConnection.onRequestSubmitted(LoggingManagedHttpClientConnection.java:136)
http-outgoing-29 >> Host: localhost:23176
[DEBUG] 2017-07-05 17:07:25,846 method:org.apache.http.impl.conn.LoggingManagedHttpClientConnection.onRequestSubmitted(LoggingManagedHttpClientConnection.java:136)
http-outgoing-29 >> Connection: Keep-Alive
[DEBUG] 2017-07-05 17:07:25,846 method:org.apache.http.impl.conn.LoggingManagedHttpClientConnection.onRequestSubmitted(LoggingManagedHttpClientConnection.java:136)
http-outgoing-29 >> User-Agent: Apache-HttpClient/4.5.3 (Java/1.8.0_111)
[DEBUG] 2017-07-05 17:07:25,846 method:org.apache.http.impl.conn.LoggingManagedHttpClientConnection.onRequestSubmitted(LoggingManagedHttpClientConnection.java:136)
http-outgoing-29 >> Accept-Encoding: gzip,deflate
[DEBUG] 2017-07-05 17:07:25,846 method:org.apache.http.impl.conn.Wire.wire(Wire.java:73)
http-outgoing-29 >> "POST /session/408d3c17918aedf77d102f992aa918b8/element/0.5389940634024653-3/click HTTP/1.1[\r][\n]"
[DEBUG] 2017-07-05 17:07:25,846 method:org.apache.http.impl.conn.Wire.wire(Wire.java:73)
http-outgoing-29 >> "Content-Type: application/json; charset=utf-8[\r][\n]"
[DEBUG] 2017-07-05 17:07:25,846 method:org.apache.http.impl.conn.Wire.wire(Wire.java:73)
http-outgoing-29 >> "Content-Length: 29[\r][\n]"
[DEBUG] 2017-07-05 17:07:25,846 method:org.apache.http.impl.conn.Wire.wire(Wire.java:73)
http-outgoing-29 >> "Host: localhost:23176[\r][\n]"
[DEBUG] 2017-07-05 17:07:25,846 method:org.apache.http.impl.conn.Wire.wire(Wire.java:73)
http-outgoing-29 >> "Connection: Keep-Alive[\r][\n]"
[DEBUG] 2017-07-05 17:07:25,847 method:org.apache.http.impl.conn.Wire.wire(Wire.java:73)
http-outgoing-29 >> "User-Agent: Apache-HttpClient/4.5.3 (Java/1.8.0_111)[\r][\n]"
[DEBUG] 2017-07-05 17:07:25,847 method:org.apache.http.impl.conn.Wire.wire(Wire.java:73)
http-outgoing-29 >> "Accept-Encoding: gzip,deflate[\r][\n]"
[DEBUG] 2017-07-05 17:07:25,847 method:org.apache.http.impl.conn.Wire.wire(Wire.java:73)
http-outgoing-29 >> "[\r][\n]"
[DEBUG] 2017-07-05 17:07:25,847 method:org.apache.http.impl.conn.Wire.wire(Wire.java:87)
http-outgoing-29 >> "{"id":"0.5389940634024653-3"}"
[DEBUG] 2017-07-05 17:07:25,917 method:org.apache.http.impl.conn.Wire.wire(Wire.java:73)
http-outgoing-29 << "HTTP/1.1 200 OK[\r][\n]"
[DEBUG] 2017-07-05 17:07:25,917 method:org.apache.http.impl.conn.Wire.wire(Wire.java:73)
http-outgoing-29 << "Content-Length:72[\r][\n]"
[DEBUG] 2017-07-05 17:07:25,918 method:org.apache.http.impl.conn.Wire.wire(Wire.java:73)
http-outgoing-29 << "Content-Type:application/json; charset=utf-8[\r][\n]"
[DEBUG] 2017-07-05 17:07:25,918 method:org.apache.http.impl.conn.Wire.wire(Wire.java:73)
http-outgoing-29 << "Connection:close[\r][\n]"
[DEBUG] 2017-07-05 17:07:25,918 method:org.apache.http.impl.conn.Wire.wire(Wire.java:73)
http-outgoing-29 << "[\r][\n]"
[DEBUG] 2017-07-05 17:07:25,918 method:org.apache.http.impl.conn.Wire.wire(Wire.java:87)
http-outgoing-29 << "{"sessionId":"408d3c17918aedf77d102f992aa918b8","status":0,"value":null}"
[DEBUG] 2017-07-05 17:07:25,918 method:org.apache.http.impl.conn.LoggingManagedHttpClientConnection.onResponseReceived(LoggingManagedHttpClientConnection.java:122)
http-outgoing-29 << HTTP/1.1 200 OK
[DEBUG] 2017-07-05 17:07:25,918 method:org.apache.http.impl.conn.LoggingManagedHttpClientConnection.onResponseReceived(LoggingManagedHttpClientConnection.java:125)
http-outgoing-29 << Content-Length:72
[DEBUG] 2017-07-05 17:07:25,918 method:org.apache.http.impl.conn.LoggingManagedHttpClientConnection.onResponseReceived(LoggingManagedHttpClientConnection.java:125)
http-outgoing-29 << Content-Type:application/json; charset=utf-8
[DEBUG] 2017-07-05 17:07:25,918 method:org.apache.http.impl.conn.LoggingManagedHttpClientConnection.onResponseReceived(LoggingManagedHttpClientConnection.java:125)
http-outgoing-29 << Connection:close
[DEBUG] 2017-07-05 17:07:25,919 method:org.apache.http.impl.conn.LoggingManagedHttpClientConnection.close(LoggingManagedHttpClientConnection.java:79)
http-outgoing-29: Close connection
[DEBUG] 2017-07-05 17:07:25,919 method:org.apache.http.impl.execchain.ConnectionHolder.releaseConnection(ConnectionHolder.java:104)
Connection discarded
[DEBUG] 2017-07-05 17:07:25,919 method:org.apache.http.impl.conn.PoolingHttpClientConnectionManager.releaseConnection(PoolingHttpClientConnectionManager.java:326)
Connection released: [id: 29][route: {}->http://localhost:23176][total kept alive: 0; route allocated: 0 of 2000; total allocated: 0 of 2000]
点击了==//*[@id="personInformation"]/div[2]/div[1]/p[5]/a
[DEBUG] 2017-07-05 17:07:26,925 method:org.apache.http.client.protocol.RequestAddCookies.process(RequestAddCookies.java:123)
CookieSpec selected: default
[DEBUG] 2017-07-05 17:07:26,925 method:org.apache.http.client.protocol.RequestAuthCache.process(RequestAuthCache.java:77)
Auth cache not set in the context
[DEBUG] 2017-07-05 17:07:26,926 method:org.apache.http.impl.conn.PoolingHttpClientConnectionManager.requestConnection(PoolingHttpClientConnectionManager.java:255)
Connection request: [route: {}->http://localhost:23176][total kept alive: 0; route allocated: 0 of 2000; total allocated: 0 of 2000]
[DEBUG] 2017-07-05 17:07:26,926 method:org.apache.http.impl.conn.PoolingHttpClientConnectionManager.leaseConnection(PoolingHttpClientConnectionManager.java:288)
Connection leased: [id: 30][route: {}->http://localhost:23176][total kept alive: 0; route allocated: 1 of 2000; total allocated: 1 of 2000]
[DEBUG] 2017-07-05 17:07:26,926 method:org.apache.http.impl.execchain.MainClientExec.execute(MainClientExec.java:235)
Opening connection {}->http://localhost:23176
[DEBUG] 2017-07-05 17:07:26,927 method:org.apache.http.impl.conn.DefaultHttpClientConnectionOperator.connect(DefaultHttpClientConnectionOperator.java:139)
Connecting to localhost/127.0.0.1:23176
[DEBUG] 2017-07-05 17:07:26,928 method:org.apache.http.impl.conn.DefaultHttpClientConnectionOperator.connect(DefaultHttpClientConnectionOperator.java:146)
Connection established 127.0.0.1:59752<->127.0.0.1:23176
[DEBUG] 2017-07-05 17:07:26,928 method:org.apache.http.impl.conn.LoggingManagedHttpClientConnection.setSocketTimeout(LoggingManagedHttpClientConnection.java:88)
http-outgoing-30: set socket timeout to 10800000
[DEBUG] 2017-07-05 17:07:26,929 method:org.apache.http.impl.execchain.MainClientExec.execute(MainClientExec.java:256)
Executing request POST /session/408d3c17918aedf77d102f992aa918b8/elements HTTP/1.1
[DEBUG] 2017-07-05 17:07:26,929 method:org.apache.http.impl.execchain.MainClientExec.execute(MainClientExec.java:261)
Target auth state: UNCHALLENGED
[DEBUG] 2017-07-05 17:07:26,929 method:org.apache.http.impl.execchain.MainClientExec.execute(MainClientExec.java:267)
Proxy auth state: UNCHALLENGED
[DEBUG] 2017-07-05 17:07:26,930 method:org.apache.http.impl.conn.LoggingManagedHttpClientConnection.onRequestSubmitted(LoggingManagedHttpClientConnection.java:133)
http-outgoing-30 >> POST /session/408d3c17918aedf77d102f992aa918b8/elements HTTP/1.1
[DEBUG] 2017-07-05 17:07:26,930 method:org.apache.http.impl.conn.LoggingManagedHttpClientConnection.onRequestSubmitted(LoggingManagedHttpClientConnection.java:136)
http-outgoing-30 >> Content-Type: application/json; charset=utf-8
[DEBUG] 2017-07-05 17:07:26,931 method:org.apache.http.impl.conn.LoggingManagedHttpClientConnection.onRequestSubmitted(LoggingManagedHttpClientConnection.java:136)
http-outgoing-30 >> Content-Length: 135
[DEBUG] 2017-07-05 17:07:26,931 method:org.apache.http.impl.conn.LoggingManagedHttpClientConnection.onRequestSubmitted(LoggingManagedHttpClientConnection.java:136)
http-outgoing-30 >> Host: localhost:23176
[DEBUG] 2017-07-05 17:07:26,932 method:org.apache.http.impl.conn.LoggingManagedHttpClientConnection.onRequestSubmitted(LoggingManagedHttpClientConnection.java:136)
http-outgoing-30 >> Connection: Keep-Alive
[DEBUG] 2017-07-05 17:07:26,932 method:org.apache.http.impl.conn.LoggingManagedHttpClientConnection.onRequestSubmitted(LoggingManagedHttpClientConnection.java:136)
http-outgoing-30 >> User-Agent: Apache-HttpClient/4.5.3 (Java/1.8.0_111)
[DEBUG] 2017-07-05 17:07:26,932 method:org.apache.http.impl.conn.LoggingManagedHttpClientConnection.onRequestSubmitted(LoggingManagedHttpClientConnection.java:136)
http-outgoing-30 >> Accept-Encoding: gzip,deflate
[DEBUG] 2017-07-05 17:07:26,932 method:org.apache.http.impl.conn.Wire.wire(Wire.java:73)
http-outgoing-30 >> "POST /session/408d3c17918aedf77d102f992aa918b8/elements HTTP/1.1[\r][\n]"
[DEBUG] 2017-07-05 17:07:26,933 method:org.apache.http.impl.conn.Wire.wire(Wire.java:73)
http-outgoing-30 >> "Content-Type: application/json; charset=utf-8[\r][\n]"
[DEBUG] 2017-07-05 17:07:26,933 method:org.apache.http.impl.conn.Wire.wire(Wire.java:73)
http-outgoing-30 >> "Content-Length: 135[\r][\n]"
[DEBUG] 2017-07-05 17:07:26,933 method:org.apache.http.impl.conn.Wire.wire(Wire.java:73)
http-outgoing-30 >> "Host: localhost:23176[\r][\n]"
[DEBUG] 2017-07-05 17:07:26,934 method:org.apache.http.impl.conn.Wire.wire(Wire.java:73)
http-outgoing-30 >> "Connection: Keep-Alive[\r][\n]"
[DEBUG] 2017-07-05 17:07:26,934 method:org.apache.http.impl.conn.Wire.wire(Wire.java:73)
http-outgoing-30 >> "User-Agent: Apache-HttpClient/4.5.3 (Java/1.8.0_111)[\r][\n]"
[DEBUG] 2017-07-05 17:07:26,934 method:org.apache.http.impl.conn.Wire.wire(Wire.java:73)
http-outgoing-30 >> "Accept-Encoding: gzip,deflate[\r][\n]"
[DEBUG] 2017-07-05 17:07:26,934 method:org.apache.http.impl.conn.Wire.wire(Wire.java:73)
http-outgoing-30 >> "[\r][\n]"
[DEBUG] 2017-07-05 17:07:26,935 method:org.apache.http.impl.conn.Wire.wire(Wire.java:87)
http-outgoing-30 >> "{"using":"css selector","value":"frame[name='lfwiseopertest02\\.hwcloudtest\\.cn'],iframe[name='lfwiseopertest02\\.hwcloudtest\\.cn']"}"
[DEBUG] 2017-07-05 17:07:27,061 method:org.apache.http.impl.conn.Wire.wire(Wire.java:73)
http-outgoing-30 << "HTTP/1.1 200 OK[\r][\n]"
[DEBUG] 2017-07-05 17:07:27,061 method:org.apache.http.impl.conn.Wire.wire(Wire.java:73)
http-outgoing-30 << "Content-Length:104[\r][\n]"
[DEBUG] 2017-07-05 17:07:27,061 method:org.apache.http.impl.conn.Wire.wire(Wire.java:73)
http-outgoing-30 << "Content-Type:application/json; charset=utf-8[\r][\n]"
[DEBUG] 2017-07-05 17:07:27,062 method:org.apache.http.impl.conn.Wire.wire(Wire.java:73)
http-outgoing-30 << "Connection:close[\r][\n]"
[DEBUG] 2017-07-05 17:07:27,062 method:org.apache.http.impl.conn.Wire.wire(Wire.java:73)
http-outgoing-30 << "[\r][\n]"
[DEBUG] 2017-07-05 17:07:27,062 method:org.apache.http.impl.conn.Wire.wire(Wire.java:87)
http-outgoing-30 << "{"sessionId":"408d3c17918aedf77d102f992aa918b8","status":0,"value":[{"ELEMENT":"0.5389940634024653-4"}]}"
[DEBUG] 2017-07-05 17:07:27,062 method:org.apache.http.impl.conn.LoggingManagedHttpClientConnection.onResponseReceived(LoggingManagedHttpClientConnection.java:122)
http-outgoing-30 << HTTP/1.1 200 OK
[DEBUG] 2017-07-05 17:07:27,062 method:org.apache.http.impl.conn.LoggingManagedHttpClientConnection.onResponseReceived(LoggingManagedHttpClientConnection.java:125)
http-outgoing-30 << Content-Length:104
[DEBUG] 2017-07-05 17:07:27,062 method:org.apache.http.impl.conn.LoggingManagedHttpClientConnection.onResponseReceived(LoggingManagedHttpClientConnection.java:125)
http-outgoing-30 << Content-Type:application/json; charset=utf-8
[DEBUG] 2017-07-05 17:07:27,062 method:org.apache.http.impl.conn.LoggingManagedHttpClientConnection.onResponseReceived(LoggingManagedHttpClientConnection.java:125)
http-outgoing-30 << Connection:close
[DEBUG] 2017-07-05 17:07:27,062 method:org.apache.http.impl.conn.LoggingManagedHttpClientConnection.close(LoggingManagedHttpClientConnection.java:79)
http-outgoing-30: Close connection
[DEBUG] 2017-07-05 17:07:27,063 method:org.apache.http.impl.execchain.ConnectionHolder.releaseConnection(ConnectionHolder.java:104)
Connection discarded
[DEBUG] 2017-07-05 17:07:27,063 method:org.apache.http.impl.conn.PoolingHttpClientConnectionManager.releaseConnection(PoolingHttpClientConnectionManager.java:326)
Connection released: [id: 30][route: {}->http://localhost:23176][total kept alive: 0; route allocated: 0 of 2000; total allocated: 0 of 2000]
[DEBUG] 2017-07-05 17:07:27,066 method:org.apache.http.client.protocol.RequestAddCookies.process(RequestAddCookies.java:123)
CookieSpec selected: default
[DEBUG] 2017-07-05 17:07:27,066 method:org.apache.http.client.protocol.RequestAuthCache.process(RequestAuthCache.java:77)
Auth cache not set in the context
[DEBUG] 2017-07-05 17:07:27,067 method:org.apache.http.impl.conn.PoolingHttpClientConnectionManager.requestConnection(PoolingHttpClientConnectionManager.java:255)
Connection request: [route: {}->http://localhost:23176][total kept alive: 0; route allocated: 0 of 2000; total allocated: 0 of 2000]
[DEBUG] 2017-07-05 17:07:27,067 method:org.apache.http.impl.conn.PoolingHttpClientConnectionManager.leaseConnection(PoolingHttpClientConnectionManager.java:288)
Connection leased: [id: 31][route: {}->http://localhost:23176][total kept alive: 0; route allocated: 1 of 2000; total allocated: 1 of 2000]
[DEBUG] 2017-07-05 17:07:27,067 method:org.apache.http.impl.execchain.MainClientExec.execute(MainClientExec.java:235)
Opening connection {}->http://localhost:23176
[DEBUG] 2017-07-05 17:07:27,067 method:org.apache.http.impl.conn.DefaultHttpClientConnectionOperator.connect(DefaultHttpClientConnectionOperator.java:139)
Connecting to localhost/127.0.0.1:23176
[DEBUG] 2017-07-05 17:07:27,068 method:org.apache.http.impl.conn.DefaultHttpClientConnectionOperator.connect(DefaultHttpClientConnectionOperator.java:146)
Connection established 127.0.0.1:59753<->127.0.0.1:23176
[DEBUG] 2017-07-05 17:07:27,068 method:org.apache.http.impl.conn.LoggingManagedHttpClientConnection.setSocketTimeout(LoggingManagedHttpClientConnection.java:88)
http-outgoing-31: set socket timeout to 10800000
[DEBUG] 2017-07-05 17:07:27,068 method:org.apache.http.impl.execchain.MainClientExec.execute(MainClientExec.java:256)
Executing request POST /session/408d3c17918aedf77d102f992aa918b8/frame HTTP/1.1
[DEBUG] 2017-07-05 17:07:27,068 method:org.apache.http.impl.execchain.MainClientExec.execute(MainClientExec.java:261)
Target auth state: UNCHALLENGED
[DEBUG] 2017-07-05 17:07:27,068 method:org.apache.http.impl.execchain.MainClientExec.execute(MainClientExec.java:267)
Proxy auth state: UNCHALLENGED
[DEBUG] 2017-07-05 17:07:27,068 method:org.apache.http.impl.conn.LoggingManagedHttpClientConnection.onRequestSubmitted(LoggingManagedHttpClientConnection.java:133)
http-outgoing-31 >> POST /session/408d3c17918aedf77d102f992aa918b8/frame HTTP/1.1
[DEBUG] 2017-07-05 17:07:27,069 method:org.apache.http.impl.conn.LoggingManagedHttpClientConnection.onRequestSubmitted(LoggingManagedHttpClientConnection.java:136)
http-outgoing-31 >> Content-Type: application/json; charset=utf-8
[DEBUG] 2017-07-05 17:07:27,069 method:org.apache.http.impl.conn.LoggingManagedHttpClientConnection.onRequestSubmitted(LoggingManagedHttpClientConnection.java:136)
http-outgoing-31 >> Content-Length: 102
[DEBUG] 2017-07-05 17:07:27,069 method:org.apache.http.impl.conn.LoggingManagedHttpClientConnection.onRequestSubmitted(LoggingManagedHttpClientConnection.java:136)
http-outgoing-31 >> Host: localhost:23176
[DEBUG] 2017-07-05 17:07:27,069 method:org.apache.http.impl.conn.LoggingManagedHttpClientConnection.onRequestSubmitted(LoggingManagedHttpClientConnection.java:136)
http-outgoing-31 >> Connection: Keep-Alive
[DEBUG] 2017-07-05 17:07:27,069 method:org.apache.http.impl.conn.LoggingManagedHttpClientConnection.onRequestSubmitted(LoggingManagedHttpClientConnection.java:136)
http-outgoing-31 >> User-Agent: Apache-HttpClient/4.5.3 (Java/1.8.0_111)
[DEBUG] 2017-07-05 17:07:27,069 method:org.apache.http.impl.conn.LoggingManagedHttpClientConnection.onRequestSubmitted(LoggingManagedHttpClientConnection.java:136)
http-outgoing-31 >> Accept-Encoding: gzip,deflate
[DEBUG] 2017-07-05 17:07:27,070 method:org.apache.http.impl.conn.Wire.wire(Wire.java:73)
http-outgoing-31 >> "POST /session/408d3c17918aedf77d102f992aa918b8/frame HTTP/1.1[\r][\n]"
[DEBUG] 2017-07-05 17:07:27,070 method:org.apache.http.impl.conn.Wire.wire(Wire.java:73)
http-outgoing-31 >> "Content-Type: application/json; charset=utf-8[\r][\n]"
[DEBUG] 2017-07-05 17:07:27,070 method:org.apache.http.impl.conn.Wire.wire(Wire.java:73)
http-outgoing-31 >> "Content-Length: 102[\r][\n]"
[DEBUG] 2017-07-05 17:07:27,070 method:org.apache.http.impl.conn.Wire.wire(Wire.java:73)
http-outgoing-31 >> "Host: localhost:23176[\r][\n]"
[DEBUG] 2017-07-05 17:07:27,070 method:org.apache.http.impl.conn.Wire.wire(Wire.java:73)
http-outgoing-31 >> "Connection: Keep-Alive[\r][\n]"
[DEBUG] 2017-07-05 17:07:27,070 method:org.apache.http.impl.conn.Wire.wire(Wire.java:73)
http-outgoing-31 >> "User-Agent: Apache-HttpClient/4.5.3 (Java/1.8.0_111)[\r][\n]"
[DEBUG] 2017-07-05 17:07:27,070 method:org.apache.http.impl.conn.Wire.wire(Wire.java:73)
http-outgoing-31 >> "Accept-Encoding: gzip,deflate[\r][\n]"
[DEBUG] 2017-07-05 17:07:27,070 method:org.apache.http.impl.conn.Wire.wire(Wire.java:73)
http-outgoing-31 >> "[\r][\n]"
[DEBUG] 2017-07-05 17:07:27,070 method:org.apache.http.impl.conn.Wire.wire(Wire.java:87)
http-outgoing-31 >> "{"id":{"ELEMENT":"0.5389940634024653-4","element-6066-11e4-a52e-4f735466cecf":"0.5389940634024653-4"}}"
[DEBUG] 2017-07-05 17:07:27,102 method:org.apache.http.impl.conn.Wire.wire(Wire.java:73)
http-outgoing-31 << "HTTP/1.1 200 OK[\r][\n]"
[DEBUG] 2017-07-05 17:07:27,102 method:org.apache.http.impl.conn.Wire.wire(Wire.java:73)
http-outgoing-31 << "Content-Length:72[\r][\n]"
[DEBUG] 2017-07-05 17:07:27,102 method:org.apache.http.impl.conn.Wire.wire(Wire.java:73)
http-outgoing-31 << "Content-Type:application/json; charset=utf-8[\r][\n]"
[DEBUG] 2017-07-05 17:07:27,102 method:org.apache.http.impl.conn.Wire.wire(Wire.java:73)
http-outgoing-31 << "Connection:close[\r][\n]"
[DEBUG] 2017-07-05 17:07:27,103 method:org.apache.http.impl.conn.Wire.wire(Wire.java:73)
http-outgoing-31 << "[\r][\n]"
[DEBUG] 2017-07-05 17:07:27,103 method:org.apache.http.impl.conn.Wire.wire(Wire.java:87)
http-outgoing-31 << "{"sessionId":"408d3c17918aedf77d102f992aa918b8","status":0,"value":null}"
[DEBUG] 2017-07-05 17:07:27,103 method:org.apache.http.impl.conn.LoggingManagedHttpClientConnection.onResponseReceived(LoggingManagedHttpClientConnection.java:122)
http-outgoing-31 << HTTP/1.1 200 OK
[DEBUG] 2017-07-05 17:07:27,103 method:org.apache.http.impl.conn.LoggingManagedHttpClientConnection.onResponseReceived(LoggingManagedHttpClientConnection.java:125)
http-outgoing-31 << Content-Length:72
[DEBUG] 2017-07-05 17:07:27,103 method:org.apache.http.impl.conn.LoggingManagedHttpClientConnection.onResponseReceived(LoggingManagedHttpClientConnection.java:125)
http-outgoing-31 << Content-Type:application/json; charset=utf-8
[DEBUG] 2017-07-05 17:07:27,103 method:org.apache.http.impl.conn.LoggingManagedHttpClientConnection.onResponseReceived(LoggingManagedHttpClientConnection.java:125)
http-outgoing-31 << Connection:close
[DEBUG] 2017-07-05 17:07:27,103 method:org.apache.http.impl.conn.LoggingManagedHttpClientConnection.close(LoggingManagedHttpClientConnection.java:79)
http-outgoing-31: Close connection
[DEBUG] 2017-07-05 17:07:27,104 method:org.apache.http.impl.execchain.ConnectionHolder.releaseConnection(ConnectionHolder.java:104)
Connection discarded
[DEBUG] 2017-07-05 17:07:27,104 method:org.apache.http.impl.conn.PoolingHttpClientConnectionManager.releaseConnection(PoolingHttpClientConnectionManager.java:326)
Connection released: [id: 31][route: {}->http://localhost:23176][total kept alive: 0; route allocated: 0 of 2000; total allocated: 0 of 2000]
-------------getFrame--------------------
lfwiseopertest02.hwcloudtest.cn
[DEBUG] 2017-07-05 17:07:27,108 method:org.apache.http.client.protocol.RequestAddCookies.process(RequestAddCookies.java:123)
CookieSpec selected: default
[DEBUG] 2017-07-05 17:07:27,109 method:org.apache.http.client.protocol.RequestAuthCache.process(RequestAuthCache.java:77)
Auth cache not set in the context
[DEBUG] 2017-07-05 17:07:27,109 method:org.apache.http.impl.conn.PoolingHttpClientConnectionManager.requestConnection(PoolingHttpClientConnectionManager.java:255)
Connection request: [route: {}->http://localhost:23176][total kept alive: 0; route allocated: 0 of 2000; total allocated: 0 of 2000]
[DEBUG] 2017-07-05 17:07:27,109 method:org.apache.http.impl.conn.PoolingHttpClientConnectionManager.leaseConnection(PoolingHttpClientConnectionManager.java:288)
Connection leased: [id: 32][route: {}->http://localhost:23176][total kept alive: 0; route allocated: 1 of 2000; total allocated: 1 of 2000]
[DEBUG] 2017-07-05 17:07:27,109 method:org.apache.http.impl.execchain.MainClientExec.execute(MainClientExec.java:235)
Opening connection {}->http://localhost:23176
[DEBUG] 2017-07-05 17:07:27,109 method:org.apache.http.impl.conn.DefaultHttpClientConnectionOperator.connect(DefaultHttpClientConnectionOperator.java:139)
Connecting to localhost/127.0.0.1:23176
[DEBUG] 2017-07-05 17:07:27,110 method:org.apache.http.impl.conn.DefaultHttpClientConnectionOperator.connect(DefaultHttpClientConnectionOperator.java:146)
Connection established 127.0.0.1:59754<->127.0.0.1:23176
[DEBUG] 2017-07-05 17:07:27,110 method:org.apache.http.impl.conn.LoggingManagedHttpClientConnection.setSocketTimeout(LoggingManagedHttpClientConnection.java:88)
http-outgoing-32: set socket timeout to 10800000
[DEBUG] 2017-07-05 17:07:27,110 method:org.apache.http.impl.execchain.MainClientExec.execute(MainClientExec.java:256)
Executing request POST /session/408d3c17918aedf77d102f992aa918b8/elements HTTP/1.1
[DEBUG] 2017-07-05 17:07:27,110 method:org.apache.http.impl.execchain.MainClientExec.execute(MainClientExec.java:261)
Target auth state: UNCHALLENGED
[DEBUG] 2017-07-05 17:07:27,110 method:org.apache.http.impl.execchain.MainClientExec.execute(MainClientExec.java:267)
Proxy auth state: UNCHALLENGED
[DEBUG] 2017-07-05 17:07:27,110 method:org.apache.http.impl.conn.LoggingManagedHttpClientConnection.onRequestSubmitted(LoggingManagedHttpClientConnection.java:133)
http-outgoing-32 >> POST /session/408d3c17918aedf77d102f992aa918b8/elements HTTP/1.1
[DEBUG] 2017-07-05 17:07:27,110 method:org.apache.http.impl.conn.LoggingManagedHttpClientConnection.onRequestSubmitted(LoggingManagedHttpClientConnection.java:136)
http-outgoing-32 >> Content-Type: application/json; charset=utf-8
[DEBUG] 2017-07-05 17:07:27,110 method:org.apache.http.impl.conn.LoggingManagedHttpClientConnection.onRequestSubmitted(LoggingManagedHttpClientConnection.java:136)
http-outgoing-32 >> Content-Length: 37
[DEBUG] 2017-07-05 17:07:27,111 method:org.apache.http.impl.conn.LoggingManagedHttpClientConnection.onRequestSubmitted(LoggingManagedHttpClientConnection.java:136)
http-outgoing-32 >> Host: localhost:23176
[DEBUG] 2017-07-05 17:07:27,111 method:org.apache.http.impl.conn.LoggingManagedHttpClientConnection.onRequestSubmitted(LoggingManagedHttpClientConnection.java:136)
http-outgoing-32 >> Connection: Keep-Alive
[DEBUG] 2017-07-05 17:07:27,111 method:org.apache.http.impl.conn.LoggingManagedHttpClientConnection.onRequestSubmitted(LoggingManagedHttpClientConnection.java:136)
http-outgoing-32 >> User-Agent: Apache-HttpClient/4.5.3 (Java/1.8.0_111)
[DEBUG] 2017-07-05 17:07:27,111 method:org.apache.http.impl.conn.LoggingManagedHttpClientConnection.onRequestSubmitted(LoggingManagedHttpClientConnection.java:136)
http-outgoing-32 >> Accept-Encoding: gzip,deflate
[DEBUG] 2017-07-05 17:07:27,111 method:org.apache.http.impl.conn.Wire.wire(Wire.java:73)
http-outgoing-32 >> "POST /session/408d3c17918aedf77d102f992aa918b8/elements HTTP/1.1[\r][\n]"
[DEBUG] 2017-07-05 17:07:27,111 method:org.apache.http.impl.conn.Wire.wire(Wire.java:73)
http-outgoing-32 >> "Content-Type: application/json; charset=utf-8[\r][\n]"
[DEBUG] 2017-07-05 17:07:27,111 method:org.apache.http.impl.conn.Wire.wire(Wire.java:73)
http-outgoing-32 >> "Content-Length: 37[\r][\n]"
[DEBUG] 2017-07-05 17:07:27,111 method:org.apache.http.impl.conn.Wire.wire(Wire.java:73)
http-outgoing-32 >> "Host: localhost:23176[\r][\n]"
[DEBUG] 2017-07-05 17:07:27,111 method:org.apache.http.impl.conn.Wire.wire(Wire.java:73)
http-outgoing-32 >> "Connection: Keep-Alive[\r][\n]"
[DEBUG] 2017-07-05 17:07:27,111 method:org.apache.http.impl.conn.Wire.wire(Wire.java:73)
http-outgoing-32 >> "User-Agent: Apache-HttpClient/4.5.3 (Java/1.8.0_111)[\r][\n]"
[DEBUG] 2017-07-05 17:07:27,111 method:org.apache.http.impl.conn.Wire.wire(Wire.java:73)
http-outgoing-32 >> "Accept-Encoding: gzip,deflate[\r][\n]"
[DEBUG] 2017-07-05 17:07:27,112 method:org.apache.http.impl.conn.Wire.wire(Wire.java:73)
http-outgoing-32 >> "[\r][\n]"
[DEBUG] 2017-07-05 17:07:27,112 method:org.apache.http.impl.conn.Wire.wire(Wire.java:87)
http-outgoing-32 >> "{"using":"name","value":"applyReson"}"
[DEBUG] 2017-07-05 17:07:27,138 method:org.apache.http.impl.conn.Wire.wire(Wire.java:73)
http-outgoing-32 << "HTTP/1.1 200 OK[\r][\n]"
[DEBUG] 2017-07-05 17:07:27,138 method:org.apache.http.impl.conn.Wire.wire(Wire.java:73)
http-outgoing-32 << "Content-Length:70[\r][\n]"
[DEBUG] 2017-07-05 17:07:27,139 method:org.apache.http.impl.conn.Wire.wire(Wire.java:73)
http-outgoing-32 << "Content-Type:application/json; charset=utf-8[\r][\n]"
[DEBUG] 2017-07-05 17:07:27,139 method:org.apache.http.impl.conn.Wire.wire(Wire.java:73)
http-outgoing-32 << "Connection:close[\r][\n]"
[DEBUG] 2017-07-05 17:07:27,139 method:org.apache.http.impl.conn.Wire.wire(Wire.java:73)
http-outgoing-32 << "[\r][\n]"
[DEBUG] 2017-07-05 17:07:27,139 method:org.apache.http.impl.conn.Wire.wire(Wire.java:87)
http-outgoing-32 << "{"sessionId":"408d3c17918aedf77d102f992aa918b8","status":0,"value":[]}"
[DEBUG] 2017-07-05 17:07:27,139 method:org.apache.http.impl.conn.LoggingManagedHttpClientConnection.onResponseReceived(LoggingManagedHttpClientConnection.java:122)
http-outgoing-32 << HTTP/1.1 200 OK
[DEBUG] 2017-07-05 17:07:27,139 method:org.apache.http.impl.conn.LoggingManagedHttpClientConnection.onResponseReceived(LoggingManagedHttpClientConnection.java:125)
http-outgoing-32 << Content-Length:70
[DEBUG] 2017-07-05 17:07:27,139 method:org.apache.http.impl.conn.LoggingManagedHttpClientConnection.onResponseReceived(LoggingManagedHttpClientConnection.java:125)
http-outgoing-32 << Content-Type:application/json; charset=utf-8
[DEBUG] 2017-07-05 17:07:27,139 method:org.apache.http.impl.conn.LoggingManagedHttpClientConnection.onResponseReceived(LoggingManagedHttpClientConnection.java:125)
http-outgoing-32 << Connection:close
[DEBUG] 2017-07-05 17:07:27,140 method:org.apache.http.impl.conn.LoggingManagedHttpClientConnection.close(LoggingManagedHttpClientConnection.java:79)
http-outgoing-32: Close connection
[DEBUG] 2017-07-05 17:07:27,140 method:org.apache.http.impl.execchain.ConnectionHolder.releaseConnection(ConnectionHolder.java:104)
Connection discarded
[DEBUG] 2017-07-05 17:07:27,140 method:org.apache.http.impl.conn.PoolingHttpClientConnectionManager.releaseConnection(PoolingHttpClientConnectionManager.java:326)
Connection released: [id: 32][route: {}->http://localhost:23176][total kept alive: 0; route allocated: 0 of 2000; total allocated: 0 of 2000]
[DEBUG] 2017-07-05 17:07:27,641 method:org.apache.http.client.protocol.RequestAddCookies.process(RequestAddCookies.java:123)
CookieSpec selected: default
[DEBUG] 2017-07-05 17:07:27,641 method:org.apache.http.client.protocol.RequestAuthCache.process(RequestAuthCache.java:77)
Auth cache not set in the context
[DEBUG] 2017-07-05 17:07:27,642 method:org.apache.http.impl.conn.PoolingHttpClientConnectionManager.requestConnection(PoolingHttpClientConnectionManager.java:255)
Connection request: [route: {}->http://localhost:23176][total kept alive: 0; route allocated: 0 of 2000; total allocated: 0 of 2000]
[DEBUG] 2017-07-05 17:07:27,642 method:org.apache.http.impl.conn.PoolingHttpClientConnectionManager.leaseConnection(PoolingHttpClientConnectionManager.java:288)
Connection leased: [id: 33][route: {}->http://localhost:23176][total kept alive: 0; route allocated: 1 of 2000; total allocated: 1 of 2000]
[DEBUG] 2017-07-05 17:07:27,642 method:org.apache.http.impl.execchain.MainClientExec.execute(MainClientExec.java:235)
Opening connection {}->http://localhost:23176
[DEBUG] 2017-07-05 17:07:27,642 method:org.apache.http.impl.conn.DefaultHttpClientConnectionOperator.connect(DefaultHttpClientConnectionOperator.java:139)
Connecting to localhost/127.0.0.1:23176
[DEBUG] 2017-07-05 17:07:27,643 method:org.apache.http.impl.conn.DefaultHttpClientConnectionOperator.connect(DefaultHttpClientConnectionOperator.java:146)
Connection established 127.0.0.1:59755<->127.0.0.1:23176
[DEBUG] 2017-07-05 17:07:27,643 method:org.apache.http.impl.conn.LoggingManagedHttpClientConnection.setSocketTimeout(LoggingManagedHttpClientConnection.java:88)
http-outgoing-33: set socket timeout to 10800000
[DEBUG] 2017-07-05 17:07:27,643 method:org.apache.http.impl.execchain.MainClientExec.execute(MainClientExec.java:256)
Executing request POST /session/408d3c17918aedf77d102f992aa918b8/elements HTTP/1.1
[DEBUG] 2017-07-05 17:07:27,643 method:org.apache.http.impl.execchain.MainClientExec.execute(MainClientExec.java:261)
Target auth state: UNCHALLENGED
[DEBUG] 2017-07-05 17:07:27,643 method:org.apache.http.impl.execchain.MainClientExec.execute(MainClientExec.java:267)
Proxy auth state: UNCHALLENGED
[DEBUG] 2017-07-05 17:07:27,643 method:org.apache.http.impl.conn.LoggingManagedHttpClientConnection.onRequestSubmitted(LoggingManagedHttpClientConnection.java:133)
http-outgoing-33 >> POST /session/408d3c17918aedf77d102f992aa918b8/elements HTTP/1.1
[DEBUG] 2017-07-05 17:07:27,644 method:org.apache.http.impl.conn.LoggingManagedHttpClientConnection.onRequestSubmitted(LoggingManagedHttpClientConnection.java:136)
http-outgoing-33 >> Content-Type: application/json; charset=utf-8
[DEBUG] 2017-07-05 17:07:27,644 method:org.apache.http.impl.conn.LoggingManagedHttpClientConnection.onRequestSubmitted(LoggingManagedHttpClientConnection.java:136)
http-outgoing-33 >> Content-Length: 37
[DEBUG] 2017-07-05 17:07:27,644 method:org.apache.http.impl.conn.LoggingManagedHttpClientConnection.onRequestSubmitted(LoggingManagedHttpClientConnection.java:136)
http-outgoing-33 >> Host: localhost:23176
[DEBUG] 2017-07-05 17:07:27,644 method:org.apache.http.impl.conn.LoggingManagedHttpClientConnection.onRequestSubmitted(LoggingManagedHttpClientConnection.java:136)
http-outgoing-33 >> Connection: Keep-Alive
[DEBUG] 2017-07-05 17:07:27,644 method:org.apache.http.impl.conn.LoggingManagedHttpClientConnection.onRequestSubmitted(LoggingManagedHttpClientConnection.java:136)
http-outgoing-33 >> User-Agent: Apache-HttpClient/4.5.3 (Java/1.8.0_111)
[DEBUG] 2017-07-05 17:07:27,644 method:org.apache.http.impl.conn.LoggingManagedHttpClientConnection.onRequestSubmitted(LoggingManagedHttpClientConnection.java:136)
http-outgoing-33 >> Accept-Encoding: gzip,deflate
[DEBUG] 2017-07-05 17:07:27,644 method:org.apache.http.impl.conn.Wire.wire(Wire.java:73)
http-outgoing-33 >> "POST /session/408d3c17918aedf77d102f992aa918b8/elements HTTP/1.1[\r][\n]"
[DEBUG] 2017-07-05 17:07:27,644 method:org.apache.http.impl.conn.Wire.wire(Wire.java:73)
http-outgoing-33 >> "Content-Type: application/json; charset=utf-8[\r][\n]"
[DEBUG] 2017-07-05 17:07:27,644 method:org.apache.http.impl.conn.Wire.wire(Wire.java:73)
http-outgoing-33 >> "Content-Length: 37[\r][\n]"
[DEBUG] 2017-07-05 17:07:27,644 method:org.apache.http.impl.conn.Wire.wire(Wire.java:73)
http-outgoing-33 >> "Host: localhost:23176[\r][\n]"
[DEBUG] 2017-07-05 17:07:27,644 method:org.apache.http.impl.conn.Wire.wire(Wire.java:73)
http-outgoing-33 >> "Connection: Keep-Alive[\r][\n]"
[DEBUG] 2017-07-05 17:07:27,645 method:org.apache.http.impl.conn.Wire.wire(Wire.java:73)
http-outgoing-33 >> "User-Agent: Apache-HttpClient/4.5.3 (Java/1.8.0_111)[\r][\n]"
[DEBUG] 2017-07-05 17:07:27,645 method:org.apache.http.impl.conn.Wire.wire(Wire.java:73)
http-outgoing-33 >> "Accept-Encoding: gzip,deflate[\r][\n]"
[DEBUG] 2017-07-05 17:07:27,645 method:org.apache.http.impl.conn.Wire.wire(Wire.java:73)
http-outgoing-33 >> "[\r][\n]"
[DEBUG] 2017-07-05 17:07:27,645 method:org.apache.http.impl.conn.Wire.wire(Wire.java:87)
http-outgoing-33 >> "{"using":"name","value":"applyReson"}"
[DEBUG] 2017-07-05 17:07:27,655 method:org.apache.http.impl.conn.Wire.wire(Wire.java:73)
http-outgoing-33 << "HTTP/1.1 200 OK[\r][\n]"
[DEBUG] 2017-07-05 17:07:27,656 method:org.apache.http.impl.conn.Wire.wire(Wire.java:73)
http-outgoing-33 << "Content-Length:103[\r][\n]"
[DEBUG] 2017-07-05 17:07:27,656 method:org.apache.http.impl.conn.Wire.wire(Wire.java:73)
http-outgoing-33 << "Content-Type:application/json; charset=utf-8[\r][\n]"
[DEBUG] 2017-07-05 17:07:27,656 method:org.apache.http.impl.conn.Wire.wire(Wire.java:73)
http-outgoing-33 << "Connection:close[\r][\n]"
[DEBUG] 2017-07-05 17:07:27,656 method:org.apache.http.impl.conn.Wire.wire(Wire.java:73)
http-outgoing-33 << "[\r][\n]"
[DEBUG] 2017-07-05 17:07:27,656 method:org.apache.http.impl.conn.Wire.wire(Wire.java:87)
http-outgoing-33 << "{"sessionId":"408d3c17918aedf77d102f992aa918b8","status":0,"value":[{"ELEMENT":"0.831103333091793-1"}]}"
[DEBUG] 2017-07-05 17:07:27,656 method:org.apache.http.impl.conn.LoggingManagedHttpClientConnection.onResponseReceived(LoggingManagedHttpClientConnection.java:122)
http-outgoing-33 << HTTP/1.1 200 OK
[DEBUG] 2017-07-05 17:07:27,657 method:org.apache.http.impl.conn.LoggingManagedHttpClientConnection.onResponseReceived(LoggingManagedHttpClientConnection.java:125)
http-outgoing-33 << Content-Length:103
[DEBUG] 2017-07-05 17:07:27,657 method:org.apache.http.impl.conn.LoggingManagedHttpClientConnection.onResponseReceived(LoggingManagedHttpClientConnection.java:125)
http-outgoing-33 << Content-Type:application/json; charset=utf-8
[DEBUG] 2017-07-05 17:07:27,657 method:org.apache.http.impl.conn.LoggingManagedHttpClientConnection.onResponseReceived(LoggingManagedHttpClientConnection.java:125)
http-outgoing-33 << Connection:close
[DEBUG] 2017-07-05 17:07:27,657 method:org.apache.http.impl.conn.LoggingManagedHttpClientConnection.close(LoggingManagedHttpClientConnection.java:79)
http-outgoing-33: Close connection
[DEBUG] 2017-07-05 17:07:27,657 method:org.apache.http.impl.execchain.ConnectionHolder.releaseConnection(ConnectionHolder.java:104)
Connection discarded
[DEBUG] 2017-07-05 17:07:27,658 method:org.apache.http.impl.conn.PoolingHttpClientConnectionManager.releaseConnection(PoolingHttpClientConnectionManager.java:326)
Connection released: [id: 33][route: {}->http://localhost:23176][total kept alive: 0; route allocated: 0 of 2000; total allocated: 0 of 2000]
[DEBUG] 2017-07-05 17:07:28,460 method:org.apache.http.client.protocol.RequestAddCookies.process(RequestAddCookies.java:123)
CookieSpec selected: default
[DEBUG] 2017-07-05 17:07:28,460 method:org.apache.http.client.protocol.RequestAuthCache.process(RequestAuthCache.java:77)
Auth cache not set in the context
[DEBUG] 2017-07-05 17:07:28,461 method:org.apache.http.impl.conn.PoolingHttpClientConnectionManager.requestConnection(PoolingHttpClientConnectionManager.java:255)
Connection request: [route: {}->http://localhost:23176][total kept alive: 0; route allocated: 0 of 2000; total allocated: 0 of 2000]
[DEBUG] 2017-07-05 17:07:28,461 method:org.apache.http.impl.conn.PoolingHttpClientConnectionManager.leaseConnection(PoolingHttpClientConnectionManager.java:288)
Connection leased: [id: 34][route: {}->http://localhost:23176][total kept alive: 0; route allocated: 1 of 2000; total allocated: 1 of 2000]
[DEBUG] 2017-07-05 17:07:28,462 method:org.apache.http.impl.execchain.MainClientExec.execute(MainClientExec.java:235)
Opening connection {}->http://localhost:23176
[DEBUG] 2017-07-05 17:07:28,462 method:org.apache.http.impl.conn.DefaultHttpClientConnectionOperator.connect(DefaultHttpClientConnectionOperator.java:139)
Connecting to localhost/127.0.0.1:23176
[DEBUG] 2017-07-05 17:07:28,464 method:org.apache.http.impl.conn.DefaultHttpClientConnectionOperator.connect(DefaultHttpClientConnectionOperator.java:146)
Connection established 127.0.0.1:59756<->127.0.0.1:23176
[DEBUG] 2017-07-05 17:07:28,465 method:org.apache.http.impl.conn.LoggingManagedHttpClientConnection.setSocketTimeout(LoggingManagedHttpClientConnection.java:88)
http-outgoing-34: set socket timeout to 10800000
[DEBUG] 2017-07-05 17:07:28,465 method:org.apache.http.impl.execchain.MainClientExec.execute(MainClientExec.java:256)
Executing request POST /session/408d3c17918aedf77d102f992aa918b8/element HTTP/1.1
[DEBUG] 2017-07-05 17:07:28,466 method:org.apache.http.impl.execchain.MainClientExec.execute(MainClientExec.java:261)
Target auth state: UNCHALLENGED
[DEBUG] 2017-07-05 17:07:28,466 method:org.apache.http.impl.execchain.MainClientExec.execute(MainClientExec.java:267)
Proxy auth state: UNCHALLENGED
[DEBUG] 2017-07-05 17:07:28,467 method:org.apache.http.impl.conn.LoggingManagedHttpClientConnection.onRequestSubmitted(LoggingManagedHttpClientConnection.java:133)
http-outgoing-34 >> POST /session/408d3c17918aedf77d102f992aa918b8/element HTTP/1.1
[DEBUG] 2017-07-05 17:07:28,467 method:org.apache.http.impl.conn.LoggingManagedHttpClientConnection.onRequestSubmitted(LoggingManagedHttpClientConnection.java:136)
http-outgoing-34 >> Content-Type: application/json; charset=utf-8
[DEBUG] 2017-07-05 17:07:28,468 method:org.apache.http.impl.conn.LoggingManagedHttpClientConnection.onRequestSubmitted(LoggingManagedHttpClientConnection.java:136)
http-outgoing-34 >> Content-Length: 37
[DEBUG] 2017-07-05 17:07:28,468 method:org.apache.http.impl.conn.LoggingManagedHttpClientConnection.onRequestSubmitted(LoggingManagedHttpClientConnection.java:136)
http-outgoing-34 >> Host: localhost:23176
[DEBUG] 2017-07-05 17:07:28,468 method:org.apache.http.impl.conn.LoggingManagedHttpClientConnection.onRequestSubmitted(LoggingManagedHttpClientConnection.java:136)
http-outgoing-34 >> Connection: Keep-Alive
[DEBUG] 2017-07-05 17:07:28,468 method:org.apache.http.impl.conn.LoggingManagedHttpClientConnection.onRequestSubmitted(LoggingManagedHttpClientConnection.java:136)
http-outgoing-34 >> User-Agent: Apache-HttpClient/4.5.3 (Java/1.8.0_111)
[DEBUG] 2017-07-05 17:07:28,468 method:org.apache.http.impl.conn.LoggingManagedHttpClientConnection.onRequestSubmitted(LoggingManagedHttpClientConnection.java:136)
http-outgoing-34 >> Accept-Encoding: gzip,deflate
[DEBUG] 2017-07-05 17:07:28,469 method:org.apache.http.impl.conn.Wire.wire(Wire.java:73)
http-outgoing-34 >> "POST /session/408d3c17918aedf77d102f992aa918b8/element HTTP/1.1[\r][\n]"
[DEBUG] 2017-07-05 17:07:28,469 method:org.apache.http.impl.conn.Wire.wire(Wire.java:73)
http-outgoing-34 >> "Content-Type: application/json; charset=utf-8[\r][\n]"
[DEBUG] 2017-07-05 17:07:28,469 method:org.apache.http.impl.conn.Wire.wire(Wire.java:73)
http-outgoing-34 >> "Content-Length: 37[\r][\n]"
[DEBUG] 2017-07-05 17:07:28,469 method:org.apache.http.impl.conn.Wire.wire(Wire.java:73)
http-outgoing-34 >> "Host: localhost:23176[\r][\n]"
[DEBUG] 2017-07-05 17:07:28,469 method:org.apache.http.impl.conn.Wire.wire(Wire.java:73)
http-outgoing-34 >> "Connection: Keep-Alive[\r][\n]"
[DEBUG] 2017-07-05 17:07:28,470 method:org.apache.http.impl.conn.Wire.wire(Wire.java:73)
http-outgoing-34 >> "User-Agent: Apache-HttpClient/4.5.3 (Java/1.8.0_111)[\r][\n]"
[DEBUG] 2017-07-05 17:07:28,470 method:org.apache.http.impl.conn.Wire.wire(Wire.java:73)
http-outgoing-34 >> "Accept-Encoding: gzip,deflate[\r][\n]"
[DEBUG] 2017-07-05 17:07:28,470 method:org.apache.http.impl.conn.Wire.wire(Wire.java:73)
http-outgoing-34 >> "[\r][\n]"
[DEBUG] 2017-07-05 17:07:28,470 method:org.apache.http.impl.conn.Wire.wire(Wire.java:87)
http-outgoing-34 >> "{"using":"name","value":"applyReson"}"
[DEBUG] 2017-07-05 17:07:28,503 method:org.apache.http.impl.conn.Wire.wire(Wire.java:73)
http-outgoing-34 << "HTTP/1.1 200 OK[\r][\n]"
[DEBUG] 2017-07-05 17:07:28,503 method:org.apache.http.impl.conn.Wire.wire(Wire.java:73)
http-outgoing-34 << "Content-Length:101[\r][\n]"
[DEBUG] 2017-07-05 17:07:28,503 method:org.apache.http.impl.conn.Wire.wire(Wire.java:73)
http-outgoing-34 << "Content-Type:application/json; charset=utf-8[\r][\n]"
[DEBUG] 2017-07-05 17:07:28,503 method:org.apache.http.impl.conn.Wire.wire(Wire.java:73)
http-outgoing-34 << "Connection:close[\r][\n]"
[DEBUG] 2017-07-05 17:07:28,503 method:org.apache.http.impl.conn.Wire.wire(Wire.java:73)
http-outgoing-34 << "[\r][\n]"
[DEBUG] 2017-07-05 17:07:28,503 method:org.apache.http.impl.conn.Wire.wire(Wire.java:87)
http-outgoing-34 << "{"sessionId":"408d3c17918aedf77d102f992aa918b8","status":0,"value":{"ELEMENT":"0.831103333091793-1"}}"
[DEBUG] 2017-07-05 17:07:28,504 method:org.apache.http.impl.conn.LoggingManagedHttpClientConnection.onResponseReceived(LoggingManagedHttpClientConnection.java:122)
http-outgoing-34 << HTTP/1.1 200 OK
[DEBUG] 2017-07-05 17:07:28,504 method:org.apache.http.impl.conn.LoggingManagedHttpClientConnection.onResponseReceived(LoggingManagedHttpClientConnection.java:125)
http-outgoing-34 << Content-Length:101
[DEBUG] 2017-07-05 17:07:28,504 method:org.apache.http.impl.conn.LoggingManagedHttpClientConnection.onResponseReceived(LoggingManagedHttpClientConnection.java:125)
http-outgoing-34 << Content-Type:application/json; charset=utf-8
[DEBUG] 2017-07-05 17:07:28,504 method:org.apache.http.impl.conn.LoggingManagedHttpClientConnection.onResponseReceived(LoggingManagedHttpClientConnection.java:125)
http-outgoing-34 << Connection:close
[DEBUG] 2017-07-05 17:07:28,504 method:org.apache.http.impl.conn.LoggingManagedHttpClientConnection.close(LoggingManagedHttpClientConnection.java:79)
http-outgoing-34: Close connection
[DEBUG] 2017-07-05 17:07:28,504 method:org.apache.http.impl.execchain.ConnectionHolder.releaseConnection(ConnectionHolder.java:104)
Connection discarded
[DEBUG] 2017-07-05 17:07:28,505 method:org.apache.http.impl.conn.PoolingHttpClientConnectionManager.releaseConnection(PoolingHttpClientConnectionManager.java:326)
Connection released: [id: 34][route: {}->http://localhost:23176][total kept alive: 0; route allocated: 0 of 2000; total allocated: 0 of 2000]
[DEBUG] 2017-07-05 17:07:28,506 method:org.apache.http.client.protocol.RequestAddCookies.process(RequestAddCookies.java:123)
CookieSpec selected: default
[DEBUG] 2017-07-05 17:07:28,506 method:org.apache.http.client.protocol.RequestAuthCache.process(RequestAuthCache.java:77)
Auth cache not set in the context
[DEBUG] 2017-07-05 17:07:28,506 method:org.apache.http.impl.conn.PoolingHttpClientConnectionManager.requestConnection(PoolingHttpClientConnectionManager.java:255)
Connection request: [route: {}->http://localhost:23176][total kept alive: 0; route allocated: 0 of 2000; total allocated: 0 of 2000]
[DEBUG] 2017-07-05 17:07:28,506 method:org.apache.http.impl.conn.PoolingHttpClientConnectionManager.leaseConnection(PoolingHttpClientConnectionManager.java:288)
Connection leased: [id: 35][route: {}->http://localhost:23176][total kept alive: 0; route allocated: 1 of 2000; total allocated: 1 of 2000]
[DEBUG] 2017-07-05 17:07:28,506 method:org.apache.http.impl.execchain.MainClientExec.execute(MainClientExec.java:235)
Opening connection {}->http://localhost:23176
[DEBUG] 2017-07-05 17:07:28,507 method:org.apache.http.impl.conn.DefaultHttpClientConnectionOperator.connect(DefaultHttpClientConnectionOperator.java:139)
Connecting to localhost/127.0.0.1:23176
[DEBUG] 2017-07-05 17:07:28,507 method:org.apache.http.impl.conn.DefaultHttpClientConnectionOperator.connect(DefaultHttpClientConnectionOperator.java:146)
Connection established 127.0.0.1:59757<->127.0.0.1:23176
[DEBUG] 2017-07-05 17:07:28,507 method:org.apache.http.impl.conn.LoggingManagedHttpClientConnection.setSocketTimeout(LoggingManagedHttpClientConnection.java:88)
http-outgoing-35: set socket timeout to 10800000
[DEBUG] 2017-07-05 17:07:28,507 method:org.apache.http.impl.execchain.MainClientExec.execute(MainClientExec.java:256)
Executing request POST /session/408d3c17918aedf77d102f992aa918b8/element/0.831103333091793-1/value HTTP/1.1
[DEBUG] 2017-07-05 17:07:28,507 method:org.apache.http.impl.execchain.MainClientExec.execute(MainClientExec.java:261)
Target auth state: UNCHALLENGED
[DEBUG] 2017-07-05 17:07:28,508 method:org.apache.http.impl.execchain.MainClientExec.execute(MainClientExec.java:267)
Proxy auth state: UNCHALLENGED
[DEBUG] 2017-07-05 17:07:28,508 method:org.apache.http.impl.conn.LoggingManagedHttpClientConnection.onRequestSubmitted(LoggingManagedHttpClientConnection.java:133)
http-outgoing-35 >> POST /session/408d3c17918aedf77d102f992aa918b8/element/0.831103333091793-1/value HTTP/1.1
[DEBUG] 2017-07-05 17:07:28,508 method:org.apache.http.impl.conn.LoggingManagedHttpClientConnection.onRequestSubmitted(LoggingManagedHttpClientConnection.java:136)
http-outgoing-35 >> Content-Type: application/json; charset=utf-8
[DEBUG] 2017-07-05 17:07:28,508 method:org.apache.http.impl.conn.LoggingManagedHttpClientConnection.onRequestSubmitted(LoggingManagedHttpClientConnection.java:136)
http-outgoing-35 >> Content-Length: 47
[DEBUG] 2017-07-05 17:07:28,508 method:org.apache.http.impl.conn.LoggingManagedHttpClientConnection.onRequestSubmitted(LoggingManagedHttpClientConnection.java:136)
http-outgoing-35 >> Host: localhost:23176
[DEBUG] 2017-07-05 17:07:28,508 method:org.apache.http.impl.conn.LoggingManagedHttpClientConnection.onRequestSubmitted(LoggingManagedHttpClientConnection.java:136)
http-outgoing-35 >> Connection: Keep-Alive
[DEBUG] 2017-07-05 17:07:28,508 method:org.apache.http.impl.conn.LoggingManagedHttpClientConnection.onRequestSubmitted(LoggingManagedHttpClientConnection.java:136)
http-outgoing-35 >> User-Agent: Apache-HttpClient/4.5.3 (Java/1.8.0_111)
[DEBUG] 2017-07-05 17:07:28,508 method:org.apache.http.impl.conn.LoggingManagedHttpClientConnection.onRequestSubmitted(LoggingManagedHttpClientConnection.java:136)
http-outgoing-35 >> Accept-Encoding: gzip,deflate
[DEBUG] 2017-07-05 17:07:28,508 method:org.apache.http.impl.conn.Wire.wire(Wire.java:73)
http-outgoing-35 >> "POST /session/408d3c17918aedf77d102f992aa918b8/element/0.831103333091793-1/value HTTP/1.1[\r][\n]"
[DEBUG] 2017-07-05 17:07:28,508 method:org.apache.http.impl.conn.Wire.wire(Wire.java:73)
http-outgoing-35 >> "Content-Type: application/json; charset=utf-8[\r][\n]"
[DEBUG] 2017-07-05 17:07:28,508 method:org.apache.http.impl.conn.Wire.wire(Wire.java:73)
http-outgoing-35 >> "Content-Length: 47[\r][\n]"
[DEBUG] 2017-07-05 17:07:28,509 method:org.apache.http.impl.conn.Wire.wire(Wire.java:73)
http-outgoing-35 >> "Host: localhost:23176[\r][\n]"
[DEBUG] 2017-07-05 17:07:28,509 method:org.apache.http.impl.conn.Wire.wire(Wire.java:73)
http-outgoing-35 >> "Connection: Keep-Alive[\r][\n]"
[DEBUG] 2017-07-05 17:07:28,509 method:org.apache.http.impl.conn.Wire.wire(Wire.java:73)
http-outgoing-35 >> "User-Agent: Apache-HttpClient/4.5.3 (Java/1.8.0_111)[\r][\n]"
[DEBUG] 2017-07-05 17:07:28,509 method:org.apache.http.impl.conn.Wire.wire(Wire.java:73)
http-outgoing-35 >> "Accept-Encoding: gzip,deflate[\r][\n]"
[DEBUG] 2017-07-05 17:07:28,509 method:org.apache.http.impl.conn.Wire.wire(Wire.java:73)
http-outgoing-35 >> "[\r][\n]"
[DEBUG] 2017-07-05 17:07:28,509 method:org.apache.http.impl.conn.Wire.wire(Wire.java:87)
http-outgoing-35 >> "{"id":"0.831103333091793-1","value":["333333"]}"
[DEBUG] 2017-07-05 17:07:28,569 method:org.apache.http.impl.conn.Wire.wire(Wire.java:73)
http-outgoing-35 << "HTTP/1.1 200 OK[\r][\n]"
[DEBUG] 2017-07-05 17:07:28,569 method:org.apache.http.impl.conn.Wire.wire(Wire.java:73)
http-outgoing-35 << "Content-Length:72[\r][\n]"
[DEBUG] 2017-07-05 17:07:28,569 method:org.apache.http.impl.conn.Wire.wire(Wire.java:73)
http-outgoing-35 << "Content-Type:application/json; charset=utf-8[\r][\n]"
[DEBUG] 2017-07-05 17:07:28,569 method:org.apache.http.impl.conn.Wire.wire(Wire.java:73)
http-outgoing-35 << "Connection:close[\r][\n]"
[DEBUG] 2017-07-05 17:07:28,569 method:org.apache.http.impl.conn.Wire.wire(Wire.java:73)
http-outgoing-35 << "[\r][\n]"
[DEBUG] 2017-07-05 17:07:28,570 method:org.apache.http.impl.conn.Wire.wire(Wire.java:87)
http-outgoing-35 << "{"sessionId":"408d3c17918aedf77d102f992aa918b8","status":0,"value":null}"
[DEBUG] 2017-07-05 17:07:28,570 method:org.apache.http.impl.conn.LoggingManagedHttpClientConnection.onResponseReceived(LoggingManagedHttpClientConnection.java:122)
http-outgoing-35 << HTTP/1.1 200 OK
[DEBUG] 2017-07-05 17:07:28,570 method:org.apache.http.impl.conn.LoggingManagedHttpClientConnection.onResponseReceived(LoggingManagedHttpClientConnection.java:125)
http-outgoing-35 << Content-Length:72
[DEBUG] 2017-07-05 17:07:28,570 method:org.apache.http.impl.conn.LoggingManagedHttpClientConnection.onResponseReceived(LoggingManagedHttpClientConnection.java:125)
http-outgoing-35 << Content-Type:application/json; charset=utf-8
[DEBUG] 2017-07-05 17:07:28,570 method:org.apache.http.impl.conn.LoggingManagedHttpClientConnection.onResponseReceived(LoggingManagedHttpClientConnection.java:125)
http-outgoing-35 << Connection:close
[DEBUG] 2017-07-05 17:07:28,571 method:org.apache.http.impl.conn.LoggingManagedHttpClientConnection.close(LoggingManagedHttpClientConnection.java:79)
http-outgoing-35: Close connection
[DEBUG] 2017-07-05 17:07:28,572 method:org.apache.http.impl.execchain.ConnectionHolder.releaseConnection(ConnectionHolder.java:104)
Connection discarded
[DEBUG] 2017-07-05 17:07:28,572 method:org.apache.http.impl.conn.PoolingHttpClientConnectionManager.releaseConnection(PoolingHttpClientConnectionManager.java:326)
Connection released: [id: 35][route: {}->http://localhost:23176][total kept alive: 0; route allocated: 0 of 2000; total allocated: 0 of 2000]
applyReson:输入内容==333333
[DEBUG] 2017-07-05 17:07:29,574 method:org.apache.http.client.protocol.RequestAddCookies.process(RequestAddCookies.java:123)
CookieSpec selected: default
[DEBUG] 2017-07-05 17:07:29,575 method:org.apache.http.client.protocol.RequestAuthCache.process(RequestAuthCache.java:77)
Auth cache not set in the context
[DEBUG] 2017-07-05 17:07:29,575 method:org.apache.http.impl.conn.PoolingHttpClientConnectionManager.requestConnection(PoolingHttpClientConnectionManager.java:255)
Connection request: [route: {}->http://localhost:23176][total kept alive: 0; route allocated: 0 of 2000; total allocated: 0 of 2000]
[DEBUG] 2017-07-05 17:07:29,575 method:org.apache.http.impl.conn.PoolingHttpClientConnectionManager.leaseConnection(PoolingHttpClientConnectionManager.java:288)
Connection leased: [id: 36][route: {}->http://localhost:23176][total kept alive: 0; route allocated: 1 of 2000; total allocated: 1 of 2000]
[DEBUG] 2017-07-05 17:07:29,576 method:org.apache.http.impl.execchain.MainClientExec.execute(MainClientExec.java:235)
Opening connection {}->http://localhost:23176
[DEBUG] 2017-07-05 17:07:29,576 method:org.apache.http.impl.conn.DefaultHttpClientConnectionOperator.connect(DefaultHttpClientConnectionOperator.java:139)
Connecting to localhost/127.0.0.1:23176
[DEBUG] 2017-07-05 17:07:29,577 method:org.apache.http.impl.conn.DefaultHttpClientConnectionOperator.connect(DefaultHttpClientConnectionOperator.java:146)
Connection established 127.0.0.1:59758<->127.0.0.1:23176
[DEBUG] 2017-07-05 17:07:29,578 method:org.apache.http.impl.conn.LoggingManagedHttpClientConnection.setSocketTimeout(LoggingManagedHttpClientConnection.java:88)
http-outgoing-36: set socket timeout to 10800000
[DEBUG] 2017-07-05 17:07:29,578 method:org.apache.http.impl.execchain.MainClientExec.execute(MainClientExec.java:256)
Executing request POST /session/408d3c17918aedf77d102f992aa918b8/frame HTTP/1.1
[DEBUG] 2017-07-05 17:07:29,578 method:org.apache.http.impl.execchain.MainClientExec.execute(MainClientExec.java:261)
Target auth state: UNCHALLENGED
[DEBUG] 2017-07-05 17:07:29,578 method:org.apache.http.impl.execchain.MainClientExec.execute(MainClientExec.java:267)
Proxy auth state: UNCHALLENGED
[DEBUG] 2017-07-05 17:07:29,579 method:org.apache.http.impl.conn.LoggingManagedHttpClientConnection.onRequestSubmitted(LoggingManagedHttpClientConnection.java:133)
http-outgoing-36 >> POST /session/408d3c17918aedf77d102f992aa918b8/frame HTTP/1.1
[DEBUG] 2017-07-05 17:07:29,579 method:org.apache.http.impl.conn.LoggingManagedHttpClientConnection.onRequestSubmitted(LoggingManagedHttpClientConnection.java:136)
http-outgoing-36 >> Content-Type: application/json; charset=utf-8
[DEBUG] 2017-07-05 17:07:29,579 method:org.apache.http.impl.conn.LoggingManagedHttpClientConnection.onRequestSubmitted(LoggingManagedHttpClientConnection.java:136)
http-outgoing-36 >> Content-Length: 11
[DEBUG] 2017-07-05 17:07:29,579 method:org.apache.http.impl.conn.LoggingManagedHttpClientConnection.onRequestSubmitted(LoggingManagedHttpClientConnection.java:136)
http-outgoing-36 >> Host: localhost:23176
[DEBUG] 2017-07-05 17:07:29,580 method:org.apache.http.impl.conn.LoggingManagedHttpClientConnection.onRequestSubmitted(LoggingManagedHttpClientConnection.java:136)
http-outgoing-36 >> Connection: Keep-Alive
[DEBUG] 2017-07-05 17:07:29,580 method:org.apache.http.impl.conn.LoggingManagedHttpClientConnection.onRequestSubmitted(LoggingManagedHttpClientConnection.java:136)
http-outgoing-36 >> User-Agent: Apache-HttpClient/4.5.3 (Java/1.8.0_111)
[DEBUG] 2017-07-05 17:07:29,580 method:org.apache.http.impl.conn.LoggingManagedHttpClientConnection.onRequestSubmitted(LoggingManagedHttpClientConnection.java:136)
http-outgoing-36 >> Accept-Encoding: gzip,deflate
[DEBUG] 2017-07-05 17:07:29,580 method:org.apache.http.impl.conn.Wire.wire(Wire.java:73)
http-outgoing-36 >> "POST /session/408d3c17918aedf77d102f992aa918b8/frame HTTP/1.1[\r][\n]"
[DEBUG] 2017-07-05 17:07:29,581 method:org.apache.http.impl.conn.Wire.wire(Wire.java:73)
http-outgoing-36 >> "Content-Type: application/json; charset=utf-8[\r][\n]"
[DEBUG] 2017-07-05 17:07:29,581 method:org.apache.http.impl.conn.Wire.wire(Wire.java:73)
http-outgoing-36 >> "Content-Length: 11[\r][\n]"
[DEBUG] 2017-07-05 17:07:29,581 method:org.apache.http.impl.conn.Wire.wire(Wire.java:73)
http-outgoing-36 >> "Host: localhost:23176[\r][\n]"
[DEBUG] 2017-07-05 17:07:29,581 method:org.apache.http.impl.conn.Wire.wire(Wire.java:73)
http-outgoing-36 >> "Connection: Keep-Alive[\r][\n]"
[DEBUG] 2017-07-05 17:07:29,581 method:org.apache.http.impl.conn.Wire.wire(Wire.java:73)
http-outgoing-36 >> "User-Agent: Apache-HttpClient/4.5.3 (Java/1.8.0_111)[\r][\n]"
[DEBUG] 2017-07-05 17:07:29,582 method:org.apache.http.impl.conn.Wire.wire(Wire.java:73)
http-outgoing-36 >> "Accept-Encoding: gzip,deflate[\r][\n]"
[DEBUG] 2017-07-05 17:07:29,582 method:org.apache.http.impl.conn.Wire.wire(Wire.java:73)
http-outgoing-36 >> "[\r][\n]"
[DEBUG] 2017-07-05 17:07:29,582 method:org.apache.http.impl.conn.Wire.wire(Wire.java:87)
http-outgoing-36 >> "{"id":null}"
[DEBUG] 2017-07-05 17:07:29,592 method:org.apache.http.impl.conn.Wire.wire(Wire.java:73)
http-outgoing-36 << "HTTP/1.1 200 OK[\r][\n]"
[DEBUG] 2017-07-05 17:07:29,593 method:org.apache.http.impl.conn.Wire.wire(Wire.java:73)
http-outgoing-36 << "Content-Length:72[\r][\n]"
[DEBUG] 2017-07-05 17:07:29,593 method:org.apache.http.impl.conn.Wire.wire(Wire.java:73)
http-outgoing-36 << "Content-Type:application/json; charset=utf-8[\r][\n]"
[DEBUG] 2017-07-05 17:07:29,593 method:org.apache.http.impl.conn.Wire.wire(Wire.java:73)
http-outgoing-36 << "Connection:close[\r][\n]"
[DEBUG] 2017-07-05 17:07:29,594 method:org.apache.http.impl.conn.Wire.wire(Wire.java:73)
http-outgoing-36 << "[\r][\n]"
[DEBUG] 2017-07-05 17:07:29,594 method:org.apache.http.impl.conn.Wire.wire(Wire.java:87)
http-outgoing-36 << "{"sessionId":"408d3c17918aedf77d102f992aa918b8","status":0,"value":null}"
[DEBUG] 2017-07-05 17:07:29,594 method:org.apache.http.impl.conn.LoggingManagedHttpClientConnection.onResponseReceived(LoggingManagedHttpClientConnection.java:122)
http-outgoing-36 << HTTP/1.1 200 OK
[DEBUG] 2017-07-05 17:07:29,594 method:org.apache.http.impl.conn.LoggingManagedHttpClientConnection.onResponseReceived(LoggingManagedHttpClientConnection.java:125)
http-outgoing-36 << Content-Length:72
[DEBUG] 2017-07-05 17:07:29,595 method:org.apache.http.impl.conn.LoggingManagedHttpClientConnection.onResponseReceived(LoggingManagedHttpClientConnection.java:125)
http-outgoing-36 << Content-Type:application/json; charset=utf-8
[DEBUG] 2017-07-05 17:07:29,595 method:org.apache.http.impl.conn.LoggingManagedHttpClientConnection.onResponseReceived(LoggingManagedHttpClientConnection.java:125)
http-outgoing-36 << Connection:close
[DEBUG] 2017-07-05 17:07:29,595 method:org.apache.http.impl.conn.LoggingManagedHttpClientConnection.close(LoggingManagedHttpClientConnection.java:79)
http-outgoing-36: Close connection
[DEBUG] 2017-07-05 17:07:29,596 method:org.apache.http.impl.execchain.ConnectionHolder.releaseConnection(ConnectionHolder.java:104)
Connection discarded
[DEBUG] 2017-07-05 17:07:29,596 method:org.apache.http.impl.conn.PoolingHttpClientConnectionManager.releaseConnection(PoolingHttpClientConnectionManager.java:326)
Connection released: [id: 36][route: {}->http://localhost:23176][total kept alive: 0; route allocated: 0 of 2000; total allocated: 0 of 2000]
-------------getDefaultContent--------------------
切换到主页面
[DEBUG] 2017-07-05 17:07:29,599 method:org.apache.http.client.protocol.RequestAddCookies.process(RequestAddCookies.java:123)
CookieSpec selected: default
[DEBUG] 2017-07-05 17:07:29,599 method:org.apache.http.client.protocol.RequestAuthCache.process(RequestAuthCache.java:77)
Auth cache not set in the context
[DEBUG] 2017-07-05 17:07:29,599 method:org.apache.http.impl.conn.PoolingHttpClientConnectionManager.requestConnection(PoolingHttpClientConnectionManager.java:255)
Connection request: [route: {}->http://localhost:23176][total kept alive: 0; route allocated: 0 of 2000; total allocated: 0 of 2000]
[DEBUG] 2017-07-05 17:07:29,600 method:org.apache.http.impl.conn.PoolingHttpClientConnectionManager.leaseConnection(PoolingHttpClientConnectionManager.java:288)
Connection leased: [id: 37][route: {}->http://localhost:23176][total kept alive: 0; route allocated: 1 of 2000; total allocated: 1 of 2000]
[DEBUG] 2017-07-05 17:07:29,600 method:org.apache.http.impl.execchain.MainClientExec.execute(MainClientExec.java:235)
Opening connection {}->http://localhost:23176
[DEBUG] 2017-07-05 17:07:29,600 method:org.apache.http.impl.conn.DefaultHttpClientConnectionOperator.connect(DefaultHttpClientConnectionOperator.java:139)
Connecting to localhost/127.0.0.1:23176
[DEBUG] 2017-07-05 17:07:29,602 method:org.apache.http.impl.conn.DefaultHttpClientConnectionOperator.connect(DefaultHttpClientConnectionOperator.java:146)
Connection established 127.0.0.1:59759<->127.0.0.1:23176
[DEBUG] 2017-07-05 17:07:29,602 method:org.apache.http.impl.conn.LoggingManagedHttpClientConnection.setSocketTimeout(LoggingManagedHttpClientConnection.java:88)
http-outgoing-37: set socket timeout to 10800000
[DEBUG] 2017-07-05 17:07:29,602 method:org.apache.http.impl.execchain.MainClientExec.execute(MainClientExec.java:256)
Executing request POST /session/408d3c17918aedf77d102f992aa918b8/elements HTTP/1.1
[DEBUG] 2017-07-05 17:07:29,602 method:org.apache.http.impl.execchain.MainClientExec.execute(MainClientExec.java:261)
Target auth state: UNCHALLENGED
[DEBUG] 2017-07-05 17:07:29,603 method:org.apache.http.impl.execchain.MainClientExec.execute(MainClientExec.java:267)
Proxy auth state: UNCHALLENGED
[DEBUG] 2017-07-05 17:07:29,603 method:org.apache.http.impl.conn.LoggingManagedHttpClientConnection.onRequestSubmitted(LoggingManagedHttpClientConnection.java:133)
http-outgoing-37 >> POST /session/408d3c17918aedf77d102f992aa918b8/elements HTTP/1.1
[DEBUG] 2017-07-05 17:07:29,603 method:org.apache.http.impl.conn.LoggingManagedHttpClientConnection.onRequestSubmitted(LoggingManagedHttpClientConnection.java:136)
http-outgoing-37 >> Content-Type: application/json; charset=utf-8
[DEBUG] 2017-07-05 17:07:29,604 method:org.apache.http.impl.conn.LoggingManagedHttpClientConnection.onRequestSubmitted(LoggingManagedHttpClientConnection.java:136)
http-outgoing-37 >> Content-Length: 51
[DEBUG] 2017-07-05 17:07:29,604 method:org.apache.http.impl.conn.LoggingManagedHttpClientConnection.onRequestSubmitted(LoggingManagedHttpClientConnection.java:136)
http-outgoing-37 >> Host: localhost:23176
[DEBUG] 2017-07-05 17:07:29,604 method:org.apache.http.impl.conn.LoggingManagedHttpClientConnection.onRequestSubmitted(LoggingManagedHttpClientConnection.java:136)
http-outgoing-37 >> Connection: Keep-Alive
[DEBUG] 2017-07-05 17:07:29,604 method:org.apache.http.impl.conn.LoggingManagedHttpClientConnection.onRequestSubmitted(LoggingManagedHttpClientConnection.java:136)
http-outgoing-37 >> User-Agent: Apache-HttpClient/4.5.3 (Java/1.8.0_111)
[DEBUG] 2017-07-05 17:07:29,605 method:org.apache.http.impl.conn.LoggingManagedHttpClientConnection.onRequestSubmitted(LoggingManagedHttpClientConnection.java:136)
http-outgoing-37 >> Accept-Encoding: gzip,deflate
[DEBUG] 2017-07-05 17:07:29,605 method:org.apache.http.impl.conn.Wire.wire(Wire.java:73)
http-outgoing-37 >> "POST /session/408d3c17918aedf77d102f992aa918b8/elements HTTP/1.1[\r][\n]"
[DEBUG] 2017-07-05 17:07:29,605 method:org.apache.http.impl.conn.Wire.wire(Wire.java:73)
http-outgoing-37 >> "Content-Type: application/json; charset=utf-8[\r][\n]"
[DEBUG] 2017-07-05 17:07:29,605 method:org.apache.http.impl.conn.Wire.wire(Wire.java:73)
http-outgoing-37 >> "Content-Length: 51[\r][\n]"
[DEBUG] 2017-07-05 17:07:29,606 method:org.apache.http.impl.conn.Wire.wire(Wire.java:73)
http-outgoing-37 >> "Host: localhost:23176[\r][\n]"
[DEBUG] 2017-07-05 17:07:29,606 method:org.apache.http.impl.conn.Wire.wire(Wire.java:73)
http-outgoing-37 >> "Connection: Keep-Alive[\r][\n]"
[DEBUG] 2017-07-05 17:07:29,606 method:org.apache.http.impl.conn.Wire.wire(Wire.java:73)
http-outgoing-37 >> "User-Agent: Apache-HttpClient/4.5.3 (Java/1.8.0_111)[\r][\n]"
[DEBUG] 2017-07-05 17:07:29,606 method:org.apache.http.impl.conn.Wire.wire(Wire.java:73)
http-outgoing-37 >> "Accept-Encoding: gzip,deflate[\r][\n]"
[DEBUG] 2017-07-05 17:07:29,607 method:org.apache.http.impl.conn.Wire.wire(Wire.java:73)
http-outgoing-37 >> "[\r][\n]"
[DEBUG] 2017-07-05 17:07:29,607 method:org.apache.http.impl.conn.Wire.wire(Wire.java:87)
http-outgoing-37 >> "{"using":"xpath","value":"(//*[@id=\"users\"])[1]"}"
[DEBUG] 2017-07-05 17:07:29,628 method:org.apache.http.impl.conn.Wire.wire(Wire.java:73)
http-outgoing-37 << "HTTP/1.1 200 OK[\r][\n]"
[DEBUG] 2017-07-05 17:07:29,628 method:org.apache.http.impl.conn.Wire.wire(Wire.java:73)
http-outgoing-37 << "Content-Length:104[\r][\n]"
[DEBUG] 2017-07-05 17:07:29,628 method:org.apache.http.impl.conn.Wire.wire(Wire.java:73)
http-outgoing-37 << "Content-Type:application/json; charset=utf-8[\r][\n]"
[DEBUG] 2017-07-05 17:07:29,628 method:org.apache.http.impl.conn.Wire.wire(Wire.java:73)
http-outgoing-37 << "Connection:close[\r][\n]"
[DEBUG] 2017-07-05 17:07:29,628 method:org.apache.http.impl.conn.Wire.wire(Wire.java:73)
http-outgoing-37 << "[\r][\n]"
[DEBUG] 2017-07-05 17:07:29,628 method:org.apache.http.impl.conn.Wire.wire(Wire.java:87)
http-outgoing-37 << "{"sessionId":"408d3c17918aedf77d102f992aa918b8","status":0,"value":[{"ELEMENT":"0.5389940634024653-5"}]}"
[DEBUG] 2017-07-05 17:07:29,629 method:org.apache.http.impl.conn.LoggingManagedHttpClientConnection.onResponseReceived(LoggingManagedHttpClientConnection.java:122)
http-outgoing-37 << HTTP/1.1 200 OK
[DEBUG] 2017-07-05 17:07:29,629 method:org.apache.http.impl.conn.LoggingManagedHttpClientConnection.onResponseReceived(LoggingManagedHttpClientConnection.java:125)
http-outgoing-37 << Content-Length:104
[DEBUG] 2017-07-05 17:07:29,629 method:org.apache.http.impl.conn.LoggingManagedHttpClientConnection.onResponseReceived(LoggingManagedHttpClientConnection.java:125)
http-outgoing-37 << Content-Type:application/json; charset=utf-8
[DEBUG] 2017-07-05 17:07:29,629 method:org.apache.http.impl.conn.LoggingManagedHttpClientConnection.onResponseReceived(LoggingManagedHttpClientConnection.java:125)
http-outgoing-37 << Connection:close
[DEBUG] 2017-07-05 17:07:29,629 method:org.apache.http.impl.conn.LoggingManagedHttpClientConnection.close(LoggingManagedHttpClientConnection.java:79)
http-outgoing-37: Close connection
[DEBUG] 2017-07-05 17:07:29,629 method:org.apache.http.impl.execchain.ConnectionHolder.releaseConnection(ConnectionHolder.java:104)
Connection discarded
[DEBUG] 2017-07-05 17:07:29,629 method:org.apache.http.impl.conn.PoolingHttpClientConnectionManager.releaseConnection(PoolingHttpClientConnectionManager.java:326)
Connection released: [id: 37][route: {}->http://localhost:23176][total kept alive: 0; route allocated: 0 of 2000; total allocated: 0 of 2000]
[DEBUG] 2017-07-05 17:07:30,431 method:org.apache.http.client.protocol.RequestAddCookies.process(RequestAddCookies.java:123)
CookieSpec selected: default
[DEBUG] 2017-07-05 17:07:30,432 method:org.apache.http.client.protocol.RequestAuthCache.process(RequestAuthCache.java:77)
Auth cache not set in the context
[DEBUG] 2017-07-05 17:07:30,432 method:org.apache.http.impl.conn.PoolingHttpClientConnectionManager.requestConnection(PoolingHttpClientConnectionManager.java:255)
Connection request: [route: {}->http://localhost:23176][total kept alive: 0; route allocated: 0 of 2000; total allocated: 0 of 2000]
[DEBUG] 2017-07-05 17:07:30,433 method:org.apache.http.impl.conn.PoolingHttpClientConnectionManager.leaseConnection(PoolingHttpClientConnectionManager.java:288)
Connection leased: [id: 38][route: {}->http://localhost:23176][total kept alive: 0; route allocated: 1 of 2000; total allocated: 1 of 2000]
[DEBUG] 2017-07-05 17:07:30,433 method:org.apache.http.impl.execchain.MainClientExec.execute(MainClientExec.java:235)
Opening connection {}->http://localhost:23176
[DEBUG] 2017-07-05 17:07:30,434 method:org.apache.http.impl.conn.DefaultHttpClientConnectionOperator.connect(DefaultHttpClientConnectionOperator.java:139)
Connecting to localhost/127.0.0.1:23176
[DEBUG] 2017-07-05 17:07:30,435 method:org.apache.http.impl.conn.DefaultHttpClientConnectionOperator.connect(DefaultHttpClientConnectionOperator.java:146)
Connection established 127.0.0.1:59760<->127.0.0.1:23176
[DEBUG] 2017-07-05 17:07:30,436 method:org.apache.http.impl.conn.LoggingManagedHttpClientConnection.setSocketTimeout(LoggingManagedHttpClientConnection.java:88)
http-outgoing-38: set socket timeout to 10800000
[DEBUG] 2017-07-05 17:07:30,436 method:org.apache.http.impl.execchain.MainClientExec.execute(MainClientExec.java:256)
Executing request POST /session/408d3c17918aedf77d102f992aa918b8/element HTTP/1.1
[DEBUG] 2017-07-05 17:07:30,436 method:org.apache.http.impl.execchain.MainClientExec.execute(MainClientExec.java:261)
Target auth state: UNCHALLENGED
[DEBUG] 2017-07-05 17:07:30,437 method:org.apache.http.impl.execchain.MainClientExec.execute(MainClientExec.java:267)
Proxy auth state: UNCHALLENGED
[DEBUG] 2017-07-05 17:07:30,437 method:org.apache.http.impl.conn.LoggingManagedHttpClientConnection.onRequestSubmitted(LoggingManagedHttpClientConnection.java:133)
http-outgoing-38 >> POST /session/408d3c17918aedf77d102f992aa918b8/element HTTP/1.1
[DEBUG] 2017-07-05 17:07:30,437 method:org.apache.http.impl.conn.LoggingManagedHttpClientConnection.onRequestSubmitted(LoggingManagedHttpClientConnection.java:136)
http-outgoing-38 >> Content-Type: application/json; charset=utf-8
[DEBUG] 2017-07-05 17:07:30,438 method:org.apache.http.impl.conn.LoggingManagedHttpClientConnection.onRequestSubmitted(LoggingManagedHttpClientConnection.java:136)
http-outgoing-38 >> Content-Length: 51
[DEBUG] 2017-07-05 17:07:30,438 method:org.apache.http.impl.conn.LoggingManagedHttpClientConnection.onRequestSubmitted(LoggingManagedHttpClientConnection.java:136)
http-outgoing-38 >> Host: localhost:23176
[DEBUG] 2017-07-05 17:07:30,438 method:org.apache.http.impl.conn.LoggingManagedHttpClientConnection.onRequestSubmitted(LoggingManagedHttpClientConnection.java:136)
http-outgoing-38 >> Connection: Keep-Alive
[DEBUG] 2017-07-05 17:07:30,439 method:org.apache.http.impl.conn.LoggingManagedHttpClientConnection.onRequestSubmitted(LoggingManagedHttpClientConnection.java:136)
http-outgoing-38 >> User-Agent: Apache-HttpClient/4.5.3 (Java/1.8.0_111)
[DEBUG] 2017-07-05 17:07:30,439 method:org.apache.http.impl.conn.LoggingManagedHttpClientConnection.onRequestSubmitted(LoggingManagedHttpClientConnection.java:136)
http-outgoing-38 >> Accept-Encoding: gzip,deflate
[DEBUG] 2017-07-05 17:07:30,439 method:org.apache.http.impl.conn.Wire.wire(Wire.java:73)
http-outgoing-38 >> "POST /session/408d3c17918aedf77d102f992aa918b8/element HTTP/1.1[\r][\n]"
[DEBUG] 2017-07-05 17:07:30,440 method:org.apache.http.impl.conn.Wire.wire(Wire.java:73)
http-outgoing-38 >> "Content-Type: application/json; charset=utf-8[\r][\n]"
[DEBUG] 2017-07-05 17:07:30,440 method:org.apache.http.impl.conn.Wire.wire(Wire.java:73)
http-outgoing-38 >> "Content-Length: 51[\r][\n]"
[DEBUG] 2017-07-05 17:07:30,440 method:org.apache.http.impl.conn.Wire.wire(Wire.java:73)
http-outgoing-38 >> "Host: localhost:23176[\r][\n]"
[DEBUG] 2017-07-05 17:07:30,441 method:org.apache.http.impl.conn.Wire.wire(Wire.java:73)
http-outgoing-38 >> "Connection: Keep-Alive[\r][\n]"
[DEBUG] 2017-07-05 17:07:30,441 method:org.apache.http.impl.conn.Wire.wire(Wire.java:73)
http-outgoing-38 >> "User-Agent: Apache-HttpClient/4.5.3 (Java/1.8.0_111)[\r][\n]"
[DEBUG] 2017-07-05 17:07:30,441 method:org.apache.http.impl.conn.Wire.wire(Wire.java:73)
http-outgoing-38 >> "Accept-Encoding: gzip,deflate[\r][\n]"
[DEBUG] 2017-07-05 17:07:30,442 method:org.apache.http.impl.conn.Wire.wire(Wire.java:73)
http-outgoing-38 >> "[\r][\n]"
[DEBUG] 2017-07-05 17:07:30,442 method:org.apache.http.impl.conn.Wire.wire(Wire.java:87)
http-outgoing-38 >> "{"using":"xpath","value":"(//*[@id=\"users\"])[1]"}"
[DEBUG] 2017-07-05 17:07:30,481 method:org.apache.http.impl.conn.Wire.wire(Wire.java:73)
http-outgoing-38 << "HTTP/1.1 200 OK[\r][\n]"
[DEBUG] 2017-07-05 17:07:30,481 method:org.apache.http.impl.conn.Wire.wire(Wire.java:73)
http-outgoing-38 << "Content-Length:102[\r][\n]"
[DEBUG] 2017-07-05 17:07:30,481 method:org.apache.http.impl.conn.Wire.wire(Wire.java:73)
http-outgoing-38 << "Content-Type:application/json; charset=utf-8[\r][\n]"
[DEBUG] 2017-07-05 17:07:30,481 method:org.apache.http.impl.conn.Wire.wire(Wire.java:73)
http-outgoing-38 << "Connection:close[\r][\n]"
[DEBUG] 2017-07-05 17:07:30,481 method:org.apache.http.impl.conn.Wire.wire(Wire.java:73)
http-outgoing-38 << "[\r][\n]"
[DEBUG] 2017-07-05 17:07:30,481 method:org.apache.http.impl.conn.Wire.wire(Wire.java:87)
http-outgoing-38 << "{"sessionId":"408d3c17918aedf77d102f992aa918b8","status":0,"value":{"ELEMENT":"0.5389940634024653-5"}}"
[DEBUG] 2017-07-05 17:07:30,482 method:org.apache.http.impl.conn.LoggingManagedHttpClientConnection.onResponseReceived(LoggingManagedHttpClientConnection.java:122)
http-outgoing-38 << HTTP/1.1 200 OK
[DEBUG] 2017-07-05 17:07:30,482 method:org.apache.http.impl.conn.LoggingManagedHttpClientConnection.onResponseReceived(LoggingManagedHttpClientConnection.java:125)
http-outgoing-38 << Content-Length:102
[DEBUG] 2017-07-05 17:07:30,482 method:org.apache.http.impl.conn.LoggingManagedHttpClientConnection.onResponseReceived(LoggingManagedHttpClientConnection.java:125)
http-outgoing-38 << Content-Type:application/json; charset=utf-8
[DEBUG] 2017-07-05 17:07:30,482 method:org.apache.http.impl.conn.LoggingManagedHttpClientConnection.onResponseReceived(LoggingManagedHttpClientConnection.java:125)
http-outgoing-38 << Connection:close
[DEBUG] 2017-07-05 17:07:30,482 method:org.apache.http.impl.conn.LoggingManagedHttpClientConnection.close(LoggingManagedHttpClientConnection.java:79)
http-outgoing-38: Close connection
[DEBUG] 2017-07-05 17:07:30,482 method:org.apache.http.impl.execchain.ConnectionHolder.releaseConnection(ConnectionHolder.java:104)
Connection discarded
[DEBUG] 2017-07-05 17:07:30,483 method:org.apache.http.impl.conn.PoolingHttpClientConnectionManager.releaseConnection(PoolingHttpClientConnectionManager.java:326)
Connection released: [id: 38][route: {}->http://localhost:23176][total kept alive: 0; route allocated: 0 of 2000; total allocated: 0 of 2000]
[DEBUG] 2017-07-05 17:07:30,484 method:org.apache.http.client.protocol.RequestAddCookies.process(RequestAddCookies.java:123)
CookieSpec selected: default
[DEBUG] 2017-07-05 17:07:30,484 method:org.apache.http.client.protocol.RequestAuthCache.process(RequestAuthCache.java:77)
Auth cache not set in the context
[DEBUG] 2017-07-05 17:07:30,484 method:org.apache.http.impl.conn.PoolingHttpClientConnectionManager.requestConnection(PoolingHttpClientConnectionManager.java:255)
Connection request: [route: {}->http://localhost:23176][total kept alive: 0; route allocated: 0 of 2000; total allocated: 0 of 2000]
[DEBUG] 2017-07-05 17:07:30,484 method:org.apache.http.impl.conn.PoolingHttpClientConnectionManager.leaseConnection(PoolingHttpClientConnectionManager.java:288)
Connection leased: [id: 39][route: {}->http://localhost:23176][total kept alive: 0; route allocated: 1 of 2000; total allocated: 1 of 2000]
[DEBUG] 2017-07-05 17:07:30,484 method:org.apache.http.impl.execchain.MainClientExec.execute(MainClientExec.java:235)
Opening connection {}->http://localhost:23176
[DEBUG] 2017-07-05 17:07:30,485 method:org.apache.http.impl.conn.DefaultHttpClientConnectionOperator.connect(DefaultHttpClientConnectionOperator.java:139)
Connecting to localhost/127.0.0.1:23176
[DEBUG] 2017-07-05 17:07:30,485 method:org.apache.http.impl.conn.DefaultHttpClientConnectionOperator.connect(DefaultHttpClientConnectionOperator.java:146)
Connection established 127.0.0.1:59761<->127.0.0.1:23176
[DEBUG] 2017-07-05 17:07:30,485 method:org.apache.http.impl.conn.LoggingManagedHttpClientConnection.setSocketTimeout(LoggingManagedHttpClientConnection.java:88)
http-outgoing-39: set socket timeout to 10800000
[DEBUG] 2017-07-05 17:07:30,486 method:org.apache.http.impl.execchain.MainClientExec.execute(MainClientExec.java:256)
Executing request POST /session/408d3c17918aedf77d102f992aa918b8/element/0.5389940634024653-5/value HTTP/1.1
[DEBUG] 2017-07-05 17:07:30,486 method:org.apache.http.impl.execchain.MainClientExec.execute(MainClientExec.java:261)
Target auth state: UNCHALLENGED
[DEBUG] 2017-07-05 17:07:30,486 method:org.apache.http.impl.execchain.MainClientExec.execute(MainClientExec.java:267)
Proxy auth state: UNCHALLENGED
[DEBUG] 2017-07-05 17:07:30,486 method:org.apache.http.impl.conn.LoggingManagedHttpClientConnection.onRequestSubmitted(LoggingManagedHttpClientConnection.java:133)
http-outgoing-39 >> POST /session/408d3c17918aedf77d102f992aa918b8/element/0.5389940634024653-5/value HTTP/1.1
[DEBUG] 2017-07-05 17:07:30,486 method:org.apache.http.impl.conn.LoggingManagedHttpClientConnection.onRequestSubmitted(LoggingManagedHttpClientConnection.java:136)
http-outgoing-39 >> Content-Type: application/json; charset=utf-8
[DEBUG] 2017-07-05 17:07:30,486 method:org.apache.http.impl.conn.LoggingManagedHttpClientConnection.onRequestSubmitted(LoggingManagedHttpClientConnection.java:136)
http-outgoing-39 >> Content-Length: 58
[DEBUG] 2017-07-05 17:07:30,486 method:org.apache.http.impl.conn.LoggingManagedHttpClientConnection.onRequestSubmitted(LoggingManagedHttpClientConnection.java:136)
http-outgoing-39 >> Host: localhost:23176
[DEBUG] 2017-07-05 17:07:30,486 method:org.apache.http.impl.conn.LoggingManagedHttpClientConnection.onRequestSubmitted(LoggingManagedHttpClientConnection.java:136)
http-outgoing-39 >> Connection: Keep-Alive
[DEBUG] 2017-07-05 17:07:30,487 method:org.apache.http.impl.conn.LoggingManagedHttpClientConnection.onRequestSubmitted(LoggingManagedHttpClientConnection.java:136)
http-outgoing-39 >> User-Agent: Apache-HttpClient/4.5.3 (Java/1.8.0_111)
[DEBUG] 2017-07-05 17:07:30,487 method:org.apache.http.impl.conn.LoggingManagedHttpClientConnection.onRequestSubmitted(LoggingManagedHttpClientConnection.java:136)
http-outgoing-39 >> Accept-Encoding: gzip,deflate
[DEBUG] 2017-07-05 17:07:30,487 method:org.apache.http.impl.conn.Wire.wire(Wire.java:73)
http-outgoing-39 >> "POST /session/408d3c17918aedf77d102f992aa918b8/element/0.5389940634024653-5/value HTTP/1.1[\r][\n]"
[DEBUG] 2017-07-05 17:07:30,487 method:org.apache.http.impl.conn.Wire.wire(Wire.java:73)
http-outgoing-39 >> "Content-Type: application/json; charset=utf-8[\r][\n]"
[DEBUG] 2017-07-05 17:07:30,487 method:org.apache.http.impl.conn.Wire.wire(Wire.java:73)
http-outgoing-39 >> "Content-Length: 58[\r][\n]"
[DEBUG] 2017-07-05 17:07:30,487 method:org.apache.http.impl.conn.Wire.wire(Wire.java:73)
http-outgoing-39 >> "Host: localhost:23176[\r][\n]"
[DEBUG] 2017-07-05 17:07:30,487 method:org.apache.http.impl.conn.Wire.wire(Wire.java:73)
http-outgoing-39 >> "Connection: Keep-Alive[\r][\n]"
[DEBUG] 2017-07-05 17:07:30,487 method:org.apache.http.impl.conn.Wire.wire(Wire.java:73)
http-outgoing-39 >> "User-Agent: Apache-HttpClient/4.5.3 (Java/1.8.0_111)[\r][\n]"
[DEBUG] 2017-07-05 17:07:30,488 method:org.apache.http.impl.conn.Wire.wire(Wire.java:73)
http-outgoing-39 >> "Accept-Encoding: gzip,deflate[\r][\n]"
[DEBUG] 2017-07-05 17:07:30,488 method:org.apache.http.impl.conn.Wire.wire(Wire.java:73)
http-outgoing-39 >> "[\r][\n]"
[DEBUG] 2017-07-05 17:07:30,488 method:org.apache.http.impl.conn.Wire.wire(Wire.java:87)
http-outgoing-39 >> "{"id":"0.5389940634024653-5","value":["sunwei WX444350;"]}"
[DEBUG] 2017-07-05 17:07:30,630 method:org.apache.http.impl.conn.Wire.wire(Wire.java:73)
http-outgoing-39 << "HTTP/1.1 200 OK[\r][\n]"
[DEBUG] 2017-07-05 17:07:30,631 method:org.apache.http.impl.conn.Wire.wire(Wire.java:73)
http-outgoing-39 << "Content-Length:72[\r][\n]"
[DEBUG] 2017-07-05 17:07:30,631 method:org.apache.http.impl.conn.Wire.wire(Wire.java:73)
http-outgoing-39 << "Content-Type:application/json; charset=utf-8[\r][\n]"
[DEBUG] 2017-07-05 17:07:30,631 method:org.apache.http.impl.conn.Wire.wire(Wire.java:73)
http-outgoing-39 << "Connection:close[\r][\n]"
[DEBUG] 2017-07-05 17:07:30,631 method:org.apache.http.impl.conn.Wire.wire(Wire.java:73)
http-outgoing-39 << "[\r][\n]"
[DEBUG] 2017-07-05 17:07:30,631 method:org.apache.http.impl.conn.Wire.wire(Wire.java:87)
http-outgoing-39 << "{"sessionId":"408d3c17918aedf77d102f992aa918b8","status":0,"value":null}"
[DEBUG] 2017-07-05 17:07:30,631 method:org.apache.http.impl.conn.LoggingManagedHttpClientConnection.onResponseReceived(LoggingManagedHttpClientConnection.java:122)
http-outgoing-39 << HTTP/1.1 200 OK
[DEBUG] 2017-07-05 17:07:30,632 method:org.apache.http.impl.conn.LoggingManagedHttpClientConnection.onResponseReceived(LoggingManagedHttpClientConnection.java:125)
http-outgoing-39 << Content-Length:72
[DEBUG] 2017-07-05 17:07:30,632 method:org.apache.http.impl.conn.LoggingManagedHttpClientConnection.onResponseReceived(LoggingManagedHttpClientConnection.java:125)
http-outgoing-39 << Content-Type:application/json; charset=utf-8
[DEBUG] 2017-07-05 17:07:30,632 method:org.apache.http.impl.conn.LoggingManagedHttpClientConnection.onResponseReceived(LoggingManagedHttpClientConnection.java:125)
http-outgoing-39 << Connection:close
[DEBUG] 2017-07-05 17:07:30,632 method:org.apache.http.impl.conn.LoggingManagedHttpClientConnection.close(LoggingManagedHttpClientConnection.java:79)
http-outgoing-39: Close connection
[DEBUG] 2017-07-05 17:07:30,632 method:org.apache.http.impl.execchain.ConnectionHolder.releaseConnection(ConnectionHolder.java:104)
Connection discarded
[DEBUG] 2017-07-05 17:07:30,632 method:org.apache.http.impl.conn.PoolingHttpClientConnectionManager.releaseConnection(PoolingHttpClientConnectionManager.java:326)
Connection released: [id: 39][route: {}->http://localhost:23176][total kept alive: 0; route allocated: 0 of 2000; total allocated: 0 of 2000]
(//*[@id="users"])[1]:输入内容==sunwei WX444350;
[DEBUG] 2017-07-05 17:07:30,634 method:org.apache.http.client.protocol.RequestAddCookies.process(RequestAddCookies.java:123)
CookieSpec selected: default
[DEBUG] 2017-07-05 17:07:30,634 method:org.apache.http.client.protocol.RequestAuthCache.process(RequestAuthCache.java:77)
Auth cache not set in the context
[DEBUG] 2017-07-05 17:07:30,634 method:org.apache.http.impl.conn.PoolingHttpClientConnectionManager.requestConnection(PoolingHttpClientConnectionManager.java:255)
Connection request: [route: {}->http://localhost:23176][total kept alive: 0; route allocated: 0 of 2000; total allocated: 0 of 2000]
[DEBUG] 2017-07-05 17:07:30,634 method:org.apache.http.impl.conn.PoolingHttpClientConnectionManager.leaseConnection(PoolingHttpClientConnectionManager.java:288)
Connection leased: [id: 40][route: {}->http://localhost:23176][total kept alive: 0; route allocated: 1 of 2000; total allocated: 1 of 2000]
[DEBUG] 2017-07-05 17:07:30,634 method:org.apache.http.impl.execchain.MainClientExec.execute(MainClientExec.java:235)
Opening connection {}->http://localhost:23176
[DEBUG] 2017-07-05 17:07:30,634 method:org.apache.http.impl.conn.DefaultHttpClientConnectionOperator.connect(DefaultHttpClientConnectionOperator.java:139)
Connecting to localhost/127.0.0.1:23176
[DEBUG] 2017-07-05 17:07:30,635 method:org.apache.http.impl.conn.DefaultHttpClientConnectionOperator.connect(DefaultHttpClientConnectionOperator.java:146)
Connection established 127.0.0.1:59762<->127.0.0.1:23176
[DEBUG] 2017-07-05 17:07:30,635 method:org.apache.http.impl.conn.LoggingManagedHttpClientConnection.setSocketTimeout(LoggingManagedHttpClientConnection.java:88)
http-outgoing-40: set socket timeout to 10800000
[DEBUG] 2017-07-05 17:07:30,635 method:org.apache.http.impl.execchain.MainClientExec.execute(MainClientExec.java:256)
Executing request POST /session/408d3c17918aedf77d102f992aa918b8/elements HTTP/1.1
[DEBUG] 2017-07-05 17:07:30,636 method:org.apache.http.impl.execchain.MainClientExec.execute(MainClientExec.java:261)
Target auth state: UNCHALLENGED
[DEBUG] 2017-07-05 17:07:30,636 method:org.apache.http.impl.execchain.MainClientExec.execute(MainClientExec.java:267)
Proxy auth state: UNCHALLENGED
[DEBUG] 2017-07-05 17:07:30,636 method:org.apache.http.impl.conn.LoggingManagedHttpClientConnection.onRequestSubmitted(LoggingManagedHttpClientConnection.java:133)
http-outgoing-40 >> POST /session/408d3c17918aedf77d102f992aa918b8/elements HTTP/1.1
[DEBUG] 2017-07-05 17:07:30,636 method:org.apache.http.impl.conn.LoggingManagedHttpClientConnection.onRequestSubmitted(LoggingManagedHttpClientConnection.java:136)
http-outgoing-40 >> Content-Type: application/json; charset=utf-8
[DEBUG] 2017-07-05 17:07:30,636 method:org.apache.http.impl.conn.LoggingManagedHttpClientConnection.onRequestSubmitted(LoggingManagedHttpClientConnection.java:136)
http-outgoing-40 >> Content-Length: 51
[DEBUG] 2017-07-05 17:07:30,636 method:org.apache.http.impl.conn.LoggingManagedHttpClientConnection.onRequestSubmitted(LoggingManagedHttpClientConnection.java:136)
http-outgoing-40 >> Host: localhost:23176
[DEBUG] 2017-07-05 17:07:30,636 method:org.apache.http.impl.conn.LoggingManagedHttpClientConnection.onRequestSubmitted(LoggingManagedHttpClientConnection.java:136)
http-outgoing-40 >> Connection: Keep-Alive
[DEBUG] 2017-07-05 17:07:30,636 method:org.apache.http.impl.conn.LoggingManagedHttpClientConnection.onRequestSubmitted(LoggingManagedHttpClientConnection.java:136)
http-outgoing-40 >> User-Agent: Apache-HttpClient/4.5.3 (Java/1.8.0_111)
[DEBUG] 2017-07-05 17:07:30,636 method:org.apache.http.impl.conn.LoggingManagedHttpClientConnection.onRequestSubmitted(LoggingManagedHttpClientConnection.java:136)
http-outgoing-40 >> Accept-Encoding: gzip,deflate
[DEBUG] 2017-07-05 17:07:30,637 method:org.apache.http.impl.conn.Wire.wire(Wire.java:73)
http-outgoing-40 >> "POST /session/408d3c17918aedf77d102f992aa918b8/elements HTTP/1.1[\r][\n]"
[DEBUG] 2017-07-05 17:07:30,637 method:org.apache.http.impl.conn.Wire.wire(Wire.java:73)
http-outgoing-40 >> "Content-Type: application/json; charset=utf-8[\r][\n]"
[DEBUG] 2017-07-05 17:07:30,637 method:org.apache.http.impl.conn.Wire.wire(Wire.java:73)
http-outgoing-40 >> "Content-Length: 51[\r][\n]"
[DEBUG] 2017-07-05 17:07:30,637 method:org.apache.http.impl.conn.Wire.wire(Wire.java:73)
http-outgoing-40 >> "Host: localhost:23176[\r][\n]"
[DEBUG] 2017-07-05 17:07:30,637 method:org.apache.http.impl.conn.Wire.wire(Wire.java:73)
http-outgoing-40 >> "Connection: Keep-Alive[\r][\n]"
[DEBUG] 2017-07-05 17:07:30,637 method:org.apache.http.impl.conn.Wire.wire(Wire.java:73)
http-outgoing-40 >> "User-Agent: Apache-HttpClient/4.5.3 (Java/1.8.0_111)[\r][\n]"
[DEBUG] 2017-07-05 17:07:30,637 method:org.apache.http.impl.conn.Wire.wire(Wire.java:73)
http-outgoing-40 >> "Accept-Encoding: gzip,deflate[\r][\n]"
[DEBUG] 2017-07-05 17:07:30,637 method:org.apache.http.impl.conn.Wire.wire(Wire.java:73)
http-outgoing-40 >> "[\r][\n]"
[DEBUG] 2017-07-05 17:07:30,637 method:org.apache.http.impl.conn.Wire.wire(Wire.java:87)
http-outgoing-40 >> "{"using":"xpath","value":"(//*[@id=\"users\"])[2]"}"
[DEBUG] 2017-07-05 17:07:30,656 method:org.apache.http.impl.conn.Wire.wire(Wire.java:73)
http-outgoing-40 << "HTTP/1.1 200 OK[\r][\n]"
[DEBUG] 2017-07-05 17:07:30,656 method:org.apache.http.impl.conn.Wire.wire(Wire.java:73)
http-outgoing-40 << "Content-Length:104[\r][\n]"
[DEBUG] 2017-07-05 17:07:30,657 method:org.apache.http.impl.conn.Wire.wire(Wire.java:73)
http-outgoing-40 << "Content-Type:application/json; charset=utf-8[\r][\n]"
[DEBUG] 2017-07-05 17:07:30,657 method:org.apache.http.impl.conn.Wire.wire(Wire.java:73)
http-outgoing-40 << "Connection:close[\r][\n]"
[DEBUG] 2017-07-05 17:07:30,657 method:org.apache.http.impl.conn.Wire.wire(Wire.java:73)
http-outgoing-40 << "[\r][\n]"
[DEBUG] 2017-07-05 17:07:30,657 method:org.apache.http.impl.conn.Wire.wire(Wire.java:87)
http-outgoing-40 << "{"sessionId":"408d3c17918aedf77d102f992aa918b8","status":0,"value":[{"ELEMENT":"0.5389940634024653-6"}]}"
[DEBUG] 2017-07-05 17:07:30,657 method:org.apache.http.impl.conn.LoggingManagedHttpClientConnection.onResponseReceived(LoggingManagedHttpClientConnection.java:122)
http-outgoing-40 << HTTP/1.1 200 OK
[DEBUG] 2017-07-05 17:07:30,657 method:org.apache.http.impl.conn.LoggingManagedHttpClientConnection.onResponseReceived(LoggingManagedHttpClientConnection.java:125)
http-outgoing-40 << Content-Length:104
[DEBUG] 2017-07-05 17:07:30,657 method:org.apache.http.impl.conn.LoggingManagedHttpClientConnection.onResponseReceived(LoggingManagedHttpClientConnection.java:125)
http-outgoing-40 << Content-Type:application/json; charset=utf-8
[DEBUG] 2017-07-05 17:07:30,657 method:org.apache.http.impl.conn.LoggingManagedHttpClientConnection.onResponseReceived(LoggingManagedHttpClientConnection.java:125)
http-outgoing-40 << Connection:close
[DEBUG] 2017-07-05 17:07:30,658 method:org.apache.http.impl.conn.LoggingManagedHttpClientConnection.close(LoggingManagedHttpClientConnection.java:79)
http-outgoing-40: Close connection
[DEBUG] 2017-07-05 17:07:30,658 method:org.apache.http.impl.execchain.ConnectionHolder.releaseConnection(ConnectionHolder.java:104)
Connection discarded
[DEBUG] 2017-07-05 17:07:30,658 method:org.apache.http.impl.conn.PoolingHttpClientConnectionManager.releaseConnection(PoolingHttpClientConnectionManager.java:326)
Connection released: [id: 40][route: {}->http://localhost:23176][total kept alive: 0; route allocated: 0 of 2000; total allocated: 0 of 2000]
[DEBUG] 2017-07-05 17:07:31,460 method:org.apache.http.client.protocol.RequestAddCookies.process(RequestAddCookies.java:123)
CookieSpec selected: default
[DEBUG] 2017-07-05 17:07:31,460 method:org.apache.http.client.protocol.RequestAuthCache.process(RequestAuthCache.java:77)
Auth cache not set in the context
[DEBUG] 2017-07-05 17:07:31,460 method:org.apache.http.impl.conn.PoolingHttpClientConnectionManager.requestConnection(PoolingHttpClientConnectionManager.java:255)
Connection request: [route: {}->http://localhost:23176][total kept alive: 0; route allocated: 0 of 2000; total allocated: 0 of 2000]
[DEBUG] 2017-07-05 17:07:31,460 method:org.apache.http.impl.conn.PoolingHttpClientConnectionManager.leaseConnection(PoolingHttpClientConnectionManager.java:288)
Connection leased: [id: 41][route: {}->http://localhost:23176][total kept alive: 0; route allocated: 1 of 2000; total allocated: 1 of 2000]
[DEBUG] 2017-07-05 17:07:31,461 method:org.apache.http.impl.execchain.MainClientExec.execute(MainClientExec.java:235)
Opening connection {}->http://localhost:23176
[DEBUG] 2017-07-05 17:07:31,461 method:org.apache.http.impl.conn.DefaultHttpClientConnectionOperator.connect(DefaultHttpClientConnectionOperator.java:139)
Connecting to localhost/127.0.0.1:23176
[DEBUG] 2017-07-05 17:07:31,462 method:org.apache.http.impl.conn.DefaultHttpClientConnectionOperator.connect(DefaultHttpClientConnectionOperator.java:146)
Connection established 127.0.0.1:59763<->127.0.0.1:23176
[DEBUG] 2017-07-05 17:07:31,462 method:org.apache.http.impl.conn.LoggingManagedHttpClientConnection.setSocketTimeout(LoggingManagedHttpClientConnection.java:88)
http-outgoing-41: set socket timeout to 10800000
[DEBUG] 2017-07-05 17:07:31,462 method:org.apache.http.impl.execchain.MainClientExec.execute(MainClientExec.java:256)
Executing request POST /session/408d3c17918aedf77d102f992aa918b8/element HTTP/1.1
[DEBUG] 2017-07-05 17:07:31,463 method:org.apache.http.impl.execchain.MainClientExec.execute(MainClientExec.java:261)
Target auth state: UNCHALLENGED
[DEBUG] 2017-07-05 17:07:31,463 method:org.apache.http.impl.execchain.MainClientExec.execute(MainClientExec.java:267)
Proxy auth state: UNCHALLENGED
[DEBUG] 2017-07-05 17:07:31,463 method:org.apache.http.impl.conn.LoggingManagedHttpClientConnection.onRequestSubmitted(LoggingManagedHttpClientConnection.java:133)
http-outgoing-41 >> POST /session/408d3c17918aedf77d102f992aa918b8/element HTTP/1.1
[DEBUG] 2017-07-05 17:07:31,463 method:org.apache.http.impl.conn.LoggingManagedHttpClientConnection.onRequestSubmitted(LoggingManagedHttpClientConnection.java:136)
http-outgoing-41 >> Content-Type: application/json; charset=utf-8
[DEBUG] 2017-07-05 17:07:31,463 method:org.apache.http.impl.conn.LoggingManagedHttpClientConnection.onRequestSubmitted(LoggingManagedHttpClientConnection.java:136)
http-outgoing-41 >> Content-Length: 51
[DEBUG] 2017-07-05 17:07:31,464 method:org.apache.http.impl.conn.LoggingManagedHttpClientConnection.onRequestSubmitted(LoggingManagedHttpClientConnection.java:136)
http-outgoing-41 >> Host: localhost:23176
[DEBUG] 2017-07-05 17:07:31,464 method:org.apache.http.impl.conn.LoggingManagedHttpClientConnection.onRequestSubmitted(LoggingManagedHttpClientConnection.java:136)
http-outgoing-41 >> Connection: Keep-Alive
[DEBUG] 2017-07-05 17:07:31,464 method:org.apache.http.impl.conn.LoggingManagedHttpClientConnection.onRequestSubmitted(LoggingManagedHttpClientConnection.java:136)
http-outgoing-41 >> User-Agent: Apache-HttpClient/4.5.3 (Java/1.8.0_111)
[DEBUG] 2017-07-05 17:07:31,464 method:org.apache.http.impl.conn.LoggingManagedHttpClientConnection.onRequestSubmitted(LoggingManagedHttpClientConnection.java:136)
http-outgoing-41 >> Accept-Encoding: gzip,deflate
[DEBUG] 2017-07-05 17:07:31,464 method:org.apache.http.impl.conn.Wire.wire(Wire.java:73)
http-outgoing-41 >> "POST /session/408d3c17918aedf77d102f992aa918b8/element HTTP/1.1[\r][\n]"
[DEBUG] 2017-07-05 17:07:31,464 method:org.apache.http.impl.conn.Wire.wire(Wire.java:73)
http-outgoing-41 >> "Content-Type: application/json; charset=utf-8[\r][\n]"
[DEBUG] 2017-07-05 17:07:31,465 method:org.apache.http.impl.conn.Wire.wire(Wire.java:73)
http-outgoing-41 >> "Content-Length: 51[\r][\n]"
[DEBUG] 2017-07-05 17:07:31,465 method:org.apache.http.impl.conn.Wire.wire(Wire.java:73)
http-outgoing-41 >> "Host: localhost:23176[\r][\n]"
[DEBUG] 2017-07-05 17:07:31,465 method:org.apache.http.impl.conn.Wire.wire(Wire.java:73)
http-outgoing-41 >> "Connection: Keep-Alive[\r][\n]"
[DEBUG] 2017-07-05 17:07:31,465 method:org.apache.http.impl.conn.Wire.wire(Wire.java:73)
http-outgoing-41 >> "User-Agent: Apache-HttpClient/4.5.3 (Java/1.8.0_111)[\r][\n]"
[DEBUG] 2017-07-05 17:07:31,465 method:org.apache.http.impl.conn.Wire.wire(Wire.java:73)
http-outgoing-41 >> "Accept-Encoding: gzip,deflate[\r][\n]"
[DEBUG] 2017-07-05 17:07:31,465 method:org.apache.http.impl.conn.Wire.wire(Wire.java:73)
http-outgoing-41 >> "[\r][\n]"
[DEBUG] 2017-07-05 17:07:31,466 method:org.apache.http.impl.conn.Wire.wire(Wire.java:87)
http-outgoing-41 >> "{"using":"xpath","value":"(//*[@id=\"users\"])[2]"}"
[DEBUG] 2017-07-05 17:07:31,497 method:org.apache.http.impl.conn.Wire.wire(Wire.java:73)
http-outgoing-41 << "HTTP/1.1 200 OK[\r][\n]"
[DEBUG] 2017-07-05 17:07:31,497 method:org.apache.http.impl.conn.Wire.wire(Wire.java:73)
http-outgoing-41 << "Content-Length:102[\r][\n]"
[DEBUG] 2017-07-05 17:07:31,498 method:org.apache.http.impl.conn.Wire.wire(Wire.java:73)
http-outgoing-41 << "Content-Type:application/json; charset=utf-8[\r][\n]"
[DEBUG] 2017-07-05 17:07:31,498 method:org.apache.http.impl.conn.Wire.wire(Wire.java:73)
http-outgoing-41 << "Connection:close[\r][\n]"
[DEBUG] 2017-07-05 17:07:31,498 method:org.apache.http.impl.conn.Wire.wire(Wire.java:73)
http-outgoing-41 << "[\r][\n]"
[DEBUG] 2017-07-05 17:07:31,498 method:org.apache.http.impl.conn.Wire.wire(Wire.java:87)
http-outgoing-41 << "{"sessionId":"408d3c17918aedf77d102f992aa918b8","status":0,"value":{"ELEMENT":"0.5389940634024653-6"}}"
[DEBUG] 2017-07-05 17:07:31,498 method:org.apache.http.impl.conn.LoggingManagedHttpClientConnection.onResponseReceived(LoggingManagedHttpClientConnection.java:122)
http-outgoing-41 << HTTP/1.1 200 OK
[DEBUG] 2017-07-05 17:07:31,498 method:org.apache.http.impl.conn.LoggingManagedHttpClientConnection.onResponseReceived(LoggingManagedHttpClientConnection.java:125)
http-outgoing-41 << Content-Length:102
[DEBUG] 2017-07-05 17:07:31,498 method:org.apache.http.impl.conn.LoggingManagedHttpClientConnection.onResponseReceived(LoggingManagedHttpClientConnection.java:125)
http-outgoing-41 << Content-Type:application/json; charset=utf-8
[DEBUG] 2017-07-05 17:07:31,498 method:org.apache.http.impl.conn.LoggingManagedHttpClientConnection.onResponseReceived(LoggingManagedHttpClientConnection.java:125)
http-outgoing-41 << Connection:close
[DEBUG] 2017-07-05 17:07:31,499 method:org.apache.http.impl.conn.LoggingManagedHttpClientConnection.close(LoggingManagedHttpClientConnection.java:79)
http-outgoing-41: Close connection
[DEBUG] 2017-07-05 17:07:31,499 method:org.apache.http.impl.execchain.ConnectionHolder.releaseConnection(ConnectionHolder.java:104)
Connection discarded
[DEBUG] 2017-07-05 17:07:31,499 method:org.apache.http.impl.conn.PoolingHttpClientConnectionManager.releaseConnection(PoolingHttpClientConnectionManager.java:326)
Connection released: [id: 41][route: {}->http://localhost:23176][total kept alive: 0; route allocated: 0 of 2000; total allocated: 0 of 2000]
[DEBUG] 2017-07-05 17:07:31,500 method:org.apache.http.client.protocol.RequestAddCookies.process(RequestAddCookies.java:123)
CookieSpec selected: default
[DEBUG] 2017-07-05 17:07:31,500 method:org.apache.http.client.protocol.RequestAuthCache.process(RequestAuthCache.java:77)
Auth cache not set in the context
[DEBUG] 2017-07-05 17:07:31,501 method:org.apache.http.impl.conn.PoolingHttpClientConnectionManager.requestConnection(PoolingHttpClientConnectionManager.java:255)
Connection request: [route: {}->http://localhost:23176][total kept alive: 0; route allocated: 0 of 2000; total allocated: 0 of 2000]
[DEBUG] 2017-07-05 17:07:31,501 method:org.apache.http.impl.conn.PoolingHttpClientConnectionManager.leaseConnection(PoolingHttpClientConnectionManager.java:288)
Connection leased: [id: 42][route: {}->http://localhost:23176][total kept alive: 0; route allocated: 1 of 2000; total allocated: 1 of 2000]
[DEBUG] 2017-07-05 17:07:31,501 method:org.apache.http.impl.execchain.MainClientExec.execute(MainClientExec.java:235)
Opening connection {}->http://localhost:23176
[DEBUG] 2017-07-05 17:07:31,501 method:org.apache.http.impl.conn.DefaultHttpClientConnectionOperator.connect(DefaultHttpClientConnectionOperator.java:139)
Connecting to localhost/127.0.0.1:23176
[DEBUG] 2017-07-05 17:07:31,502 method:org.apache.http.impl.conn.DefaultHttpClientConnectionOperator.connect(DefaultHttpClientConnectionOperator.java:146)
Connection established 127.0.0.1:59764<->127.0.0.1:23176
[DEBUG] 2017-07-05 17:07:31,502 method:org.apache.http.impl.conn.LoggingManagedHttpClientConnection.setSocketTimeout(LoggingManagedHttpClientConnection.java:88)
http-outgoing-42: set socket timeout to 10800000
[DEBUG] 2017-07-05 17:07:31,502 method:org.apache.http.impl.execchain.MainClientExec.execute(MainClientExec.java:256)
Executing request POST /session/408d3c17918aedf77d102f992aa918b8/element/0.5389940634024653-6/value HTTP/1.1
[DEBUG] 2017-07-05 17:07:31,502 method:org.apache.http.impl.execchain.MainClientExec.execute(MainClientExec.java:261)
Target auth state: UNCHALLENGED
[DEBUG] 2017-07-05 17:07:31,502 method:org.apache.http.impl.execchain.MainClientExec.execute(MainClientExec.java:267)
Proxy auth state: UNCHALLENGED
[DEBUG] 2017-07-05 17:07:31,502 method:org.apache.http.impl.conn.LoggingManagedHttpClientConnection.onRequestSubmitted(LoggingManagedHttpClientConnection.java:133)
http-outgoing-42 >> POST /session/408d3c17918aedf77d102f992aa918b8/element/0.5389940634024653-6/value HTTP/1.1
[DEBUG] 2017-07-05 17:07:31,503 method:org.apache.http.impl.conn.LoggingManagedHttpClientConnection.onRequestSubmitted(LoggingManagedHttpClientConnection.java:136)
http-outgoing-42 >> Content-Type: application/json; charset=utf-8
[DEBUG] 2017-07-05 17:07:31,503 method:org.apache.http.impl.conn.LoggingManagedHttpClientConnection.onRequestSubmitted(LoggingManagedHttpClientConnection.java:136)
http-outgoing-42 >> Content-Length: 58
[DEBUG] 2017-07-05 17:07:31,503 method:org.apache.http.impl.conn.LoggingManagedHttpClientConnection.onRequestSubmitted(LoggingManagedHttpClientConnection.java:136)
http-outgoing-42 >> Host: localhost:23176
[DEBUG] 2017-07-05 17:07:31,503 method:org.apache.http.impl.conn.LoggingManagedHttpClientConnection.onRequestSubmitted(LoggingManagedHttpClientConnection.java:136)
http-outgoing-42 >> Connection: Keep-Alive
[DEBUG] 2017-07-05 17:07:31,503 method:org.apache.http.impl.conn.LoggingManagedHttpClientConnection.onRequestSubmitted(LoggingManagedHttpClientConnection.java:136)
http-outgoing-42 >> User-Agent: Apache-HttpClient/4.5.3 (Java/1.8.0_111)
[DEBUG] 2017-07-05 17:07:31,503 method:org.apache.http.impl.conn.LoggingManagedHttpClientConnection.onRequestSubmitted(LoggingManagedHttpClientConnection.java:136)
http-outgoing-42 >> Accept-Encoding: gzip,deflate
[DEBUG] 2017-07-05 17:07:31,503 method:org.apache.http.impl.conn.Wire.wire(Wire.java:73)
http-outgoing-42 >> "POST /session/408d3c17918aedf77d102f992aa918b8/element/0.5389940634024653-6/value HTTP/1.1[\r][\n]"
[DEBUG] 2017-07-05 17:07:31,503 method:org.apache.http.impl.conn.Wire.wire(Wire.java:73)
http-outgoing-42 >> "Content-Type: application/json; charset=utf-8[\r][\n]"
[DEBUG] 2017-07-05 17:07:31,503 method:org.apache.http.impl.conn.Wire.wire(Wire.java:73)
http-outgoing-42 >> "Content-Length: 58[\r][\n]"
[DEBUG] 2017-07-05 17:07:31,503 method:org.apache.http.impl.conn.Wire.wire(Wire.java:73)
http-outgoing-42 >> "Host: localhost:23176[\r][\n]"
[DEBUG] 2017-07-05 17:07:31,503 method:org.apache.http.impl.conn.Wire.wire(Wire.java:73)
http-outgoing-42 >> "Connection: Keep-Alive[\r][\n]"
[DEBUG] 2017-07-05 17:07:31,504 method:org.apache.http.impl.conn.Wire.wire(Wire.java:73)
http-outgoing-42 >> "User-Agent: Apache-HttpClient/4.5.3 (Java/1.8.0_111)[\r][\n]"
[DEBUG] 2017-07-05 17:07:31,504 method:org.apache.http.impl.conn.Wire.wire(Wire.java:73)
http-outgoing-42 >> "Accept-Encoding: gzip,deflate[\r][\n]"
[DEBUG] 2017-07-05 17:07:31,504 method:org.apache.http.impl.conn.Wire.wire(Wire.java:73)
http-outgoing-42 >> "[\r][\n]"
[DEBUG] 2017-07-05 17:07:31,504 method:org.apache.http.impl.conn.Wire.wire(Wire.java:87)
http-outgoing-42 >> "{"id":"0.5389940634024653-6","value":["sunwei WX444350;"]}"
[DEBUG] 2017-07-05 17:07:31,644 method:org.apache.http.impl.conn.Wire.wire(Wire.java:73)
http-outgoing-42 << "HTTP/1.1 200 OK[\r][\n]"
[DEBUG] 2017-07-05 17:07:31,644 method:org.apache.http.impl.conn.Wire.wire(Wire.java:73)
http-outgoing-42 << "Content-Length:72[\r][\n]"
[DEBUG] 2017-07-05 17:07:31,645 method:org.apache.http.impl.conn.Wire.wire(Wire.java:73)
http-outgoing-42 << "Content-Type:application/json; charset=utf-8[\r][\n]"
[DEBUG] 2017-07-05 17:07:31,645 method:org.apache.http.impl.conn.Wire.wire(Wire.java:73)
http-outgoing-42 << "Connection:close[\r][\n]"
[DEBUG] 2017-07-05 17:07:31,645 method:org.apache.http.impl.conn.Wire.wire(Wire.java:73)
http-outgoing-42 << "[\r][\n]"
[DEBUG] 2017-07-05 17:07:31,645 method:org.apache.http.impl.conn.Wire.wire(Wire.java:87)
http-outgoing-42 << "{"sessionId":"408d3c17918aedf77d102f992aa918b8","status":0,"value":null}"
[DEBUG] 2017-07-05 17:07:31,645 method:org.apache.http.impl.conn.LoggingManagedHttpClientConnection.onResponseReceived(LoggingManagedHttpClientConnection.java:122)
http-outgoing-42 << HTTP/1.1 200 OK
[DEBUG] 2017-07-05 17:07:31,645 method:org.apache.http.impl.conn.LoggingManagedHttpClientConnection.onResponseReceived(LoggingManagedHttpClientConnection.java:125)
http-outgoing-42 << Content-Length:72
[DEBUG] 2017-07-05 17:07:31,645 method:org.apache.http.impl.conn.LoggingManagedHttpClientConnection.onResponseReceived(LoggingManagedHttpClientConnection.java:125)
http-outgoing-42 << Content-Type:application/json; charset=utf-8
[DEBUG] 2017-07-05 17:07:31,645 method:org.apache.http.impl.conn.LoggingManagedHttpClientConnection.onResponseReceived(LoggingManagedHttpClientConnection.java:125)
http-outgoing-42 << Connection:close
[DEBUG] 2017-07-05 17:07:31,646 method:org.apache.http.impl.conn.LoggingManagedHttpClientConnection.close(LoggingManagedHttpClientConnection.java:79)
http-outgoing-42: Close connection
[DEBUG] 2017-07-05 17:07:31,646 method:org.apache.http.impl.execchain.ConnectionHolder.releaseConnection(ConnectionHolder.java:104)
Connection discarded
[DEBUG] 2017-07-05 17:07:31,646 method:org.apache.http.impl.conn.PoolingHttpClientConnectionManager.releaseConnection(PoolingHttpClientConnectionManager.java:326)
Connection released: [id: 42][route: {}->http://localhost:23176][total kept alive: 0; route allocated: 0 of 2000; total allocated: 0 of 2000]
(//*[@id="users"])[2]:输入内容==sunwei WX444350;
[DEBUG] 2017-07-05 17:07:31,648 method:org.apache.http.client.protocol.RequestAddCookies.process(RequestAddCookies.java:123)
CookieSpec selected: default
[DEBUG] 2017-07-05 17:07:31,649 method:org.apache.http.client.protocol.RequestAuthCache.process(RequestAuthCache.java:77)
Auth cache not set in the context
[DEBUG] 2017-07-05 17:07:31,649 method:org.apache.http.impl.conn.PoolingHttpClientConnectionManager.requestConnection(PoolingHttpClientConnectionManager.java:255)
Connection request: [route: {}->http://localhost:23176][total kept alive: 0; route allocated: 0 of 2000; total allocated: 0 of 2000]
[DEBUG] 2017-07-05 17:07:31,649 method:org.apache.http.impl.conn.PoolingHttpClientConnectionManager.leaseConnection(PoolingHttpClientConnectionManager.java:288)
Connection leased: [id: 43][route: {}->http://localhost:23176][total kept alive: 0; route allocated: 1 of 2000; total allocated: 1 of 2000]
[DEBUG] 2017-07-05 17:07:31,649 method:org.apache.http.impl.execchain.MainClientExec.execute(MainClientExec.java:235)
Opening connection {}->http://localhost:23176
[DEBUG] 2017-07-05 17:07:31,649 method:org.apache.http.impl.conn.DefaultHttpClientConnectionOperator.connect(DefaultHttpClientConnectionOperator.java:139)
Connecting to localhost/127.0.0.1:23176
[DEBUG] 2017-07-05 17:07:31,650 method:org.apache.http.impl.conn.DefaultHttpClientConnectionOperator.connect(DefaultHttpClientConnectionOperator.java:146)
Connection established 127.0.0.1:59765<->127.0.0.1:23176
[DEBUG] 2017-07-05 17:07:31,650 method:org.apache.http.impl.conn.LoggingManagedHttpClientConnection.setSocketTimeout(LoggingManagedHttpClientConnection.java:88)
http-outgoing-43: set socket timeout to 10800000
[DEBUG] 2017-07-05 17:07:31,651 method:org.apache.http.impl.execchain.MainClientExec.execute(MainClientExec.java:256)
Executing request POST /session/408d3c17918aedf77d102f992aa918b8/elements HTTP/1.1
[DEBUG] 2017-07-05 17:07:31,651 method:org.apache.http.impl.execchain.MainClientExec.execute(MainClientExec.java:261)
Target auth state: UNCHALLENGED
[DEBUG] 2017-07-05 17:07:31,651 method:org.apache.http.impl.execchain.MainClientExec.execute(MainClientExec.java:267)
Proxy auth state: UNCHALLENGED
[DEBUG] 2017-07-05 17:07:31,651 method:org.apache.http.impl.conn.LoggingManagedHttpClientConnection.onRequestSubmitted(LoggingManagedHttpClientConnection.java:133)
http-outgoing-43 >> POST /session/408d3c17918aedf77d102f992aa918b8/elements HTTP/1.1
[DEBUG] 2017-07-05 17:07:31,651 method:org.apache.http.impl.conn.LoggingManagedHttpClientConnection.onRequestSubmitted(LoggingManagedHttpClientConnection.java:136)
http-outgoing-43 >> Content-Type: application/json; charset=utf-8
[DEBUG] 2017-07-05 17:07:31,651 method:org.apache.http.impl.conn.LoggingManagedHttpClientConnection.onRequestSubmitted(LoggingManagedHttpClientConnection.java:136)
http-outgoing-43 >> Content-Length: 90
[DEBUG] 2017-07-05 17:07:31,651 method:org.apache.http.impl.conn.LoggingManagedHttpClientConnection.onRequestSubmitted(LoggingManagedHttpClientConnection.java:136)
http-outgoing-43 >> Host: localhost:23176
[DEBUG] 2017-07-05 17:07:31,651 method:org.apache.http.impl.conn.LoggingManagedHttpClientConnection.onRequestSubmitted(LoggingManagedHttpClientConnection.java:136)
http-outgoing-43 >> Connection: Keep-Alive
[DEBUG] 2017-07-05 17:07:31,651 method:org.apache.http.impl.conn.LoggingManagedHttpClientConnection.onRequestSubmitted(LoggingManagedHttpClientConnection.java:136)
http-outgoing-43 >> User-Agent: Apache-HttpClient/4.5.3 (Java/1.8.0_111)
[DEBUG] 2017-07-05 17:07:31,652 method:org.apache.http.impl.conn.LoggingManagedHttpClientConnection.onRequestSubmitted(LoggingManagedHttpClientConnection.java:136)
http-outgoing-43 >> Accept-Encoding: gzip,deflate
[DEBUG] 2017-07-05 17:07:31,652 method:org.apache.http.impl.conn.Wire.wire(Wire.java:73)
http-outgoing-43 >> "POST /session/408d3c17918aedf77d102f992aa918b8/elements HTTP/1.1[\r][\n]"
[DEBUG] 2017-07-05 17:07:31,652 method:org.apache.http.impl.conn.Wire.wire(Wire.java:73)
http-outgoing-43 >> "Content-Type: application/json; charset=utf-8[\r][\n]"
[DEBUG] 2017-07-05 17:07:31,652 method:org.apache.http.impl.conn.Wire.wire(Wire.java:73)
http-outgoing-43 >> "Content-Length: 90[\r][\n]"
[DEBUG] 2017-07-05 17:07:31,652 method:org.apache.http.impl.conn.Wire.wire(Wire.java:73)
http-outgoing-43 >> "Host: localhost:23176[\r][\n]"
[DEBUG] 2017-07-05 17:07:31,652 method:org.apache.http.impl.conn.Wire.wire(Wire.java:73)
http-outgoing-43 >> "Connection: Keep-Alive[\r][\n]"
[DEBUG] 2017-07-05 17:07:31,652 method:org.apache.http.impl.conn.Wire.wire(Wire.java:73)
http-outgoing-43 >> "User-Agent: Apache-HttpClient/4.5.3 (Java/1.8.0_111)[\r][\n]"
[DEBUG] 2017-07-05 17:07:31,652 method:org.apache.http.impl.conn.Wire.wire(Wire.java:73)
http-outgoing-43 >> "Accept-Encoding: gzip,deflate[\r][\n]"
[DEBUG] 2017-07-05 17:07:31,652 method:org.apache.http.impl.conn.Wire.wire(Wire.java:73)
http-outgoing-43 >> "[\r][\n]"
[DEBUG] 2017-07-05 17:07:31,652 method:org.apache.http.impl.conn.Wire.wire(Wire.java:87)
http-outgoing-43 >> "{"using":"xpath","value":"//*[@id=\"wiseoper-content\"]/div[3]/form/div/div[3]/button[1]"}"
[DEBUG] 2017-07-05 17:07:31,673 method:org.apache.http.impl.conn.Wire.wire(Wire.java:73)
http-outgoing-43 << "HTTP/1.1 200 OK[\r][\n]"
[DEBUG] 2017-07-05 17:07:31,673 method:org.apache.http.impl.conn.Wire.wire(Wire.java:73)
http-outgoing-43 << "Content-Length:104[\r][\n]"
[DEBUG] 2017-07-05 17:07:31,673 method:org.apache.http.impl.conn.Wire.wire(Wire.java:73)
http-outgoing-43 << "Content-Type:application/json; charset=utf-8[\r][\n]"
[DEBUG] 2017-07-05 17:07:31,674 method:org.apache.http.impl.conn.Wire.wire(Wire.java:73)
http-outgoing-43 << "Connection:close[\r][\n]"
[DEBUG] 2017-07-05 17:07:31,674 method:org.apache.http.impl.conn.Wire.wire(Wire.java:73)
http-outgoing-43 << "[\r][\n]"
[DEBUG] 2017-07-05 17:07:31,674 method:org.apache.http.impl.conn.Wire.wire(Wire.java:87)
http-outgoing-43 << "{"sessionId":"408d3c17918aedf77d102f992aa918b8","status":0,"value":[{"ELEMENT":"0.5389940634024653-7"}]}"
[DEBUG] 2017-07-05 17:07:31,674 method:org.apache.http.impl.conn.LoggingManagedHttpClientConnection.onResponseReceived(LoggingManagedHttpClientConnection.java:122)
http-outgoing-43 << HTTP/1.1 200 OK
[DEBUG] 2017-07-05 17:07:31,674 method:org.apache.http.impl.conn.LoggingManagedHttpClientConnection.onResponseReceived(LoggingManagedHttpClientConnection.java:125)
http-outgoing-43 << Content-Length:104
[DEBUG] 2017-07-05 17:07:31,674 method:org.apache.http.impl.conn.LoggingManagedHttpClientConnection.onResponseReceived(LoggingManagedHttpClientConnection.java:125)
http-outgoing-43 << Content-Type:application/json; charset=utf-8
[DEBUG] 2017-07-05 17:07:31,674 method:org.apache.http.impl.conn.LoggingManagedHttpClientConnection.onResponseReceived(LoggingManagedHttpClientConnection.java:125)
http-outgoing-43 << Connection:close
[DEBUG] 2017-07-05 17:07:31,675 method:org.apache.http.impl.conn.LoggingManagedHttpClientConnection.close(LoggingManagedHttpClientConnection.java:79)
http-outgoing-43: Close connection
[DEBUG] 2017-07-05 17:07:31,675 method:org.apache.http.impl.execchain.ConnectionHolder.releaseConnection(ConnectionHolder.java:104)
Connection discarded
[DEBUG] 2017-07-05 17:07:31,675 method:org.apache.http.impl.conn.PoolingHttpClientConnectionManager.releaseConnection(PoolingHttpClientConnectionManager.java:326)
Connection released: [id: 43][route: {}->http://localhost:23176][total kept alive: 0; route allocated: 0 of 2000; total allocated: 0 of 2000]
[DEBUG] 2017-07-05 17:07:32,477 method:org.apache.http.client.protocol.RequestAddCookies.process(RequestAddCookies.java:123)
CookieSpec selected: default
[DEBUG] 2017-07-05 17:07:32,477 method:org.apache.http.client.protocol.RequestAuthCache.process(RequestAuthCache.java:77)
Auth cache not set in the context
[DEBUG] 2017-07-05 17:07:32,477 method:org.apache.http.impl.conn.PoolingHttpClientConnectionManager.requestConnection(PoolingHttpClientConnectionManager.java:255)
Connection request: [route: {}->http://localhost:23176][total kept alive: 0; route allocated: 0 of 2000; total allocated: 0 of 2000]
[DEBUG] 2017-07-05 17:07:32,478 method:org.apache.http.impl.conn.PoolingHttpClientConnectionManager.leaseConnection(PoolingHttpClientConnectionManager.java:288)
Connection leased: [id: 44][route: {}->http://localhost:23176][total kept alive: 0; route allocated: 1 of 2000; total allocated: 1 of 2000]
[DEBUG] 2017-07-05 17:07:32,478 method:org.apache.http.impl.execchain.MainClientExec.execute(MainClientExec.java:235)
Opening connection {}->http://localhost:23176
[DEBUG] 2017-07-05 17:07:32,479 method:org.apache.http.impl.conn.DefaultHttpClientConnectionOperator.connect(DefaultHttpClientConnectionOperator.java:139)
Connecting to localhost/127.0.0.1:23176
[DEBUG] 2017-07-05 17:07:32,480 method:org.apache.http.impl.conn.DefaultHttpClientConnectionOperator.connect(DefaultHttpClientConnectionOperator.java:146)
Connection established 127.0.0.1:59766<->127.0.0.1:23176
[DEBUG] 2017-07-05 17:07:32,480 method:org.apache.http.impl.conn.LoggingManagedHttpClientConnection.setSocketTimeout(LoggingManagedHttpClientConnection.java:88)
http-outgoing-44: set socket timeout to 10800000
[DEBUG] 2017-07-05 17:07:32,481 method:org.apache.http.impl.execchain.MainClientExec.execute(MainClientExec.java:256)
Executing request POST /session/408d3c17918aedf77d102f992aa918b8/element HTTP/1.1
[DEBUG] 2017-07-05 17:07:32,481 method:org.apache.http.impl.execchain.MainClientExec.execute(MainClientExec.java:261)
Target auth state: UNCHALLENGED
[DEBUG] 2017-07-05 17:07:32,481 method:org.apache.http.impl.execchain.MainClientExec.execute(MainClientExec.java:267)
Proxy auth state: UNCHALLENGED
[DEBUG] 2017-07-05 17:07:32,481 method:org.apache.http.impl.conn.LoggingManagedHttpClientConnection.onRequestSubmitted(LoggingManagedHttpClientConnection.java:133)
http-outgoing-44 >> POST /session/408d3c17918aedf77d102f992aa918b8/element HTTP/1.1
[DEBUG] 2017-07-05 17:07:32,482 method:org.apache.http.impl.conn.LoggingManagedHttpClientConnection.onRequestSubmitted(LoggingManagedHttpClientConnection.java:136)
http-outgoing-44 >> Content-Type: application/json; charset=utf-8
[DEBUG] 2017-07-05 17:07:32,482 method:org.apache.http.impl.conn.LoggingManagedHttpClientConnection.onRequestSubmitted(LoggingManagedHttpClientConnection.java:136)
http-outgoing-44 >> Content-Length: 90
[DEBUG] 2017-07-05 17:07:32,482 method:org.apache.http.impl.conn.LoggingManagedHttpClientConnection.onRequestSubmitted(LoggingManagedHttpClientConnection.java:136)
http-outgoing-44 >> Host: localhost:23176
[DEBUG] 2017-07-05 17:07:32,482 method:org.apache.http.impl.conn.LoggingManagedHttpClientConnection.onRequestSubmitted(LoggingManagedHttpClientConnection.java:136)
http-outgoing-44 >> Connection: Keep-Alive
[DEBUG] 2017-07-05 17:07:32,483 method:org.apache.http.impl.conn.LoggingManagedHttpClientConnection.onRequestSubmitted(LoggingManagedHttpClientConnection.java:136)
http-outgoing-44 >> User-Agent: Apache-HttpClient/4.5.3 (Java/1.8.0_111)
[DEBUG] 2017-07-05 17:07:32,483 method:org.apache.http.impl.conn.LoggingManagedHttpClientConnection.onRequestSubmitted(LoggingManagedHttpClientConnection.java:136)
http-outgoing-44 >> Accept-Encoding: gzip,deflate
[DEBUG] 2017-07-05 17:07:32,484 method:org.apache.http.impl.conn.Wire.wire(Wire.java:73)
http-outgoing-44 >> "POST /session/408d3c17918aedf77d102f992aa918b8/element HTTP/1.1[\r][\n]"
[DEBUG] 2017-07-05 17:07:32,484 method:org.apache.http.impl.conn.Wire.wire(Wire.java:73)
http-outgoing-44 >> "Content-Type: application/json; charset=utf-8[\r][\n]"
[DEBUG] 2017-07-05 17:07:32,484 method:org.apache.http.impl.conn.Wire.wire(Wire.java:73)
http-outgoing-44 >> "Content-Length: 90[\r][\n]"
[DEBUG] 2017-07-05 17:07:32,484 method:org.apache.http.impl.conn.Wire.wire(Wire.java:73)
http-outgoing-44 >> "Host: localhost:23176[\r][\n]"
[DEBUG] 2017-07-05 17:07:32,485 method:org.apache.http.impl.conn.Wire.wire(Wire.java:73)
http-outgoing-44 >> "Connection: Keep-Alive[\r][\n]"
[DEBUG] 2017-07-05 17:07:32,485 method:org.apache.http.impl.conn.Wire.wire(Wire.java:73)
http-outgoing-44 >> "User-Agent: Apache-HttpClient/4.5.3 (Java/1.8.0_111)[\r][\n]"
[DEBUG] 2017-07-05 17:07:32,485 method:org.apache.http.impl.conn.Wire.wire(Wire.java:73)
http-outgoing-44 >> "Accept-Encoding: gzip,deflate[\r][\n]"
[DEBUG] 2017-07-05 17:07:32,485 method:org.apache.http.impl.conn.Wire.wire(Wire.java:73)
http-outgoing-44 >> "[\r][\n]"
[DEBUG] 2017-07-05 17:07:32,486 method:org.apache.http.impl.conn.Wire.wire(Wire.java:87)
http-outgoing-44 >> "{"using":"xpath","value":"//*[@id=\"wiseoper-content\"]/div[3]/form/div/div[3]/button[1]"}"
[DEBUG] 2017-07-05 17:07:32,523 method:org.apache.http.impl.conn.Wire.wire(Wire.java:73)
http-outgoing-44 << "HTTP/1.1 200 OK[\r][\n]"
[DEBUG] 2017-07-05 17:07:32,523 method:org.apache.http.impl.conn.Wire.wire(Wire.java:73)
http-outgoing-44 << "Content-Length:102[\r][\n]"
[DEBUG] 2017-07-05 17:07:32,524 method:org.apache.http.impl.conn.Wire.wire(Wire.java:73)
http-outgoing-44 << "Content-Type:application/json; charset=utf-8[\r][\n]"
[DEBUG] 2017-07-05 17:07:32,524 method:org.apache.http.impl.conn.Wire.wire(Wire.java:73)
http-outgoing-44 << "Connection:close[\r][\n]"
[DEBUG] 2017-07-05 17:07:32,524 method:org.apache.http.impl.conn.Wire.wire(Wire.java:73)
http-outgoing-44 << "[\r][\n]"
[DEBUG] 2017-07-05 17:07:32,524 method:org.apache.http.impl.conn.Wire.wire(Wire.java:87)
http-outgoing-44 << "{"sessionId":"408d3c17918aedf77d102f992aa918b8","status":0,"value":{"ELEMENT":"0.5389940634024653-7"}}"
[DEBUG] 2017-07-05 17:07:32,524 method:org.apache.http.impl.conn.LoggingManagedHttpClientConnection.onResponseReceived(LoggingManagedHttpClientConnection.java:122)
http-outgoing-44 << HTTP/1.1 200 OK
[DEBUG] 2017-07-05 17:07:32,524 method:org.apache.http.impl.conn.LoggingManagedHttpClientConnection.onResponseReceived(LoggingManagedHttpClientConnection.java:125)
http-outgoing-44 << Content-Length:102
[DEBUG] 2017-07-05 17:07:32,524 method:org.apache.http.impl.conn.LoggingManagedHttpClientConnection.onResponseReceived(LoggingManagedHttpClientConnection.java:125)
http-outgoing-44 << Content-Type:application/json; charset=utf-8
[DEBUG] 2017-07-05 17:07:32,524 method:org.apache.http.impl.conn.LoggingManagedHttpClientConnection.onResponseReceived(LoggingManagedHttpClientConnection.java:125)
http-outgoing-44 << Connection:close
[DEBUG] 2017-07-05 17:07:32,525 method:org.apache.http.impl.conn.LoggingManagedHttpClientConnection.close(LoggingManagedHttpClientConnection.java:79)
http-outgoing-44: Close connection
[DEBUG] 2017-07-05 17:07:32,525 method:org.apache.http.impl.execchain.ConnectionHolder.releaseConnection(ConnectionHolder.java:104)
Connection discarded
[DEBUG] 2017-07-05 17:07:32,526 method:org.apache.http.impl.conn.PoolingHttpClientConnectionManager.releaseConnection(PoolingHttpClientConnectionManager.java:326)
Connection released: [id: 44][route: {}->http://localhost:23176][total kept alive: 0; route allocated: 0 of 2000; total allocated: 0 of 2000]
[DEBUG] 2017-07-05 17:07:32,533 method:org.apache.http.client.protocol.RequestAddCookies.process(RequestAddCookies.java:123)
CookieSpec selected: default
[DEBUG] 2017-07-05 17:07:32,535 method:org.apache.http.client.protocol.RequestAuthCache.process(RequestAuthCache.java:77)
Auth cache not set in the context
[DEBUG] 2017-07-05 17:07:32,535 method:org.apache.http.impl.conn.PoolingHttpClientConnectionManager.requestConnection(PoolingHttpClientConnectionManager.java:255)
Connection request: [route: {}->http://localhost:23176][total kept alive: 0; route allocated: 0 of 2000; total allocated: 0 of 2000]
[DEBUG] 2017-07-05 17:07:32,535 method:org.apache.http.impl.conn.PoolingHttpClientConnectionManager.leaseConnection(PoolingHttpClientConnectionManager.java:288)
Connection leased: [id: 45][route: {}->http://localhost:23176][total kept alive: 0; route allocated: 1 of 2000; total allocated: 1 of 2000]
[DEBUG] 2017-07-05 17:07:32,536 method:org.apache.http.impl.execchain.MainClientExec.execute(MainClientExec.java:235)
Opening connection {}->http://localhost:23176
[DEBUG] 2017-07-05 17:07:32,536 method:org.apache.http.impl.conn.DefaultHttpClientConnectionOperator.connect(DefaultHttpClientConnectionOperator.java:139)
Connecting to localhost/127.0.0.1:23176
[DEBUG] 2017-07-05 17:07:32,537 method:org.apache.http.impl.conn.DefaultHttpClientConnectionOperator.connect(DefaultHttpClientConnectionOperator.java:146)
Connection established 127.0.0.1:59767<->127.0.0.1:23176
[DEBUG] 2017-07-05 17:07:32,537 method:org.apache.http.impl.conn.LoggingManagedHttpClientConnection.setSocketTimeout(LoggingManagedHttpClientConnection.java:88)
http-outgoing-45: set socket timeout to 10800000
[DEBUG] 2017-07-05 17:07:32,537 method:org.apache.http.impl.execchain.MainClientExec.execute(MainClientExec.java:256)
Executing request POST /session/408d3c17918aedf77d102f992aa918b8/element/0.5389940634024653-7/click HTTP/1.1
[DEBUG] 2017-07-05 17:07:32,537 method:org.apache.http.impl.execchain.MainClientExec.execute(MainClientExec.java:261)
Target auth state: UNCHALLENGED
[DEBUG] 2017-07-05 17:07:32,537 method:org.apache.http.impl.execchain.MainClientExec.execute(MainClientExec.java:267)
Proxy auth state: UNCHALLENGED
[DEBUG] 2017-07-05 17:07:32,537 method:org.apache.http.impl.conn.LoggingManagedHttpClientConnection.onRequestSubmitted(LoggingManagedHttpClientConnection.java:133)
http-outgoing-45 >> POST /session/408d3c17918aedf77d102f992aa918b8/element/0.5389940634024653-7/click HTTP/1.1
[DEBUG] 2017-07-05 17:07:32,537 method:org.apache.http.impl.conn.LoggingManagedHttpClientConnection.onRequestSubmitted(LoggingManagedHttpClientConnection.java:136)
http-outgoing-45 >> Content-Type: application/json; charset=utf-8
[DEBUG] 2017-07-05 17:07:32,537 method:org.apache.http.impl.conn.LoggingManagedHttpClientConnection.onRequestSubmitted(LoggingManagedHttpClientConnection.java:136)
http-outgoing-45 >> Content-Length: 29
[DEBUG] 2017-07-05 17:07:32,538 method:org.apache.http.impl.conn.LoggingManagedHttpClientConnection.onRequestSubmitted(LoggingManagedHttpClientConnection.java:136)
http-outgoing-45 >> Host: localhost:23176
[DEBUG] 2017-07-05 17:07:32,538 method:org.apache.http.impl.conn.LoggingManagedHttpClientConnection.onRequestSubmitted(LoggingManagedHttpClientConnection.java:136)
http-outgoing-45 >> Connection: Keep-Alive
[DEBUG] 2017-07-05 17:07:32,538 method:org.apache.http.impl.conn.LoggingManagedHttpClientConnection.onRequestSubmitted(LoggingManagedHttpClientConnection.java:136)
http-outgoing-45 >> User-Agent: Apache-HttpClient/4.5.3 (Java/1.8.0_111)
[DEBUG] 2017-07-05 17:07:32,538 method:org.apache.http.impl.conn.LoggingManagedHttpClientConnection.onRequestSubmitted(LoggingManagedHttpClientConnection.java:136)
http-outgoing-45 >> Accept-Encoding: gzip,deflate
[DEBUG] 2017-07-05 17:07:32,538 method:org.apache.http.impl.conn.Wire.wire(Wire.java:73)
http-outgoing-45 >> "POST /session/408d3c17918aedf77d102f992aa918b8/element/0.5389940634024653-7/click HTTP/1.1[\r][\n]"
[DEBUG] 2017-07-05 17:07:32,538 method:org.apache.http.impl.conn.Wire.wire(Wire.java:73)
http-outgoing-45 >> "Content-Type: application/json; charset=utf-8[\r][\n]"
[DEBUG] 2017-07-05 17:07:32,538 method:org.apache.http.impl.conn.Wire.wire(Wire.java:73)
http-outgoing-45 >> "Content-Length: 29[\r][\n]"
[DEBUG] 2017-07-05 17:07:32,538 method:org.apache.http.impl.conn.Wire.wire(Wire.java:73)
http-outgoing-45 >> "Host: localhost:23176[\r][\n]"
[DEBUG] 2017-07-05 17:07:32,538 method:org.apache.http.impl.conn.Wire.wire(Wire.java:73)
http-outgoing-45 >> "Connection: Keep-Alive[\r][\n]"
[DEBUG] 2017-07-05 17:07:32,539 method:org.apache.http.impl.conn.Wire.wire(Wire.java:73)
http-outgoing-45 >> "User-Agent: Apache-HttpClient/4.5.3 (Java/1.8.0_111)[\r][\n]"
[DEBUG] 2017-07-05 17:07:32,539 method:org.apache.http.impl.conn.Wire.wire(Wire.java:73)
http-outgoing-45 >> "Accept-Encoding: gzip,deflate[\r][\n]"
[DEBUG] 2017-07-05 17:07:32,539 method:org.apache.http.impl.conn.Wire.wire(Wire.java:73)
http-outgoing-45 >> "[\r][\n]"
[DEBUG] 2017-07-05 17:07:32,539 method:org.apache.http.impl.conn.Wire.wire(Wire.java:87)
http-outgoing-45 >> "{"id":"0.5389940634024653-7"}"
[DEBUG] 2017-07-05 17:07:32,601 method:org.apache.http.impl.conn.Wire.wire(Wire.java:73)
http-outgoing-45 << "HTTP/1.1 200 OK[\r][\n]"
[DEBUG] 2017-07-05 17:07:32,602 method:org.apache.http.impl.conn.Wire.wire(Wire.java:73)
http-outgoing-45 << "Content-Length:72[\r][\n]"
[DEBUG] 2017-07-05 17:07:32,602 method:org.apache.http.impl.conn.Wire.wire(Wire.java:73)
http-outgoing-45 << "Content-Type:application/json; charset=utf-8[\r][\n]"
[DEBUG] 2017-07-05 17:07:32,602 method:org.apache.http.impl.conn.Wire.wire(Wire.java:73)
http-outgoing-45 << "Connection:close[\r][\n]"
[DEBUG] 2017-07-05 17:07:32,603 method:org.apache.http.impl.conn.Wire.wire(Wire.java:73)
http-outgoing-45 << "[\r][\n]"
[DEBUG] 2017-07-05 17:07:32,603 method:org.apache.http.impl.conn.Wire.wire(Wire.java:87)
http-outgoing-45 << "{"sessionId":"408d3c17918aedf77d102f992aa918b8","status":0,"value":null}"
[DEBUG] 2017-07-05 17:07:32,603 method:org.apache.http.impl.conn.LoggingManagedHttpClientConnection.onResponseReceived(LoggingManagedHttpClientConnection.java:122)
http-outgoing-45 << HTTP/1.1 200 OK
[DEBUG] 2017-07-05 17:07:32,603 method:org.apache.http.impl.conn.LoggingManagedHttpClientConnection.onResponseReceived(LoggingManagedHttpClientConnection.java:125)
http-outgoing-45 << Content-Length:72
[DEBUG] 2017-07-05 17:07:32,603 method:org.apache.http.impl.conn.LoggingManagedHttpClientConnection.onResponseReceived(LoggingManagedHttpClientConnection.java:125)
http-outgoing-45 << Content-Type:application/json; charset=utf-8
[DEBUG] 2017-07-05 17:07:32,603 method:org.apache.http.impl.conn.LoggingManagedHttpClientConnection.onResponseReceived(LoggingManagedHttpClientConnection.java:125)
http-outgoing-45 << Connection:close
[DEBUG] 2017-07-05 17:07:32,603 method:org.apache.http.impl.conn.LoggingManagedHttpClientConnection.close(LoggingManagedHttpClientConnection.java:79)
http-outgoing-45: Close connection
[DEBUG] 2017-07-05 17:07:32,604 method:org.apache.http.impl.execchain.ConnectionHolder.releaseConnection(ConnectionHolder.java:104)
Connection discarded
[DEBUG] 2017-07-05 17:07:32,604 method:org.apache.http.impl.conn.PoolingHttpClientConnectionManager.releaseConnection(PoolingHttpClientConnectionManager.java:326)
Connection released: [id: 45][route: {}->http://localhost:23176][total kept alive: 0; route allocated: 0 of 2000; total allocated: 0 of 2000]
点击了==//*[@id="wiseoper-content"]/div[3]/form/div/div[3]/button[1]
[DEBUG] 2017-07-05 17:07:32,609 method:org.apache.http.client.protocol.RequestAddCookies.process(RequestAddCookies.java:123)
CookieSpec selected: default
[DEBUG] 2017-07-05 17:07:32,610 method:org.apache.http.client.protocol.RequestAuthCache.process(RequestAuthCache.java:77)
Auth cache not set in the context
[DEBUG] 2017-07-05 17:07:32,610 method:org.apache.http.impl.conn.PoolingHttpClientConnectionManager.requestConnection(PoolingHttpClientConnectionManager.java:255)
Connection request: [route: {}->http://localhost:23176][total kept alive: 0; route allocated: 0 of 2000; total allocated: 0 of 2000]
[DEBUG] 2017-07-05 17:07:32,610 method:org.apache.http.impl.conn.PoolingHttpClientConnectionManager.leaseConnection(PoolingHttpClientConnectionManager.java:288)
Connection leased: [id: 46][route: {}->http://localhost:23176][total kept alive: 0; route allocated: 1 of 2000; total allocated: 1 of 2000]
[DEBUG] 2017-07-05 17:07:32,610 method:org.apache.http.impl.execchain.MainClientExec.execute(MainClientExec.java:235)
Opening connection {}->http://localhost:23176
[DEBUG] 2017-07-05 17:07:32,610 method:org.apache.http.impl.conn.DefaultHttpClientConnectionOperator.connect(DefaultHttpClientConnectionOperator.java:139)
Connecting to localhost/127.0.0.1:23176
[DEBUG] 2017-07-05 17:07:32,611 method:org.apache.http.impl.conn.DefaultHttpClientConnectionOperator.connect(DefaultHttpClientConnectionOperator.java:146)
Connection established 127.0.0.1:59768<->127.0.0.1:23176
[DEBUG] 2017-07-05 17:07:32,615 method:org.apache.http.impl.conn.LoggingManagedHttpClientConnection.setSocketTimeout(LoggingManagedHttpClientConnection.java:88)
http-outgoing-46: set socket timeout to 10800000
[DEBUG] 2017-07-05 17:07:32,615 method:org.apache.http.impl.execchain.MainClientExec.execute(MainClientExec.java:256)
Executing request POST /session/408d3c17918aedf77d102f992aa918b8/elements HTTP/1.1
[DEBUG] 2017-07-05 17:07:32,615 method:org.apache.http.impl.execchain.MainClientExec.execute(MainClientExec.java:261)
Target auth state: UNCHALLENGED
[DEBUG] 2017-07-05 17:07:32,615 method:org.apache.http.impl.execchain.MainClientExec.execute(MainClientExec.java:267)
Proxy auth state: UNCHALLENGED
[DEBUG] 2017-07-05 17:07:32,615 method:org.apache.http.impl.conn.LoggingManagedHttpClientConnection.onRequestSubmitted(LoggingManagedHttpClientConnection.java:133)
http-outgoing-46 >> POST /session/408d3c17918aedf77d102f992aa918b8/elements HTTP/1.1
[DEBUG] 2017-07-05 17:07:32,616 method:org.apache.http.impl.conn.LoggingManagedHttpClientConnection.onRequestSubmitted(LoggingManagedHttpClientConnection.java:136)
http-outgoing-46 >> Content-Type: application/json; charset=utf-8
[DEBUG] 2017-07-05 17:07:32,616 method:org.apache.http.impl.conn.LoggingManagedHttpClientConnection.onRequestSubmitted(LoggingManagedHttpClientConnection.java:136)
http-outgoing-46 >> Content-Length: 83
[DEBUG] 2017-07-05 17:07:32,616 method:org.apache.http.impl.conn.LoggingManagedHttpClientConnection.onRequestSubmitted(LoggingManagedHttpClientConnection.java:136)
http-outgoing-46 >> Host: localhost:23176
[DEBUG] 2017-07-05 17:07:32,616 method:org.apache.http.impl.conn.LoggingManagedHttpClientConnection.onRequestSubmitted(LoggingManagedHttpClientConnection.java:136)
http-outgoing-46 >> Connection: Keep-Alive
[DEBUG] 2017-07-05 17:07:32,616 method:org.apache.http.impl.conn.LoggingManagedHttpClientConnection.onRequestSubmitted(LoggingManagedHttpClientConnection.java:136)
http-outgoing-46 >> User-Agent: Apache-HttpClient/4.5.3 (Java/1.8.0_111)
[DEBUG] 2017-07-05 17:07:32,616 method:org.apache.http.impl.conn.LoggingManagedHttpClientConnection.onRequestSubmitted(LoggingManagedHttpClientConnection.java:136)
http-outgoing-46 >> Accept-Encoding: gzip,deflate
[DEBUG] 2017-07-05 17:07:32,616 method:org.apache.http.impl.conn.Wire.wire(Wire.java:73)
http-outgoing-46 >> "POST /session/408d3c17918aedf77d102f992aa918b8/elements HTTP/1.1[\r][\n]"
[DEBUG] 2017-07-05 17:07:32,616 method:org.apache.http.impl.conn.Wire.wire(Wire.java:73)
http-outgoing-46 >> "Content-Type: application/json; charset=utf-8[\r][\n]"
[DEBUG] 2017-07-05 17:07:32,616 method:org.apache.http.impl.conn.Wire.wire(Wire.java:73)
http-outgoing-46 >> "Content-Length: 83[\r][\n]"
[DEBUG] 2017-07-05 17:07:32,616 method:org.apache.http.impl.conn.Wire.wire(Wire.java:73)
http-outgoing-46 >> "Host: localhost:23176[\r][\n]"
[DEBUG] 2017-07-05 17:07:32,617 method:org.apache.http.impl.conn.Wire.wire(Wire.java:73)
http-outgoing-46 >> "Connection: Keep-Alive[\r][\n]"
[DEBUG] 2017-07-05 17:07:32,617 method:org.apache.http.impl.conn.Wire.wire(Wire.java:73)
http-outgoing-46 >> "User-Agent: Apache-HttpClient/4.5.3 (Java/1.8.0_111)[\r][\n]"
[DEBUG] 2017-07-05 17:07:32,617 method:org.apache.http.impl.conn.Wire.wire(Wire.java:73)
http-outgoing-46 >> "Accept-Encoding: gzip,deflate[\r][\n]"
[DEBUG] 2017-07-05 17:07:32,617 method:org.apache.http.impl.conn.Wire.wire(Wire.java:73)
http-outgoing-46 >> "[\r][\n]"
[DEBUG] 2017-07-05 17:07:32,617 method:org.apache.http.impl.conn.Wire.wire(Wire.java:87)
http-outgoing-46 >> "{"using":"xpath","value":"//*[@id=\"wiseoper-content\"]/div[3]/div/div[1]/span[3]"}"
[DEBUG] 2017-07-05 17:07:32,667 method:org.apache.http.impl.conn.Wire.wire(Wire.java:73)
http-outgoing-46 << "HTTP/1.1 200 OK[\r][\n]"
[DEBUG] 2017-07-05 17:07:32,668 method:org.apache.http.impl.conn.Wire.wire(Wire.java:73)
http-outgoing-46 << "Content-Length:70[\r][\n]"
[DEBUG] 2017-07-05 17:07:32,668 method:org.apache.http.impl.conn.Wire.wire(Wire.java:73)
http-outgoing-46 << "Content-Type:application/json; charset=utf-8[\r][\n]"
[DEBUG] 2017-07-05 17:07:32,668 method:org.apache.http.impl.conn.Wire.wire(Wire.java:73)
http-outgoing-46 << "Connection:close[\r][\n]"
[DEBUG] 2017-07-05 17:07:32,668 method:org.apache.http.impl.conn.Wire.wire(Wire.java:73)
http-outgoing-46 << "[\r][\n]"
[DEBUG] 2017-07-05 17:07:32,668 method:org.apache.http.impl.conn.Wire.wire(Wire.java:87)
http-outgoing-46 << "{"sessionId":"408d3c17918aedf77d102f992aa918b8","status":0,"value":[]}"
[DEBUG] 2017-07-05 17:07:32,668 method:org.apache.http.impl.conn.LoggingManagedHttpClientConnection.onResponseReceived(LoggingManagedHttpClientConnection.java:122)
http-outgoing-46 << HTTP/1.1 200 OK
[DEBUG] 2017-07-05 17:07:32,669 method:org.apache.http.impl.conn.LoggingManagedHttpClientConnection.onResponseReceived(LoggingManagedHttpClientConnection.java:125)
http-outgoing-46 << Content-Length:70
[DEBUG] 2017-07-05 17:07:32,669 method:org.apache.http.impl.conn.LoggingManagedHttpClientConnection.onResponseReceived(LoggingManagedHttpClientConnection.java:125)
http-outgoing-46 << Content-Type:application/json; charset=utf-8
[DEBUG] 2017-07-05 17:07:32,669 method:org.apache.http.impl.conn.LoggingManagedHttpClientConnection.onResponseReceived(LoggingManagedHttpClientConnection.java:125)
http-outgoing-46 << Connection:close
[DEBUG] 2017-07-05 17:07:32,669 method:org.apache.http.impl.conn.LoggingManagedHttpClientConnection.close(LoggingManagedHttpClientConnection.java:79)
http-outgoing-46: Close connection
[DEBUG] 2017-07-05 17:07:32,669 method:org.apache.http.impl.execchain.ConnectionHolder.releaseConnection(ConnectionHolder.java:104)
Connection discarded
[DEBUG] 2017-07-05 17:07:32,669 method:org.apache.http.impl.conn.PoolingHttpClientConnectionManager.releaseConnection(PoolingHttpClientConnectionManager.java:326)
Connection released: [id: 46][route: {}->http://localhost:23176][total kept alive: 0; route allocated: 0 of 2000; total allocated: 0 of 2000]
[DEBUG] 2017-07-05 17:07:33,171 method:org.apache.http.client.protocol.RequestAddCookies.process(RequestAddCookies.java:123)
CookieSpec selected: default
[DEBUG] 2017-07-05 17:07:33,171 method:org.apache.http.client.protocol.RequestAuthCache.process(RequestAuthCache.java:77)
Auth cache not set in the context
[DEBUG] 2017-07-05 17:07:33,172 method:org.apache.http.impl.conn.PoolingHttpClientConnectionManager.requestConnection(PoolingHttpClientConnectionManager.java:255)
Connection request: [route: {}->http://localhost:23176][total kept alive: 0; route allocated: 0 of 2000; total allocated: 0 of 2000]
[DEBUG] 2017-07-05 17:07:33,172 method:org.apache.http.impl.conn.PoolingHttpClientConnectionManager.leaseConnection(PoolingHttpClientConnectionManager.java:288)
Connection leased: [id: 47][route: {}->http://localhost:23176][total kept alive: 0; route allocated: 1 of 2000; total allocated: 1 of 2000]
[DEBUG] 2017-07-05 17:07:33,172 method:org.apache.http.impl.execchain.MainClientExec.execute(MainClientExec.java:235)
Opening connection {}->http://localhost:23176
[DEBUG] 2017-07-05 17:07:33,173 method:org.apache.http.impl.conn.DefaultHttpClientConnectionOperator.connect(DefaultHttpClientConnectionOperator.java:139)
Connecting to localhost/127.0.0.1:23176
[DEBUG] 2017-07-05 17:07:33,174 method:org.apache.http.impl.conn.DefaultHttpClientConnectionOperator.connect(DefaultHttpClientConnectionOperator.java:146)
Connection established 127.0.0.1:59769<->127.0.0.1:23176
[DEBUG] 2017-07-05 17:07:33,175 method:org.apache.http.impl.conn.LoggingManagedHttpClientConnection.setSocketTimeout(LoggingManagedHttpClientConnection.java:88)
http-outgoing-47: set socket timeout to 10800000
[DEBUG] 2017-07-05 17:07:33,175 method:org.apache.http.impl.execchain.MainClientExec.execute(MainClientExec.java:256)
Executing request POST /session/408d3c17918aedf77d102f992aa918b8/elements HTTP/1.1
[DEBUG] 2017-07-05 17:07:33,175 method:org.apache.http.impl.execchain.MainClientExec.execute(MainClientExec.java:261)
Target auth state: UNCHALLENGED
[DEBUG] 2017-07-05 17:07:33,175 method:org.apache.http.impl.execchain.MainClientExec.execute(MainClientExec.java:267)
Proxy auth state: UNCHALLENGED
[DEBUG] 2017-07-05 17:07:33,176 method:org.apache.http.impl.conn.LoggingManagedHttpClientConnection.onRequestSubmitted(LoggingManagedHttpClientConnection.java:133)
http-outgoing-47 >> POST /session/408d3c17918aedf77d102f992aa918b8/elements HTTP/1.1
[DEBUG] 2017-07-05 17:07:33,176 method:org.apache.http.impl.conn.LoggingManagedHttpClientConnection.onRequestSubmitted(LoggingManagedHttpClientConnection.java:136)
http-outgoing-47 >> Content-Type: application/json; charset=utf-8
[DEBUG] 2017-07-05 17:07:33,176 method:org.apache.http.impl.conn.LoggingManagedHttpClientConnection.onRequestSubmitted(LoggingManagedHttpClientConnection.java:136)
http-outgoing-47 >> Content-Length: 83
[DEBUG] 2017-07-05 17:07:33,176 method:org.apache.http.impl.conn.LoggingManagedHttpClientConnection.onRequestSubmitted(LoggingManagedHttpClientConnection.java:136)
http-outgoing-47 >> Host: localhost:23176
[DEBUG] 2017-07-05 17:07:33,177 method:org.apache.http.impl.conn.LoggingManagedHttpClientConnection.onRequestSubmitted(LoggingManagedHttpClientConnection.java:136)
http-outgoing-47 >> Connection: Keep-Alive
[DEBUG] 2017-07-05 17:07:33,177 method:org.apache.http.impl.conn.LoggingManagedHttpClientConnection.onRequestSubmitted(LoggingManagedHttpClientConnection.java:136)
http-outgoing-47 >> User-Agent: Apache-HttpClient/4.5.3 (Java/1.8.0_111)
[DEBUG] 2017-07-05 17:07:33,177 method:org.apache.http.impl.conn.LoggingManagedHttpClientConnection.onRequestSubmitted(LoggingManagedHttpClientConnection.java:136)
http-outgoing-47 >> Accept-Encoding: gzip,deflate
[DEBUG] 2017-07-05 17:07:33,178 method:org.apache.http.impl.conn.Wire.wire(Wire.java:73)
http-outgoing-47 >> "POST /session/408d3c17918aedf77d102f992aa918b8/elements HTTP/1.1[\r][\n]"
[DEBUG] 2017-07-05 17:07:33,178 method:org.apache.http.impl.conn.Wire.wire(Wire.java:73)
http-outgoing-47 >> "Content-Type: application/json; charset=utf-8[\r][\n]"
[DEBUG] 2017-07-05 17:07:33,178 method:org.apache.http.impl.conn.Wire.wire(Wire.java:73)
http-outgoing-47 >> "Content-Length: 83[\r][\n]"
[DEBUG] 2017-07-05 17:07:33,178 method:org.apache.http.impl.conn.Wire.wire(Wire.java:73)
http-outgoing-47 >> "Host: localhost:23176[\r][\n]"
[DEBUG] 2017-07-05 17:07:33,179 method:org.apache.http.impl.conn.Wire.wire(Wire.java:73)
http-outgoing-47 >> "Connection: Keep-Alive[\r][\n]"
[DEBUG] 2017-07-05 17:07:33,179 method:org.apache.http.impl.conn.Wire.wire(Wire.java:73)
http-outgoing-47 >> "User-Agent: Apache-HttpClient/4.5.3 (Java/1.8.0_111)[\r][\n]"
[DEBUG] 2017-07-05 17:07:33,179 method:org.apache.http.impl.conn.Wire.wire(Wire.java:73)
http-outgoing-47 >> "Accept-Encoding: gzip,deflate[\r][\n]"
[DEBUG] 2017-07-05 17:07:33,179 method:org.apache.http.impl.conn.Wire.wire(Wire.java:73)
http-outgoing-47 >> "[\r][\n]"
[DEBUG] 2017-07-05 17:07:33,180 method:org.apache.http.impl.conn.Wire.wire(Wire.java:87)
http-outgoing-47 >> "{"using":"xpath","value":"//*[@id=\"wiseoper-content\"]/div[3]/div/div[1]/span[3]"}"
[DEBUG] 2017-07-05 17:07:33,209 method:org.apache.http.impl.conn.Wire.wire(Wire.java:73)
http-outgoing-47 << "HTTP/1.1 200 OK[\r][\n]"
[DEBUG] 2017-07-05 17:07:33,209 method:org.apache.http.impl.conn.Wire.wire(Wire.java:73)
http-outgoing-47 << "Content-Length:70[\r][\n]"
[DEBUG] 2017-07-05 17:07:33,209 method:org.apache.http.impl.conn.Wire.wire(Wire.java:73)
http-outgoing-47 << "Content-Type:application/json; charset=utf-8[\r][\n]"
[DEBUG] 2017-07-05 17:07:33,210 method:org.apache.http.impl.conn.Wire.wire(Wire.java:73)
http-outgoing-47 << "Connection:close[\r][\n]"
[DEBUG] 2017-07-05 17:07:33,210 method:org.apache.http.impl.conn.Wire.wire(Wire.java:73)
http-outgoing-47 << "[\r][\n]"
[DEBUG] 2017-07-05 17:07:33,210 method:org.apache.http.impl.conn.Wire.wire(Wire.java:87)
http-outgoing-47 << "{"sessionId":"408d3c17918aedf77d102f992aa918b8","status":0,"value":[]}"
[DEBUG] 2017-07-05 17:07:33,210 method:org.apache.http.impl.conn.LoggingManagedHttpClientConnection.onResponseReceived(LoggingManagedHttpClientConnection.java:122)
http-outgoing-47 << HTTP/1.1 200 OK
[DEBUG] 2017-07-05 17:07:33,210 method:org.apache.http.impl.conn.LoggingManagedHttpClientConnection.onResponseReceived(LoggingManagedHttpClientConnection.java:125)
http-outgoing-47 << Content-Length:70
[DEBUG] 2017-07-05 17:07:33,210 method:org.apache.http.impl.conn.LoggingManagedHttpClientConnection.onResponseReceived(LoggingManagedHttpClientConnection.java:125)
http-outgoing-47 << Content-Type:application/json; charset=utf-8
[DEBUG] 2017-07-05 17:07:33,210 method:org.apache.http.impl.conn.LoggingManagedHttpClientConnection.onResponseReceived(LoggingManagedHttpClientConnection.java:125)
http-outgoing-47 << Connection:close
[DEBUG] 2017-07-05 17:07:33,211 method:org.apache.http.impl.conn.LoggingManagedHttpClientConnection.close(LoggingManagedHttpClientConnection.java:79)
http-outgoing-47: Close connection
[DEBUG] 2017-07-05 17:07:33,211 method:org.apache.http.impl.execchain.ConnectionHolder.releaseConnection(ConnectionHolder.java:104)
Connection discarded
[DEBUG] 2017-07-05 17:07:33,211 method:org.apache.http.impl.conn.PoolingHttpClientConnectionManager.releaseConnection(PoolingHttpClientConnectionManager.java:326)
Connection released: [id: 47][route: {}->http://localhost:23176][total kept alive: 0; route allocated: 0 of 2000; total allocated: 0 of 2000]
[DEBUG] 2017-07-05 17:07:33,712 method:org.apache.http.client.protocol.RequestAddCookies.process(RequestAddCookies.java:123)
CookieSpec selected: default
[DEBUG] 2017-07-05 17:07:33,713 method:org.apache.http.client.protocol.RequestAuthCache.process(RequestAuthCache.java:77)
Auth cache not set in the context
[DEBUG] 2017-07-05 17:07:33,713 method:org.apache.http.impl.conn.PoolingHttpClientConnectionManager.requestConnection(PoolingHttpClientConnectionManager.java:255)
Connection request: [route: {}->http://localhost:23176][total kept alive: 0; route allocated: 0 of 2000; total allocated: 0 of 2000]
[DEBUG] 2017-07-05 17:07:33,713 method:org.apache.http.impl.conn.PoolingHttpClientConnectionManager.leaseConnection(PoolingHttpClientConnectionManager.java:288)
Connection leased: [id: 48][route: {}->http://localhost:23176][total kept alive: 0; route allocated: 1 of 2000; total allocated: 1 of 2000]
[DEBUG] 2017-07-05 17:07:33,713 method:org.apache.http.impl.execchain.MainClientExec.execute(MainClientExec.java:235)
Opening connection {}->http://localhost:23176
[DEBUG] 2017-07-05 17:07:33,714 method:org.apache.http.impl.conn.DefaultHttpClientConnectionOperator.connect(DefaultHttpClientConnectionOperator.java:139)
Connecting to localhost/127.0.0.1:23176
[DEBUG] 2017-07-05 17:07:33,715 method:org.apache.http.impl.conn.DefaultHttpClientConnectionOperator.connect(DefaultHttpClientConnectionOperator.java:146)
Connection established 127.0.0.1:59770<->127.0.0.1:23176
[DEBUG] 2017-07-05 17:07:33,715 method:org.apache.http.impl.conn.LoggingManagedHttpClientConnection.setSocketTimeout(LoggingManagedHttpClientConnection.java:88)
http-outgoing-48: set socket timeout to 10800000
[DEBUG] 2017-07-05 17:07:33,715 method:org.apache.http.impl.execchain.MainClientExec.execute(MainClientExec.java:256)
Executing request POST /session/408d3c17918aedf77d102f992aa918b8/elements HTTP/1.1
[DEBUG] 2017-07-05 17:07:33,715 method:org.apache.http.impl.execchain.MainClientExec.execute(MainClientExec.java:261)
Target auth state: UNCHALLENGED
[DEBUG] 2017-07-05 17:07:33,716 method:org.apache.http.impl.execchain.MainClientExec.execute(MainClientExec.java:267)
Proxy auth state: UNCHALLENGED
[DEBUG] 2017-07-05 17:07:33,716 method:org.apache.http.impl.conn.LoggingManagedHttpClientConnection.onRequestSubmitted(LoggingManagedHttpClientConnection.java:133)
http-outgoing-48 >> POST /session/408d3c17918aedf77d102f992aa918b8/elements HTTP/1.1
[DEBUG] 2017-07-05 17:07:33,716 method:org.apache.http.impl.conn.LoggingManagedHttpClientConnection.onRequestSubmitted(LoggingManagedHttpClientConnection.java:136)
http-outgoing-48 >> Content-Type: application/json; charset=utf-8
[DEBUG] 2017-07-05 17:07:33,716 method:org.apache.http.impl.conn.LoggingManagedHttpClientConnection.onRequestSubmitted(LoggingManagedHttpClientConnection.java:136)
http-outgoing-48 >> Content-Length: 83
[DEBUG] 2017-07-05 17:07:33,716 method:org.apache.http.impl.conn.LoggingManagedHttpClientConnection.onRequestSubmitted(LoggingManagedHttpClientConnection.java:136)
http-outgoing-48 >> Host: localhost:23176
[DEBUG] 2017-07-05 17:07:33,716 method:org.apache.http.impl.conn.LoggingManagedHttpClientConnection.onRequestSubmitted(LoggingManagedHttpClientConnection.java:136)
http-outgoing-48 >> Connection: Keep-Alive
[DEBUG] 2017-07-05 17:07:33,717 method:org.apache.http.impl.conn.LoggingManagedHttpClientConnection.onRequestSubmitted(LoggingManagedHttpClientConnection.java:136)
http-outgoing-48 >> User-Agent: Apache-HttpClient/4.5.3 (Java/1.8.0_111)
[DEBUG] 2017-07-05 17:07:33,717 method:org.apache.http.impl.conn.LoggingManagedHttpClientConnection.onRequestSubmitted(LoggingManagedHttpClientConnection.java:136)
http-outgoing-48 >> Accept-Encoding: gzip,deflate
[DEBUG] 2017-07-05 17:07:33,717 method:org.apache.http.impl.conn.Wire.wire(Wire.java:73)
http-outgoing-48 >> "POST /session/408d3c17918aedf77d102f992aa918b8/elements HTTP/1.1[\r][\n]"
[DEBUG] 2017-07-05 17:07:33,717 method:org.apache.http.impl.conn.Wire.wire(Wire.java:73)
http-outgoing-48 >> "Content-Type: application/json; charset=utf-8[\r][\n]"
[DEBUG] 2017-07-05 17:07:33,717 method:org.apache.http.impl.conn.Wire.wire(Wire.java:73)
http-outgoing-48 >> "Content-Length: 83[\r][\n]"
[DEBUG] 2017-07-05 17:07:33,717 method:org.apache.http.impl.conn.Wire.wire(Wire.java:73)
http-outgoing-48 >> "Host: localhost:23176[\r][\n]"
[DEBUG] 2017-07-05 17:07:33,717 method:org.apache.http.impl.conn.Wire.wire(Wire.java:73)
http-outgoing-48 >> "Connection: Keep-Alive[\r][\n]"
[DEBUG] 2017-07-05 17:07:33,717 method:org.apache.http.impl.conn.Wire.wire(Wire.java:73)
http-outgoing-48 >> "User-Agent: Apache-HttpClient/4.5.3 (Java/1.8.0_111)[\r][\n]"
[DEBUG] 2017-07-05 17:07:33,718 method:org.apache.http.impl.conn.Wire.wire(Wire.java:73)
http-outgoing-48 >> "Accept-Encoding: gzip,deflate[\r][\n]"
[DEBUG] 2017-07-05 17:07:33,718 method:org.apache.http.impl.conn.Wire.wire(Wire.java:73)
http-outgoing-48 >> "[\r][\n]"
[DEBUG] 2017-07-05 17:07:33,718 method:org.apache.http.impl.conn.Wire.wire(Wire.java:87)
http-outgoing-48 >> "{"using":"xpath","value":"//*[@id=\"wiseoper-content\"]/div[3]/div/div[1]/span[3]"}"
[DEBUG] 2017-07-05 17:07:33,727 method:org.apache.http.impl.conn.Wire.wire(Wire.java:73)
http-outgoing-48 << "HTTP/1.1 200 OK[\r][\n]"
[DEBUG] 2017-07-05 17:07:33,728 method:org.apache.http.impl.conn.Wire.wire(Wire.java:73)
http-outgoing-48 << "Content-Length:70[\r][\n]"
[DEBUG] 2017-07-05 17:07:33,728 method:org.apache.http.impl.conn.Wire.wire(Wire.java:73)
http-outgoing-48 << "Content-Type:application/json; charset=utf-8[\r][\n]"
[DEBUG] 2017-07-05 17:07:33,728 method:org.apache.http.impl.conn.Wire.wire(Wire.java:73)
http-outgoing-48 << "Connection:close[\r][\n]"
[DEBUG] 2017-07-05 17:07:33,728 method:org.apache.http.impl.conn.Wire.wire(Wire.java:73)
http-outgoing-48 << "[\r][\n]"
[DEBUG] 2017-07-05 17:07:33,728 method:org.apache.http.impl.conn.Wire.wire(Wire.java:87)
http-outgoing-48 << "{"sessionId":"408d3c17918aedf77d102f992aa918b8","status":0,"value":[]}"
[DEBUG] 2017-07-05 17:07:33,729 method:org.apache.http.impl.conn.LoggingManagedHttpClientConnection.onResponseReceived(LoggingManagedHttpClientConnection.java:122)
http-outgoing-48 << HTTP/1.1 200 OK
[DEBUG] 2017-07-05 17:07:33,729 method:org.apache.http.impl.conn.LoggingManagedHttpClientConnection.onResponseReceived(LoggingManagedHttpClientConnection.java:125)
http-outgoing-48 << Content-Length:70
[DEBUG] 2017-07-05 17:07:33,729 method:org.apache.http.impl.conn.LoggingManagedHttpClientConnection.onResponseReceived(LoggingManagedHttpClientConnection.java:125)
http-outgoing-48 << Content-Type:application/json; charset=utf-8
[DEBUG] 2017-07-05 17:07:33,729 method:org.apache.http.impl.conn.LoggingManagedHttpClientConnection.onResponseReceived(LoggingManagedHttpClientConnection.java:125)
http-outgoing-48 << Connection:close
[DEBUG] 2017-07-05 17:07:33,729 method:org.apache.http.impl.conn.LoggingManagedHttpClientConnection.close(LoggingManagedHttpClientConnection.java:79)
http-outgoing-48: Close connection
[DEBUG] 2017-07-05 17:07:33,729 method:org.apache.http.impl.execchain.ConnectionHolder.releaseConnection(ConnectionHolder.java:104)
Connection discarded
[DEBUG] 2017-07-05 17:07:33,730 method:org.apache.http.impl.conn.PoolingHttpClientConnectionManager.releaseConnection(PoolingHttpClientConnectionManager.java:326)
Connection released: [id: 48][route: {}->http://localhost:23176][total kept alive: 0; route allocated: 0 of 2000; total allocated: 0 of 2000]
[DEBUG] 2017-07-05 17:07:34,232 method:org.apache.http.client.protocol.RequestAddCookies.process(RequestAddCookies.java:123)
CookieSpec selected: default
[DEBUG] 2017-07-05 17:07:34,232 method:org.apache.http.client.protocol.RequestAuthCache.process(RequestAuthCache.java:77)
Auth cache not set in the context
[DEBUG] 2017-07-05 17:07:34,232 method:org.apache.http.impl.conn.PoolingHttpClientConnectionManager.requestConnection(PoolingHttpClientConnectionManager.java:255)
Connection request: [route: {}->http://localhost:23176][total kept alive: 0; route allocated: 0 of 2000; total allocated: 0 of 2000]
[DEBUG] 2017-07-05 17:07:34,233 method:org.apache.http.impl.conn.PoolingHttpClientConnectionManager.leaseConnection(PoolingHttpClientConnectionManager.java:288)
Connection leased: [id: 49][route: {}->http://localhost:23176][total kept alive: 0; route allocated: 1 of 2000; total allocated: 1 of 2000]
[DEBUG] 2017-07-05 17:07:34,233 method:org.apache.http.impl.execchain.MainClientExec.execute(MainClientExec.java:235)
Opening connection {}->http://localhost:23176
[DEBUG] 2017-07-05 17:07:34,233 method:org.apache.http.impl.conn.DefaultHttpClientConnectionOperator.connect(DefaultHttpClientConnectionOperator.java:139)
Connecting to localhost/127.0.0.1:23176
[DEBUG] 2017-07-05 17:07:34,235 method:org.apache.http.impl.conn.DefaultHttpClientConnectionOperator.connect(DefaultHttpClientConnectionOperator.java:146)
Connection established 127.0.0.1:59771<->127.0.0.1:23176
[DEBUG] 2017-07-05 17:07:34,235 method:org.apache.http.impl.conn.LoggingManagedHttpClientConnection.setSocketTimeout(LoggingManagedHttpClientConnection.java:88)
http-outgoing-49: set socket timeout to 10800000
[DEBUG] 2017-07-05 17:07:34,235 method:org.apache.http.impl.execchain.MainClientExec.execute(MainClientExec.java:256)
Executing request POST /session/408d3c17918aedf77d102f992aa918b8/elements HTTP/1.1
[DEBUG] 2017-07-05 17:07:34,235 method:org.apache.http.impl.execchain.MainClientExec.execute(MainClientExec.java:261)
Target auth state: UNCHALLENGED
[DEBUG] 2017-07-05 17:07:34,236 method:org.apache.http.impl.execchain.MainClientExec.execute(MainClientExec.java:267)
Proxy auth state: UNCHALLENGED
[DEBUG] 2017-07-05 17:07:34,236 method:org.apache.http.impl.conn.LoggingManagedHttpClientConnection.onRequestSubmitted(LoggingManagedHttpClientConnection.java:133)
http-outgoing-49 >> POST /session/408d3c17918aedf77d102f992aa918b8/elements HTTP/1.1
[DEBUG] 2017-07-05 17:07:34,236 method:org.apache.http.impl.conn.LoggingManagedHttpClientConnection.onRequestSubmitted(LoggingManagedHttpClientConnection.java:136)
http-outgoing-49 >> Content-Type: application/json; charset=utf-8
[DEBUG] 2017-07-05 17:07:34,236 method:org.apache.http.impl.conn.LoggingManagedHttpClientConnection.onRequestSubmitted(LoggingManagedHttpClientConnection.java:136)
http-outgoing-49 >> Content-Length: 83
[DEBUG] 2017-07-05 17:07:34,236 method:org.apache.http.impl.conn.LoggingManagedHttpClientConnection.onRequestSubmitted(LoggingManagedHttpClientConnection.java:136)
http-outgoing-49 >> Host: localhost:23176
[DEBUG] 2017-07-05 17:07:34,236 method:org.apache.http.impl.conn.LoggingManagedHttpClientConnection.onRequestSubmitted(LoggingManagedHttpClientConnection.java:136)
http-outgoing-49 >> Connection: Keep-Alive
[DEBUG] 2017-07-05 17:07:34,236 method:org.apache.http.impl.conn.LoggingManagedHttpClientConnection.onRequestSubmitted(LoggingManagedHttpClientConnection.java:136)
http-outgoing-49 >> User-Agent: Apache-HttpClient/4.5.3 (Java/1.8.0_111)
[DEBUG] 2017-07-05 17:07:34,236 method:org.apache.http.impl.conn.LoggingManagedHttpClientConnection.onRequestSubmitted(LoggingManagedHttpClientConnection.java:136)
http-outgoing-49 >> Accept-Encoding: gzip,deflate
[DEBUG] 2017-07-05 17:07:34,236 method:org.apache.http.impl.conn.Wire.wire(Wire.java:73)
http-outgoing-49 >> "POST /session/408d3c17918aedf77d102f992aa918b8/elements HTTP/1.1[\r][\n]"
[DEBUG] 2017-07-05 17:07:34,237 method:org.apache.http.impl.conn.Wire.wire(Wire.java:73)
http-outgoing-49 >> "Content-Type: application/json; charset=utf-8[\r][\n]"
[DEBUG] 2017-07-05 17:07:34,237 method:org.apache.http.impl.conn.Wire.wire(Wire.java:73)
http-outgoing-49 >> "Content-Length: 83[\r][\n]"
[DEBUG] 2017-07-05 17:07:34,237 method:org.apache.http.impl.conn.Wire.wire(Wire.java:73)
http-outgoing-49 >> "Host: localhost:23176[\r][\n]"
[DEBUG] 2017-07-05 17:07:34,237 method:org.apache.http.impl.conn.Wire.wire(Wire.java:73)
http-outgoing-49 >> "Connection: Keep-Alive[\r][\n]"
[DEBUG] 2017-07-05 17:07:34,237 method:org.apache.http.impl.conn.Wire.wire(Wire.java:73)
http-outgoing-49 >> "User-Agent: Apache-HttpClient/4.5.3 (Java/1.8.0_111)[\r][\n]"
[DEBUG] 2017-07-05 17:07:34,237 method:org.apache.http.impl.conn.Wire.wire(Wire.java:73)
http-outgoing-49 >> "Accept-Encoding: gzip,deflate[\r][\n]"
[DEBUG] 2017-07-05 17:07:34,237 method:org.apache.http.impl.conn.Wire.wire(Wire.java:73)
http-outgoing-49 >> "[\r][\n]"
[DEBUG] 2017-07-05 17:07:34,237 method:org.apache.http.impl.conn.Wire.wire(Wire.java:87)
http-outgoing-49 >> "{"using":"xpath","value":"//*[@id=\"wiseoper-content\"]/div[3]/div/div[1]/span[3]"}"
[DEBUG] 2017-07-05 17:07:34,252 method:org.apache.http.impl.conn.Wire.wire(Wire.java:73)
http-outgoing-49 << "HTTP/1.1 200 OK[\r][\n]"
[DEBUG] 2017-07-05 17:07:34,253 method:org.apache.http.impl.conn.Wire.wire(Wire.java:73)
http-outgoing-49 << "Content-Length:70[\r][\n]"
[DEBUG] 2017-07-05 17:07:34,253 method:org.apache.http.impl.conn.Wire.wire(Wire.java:73)
http-outgoing-49 << "Content-Type:application/json; charset=utf-8[\r][\n]"
[DEBUG] 2017-07-05 17:07:34,253 method:org.apache.http.impl.conn.Wire.wire(Wire.java:73)
http-outgoing-49 << "Connection:close[\r][\n]"
[DEBUG] 2017-07-05 17:07:34,254 method:org.apache.http.impl.conn.Wire.wire(Wire.java:73)
http-outgoing-49 << "[\r][\n]"
[DEBUG] 2017-07-05 17:07:34,254 method:org.apache.http.impl.conn.Wire.wire(Wire.java:87)
http-outgoing-49 << "{"sessionId":"408d3c17918aedf77d102f992aa918b8","status":0,"value":[]}"
[DEBUG] 2017-07-05 17:07:34,254 method:org.apache.http.impl.conn.LoggingManagedHttpClientConnection.onResponseReceived(LoggingManagedHttpClientConnection.java:122)
http-outgoing-49 << HTTP/1.1 200 OK
[DEBUG] 2017-07-05 17:07:34,254 method:org.apache.http.impl.conn.LoggingManagedHttpClientConnection.onResponseReceived(LoggingManagedHttpClientConnection.java:125)
http-outgoing-49 << Content-Length:70
[DEBUG] 2017-07-05 17:07:34,254 method:org.apache.http.impl.conn.LoggingManagedHttpClientConnection.onResponseReceived(LoggingManagedHttpClientConnection.java:125)
http-outgoing-49 << Content-Type:application/json; charset=utf-8
[DEBUG] 2017-07-05 17:07:34,254 method:org.apache.http.impl.conn.LoggingManagedHttpClientConnection.onResponseReceived(LoggingManagedHttpClientConnection.java:125)
http-outgoing-49 << Connection:close
[DEBUG] 2017-07-05 17:07:34,255 method:org.apache.http.impl.conn.LoggingManagedHttpClientConnection.close(LoggingManagedHttpClientConnection.java:79)
http-outgoing-49: Close connection
[DEBUG] 2017-07-05 17:07:34,255 method:org.apache.http.impl.execchain.ConnectionHolder.releaseConnection(ConnectionHolder.java:104)
Connection discarded
[DEBUG] 2017-07-05 17:07:34,255 method:org.apache.http.impl.conn.PoolingHttpClientConnectionManager.releaseConnection(PoolingHttpClientConnectionManager.java:326)
Connection released: [id: 49][route: {}->http://localhost:23176][total kept alive: 0; route allocated: 0 of 2000; total allocated: 0 of 2000]
[DEBUG] 2017-07-05 17:07:34,758 method:org.apache.http.client.protocol.RequestAddCookies.process(RequestAddCookies.java:123)
CookieSpec selected: default
[DEBUG] 2017-07-05 17:07:34,758 method:org.apache.http.client.protocol.RequestAuthCache.process(RequestAuthCache.java:77)
Auth cache not set in the context
[DEBUG] 2017-07-05 17:07:34,759 method:org.apache.http.impl.conn.PoolingHttpClientConnectionManager.requestConnection(PoolingHttpClientConnectionManager.java:255)
Connection request: [route: {}->http://localhost:23176][total kept alive: 0; route allocated: 0 of 2000; total allocated: 0 of 2000]
[DEBUG] 2017-07-05 17:07:34,759 method:org.apache.http.impl.conn.PoolingHttpClientConnectionManager.leaseConnection(PoolingHttpClientConnectionManager.java:288)
Connection leased: [id: 50][route: {}->http://localhost:23176][total kept alive: 0; route allocated: 1 of 2000; total allocated: 1 of 2000]
[DEBUG] 2017-07-05 17:07:34,759 method:org.apache.http.impl.execchain.MainClientExec.execute(MainClientExec.java:235)
Opening connection {}->http://localhost:23176
[DEBUG] 2017-07-05 17:07:34,760 method:org.apache.http.impl.conn.DefaultHttpClientConnectionOperator.connect(DefaultHttpClientConnectionOperator.java:139)
Connecting to localhost/127.0.0.1:23176
[DEBUG] 2017-07-05 17:07:34,761 method:org.apache.http.impl.conn.DefaultHttpClientConnectionOperator.connect(DefaultHttpClientConnectionOperator.java:146)
Connection established 127.0.0.1:59772<->127.0.0.1:23176
[DEBUG] 2017-07-05 17:07:34,762 method:org.apache.http.impl.conn.LoggingManagedHttpClientConnection.setSocketTimeout(LoggingManagedHttpClientConnection.java:88)
http-outgoing-50: set socket timeout to 10800000
[DEBUG] 2017-07-05 17:07:34,762 method:org.apache.http.impl.execchain.MainClientExec.execute(MainClientExec.java:256)
Executing request POST /session/408d3c17918aedf77d102f992aa918b8/elements HTTP/1.1
[DEBUG] 2017-07-05 17:07:34,762 method:org.apache.http.impl.execchain.MainClientExec.execute(MainClientExec.java:261)
Target auth state: UNCHALLENGED
[DEBUG] 2017-07-05 17:07:34,763 method:org.apache.http.impl.execchain.MainClientExec.execute(MainClientExec.java:267)
Proxy auth state: UNCHALLENGED
[DEBUG] 2017-07-05 17:07:34,763 method:org.apache.http.impl.conn.LoggingManagedHttpClientConnection.onRequestSubmitted(LoggingManagedHttpClientConnection.java:133)
http-outgoing-50 >> POST /session/408d3c17918aedf77d102f992aa918b8/elements HTTP/1.1
[DEBUG] 2017-07-05 17:07:34,764 method:org.apache.http.impl.conn.LoggingManagedHttpClientConnection.onRequestSubmitted(LoggingManagedHttpClientConnection.java:136)
http-outgoing-50 >> Content-Type: application/json; charset=utf-8
[DEBUG] 2017-07-05 17:07:34,764 method:org.apache.http.impl.conn.LoggingManagedHttpClientConnection.onRequestSubmitted(LoggingManagedHttpClientConnection.java:136)
http-outgoing-50 >> Content-Length: 83
[DEBUG] 2017-07-05 17:07:34,764 method:org.apache.http.impl.conn.LoggingManagedHttpClientConnection.onRequestSubmitted(LoggingManagedHttpClientConnection.java:136)
http-outgoing-50 >> Host: localhost:23176
[DEBUG] 2017-07-05 17:07:34,765 method:org.apache.http.impl.conn.LoggingManagedHttpClientConnection.onRequestSubmitted(LoggingManagedHttpClientConnection.java:136)
http-outgoing-50 >> Connection: Keep-Alive
[DEBUG] 2017-07-05 17:07:34,765 method:org.apache.http.impl.conn.LoggingManagedHttpClientConnection.onRequestSubmitted(LoggingManagedHttpClientConnection.java:136)
http-outgoing-50 >> User-Agent: Apache-HttpClient/4.5.3 (Java/1.8.0_111)
[DEBUG] 2017-07-05 17:07:34,765 method:org.apache.http.impl.conn.LoggingManagedHttpClientConnection.onRequestSubmitted(LoggingManagedHttpClientConnection.java:136)
http-outgoing-50 >> Accept-Encoding: gzip,deflate
[DEBUG] 2017-07-05 17:07:34,766 method:org.apache.http.impl.conn.Wire.wire(Wire.java:73)
http-outgoing-50 >> "POST /session/408d3c17918aedf77d102f992aa918b8/elements HTTP/1.1[\r][\n]"
[DEBUG] 2017-07-05 17:07:34,766 method:org.apache.http.impl.conn.Wire.wire(Wire.java:73)
http-outgoing-50 >> "Content-Type: application/json; charset=utf-8[\r][\n]"
[DEBUG] 2017-07-05 17:07:34,766 method:org.apache.http.impl.conn.Wire.wire(Wire.java:73)
http-outgoing-50 >> "Content-Length: 83[\r][\n]"
[DEBUG] 2017-07-05 17:07:34,767 method:org.apache.http.impl.conn.Wire.wire(Wire.java:73)
http-outgoing-50 >> "Host: localhost:23176[\r][\n]"
[DEBUG] 2017-07-05 17:07:34,767 method:org.apache.http.impl.conn.Wire.wire(Wire.java:73)
http-outgoing-50 >> "Connection: Keep-Alive[\r][\n]"
[DEBUG] 2017-07-05 17:07:34,767 method:org.apache.http.impl.conn.Wire.wire(Wire.java:73)
http-outgoing-50 >> "User-Agent: Apache-HttpClient/4.5.3 (Java/1.8.0_111)[\r][\n]"
[DEBUG] 2017-07-05 17:07:34,767 method:org.apache.http.impl.conn.Wire.wire(Wire.java:73)
http-outgoing-50 >> "Accept-Encoding: gzip,deflate[\r][\n]"
[DEBUG] 2017-07-05 17:07:34,767 method:org.apache.http.impl.conn.Wire.wire(Wire.java:73)
http-outgoing-50 >> "[\r][\n]"
[DEBUG] 2017-07-05 17:07:34,767 method:org.apache.http.impl.conn.Wire.wire(Wire.java:87)
http-outgoing-50 >> "{"using":"xpath","value":"//*[@id=\"wiseoper-content\"]/div[3]/div/div[1]/span[3]"}"
[DEBUG] 2017-07-05 17:07:34,778 method:org.apache.http.impl.conn.Wire.wire(Wire.java:73)
http-outgoing-50 << "HTTP/1.1 200 OK[\r][\n]"
[DEBUG] 2017-07-05 17:07:34,778 method:org.apache.http.impl.conn.Wire.wire(Wire.java:73)
http-outgoing-50 << "Content-Length:70[\r][\n]"
[DEBUG] 2017-07-05 17:07:34,779 method:org.apache.http.impl.conn.Wire.wire(Wire.java:73)
http-outgoing-50 << "Content-Type:application/json; charset=utf-8[\r][\n]"
[DEBUG] 2017-07-05 17:07:34,779 method:org.apache.http.impl.conn.Wire.wire(Wire.java:73)
http-outgoing-50 << "Connection:close[\r][\n]"
[DEBUG] 2017-07-05 17:07:34,779 method:org.apache.http.impl.conn.Wire.wire(Wire.java:73)
http-outgoing-50 << "[\r][\n]"
[DEBUG] 2017-07-05 17:07:34,779 method:org.apache.http.impl.conn.Wire.wire(Wire.java:87)
http-outgoing-50 << "{"sessionId":"408d3c17918aedf77d102f992aa918b8","status":0,"value":[]}"
[DEBUG] 2017-07-05 17:07:34,779 method:org.apache.http.impl.conn.LoggingManagedHttpClientConnection.onResponseReceived(LoggingManagedHttpClientConnection.java:122)
http-outgoing-50 << HTTP/1.1 200 OK
[DEBUG] 2017-07-05 17:07:34,779 method:org.apache.http.impl.conn.LoggingManagedHttpClientConnection.onResponseReceived(LoggingManagedHttpClientConnection.java:125)
http-outgoing-50 << Content-Length:70
[DEBUG] 2017-07-05 17:07:34,779 method:org.apache.http.impl.conn.LoggingManagedHttpClientConnection.onResponseReceived(LoggingManagedHttpClientConnection.java:125)
http-outgoing-50 << Content-Type:application/json; charset=utf-8
[DEBUG] 2017-07-05 17:07:34,779 method:org.apache.http.impl.conn.LoggingManagedHttpClientConnection.onResponseReceived(LoggingManagedHttpClientConnection.java:125)
http-outgoing-50 << Connection:close
[DEBUG] 2017-07-05 17:07:34,780 method:org.apache.http.impl.conn.LoggingManagedHttpClientConnection.close(LoggingManagedHttpClientConnection.java:79)
http-outgoing-50: Close connection
[DEBUG] 2017-07-05 17:07:34,780 method:org.apache.http.impl.execchain.ConnectionHolder.releaseConnection(ConnectionHolder.java:104)
Connection discarded
[DEBUG] 2017-07-05 17:07:34,780 method:org.apache.http.impl.conn.PoolingHttpClientConnectionManager.releaseConnection(PoolingHttpClientConnectionManager.java:326)
Connection released: [id: 50][route: {}->http://localhost:23176][total kept alive: 0; route allocated: 0 of 2000; total allocated: 0 of 2000]
[DEBUG] 2017-07-05 17:07:35,282 method:org.apache.http.client.protocol.RequestAddCookies.process(RequestAddCookies.java:123)
CookieSpec selected: default
[DEBUG] 2017-07-05 17:07:35,282 method:org.apache.http.client.protocol.RequestAuthCache.process(RequestAuthCache.java:77)
Auth cache not set in the context
[DEBUG] 2017-07-05 17:07:35,283 method:org.apache.http.impl.conn.PoolingHttpClientConnectionManager.requestConnection(PoolingHttpClientConnectionManager.java:255)
Connection request: [route: {}->http://localhost:23176][total kept alive: 0; route allocated: 0 of 2000; total allocated: 0 of 2000]
[DEBUG] 2017-07-05 17:07:35,283 method:org.apache.http.impl.conn.PoolingHttpClientConnectionManager.leaseConnection(PoolingHttpClientConnectionManager.java:288)
Connection leased: [id: 51][route: {}->http://localhost:23176][total kept alive: 0; route allocated: 1 of 2000; total allocated: 1 of 2000]
[DEBUG] 2017-07-05 17:07:35,284 method:org.apache.http.impl.execchain.MainClientExec.execute(MainClientExec.java:235)
Opening connection {}->http://localhost:23176
[DEBUG] 2017-07-05 17:07:35,284 method:org.apache.http.impl.conn.DefaultHttpClientConnectionOperator.connect(DefaultHttpClientConnectionOperator.java:139)
Connecting to localhost/127.0.0.1:23176
[DEBUG] 2017-07-05 17:07:35,285 method:org.apache.http.impl.conn.DefaultHttpClientConnectionOperator.connect(DefaultHttpClientConnectionOperator.java:146)
Connection established 127.0.0.1:59773<->127.0.0.1:23176
[DEBUG] 2017-07-05 17:07:35,286 method:org.apache.http.impl.conn.LoggingManagedHttpClientConnection.setSocketTimeout(LoggingManagedHttpClientConnection.java:88)
http-outgoing-51: set socket timeout to 10800000
[DEBUG] 2017-07-05 17:07:35,286 method:org.apache.http.impl.execchain.MainClientExec.execute(MainClientExec.java:256)
Executing request POST /session/408d3c17918aedf77d102f992aa918b8/elements HTTP/1.1
[DEBUG] 2017-07-05 17:07:35,286 method:org.apache.http.impl.execchain.MainClientExec.execute(MainClientExec.java:261)
Target auth state: UNCHALLENGED
[DEBUG] 2017-07-05 17:07:35,287 method:org.apache.http.impl.execchain.MainClientExec.execute(MainClientExec.java:267)
Proxy auth state: UNCHALLENGED
[DEBUG] 2017-07-05 17:07:35,287 method:org.apache.http.impl.conn.LoggingManagedHttpClientConnection.onRequestSubmitted(LoggingManagedHttpClientConnection.java:133)
http-outgoing-51 >> POST /session/408d3c17918aedf77d102f992aa918b8/elements HTTP/1.1
[DEBUG] 2017-07-05 17:07:35,287 method:org.apache.http.impl.conn.LoggingManagedHttpClientConnection.onRequestSubmitted(LoggingManagedHttpClientConnection.java:136)
http-outgoing-51 >> Content-Type: application/json; charset=utf-8
[DEBUG] 2017-07-05 17:07:35,288 method:org.apache.http.impl.conn.LoggingManagedHttpClientConnection.onRequestSubmitted(LoggingManagedHttpClientConnection.java:136)
http-outgoing-51 >> Content-Length: 83
[DEBUG] 2017-07-05 17:07:35,288 method:org.apache.http.impl.conn.LoggingManagedHttpClientConnection.onRequestSubmitted(LoggingManagedHttpClientConnection.java:136)
http-outgoing-51 >> Host: localhost:23176
[DEBUG] 2017-07-05 17:07:35,288 method:org.apache.http.impl.conn.LoggingManagedHttpClientConnection.onRequestSubmitted(LoggingManagedHttpClientConnection.java:136)
http-outgoing-51 >> Connection: Keep-Alive
[DEBUG] 2017-07-05 17:07:35,289 method:org.apache.http.impl.conn.LoggingManagedHttpClientConnection.onRequestSubmitted(LoggingManagedHttpClientConnection.java:136)
http-outgoing-51 >> User-Agent: Apache-HttpClient/4.5.3 (Java/1.8.0_111)
[DEBUG] 2017-07-05 17:07:35,289 method:org.apache.http.impl.conn.LoggingManagedHttpClientConnection.onRequestSubmitted(LoggingManagedHttpClientConnection.java:136)
http-outgoing-51 >> Accept-Encoding: gzip,deflate
[DEBUG] 2017-07-05 17:07:35,289 method:org.apache.http.impl.conn.Wire.wire(Wire.java:73)
http-outgoing-51 >> "POST /session/408d3c17918aedf77d102f992aa918b8/elements HTTP/1.1[\r][\n]"
[DEBUG] 2017-07-05 17:07:35,289 method:org.apache.http.impl.conn.Wire.wire(Wire.java:73)
http-outgoing-51 >> "Content-Type: application/json; charset=utf-8[\r][\n]"
[DEBUG] 2017-07-05 17:07:35,290 method:org.apache.http.impl.conn.Wire.wire(Wire.java:73)
http-outgoing-51 >> "Content-Length: 83[\r][\n]"
[DEBUG] 2017-07-05 17:07:35,290 method:org.apache.http.impl.conn.Wire.wire(Wire.java:73)
http-outgoing-51 >> "Host: localhost:23176[\r][\n]"
[DEBUG] 2017-07-05 17:07:35,290 method:org.apache.http.impl.conn.Wire.wire(Wire.java:73)
http-outgoing-51 >> "Connection: Keep-Alive[\r][\n]"
[DEBUG] 2017-07-05 17:07:35,291 method:org.apache.http.impl.conn.Wire.wire(Wire.java:73)
http-outgoing-51 >> "User-Agent: Apache-HttpClient/4.5.3 (Java/1.8.0_111)[\r][\n]"
[DEBUG] 2017-07-05 17:07:35,291 method:org.apache.http.impl.conn.Wire.wire(Wire.java:73)
http-outgoing-51 >> "Accept-Encoding: gzip,deflate[\r][\n]"
[DEBUG] 2017-07-05 17:07:35,291 method:org.apache.http.impl.conn.Wire.wire(Wire.java:73)
http-outgoing-51 >> "[\r][\n]"
[DEBUG] 2017-07-05 17:07:35,292 method:org.apache.http.impl.conn.Wire.wire(Wire.java:87)
http-outgoing-51 >> "{"using":"xpath","value":"//*[@id=\"wiseoper-content\"]/div[3]/div/div[1]/span[3]"}"
[DEBUG] 2017-07-05 17:07:35,310 method:org.apache.http.impl.conn.Wire.wire(Wire.java:73)
http-outgoing-51 << "HTTP/1.1 200 OK[\r][\n]"
[DEBUG] 2017-07-05 17:07:35,310 method:org.apache.http.impl.conn.Wire.wire(Wire.java:73)
http-outgoing-51 << "Content-Length:70[\r][\n]"
[DEBUG] 2017-07-05 17:07:35,310 method:org.apache.http.impl.conn.Wire.wire(Wire.java:73)
http-outgoing-51 << "Content-Type:application/json; charset=utf-8[\r][\n]"
[DEBUG] 2017-07-05 17:07:35,311 method:org.apache.http.impl.conn.Wire.wire(Wire.java:73)
http-outgoing-51 << "Connection:close[\r][\n]"
[DEBUG] 2017-07-05 17:07:35,311 method:org.apache.http.impl.conn.Wire.wire(Wire.java:73)
http-outgoing-51 << "[\r][\n]"
[DEBUG] 2017-07-05 17:07:35,311 method:org.apache.http.impl.conn.Wire.wire(Wire.java:87)
http-outgoing-51 << "{"sessionId":"408d3c17918aedf77d102f992aa918b8","status":0,"value":[]}"
[DEBUG] 2017-07-05 17:07:35,311 method:org.apache.http.impl.conn.LoggingManagedHttpClientConnection.onResponseReceived(LoggingManagedHttpClientConnection.java:122)
http-outgoing-51 << HTTP/1.1 200 OK
[DEBUG] 2017-07-05 17:07:35,311 method:org.apache.http.impl.conn.LoggingManagedHttpClientConnection.onResponseReceived(LoggingManagedHttpClientConnection.java:125)
http-outgoing-51 << Content-Length:70
[DEBUG] 2017-07-05 17:07:35,311 method:org.apache.http.impl.conn.LoggingManagedHttpClientConnection.onResponseReceived(LoggingManagedHttpClientConnection.java:125)
http-outgoing-51 << Content-Type:application/json; charset=utf-8
[DEBUG] 2017-07-05 17:07:35,311 method:org.apache.http.impl.conn.LoggingManagedHttpClientConnection.onResponseReceived(LoggingManagedHttpClientConnection.java:125)
http-outgoing-51 << Connection:close
[DEBUG] 2017-07-05 17:07:35,312 method:org.apache.http.impl.conn.LoggingManagedHttpClientConnection.close(LoggingManagedHttpClientConnection.java:79)
http-outgoing-51: Close connection
[DEBUG] 2017-07-05 17:07:35,312 method:org.apache.http.impl.execchain.ConnectionHolder.releaseConnection(ConnectionHolder.java:104)
Connection discarded
[DEBUG] 2017-07-05 17:07:35,312 method:org.apache.http.impl.conn.PoolingHttpClientConnectionManager.releaseConnection(PoolingHttpClientConnectionManager.java:326)
Connection released: [id: 51][route: {}->http://localhost:23176][total kept alive: 0; route allocated: 0 of 2000; total allocated: 0 of 2000]
[DEBUG] 2017-07-05 17:07:35,813 method:org.apache.http.client.protocol.RequestAddCookies.process(RequestAddCookies.java:123)
CookieSpec selected: default
[DEBUG] 2017-07-05 17:07:35,813 method:org.apache.http.client.protocol.RequestAuthCache.process(RequestAuthCache.java:77)
Auth cache not set in the context
[DEBUG] 2017-07-05 17:07:35,814 method:org.apache.http.impl.conn.PoolingHttpClientConnectionManager.requestConnection(PoolingHttpClientConnectionManager.java:255)
Connection request: [route: {}->http://localhost:23176][total kept alive: 0; route allocated: 0 of 2000; total allocated: 0 of 2000]
[DEBUG] 2017-07-05 17:07:35,814 method:org.apache.http.impl.conn.PoolingHttpClientConnectionManager.leaseConnection(PoolingHttpClientConnectionManager.java:288)
Connection leased: [id: 52][route: {}->http://localhost:23176][total kept alive: 0; route allocated: 1 of 2000; total allocated: 1 of 2000]
[DEBUG] 2017-07-05 17:07:35,814 method:org.apache.http.impl.execchain.MainClientExec.execute(MainClientExec.java:235)
Opening connection {}->http://localhost:23176
[DEBUG] 2017-07-05 17:07:35,814 method:org.apache.http.impl.conn.DefaultHttpClientConnectionOperator.connect(DefaultHttpClientConnectionOperator.java:139)
Connecting to localhost/127.0.0.1:23176
[DEBUG] 2017-07-05 17:07:35,815 method:org.apache.http.impl.conn.DefaultHttpClientConnectionOperator.connect(DefaultHttpClientConnectionOperator.java:146)
Connection established 127.0.0.1:59774<->127.0.0.1:23176
[DEBUG] 2017-07-05 17:07:35,815 method:org.apache.http.impl.conn.LoggingManagedHttpClientConnection.setSocketTimeout(LoggingManagedHttpClientConnection.java:88)
http-outgoing-52: set socket timeout to 10800000
[DEBUG] 2017-07-05 17:07:35,815 method:org.apache.http.impl.execchain.MainClientExec.execute(MainClientExec.java:256)
Executing request POST /session/408d3c17918aedf77d102f992aa918b8/elements HTTP/1.1
[DEBUG] 2017-07-05 17:07:35,815 method:org.apache.http.impl.execchain.MainClientExec.execute(MainClientExec.java:261)
Target auth state: UNCHALLENGED
[DEBUG] 2017-07-05 17:07:35,815 method:org.apache.http.impl.execchain.MainClientExec.execute(MainClientExec.java:267)
Proxy auth state: UNCHALLENGED
[DEBUG] 2017-07-05 17:07:35,815 method:org.apache.http.impl.conn.LoggingManagedHttpClientConnection.onRequestSubmitted(LoggingManagedHttpClientConnection.java:133)
http-outgoing-52 >> POST /session/408d3c17918aedf77d102f992aa918b8/elements HTTP/1.1
[DEBUG] 2017-07-05 17:07:35,815 method:org.apache.http.impl.conn.LoggingManagedHttpClientConnection.onRequestSubmitted(LoggingManagedHttpClientConnection.java:136)
http-outgoing-52 >> Content-Type: application/json; charset=utf-8
[DEBUG] 2017-07-05 17:07:35,816 method:org.apache.http.impl.conn.LoggingManagedHttpClientConnection.onRequestSubmitted(LoggingManagedHttpClientConnection.java:136)
http-outgoing-52 >> Content-Length: 83
[DEBUG] 2017-07-05 17:07:35,816 method:org.apache.http.impl.conn.LoggingManagedHttpClientConnection.onRequestSubmitted(LoggingManagedHttpClientConnection.java:136)
http-outgoing-52 >> Host: localhost:23176
[DEBUG] 2017-07-05 17:07:35,816 method:org.apache.http.impl.conn.LoggingManagedHttpClientConnection.onRequestSubmitted(LoggingManagedHttpClientConnection.java:136)
http-outgoing-52 >> Connection: Keep-Alive
[DEBUG] 2017-07-05 17:07:35,816 method:org.apache.http.impl.conn.LoggingManagedHttpClientConnection.onRequestSubmitted(LoggingManagedHttpClientConnection.java:136)
http-outgoing-52 >> User-Agent: Apache-HttpClient/4.5.3 (Java/1.8.0_111)
[DEBUG] 2017-07-05 17:07:35,816 method:org.apache.http.impl.conn.LoggingManagedHttpClientConnection.onRequestSubmitted(LoggingManagedHttpClientConnection.java:136)
http-outgoing-52 >> Accept-Encoding: gzip,deflate
[DEBUG] 2017-07-05 17:07:35,816 method:org.apache.http.impl.conn.Wire.wire(Wire.java:73)
http-outgoing-52 >> "POST /session/408d3c17918aedf77d102f992aa918b8/elements HTTP/1.1[\r][\n]"
[DEBUG] 2017-07-05 17:07:35,816 method:org.apache.http.impl.conn.Wire.wire(Wire.java:73)
http-outgoing-52 >> "Content-Type: application/json; charset=utf-8[\r][\n]"
[DEBUG] 2017-07-05 17:07:35,816 method:org.apache.http.impl.conn.Wire.wire(Wire.java:73)
http-outgoing-52 >> "Content-Length: 83[\r][\n]"
[DEBUG] 2017-07-05 17:07:35,816 method:org.apache.http.impl.conn.Wire.wire(Wire.java:73)
http-outgoing-52 >> "Host: localhost:23176[\r][\n]"
[DEBUG] 2017-07-05 17:07:35,816 method:org.apache.http.impl.conn.Wire.wire(Wire.java:73)
http-outgoing-52 >> "Connection: Keep-Alive[\r][\n]"
[DEBUG] 2017-07-05 17:07:35,817 method:org.apache.http.impl.conn.Wire.wire(Wire.java:73)
http-outgoing-52 >> "User-Agent: Apache-HttpClient/4.5.3 (Java/1.8.0_111)[\r][\n]"
[DEBUG] 2017-07-05 17:07:35,817 method:org.apache.http.impl.conn.Wire.wire(Wire.java:73)
http-outgoing-52 >> "Accept-Encoding: gzip,deflate[\r][\n]"
[DEBUG] 2017-07-05 17:07:35,817 method:org.apache.http.impl.conn.Wire.wire(Wire.java:73)
http-outgoing-52 >> "[\r][\n]"
[DEBUG] 2017-07-05 17:07:35,817 method:org.apache.http.impl.conn.Wire.wire(Wire.java:87)
http-outgoing-52 >> "{"using":"xpath","value":"//*[@id=\"wiseoper-content\"]/div[3]/div/div[1]/span[3]"}"
[DEBUG] 2017-07-05 17:07:35,826 method:org.apache.http.impl.conn.Wire.wire(Wire.java:73)
http-outgoing-52 << "HTTP/1.1 200 OK[\r][\n]"
[DEBUG] 2017-07-05 17:07:35,826 method:org.apache.http.impl.conn.Wire.wire(Wire.java:73)
http-outgoing-52 << "Content-Length:70[\r][\n]"
[DEBUG] 2017-07-05 17:07:35,826 method:org.apache.http.impl.conn.Wire.wire(Wire.java:73)
http-outgoing-52 << "Content-Type:application/json; charset=utf-8[\r][\n]"
[DEBUG] 2017-07-05 17:07:35,826 method:org.apache.http.impl.conn.Wire.wire(Wire.java:73)
http-outgoing-52 << "Connection:close[\r][\n]"
[DEBUG] 2017-07-05 17:07:35,826 method:org.apache.http.impl.conn.Wire.wire(Wire.java:73)
http-outgoing-52 << "[\r][\n]"
[DEBUG] 2017-07-05 17:07:35,827 method:org.apache.http.impl.conn.Wire.wire(Wire.java:87)
http-outgoing-52 << "{"sessionId":"408d3c17918aedf77d102f992aa918b8","status":0,"value":[]}"
[DEBUG] 2017-07-05 17:07:35,827 method:org.apache.http.impl.conn.LoggingManagedHttpClientConnection.onResponseReceived(LoggingManagedHttpClientConnection.java:122)
http-outgoing-52 << HTTP/1.1 200 OK
[DEBUG] 2017-07-05 17:07:35,827 method:org.apache.http.impl.conn.LoggingManagedHttpClientConnection.onResponseReceived(LoggingManagedHttpClientConnection.java:125)
http-outgoing-52 << Content-Length:70
[DEBUG] 2017-07-05 17:07:35,827 method:org.apache.http.impl.conn.LoggingManagedHttpClientConnection.onResponseReceived(LoggingManagedHttpClientConnection.java:125)
http-outgoing-52 << Content-Type:application/json; charset=utf-8
[DEBUG] 2017-07-05 17:07:35,827 method:org.apache.http.impl.conn.LoggingManagedHttpClientConnection.onResponseReceived(LoggingManagedHttpClientConnection.java:125)
http-outgoing-52 << Connection:close
[DEBUG] 2017-07-05 17:07:35,827 method:org.apache.http.impl.conn.LoggingManagedHttpClientConnection.close(LoggingManagedHttpClientConnection.java:79)
http-outgoing-52: Close connection
[DEBUG] 2017-07-05 17:07:35,827 method:org.apache.http.impl.execchain.ConnectionHolder.releaseConnection(ConnectionHolder.java:104)
Connection discarded
[DEBUG] 2017-07-05 17:07:35,828 method:org.apache.http.impl.conn.PoolingHttpClientConnectionManager.releaseConnection(PoolingHttpClientConnectionManager.java:326)
Connection released: [id: 52][route: {}->http://localhost:23176][total kept alive: 0; route allocated: 0 of 2000; total allocated: 0 of 2000]
[DEBUG] 2017-07-05 17:07:36,330 method:org.apache.http.client.protocol.RequestAddCookies.process(RequestAddCookies.java:123)
CookieSpec selected: default
[DEBUG] 2017-07-05 17:07:36,330 method:org.apache.http.client.protocol.RequestAuthCache.process(RequestAuthCache.java:77)
Auth cache not set in the context
[DEBUG] 2017-07-05 17:07:36,331 method:org.apache.http.impl.conn.PoolingHttpClientConnectionManager.requestConnection(PoolingHttpClientConnectionManager.java:255)
Connection request: [route: {}->http://localhost:23176][total kept alive: 0; route allocated: 0 of 2000; total allocated: 0 of 2000]
[DEBUG] 2017-07-05 17:07:36,331 method:org.apache.http.impl.conn.PoolingHttpClientConnectionManager.leaseConnection(PoolingHttpClientConnectionManager.java:288)
Connection leased: [id: 53][route: {}->http://localhost:23176][total kept alive: 0; route allocated: 1 of 2000; total allocated: 1 of 2000]
[DEBUG] 2017-07-05 17:07:36,331 method:org.apache.http.impl.execchain.MainClientExec.execute(MainClientExec.java:235)
Opening connection {}->http://localhost:23176
[DEBUG] 2017-07-05 17:07:36,332 method:org.apache.http.impl.conn.DefaultHttpClientConnectionOperator.connect(DefaultHttpClientConnectionOperator.java:139)
Connecting to localhost/127.0.0.1:23176
[DEBUG] 2017-07-05 17:07:36,333 method:org.apache.http.impl.conn.DefaultHttpClientConnectionOperator.connect(DefaultHttpClientConnectionOperator.java:146)
Connection established 127.0.0.1:59775<->127.0.0.1:23176
[DEBUG] 2017-07-05 17:07:36,333 method:org.apache.http.impl.conn.LoggingManagedHttpClientConnection.setSocketTimeout(LoggingManagedHttpClientConnection.java:88)
http-outgoing-53: set socket timeout to 10800000
[DEBUG] 2017-07-05 17:07:36,334 method:org.apache.http.impl.execchain.MainClientExec.execute(MainClientExec.java:256)
Executing request POST /session/408d3c17918aedf77d102f992aa918b8/elements HTTP/1.1
[DEBUG] 2017-07-05 17:07:36,334 method:org.apache.http.impl.execchain.MainClientExec.execute(MainClientExec.java:261)
Target auth state: UNCHALLENGED
[DEBUG] 2017-07-05 17:07:36,334 method:org.apache.http.impl.execchain.MainClientExec.execute(MainClientExec.java:267)
Proxy auth state: UNCHALLENGED
[DEBUG] 2017-07-05 17:07:36,335 method:org.apache.http.impl.conn.LoggingManagedHttpClientConnection.onRequestSubmitted(LoggingManagedHttpClientConnection.java:133)
http-outgoing-53 >> POST /session/408d3c17918aedf77d102f992aa918b8/elements HTTP/1.1
[DEBUG] 2017-07-05 17:07:36,335 method:org.apache.http.impl.conn.LoggingManagedHttpClientConnection.onRequestSubmitted(LoggingManagedHttpClientConnection.java:136)
http-outgoing-53 >> Content-Type: application/json; charset=utf-8
[DEBUG] 2017-07-05 17:07:36,335 method:org.apache.http.impl.conn.LoggingManagedHttpClientConnection.onRequestSubmitted(LoggingManagedHttpClientConnection.java:136)
http-outgoing-53 >> Content-Length: 83
[DEBUG] 2017-07-05 17:07:36,336 method:org.apache.http.impl.conn.LoggingManagedHttpClientConnection.onRequestSubmitted(LoggingManagedHttpClientConnection.java:136)
http-outgoing-53 >> Host: localhost:23176
[DEBUG] 2017-07-05 17:07:36,336 method:org.apache.http.impl.conn.LoggingManagedHttpClientConnection.onRequestSubmitted(LoggingManagedHttpClientConnection.java:136)
http-outgoing-53 >> Connection: Keep-Alive
[DEBUG] 2017-07-05 17:07:36,336 method:org.apache.http.impl.conn.LoggingManagedHttpClientConnection.onRequestSubmitted(LoggingManagedHttpClientConnection.java:136)
http-outgoing-53 >> User-Agent: Apache-HttpClient/4.5.3 (Java/1.8.0_111)
[DEBUG] 2017-07-05 17:07:36,336 method:org.apache.http.impl.conn.LoggingManagedHttpClientConnection.onRequestSubmitted(LoggingManagedHttpClientConnection.java:136)
http-outgoing-53 >> Accept-Encoding: gzip,deflate
[DEBUG] 2017-07-05 17:07:36,337 method:org.apache.http.impl.conn.Wire.wire(Wire.java:73)
http-outgoing-53 >> "POST /session/408d3c17918aedf77d102f992aa918b8/elements HTTP/1.1[\r][\n]"
[DEBUG] 2017-07-05 17:07:36,337 method:org.apache.http.impl.conn.Wire.wire(Wire.java:73)
http-outgoing-53 >> "Content-Type: application/json; charset=utf-8[\r][\n]"
[DEBUG] 2017-07-05 17:07:36,337 method:org.apache.http.impl.conn.Wire.wire(Wire.java:73)
http-outgoing-53 >> "Content-Length: 83[\r][\n]"
[DEBUG] 2017-07-05 17:07:36,337 method:org.apache.http.impl.conn.Wire.wire(Wire.java:73)
http-outgoing-53 >> "Host: localhost:23176[\r][\n]"
[DEBUG] 2017-07-05 17:07:36,338 method:org.apache.http.impl.conn.Wire.wire(Wire.java:73)
http-outgoing-53 >> "Connection: Keep-Alive[\r][\n]"
[DEBUG] 2017-07-05 17:07:36,338 method:org.apache.http.impl.conn.Wire.wire(Wire.java:73)
http-outgoing-53 >> "User-Agent: Apache-HttpClient/4.5.3 (Java/1.8.0_111)[\r][\n]"
[DEBUG] 2017-07-05 17:07:36,338 method:org.apache.http.impl.conn.Wire.wire(Wire.java:73)
http-outgoing-53 >> "Accept-Encoding: gzip,deflate[\r][\n]"
[DEBUG] 2017-07-05 17:07:36,338 method:org.apache.http.impl.conn.Wire.wire(Wire.java:73)
http-outgoing-53 >> "[\r][\n]"
[DEBUG] 2017-07-05 17:07:36,339 method:org.apache.http.impl.conn.Wire.wire(Wire.java:87)
http-outgoing-53 >> "{"using":"xpath","value":"//*[@id=\"wiseoper-content\"]/div[3]/div/div[1]/span[3]"}"
[DEBUG] 2017-07-05 17:07:36,356 method:org.apache.http.impl.conn.Wire.wire(Wire.java:73)
http-outgoing-53 << "HTTP/1.1 200 OK[\r][\n]"
[DEBUG] 2017-07-05 17:07:36,356 method:org.apache.http.impl.conn.Wire.wire(Wire.java:73)
http-outgoing-53 << "Content-Length:70[\r][\n]"
[DEBUG] 2017-07-05 17:07:36,357 method:org.apache.http.impl.conn.Wire.wire(Wire.java:73)
http-outgoing-53 << "Content-Type:application/json; charset=utf-8[\r][\n]"
[DEBUG] 2017-07-05 17:07:36,357 method:org.apache.http.impl.conn.Wire.wire(Wire.java:73)
http-outgoing-53 << "Connection:close[\r][\n]"
[DEBUG] 2017-07-05 17:07:36,357 method:org.apache.http.impl.conn.Wire.wire(Wire.java:73)
http-outgoing-53 << "[\r][\n]"
[DEBUG] 2017-07-05 17:07:36,357 method:org.apache.http.impl.conn.Wire.wire(Wire.java:87)
http-outgoing-53 << "{"sessionId":"408d3c17918aedf77d102f992aa918b8","status":0,"value":[]}"
[DEBUG] 2017-07-05 17:07:36,357 method:org.apache.http.impl.conn.LoggingManagedHttpClientConnection.onResponseReceived(LoggingManagedHttpClientConnection.java:122)
http-outgoing-53 << HTTP/1.1 200 OK
[DEBUG] 2017-07-05 17:07:36,357 method:org.apache.http.impl.conn.LoggingManagedHttpClientConnection.onResponseReceived(LoggingManagedHttpClientConnection.java:125)
http-outgoing-53 << Content-Length:70
[DEBUG] 2017-07-05 17:07:36,358 method:org.apache.http.impl.conn.LoggingManagedHttpClientConnection.onResponseReceived(LoggingManagedHttpClientConnection.java:125)
http-outgoing-53 << Content-Type:application/json; charset=utf-8
[DEBUG] 2017-07-05 17:07:36,358 method:org.apache.http.impl.conn.LoggingManagedHttpClientConnection.onResponseReceived(LoggingManagedHttpClientConnection.java:125)
http-outgoing-53 << Connection:close
[DEBUG] 2017-07-05 17:07:36,358 method:org.apache.http.impl.conn.LoggingManagedHttpClientConnection.close(LoggingManagedHttpClientConnection.java:79)
http-outgoing-53: Close connection
[DEBUG] 2017-07-05 17:07:36,358 method:org.apache.http.impl.execchain.ConnectionHolder.releaseConnection(ConnectionHolder.java:104)
Connection discarded
[DEBUG] 2017-07-05 17:07:36,358 method:org.apache.http.impl.conn.PoolingHttpClientConnectionManager.releaseConnection(PoolingHttpClientConnectionManager.java:326)
Connection released: [id: 53][route: {}->http://localhost:23176][total kept alive: 0; route allocated: 0 of 2000; total allocated: 0 of 2000]
[DEBUG] 2017-07-05 17:07:36,860 method:org.apache.http.client.protocol.RequestAddCookies.process(RequestAddCookies.java:123)
CookieSpec selected: default
[DEBUG] 2017-07-05 17:07:36,860 method:org.apache.http.client.protocol.RequestAuthCache.process(RequestAuthCache.java:77)
Auth cache not set in the context
[DEBUG] 2017-07-05 17:07:36,861 method:org.apache.http.impl.conn.PoolingHttpClientConnectionManager.requestConnection(PoolingHttpClientConnectionManager.java:255)
Connection request: [route: {}->http://localhost:23176][total kept alive: 0; route allocated: 0 of 2000; total allocated: 0 of 2000]
[DEBUG] 2017-07-05 17:07:36,861 method:org.apache.http.impl.conn.PoolingHttpClientConnectionManager.leaseConnection(PoolingHttpClientConnectionManager.java:288)
Connection leased: [id: 54][route: {}->http://localhost:23176][total kept alive: 0; route allocated: 1 of 2000; total allocated: 1 of 2000]
[DEBUG] 2017-07-05 17:07:36,861 method:org.apache.http.impl.execchain.MainClientExec.execute(MainClientExec.java:235)
Opening connection {}->http://localhost:23176
[DEBUG] 2017-07-05 17:07:36,861 method:org.apache.http.impl.conn.DefaultHttpClientConnectionOperator.connect(DefaultHttpClientConnectionOperator.java:139)
Connecting to localhost/127.0.0.1:23176
[DEBUG] 2017-07-05 17:07:36,862 method:org.apache.http.impl.conn.DefaultHttpClientConnectionOperator.connect(DefaultHttpClientConnectionOperator.java:146)
Connection established 127.0.0.1:59776<->127.0.0.1:23176
[DEBUG] 2017-07-05 17:07:36,862 method:org.apache.http.impl.conn.LoggingManagedHttpClientConnection.setSocketTimeout(LoggingManagedHttpClientConnection.java:88)
http-outgoing-54: set socket timeout to 10800000
[DEBUG] 2017-07-05 17:07:36,862 method:org.apache.http.impl.execchain.MainClientExec.execute(MainClientExec.java:256)
Executing request POST /session/408d3c17918aedf77d102f992aa918b8/elements HTTP/1.1
[DEBUG] 2017-07-05 17:07:36,862 method:org.apache.http.impl.execchain.MainClientExec.execute(MainClientExec.java:261)
Target auth state: UNCHALLENGED
[DEBUG] 2017-07-05 17:07:36,862 method:org.apache.http.impl.execchain.MainClientExec.execute(MainClientExec.java:267)
Proxy auth state: UNCHALLENGED
[DEBUG] 2017-07-05 17:07:36,862 method:org.apache.http.impl.conn.LoggingManagedHttpClientConnection.onRequestSubmitted(LoggingManagedHttpClientConnection.java:133)
http-outgoing-54 >> POST /session/408d3c17918aedf77d102f992aa918b8/elements HTTP/1.1
[DEBUG] 2017-07-05 17:07:36,862 method:org.apache.http.impl.conn.LoggingManagedHttpClientConnection.onRequestSubmitted(LoggingManagedHttpClientConnection.java:136)
http-outgoing-54 >> Content-Type: application/json; charset=utf-8
[DEBUG] 2017-07-05 17:07:36,863 method:org.apache.http.impl.conn.LoggingManagedHttpClientConnection.onRequestSubmitted(LoggingManagedHttpClientConnection.java:136)
http-outgoing-54 >> Content-Length: 83
[DEBUG] 2017-07-05 17:07:36,863 method:org.apache.http.impl.conn.LoggingManagedHttpClientConnection.onRequestSubmitted(LoggingManagedHttpClientConnection.java:136)
http-outgoing-54 >> Host: localhost:23176
[DEBUG] 2017-07-05 17:07:36,863 method:org.apache.http.impl.conn.LoggingManagedHttpClientConnection.onRequestSubmitted(LoggingManagedHttpClientConnection.java:136)
http-outgoing-54 >> Connection: Keep-Alive
[DEBUG] 2017-07-05 17:07:36,863 method:org.apache.http.impl.conn.LoggingManagedHttpClientConnection.onRequestSubmitted(LoggingManagedHttpClientConnection.java:136)
http-outgoing-54 >> User-Agent: Apache-HttpClient/4.5.3 (Java/1.8.0_111)
[DEBUG] 2017-07-05 17:07:36,863 method:org.apache.http.impl.conn.LoggingManagedHttpClientConnection.onRequestSubmitted(LoggingManagedHttpClientConnection.java:136)
http-outgoing-54 >> Accept-Encoding: gzip,deflate
[DEBUG] 2017-07-05 17:07:36,863 method:org.apache.http.impl.conn.Wire.wire(Wire.java:73)
http-outgoing-54 >> "POST /session/408d3c17918aedf77d102f992aa918b8/elements HTTP/1.1[\r][\n]"
[DEBUG] 2017-07-05 17:07:36,863 method:org.apache.http.impl.conn.Wire.wire(Wire.java:73)
http-outgoing-54 >> "Content-Type: application/json; charset=utf-8[\r][\n]"
[DEBUG] 2017-07-05 17:07:36,863 method:org.apache.http.impl.conn.Wire.wire(Wire.java:73)
http-outgoing-54 >> "Content-Length: 83[\r][\n]"
[DEBUG] 2017-07-05 17:07:36,864 method:org.apache.http.impl.conn.Wire.wire(Wire.java:73)
http-outgoing-54 >> "Host: localhost:23176[\r][\n]"
[DEBUG] 2017-07-05 17:07:36,864 method:org.apache.http.impl.conn.Wire.wire(Wire.java:73)
http-outgoing-54 >> "Connection: Keep-Alive[\r][\n]"
[DEBUG] 2017-07-05 17:07:36,864 method:org.apache.http.impl.conn.Wire.wire(Wire.java:73)
http-outgoing-54 >> "User-Agent: Apache-HttpClient/4.5.3 (Java/1.8.0_111)[\r][\n]"
[DEBUG] 2017-07-05 17:07:36,864 method:org.apache.http.impl.conn.Wire.wire(Wire.java:73)
http-outgoing-54 >> "Accept-Encoding: gzip,deflate[\r][\n]"
[DEBUG] 2017-07-05 17:07:36,864 method:org.apache.http.impl.conn.Wire.wire(Wire.java:73)
http-outgoing-54 >> "[\r][\n]"
[DEBUG] 2017-07-05 17:07:36,864 method:org.apache.http.impl.conn.Wire.wire(Wire.java:87)
http-outgoing-54 >> "{"using":"xpath","value":"//*[@id=\"wiseoper-content\"]/div[3]/div/div[1]/span[3]"}"
[DEBUG] 2017-07-05 17:07:36,874 method:org.apache.http.impl.conn.Wire.wire(Wire.java:73)
http-outgoing-54 << "HTTP/1.1 200 OK[\r][\n]"
[DEBUG] 2017-07-05 17:07:36,875 method:org.apache.http.impl.conn.Wire.wire(Wire.java:73)
http-outgoing-54 << "Content-Length:70[\r][\n]"
[DEBUG] 2017-07-05 17:07:36,875 method:org.apache.http.impl.conn.Wire.wire(Wire.java:73)
http-outgoing-54 << "Content-Type:application/json; charset=utf-8[\r][\n]"
[DEBUG] 2017-07-05 17:07:36,875 method:org.apache.http.impl.conn.Wire.wire(Wire.java:73)
http-outgoing-54 << "Connection:close[\r][\n]"
[DEBUG] 2017-07-05 17:07:36,875 method:org.apache.http.impl.conn.Wire.wire(Wire.java:73)
http-outgoing-54 << "[\r][\n]"
[DEBUG] 2017-07-05 17:07:36,875 method:org.apache.http.impl.conn.Wire.wire(Wire.java:87)
http-outgoing-54 << "{"sessionId":"408d3c17918aedf77d102f992aa918b8","status":0,"value":[]}"
[DEBUG] 2017-07-05 17:07:36,875 method:org.apache.http.impl.conn.LoggingManagedHttpClientConnection.onResponseReceived(LoggingManagedHttpClientConnection.java:122)
http-outgoing-54 << HTTP/1.1 200 OK
[DEBUG] 2017-07-05 17:07:36,875 method:org.apache.http.impl.conn.LoggingManagedHttpClientConnection.onResponseReceived(LoggingManagedHttpClientConnection.java:125)
http-outgoing-54 << Content-Length:70
[DEBUG] 2017-07-05 17:07:36,876 method:org.apache.http.impl.conn.LoggingManagedHttpClientConnection.onResponseReceived(LoggingManagedHttpClientConnection.java:125)
http-outgoing-54 << Content-Type:application/json; charset=utf-8
[DEBUG] 2017-07-05 17:07:36,876 method:org.apache.http.impl.conn.LoggingManagedHttpClientConnection.onResponseReceived(LoggingManagedHttpClientConnection.java:125)
http-outgoing-54 << Connection:close
[DEBUG] 2017-07-05 17:07:36,876 method:org.apache.http.impl.conn.LoggingManagedHttpClientConnection.close(LoggingManagedHttpClientConnection.java:79)
http-outgoing-54: Close connection
[DEBUG] 2017-07-05 17:07:36,876 method:org.apache.http.impl.execchain.ConnectionHolder.releaseConnection(ConnectionHolder.java:104)
Connection discarded
[DEBUG] 2017-07-05 17:07:36,877 method:org.apache.http.impl.conn.PoolingHttpClientConnectionManager.releaseConnection(PoolingHttpClientConnectionManager.java:326)
Connection released: [id: 54][route: {}->http://localhost:23176][total kept alive: 0; route allocated: 0 of 2000; total allocated: 0 of 2000]
[DEBUG] 2017-07-05 17:07:37,379 method:org.apache.http.client.protocol.RequestAddCookies.process(RequestAddCookies.java:123)
CookieSpec selected: default
[DEBUG] 2017-07-05 17:07:37,379 method:org.apache.http.client.protocol.RequestAuthCache.process(RequestAuthCache.java:77)
Auth cache not set in the context
[DEBUG] 2017-07-05 17:07:37,380 method:org.apache.http.impl.conn.PoolingHttpClientConnectionManager.requestConnection(PoolingHttpClientConnectionManager.java:255)
Connection request: [route: {}->http://localhost:23176][total kept alive: 0; route allocated: 0 of 2000; total allocated: 0 of 2000]
[DEBUG] 2017-07-05 17:07:37,380 method:org.apache.http.impl.conn.PoolingHttpClientConnectionManager.leaseConnection(PoolingHttpClientConnectionManager.java:288)
Connection leased: [id: 55][route: {}->http://localhost:23176][total kept alive: 0; route allocated: 1 of 2000; total allocated: 1 of 2000]
[DEBUG] 2017-07-05 17:07:37,381 method:org.apache.http.impl.execchain.MainClientExec.execute(MainClientExec.java:235)
Opening connection {}->http://localhost:23176
[DEBUG] 2017-07-05 17:07:37,381 method:org.apache.http.impl.conn.DefaultHttpClientConnectionOperator.connect(DefaultHttpClientConnectionOperator.java:139)
Connecting to localhost/127.0.0.1:23176
[DEBUG] 2017-07-05 17:07:37,383 method:org.apache.http.impl.conn.DefaultHttpClientConnectionOperator.connect(DefaultHttpClientConnectionOperator.java:146)
Connection established 127.0.0.1:59777<->127.0.0.1:23176
[DEBUG] 2017-07-05 17:07:37,384 method:org.apache.http.impl.conn.LoggingManagedHttpClientConnection.setSocketTimeout(LoggingManagedHttpClientConnection.java:88)
http-outgoing-55: set socket timeout to 10800000
[DEBUG] 2017-07-05 17:07:37,384 method:org.apache.http.impl.execchain.MainClientExec.execute(MainClientExec.java:256)
Executing request POST /session/408d3c17918aedf77d102f992aa918b8/elements HTTP/1.1
[DEBUG] 2017-07-05 17:07:37,384 method:org.apache.http.impl.execchain.MainClientExec.execute(MainClientExec.java:261)
Target auth state: UNCHALLENGED
[DEBUG] 2017-07-05 17:07:37,385 method:org.apache.http.impl.execchain.MainClientExec.execute(MainClientExec.java:267)
Proxy auth state: UNCHALLENGED
[DEBUG] 2017-07-05 17:07:37,385 method:org.apache.http.impl.conn.LoggingManagedHttpClientConnection.onRequestSubmitted(LoggingManagedHttpClientConnection.java:133)
http-outgoing-55 >> POST /session/408d3c17918aedf77d102f992aa918b8/elements HTTP/1.1
[DEBUG] 2017-07-05 17:07:37,386 method:org.apache.http.impl.conn.LoggingManagedHttpClientConnection.onRequestSubmitted(LoggingManagedHttpClientConnection.java:136)
http-outgoing-55 >> Content-Type: application/json; charset=utf-8
[DEBUG] 2017-07-05 17:07:37,386 method:org.apache.http.impl.conn.LoggingManagedHttpClientConnection.onRequestSubmitted(LoggingManagedHttpClientConnection.java:136)
http-outgoing-55 >> Content-Length: 83
[DEBUG] 2017-07-05 17:07:37,386 method:org.apache.http.impl.conn.LoggingManagedHttpClientConnection.onRequestSubmitted(LoggingManagedHttpClientConnection.java:136)
http-outgoing-55 >> Host: localhost:23176
[DEBUG] 2017-07-05 17:07:37,387 method:org.apache.http.impl.conn.LoggingManagedHttpClientConnection.onRequestSubmitted(LoggingManagedHttpClientConnection.java:136)
http-outgoing-55 >> Connection: Keep-Alive
[DEBUG] 2017-07-05 17:07:37,387 method:org.apache.http.impl.conn.LoggingManagedHttpClientConnection.onRequestSubmitted(LoggingManagedHttpClientConnection.java:136)
http-outgoing-55 >> User-Agent: Apache-HttpClient/4.5.3 (Java/1.8.0_111)
[DEBUG] 2017-07-05 17:07:37,387 method:org.apache.http.impl.conn.LoggingManagedHttpClientConnection.onRequestSubmitted(LoggingManagedHttpClientConnection.java:136)
http-outgoing-55 >> Accept-Encoding: gzip,deflate
[DEBUG] 2017-07-05 17:07:37,388 method:org.apache.http.impl.conn.Wire.wire(Wire.java:73)
http-outgoing-55 >> "POST /session/408d3c17918aedf77d102f992aa918b8/elements HTTP/1.1[\r][\n]"
[DEBUG] 2017-07-05 17:07:37,388 method:org.apache.http.impl.conn.Wire.wire(Wire.java:73)
http-outgoing-55 >> "Content-Type: application/json; charset=utf-8[\r][\n]"
[DEBUG] 2017-07-05 17:07:37,388 method:org.apache.http.impl.conn.Wire.wire(Wire.java:73)
http-outgoing-55 >> "Content-Length: 83[\r][\n]"
[DEBUG] 2017-07-05 17:07:37,389 method:org.apache.http.impl.conn.Wire.wire(Wire.java:73)
http-outgoing-55 >> "Host: localhost:23176[\r][\n]"
[DEBUG] 2017-07-05 17:07:37,389 method:org.apache.http.impl.conn.Wire.wire(Wire.java:73)
http-outgoing-55 >> "Connection: Keep-Alive[\r][\n]"
[DEBUG] 2017-07-05 17:07:37,389 method:org.apache.http.impl.conn.Wire.wire(Wire.java:73)
http-outgoing-55 >> "User-Agent: Apache-HttpClient/4.5.3 (Java/1.8.0_111)[\r][\n]"
[DEBUG] 2017-07-05 17:07:37,390 method:org.apache.http.impl.conn.Wire.wire(Wire.java:73)
http-outgoing-55 >> "Accept-Encoding: gzip,deflate[\r][\n]"
[DEBUG] 2017-07-05 17:07:37,390 method:org.apache.http.impl.conn.Wire.wire(Wire.java:73)
http-outgoing-55 >> "[\r][\n]"
[DEBUG] 2017-07-05 17:07:37,390 method:org.apache.http.impl.conn.Wire.wire(Wire.java:87)
http-outgoing-55 >> "{"using":"xpath","value":"//*[@id=\"wiseoper-content\"]/div[3]/div/div[1]/span[3]"}"
[DEBUG] 2017-07-05 17:07:37,408 method:org.apache.http.impl.conn.Wire.wire(Wire.java:73)
http-outgoing-55 << "HTTP/1.1 200 OK[\r][\n]"
[DEBUG] 2017-07-05 17:07:37,409 method:org.apache.http.impl.conn.Wire.wire(Wire.java:73)
http-outgoing-55 << "Content-Length:70[\r][\n]"
[DEBUG] 2017-07-05 17:07:37,409 method:org.apache.http.impl.conn.Wire.wire(Wire.java:73)
http-outgoing-55 << "Content-Type:application/json; charset=utf-8[\r][\n]"
[DEBUG] 2017-07-05 17:07:37,409 method:org.apache.http.impl.conn.Wire.wire(Wire.java:73)
http-outgoing-55 << "Connection:close[\r][\n]"
[DEBUG] 2017-07-05 17:07:37,409 method:org.apache.http.impl.conn.Wire.wire(Wire.java:73)
http-outgoing-55 << "[\r][\n]"
[DEBUG] 2017-07-05 17:07:37,409 method:org.apache.http.impl.conn.Wire.wire(Wire.java:87)
http-outgoing-55 << "{"sessionId":"408d3c17918aedf77d102f992aa918b8","status":0,"value":[]}"
[DEBUG] 2017-07-05 17:07:37,410 method:org.apache.http.impl.conn.LoggingManagedHttpClientConnection.onResponseReceived(LoggingManagedHttpClientConnection.java:122)
http-outgoing-55 << HTTP/1.1 200 OK
[DEBUG] 2017-07-05 17:07:37,410 method:org.apache.http.impl.conn.LoggingManagedHttpClientConnection.onResponseReceived(LoggingManagedHttpClientConnection.java:125)
http-outgoing-55 << Content-Length:70
[DEBUG] 2017-07-05 17:07:37,410 method:org.apache.http.impl.conn.LoggingManagedHttpClientConnection.onResponseReceived(LoggingManagedHttpClientConnection.java:125)
http-outgoing-55 << Content-Type:application/json; charset=utf-8
[DEBUG] 2017-07-05 17:07:37,410 method:org.apache.http.impl.conn.LoggingManagedHttpClientConnection.onResponseReceived(LoggingManagedHttpClientConnection.java:125)
http-outgoing-55 << Connection:close
[DEBUG] 2017-07-05 17:07:37,410 method:org.apache.http.impl.conn.LoggingManagedHttpClientConnection.close(LoggingManagedHttpClientConnection.java:79)
http-outgoing-55: Close connection
[DEBUG] 2017-07-05 17:07:37,411 method:org.apache.http.impl.execchain.ConnectionHolder.releaseConnection(ConnectionHolder.java:104)
Connection discarded
[DEBUG] 2017-07-05 17:07:37,411 method:org.apache.http.impl.conn.PoolingHttpClientConnectionManager.releaseConnection(PoolingHttpClientConnectionManager.java:326)
Connection released: [id: 55][route: {}->http://localhost:23176][total kept alive: 0; route allocated: 0 of 2000; total allocated: 0 of 2000]
[DEBUG] 2017-07-05 17:07:37,913 method:org.apache.http.client.protocol.RequestAddCookies.process(RequestAddCookies.java:123)
CookieSpec selected: default
[DEBUG] 2017-07-05 17:07:37,913 method:org.apache.http.client.protocol.RequestAuthCache.process(RequestAuthCache.java:77)
Auth cache not set in the context
[DEBUG] 2017-07-05 17:07:37,914 method:org.apache.http.impl.conn.PoolingHttpClientConnectionManager.requestConnection(PoolingHttpClientConnectionManager.java:255)
Connection request: [route: {}->http://localhost:23176][total kept alive: 0; route allocated: 0 of 2000; total allocated: 0 of 2000]
[DEBUG] 2017-07-05 17:07:37,914 method:org.apache.http.impl.conn.PoolingHttpClientConnectionManager.leaseConnection(PoolingHttpClientConnectionManager.java:288)
Connection leased: [id: 56][route: {}->http://localhost:23176][total kept alive: 0; route allocated: 1 of 2000; total allocated: 1 of 2000]
[DEBUG] 2017-07-05 17:07:37,914 method:org.apache.http.impl.execchain.MainClientExec.execute(MainClientExec.java:235)
Opening connection {}->http://localhost:23176
[DEBUG] 2017-07-05 17:07:37,915 method:org.apache.http.impl.conn.DefaultHttpClientConnectionOperator.connect(DefaultHttpClientConnectionOperator.java:139)
Connecting to localhost/127.0.0.1:23176
[DEBUG] 2017-07-05 17:07:37,916 method:org.apache.http.impl.conn.DefaultHttpClientConnectionOperator.connect(DefaultHttpClientConnectionOperator.java:146)
Connection established 127.0.0.1:59778<->127.0.0.1:23176
[DEBUG] 2017-07-05 17:07:37,916 method:org.apache.http.impl.conn.LoggingManagedHttpClientConnection.setSocketTimeout(LoggingManagedHttpClientConnection.java:88)
http-outgoing-56: set socket timeout to 10800000
[DEBUG] 2017-07-05 17:07:37,917 method:org.apache.http.impl.execchain.MainClientExec.execute(MainClientExec.java:256)
Executing request POST /session/408d3c17918aedf77d102f992aa918b8/elements HTTP/1.1
[DEBUG] 2017-07-05 17:07:37,917 method:org.apache.http.impl.execchain.MainClientExec.execute(MainClientExec.java:261)
Target auth state: UNCHALLENGED
[DEBUG] 2017-07-05 17:07:37,917 method:org.apache.http.impl.execchain.MainClientExec.execute(MainClientExec.java:267)
Proxy auth state: UNCHALLENGED
[DEBUG] 2017-07-05 17:07:37,918 method:org.apache.http.impl.conn.LoggingManagedHttpClientConnection.onRequestSubmitted(LoggingManagedHttpClientConnection.java:133)
http-outgoing-56 >> POST /session/408d3c17918aedf77d102f992aa918b8/elements HTTP/1.1
[DEBUG] 2017-07-05 17:07:37,918 method:org.apache.http.impl.conn.LoggingManagedHttpClientConnection.onRequestSubmitted(LoggingManagedHttpClientConnection.java:136)
http-outgoing-56 >> Content-Type: application/json; charset=utf-8
[DEBUG] 2017-07-05 17:07:37,918 method:org.apache.http.impl.conn.LoggingManagedHttpClientConnection.onRequestSubmitted(LoggingManagedHttpClientConnection.java:136)
http-outgoing-56 >> Content-Length: 83
[DEBUG] 2017-07-05 17:07:37,919 method:org.apache.http.impl.conn.LoggingManagedHttpClientConnection.onRequestSubmitted(LoggingManagedHttpClientConnection.java:136)
http-outgoing-56 >> Host: localhost:23176
[DEBUG] 2017-07-05 17:07:37,919 method:org.apache.http.impl.conn.LoggingManagedHttpClientConnection.onRequestSubmitted(LoggingManagedHttpClientConnection.java:136)
http-outgoing-56 >> Connection: Keep-Alive
[DEBUG] 2017-07-05 17:07:37,919 method:org.apache.http.impl.conn.LoggingManagedHttpClientConnection.onRequestSubmitted(LoggingManagedHttpClientConnection.java:136)
http-outgoing-56 >> User-Agent: Apache-HttpClient/4.5.3 (Java/1.8.0_111)
[DEBUG] 2017-07-05 17:07:37,919 method:org.apache.http.impl.conn.LoggingManagedHttpClientConnection.onRequestSubmitted(LoggingManagedHttpClientConnection.java:136)
http-outgoing-56 >> Accept-Encoding: gzip,deflate
[DEBUG] 2017-07-05 17:07:37,920 method:org.apache.http.impl.conn.Wire.wire(Wire.java:73)
http-outgoing-56 >> "POST /session/408d3c17918aedf77d102f992aa918b8/elements HTTP/1.1[\r][\n]"
[DEBUG] 2017-07-05 17:07:37,920 method:org.apache.http.impl.conn.Wire.wire(Wire.java:73)
http-outgoing-56 >> "Content-Type: application/json; charset=utf-8[\r][\n]"
[DEBUG] 2017-07-05 17:07:37,920 method:org.apache.http.impl.conn.Wire.wire(Wire.java:73)
http-outgoing-56 >> "Content-Length: 83[\r][\n]"
[DEBUG] 2017-07-05 17:07:37,920 method:org.apache.http.impl.conn.Wire.wire(Wire.java:73)
http-outgoing-56 >> "Host: localhost:23176[\r][\n]"
[DEBUG] 2017-07-05 17:07:37,921 method:org.apache.http.impl.conn.Wire.wire(Wire.java:73)
http-outgoing-56 >> "Connection: Keep-Alive[\r][\n]"
[DEBUG] 2017-07-05 17:07:37,921 method:org.apache.http.impl.conn.Wire.wire(Wire.java:73)
http-outgoing-56 >> "User-Agent: Apache-HttpClient/4.5.3 (Java/1.8.0_111)[\r][\n]"
[DEBUG] 2017-07-05 17:07:37,921 method:org.apache.http.impl.conn.Wire.wire(Wire.java:73)
http-outgoing-56 >> "Accept-Encoding: gzip,deflate[\r][\n]"
[DEBUG] 2017-07-05 17:07:37,921 method:org.apache.http.impl.conn.Wire.wire(Wire.java:73)
http-outgoing-56 >> "[\r][\n]"
[DEBUG] 2017-07-05 17:07:37,922 method:org.apache.http.impl.conn.Wire.wire(Wire.java:87)
http-outgoing-56 >> "{"using":"xpath","value":"//*[@id=\"wiseoper-content\"]/div[3]/div/div[1]/span[3]"}"
[DEBUG] 2017-07-05 17:07:37,941 method:org.apache.http.impl.conn.Wire.wire(Wire.java:73)
http-outgoing-56 << "HTTP/1.1 200 OK[\r][\n]"
[DEBUG] 2017-07-05 17:07:37,942 method:org.apache.http.impl.conn.Wire.wire(Wire.java:73)
http-outgoing-56 << "Content-Length:70[\r][\n]"
[DEBUG] 2017-07-05 17:07:37,942 method:org.apache.http.impl.conn.Wire.wire(Wire.java:73)
http-outgoing-56 << "Content-Type:application/json; charset=utf-8[\r][\n]"
[DEBUG] 2017-07-05 17:07:37,942 method:org.apache.http.impl.conn.Wire.wire(Wire.java:73)
http-outgoing-56 << "Connection:close[\r][\n]"
[DEBUG] 2017-07-05 17:07:37,942 method:org.apache.http.impl.conn.Wire.wire(Wire.java:73)
http-outgoing-56 << "[\r][\n]"
[DEBUG] 2017-07-05 17:07:37,943 method:org.apache.http.impl.conn.Wire.wire(Wire.java:87)
http-outgoing-56 << "{"sessionId":"408d3c17918aedf77d102f992aa918b8","status":0,"value":[]}"
[DEBUG] 2017-07-05 17:07:37,943 method:org.apache.http.impl.conn.LoggingManagedHttpClientConnection.onResponseReceived(LoggingManagedHttpClientConnection.java:122)
http-outgoing-56 << HTTP/1.1 200 OK
[DEBUG] 2017-07-05 17:07:37,943 method:org.apache.http.impl.conn.LoggingManagedHttpClientConnection.onResponseReceived(LoggingManagedHttpClientConnection.java:125)
http-outgoing-56 << Content-Length:70
[DEBUG] 2017-07-05 17:07:37,944 method:org.apache.http.impl.conn.LoggingManagedHttpClientConnection.onResponseReceived(LoggingManagedHttpClientConnection.java:125)
http-outgoing-56 << Content-Type:application/json; charset=utf-8
[DEBUG] 2017-07-05 17:07:37,944 method:org.apache.http.impl.conn.LoggingManagedHttpClientConnection.onResponseReceived(LoggingManagedHttpClientConnection.java:125)
http-outgoing-56 << Connection:close
[DEBUG] 2017-07-05 17:07:37,944 method:org.apache.http.impl.conn.LoggingManagedHttpClientConnection.close(LoggingManagedHttpClientConnection.java:79)
http-outgoing-56: Close connection
[DEBUG] 2017-07-05 17:07:37,945 method:org.apache.http.impl.execchain.ConnectionHolder.releaseConnection(ConnectionHolder.java:104)
Connection discarded
[DEBUG] 2017-07-05 17:07:37,945 method:org.apache.http.impl.conn.PoolingHttpClientConnectionManager.releaseConnection(PoolingHttpClientConnectionManager.java:326)
Connection released: [id: 56][route: {}->http://localhost:23176][total kept alive: 0; route allocated: 0 of 2000; total allocated: 0 of 2000]
[DEBUG] 2017-07-05 17:07:38,448 method:org.apache.http.client.protocol.RequestAddCookies.process(RequestAddCookies.java:123)
CookieSpec selected: default
[DEBUG] 2017-07-05 17:07:38,448 method:org.apache.http.client.protocol.RequestAuthCache.process(RequestAuthCache.java:77)
Auth cache not set in the context
[DEBUG] 2017-07-05 17:07:38,449 method:org.apache.http.impl.conn.PoolingHttpClientConnectionManager.requestConnection(PoolingHttpClientConnectionManager.java:255)
Connection request: [route: {}->http://localhost:23176][total kept alive: 0; route allocated: 0 of 2000; total allocated: 0 of 2000]
[DEBUG] 2017-07-05 17:07:38,449 method:org.apache.http.impl.conn.PoolingHttpClientConnectionManager.leaseConnection(PoolingHttpClientConnectionManager.java:288)
Connection leased: [id: 57][route: {}->http://localhost:23176][total kept alive: 0; route allocated: 1 of 2000; total allocated: 1 of 2000]
[DEBUG] 2017-07-05 17:07:38,450 method:org.apache.http.impl.execchain.MainClientExec.execute(MainClientExec.java:235)
Opening connection {}->http://localhost:23176
[DEBUG] 2017-07-05 17:07:38,450 method:org.apache.http.impl.conn.DefaultHttpClientConnectionOperator.connect(DefaultHttpClientConnectionOperator.java:139)
Connecting to localhost/127.0.0.1:23176
[DEBUG] 2017-07-05 17:07:38,451 method:org.apache.http.impl.conn.DefaultHttpClientConnectionOperator.connect(DefaultHttpClientConnectionOperator.java:146)
Connection established 127.0.0.1:59779<->127.0.0.1:23176
[DEBUG] 2017-07-05 17:07:38,452 method:org.apache.http.impl.conn.LoggingManagedHttpClientConnection.setSocketTimeout(LoggingManagedHttpClientConnection.java:88)
http-outgoing-57: set socket timeout to 10800000
[DEBUG] 2017-07-05 17:07:38,452 method:org.apache.http.impl.execchain.MainClientExec.execute(MainClientExec.java:256)
Executing request POST /session/408d3c17918aedf77d102f992aa918b8/elements HTTP/1.1
[DEBUG] 2017-07-05 17:07:38,453 method:org.apache.http.impl.execchain.MainClientExec.execute(MainClientExec.java:261)
Target auth state: UNCHALLENGED
[DEBUG] 2017-07-05 17:07:38,453 method:org.apache.http.impl.execchain.MainClientExec.execute(MainClientExec.java:267)
Proxy auth state: UNCHALLENGED
[DEBUG] 2017-07-05 17:07:38,453 method:org.apache.http.impl.conn.LoggingManagedHttpClientConnection.onRequestSubmitted(LoggingManagedHttpClientConnection.java:133)
http-outgoing-57 >> POST /session/408d3c17918aedf77d102f992aa918b8/elements HTTP/1.1
[DEBUG] 2017-07-05 17:07:38,454 method:org.apache.http.impl.conn.LoggingManagedHttpClientConnection.onRequestSubmitted(LoggingManagedHttpClientConnection.java:136)
http-outgoing-57 >> Content-Type: application/json; charset=utf-8
[DEBUG] 2017-07-05 17:07:38,454 method:org.apache.http.impl.conn.LoggingManagedHttpClientConnection.onRequestSubmitted(LoggingManagedHttpClientConnection.java:136)
http-outgoing-57 >> Content-Length: 83
[DEBUG] 2017-07-05 17:07:38,455 method:org.apache.http.impl.conn.LoggingManagedHttpClientConnection.onRequestSubmitted(LoggingManagedHttpClientConnection.java:136)
http-outgoing-57 >> Host: localhost:23176
[DEBUG] 2017-07-05 17:07:38,455 method:org.apache.http.impl.conn.LoggingManagedHttpClientConnection.onRequestSubmitted(LoggingManagedHttpClientConnection.java:136)
http-outgoing-57 >> Connection: Keep-Alive
[DEBUG] 2017-07-05 17:07:38,455 method:org.apache.http.impl.conn.LoggingManagedHttpClientConnection.onRequestSubmitted(LoggingManagedHttpClientConnection.java:136)
http-outgoing-57 >> User-Agent: Apache-HttpClient/4.5.3 (Java/1.8.0_111)
[DEBUG] 2017-07-05 17:07:38,455 method:org.apache.http.impl.conn.LoggingManagedHttpClientConnection.onRequestSubmitted(LoggingManagedHttpClientConnection.java:136)
http-outgoing-57 >> Accept-Encoding: gzip,deflate
[DEBUG] 2017-07-05 17:07:38,456 method:org.apache.http.impl.conn.Wire.wire(Wire.java:73)
http-outgoing-57 >> "POST /session/408d3c17918aedf77d102f992aa918b8/elements HTTP/1.1[\r][\n]"
[DEBUG] 2017-07-05 17:07:38,456 method:org.apache.http.impl.conn.Wire.wire(Wire.java:73)
http-outgoing-57 >> "Content-Type: application/json; charset=utf-8[\r][\n]"
[DEBUG] 2017-07-05 17:07:38,457 method:org.apache.http.impl.conn.Wire.wire(Wire.java:73)
http-outgoing-57 >> "Content-Length: 83[\r][\n]"
[DEBUG] 2017-07-05 17:07:38,457 method:org.apache.http.impl.conn.Wire.wire(Wire.java:73)
http-outgoing-57 >> "Host: localhost:23176[\r][\n]"
[DEBUG] 2017-07-05 17:07:38,457 method:org.apache.http.impl.conn.Wire.wire(Wire.java:73)
http-outgoing-57 >> "Connection: Keep-Alive[\r][\n]"
[DEBUG] 2017-07-05 17:07:38,457 method:org.apache.http.impl.conn.Wire.wire(Wire.java:73)
http-outgoing-57 >> "User-Agent: Apache-HttpClient/4.5.3 (Java/1.8.0_111)[\r][\n]"
[DEBUG] 2017-07-05 17:07:38,458 method:org.apache.http.impl.conn.Wire.wire(Wire.java:73)
http-outgoing-57 >> "Accept-Encoding: gzip,deflate[\r][\n]"
[DEBUG] 2017-07-05 17:07:38,458 method:org.apache.http.impl.conn.Wire.wire(Wire.java:73)
http-outgoing-57 >> "[\r][\n]"
[DEBUG] 2017-07-05 17:07:38,458 method:org.apache.http.impl.conn.Wire.wire(Wire.java:87)
http-outgoing-57 >> "{"using":"xpath","value":"//*[@id=\"wiseoper-content\"]/div[3]/div/div[1]/span[3]"}"
[DEBUG] 2017-07-05 17:07:38,476 method:org.apache.http.impl.conn.Wire.wire(Wire.java:73)
http-outgoing-57 << "HTTP/1.1 200 OK[\r][\n]"
[DEBUG] 2017-07-05 17:07:38,477 method:org.apache.http.impl.conn.Wire.wire(Wire.java:73)
http-outgoing-57 << "Content-Length:70[\r][\n]"
[DEBUG] 2017-07-05 17:07:38,477 method:org.apache.http.impl.conn.Wire.wire(Wire.java:73)
http-outgoing-57 << "Content-Type:application/json; charset=utf-8[\r][\n]"
[DEBUG] 2017-07-05 17:07:38,477 method:org.apache.http.impl.conn.Wire.wire(Wire.java:73)
http-outgoing-57 << "Connection:close[\r][\n]"
[DEBUG] 2017-07-05 17:07:38,478 method:org.apache.http.impl.conn.Wire.wire(Wire.java:73)
http-outgoing-57 << "[\r][\n]"
[DEBUG] 2017-07-05 17:07:38,478 method:org.apache.http.impl.conn.Wire.wire(Wire.java:87)
http-outgoing-57 << "{"sessionId":"408d3c17918aedf77d102f992aa918b8","status":0,"value":[]}"
[DEBUG] 2017-07-05 17:07:38,478 method:org.apache.http.impl.conn.LoggingManagedHttpClientConnection.onResponseReceived(LoggingManagedHttpClientConnection.java:122)
http-outgoing-57 << HTTP/1.1 200 OK
[DEBUG] 2017-07-05 17:07:38,479 method:org.apache.http.impl.conn.LoggingManagedHttpClientConnection.onResponseReceived(LoggingManagedHttpClientConnection.java:125)
http-outgoing-57 << Content-Length:70
[DEBUG] 2017-07-05 17:07:38,479 method:org.apache.http.impl.conn.LoggingManagedHttpClientConnection.onResponseReceived(LoggingManagedHttpClientConnection.java:125)
http-outgoing-57 << Content-Type:application/json; charset=utf-8
[DEBUG] 2017-07-05 17:07:38,479 method:org.apache.http.impl.conn.LoggingManagedHttpClientConnection.onResponseReceived(LoggingManagedHttpClientConnection.java:125)
http-outgoing-57 << Connection:close
[DEBUG] 2017-07-05 17:07:38,480 method:org.apache.http.impl.conn.LoggingManagedHttpClientConnection.close(LoggingManagedHttpClientConnection.java:79)
http-outgoing-57: Close connection
[DEBUG] 2017-07-05 17:07:38,480 method:org.apache.http.impl.execchain.ConnectionHolder.releaseConnection(ConnectionHolder.java:104)
Connection discarded
[DEBUG] 2017-07-05 17:07:38,481 method:org.apache.http.impl.conn.PoolingHttpClientConnectionManager.releaseConnection(PoolingHttpClientConnectionManager.java:326)
Connection released: [id: 57][route: {}->http://localhost:23176][total kept alive: 0; route allocated: 0 of 2000; total allocated: 0 of 2000]
[DEBUG] 2017-07-05 17:07:38,982 method:org.apache.http.client.protocol.RequestAddCookies.process(RequestAddCookies.java:123)
CookieSpec selected: default
[DEBUG] 2017-07-05 17:07:38,982 method:org.apache.http.client.protocol.RequestAuthCache.process(RequestAuthCache.java:77)
Auth cache not set in the context
[DEBUG] 2017-07-05 17:07:38,983 method:org.apache.http.impl.conn.PoolingHttpClientConnectionManager.requestConnection(PoolingHttpClientConnectionManager.java:255)
Connection request: [route: {}->http://localhost:23176][total kept alive: 0; route allocated: 0 of 2000; total allocated: 0 of 2000]
[DEBUG] 2017-07-05 17:07:38,983 method:org.apache.http.impl.conn.PoolingHttpClientConnectionManager.leaseConnection(PoolingHttpClientConnectionManager.java:288)
Connection leased: [id: 58][route: {}->http://localhost:23176][total kept alive: 0; route allocated: 1 of 2000; total allocated: 1 of 2000]
[DEBUG] 2017-07-05 17:07:38,983 method:org.apache.http.impl.execchain.MainClientExec.execute(MainClientExec.java:235)
Opening connection {}->http://localhost:23176
[DEBUG] 2017-07-05 17:07:38,983 method:org.apache.http.impl.conn.DefaultHttpClientConnectionOperator.connect(DefaultHttpClientConnectionOperator.java:139)
Connecting to localhost/127.0.0.1:23176
[DEBUG] 2017-07-05 17:07:38,984 method:org.apache.http.impl.conn.DefaultHttpClientConnectionOperator.connect(DefaultHttpClientConnectionOperator.java:146)
Connection established 127.0.0.1:59780<->127.0.0.1:23176
[DEBUG] 2017-07-05 17:07:38,984 method:org.apache.http.impl.conn.LoggingManagedHttpClientConnection.setSocketTimeout(LoggingManagedHttpClientConnection.java:88)
http-outgoing-58: set socket timeout to 10800000
[DEBUG] 2017-07-05 17:07:38,984 method:org.apache.http.impl.execchain.MainClientExec.execute(MainClientExec.java:256)
Executing request POST /session/408d3c17918aedf77d102f992aa918b8/elements HTTP/1.1
[DEBUG] 2017-07-05 17:07:38,984 method:org.apache.http.impl.execchain.MainClientExec.execute(MainClientExec.java:261)
Target auth state: UNCHALLENGED
[DEBUG] 2017-07-05 17:07:38,984 method:org.apache.http.impl.execchain.MainClientExec.execute(MainClientExec.java:267)
Proxy auth state: UNCHALLENGED
[DEBUG] 2017-07-05 17:07:38,984 method:org.apache.http.impl.conn.LoggingManagedHttpClientConnection.onRequestSubmitted(LoggingManagedHttpClientConnection.java:133)
http-outgoing-58 >> POST /session/408d3c17918aedf77d102f992aa918b8/elements HTTP/1.1
[DEBUG] 2017-07-05 17:07:38,985 method:org.apache.http.impl.conn.LoggingManagedHttpClientConnection.onRequestSubmitted(LoggingManagedHttpClientConnection.java:136)
http-outgoing-58 >> Content-Type: application/json; charset=utf-8
[DEBUG] 2017-07-05 17:07:38,985 method:org.apache.http.impl.conn.LoggingManagedHttpClientConnection.onRequestSubmitted(LoggingManagedHttpClientConnection.java:136)
http-outgoing-58 >> Content-Length: 83
[DEBUG] 2017-07-05 17:07:38,985 method:org.apache.http.impl.conn.LoggingManagedHttpClientConnection.onRequestSubmitted(LoggingManagedHttpClientConnection.java:136)
http-outgoing-58 >> Host: localhost:23176
[DEBUG] 2017-07-05 17:07:38,985 method:org.apache.http.impl.conn.LoggingManagedHttpClientConnection.onRequestSubmitted(LoggingManagedHttpClientConnection.java:136)
http-outgoing-58 >> Connection: Keep-Alive
[DEBUG] 2017-07-05 17:07:38,985 method:org.apache.http.impl.conn.LoggingManagedHttpClientConnection.onRequestSubmitted(LoggingManagedHttpClientConnection.java:136)
http-outgoing-58 >> User-Agent: Apache-HttpClient/4.5.3 (Java/1.8.0_111)
[DEBUG] 2017-07-05 17:07:38,985 method:org.apache.http.impl.conn.LoggingManagedHttpClientConnection.onRequestSubmitted(LoggingManagedHttpClientConnection.java:136)
http-outgoing-58 >> Accept-Encoding: gzip,deflate
[DEBUG] 2017-07-05 17:07:38,985 method:org.apache.http.impl.conn.Wire.wire(Wire.java:73)
http-outgoing-58 >> "POST /session/408d3c17918aedf77d102f992aa918b8/elements HTTP/1.1[\r][\n]"
[DEBUG] 2017-07-05 17:07:38,985 method:org.apache.http.impl.conn.Wire.wire(Wire.java:73)
http-outgoing-58 >> "Content-Type: application/json; charset=utf-8[\r][\n]"
[DEBUG] 2017-07-05 17:07:38,985 method:org.apache.http.impl.conn.Wire.wire(Wire.java:73)
http-outgoing-58 >> "Content-Length: 83[\r][\n]"
[DEBUG] 2017-07-05 17:07:38,986 method:org.apache.http.impl.conn.Wire.wire(Wire.java:73)
http-outgoing-58 >> "Host: localhost:23176[\r][\n]"
[DEBUG] 2017-07-05 17:07:38,986 method:org.apache.http.impl.conn.Wire.wire(Wire.java:73)
http-outgoing-58 >> "Connection: Keep-Alive[\r][\n]"
[DEBUG] 2017-07-05 17:07:38,986 method:org.apache.http.impl.conn.Wire.wire(Wire.java:73)
http-outgoing-58 >> "User-Agent: Apache-HttpClient/4.5.3 (Java/1.8.0_111)[\r][\n]"
[DEBUG] 2017-07-05 17:07:38,986 method:org.apache.http.impl.conn.Wire.wire(Wire.java:73)
http-outgoing-58 >> "Accept-Encoding: gzip,deflate[\r][\n]"
[DEBUG] 2017-07-05 17:07:38,986 method:org.apache.http.impl.conn.Wire.wire(Wire.java:73)
http-outgoing-58 >> "[\r][\n]"
[DEBUG] 2017-07-05 17:07:38,986 method:org.apache.http.impl.conn.Wire.wire(Wire.java:87)
http-outgoing-58 >> "{"using":"xpath","value":"//*[@id=\"wiseoper-content\"]/div[3]/div/div[1]/span[3]"}"
[DEBUG] 2017-07-05 17:07:38,995 method:org.apache.http.impl.conn.Wire.wire(Wire.java:73)
http-outgoing-58 << "HTTP/1.1 200 OK[\r][\n]"
[DEBUG] 2017-07-05 17:07:38,995 method:org.apache.http.impl.conn.Wire.wire(Wire.java:73)
http-outgoing-58 << "Content-Length:70[\r][\n]"
[DEBUG] 2017-07-05 17:07:38,995 method:org.apache.http.impl.conn.Wire.wire(Wire.java:73)
http-outgoing-58 << "Content-Type:application/json; charset=utf-8[\r][\n]"
[DEBUG] 2017-07-05 17:07:38,995 method:org.apache.http.impl.conn.Wire.wire(Wire.java:73)
http-outgoing-58 << "Connection:close[\r][\n]"
[DEBUG] 2017-07-05 17:07:38,996 method:org.apache.http.impl.conn.Wire.wire(Wire.java:73)
http-outgoing-58 << "[\r][\n]"
[DEBUG] 2017-07-05 17:07:38,996 method:org.apache.http.impl.conn.Wire.wire(Wire.java:87)
http-outgoing-58 << "{"sessionId":"408d3c17918aedf77d102f992aa918b8","status":0,"value":[]}"
[DEBUG] 2017-07-05 17:07:38,996 method:org.apache.http.impl.conn.LoggingManagedHttpClientConnection.onResponseReceived(LoggingManagedHttpClientConnection.java:122)
http-outgoing-58 << HTTP/1.1 200 OK
[DEBUG] 2017-07-05 17:07:38,996 method:org.apache.http.impl.conn.LoggingManagedHttpClientConnection.onResponseReceived(LoggingManagedHttpClientConnection.java:125)
http-outgoing-58 << Content-Length:70
[DEBUG] 2017-07-05 17:07:38,996 method:org.apache.http.impl.conn.LoggingManagedHttpClientConnection.onResponseReceived(LoggingManagedHttpClientConnection.java:125)
http-outgoing-58 << Content-Type:application/json; charset=utf-8
[DEBUG] 2017-07-05 17:07:38,996 method:org.apache.http.impl.conn.LoggingManagedHttpClientConnection.onResponseReceived(LoggingManagedHttpClientConnection.java:125)
http-outgoing-58 << Connection:close
[DEBUG] 2017-07-05 17:07:38,996 method:org.apache.http.impl.conn.LoggingManagedHttpClientConnection.close(LoggingManagedHttpClientConnection.java:79)
http-outgoing-58: Close connection
[DEBUG] 2017-07-05 17:07:38,997 method:org.apache.http.impl.execchain.ConnectionHolder.releaseConnection(ConnectionHolder.java:104)
Connection discarded
[DEBUG] 2017-07-05 17:07:38,997 method:org.apache.http.impl.conn.PoolingHttpClientConnectionManager.releaseConnection(PoolingHttpClientConnectionManager.java:326)
Connection released: [id: 58][route: {}->http://localhost:23176][total kept alive: 0; route allocated: 0 of 2000; total allocated: 0 of 2000]
[DEBUG] 2017-07-05 17:07:39,498 method:org.apache.http.client.protocol.RequestAddCookies.process(RequestAddCookies.java:123)
CookieSpec selected: default
[DEBUG] 2017-07-05 17:07:39,498 method:org.apache.http.client.protocol.RequestAuthCache.process(RequestAuthCache.java:77)
Auth cache not set in the context
[DEBUG] 2017-07-05 17:07:39,499 method:org.apache.http.impl.conn.PoolingHttpClientConnectionManager.requestConnection(PoolingHttpClientConnectionManager.java:255)
Connection request: [route: {}->http://localhost:23176][total kept alive: 0; route allocated: 0 of 2000; total allocated: 0 of 2000]
[DEBUG] 2017-07-05 17:07:39,499 method:org.apache.http.impl.conn.PoolingHttpClientConnectionManager.leaseConnection(PoolingHttpClientConnectionManager.java:288)
Connection leased: [id: 59][route: {}->http://localhost:23176][total kept alive: 0; route allocated: 1 of 2000; total allocated: 1 of 2000]
[DEBUG] 2017-07-05 17:07:39,499 method:org.apache.http.impl.execchain.MainClientExec.execute(MainClientExec.java:235)
Opening connection {}->http://localhost:23176
[DEBUG] 2017-07-05 17:07:39,499 method:org.apache.http.impl.conn.DefaultHttpClientConnectionOperator.connect(DefaultHttpClientConnectionOperator.java:139)
Connecting to localhost/127.0.0.1:23176
[DEBUG] 2017-07-05 17:07:39,500 method:org.apache.http.impl.conn.DefaultHttpClientConnectionOperator.connect(DefaultHttpClientConnectionOperator.java:146)
Connection established 127.0.0.1:59781<->127.0.0.1:23176
[DEBUG] 2017-07-05 17:07:39,500 method:org.apache.http.impl.conn.LoggingManagedHttpClientConnection.setSocketTimeout(LoggingManagedHttpClientConnection.java:88)
http-outgoing-59: set socket timeout to 10800000
[DEBUG] 2017-07-05 17:07:39,500 method:org.apache.http.impl.execchain.MainClientExec.execute(MainClientExec.java:256)
Executing request POST /session/408d3c17918aedf77d102f992aa918b8/elements HTTP/1.1
[DEBUG] 2017-07-05 17:07:39,500 method:org.apache.http.impl.execchain.MainClientExec.execute(MainClientExec.java:261)
Target auth state: UNCHALLENGED
[DEBUG] 2017-07-05 17:07:39,500 method:org.apache.http.impl.execchain.MainClientExec.execute(MainClientExec.java:267)
Proxy auth state: UNCHALLENGED
[DEBUG] 2017-07-05 17:07:39,500 method:org.apache.http.impl.conn.LoggingManagedHttpClientConnection.onRequestSubmitted(LoggingManagedHttpClientConnection.java:133)
http-outgoing-59 >> POST /session/408d3c17918aedf77d102f992aa918b8/elements HTTP/1.1
[DEBUG] 2017-07-05 17:07:39,501 method:org.apache.http.impl.conn.LoggingManagedHttpClientConnection.onRequestSubmitted(LoggingManagedHttpClientConnection.java:136)
http-outgoing-59 >> Content-Type: application/json; charset=utf-8
[DEBUG] 2017-07-05 17:07:39,501 method:org.apache.http.impl.conn.LoggingManagedHttpClientConnection.onRequestSubmitted(LoggingManagedHttpClientConnection.java:136)
http-outgoing-59 >> Content-Length: 83
[DEBUG] 2017-07-05 17:07:39,501 method:org.apache.http.impl.conn.LoggingManagedHttpClientConnection.onRequestSubmitted(LoggingManagedHttpClientConnection.java:136)
http-outgoing-59 >> Host: localhost:23176
[DEBUG] 2017-07-05 17:07:39,501 method:org.apache.http.impl.conn.LoggingManagedHttpClientConnection.onRequestSubmitted(LoggingManagedHttpClientConnection.java:136)
http-outgoing-59 >> Connection: Keep-Alive
[DEBUG] 2017-07-05 17:07:39,501 method:org.apache.http.impl.conn.LoggingManagedHttpClientConnection.onRequestSubmitted(LoggingManagedHttpClientConnection.java:136)
http-outgoing-59 >> User-Agent: Apache-HttpClient/4.5.3 (Java/1.8.0_111)
[DEBUG] 2017-07-05 17:07:39,501 method:org.apache.http.impl.conn.LoggingManagedHttpClientConnection.onRequestSubmitted(LoggingManagedHttpClientConnection.java:136)
http-outgoing-59 >> Accept-Encoding: gzip,deflate
[DEBUG] 2017-07-05 17:07:39,501 method:org.apache.http.impl.conn.Wire.wire(Wire.java:73)
http-outgoing-59 >> "POST /session/408d3c17918aedf77d102f992aa918b8/elements HTTP/1.1[\r][\n]"
[DEBUG] 2017-07-05 17:07:39,501 method:org.apache.http.impl.conn.Wire.wire(Wire.java:73)
http-outgoing-59 >> "Content-Type: application/json; charset=utf-8[\r][\n]"
[DEBUG] 2017-07-05 17:07:39,502 method:org.apache.http.impl.conn.Wire.wire(Wire.java:73)
http-outgoing-59 >> "Content-Length: 83[\r][\n]"
[DEBUG] 2017-07-05 17:07:39,502 method:org.apache.http.impl.conn.Wire.wire(Wire.java:73)
http-outgoing-59 >> "Host: localhost:23176[\r][\n]"
[DEBUG] 2017-07-05 17:07:39,502 method:org.apache.http.impl.conn.Wire.wire(Wire.java:73)
http-outgoing-59 >> "Connection: Keep-Alive[\r][\n]"
[DEBUG] 2017-07-05 17:07:39,502 method:org.apache.http.impl.conn.Wire.wire(Wire.java:73)
http-outgoing-59 >> "User-Agent: Apache-HttpClient/4.5.3 (Java/1.8.0_111)[\r][\n]"
[DEBUG] 2017-07-05 17:07:39,502 method:org.apache.http.impl.conn.Wire.wire(Wire.java:73)
http-outgoing-59 >> "Accept-Encoding: gzip,deflate[\r][\n]"
[DEBUG] 2017-07-05 17:07:39,502 method:org.apache.http.impl.conn.Wire.wire(Wire.java:73)
http-outgoing-59 >> "[\r][\n]"
[DEBUG] 2017-07-05 17:07:39,502 method:org.apache.http.impl.conn.Wire.wire(Wire.java:87)
http-outgoing-59 >> "{"using":"xpath","value":"//*[@id=\"wiseoper-content\"]/div[3]/div/div[1]/span[3]"}"
[DEBUG] 2017-07-05 17:07:39,512 method:org.apache.http.impl.conn.Wire.wire(Wire.java:73)
http-outgoing-59 << "HTTP/1.1 200 OK[\r][\n]"
[DEBUG] 2017-07-05 17:07:39,512 method:org.apache.http.impl.conn.Wire.wire(Wire.java:73)
http-outgoing-59 << "Content-Length:70[\r][\n]"
[DEBUG] 2017-07-05 17:07:39,512 method:org.apache.http.impl.conn.Wire.wire(Wire.java:73)
http-outgoing-59 << "Content-Type:application/json; charset=utf-8[\r][\n]"
[DEBUG] 2017-07-05 17:07:39,512 method:org.apache.http.impl.conn.Wire.wire(Wire.java:73)
http-outgoing-59 << "Connection:close[\r][\n]"
[DEBUG] 2017-07-05 17:07:39,512 method:org.apache.http.impl.conn.Wire.wire(Wire.java:73)
http-outgoing-59 << "[\r][\n]"
[DEBUG] 2017-07-05 17:07:39,512 method:org.apache.http.impl.conn.Wire.wire(Wire.java:87)
http-outgoing-59 << "{"sessionId":"408d3c17918aedf77d102f992aa918b8","status":0,"value":[]}"
[DEBUG] 2017-07-05 17:07:39,513 method:org.apache.http.impl.conn.LoggingManagedHttpClientConnection.onResponseReceived(LoggingManagedHttpClientConnection.java:122)
http-outgoing-59 << HTTP/1.1 200 OK
[DEBUG] 2017-07-05 17:07:39,513 method:org.apache.http.impl.conn.LoggingManagedHttpClientConnection.onResponseReceived(LoggingManagedHttpClientConnection.java:125)
http-outgoing-59 << Content-Length:70
[DEBUG] 2017-07-05 17:07:39,513 method:org.apache.http.impl.conn.LoggingManagedHttpClientConnection.onResponseReceived(LoggingManagedHttpClientConnection.java:125)
http-outgoing-59 << Content-Type:application/json; charset=utf-8
[DEBUG] 2017-07-05 17:07:39,513 method:org.apache.http.impl.conn.LoggingManagedHttpClientConnection.onResponseReceived(LoggingManagedHttpClientConnection.java:125)
http-outgoing-59 << Connection:close
[DEBUG] 2017-07-05 17:07:39,513 method:org.apache.http.impl.conn.LoggingManagedHttpClientConnection.close(LoggingManagedHttpClientConnection.java:79)
http-outgoing-59: Close connection
[DEBUG] 2017-07-05 17:07:39,514 method:org.apache.http.impl.execchain.ConnectionHolder.releaseConnection(ConnectionHolder.java:104)
Connection discarded
[DEBUG] 2017-07-05 17:07:39,514 method:org.apache.http.impl.conn.PoolingHttpClientConnectionManager.releaseConnection(PoolingHttpClientConnectionManager.java:326)
Connection released: [id: 59][route: {}->http://localhost:23176][total kept alive: 0; route allocated: 0 of 2000; total allocated: 0 of 2000]
[DEBUG] 2017-07-05 17:07:40,018 method:org.apache.http.client.protocol.RequestAddCookies.process(RequestAddCookies.java:123)
CookieSpec selected: default
[DEBUG] 2017-07-05 17:07:40,018 method:org.apache.http.client.protocol.RequestAuthCache.process(RequestAuthCache.java:77)
Auth cache not set in the context
[DEBUG] 2017-07-05 17:07:40,018 method:org.apache.http.impl.conn.PoolingHttpClientConnectionManager.requestConnection(PoolingHttpClientConnectionManager.java:255)
Connection request: [route: {}->http://localhost:23176][total kept alive: 0; route allocated: 0 of 2000; total allocated: 0 of 2000]
[DEBUG] 2017-07-05 17:07:40,018 method:org.apache.http.impl.conn.PoolingHttpClientConnectionManager.leaseConnection(PoolingHttpClientConnectionManager.java:288)
Connection leased: [id: 60][route: {}->http://localhost:23176][total kept alive: 0; route allocated: 1 of 2000; total allocated: 1 of 2000]
[DEBUG] 2017-07-05 17:07:40,018 method:org.apache.http.impl.execchain.MainClientExec.execute(MainClientExec.java:235)
Opening connection {}->http://localhost:23176
[DEBUG] 2017-07-05 17:07:40,018 method:org.apache.http.impl.conn.DefaultHttpClientConnectionOperator.connect(DefaultHttpClientConnectionOperator.java:139)
Connecting to localhost/127.0.0.1:23176
[DEBUG] 2017-07-05 17:07:40,018 method:org.apache.http.impl.conn.DefaultHttpClientConnectionOperator.connect(DefaultHttpClientConnectionOperator.java:146)
Connection established 127.0.0.1:59783<->127.0.0.1:23176
[DEBUG] 2017-07-05 17:07:40,018 method:org.apache.http.impl.conn.LoggingManagedHttpClientConnection.setSocketTimeout(LoggingManagedHttpClientConnection.java:88)
http-outgoing-60: set socket timeout to 10800000
[DEBUG] 2017-07-05 17:07:40,018 method:org.apache.http.impl.execchain.MainClientExec.execute(MainClientExec.java:256)
Executing request POST /session/408d3c17918aedf77d102f992aa918b8/elements HTTP/1.1
[DEBUG] 2017-07-05 17:07:40,018 method:org.apache.http.impl.execchain.MainClientExec.execute(MainClientExec.java:261)
Target auth state: UNCHALLENGED
[DEBUG] 2017-07-05 17:07:40,018 method:org.apache.http.impl.execchain.MainClientExec.execute(MainClientExec.java:267)
Proxy auth state: UNCHALLENGED
[DEBUG] 2017-07-05 17:07:40,018 method:org.apache.http.impl.conn.LoggingManagedHttpClientConnection.onRequestSubmitted(LoggingManagedHttpClientConnection.java:133)
http-outgoing-60 >> POST /session/408d3c17918aedf77d102f992aa918b8/elements HTTP/1.1
[DEBUG] 2017-07-05 17:07:40,018 method:org.apache.http.impl.conn.LoggingManagedHttpClientConnection.onRequestSubmitted(LoggingManagedHttpClientConnection.java:136)
http-outgoing-60 >> Content-Type: application/json; charset=utf-8
[DEBUG] 2017-07-05 17:07:40,018 method:org.apache.http.impl.conn.LoggingManagedHttpClientConnection.onRequestSubmitted(LoggingManagedHttpClientConnection.java:136)
http-outgoing-60 >> Content-Length: 83
[DEBUG] 2017-07-05 17:07:40,018 method:org.apache.http.impl.conn.LoggingManagedHttpClientConnection.onRequestSubmitted(LoggingManagedHttpClientConnection.java:136)
http-outgoing-60 >> Host: localhost:23176
[DEBUG] 2017-07-05 17:07:40,018 method:org.apache.http.impl.conn.LoggingManagedHttpClientConnection.onRequestSubmitted(LoggingManagedHttpClientConnection.java:136)
http-outgoing-60 >> Connection: Keep-Alive
[DEBUG] 2017-07-05 17:07:40,018 method:org.apache.http.impl.conn.LoggingManagedHttpClientConnection.onRequestSubmitted(LoggingManagedHttpClientConnection.java:136)
http-outgoing-60 >> User-Agent: Apache-HttpClient/4.5.3 (Java/1.8.0_111)
[DEBUG] 2017-07-05 17:07:40,018 method:org.apache.http.impl.conn.LoggingManagedHttpClientConnection.onRequestSubmitted(LoggingManagedHttpClientConnection.java:136)
http-outgoing-60 >> Accept-Encoding: gzip,deflate
[DEBUG] 2017-07-05 17:07:40,018 method:org.apache.http.impl.conn.Wire.wire(Wire.java:73)
http-outgoing-60 >> "POST /session/408d3c17918aedf77d102f992aa918b8/elements HTTP/1.1[\r][\n]"
[DEBUG] 2017-07-05 17:07:40,018 method:org.apache.http.impl.conn.Wire.wire(Wire.java:73)
http-outgoing-60 >> "Content-Type: application/json; charset=utf-8[\r][\n]"
[DEBUG] 2017-07-05 17:07:40,018 method:org.apache.http.impl.conn.Wire.wire(Wire.java:73)
http-outgoing-60 >> "Content-Length: 83[\r][\n]"
[DEBUG] 2017-07-05 17:07:40,018 method:org.apache.http.impl.conn.Wire.wire(Wire.java:73)
http-outgoing-60 >> "Host: localhost:23176[\r][\n]"
[DEBUG] 2017-07-05 17:07:40,018 method:org.apache.http.impl.conn.Wire.wire(Wire.java:73)
http-outgoing-60 >> "Connection: Keep-Alive[\r][\n]"
[DEBUG] 2017-07-05 17:07:40,018 method:org.apache.http.impl.conn.Wire.wire(Wire.java:73)
http-outgoing-60 >> "User-Agent: Apache-HttpClient/4.5.3 (Java/1.8.0_111)[\r][\n]"
[DEBUG] 2017-07-05 17:07:40,018 method:org.apache.http.impl.conn.Wire.wire(Wire.java:73)
http-outgoing-60 >> "Accept-Encoding: gzip,deflate[\r][\n]"
[DEBUG] 2017-07-05 17:07:40,018 method:org.apache.http.impl.conn.Wire.wire(Wire.java:73)
http-outgoing-60 >> "[\r][\n]"
[DEBUG] 2017-07-05 17:07:40,018 method:org.apache.http.impl.conn.Wire.wire(Wire.java:87)
http-outgoing-60 >> "{"using":"xpath","value":"//*[@id=\"wiseoper-content\"]/div[3]/div/div[1]/span[3]"}"
[DEBUG] 2017-07-05 17:07:40,033 method:org.apache.http.impl.conn.Wire.wire(Wire.java:73)
http-outgoing-60 << "HTTP/1.1 200 OK[\r][\n]"
[DEBUG] 2017-07-05 17:07:40,033 method:org.apache.http.impl.conn.Wire.wire(Wire.java:73)
http-outgoing-60 << "Content-Length:70[\r][\n]"
[DEBUG] 2017-07-05 17:07:40,033 method:org.apache.http.impl.conn.Wire.wire(Wire.java:73)
http-outgoing-60 << "Content-Type:application/json; charset=utf-8[\r][\n]"
[DEBUG] 2017-07-05 17:07:40,033 method:org.apache.http.impl.conn.Wire.wire(Wire.java:73)
http-outgoing-60 << "Connection:close[\r][\n]"
[DEBUG] 2017-07-05 17:07:40,033 method:org.apache.http.impl.conn.Wire.wire(Wire.java:73)
http-outgoing-60 << "[\r][\n]"
[DEBUG] 2017-07-05 17:07:40,033 method:org.apache.http.impl.conn.Wire.wire(Wire.java:87)
http-outgoing-60 << "{"sessionId":"408d3c17918aedf77d102f992aa918b8","status":0,"value":[]}"
[DEBUG] 2017-07-05 17:07:40,033 method:org.apache.http.impl.conn.LoggingManagedHttpClientConnection.onResponseReceived(LoggingManagedHttpClientConnection.java:122)
http-outgoing-60 << HTTP/1.1 200 OK
[DEBUG] 2017-07-05 17:07:40,033 method:org.apache.http.impl.conn.LoggingManagedHttpClientConnection.onResponseReceived(LoggingManagedHttpClientConnection.java:125)
http-outgoing-60 << Content-Length:70
[DEBUG] 2017-07-05 17:07:40,033 method:org.apache.http.impl.conn.LoggingManagedHttpClientConnection.onResponseReceived(LoggingManagedHttpClientConnection.java:125)
http-outgoing-60 << Content-Type:application/json; charset=utf-8
[DEBUG] 2017-07-05 17:07:40,033 method:org.apache.http.impl.conn.LoggingManagedHttpClientConnection.onResponseReceived(LoggingManagedHttpClientConnection.java:125)
http-outgoing-60 << Connection:close
[DEBUG] 2017-07-05 17:07:40,033 method:org.apache.http.impl.conn.LoggingManagedHttpClientConnection.close(LoggingManagedHttpClientConnection.java:79)
http-outgoing-60: Close connection
[DEBUG] 2017-07-05 17:07:40,033 method:org.apache.http.impl.execchain.ConnectionHolder.releaseConnection(ConnectionHolder.java:104)
Connection discarded
[DEBUG] 2017-07-05 17:07:40,033 method:org.apache.http.impl.conn.PoolingHttpClientConnectionManager.releaseConnection(PoolingHttpClientConnectionManager.java:326)
Connection released: [id: 60][route: {}->http://localhost:23176][total kept alive: 0; route allocated: 0 of 2000; total allocated: 0 of 2000]
[DEBUG] 2017-07-05 17:07:40,535 method:org.apache.http.client.protocol.RequestAddCookies.process(RequestAddCookies.java:123)
CookieSpec selected: default
[DEBUG] 2017-07-05 17:07:40,536 method:org.apache.http.client.protocol.RequestAuthCache.process(RequestAuthCache.java:77)
Auth cache not set in the context
[DEBUG] 2017-07-05 17:07:40,536 method:org.apache.http.impl.conn.PoolingHttpClientConnectionManager.requestConnection(PoolingHttpClientConnectionManager.java:255)
Connection request: [route: {}->http://localhost:23176][total kept alive: 0; route allocated: 0 of 2000; total allocated: 0 of 2000]
[DEBUG] 2017-07-05 17:07:40,536 method:org.apache.http.impl.conn.PoolingHttpClientConnectionManager.leaseConnection(PoolingHttpClientConnectionManager.java:288)
Connection leased: [id: 61][route: {}->http://localhost:23176][total kept alive: 0; route allocated: 1 of 2000; total allocated: 1 of 2000]
[DEBUG] 2017-07-05 17:07:40,537 method:org.apache.http.impl.execchain.MainClientExec.execute(MainClientExec.java:235)
Opening connection {}->http://localhost:23176
[DEBUG] 2017-07-05 17:07:40,537 method:org.apache.http.impl.conn.DefaultHttpClientConnectionOperator.connect(DefaultHttpClientConnectionOperator.java:139)
Connecting to localhost/127.0.0.1:23176
[DEBUG] 2017-07-05 17:07:40,538 method:org.apache.http.impl.conn.DefaultHttpClientConnectionOperator.connect(DefaultHttpClientConnectionOperator.java:146)
Connection established 127.0.0.1:59784<->127.0.0.1:23176
[DEBUG] 2017-07-05 17:07:40,539 method:org.apache.http.impl.conn.LoggingManagedHttpClientConnection.setSocketTimeout(LoggingManagedHttpClientConnection.java:88)
http-outgoing-61: set socket timeout to 10800000
[DEBUG] 2017-07-05 17:07:40,539 method:org.apache.http.impl.execchain.MainClientExec.execute(MainClientExec.java:256)
Executing request POST /session/408d3c17918aedf77d102f992aa918b8/elements HTTP/1.1
[DEBUG] 2017-07-05 17:07:40,540 method:org.apache.http.impl.execchain.MainClientExec.execute(MainClientExec.java:261)
Target auth state: UNCHALLENGED
[DEBUG] 2017-07-05 17:07:40,540 method:org.apache.http.impl.execchain.MainClientExec.execute(MainClientExec.java:267)
Proxy auth state: UNCHALLENGED
[DEBUG] 2017-07-05 17:07:40,540 method:org.apache.http.impl.conn.LoggingManagedHttpClientConnection.onRequestSubmitted(LoggingManagedHttpClientConnection.java:133)
http-outgoing-61 >> POST /session/408d3c17918aedf77d102f992aa918b8/elements HTTP/1.1
[DEBUG] 2017-07-05 17:07:40,540 method:org.apache.http.impl.conn.LoggingManagedHttpClientConnection.onRequestSubmitted(LoggingManagedHttpClientConnection.java:136)
http-outgoing-61 >> Content-Type: application/json; charset=utf-8
[DEBUG] 2017-07-05 17:07:40,541 method:org.apache.http.impl.conn.LoggingManagedHttpClientConnection.onRequestSubmitted(LoggingManagedHttpClientConnection.java:136)
http-outgoing-61 >> Content-Length: 83
[DEBUG] 2017-07-05 17:07:40,541 method:org.apache.http.impl.conn.LoggingManagedHttpClientConnection.onRequestSubmitted(LoggingManagedHttpClientConnection.java:136)
http-outgoing-61 >> Host: localhost:23176
[DEBUG] 2017-07-05 17:07:40,541 method:org.apache.http.impl.conn.LoggingManagedHttpClientConnection.onRequestSubmitted(LoggingManagedHttpClientConnection.java:136)
http-outgoing-61 >> Connection: Keep-Alive
[DEBUG] 2017-07-05 17:07:40,542 method:org.apache.http.impl.conn.LoggingManagedHttpClientConnection.onRequestSubmitted(LoggingManagedHttpClientConnection.java:136)
http-outgoing-61 >> User-Agent: Apache-HttpClient/4.5.3 (Java/1.8.0_111)
[DEBUG] 2017-07-05 17:07:40,542 method:org.apache.http.impl.conn.LoggingManagedHttpClientConnection.onRequestSubmitted(LoggingManagedHttpClientConnection.java:136)
http-outgoing-61 >> Accept-Encoding: gzip,deflate
[DEBUG] 2017-07-05 17:07:40,542 method:org.apache.http.impl.conn.Wire.wire(Wire.java:73)
http-outgoing-61 >> "POST /session/408d3c17918aedf77d102f992aa918b8/elements HTTP/1.1[\r][\n]"
[DEBUG] 2017-07-05 17:07:40,542 method:org.apache.http.impl.conn.Wire.wire(Wire.java:73)
http-outgoing-61 >> "Content-Type: application/json; charset=utf-8[\r][\n]"
[DEBUG] 2017-07-05 17:07:40,543 method:org.apache.http.impl.conn.Wire.wire(Wire.java:73)
http-outgoing-61 >> "Content-Length: 83[\r][\n]"
[DEBUG] 2017-07-05 17:07:40,543 method:org.apache.http.impl.conn.Wire.wire(Wire.java:73)
http-outgoing-61 >> "Host: localhost:23176[\r][\n]"
[DEBUG] 2017-07-05 17:07:40,543 method:org.apache.http.impl.conn.Wire.wire(Wire.java:73)
http-outgoing-61 >> "Connection: Keep-Alive[\r][\n]"
[DEBUG] 2017-07-05 17:07:40,543 method:org.apache.http.impl.conn.Wire.wire(Wire.java:73)
http-outgoing-61 >> "User-Agent: Apache-HttpClient/4.5.3 (Java/1.8.0_111)[\r][\n]"
[DEBUG] 2017-07-05 17:07:40,544 method:org.apache.http.impl.conn.Wire.wire(Wire.java:73)
http-outgoing-61 >> "Accept-Encoding: gzip,deflate[\r][\n]"
[DEBUG] 2017-07-05 17:07:40,544 method:org.apache.http.impl.conn.Wire.wire(Wire.java:73)
http-outgoing-61 >> "[\r][\n]"
[DEBUG] 2017-07-05 17:07:40,545 method:org.apache.http.impl.conn.Wire.wire(Wire.java:87)
http-outgoing-61 >> "{"using":"xpath","value":"//*[@id=\"wiseoper-content\"]/div[3]/div/div[1]/span[3]"}"
[DEBUG] 2017-07-05 17:07:40,561 method:org.apache.http.impl.conn.Wire.wire(Wire.java:73)
http-outgoing-61 << "HTTP/1.1 200 OK[\r][\n]"
[DEBUG] 2017-07-05 17:07:40,562 method:org.apache.http.impl.conn.Wire.wire(Wire.java:73)
http-outgoing-61 << "Content-Length:70[\r][\n]"
[DEBUG] 2017-07-05 17:07:40,562 method:org.apache.http.impl.conn.Wire.wire(Wire.java:73)
http-outgoing-61 << "Content-Type:application/json; charset=utf-8[\r][\n]"
[DEBUG] 2017-07-05 17:07:40,562 method:org.apache.http.impl.conn.Wire.wire(Wire.java:73)
http-outgoing-61 << "Connection:close[\r][\n]"
[DEBUG] 2017-07-05 17:07:40,562 method:org.apache.http.impl.conn.Wire.wire(Wire.java:73)
http-outgoing-61 << "[\r][\n]"
[DEBUG] 2017-07-05 17:07:40,563 method:org.apache.http.impl.conn.Wire.wire(Wire.java:87)
http-outgoing-61 << "{"sessionId":"408d3c17918aedf77d102f992aa918b8","status":0,"value":[]}"
[DEBUG] 2017-07-05 17:07:40,563 method:org.apache.http.impl.conn.LoggingManagedHttpClientConnection.onResponseReceived(LoggingManagedHttpClientConnection.java:122)
http-outgoing-61 << HTTP/1.1 200 OK
[DEBUG] 2017-07-05 17:07:40,563 method:org.apache.http.impl.conn.LoggingManagedHttpClientConnection.onResponseReceived(LoggingManagedHttpClientConnection.java:125)
http-outgoing-61 << Content-Length:70
[DEBUG] 2017-07-05 17:07:40,563 method:org.apache.http.impl.conn.LoggingManagedHttpClientConnection.onResponseReceived(LoggingManagedHttpClientConnection.java:125)
http-outgoing-61 << Content-Type:application/json; charset=utf-8
[DEBUG] 2017-07-05 17:07:40,563 method:org.apache.http.impl.conn.LoggingManagedHttpClientConnection.onResponseReceived(LoggingManagedHttpClientConnection.java:125)
http-outgoing-61 << Connection:close
[DEBUG] 2017-07-05 17:07:40,564 method:org.apache.http.impl.conn.LoggingManagedHttpClientConnection.close(LoggingManagedHttpClientConnection.java:79)
http-outgoing-61: Close connection
[DEBUG] 2017-07-05 17:07:40,564 method:org.apache.http.impl.execchain.ConnectionHolder.releaseConnection(ConnectionHolder.java:104)
Connection discarded
[DEBUG] 2017-07-05 17:07:40,564 method:org.apache.http.impl.conn.PoolingHttpClientConnectionManager.releaseConnection(PoolingHttpClientConnectionManager.java:326)
Connection released: [id: 61][route: {}->http://localhost:23176][total kept alive: 0; route allocated: 0 of 2000; total allocated: 0 of 2000]
[DEBUG] 2017-07-05 17:07:41,065 method:org.apache.http.client.protocol.RequestAddCookies.process(RequestAddCookies.java:123)
CookieSpec selected: default
[DEBUG] 2017-07-05 17:07:41,065 method:org.apache.http.client.protocol.RequestAuthCache.process(RequestAuthCache.java:77)
Auth cache not set in the context
[DEBUG] 2017-07-05 17:07:41,066 method:org.apache.http.impl.conn.PoolingHttpClientConnectionManager.requestConnection(PoolingHttpClientConnectionManager.java:255)
Connection request: [route: {}->http://localhost:23176][total kept alive: 0; route allocated: 0 of 2000; total allocated: 0 of 2000]
[DEBUG] 2017-07-05 17:07:41,066 method:org.apache.http.impl.conn.PoolingHttpClientConnectionManager.leaseConnection(PoolingHttpClientConnectionManager.java:288)
Connection leased: [id: 62][route: {}->http://localhost:23176][total kept alive: 0; route allocated: 1 of 2000; total allocated: 1 of 2000]
[DEBUG] 2017-07-05 17:07:41,066 method:org.apache.http.impl.execchain.MainClientExec.execute(MainClientExec.java:235)
Opening connection {}->http://localhost:23176
[DEBUG] 2017-07-05 17:07:41,066 method:org.apache.http.impl.conn.DefaultHttpClientConnectionOperator.connect(DefaultHttpClientConnectionOperator.java:139)
Connecting to localhost/127.0.0.1:23176
[DEBUG] 2017-07-05 17:07:41,067 method:org.apache.http.impl.conn.DefaultHttpClientConnectionOperator.connect(DefaultHttpClientConnectionOperator.java:146)
Connection established 127.0.0.1:59785<->127.0.0.1:23176
[DEBUG] 2017-07-05 17:07:41,067 method:org.apache.http.impl.conn.LoggingManagedHttpClientConnection.setSocketTimeout(LoggingManagedHttpClientConnection.java:88)
http-outgoing-62: set socket timeout to 10800000
[DEBUG] 2017-07-05 17:07:41,067 method:org.apache.http.impl.execchain.MainClientExec.execute(MainClientExec.java:256)
Executing request POST /session/408d3c17918aedf77d102f992aa918b8/elements HTTP/1.1
[DEBUG] 2017-07-05 17:07:41,067 method:org.apache.http.impl.execchain.MainClientExec.execute(MainClientExec.java:261)
Target auth state: UNCHALLENGED
[DEBUG] 2017-07-05 17:07:41,067 method:org.apache.http.impl.execchain.MainClientExec.execute(MainClientExec.java:267)
Proxy auth state: UNCHALLENGED
[DEBUG] 2017-07-05 17:07:41,067 method:org.apache.http.impl.conn.LoggingManagedHttpClientConnection.onRequestSubmitted(LoggingManagedHttpClientConnection.java:133)
http-outgoing-62 >> POST /session/408d3c17918aedf77d102f992aa918b8/elements HTTP/1.1
[DEBUG] 2017-07-05 17:07:41,067 method:org.apache.http.impl.conn.LoggingManagedHttpClientConnection.onRequestSubmitted(LoggingManagedHttpClientConnection.java:136)
http-outgoing-62 >> Content-Type: application/json; charset=utf-8
[DEBUG] 2017-07-05 17:07:41,067 method:org.apache.http.impl.conn.LoggingManagedHttpClientConnection.onRequestSubmitted(LoggingManagedHttpClientConnection.java:136)
http-outgoing-62 >> Content-Length: 83
[DEBUG] 2017-07-05 17:07:41,067 method:org.apache.http.impl.conn.LoggingManagedHttpClientConnection.onRequestSubmitted(LoggingManagedHttpClientConnection.java:136)
http-outgoing-62 >> Host: localhost:23176
[DEBUG] 2017-07-05 17:07:41,068 method:org.apache.http.impl.conn.LoggingManagedHttpClientConnection.onRequestSubmitted(LoggingManagedHttpClientConnection.java:136)
http-outgoing-62 >> Connection: Keep-Alive
[DEBUG] 2017-07-05 17:07:41,068 method:org.apache.http.impl.conn.LoggingManagedHttpClientConnection.onRequestSubmitted(LoggingManagedHttpClientConnection.java:136)
http-outgoing-62 >> User-Agent: Apache-HttpClient/4.5.3 (Java/1.8.0_111)
[DEBUG] 2017-07-05 17:07:41,068 method:org.apache.http.impl.conn.LoggingManagedHttpClientConnection.onRequestSubmitted(LoggingManagedHttpClientConnection.java:136)
http-outgoing-62 >> Accept-Encoding: gzip,deflate
[DEBUG] 2017-07-05 17:07:41,068 method:org.apache.http.impl.conn.Wire.wire(Wire.java:73)
http-outgoing-62 >> "POST /session/408d3c17918aedf77d102f992aa918b8/elements HTTP/1.1[\r][\n]"
[DEBUG] 2017-07-05 17:07:41,068 method:org.apache.http.impl.conn.Wire.wire(Wire.java:73)
http-outgoing-62 >> "Content-Type: application/json; charset=utf-8[\r][\n]"
[DEBUG] 2017-07-05 17:07:41,068 method:org.apache.http.impl.conn.Wire.wire(Wire.java:73)
http-outgoing-62 >> "Content-Length: 83[\r][\n]"
[DEBUG] 2017-07-05 17:07:41,068 method:org.apache.http.impl.conn.Wire.wire(Wire.java:73)
http-outgoing-62 >> "Host: localhost:23176[\r][\n]"
[DEBUG] 2017-07-05 17:07:41,068 method:org.apache.http.impl.conn.Wire.wire(Wire.java:73)
http-outgoing-62 >> "Connection: Keep-Alive[\r][\n]"
[DEBUG] 2017-07-05 17:07:41,068 method:org.apache.http.impl.conn.Wire.wire(Wire.java:73)
http-outgoing-62 >> "User-Agent: Apache-HttpClient/4.5.3 (Java/1.8.0_111)[\r][\n]"
[DEBUG] 2017-07-05 17:07:41,069 method:org.apache.http.impl.conn.Wire.wire(Wire.java:73)
http-outgoing-62 >> "Accept-Encoding: gzip,deflate[\r][\n]"
[DEBUG] 2017-07-05 17:07:41,069 method:org.apache.http.impl.conn.Wire.wire(Wire.java:73)
http-outgoing-62 >> "[\r][\n]"
[DEBUG] 2017-07-05 17:07:41,069 method:org.apache.http.impl.conn.Wire.wire(Wire.java:87)
http-outgoing-62 >> "{"using":"xpath","value":"//*[@id=\"wiseoper-content\"]/div[3]/div/div[1]/span[3]"}"
[DEBUG] 2017-07-05 17:07:41,077 method:org.apache.http.impl.conn.Wire.wire(Wire.java:73)
http-outgoing-62 << "HTTP/1.1 200 OK[\r][\n]"
[DEBUG] 2017-07-05 17:07:41,077 method:org.apache.http.impl.conn.Wire.wire(Wire.java:73)
http-outgoing-62 << "Content-Length:70[\r][\n]"
[DEBUG] 2017-07-05 17:07:41,078 method:org.apache.http.impl.conn.Wire.wire(Wire.java:73)
http-outgoing-62 << "Content-Type:application/json; charset=utf-8[\r][\n]"
[DEBUG] 2017-07-05 17:07:41,078 method:org.apache.http.impl.conn.Wire.wire(Wire.java:73)
http-outgoing-62 << "Connection:close[\r][\n]"
[DEBUG] 2017-07-05 17:07:41,078 method:org.apache.http.impl.conn.Wire.wire(Wire.java:73)
http-outgoing-62 << "[\r][\n]"
[DEBUG] 2017-07-05 17:07:41,078 method:org.apache.http.impl.conn.Wire.wire(Wire.java:87)
http-outgoing-62 << "{"sessionId":"408d3c17918aedf77d102f992aa918b8","status":0,"value":[]}"
[DEBUG] 2017-07-05 17:07:41,078 method:org.apache.http.impl.conn.LoggingManagedHttpClientConnection.onResponseReceived(LoggingManagedHttpClientConnection.java:122)
http-outgoing-62 << HTTP/1.1 200 OK
[DEBUG] 2017-07-05 17:07:41,079 method:org.apache.http.impl.conn.LoggingManagedHttpClientConnection.onResponseReceived(LoggingManagedHttpClientConnection.java:125)
http-outgoing-62 << Content-Length:70
[DEBUG] 2017-07-05 17:07:41,079 method:org.apache.http.impl.conn.LoggingManagedHttpClientConnection.onResponseReceived(LoggingManagedHttpClientConnection.java:125)
http-outgoing-62 << Content-Type:application/json; charset=utf-8
[DEBUG] 2017-07-05 17:07:41,079 method:org.apache.http.impl.conn.LoggingManagedHttpClientConnection.onResponseReceived(LoggingManagedHttpClientConnection.java:125)
http-outgoing-62 << Connection:close
[DEBUG] 2017-07-05 17:07:41,080 method:org.apache.http.impl.conn.LoggingManagedHttpClientConnection.close(LoggingManagedHttpClientConnection.java:79)
http-outgoing-62: Close connection
[DEBUG] 2017-07-05 17:07:41,080 method:org.apache.http.impl.execchain.ConnectionHolder.releaseConnection(ConnectionHolder.java:104)
Connection discarded
[DEBUG] 2017-07-05 17:07:41,080 method:org.apache.http.impl.conn.PoolingHttpClientConnectionManager.releaseConnection(PoolingHttpClientConnectionManager.java:326)
Connection released: [id: 62][route: {}->http://localhost:23176][total kept alive: 0; route allocated: 0 of 2000; total allocated: 0 of 2000]
[DEBUG] 2017-07-05 17:07:41,582 method:org.apache.http.client.protocol.RequestAddCookies.process(RequestAddCookies.java:123)
CookieSpec selected: default
[DEBUG] 2017-07-05 17:07:41,583 method:org.apache.http.client.protocol.RequestAuthCache.process(RequestAuthCache.java:77)
Auth cache not set in the context
[DEBUG] 2017-07-05 17:07:41,583 method:org.apache.http.impl.conn.PoolingHttpClientConnectionManager.requestConnection(PoolingHttpClientConnectionManager.java:255)
Connection request: [route: {}->http://localhost:23176][total kept alive: 0; route allocated: 0 of 2000; total allocated: 0 of 2000]
[DEBUG] 2017-07-05 17:07:41,584 method:org.apache.http.impl.conn.PoolingHttpClientConnectionManager.leaseConnection(PoolingHttpClientConnectionManager.java:288)
Connection leased: [id: 63][route: {}->http://localhost:23176][total kept alive: 0; route allocated: 1 of 2000; total allocated: 1 of 2000]
[DEBUG] 2017-07-05 17:07:41,584 method:org.apache.http.impl.execchain.MainClientExec.execute(MainClientExec.java:235)
Opening connection {}->http://localhost:23176
[DEBUG] 2017-07-05 17:07:41,585 method:org.apache.http.impl.conn.DefaultHttpClientConnectionOperator.connect(DefaultHttpClientConnectionOperator.java:139)
Connecting to localhost/127.0.0.1:23176
[DEBUG] 2017-07-05 17:07:41,588 method:org.apache.http.impl.conn.DefaultHttpClientConnectionOperator.connect(DefaultHttpClientConnectionOperator.java:146)
Connection established 127.0.0.1:59786<->127.0.0.1:23176
[DEBUG] 2017-07-05 17:07:41,589 method:org.apache.http.impl.conn.LoggingManagedHttpClientConnection.setSocketTimeout(LoggingManagedHttpClientConnection.java:88)
http-outgoing-63: set socket timeout to 10800000
[DEBUG] 2017-07-05 17:07:41,590 method:org.apache.http.impl.execchain.MainClientExec.execute(MainClientExec.java:256)
Executing request POST /session/408d3c17918aedf77d102f992aa918b8/elements HTTP/1.1
[DEBUG] 2017-07-05 17:07:41,590 method:org.apache.http.impl.execchain.MainClientExec.execute(MainClientExec.java:261)
Target auth state: UNCHALLENGED
[DEBUG] 2017-07-05 17:07:41,590 method:org.apache.http.impl.execchain.MainClientExec.execute(MainClientExec.java:267)
Proxy auth state: UNCHALLENGED
[DEBUG] 2017-07-05 17:07:41,591 method:org.apache.http.impl.conn.LoggingManagedHttpClientConnection.onRequestSubmitted(LoggingManagedHttpClientConnection.java:133)
http-outgoing-63 >> POST /session/408d3c17918aedf77d102f992aa918b8/elements HTTP/1.1
[DEBUG] 2017-07-05 17:07:41,592 method:org.apache.http.impl.conn.LoggingManagedHttpClientConnection.onRequestSubmitted(LoggingManagedHttpClientConnection.java:136)
http-outgoing-63 >> Content-Type: application/json; charset=utf-8
[DEBUG] 2017-07-05 17:07:41,597 method:org.apache.http.impl.conn.LoggingManagedHttpClientConnection.onRequestSubmitted(LoggingManagedHttpClientConnection.java:136)
http-outgoing-63 >> Content-Length: 83
[DEBUG] 2017-07-05 17:07:41,598 method:org.apache.http.impl.conn.LoggingManagedHttpClientConnection.onRequestSubmitted(LoggingManagedHttpClientConnection.java:136)
http-outgoing-63 >> Host: localhost:23176
[DEBUG] 2017-07-05 17:07:41,598 method:org.apache.http.impl.conn.LoggingManagedHttpClientConnection.onRequestSubmitted(LoggingManagedHttpClientConnection.java:136)
http-outgoing-63 >> Connection: Keep-Alive
[DEBUG] 2017-07-05 17:07:41,598 method:org.apache.http.impl.conn.LoggingManagedHttpClientConnection.onRequestSubmitted(LoggingManagedHttpClientConnection.java:136)
http-outgoing-63 >> User-Agent: Apache-HttpClient/4.5.3 (Java/1.8.0_111)
[DEBUG] 2017-07-05 17:07:41,599 method:org.apache.http.impl.conn.LoggingManagedHttpClientConnection.onRequestSubmitted(LoggingManagedHttpClientConnection.java:136)
http-outgoing-63 >> Accept-Encoding: gzip,deflate
[DEBUG] 2017-07-05 17:07:41,599 method:org.apache.http.impl.conn.Wire.wire(Wire.java:73)
http-outgoing-63 >> "POST /session/408d3c17918aedf77d102f992aa918b8/elements HTTP/1.1[\r][\n]"
[DEBUG] 2017-07-05 17:07:41,599 method:org.apache.http.impl.conn.Wire.wire(Wire.java:73)
http-outgoing-63 >> "Content-Type: application/json; charset=utf-8[\r][\n]"
[DEBUG] 2017-07-05 17:07:41,600 method:org.apache.http.impl.conn.Wire.wire(Wire.java:73)
http-outgoing-63 >> "Content-Length: 83[\r][\n]"
[DEBUG] 2017-07-05 17:07:41,600 method:org.apache.http.impl.conn.Wire.wire(Wire.java:73)
http-outgoing-63 >> "Host: localhost:23176[\r][\n]"
[DEBUG] 2017-07-05 17:07:41,600 method:org.apache.http.impl.conn.Wire.wire(Wire.java:73)
http-outgoing-63 >> "Connection: Keep-Alive[\r][\n]"
[DEBUG] 2017-07-05 17:07:41,600 method:org.apache.http.impl.conn.Wire.wire(Wire.java:73)
http-outgoing-63 >> "User-Agent: Apache-HttpClient/4.5.3 (Java/1.8.0_111)[\r][\n]"
[DEBUG] 2017-07-05 17:07:41,601 method:org.apache.http.impl.conn.Wire.wire(Wire.java:73)
http-outgoing-63 >> "Accept-Encoding: gzip,deflate[\r][\n]"
[DEBUG] 2017-07-05 17:07:41,601 method:org.apache.http.impl.conn.Wire.wire(Wire.java:73)
http-outgoing-63 >> "[\r][\n]"
[DEBUG] 2017-07-05 17:07:41,601 method:org.apache.http.impl.conn.Wire.wire(Wire.java:87)
http-outgoing-63 >> "{"using":"xpath","value":"//*[@id=\"wiseoper-content\"]/div[3]/div/div[1]/span[3]"}"
[DEBUG] 2017-07-05 17:07:41,614 method:org.apache.http.impl.conn.Wire.wire(Wire.java:73)
http-outgoing-63 << "HTTP/1.1 200 OK[\r][\n]"
[DEBUG] 2017-07-05 17:07:41,614 method:org.apache.http.impl.conn.Wire.wire(Wire.java:73)
http-outgoing-63 << "Content-Length:70[\r][\n]"
[DEBUG] 2017-07-05 17:07:41,614 method:org.apache.http.impl.conn.Wire.wire(Wire.java:73)
http-outgoing-63 << "Content-Type:application/json; charset=utf-8[\r][\n]"
[DEBUG] 2017-07-05 17:07:41,615 method:org.apache.http.impl.conn.Wire.wire(Wire.java:73)
http-outgoing-63 << "Connection:close[\r][\n]"
[DEBUG] 2017-07-05 17:07:41,615 method:org.apache.http.impl.conn.Wire.wire(Wire.java:73)
http-outgoing-63 << "[\r][\n]"
[DEBUG] 2017-07-05 17:07:41,615 method:org.apache.http.impl.conn.Wire.wire(Wire.java:87)
http-outgoing-63 << "{"sessionId":"408d3c17918aedf77d102f992aa918b8","status":0,"value":[]}"
[DEBUG] 2017-07-05 17:07:41,615 method:org.apache.http.impl.conn.LoggingManagedHttpClientConnection.onResponseReceived(LoggingManagedHttpClientConnection.java:122)
http-outgoing-63 << HTTP/1.1 200 OK
[DEBUG] 2017-07-05 17:07:41,615 method:org.apache.http.impl.conn.LoggingManagedHttpClientConnection.onResponseReceived(LoggingManagedHttpClientConnection.java:125)
http-outgoing-63 << Content-Length:70
[DEBUG] 2017-07-05 17:07:41,615 method:org.apache.http.impl.conn.LoggingManagedHttpClientConnection.onResponseReceived(LoggingManagedHttpClientConnection.java:125)
http-outgoing-63 << Content-Type:application/json; charset=utf-8
[DEBUG] 2017-07-05 17:07:41,615 method:org.apache.http.impl.conn.LoggingManagedHttpClientConnection.onResponseReceived(LoggingManagedHttpClientConnection.java:125)
http-outgoing-63 << Connection:close
[DEBUG] 2017-07-05 17:07:41,616 method:org.apache.http.impl.conn.LoggingManagedHttpClientConnection.close(LoggingManagedHttpClientConnection.java:79)
http-outgoing-63: Close connection
[DEBUG] 2017-07-05 17:07:41,616 method:org.apache.http.impl.execchain.ConnectionHolder.releaseConnection(ConnectionHolder.java:104)
Connection discarded
[DEBUG] 2017-07-05 17:07:41,616 method:org.apache.http.impl.conn.PoolingHttpClientConnectionManager.releaseConnection(PoolingHttpClientConnectionManager.java:326)
Connection released: [id: 63][route: {}->http://localhost:23176][total kept alive: 0; route allocated: 0 of 2000; total allocated: 0 of 2000]
[DEBUG] 2017-07-05 17:07:42,126 method:org.apache.http.client.protocol.RequestAddCookies.process(RequestAddCookies.java:123)
CookieSpec selected: default
[DEBUG] 2017-07-05 17:07:42,126 method:org.apache.http.client.protocol.RequestAuthCache.process(RequestAuthCache.java:77)
Auth cache not set in the context
[DEBUG] 2017-07-05 17:07:42,126 method:org.apache.http.impl.conn.PoolingHttpClientConnectionManager.requestConnection(PoolingHttpClientConnectionManager.java:255)
Connection request: [route: {}->http://localhost:23176][total kept alive: 0; route allocated: 0 of 2000; total allocated: 0 of 2000]
[DEBUG] 2017-07-05 17:07:42,126 method:org.apache.http.impl.conn.PoolingHttpClientConnectionManager.leaseConnection(PoolingHttpClientConnectionManager.java:288)
Connection leased: [id: 64][route: {}->http://localhost:23176][total kept alive: 0; route allocated: 1 of 2000; total allocated: 1 of 2000]
[DEBUG] 2017-07-05 17:07:42,126 method:org.apache.http.impl.execchain.MainClientExec.execute(MainClientExec.java:235)
Opening connection {}->http://localhost:23176
[DEBUG] 2017-07-05 17:07:42,126 method:org.apache.http.impl.conn.DefaultHttpClientConnectionOperator.connect(DefaultHttpClientConnectionOperator.java:139)
Connecting to localhost/127.0.0.1:23176
[DEBUG] 2017-07-05 17:07:42,126 method:org.apache.http.impl.conn.DefaultHttpClientConnectionOperator.connect(DefaultHttpClientConnectionOperator.java:146)
Connection established 127.0.0.1:59787<->127.0.0.1:23176
[DEBUG] 2017-07-05 17:07:42,126 method:org.apache.http.impl.conn.LoggingManagedHttpClientConnection.setSocketTimeout(LoggingManagedHttpClientConnection.java:88)
http-outgoing-64: set socket timeout to 10800000
[DEBUG] 2017-07-05 17:07:42,126 method:org.apache.http.impl.execchain.MainClientExec.execute(MainClientExec.java:256)
Executing request POST /session/408d3c17918aedf77d102f992aa918b8/elements HTTP/1.1
[DEBUG] 2017-07-05 17:07:42,126 method:org.apache.http.impl.execchain.MainClientExec.execute(MainClientExec.java:261)
Target auth state: UNCHALLENGED
[DEBUG] 2017-07-05 17:07:42,126 method:org.apache.http.impl.execchain.MainClientExec.execute(MainClientExec.java:267)
Proxy auth state: UNCHALLENGED
[DEBUG] 2017-07-05 17:07:42,126 method:org.apache.http.impl.conn.LoggingManagedHttpClientConnection.onRequestSubmitted(LoggingManagedHttpClientConnection.java:133)
http-outgoing-64 >> POST /session/408d3c17918aedf77d102f992aa918b8/elements HTTP/1.1
[DEBUG] 2017-07-05 17:07:42,126 method:org.apache.http.impl.conn.LoggingManagedHttpClientConnection.onRequestSubmitted(LoggingManagedHttpClientConnection.java:136)
http-outgoing-64 >> Content-Type: application/json; charset=utf-8
[DEBUG] 2017-07-05 17:07:42,126 method:org.apache.http.impl.conn.LoggingManagedHttpClientConnection.onRequestSubmitted(LoggingManagedHttpClientConnection.java:136)
http-outgoing-64 >> Content-Length: 83
[DEBUG] 2017-07-05 17:07:42,126 method:org.apache.http.impl.conn.LoggingManagedHttpClientConnection.onRequestSubmitted(LoggingManagedHttpClientConnection.java:136)
http-outgoing-64 >> Host: localhost:23176
[DEBUG] 2017-07-05 17:07:42,126 method:org.apache.http.impl.conn.LoggingManagedHttpClientConnection.onRequestSubmitted(LoggingManagedHttpClientConnection.java:136)
http-outgoing-64 >> Connection: Keep-Alive
[DEBUG] 2017-07-05 17:07:42,126 method:org.apache.http.impl.conn.LoggingManagedHttpClientConnection.onRequestSubmitted(LoggingManagedHttpClientConnection.java:136)
http-outgoing-64 >> User-Agent: Apache-HttpClient/4.5.3 (Java/1.8.0_111)
[DEBUG] 2017-07-05 17:07:42,126 method:org.apache.http.impl.conn.LoggingManagedHttpClientConnection.onRequestSubmitted(LoggingManagedHttpClientConnection.java:136)
http-outgoing-64 >> Accept-Encoding: gzip,deflate
[DEBUG] 2017-07-05 17:07:42,126 method:org.apache.http.impl.conn.Wire.wire(Wire.java:73)
http-outgoing-64 >> "POST /session/408d3c17918aedf77d102f992aa918b8/elements HTTP/1.1[\r][\n]"
[DEBUG] 2017-07-05 17:07:42,126 method:org.apache.http.impl.conn.Wire.wire(Wire.java:73)
http-outgoing-64 >> "Content-Type: application/json; charset=utf-8[\r][\n]"
[DEBUG] 2017-07-05 17:07:42,126 method:org.apache.http.impl.conn.Wire.wire(Wire.java:73)
http-outgoing-64 >> "Content-Length: 83[\r][\n]"
[DEBUG] 2017-07-05 17:07:42,126 method:org.apache.http.impl.conn.Wire.wire(Wire.java:73)
http-outgoing-64 >> "Host: localhost:23176[\r][\n]"
[DEBUG] 2017-07-05 17:07:42,126 method:org.apache.http.impl.conn.Wire.wire(Wire.java:73)
http-outgoing-64 >> "Connection: Keep-Alive[\r][\n]"
[DEBUG] 2017-07-05 17:07:42,126 method:org.apache.http.impl.conn.Wire.wire(Wire.java:73)
http-outgoing-64 >> "User-Agent: Apache-HttpClient/4.5.3 (Java/1.8.0_111)[\r][\n]"
[DEBUG] 2017-07-05 17:07:42,126 method:org.apache.http.impl.conn.Wire.wire(Wire.java:73)
http-outgoing-64 >> "Accept-Encoding: gzip,deflate[\r][\n]"
[DEBUG] 2017-07-05 17:07:42,126 method:org.apache.http.impl.conn.Wire.wire(Wire.java:73)
http-outgoing-64 >> "[\r][\n]"
[DEBUG] 2017-07-05 17:07:42,126 method:org.apache.http.impl.conn.Wire.wire(Wire.java:87)
http-outgoing-64 >> "{"using":"xpath","value":"//*[@id=\"wiseoper-content\"]/div[3]/div/div[1]/span[3]"}"
[DEBUG] 2017-07-05 17:07:42,126 method:org.apache.http.impl.conn.Wire.wire(Wire.java:73)
http-outgoing-64 << "HTTP/1.1 200 OK[\r][\n]"
[DEBUG] 2017-07-05 17:07:42,126 method:org.apache.http.impl.conn.Wire.wire(Wire.java:73)
http-outgoing-64 << "Content-Length:70[\r][\n]"
[DEBUG] 2017-07-05 17:07:42,126 method:org.apache.http.impl.conn.Wire.wire(Wire.java:73)
http-outgoing-64 << "Content-Type:application/json; charset=utf-8[\r][\n]"
[DEBUG] 2017-07-05 17:07:42,126 method:org.apache.http.impl.conn.Wire.wire(Wire.java:73)
http-outgoing-64 << "Connection:close[\r][\n]"
[DEBUG] 2017-07-05 17:07:42,126 method:org.apache.http.impl.conn.Wire.wire(Wire.java:73)
http-outgoing-64 << "[\r][\n]"
[DEBUG] 2017-07-05 17:07:42,126 method:org.apache.http.impl.conn.Wire.wire(Wire.java:87)
http-outgoing-64 << "{"sessionId":"408d3c17918aedf77d102f992aa918b8","status":0,"value":[]}"
[DEBUG] 2017-07-05 17:07:42,126 method:org.apache.http.impl.conn.LoggingManagedHttpClientConnection.onResponseReceived(LoggingManagedHttpClientConnection.java:122)
http-outgoing-64 << HTTP/1.1 200 OK
[DEBUG] 2017-07-05 17:07:42,142 method:org.apache.http.impl.conn.LoggingManagedHttpClientConnection.onResponseReceived(LoggingManagedHttpClientConnection.java:125)
http-outgoing-64 << Content-Length:70
[DEBUG] 2017-07-05 17:07:42,142 method:org.apache.http.impl.conn.LoggingManagedHttpClientConnection.onResponseReceived(LoggingManagedHttpClientConnection.java:125)
http-outgoing-64 << Content-Type:application/json; charset=utf-8
[DEBUG] 2017-07-05 17:07:42,142 method:org.apache.http.impl.conn.LoggingManagedHttpClientConnection.onResponseReceived(LoggingManagedHttpClientConnection.java:125)
http-outgoing-64 << Connection:close
[DEBUG] 2017-07-05 17:07:42,142 method:org.apache.http.impl.conn.LoggingManagedHttpClientConnection.close(LoggingManagedHttpClientConnection.java:79)
http-outgoing-64: Close connection
[DEBUG] 2017-07-05 17:07:42,142 method:org.apache.http.impl.execchain.ConnectionHolder.releaseConnection(ConnectionHolder.java:104)
Connection discarded
[DEBUG] 2017-07-05 17:07:42,142 method:org.apache.http.impl.conn.PoolingHttpClientConnectionManager.releaseConnection(PoolingHttpClientConnectionManager.java:326)
Connection released: [id: 64][route: {}->http://localhost:23176][total kept alive: 0; route allocated: 0 of 2000; total allocated: 0 of 2000]
[DEBUG] 2017-07-05 17:07:42,645 method:org.apache.http.client.protocol.RequestAddCookies.process(RequestAddCookies.java:123)
CookieSpec selected: default
[DEBUG] 2017-07-05 17:07:42,646 method:org.apache.http.client.protocol.RequestAuthCache.process(RequestAuthCache.java:77)
Auth cache not set in the context
[DEBUG] 2017-07-05 17:07:42,647 method:org.apache.http.impl.conn.PoolingHttpClientConnectionManager.requestConnection(PoolingHttpClientConnectionManager.java:255)
Connection request: [route: {}->http://localhost:23176][total kept alive: 0; route allocated: 0 of 2000; total allocated: 0 of 2000]
[DEBUG] 2017-07-05 17:07:42,647 method:org.apache.http.impl.conn.PoolingHttpClientConnectionManager.leaseConnection(PoolingHttpClientConnectionManager.java:288)
Connection leased: [id: 65][route: {}->http://localhost:23176][total kept alive: 0; route allocated: 1 of 2000; total allocated: 1 of 2000]
[DEBUG] 2017-07-05 17:07:42,648 method:org.apache.http.impl.execchain.MainClientExec.execute(MainClientExec.java:235)
Opening connection {}->http://localhost:23176
[DEBUG] 2017-07-05 17:07:42,648 method:org.apache.http.impl.conn.DefaultHttpClientConnectionOperator.connect(DefaultHttpClientConnectionOperator.java:139)
Connecting to localhost/127.0.0.1:23176
[DEBUG] 2017-07-05 17:07:42,650 method:org.apache.http.impl.conn.DefaultHttpClientConnectionOperator.connect(DefaultHttpClientConnectionOperator.java:146)
Connection established 127.0.0.1:59788<->127.0.0.1:23176
[DEBUG] 2017-07-05 17:07:42,650 method:org.apache.http.impl.conn.LoggingManagedHttpClientConnection.setSocketTimeout(LoggingManagedHttpClientConnection.java:88)
http-outgoing-65: set socket timeout to 10800000
[DEBUG] 2017-07-05 17:07:42,651 method:org.apache.http.impl.execchain.MainClientExec.execute(MainClientExec.java:256)
Executing request POST /session/408d3c17918aedf77d102f992aa918b8/elements HTTP/1.1
[DEBUG] 2017-07-05 17:07:42,651 method:org.apache.http.impl.execchain.MainClientExec.execute(MainClientExec.java:261)
Target auth state: UNCHALLENGED
[DEBUG] 2017-07-05 17:07:42,651 method:org.apache.http.impl.execchain.MainClientExec.execute(MainClientExec.java:267)
Proxy auth state: UNCHALLENGED
[DEBUG] 2017-07-05 17:07:42,652 method:org.apache.http.impl.conn.LoggingManagedHttpClientConnection.onRequestSubmitted(LoggingManagedHttpClientConnection.java:133)
http-outgoing-65 >> POST /session/408d3c17918aedf77d102f992aa918b8/elements HTTP/1.1
[DEBUG] 2017-07-05 17:07:42,652 method:org.apache.http.impl.conn.LoggingManagedHttpClientConnection.onRequestSubmitted(LoggingManagedHttpClientConnection.java:136)
http-outgoing-65 >> Content-Type: application/json; charset=utf-8
[DEBUG] 2017-07-05 17:07:42,653 method:org.apache.http.impl.conn.LoggingManagedHttpClientConnection.onRequestSubmitted(LoggingManagedHttpClientConnection.java:136)
http-outgoing-65 >> Content-Length: 83
[DEBUG] 2017-07-05 17:07:42,653 method:org.apache.http.impl.conn.LoggingManagedHttpClientConnection.onRequestSubmitted(LoggingManagedHttpClientConnection.java:136)
http-outgoing-65 >> Host: localhost:23176
[DEBUG] 2017-07-05 17:07:42,653 method:org.apache.http.impl.conn.LoggingManagedHttpClientConnection.onRequestSubmitted(LoggingManagedHttpClientConnection.java:136)
http-outgoing-65 >> Connection: Keep-Alive
[DEBUG] 2017-07-05 17:07:42,654 method:org.apache.http.impl.conn.LoggingManagedHttpClientConnection.onRequestSubmitted(LoggingManagedHttpClientConnection.java:136)
http-outgoing-65 >> User-Agent: Apache-HttpClient/4.5.3 (Java/1.8.0_111)
[DEBUG] 2017-07-05 17:07:42,654 method:org.apache.http.impl.conn.LoggingManagedHttpClientConnection.onRequestSubmitted(LoggingManagedHttpClientConnection.java:136)
http-outgoing-65 >> Accept-Encoding: gzip,deflate
[DEBUG] 2017-07-05 17:07:42,655 method:org.apache.http.impl.conn.Wire.wire(Wire.java:73)
http-outgoing-65 >> "POST /session/408d3c17918aedf77d102f992aa918b8/elements HTTP/1.1[\r][\n]"
[DEBUG] 2017-07-05 17:07:42,655 method:org.apache.http.impl.conn.Wire.wire(Wire.java:73)
http-outgoing-65 >> "Content-Type: application/json; charset=utf-8[\r][\n]"
[DEBUG] 2017-07-05 17:07:42,655 method:org.apache.http.impl.conn.Wire.wire(Wire.java:73)
http-outgoing-65 >> "Content-Length: 83[\r][\n]"
[DEBUG] 2017-07-05 17:07:42,656 method:org.apache.http.impl.conn.Wire.wire(Wire.java:73)
http-outgoing-65 >> "Host: localhost:23176[\r][\n]"
[DEBUG] 2017-07-05 17:07:42,656 method:org.apache.http.impl.conn.Wire.wire(Wire.java:73)
http-outgoing-65 >> "Connection: Keep-Alive[\r][\n]"
[DEBUG] 2017-07-05 17:07:42,656 method:org.apache.http.impl.conn.Wire.wire(Wire.java:73)
http-outgoing-65 >> "User-Agent: Apache-HttpClient/4.5.3 (Java/1.8.0_111)[\r][\n]"
[DEBUG] 2017-07-05 17:07:42,657 method:org.apache.http.impl.conn.Wire.wire(Wire.java:73)
http-outgoing-65 >> "Accept-Encoding: gzip,deflate[\r][\n]"
[DEBUG] 2017-07-05 17:07:42,657 method:org.apache.http.impl.conn.Wire.wire(Wire.java:73)
http-outgoing-65 >> "[\r][\n]"
[DEBUG] 2017-07-05 17:07:42,657 method:org.apache.http.impl.conn.Wire.wire(Wire.java:87)
http-outgoing-65 >> "{"using":"xpath","value":"//*[@id=\"wiseoper-content\"]/div[3]/div/div[1]/span[3]"}"
[DEBUG] 2017-07-05 17:07:42,671 method:org.apache.http.impl.conn.Wire.wire(Wire.java:73)
http-outgoing-65 << "HTTP/1.1 200 OK[\r][\n]"
[DEBUG] 2017-07-05 17:07:42,671 method:org.apache.http.impl.conn.Wire.wire(Wire.java:73)
http-outgoing-65 << "Content-Length:70[\r][\n]"
[DEBUG] 2017-07-05 17:07:42,671 method:org.apache.http.impl.conn.Wire.wire(Wire.java:73)
http-outgoing-65 << "Content-Type:application/json; charset=utf-8[\r][\n]"
[DEBUG] 2017-07-05 17:07:42,672 method:org.apache.http.impl.conn.Wire.wire(Wire.java:73)
http-outgoing-65 << "Connection:close[\r][\n]"
[DEBUG] 2017-07-05 17:07:42,672 method:org.apache.http.impl.conn.Wire.wire(Wire.java:73)
http-outgoing-65 << "[\r][\n]"
[DEBUG] 2017-07-05 17:07:42,672 method:org.apache.http.impl.conn.Wire.wire(Wire.java:87)
http-outgoing-65 << "{"sessionId":"408d3c17918aedf77d102f992aa918b8","status":0,"value":[]}"
[DEBUG] 2017-07-05 17:07:42,672 method:org.apache.http.impl.conn.LoggingManagedHttpClientConnection.onResponseReceived(LoggingManagedHttpClientConnection.java:122)
http-outgoing-65 << HTTP/1.1 200 OK
[DEBUG] 2017-07-05 17:07:42,672 method:org.apache.http.impl.conn.LoggingManagedHttpClientConnection.onResponseReceived(LoggingManagedHttpClientConnection.java:125)
http-outgoing-65 << Content-Length:70
[DEBUG] 2017-07-05 17:07:42,672 method:org.apache.http.impl.conn.LoggingManagedHttpClientConnection.onResponseReceived(LoggingManagedHttpClientConnection.java:125)
http-outgoing-65 << Content-Type:application/json; charset=utf-8
[DEBUG] 2017-07-05 17:07:42,673 method:org.apache.http.impl.conn.LoggingManagedHttpClientConnection.onResponseReceived(LoggingManagedHttpClientConnection.java:125)
http-outgoing-65 << Connection:close
[DEBUG] 2017-07-05 17:07:42,673 method:org.apache.http.impl.conn.LoggingManagedHttpClientConnection.close(LoggingManagedHttpClientConnection.java:79)
http-outgoing-65: Close connection
[DEBUG] 2017-07-05 17:07:42,673 method:org.apache.http.impl.execchain.ConnectionHolder.releaseConnection(ConnectionHolder.java:104)
Connection discarded
[DEBUG] 2017-07-05 17:07:42,673 method:org.apache.http.impl.conn.PoolingHttpClientConnectionManager.releaseConnection(PoolingHttpClientConnectionManager.java:326)
Connection released: [id: 65][route: {}->http://localhost:23176][total kept alive: 0; route allocated: 0 of 2000; total allocated: 0 of 2000]
]]></system-out>
    <system-err><![CDATA[Starting ChromeDriver 2.29.461591 (62ebf098771772160f391d75e589dc567915b233) on port 23176
Only local connections are allowed.
七月 05, 2017 5:07:11 下午 org.openqa.selenium.remote.ProtocolHandshake createSession
信息: Detected dialect: OSS
]]></system-err>
  </testcase>
</testsuite>