<?xml version="1.0" encoding="UTF-8"?>
<!-- Generated by org.testng.reporters.JUnitReportReporter -->
<testsuite skipped="0" hostname="4CV65290DX" name="test.LoginPageTest" tests="1" failures="0" timestamp="23 五月 2017 09:06:22 GMT" time="4.921" errors="0">
  <testcase name="testLogin" time="4.921" classname="test.LoginPageTest"/>
</testsuite> <!-- test.LoginPageTest -->
