<?xml version="1.0" encoding="UTF-8"?>
<!-- Generated by org.testng.reporters.JUnitReportReporter -->
<testsuite skipped="0" hostname="4CV65290DX" name="com.shark.selenium.MyinfoPageTest" tests="1" failures="0" timestamp="23 五月 2017 08:53:53 GMT" time="6.834" errors="0">
  <testcase name="testMyInfo" time="6.834" classname="com.shark.selenium.MyinfoPageTest"/>
</testsuite> <!-- com.shark.selenium.MyinfoPageTest -->
