<?xml version="1.0" encoding="UTF-8"?>
<!-- Generated by org.testng.reporters.JUnitReportReporter -->
<testsuite skipped="0" hostname="4CV65290DX" name="test.LoginTest" tests="1" failures="0" timestamp="05 Jul 2017 09:48:16 GMT" time="7.915" errors="0">
  <testcase name="testLogin" time="7.915" classname="test.LoginTest"/>
</testsuite> <!-- test.LoginTest -->
