<?xml version="1.0" encoding="UTF-8"?>
<!-- Generated by org.testng.reporters.JUnitReportReporter -->
<testsuite skipped="0" hostname="4CV65290DX" name="com.shark.selenium.LoginPageTest" tests="1" failures="0" timestamp="23 五月 2017 08:53:53 GMT" time="5.381" errors="0">
  <testcase name="testLogin" time="5.381" classname="com.shark.selenium.LoginPageTest"/>
</testsuite> <!-- com.shark.selenium.LoginPageTest -->
